[2025-04-03T18:03:58.991+0000] {processor.py:186} INFO - Started process (PID=65) to work on /opt/airflow/dags/bank_transactions.py
[2025-04-03T18:03:58.992+0000] {processor.py:914} INFO - Processing file /opt/airflow/dags/bank_transactions.py for tasks to queue
[2025-04-03T18:03:58.995+0000] {logging_mixin.py:190} INFO - [2025-04-03T18:03:58.995+0000] {dagbag.py:588} INFO - Filling up the DagBag from /opt/airflow/dags/bank_transactions.py
[2025-04-03T18:04:00.863+0000] {processor.py:925} INFO - DAG(s) 'pyspark_test_work' retrieved from /opt/airflow/dags/bank_transactions.py
[2025-04-03T18:04:00.908+0000] {logging_mixin.py:190} INFO - [2025-04-03T18:04:00.907+0000] {dag.py:3239} INFO - Sync 1 DAGs
[2025-04-03T18:04:00.935+0000] {logging_mixin.py:190} INFO - [2025-04-03T18:04:00.934+0000] {dag.py:4180} INFO - Setting next_dagrun for pyspark_test_work to None, run_after=None
[2025-04-03T18:04:00.959+0000] {processor.py:208} INFO - Processing /opt/airflow/dags/bank_transactions.py took 1.977 seconds
[2025-04-03T18:04:31.203+0000] {processor.py:186} INFO - Started process (PID=78) to work on /opt/airflow/dags/bank_transactions.py
[2025-04-03T18:04:31.204+0000] {processor.py:914} INFO - Processing file /opt/airflow/dags/bank_transactions.py for tasks to queue
[2025-04-03T18:04:31.211+0000] {logging_mixin.py:190} INFO - [2025-04-03T18:04:31.211+0000] {dagbag.py:588} INFO - Filling up the DagBag from /opt/airflow/dags/bank_transactions.py
[2025-04-03T18:04:32.174+0000] {processor.py:925} INFO - DAG(s) 'pyspark_test_work' retrieved from /opt/airflow/dags/bank_transactions.py
[2025-04-03T18:04:32.202+0000] {logging_mixin.py:190} INFO - [2025-04-03T18:04:32.201+0000] {dag.py:3239} INFO - Sync 1 DAGs
[2025-04-03T18:04:32.221+0000] {logging_mixin.py:190} INFO - [2025-04-03T18:04:32.220+0000] {dag.py:4180} INFO - Setting next_dagrun for pyspark_test_work to None, run_after=None
[2025-04-03T18:04:32.244+0000] {processor.py:208} INFO - Processing /opt/airflow/dags/bank_transactions.py took 1.049 seconds
[2025-04-03T18:05:02.439+0000] {processor.py:186} INFO - Started process (PID=91) to work on /opt/airflow/dags/bank_transactions.py
[2025-04-03T18:05:02.443+0000] {processor.py:914} INFO - Processing file /opt/airflow/dags/bank_transactions.py for tasks to queue
[2025-04-03T18:05:02.446+0000] {logging_mixin.py:190} INFO - [2025-04-03T18:05:02.446+0000] {dagbag.py:588} INFO - Filling up the DagBag from /opt/airflow/dags/bank_transactions.py
[2025-04-03T18:05:03.441+0000] {processor.py:925} INFO - DAG(s) 'pyspark_test_work' retrieved from /opt/airflow/dags/bank_transactions.py
[2025-04-03T18:05:03.462+0000] {logging_mixin.py:190} INFO - [2025-04-03T18:05:03.462+0000] {dag.py:3239} INFO - Sync 1 DAGs
[2025-04-03T18:05:03.477+0000] {logging_mixin.py:190} INFO - [2025-04-03T18:05:03.477+0000] {dag.py:4180} INFO - Setting next_dagrun for pyspark_test_work to None, run_after=None
[2025-04-03T18:05:03.495+0000] {processor.py:208} INFO - Processing /opt/airflow/dags/bank_transactions.py took 1.065 seconds
[2025-04-03T18:05:34.426+0000] {processor.py:186} INFO - Started process (PID=104) to work on /opt/airflow/dags/bank_transactions.py
[2025-04-03T18:05:34.428+0000] {processor.py:914} INFO - Processing file /opt/airflow/dags/bank_transactions.py for tasks to queue
[2025-04-03T18:05:34.432+0000] {logging_mixin.py:190} INFO - [2025-04-03T18:05:34.431+0000] {dagbag.py:588} INFO - Filling up the DagBag from /opt/airflow/dags/bank_transactions.py
[2025-04-03T18:05:35.665+0000] {processor.py:925} INFO - DAG(s) 'pyspark_test_work' retrieved from /opt/airflow/dags/bank_transactions.py
[2025-04-03T18:05:35.700+0000] {logging_mixin.py:190} INFO - [2025-04-03T18:05:35.699+0000] {dag.py:3239} INFO - Sync 1 DAGs
[2025-04-03T18:05:35.721+0000] {logging_mixin.py:190} INFO - [2025-04-03T18:05:35.721+0000] {dag.py:4180} INFO - Setting next_dagrun for pyspark_test_work to None, run_after=None
[2025-04-03T18:05:35.746+0000] {processor.py:208} INFO - Processing /opt/airflow/dags/bank_transactions.py took 1.329 seconds
[2025-04-03T18:06:06.728+0000] {processor.py:186} INFO - Started process (PID=117) to work on /opt/airflow/dags/bank_transactions.py
[2025-04-03T18:06:06.730+0000] {processor.py:914} INFO - Processing file /opt/airflow/dags/bank_transactions.py for tasks to queue
[2025-04-03T18:06:06.733+0000] {logging_mixin.py:190} INFO - [2025-04-03T18:06:06.733+0000] {dagbag.py:588} INFO - Filling up the DagBag from /opt/airflow/dags/bank_transactions.py
[2025-04-03T18:06:08.155+0000] {processor.py:925} INFO - DAG(s) 'pyspark_test_work' retrieved from /opt/airflow/dags/bank_transactions.py
[2025-04-03T18:06:08.185+0000] {logging_mixin.py:190} INFO - [2025-04-03T18:06:08.185+0000] {dag.py:3239} INFO - Sync 1 DAGs
[2025-04-03T18:06:08.205+0000] {logging_mixin.py:190} INFO - [2025-04-03T18:06:08.205+0000] {dag.py:4180} INFO - Setting next_dagrun for pyspark_test_work to None, run_after=None
[2025-04-03T18:06:08.227+0000] {processor.py:208} INFO - Processing /opt/airflow/dags/bank_transactions.py took 1.508 seconds
[2025-04-03T18:06:38.461+0000] {processor.py:186} INFO - Started process (PID=130) to work on /opt/airflow/dags/bank_transactions.py
[2025-04-03T18:06:38.462+0000] {processor.py:914} INFO - Processing file /opt/airflow/dags/bank_transactions.py for tasks to queue
[2025-04-03T18:06:38.465+0000] {logging_mixin.py:190} INFO - [2025-04-03T18:06:38.465+0000] {dagbag.py:588} INFO - Filling up the DagBag from /opt/airflow/dags/bank_transactions.py
[2025-04-03T18:06:39.770+0000] {processor.py:925} INFO - DAG(s) 'pyspark_test_work' retrieved from /opt/airflow/dags/bank_transactions.py
[2025-04-03T18:06:39.799+0000] {logging_mixin.py:190} INFO - [2025-04-03T18:06:39.798+0000] {dag.py:3239} INFO - Sync 1 DAGs
[2025-04-03T18:06:39.818+0000] {logging_mixin.py:190} INFO - [2025-04-03T18:06:39.818+0000] {dag.py:4180} INFO - Setting next_dagrun for pyspark_test_work to None, run_after=None
[2025-04-03T18:06:39.842+0000] {processor.py:208} INFO - Processing /opt/airflow/dags/bank_transactions.py took 1.388 seconds
[2025-04-03T18:07:09.910+0000] {processor.py:186} INFO - Started process (PID=143) to work on /opt/airflow/dags/bank_transactions.py
[2025-04-03T18:07:09.911+0000] {processor.py:914} INFO - Processing file /opt/airflow/dags/bank_transactions.py for tasks to queue
[2025-04-03T18:07:09.914+0000] {logging_mixin.py:190} INFO - [2025-04-03T18:07:09.914+0000] {dagbag.py:588} INFO - Filling up the DagBag from /opt/airflow/dags/bank_transactions.py
[2025-04-03T18:07:10.833+0000] {processor.py:925} INFO - DAG(s) 'pyspark_test_work' retrieved from /opt/airflow/dags/bank_transactions.py
[2025-04-03T18:07:10.856+0000] {logging_mixin.py:190} INFO - [2025-04-03T18:07:10.855+0000] {dag.py:3239} INFO - Sync 1 DAGs
[2025-04-03T18:07:11.008+0000] {logging_mixin.py:190} INFO - [2025-04-03T18:07:11.008+0000] {dag.py:4180} INFO - Setting next_dagrun for pyspark_test_work to None, run_after=None
[2025-04-03T18:07:11.025+0000] {processor.py:208} INFO - Processing /opt/airflow/dags/bank_transactions.py took 1.121 seconds
[2025-04-03T18:07:41.382+0000] {processor.py:186} INFO - Started process (PID=156) to work on /opt/airflow/dags/bank_transactions.py
[2025-04-03T18:07:41.384+0000] {processor.py:914} INFO - Processing file /opt/airflow/dags/bank_transactions.py for tasks to queue
[2025-04-03T18:07:41.386+0000] {logging_mixin.py:190} INFO - [2025-04-03T18:07:41.386+0000] {dagbag.py:588} INFO - Filling up the DagBag from /opt/airflow/dags/bank_transactions.py
[2025-04-03T18:07:42.156+0000] {processor.py:925} INFO - DAG(s) 'pyspark_test_work' retrieved from /opt/airflow/dags/bank_transactions.py
[2025-04-03T18:07:42.185+0000] {logging_mixin.py:190} INFO - [2025-04-03T18:07:42.185+0000] {dag.py:3239} INFO - Sync 1 DAGs
[2025-04-03T18:07:42.401+0000] {logging_mixin.py:190} INFO - [2025-04-03T18:07:42.400+0000] {dag.py:4180} INFO - Setting next_dagrun for pyspark_test_work to None, run_after=None
[2025-04-03T18:07:42.417+0000] {processor.py:208} INFO - Processing /opt/airflow/dags/bank_transactions.py took 1.043 seconds
[2025-04-03T18:08:12.518+0000] {processor.py:186} INFO - Started process (PID=169) to work on /opt/airflow/dags/bank_transactions.py
[2025-04-03T18:08:12.519+0000] {processor.py:914} INFO - Processing file /opt/airflow/dags/bank_transactions.py for tasks to queue
[2025-04-03T18:08:12.522+0000] {logging_mixin.py:190} INFO - [2025-04-03T18:08:12.522+0000] {dagbag.py:588} INFO - Filling up the DagBag from /opt/airflow/dags/bank_transactions.py
[2025-04-03T18:08:13.278+0000] {processor.py:925} INFO - DAG(s) 'pyspark_test_work' retrieved from /opt/airflow/dags/bank_transactions.py
[2025-04-03T18:08:13.492+0000] {logging_mixin.py:190} INFO - [2025-04-03T18:08:13.492+0000] {dag.py:3239} INFO - Sync 1 DAGs
[2025-04-03T18:08:13.505+0000] {logging_mixin.py:190} INFO - [2025-04-03T18:08:13.505+0000] {dag.py:4180} INFO - Setting next_dagrun for pyspark_test_work to None, run_after=None
[2025-04-03T18:08:13.521+0000] {processor.py:208} INFO - Processing /opt/airflow/dags/bank_transactions.py took 1.011 seconds
[2025-04-03T18:08:43.805+0000] {processor.py:186} INFO - Started process (PID=182) to work on /opt/airflow/dags/bank_transactions.py
[2025-04-03T18:08:43.808+0000] {processor.py:914} INFO - Processing file /opt/airflow/dags/bank_transactions.py for tasks to queue
[2025-04-03T18:08:43.811+0000] {logging_mixin.py:190} INFO - [2025-04-03T18:08:43.811+0000] {dagbag.py:588} INFO - Filling up the DagBag from /opt/airflow/dags/bank_transactions.py
[2025-04-03T18:08:44.755+0000] {processor.py:925} INFO - DAG(s) 'pyspark_test_work' retrieved from /opt/airflow/dags/bank_transactions.py
[2025-04-03T18:08:44.776+0000] {logging_mixin.py:190} INFO - [2025-04-03T18:08:44.775+0000] {dag.py:3239} INFO - Sync 1 DAGs
[2025-04-03T18:08:44.789+0000] {logging_mixin.py:190} INFO - [2025-04-03T18:08:44.789+0000] {dag.py:4180} INFO - Setting next_dagrun for pyspark_test_work to None, run_after=None
[2025-04-03T18:08:44.807+0000] {processor.py:208} INFO - Processing /opt/airflow/dags/bank_transactions.py took 1.010 seconds
[2025-04-03T18:09:15.046+0000] {processor.py:186} INFO - Started process (PID=195) to work on /opt/airflow/dags/bank_transactions.py
[2025-04-03T18:09:15.046+0000] {processor.py:914} INFO - Processing file /opt/airflow/dags/bank_transactions.py for tasks to queue
[2025-04-03T18:09:15.050+0000] {logging_mixin.py:190} INFO - [2025-04-03T18:09:15.049+0000] {dagbag.py:588} INFO - Filling up the DagBag from /opt/airflow/dags/bank_transactions.py
[2025-04-03T18:09:15.968+0000] {processor.py:925} INFO - DAG(s) 'pyspark_test_work' retrieved from /opt/airflow/dags/bank_transactions.py
[2025-04-03T18:09:15.989+0000] {logging_mixin.py:190} INFO - [2025-04-03T18:09:15.989+0000] {dag.py:3239} INFO - Sync 1 DAGs
[2025-04-03T18:09:16.002+0000] {logging_mixin.py:190} INFO - [2025-04-03T18:09:16.002+0000] {dag.py:4180} INFO - Setting next_dagrun for pyspark_test_work to None, run_after=None
[2025-04-03T18:09:16.018+0000] {processor.py:208} INFO - Processing /opt/airflow/dags/bank_transactions.py took 0.979 seconds
[2025-04-03T18:09:46.174+0000] {processor.py:186} INFO - Started process (PID=208) to work on /opt/airflow/dags/bank_transactions.py
[2025-04-03T18:09:46.175+0000] {processor.py:914} INFO - Processing file /opt/airflow/dags/bank_transactions.py for tasks to queue
[2025-04-03T18:09:46.177+0000] {logging_mixin.py:190} INFO - [2025-04-03T18:09:46.177+0000] {dagbag.py:588} INFO - Filling up the DagBag from /opt/airflow/dags/bank_transactions.py
[2025-04-03T18:09:46.935+0000] {processor.py:925} INFO - DAG(s) 'pyspark_test_work' retrieved from /opt/airflow/dags/bank_transactions.py
[2025-04-03T18:09:46.961+0000] {logging_mixin.py:190} INFO - [2025-04-03T18:09:46.960+0000] {dag.py:3239} INFO - Sync 1 DAGs
[2025-04-03T18:09:47.163+0000] {logging_mixin.py:190} INFO - [2025-04-03T18:09:47.163+0000] {dag.py:4180} INFO - Setting next_dagrun for pyspark_test_work to None, run_after=None
[2025-04-03T18:09:47.180+0000] {processor.py:208} INFO - Processing /opt/airflow/dags/bank_transactions.py took 1.014 seconds
[2025-04-03T18:10:17.328+0000] {processor.py:186} INFO - Started process (PID=221) to work on /opt/airflow/dags/bank_transactions.py
[2025-04-03T18:10:17.331+0000] {processor.py:914} INFO - Processing file /opt/airflow/dags/bank_transactions.py for tasks to queue
[2025-04-03T18:10:17.334+0000] {logging_mixin.py:190} INFO - [2025-04-03T18:10:17.333+0000] {dagbag.py:588} INFO - Filling up the DagBag from /opt/airflow/dags/bank_transactions.py
[2025-04-03T18:10:18.082+0000] {processor.py:925} INFO - DAG(s) 'pyspark_test_work' retrieved from /opt/airflow/dags/bank_transactions.py
[2025-04-03T18:10:18.107+0000] {logging_mixin.py:190} INFO - [2025-04-03T18:10:18.106+0000] {dag.py:3239} INFO - Sync 1 DAGs
[2025-04-03T18:10:18.310+0000] {logging_mixin.py:190} INFO - [2025-04-03T18:10:18.310+0000] {dag.py:4180} INFO - Setting next_dagrun for pyspark_test_work to None, run_after=None
[2025-04-03T18:10:18.326+0000] {processor.py:208} INFO - Processing /opt/airflow/dags/bank_transactions.py took 1.005 seconds
[2025-04-03T18:10:48.531+0000] {processor.py:186} INFO - Started process (PID=234) to work on /opt/airflow/dags/bank_transactions.py
[2025-04-03T18:10:48.532+0000] {processor.py:914} INFO - Processing file /opt/airflow/dags/bank_transactions.py for tasks to queue
[2025-04-03T18:10:48.535+0000] {logging_mixin.py:190} INFO - [2025-04-03T18:10:48.534+0000] {dagbag.py:588} INFO - Filling up the DagBag from /opt/airflow/dags/bank_transactions.py
[2025-04-03T18:10:49.277+0000] {processor.py:925} INFO - DAG(s) 'pyspark_test_work' retrieved from /opt/airflow/dags/bank_transactions.py
[2025-04-03T18:10:49.489+0000] {logging_mixin.py:190} INFO - [2025-04-03T18:10:49.489+0000] {dag.py:3239} INFO - Sync 1 DAGs
[2025-04-03T18:10:49.502+0000] {logging_mixin.py:190} INFO - [2025-04-03T18:10:49.502+0000] {dag.py:4180} INFO - Setting next_dagrun for pyspark_test_work to None, run_after=None
[2025-04-03T18:10:49.517+0000] {processor.py:208} INFO - Processing /opt/airflow/dags/bank_transactions.py took 0.994 seconds
[2025-04-03T18:11:19.737+0000] {processor.py:186} INFO - Started process (PID=247) to work on /opt/airflow/dags/bank_transactions.py
[2025-04-03T18:11:19.738+0000] {processor.py:914} INFO - Processing file /opt/airflow/dags/bank_transactions.py for tasks to queue
[2025-04-03T18:11:19.741+0000] {logging_mixin.py:190} INFO - [2025-04-03T18:11:19.741+0000] {dagbag.py:588} INFO - Filling up the DagBag from /opt/airflow/dags/bank_transactions.py
[2025-04-03T18:11:20.667+0000] {processor.py:925} INFO - DAG(s) 'pyspark_test_work' retrieved from /opt/airflow/dags/bank_transactions.py
[2025-04-03T18:11:20.687+0000] {logging_mixin.py:190} INFO - [2025-04-03T18:11:20.687+0000] {dag.py:3239} INFO - Sync 1 DAGs
[2025-04-03T18:11:20.701+0000] {logging_mixin.py:190} INFO - [2025-04-03T18:11:20.700+0000] {dag.py:4180} INFO - Setting next_dagrun for pyspark_test_work to None, run_after=None
[2025-04-03T18:11:20.717+0000] {processor.py:208} INFO - Processing /opt/airflow/dags/bank_transactions.py took 0.988 seconds
[2025-04-03T18:11:50.946+0000] {processor.py:186} INFO - Started process (PID=260) to work on /opt/airflow/dags/bank_transactions.py
[2025-04-03T18:11:50.948+0000] {processor.py:914} INFO - Processing file /opt/airflow/dags/bank_transactions.py for tasks to queue
[2025-04-03T18:11:50.950+0000] {logging_mixin.py:190} INFO - [2025-04-03T18:11:50.950+0000] {dagbag.py:588} INFO - Filling up the DagBag from /opt/airflow/dags/bank_transactions.py
[2025-04-03T18:11:51.887+0000] {processor.py:925} INFO - DAG(s) 'pyspark_test_work' retrieved from /opt/airflow/dags/bank_transactions.py
[2025-04-03T18:11:51.908+0000] {logging_mixin.py:190} INFO - [2025-04-03T18:11:51.907+0000] {dag.py:3239} INFO - Sync 1 DAGs
[2025-04-03T18:11:51.921+0000] {logging_mixin.py:190} INFO - [2025-04-03T18:11:51.920+0000] {dag.py:4180} INFO - Setting next_dagrun for pyspark_test_work to None, run_after=None
[2025-04-03T18:11:51.936+0000] {processor.py:208} INFO - Processing /opt/airflow/dags/bank_transactions.py took 0.998 seconds
[2025-04-03T18:12:22.143+0000] {processor.py:186} INFO - Started process (PID=273) to work on /opt/airflow/dags/bank_transactions.py
[2025-04-03T18:12:22.145+0000] {processor.py:914} INFO - Processing file /opt/airflow/dags/bank_transactions.py for tasks to queue
[2025-04-03T18:12:22.148+0000] {logging_mixin.py:190} INFO - [2025-04-03T18:12:22.148+0000] {dagbag.py:588} INFO - Filling up the DagBag from /opt/airflow/dags/bank_transactions.py
[2025-04-03T18:12:22.902+0000] {processor.py:925} INFO - DAG(s) 'pyspark_test_work' retrieved from /opt/airflow/dags/bank_transactions.py
[2025-04-03T18:12:22.927+0000] {logging_mixin.py:190} INFO - [2025-04-03T18:12:22.927+0000] {dag.py:3239} INFO - Sync 1 DAGs
[2025-04-03T18:12:23.136+0000] {logging_mixin.py:190} INFO - [2025-04-03T18:12:23.136+0000] {dag.py:4180} INFO - Setting next_dagrun for pyspark_test_work to None, run_after=None
[2025-04-03T18:12:23.159+0000] {processor.py:208} INFO - Processing /opt/airflow/dags/bank_transactions.py took 1.024 seconds
[2025-04-03T18:12:53.363+0000] {processor.py:186} INFO - Started process (PID=286) to work on /opt/airflow/dags/bank_transactions.py
[2025-04-03T18:12:53.363+0000] {processor.py:914} INFO - Processing file /opt/airflow/dags/bank_transactions.py for tasks to queue
[2025-04-03T18:12:53.366+0000] {logging_mixin.py:190} INFO - [2025-04-03T18:12:53.366+0000] {dagbag.py:588} INFO - Filling up the DagBag from /opt/airflow/dags/bank_transactions.py
[2025-04-03T18:12:54.110+0000] {processor.py:925} INFO - DAG(s) 'pyspark_test_work' retrieved from /opt/airflow/dags/bank_transactions.py
[2025-04-03T18:12:54.136+0000] {logging_mixin.py:190} INFO - [2025-04-03T18:12:54.135+0000] {dag.py:3239} INFO - Sync 1 DAGs
[2025-04-03T18:12:54.337+0000] {logging_mixin.py:190} INFO - [2025-04-03T18:12:54.337+0000] {dag.py:4180} INFO - Setting next_dagrun for pyspark_test_work to None, run_after=None
[2025-04-03T18:12:54.354+0000] {processor.py:208} INFO - Processing /opt/airflow/dags/bank_transactions.py took 0.999 seconds
[2025-04-03T18:13:24.886+0000] {processor.py:186} INFO - Started process (PID=299) to work on /opt/airflow/dags/bank_transactions.py
[2025-04-03T18:13:24.888+0000] {processor.py:914} INFO - Processing file /opt/airflow/dags/bank_transactions.py for tasks to queue
[2025-04-03T18:13:24.891+0000] {logging_mixin.py:190} INFO - [2025-04-03T18:13:24.891+0000] {dagbag.py:588} INFO - Filling up the DagBag from /opt/airflow/dags/bank_transactions.py
[2025-04-03T18:13:25.691+0000] {processor.py:925} INFO - DAG(s) 'pyspark_test_work' retrieved from /opt/airflow/dags/bank_transactions.py
[2025-04-03T18:13:25.929+0000] {logging_mixin.py:190} INFO - [2025-04-03T18:13:25.928+0000] {dag.py:3239} INFO - Sync 1 DAGs
[2025-04-03T18:13:25.948+0000] {logging_mixin.py:190} INFO - [2025-04-03T18:13:25.948+0000] {dag.py:4180} INFO - Setting next_dagrun for pyspark_test_work to None, run_after=None
[2025-04-03T18:13:25.973+0000] {processor.py:208} INFO - Processing /opt/airflow/dags/bank_transactions.py took 1.095 seconds
[2025-04-03T18:13:56.536+0000] {processor.py:186} INFO - Started process (PID=312) to work on /opt/airflow/dags/bank_transactions.py
[2025-04-03T18:13:56.541+0000] {processor.py:914} INFO - Processing file /opt/airflow/dags/bank_transactions.py for tasks to queue
[2025-04-03T18:13:56.544+0000] {logging_mixin.py:190} INFO - [2025-04-03T18:13:56.543+0000] {dagbag.py:588} INFO - Filling up the DagBag from /opt/airflow/dags/bank_transactions.py
[2025-04-03T18:13:57.507+0000] {processor.py:925} INFO - DAG(s) 'pyspark_test_work' retrieved from /opt/airflow/dags/bank_transactions.py
[2025-04-03T18:13:57.531+0000] {logging_mixin.py:190} INFO - [2025-04-03T18:13:57.530+0000] {dag.py:3239} INFO - Sync 1 DAGs
[2025-04-03T18:13:57.544+0000] {logging_mixin.py:190} INFO - [2025-04-03T18:13:57.544+0000] {dag.py:4180} INFO - Setting next_dagrun for pyspark_test_work to None, run_after=None
[2025-04-03T18:13:57.563+0000] {processor.py:208} INFO - Processing /opt/airflow/dags/bank_transactions.py took 1.035 seconds
[2025-04-03T18:27:54.613+0000] {processor.py:186} INFO - Started process (PID=65) to work on /opt/airflow/dags/bank_transactions.py
[2025-04-03T18:27:54.616+0000] {processor.py:914} INFO - Processing file /opt/airflow/dags/bank_transactions.py for tasks to queue
[2025-04-03T18:27:54.620+0000] {logging_mixin.py:190} INFO - [2025-04-03T18:27:54.619+0000] {dagbag.py:588} INFO - Filling up the DagBag from /opt/airflow/dags/bank_transactions.py
[2025-04-03T18:27:56.445+0000] {processor.py:925} INFO - DAG(s) 'pyspark_test_work' retrieved from /opt/airflow/dags/bank_transactions.py
[2025-04-03T18:27:56.489+0000] {logging_mixin.py:190} INFO - [2025-04-03T18:27:56.488+0000] {dag.py:3239} INFO - Sync 1 DAGs
[2025-04-03T18:27:56.515+0000] {logging_mixin.py:190} INFO - [2025-04-03T18:27:56.515+0000] {dag.py:4180} INFO - Setting next_dagrun for pyspark_test_work to None, run_after=None
[2025-04-03T18:27:56.537+0000] {processor.py:208} INFO - Processing /opt/airflow/dags/bank_transactions.py took 1.932 seconds
[2025-04-03T18:28:26.769+0000] {processor.py:186} INFO - Started process (PID=79) to work on /opt/airflow/dags/bank_transactions.py
[2025-04-03T18:28:26.770+0000] {processor.py:914} INFO - Processing file /opt/airflow/dags/bank_transactions.py for tasks to queue
[2025-04-03T18:28:26.776+0000] {logging_mixin.py:190} INFO - [2025-04-03T18:28:26.776+0000] {dagbag.py:588} INFO - Filling up the DagBag from /opt/airflow/dags/bank_transactions.py
[2025-04-03T18:28:27.693+0000] {processor.py:925} INFO - DAG(s) 'pyspark_test_work' retrieved from /opt/airflow/dags/bank_transactions.py
[2025-04-03T18:28:27.716+0000] {logging_mixin.py:190} INFO - [2025-04-03T18:28:27.716+0000] {dag.py:3239} INFO - Sync 1 DAGs
[2025-04-03T18:28:27.731+0000] {logging_mixin.py:190} INFO - [2025-04-03T18:28:27.731+0000] {dag.py:4180} INFO - Setting next_dagrun for pyspark_test_work to None, run_after=None
[2025-04-03T18:28:27.747+0000] {processor.py:208} INFO - Processing /opt/airflow/dags/bank_transactions.py took 0.987 seconds
[2025-04-03T18:28:57.797+0000] {processor.py:186} INFO - Started process (PID=92) to work on /opt/airflow/dags/bank_transactions.py
[2025-04-03T18:28:57.798+0000] {processor.py:914} INFO - Processing file /opt/airflow/dags/bank_transactions.py for tasks to queue
[2025-04-03T18:28:57.801+0000] {logging_mixin.py:190} INFO - [2025-04-03T18:28:57.801+0000] {dagbag.py:588} INFO - Filling up the DagBag from /opt/airflow/dags/bank_transactions.py
[2025-04-03T18:28:58.891+0000] {processor.py:925} INFO - DAG(s) 'pyspark_test_work' retrieved from /opt/airflow/dags/bank_transactions.py
[2025-04-03T18:28:58.921+0000] {logging_mixin.py:190} INFO - [2025-04-03T18:28:58.921+0000] {dag.py:3239} INFO - Sync 1 DAGs
[2025-04-03T18:28:58.942+0000] {logging_mixin.py:190} INFO - [2025-04-03T18:28:58.942+0000] {dag.py:4180} INFO - Setting next_dagrun for pyspark_test_work to None, run_after=None
[2025-04-03T18:28:58.964+0000] {processor.py:208} INFO - Processing /opt/airflow/dags/bank_transactions.py took 1.174 seconds
[2025-04-03T18:29:29.564+0000] {processor.py:186} INFO - Started process (PID=105) to work on /opt/airflow/dags/bank_transactions.py
[2025-04-03T18:29:29.566+0000] {processor.py:914} INFO - Processing file /opt/airflow/dags/bank_transactions.py for tasks to queue
[2025-04-03T18:29:29.570+0000] {logging_mixin.py:190} INFO - [2025-04-03T18:29:29.569+0000] {dagbag.py:588} INFO - Filling up the DagBag from /opt/airflow/dags/bank_transactions.py
[2025-04-03T18:29:31.484+0000] {processor.py:925} INFO - DAG(s) 'pyspark_test_work' retrieved from /opt/airflow/dags/bank_transactions.py
[2025-04-03T18:29:31.553+0000] {logging_mixin.py:190} INFO - [2025-04-03T18:29:31.552+0000] {dag.py:3239} INFO - Sync 1 DAGs
[2025-04-03T18:29:31.602+0000] {logging_mixin.py:190} INFO - [2025-04-03T18:29:31.602+0000] {dag.py:4180} INFO - Setting next_dagrun for pyspark_test_work to None, run_after=None
[2025-04-03T18:29:31.647+0000] {processor.py:208} INFO - Processing /opt/airflow/dags/bank_transactions.py took 2.092 seconds
[2025-04-03T18:30:02.036+0000] {processor.py:186} INFO - Started process (PID=118) to work on /opt/airflow/dags/bank_transactions.py
[2025-04-03T18:30:02.044+0000] {processor.py:914} INFO - Processing file /opt/airflow/dags/bank_transactions.py for tasks to queue
[2025-04-03T18:30:02.048+0000] {logging_mixin.py:190} INFO - [2025-04-03T18:30:02.047+0000] {dagbag.py:588} INFO - Filling up the DagBag from /opt/airflow/dags/bank_transactions.py
[2025-04-03T18:30:03.898+0000] {processor.py:925} INFO - DAG(s) 'pyspark_test_work' retrieved from /opt/airflow/dags/bank_transactions.py
[2025-04-03T18:30:04.004+0000] {logging_mixin.py:190} INFO - [2025-04-03T18:30:04.003+0000] {dag.py:3239} INFO - Sync 1 DAGs
[2025-04-03T18:30:04.047+0000] {logging_mixin.py:190} INFO - [2025-04-03T18:30:04.046+0000] {dag.py:4180} INFO - Setting next_dagrun for pyspark_test_work to None, run_after=None
[2025-04-03T18:30:04.115+0000] {processor.py:208} INFO - Processing /opt/airflow/dags/bank_transactions.py took 2.098 seconds
[2025-04-03T18:30:34.826+0000] {processor.py:186} INFO - Started process (PID=131) to work on /opt/airflow/dags/bank_transactions.py
[2025-04-03T18:30:34.827+0000] {processor.py:914} INFO - Processing file /opt/airflow/dags/bank_transactions.py for tasks to queue
[2025-04-03T18:30:34.830+0000] {logging_mixin.py:190} INFO - [2025-04-03T18:30:34.830+0000] {dagbag.py:588} INFO - Filling up the DagBag from /opt/airflow/dags/bank_transactions.py
[2025-04-03T18:30:35.759+0000] {processor.py:925} INFO - DAG(s) 'pyspark_test_work' retrieved from /opt/airflow/dags/bank_transactions.py
[2025-04-03T18:30:35.781+0000] {logging_mixin.py:190} INFO - [2025-04-03T18:30:35.780+0000] {dag.py:3239} INFO - Sync 1 DAGs
[2025-04-03T18:30:35.794+0000] {logging_mixin.py:190} INFO - [2025-04-03T18:30:35.794+0000] {dag.py:4180} INFO - Setting next_dagrun for pyspark_test_work to None, run_after=None
[2025-04-03T18:30:35.810+0000] {processor.py:208} INFO - Processing /opt/airflow/dags/bank_transactions.py took 0.991 seconds
[2025-04-03T18:31:06.351+0000] {processor.py:186} INFO - Started process (PID=144) to work on /opt/airflow/dags/bank_transactions.py
[2025-04-03T18:31:06.353+0000] {processor.py:914} INFO - Processing file /opt/airflow/dags/bank_transactions.py for tasks to queue
[2025-04-03T18:31:06.355+0000] {logging_mixin.py:190} INFO - [2025-04-03T18:31:06.355+0000] {dagbag.py:588} INFO - Filling up the DagBag from /opt/airflow/dags/bank_transactions.py
[2025-04-03T18:31:07.315+0000] {processor.py:925} INFO - DAG(s) 'pyspark_test_work' retrieved from /opt/airflow/dags/bank_transactions.py
[2025-04-03T18:31:07.344+0000] {logging_mixin.py:190} INFO - [2025-04-03T18:31:07.343+0000] {dag.py:3239} INFO - Sync 1 DAGs
[2025-04-03T18:31:07.556+0000] {logging_mixin.py:190} INFO - [2025-04-03T18:31:07.556+0000] {dag.py:4180} INFO - Setting next_dagrun for pyspark_test_work to None, run_after=None
[2025-04-03T18:31:07.578+0000] {processor.py:208} INFO - Processing /opt/airflow/dags/bank_transactions.py took 1.234 seconds
[2025-04-03T18:31:38.119+0000] {processor.py:186} INFO - Started process (PID=157) to work on /opt/airflow/dags/bank_transactions.py
[2025-04-03T18:31:38.126+0000] {processor.py:914} INFO - Processing file /opt/airflow/dags/bank_transactions.py for tasks to queue
[2025-04-03T18:31:38.129+0000] {logging_mixin.py:190} INFO - [2025-04-03T18:31:38.129+0000] {dagbag.py:588} INFO - Filling up the DagBag from /opt/airflow/dags/bank_transactions.py
[2025-04-03T18:31:38.871+0000] {processor.py:925} INFO - DAG(s) 'pyspark_test_work' retrieved from /opt/airflow/dags/bank_transactions.py
[2025-04-03T18:31:38.897+0000] {logging_mixin.py:190} INFO - [2025-04-03T18:31:38.897+0000] {dag.py:3239} INFO - Sync 1 DAGs
[2025-04-03T18:31:39.102+0000] {logging_mixin.py:190} INFO - [2025-04-03T18:31:39.102+0000] {dag.py:4180} INFO - Setting next_dagrun for pyspark_test_work to None, run_after=None
[2025-04-03T18:31:39.119+0000] {processor.py:208} INFO - Processing /opt/airflow/dags/bank_transactions.py took 1.009 seconds
[2025-04-03T18:32:09.322+0000] {processor.py:186} INFO - Started process (PID=170) to work on /opt/airflow/dags/bank_transactions.py
[2025-04-03T18:32:09.323+0000] {processor.py:914} INFO - Processing file /opt/airflow/dags/bank_transactions.py for tasks to queue
[2025-04-03T18:32:09.326+0000] {logging_mixin.py:190} INFO - [2025-04-03T18:32:09.326+0000] {dagbag.py:588} INFO - Filling up the DagBag from /opt/airflow/dags/bank_transactions.py
[2025-04-03T18:32:10.077+0000] {processor.py:925} INFO - DAG(s) 'pyspark_test_work' retrieved from /opt/airflow/dags/bank_transactions.py
[2025-04-03T18:32:10.295+0000] {logging_mixin.py:190} INFO - [2025-04-03T18:32:10.294+0000] {dag.py:3239} INFO - Sync 1 DAGs
[2025-04-03T18:32:10.308+0000] {logging_mixin.py:190} INFO - [2025-04-03T18:32:10.307+0000] {dag.py:4180} INFO - Setting next_dagrun for pyspark_test_work to None, run_after=None
[2025-04-03T18:32:10.324+0000] {processor.py:208} INFO - Processing /opt/airflow/dags/bank_transactions.py took 1.009 seconds
[2025-04-03T18:32:40.536+0000] {processor.py:186} INFO - Started process (PID=183) to work on /opt/airflow/dags/bank_transactions.py
[2025-04-03T18:32:40.537+0000] {processor.py:914} INFO - Processing file /opt/airflow/dags/bank_transactions.py for tasks to queue
[2025-04-03T18:32:40.540+0000] {logging_mixin.py:190} INFO - [2025-04-03T18:32:40.540+0000] {dagbag.py:588} INFO - Filling up the DagBag from /opt/airflow/dags/bank_transactions.py
[2025-04-03T18:32:41.492+0000] {processor.py:925} INFO - DAG(s) 'pyspark_test_work' retrieved from /opt/airflow/dags/bank_transactions.py
[2025-04-03T18:32:41.513+0000] {logging_mixin.py:190} INFO - [2025-04-03T18:32:41.512+0000] {dag.py:3239} INFO - Sync 1 DAGs
[2025-04-03T18:32:41.525+0000] {logging_mixin.py:190} INFO - [2025-04-03T18:32:41.525+0000] {dag.py:4180} INFO - Setting next_dagrun for pyspark_test_work to None, run_after=None
[2025-04-03T18:32:41.541+0000] {processor.py:208} INFO - Processing /opt/airflow/dags/bank_transactions.py took 1.013 seconds
[2025-04-03T18:33:11.753+0000] {processor.py:186} INFO - Started process (PID=196) to work on /opt/airflow/dags/bank_transactions.py
[2025-04-03T18:33:11.754+0000] {processor.py:914} INFO - Processing file /opt/airflow/dags/bank_transactions.py for tasks to queue
[2025-04-03T18:33:11.757+0000] {logging_mixin.py:190} INFO - [2025-04-03T18:33:11.757+0000] {dagbag.py:588} INFO - Filling up the DagBag from /opt/airflow/dags/bank_transactions.py
[2025-04-03T18:33:12.696+0000] {processor.py:925} INFO - DAG(s) 'pyspark_test_work' retrieved from /opt/airflow/dags/bank_transactions.py
[2025-04-03T18:33:12.718+0000] {logging_mixin.py:190} INFO - [2025-04-03T18:33:12.717+0000] {dag.py:3239} INFO - Sync 1 DAGs
[2025-04-03T18:33:12.731+0000] {logging_mixin.py:190} INFO - [2025-04-03T18:33:12.731+0000] {dag.py:4180} INFO - Setting next_dagrun for pyspark_test_work to None, run_after=None
[2025-04-03T18:33:12.748+0000] {processor.py:208} INFO - Processing /opt/airflow/dags/bank_transactions.py took 1.002 seconds
[2025-04-03T18:33:42.993+0000] {processor.py:186} INFO - Started process (PID=209) to work on /opt/airflow/dags/bank_transactions.py
[2025-04-03T18:33:42.994+0000] {processor.py:914} INFO - Processing file /opt/airflow/dags/bank_transactions.py for tasks to queue
[2025-04-03T18:33:42.997+0000] {logging_mixin.py:190} INFO - [2025-04-03T18:33:42.997+0000] {dagbag.py:588} INFO - Filling up the DagBag from /opt/airflow/dags/bank_transactions.py
[2025-04-03T18:33:43.743+0000] {processor.py:925} INFO - DAG(s) 'pyspark_test_work' retrieved from /opt/airflow/dags/bank_transactions.py
[2025-04-03T18:33:43.769+0000] {logging_mixin.py:190} INFO - [2025-04-03T18:33:43.769+0000] {dag.py:3239} INFO - Sync 1 DAGs
[2025-04-03T18:33:43.984+0000] {logging_mixin.py:190} INFO - [2025-04-03T18:33:43.984+0000] {dag.py:4180} INFO - Setting next_dagrun for pyspark_test_work to None, run_after=None
[2025-04-03T18:33:44.003+0000] {processor.py:208} INFO - Processing /opt/airflow/dags/bank_transactions.py took 1.018 seconds
[2025-04-03T18:34:14.206+0000] {processor.py:186} INFO - Started process (PID=222) to work on /opt/airflow/dags/bank_transactions.py
[2025-04-03T18:34:14.207+0000] {processor.py:914} INFO - Processing file /opt/airflow/dags/bank_transactions.py for tasks to queue
[2025-04-03T18:34:14.210+0000] {logging_mixin.py:190} INFO - [2025-04-03T18:34:14.210+0000] {dagbag.py:588} INFO - Filling up the DagBag from /opt/airflow/dags/bank_transactions.py
[2025-04-03T18:34:14.964+0000] {processor.py:925} INFO - DAG(s) 'pyspark_test_work' retrieved from /opt/airflow/dags/bank_transactions.py
[2025-04-03T18:34:14.989+0000] {logging_mixin.py:190} INFO - [2025-04-03T18:34:14.988+0000] {dag.py:3239} INFO - Sync 1 DAGs
[2025-04-03T18:34:15.201+0000] {logging_mixin.py:190} INFO - [2025-04-03T18:34:15.201+0000] {dag.py:4180} INFO - Setting next_dagrun for pyspark_test_work to None, run_after=None
[2025-04-03T18:34:15.217+0000] {processor.py:208} INFO - Processing /opt/airflow/dags/bank_transactions.py took 1.020 seconds
[2025-04-03T18:34:45.424+0000] {processor.py:186} INFO - Started process (PID=235) to work on /opt/airflow/dags/bank_transactions.py
[2025-04-03T18:34:45.427+0000] {processor.py:914} INFO - Processing file /opt/airflow/dags/bank_transactions.py for tasks to queue
[2025-04-03T18:34:45.430+0000] {logging_mixin.py:190} INFO - [2025-04-03T18:34:45.430+0000] {dagbag.py:588} INFO - Filling up the DagBag from /opt/airflow/dags/bank_transactions.py
[2025-04-03T18:34:46.209+0000] {processor.py:925} INFO - DAG(s) 'pyspark_test_work' retrieved from /opt/airflow/dags/bank_transactions.py
[2025-04-03T18:34:46.434+0000] {logging_mixin.py:190} INFO - [2025-04-03T18:34:46.433+0000] {dag.py:3239} INFO - Sync 1 DAGs
[2025-04-03T18:34:46.448+0000] {logging_mixin.py:190} INFO - [2025-04-03T18:34:46.448+0000] {dag.py:4180} INFO - Setting next_dagrun for pyspark_test_work to None, run_after=None
[2025-04-03T18:34:46.466+0000] {processor.py:208} INFO - Processing /opt/airflow/dags/bank_transactions.py took 1.050 seconds
[2025-04-03T18:35:16.668+0000] {processor.py:186} INFO - Started process (PID=248) to work on /opt/airflow/dags/bank_transactions.py
[2025-04-03T18:35:16.669+0000] {processor.py:914} INFO - Processing file /opt/airflow/dags/bank_transactions.py for tasks to queue
[2025-04-03T18:35:16.671+0000] {logging_mixin.py:190} INFO - [2025-04-03T18:35:16.671+0000] {dagbag.py:588} INFO - Filling up the DagBag from /opt/airflow/dags/bank_transactions.py
[2025-04-03T18:35:17.607+0000] {processor.py:925} INFO - DAG(s) 'pyspark_test_work' retrieved from /opt/airflow/dags/bank_transactions.py
[2025-04-03T18:35:17.629+0000] {logging_mixin.py:190} INFO - [2025-04-03T18:35:17.628+0000] {dag.py:3239} INFO - Sync 1 DAGs
[2025-04-03T18:35:17.642+0000] {logging_mixin.py:190} INFO - [2025-04-03T18:35:17.642+0000] {dag.py:4180} INFO - Setting next_dagrun for pyspark_test_work to None, run_after=None
[2025-04-03T18:35:17.659+0000] {processor.py:208} INFO - Processing /opt/airflow/dags/bank_transactions.py took 0.999 seconds
[2025-04-03T18:35:47.878+0000] {processor.py:186} INFO - Started process (PID=261) to work on /opt/airflow/dags/bank_transactions.py
[2025-04-03T18:35:47.879+0000] {processor.py:914} INFO - Processing file /opt/airflow/dags/bank_transactions.py for tasks to queue
[2025-04-03T18:35:47.881+0000] {logging_mixin.py:190} INFO - [2025-04-03T18:35:47.881+0000] {dagbag.py:588} INFO - Filling up the DagBag from /opt/airflow/dags/bank_transactions.py
[2025-04-03T18:35:48.839+0000] {processor.py:925} INFO - DAG(s) 'pyspark_test_work' retrieved from /opt/airflow/dags/bank_transactions.py
[2025-04-03T18:35:48.861+0000] {logging_mixin.py:190} INFO - [2025-04-03T18:35:48.861+0000] {dag.py:3239} INFO - Sync 1 DAGs
[2025-04-03T18:35:48.876+0000] {logging_mixin.py:190} INFO - [2025-04-03T18:35:48.876+0000] {dag.py:4180} INFO - Setting next_dagrun for pyspark_test_work to None, run_after=None
[2025-04-03T18:35:48.894+0000] {processor.py:208} INFO - Processing /opt/airflow/dags/bank_transactions.py took 1.025 seconds
[2025-04-03T18:36:19.100+0000] {processor.py:186} INFO - Started process (PID=274) to work on /opt/airflow/dags/bank_transactions.py
[2025-04-03T18:36:19.102+0000] {processor.py:914} INFO - Processing file /opt/airflow/dags/bank_transactions.py for tasks to queue
[2025-04-03T18:36:19.105+0000] {logging_mixin.py:190} INFO - [2025-04-03T18:36:19.104+0000] {dagbag.py:588} INFO - Filling up the DagBag from /opt/airflow/dags/bank_transactions.py
[2025-04-03T18:36:19.841+0000] {processor.py:925} INFO - DAG(s) 'pyspark_test_work' retrieved from /opt/airflow/dags/bank_transactions.py
[2025-04-03T18:36:19.866+0000] {logging_mixin.py:190} INFO - [2025-04-03T18:36:19.866+0000] {dag.py:3239} INFO - Sync 1 DAGs
[2025-04-03T18:36:20.075+0000] {logging_mixin.py:190} INFO - [2025-04-03T18:36:20.075+0000] {dag.py:4180} INFO - Setting next_dagrun for pyspark_test_work to None, run_after=None
[2025-04-03T18:36:20.092+0000] {processor.py:208} INFO - Processing /opt/airflow/dags/bank_transactions.py took 1.000 seconds
[2025-04-03T18:36:50.301+0000] {processor.py:186} INFO - Started process (PID=287) to work on /opt/airflow/dags/bank_transactions.py
[2025-04-03T18:36:50.303+0000] {processor.py:914} INFO - Processing file /opt/airflow/dags/bank_transactions.py for tasks to queue
[2025-04-03T18:36:50.305+0000] {logging_mixin.py:190} INFO - [2025-04-03T18:36:50.305+0000] {dagbag.py:588} INFO - Filling up the DagBag from /opt/airflow/dags/bank_transactions.py
[2025-04-03T18:36:51.067+0000] {processor.py:925} INFO - DAG(s) 'pyspark_test_work' retrieved from /opt/airflow/dags/bank_transactions.py
[2025-04-03T18:36:51.093+0000] {logging_mixin.py:190} INFO - [2025-04-03T18:36:51.092+0000] {dag.py:3239} INFO - Sync 1 DAGs
[2025-04-03T18:36:51.299+0000] {logging_mixin.py:190} INFO - [2025-04-03T18:36:51.299+0000] {dag.py:4180} INFO - Setting next_dagrun for pyspark_test_work to None, run_after=None
[2025-04-03T18:36:51.314+0000] {processor.py:208} INFO - Processing /opt/airflow/dags/bank_transactions.py took 1.021 seconds
[2025-04-03T18:37:21.424+0000] {processor.py:186} INFO - Started process (PID=300) to work on /opt/airflow/dags/bank_transactions.py
[2025-04-03T18:37:21.427+0000] {processor.py:914} INFO - Processing file /opt/airflow/dags/bank_transactions.py for tasks to queue
[2025-04-03T18:37:21.431+0000] {logging_mixin.py:190} INFO - [2025-04-03T18:37:21.430+0000] {dagbag.py:588} INFO - Filling up the DagBag from /opt/airflow/dags/bank_transactions.py
[2025-04-03T18:37:22.614+0000] {processor.py:925} INFO - DAG(s) 'pyspark_test_work' retrieved from /opt/airflow/dags/bank_transactions.py
[2025-04-03T18:37:22.877+0000] {logging_mixin.py:190} INFO - [2025-04-03T18:37:22.876+0000] {dag.py:3239} INFO - Sync 1 DAGs
[2025-04-03T18:37:22.897+0000] {logging_mixin.py:190} INFO - [2025-04-03T18:37:22.897+0000] {dag.py:4180} INFO - Setting next_dagrun for pyspark_test_work to None, run_after=None
[2025-04-03T18:37:22.918+0000] {processor.py:208} INFO - Processing /opt/airflow/dags/bank_transactions.py took 1.504 seconds
[2025-04-03T18:37:53.001+0000] {processor.py:186} INFO - Started process (PID=312) to work on /opt/airflow/dags/bank_transactions.py
[2025-04-03T18:37:53.002+0000] {processor.py:914} INFO - Processing file /opt/airflow/dags/bank_transactions.py for tasks to queue
[2025-04-03T18:37:53.005+0000] {logging_mixin.py:190} INFO - [2025-04-03T18:37:53.004+0000] {dagbag.py:588} INFO - Filling up the DagBag from /opt/airflow/dags/bank_transactions.py
[2025-04-03T18:37:53.999+0000] {processor.py:925} INFO - DAG(s) 'pyspark_test_work' retrieved from /opt/airflow/dags/bank_transactions.py
[2025-04-03T18:37:54.021+0000] {logging_mixin.py:190} INFO - [2025-04-03T18:37:54.020+0000] {dag.py:3239} INFO - Sync 1 DAGs
[2025-04-03T18:37:54.034+0000] {logging_mixin.py:190} INFO - [2025-04-03T18:37:54.034+0000] {dag.py:4180} INFO - Setting next_dagrun for pyspark_test_work to None, run_after=None
[2025-04-03T18:37:54.052+0000] {processor.py:208} INFO - Processing /opt/airflow/dags/bank_transactions.py took 1.058 seconds
[2025-04-03T18:38:24.436+0000] {processor.py:186} INFO - Started process (PID=325) to work on /opt/airflow/dags/bank_transactions.py
[2025-04-03T18:38:24.438+0000] {processor.py:914} INFO - Processing file /opt/airflow/dags/bank_transactions.py for tasks to queue
[2025-04-03T18:38:24.441+0000] {logging_mixin.py:190} INFO - [2025-04-03T18:38:24.441+0000] {dagbag.py:588} INFO - Filling up the DagBag from /opt/airflow/dags/bank_transactions.py
[2025-04-03T18:38:25.387+0000] {processor.py:925} INFO - DAG(s) 'pyspark_test_work' retrieved from /opt/airflow/dags/bank_transactions.py
[2025-04-03T18:38:25.409+0000] {logging_mixin.py:190} INFO - [2025-04-03T18:38:25.408+0000] {dag.py:3239} INFO - Sync 1 DAGs
[2025-04-03T18:38:25.426+0000] {logging_mixin.py:190} INFO - [2025-04-03T18:38:25.425+0000] {dag.py:4180} INFO - Setting next_dagrun for pyspark_test_work to None, run_after=None
[2025-04-03T18:38:25.447+0000] {processor.py:208} INFO - Processing /opt/airflow/dags/bank_transactions.py took 1.020 seconds
[2025-04-03T18:38:56.092+0000] {processor.py:186} INFO - Started process (PID=344) to work on /opt/airflow/dags/bank_transactions.py
[2025-04-03T18:38:56.093+0000] {processor.py:914} INFO - Processing file /opt/airflow/dags/bank_transactions.py for tasks to queue
[2025-04-03T18:38:56.096+0000] {logging_mixin.py:190} INFO - [2025-04-03T18:38:56.096+0000] {dagbag.py:588} INFO - Filling up the DagBag from /opt/airflow/dags/bank_transactions.py
[2025-04-03T18:38:56.848+0000] {processor.py:925} INFO - DAG(s) 'pyspark_test_work' retrieved from /opt/airflow/dags/bank_transactions.py
[2025-04-03T18:38:56.873+0000] {logging_mixin.py:190} INFO - [2025-04-03T18:38:56.872+0000] {dag.py:3239} INFO - Sync 1 DAGs
[2025-04-03T18:38:57.089+0000] {logging_mixin.py:190} INFO - [2025-04-03T18:38:57.088+0000] {dag.py:4180} INFO - Setting next_dagrun for pyspark_test_work to None, run_after=None
[2025-04-03T18:38:57.104+0000] {processor.py:208} INFO - Processing /opt/airflow/dags/bank_transactions.py took 1.021 seconds
[2025-04-03T18:39:27.488+0000] {processor.py:186} INFO - Started process (PID=357) to work on /opt/airflow/dags/bank_transactions.py
[2025-04-03T18:39:27.490+0000] {processor.py:914} INFO - Processing file /opt/airflow/dags/bank_transactions.py for tasks to queue
[2025-04-03T18:39:27.493+0000] {logging_mixin.py:190} INFO - [2025-04-03T18:39:27.493+0000] {dagbag.py:588} INFO - Filling up the DagBag from /opt/airflow/dags/bank_transactions.py
[2025-04-03T18:39:28.237+0000] {processor.py:925} INFO - DAG(s) 'pyspark_test_work' retrieved from /opt/airflow/dags/bank_transactions.py
[2025-04-03T18:39:28.457+0000] {logging_mixin.py:190} INFO - [2025-04-03T18:39:28.456+0000] {dag.py:3239} INFO - Sync 1 DAGs
[2025-04-03T18:39:28.470+0000] {logging_mixin.py:190} INFO - [2025-04-03T18:39:28.470+0000] {dag.py:4180} INFO - Setting next_dagrun for pyspark_test_work to None, run_after=None
[2025-04-03T18:39:28.486+0000] {processor.py:208} INFO - Processing /opt/airflow/dags/bank_transactions.py took 1.006 seconds
[2025-04-03T18:39:58.717+0000] {processor.py:186} INFO - Started process (PID=370) to work on /opt/airflow/dags/bank_transactions.py
[2025-04-03T18:39:58.718+0000] {processor.py:914} INFO - Processing file /opt/airflow/dags/bank_transactions.py for tasks to queue
[2025-04-03T18:39:58.721+0000] {logging_mixin.py:190} INFO - [2025-04-03T18:39:58.720+0000] {dagbag.py:588} INFO - Filling up the DagBag from /opt/airflow/dags/bank_transactions.py
[2025-04-03T18:39:59.457+0000] {processor.py:925} INFO - DAG(s) 'pyspark_test_work' retrieved from /opt/airflow/dags/bank_transactions.py
[2025-04-03T18:39:59.677+0000] {logging_mixin.py:190} INFO - [2025-04-03T18:39:59.676+0000] {dag.py:3239} INFO - Sync 1 DAGs
[2025-04-03T18:39:59.691+0000] {logging_mixin.py:190} INFO - [2025-04-03T18:39:59.691+0000] {dag.py:4180} INFO - Setting next_dagrun for pyspark_test_work to None, run_after=None
[2025-04-03T18:39:59.707+0000] {processor.py:208} INFO - Processing /opt/airflow/dags/bank_transactions.py took 0.998 seconds
[2025-04-03T18:40:30.187+0000] {processor.py:186} INFO - Started process (PID=383) to work on /opt/airflow/dags/bank_transactions.py
[2025-04-03T18:40:30.190+0000] {processor.py:914} INFO - Processing file /opt/airflow/dags/bank_transactions.py for tasks to queue
[2025-04-03T18:40:30.193+0000] {logging_mixin.py:190} INFO - [2025-04-03T18:40:30.192+0000] {dagbag.py:588} INFO - Filling up the DagBag from /opt/airflow/dags/bank_transactions.py
[2025-04-03T18:40:31.124+0000] {processor.py:925} INFO - DAG(s) 'pyspark_test_work' retrieved from /opt/airflow/dags/bank_transactions.py
[2025-04-03T18:40:31.144+0000] {logging_mixin.py:190} INFO - [2025-04-03T18:40:31.144+0000] {dag.py:3239} INFO - Sync 1 DAGs
[2025-04-03T18:40:31.157+0000] {logging_mixin.py:190} INFO - [2025-04-03T18:40:31.157+0000] {dag.py:4180} INFO - Setting next_dagrun for pyspark_test_work to None, run_after=None
[2025-04-03T18:40:31.173+0000] {processor.py:208} INFO - Processing /opt/airflow/dags/bank_transactions.py took 0.993 seconds
[2025-04-03T18:41:01.415+0000] {processor.py:186} INFO - Started process (PID=396) to work on /opt/airflow/dags/bank_transactions.py
[2025-04-03T18:41:01.416+0000] {processor.py:914} INFO - Processing file /opt/airflow/dags/bank_transactions.py for tasks to queue
[2025-04-03T18:41:01.419+0000] {logging_mixin.py:190} INFO - [2025-04-03T18:41:01.419+0000] {dagbag.py:588} INFO - Filling up the DagBag from /opt/airflow/dags/bank_transactions.py
[2025-04-03T18:41:02.386+0000] {processor.py:925} INFO - DAG(s) 'pyspark_test_work' retrieved from /opt/airflow/dags/bank_transactions.py
[2025-04-03T18:41:02.410+0000] {logging_mixin.py:190} INFO - [2025-04-03T18:41:02.410+0000] {dag.py:3239} INFO - Sync 1 DAGs
[2025-04-03T18:41:02.424+0000] {logging_mixin.py:190} INFO - [2025-04-03T18:41:02.424+0000] {dag.py:4180} INFO - Setting next_dagrun for pyspark_test_work to None, run_after=None
[2025-04-03T18:41:02.441+0000] {processor.py:208} INFO - Processing /opt/airflow/dags/bank_transactions.py took 1.034 seconds
[2025-04-03T18:41:32.615+0000] {processor.py:186} INFO - Started process (PID=409) to work on /opt/airflow/dags/bank_transactions.py
[2025-04-03T18:41:32.616+0000] {processor.py:914} INFO - Processing file /opt/airflow/dags/bank_transactions.py for tasks to queue
[2025-04-03T18:41:32.619+0000] {logging_mixin.py:190} INFO - [2025-04-03T18:41:32.618+0000] {dagbag.py:588} INFO - Filling up the DagBag from /opt/airflow/dags/bank_transactions.py
[2025-04-03T18:41:33.354+0000] {processor.py:925} INFO - DAG(s) 'pyspark_test_work' retrieved from /opt/airflow/dags/bank_transactions.py
[2025-04-03T18:41:33.379+0000] {logging_mixin.py:190} INFO - [2025-04-03T18:41:33.379+0000] {dag.py:3239} INFO - Sync 1 DAGs
[2025-04-03T18:41:33.591+0000] {logging_mixin.py:190} INFO - [2025-04-03T18:41:33.590+0000] {dag.py:4180} INFO - Setting next_dagrun for pyspark_test_work to None, run_after=None
[2025-04-03T18:41:33.608+0000] {processor.py:208} INFO - Processing /opt/airflow/dags/bank_transactions.py took 1.001 seconds
[2025-04-03T18:42:03.814+0000] {processor.py:186} INFO - Started process (PID=422) to work on /opt/airflow/dags/bank_transactions.py
[2025-04-03T18:42:03.815+0000] {processor.py:914} INFO - Processing file /opt/airflow/dags/bank_transactions.py for tasks to queue
[2025-04-03T18:42:03.818+0000] {logging_mixin.py:190} INFO - [2025-04-03T18:42:03.817+0000] {dagbag.py:588} INFO - Filling up the DagBag from /opt/airflow/dags/bank_transactions.py
[2025-04-03T18:42:04.581+0000] {processor.py:925} INFO - DAG(s) 'pyspark_test_work' retrieved from /opt/airflow/dags/bank_transactions.py
[2025-04-03T18:42:04.606+0000] {logging_mixin.py:190} INFO - [2025-04-03T18:42:04.606+0000] {dag.py:3239} INFO - Sync 1 DAGs
[2025-04-03T18:42:04.823+0000] {logging_mixin.py:190} INFO - [2025-04-03T18:42:04.823+0000] {dag.py:4180} INFO - Setting next_dagrun for pyspark_test_work to None, run_after=None
[2025-04-03T18:42:04.840+0000] {processor.py:208} INFO - Processing /opt/airflow/dags/bank_transactions.py took 1.033 seconds
[2025-04-03T18:42:35.012+0000] {processor.py:186} INFO - Started process (PID=435) to work on /opt/airflow/dags/bank_transactions.py
[2025-04-03T18:42:35.014+0000] {processor.py:914} INFO - Processing file /opt/airflow/dags/bank_transactions.py for tasks to queue
[2025-04-03T18:42:35.017+0000] {logging_mixin.py:190} INFO - [2025-04-03T18:42:35.016+0000] {dagbag.py:588} INFO - Filling up the DagBag from /opt/airflow/dags/bank_transactions.py
[2025-04-03T18:42:35.789+0000] {processor.py:925} INFO - DAG(s) 'pyspark_test_work' retrieved from /opt/airflow/dags/bank_transactions.py
[2025-04-03T18:42:36.011+0000] {logging_mixin.py:190} INFO - [2025-04-03T18:42:36.010+0000] {dag.py:3239} INFO - Sync 1 DAGs
[2025-04-03T18:42:36.024+0000] {logging_mixin.py:190} INFO - [2025-04-03T18:42:36.024+0000] {dag.py:4180} INFO - Setting next_dagrun for pyspark_test_work to None, run_after=None
[2025-04-03T18:42:36.041+0000] {processor.py:208} INFO - Processing /opt/airflow/dags/bank_transactions.py took 1.038 seconds
[2025-04-03T18:43:06.227+0000] {processor.py:186} INFO - Started process (PID=449) to work on /opt/airflow/dags/bank_transactions.py
[2025-04-03T18:43:06.228+0000] {processor.py:914} INFO - Processing file /opt/airflow/dags/bank_transactions.py for tasks to queue
[2025-04-03T18:43:06.232+0000] {logging_mixin.py:190} INFO - [2025-04-03T18:43:06.231+0000] {dagbag.py:588} INFO - Filling up the DagBag from /opt/airflow/dags/bank_transactions.py
[2025-04-03T18:43:07.169+0000] {processor.py:925} INFO - DAG(s) 'pyspark_test_work' retrieved from /opt/airflow/dags/bank_transactions.py
[2025-04-03T18:43:07.190+0000] {logging_mixin.py:190} INFO - [2025-04-03T18:43:07.189+0000] {dag.py:3239} INFO - Sync 1 DAGs
[2025-04-03T18:43:07.203+0000] {logging_mixin.py:190} INFO - [2025-04-03T18:43:07.203+0000] {dag.py:4180} INFO - Setting next_dagrun for pyspark_test_work to None, run_after=None
[2025-04-03T18:43:07.218+0000] {processor.py:208} INFO - Processing /opt/airflow/dags/bank_transactions.py took 0.999 seconds
[2025-04-03T18:43:37.479+0000] {processor.py:186} INFO - Started process (PID=462) to work on /opt/airflow/dags/bank_transactions.py
[2025-04-03T18:43:37.481+0000] {processor.py:914} INFO - Processing file /opt/airflow/dags/bank_transactions.py for tasks to queue
[2025-04-03T18:43:37.484+0000] {logging_mixin.py:190} INFO - [2025-04-03T18:43:37.483+0000] {dagbag.py:588} INFO - Filling up the DagBag from /opt/airflow/dags/bank_transactions.py
[2025-04-03T18:43:38.413+0000] {processor.py:925} INFO - DAG(s) 'pyspark_test_work' retrieved from /opt/airflow/dags/bank_transactions.py
[2025-04-03T18:43:38.434+0000] {logging_mixin.py:190} INFO - [2025-04-03T18:43:38.434+0000] {dag.py:3239} INFO - Sync 1 DAGs
[2025-04-03T18:43:38.448+0000] {logging_mixin.py:190} INFO - [2025-04-03T18:43:38.448+0000] {dag.py:4180} INFO - Setting next_dagrun for pyspark_test_work to None, run_after=None
[2025-04-03T18:43:38.465+0000] {processor.py:208} INFO - Processing /opt/airflow/dags/bank_transactions.py took 0.994 seconds
[2025-04-03T18:44:08.705+0000] {processor.py:186} INFO - Started process (PID=476) to work on /opt/airflow/dags/bank_transactions.py
[2025-04-03T18:44:08.706+0000] {processor.py:914} INFO - Processing file /opt/airflow/dags/bank_transactions.py for tasks to queue
[2025-04-03T18:44:08.709+0000] {logging_mixin.py:190} INFO - [2025-04-03T18:44:08.709+0000] {dagbag.py:588} INFO - Filling up the DagBag from /opt/airflow/dags/bank_transactions.py
[2025-04-03T18:44:09.639+0000] {processor.py:925} INFO - DAG(s) 'pyspark_test_work' retrieved from /opt/airflow/dags/bank_transactions.py
[2025-04-03T18:44:09.660+0000] {logging_mixin.py:190} INFO - [2025-04-03T18:44:09.659+0000] {dag.py:3239} INFO - Sync 1 DAGs
[2025-04-03T18:44:09.674+0000] {logging_mixin.py:190} INFO - [2025-04-03T18:44:09.674+0000] {dag.py:4180} INFO - Setting next_dagrun for pyspark_test_work to None, run_after=None
[2025-04-03T18:44:09.690+0000] {processor.py:208} INFO - Processing /opt/airflow/dags/bank_transactions.py took 0.992 seconds
[2025-04-03T18:44:39.898+0000] {processor.py:186} INFO - Started process (PID=489) to work on /opt/airflow/dags/bank_transactions.py
[2025-04-03T18:44:39.899+0000] {processor.py:914} INFO - Processing file /opt/airflow/dags/bank_transactions.py for tasks to queue
[2025-04-03T18:44:39.903+0000] {logging_mixin.py:190} INFO - [2025-04-03T18:44:39.902+0000] {dagbag.py:588} INFO - Filling up the DagBag from /opt/airflow/dags/bank_transactions.py
[2025-04-03T18:44:40.666+0000] {processor.py:925} INFO - DAG(s) 'pyspark_test_work' retrieved from /opt/airflow/dags/bank_transactions.py
[2025-04-03T18:44:40.881+0000] {logging_mixin.py:190} INFO - [2025-04-03T18:44:40.881+0000] {dag.py:3239} INFO - Sync 1 DAGs
[2025-04-03T18:44:40.894+0000] {logging_mixin.py:190} INFO - [2025-04-03T18:44:40.894+0000] {dag.py:4180} INFO - Setting next_dagrun for pyspark_test_work to None, run_after=None
[2025-04-03T18:44:40.910+0000] {processor.py:208} INFO - Processing /opt/airflow/dags/bank_transactions.py took 1.021 seconds
[2025-04-03T18:45:11.158+0000] {processor.py:186} INFO - Started process (PID=502) to work on /opt/airflow/dags/bank_transactions.py
[2025-04-03T18:45:11.159+0000] {processor.py:914} INFO - Processing file /opt/airflow/dags/bank_transactions.py for tasks to queue
[2025-04-03T18:45:11.161+0000] {logging_mixin.py:190} INFO - [2025-04-03T18:45:11.161+0000] {dagbag.py:588} INFO - Filling up the DagBag from /opt/airflow/dags/bank_transactions.py
[2025-04-03T18:45:11.910+0000] {processor.py:925} INFO - DAG(s) 'pyspark_test_work' retrieved from /opt/airflow/dags/bank_transactions.py
[2025-04-03T18:45:12.128+0000] {logging_mixin.py:190} INFO - [2025-04-03T18:45:12.127+0000] {dag.py:3239} INFO - Sync 1 DAGs
[2025-04-03T18:45:12.141+0000] {logging_mixin.py:190} INFO - [2025-04-03T18:45:12.141+0000] {dag.py:4180} INFO - Setting next_dagrun for pyspark_test_work to None, run_after=None
[2025-04-03T18:45:12.156+0000] {processor.py:208} INFO - Processing /opt/airflow/dags/bank_transactions.py took 1.006 seconds
[2025-04-03T18:45:42.361+0000] {processor.py:186} INFO - Started process (PID=515) to work on /opt/airflow/dags/bank_transactions.py
[2025-04-03T18:45:42.362+0000] {processor.py:914} INFO - Processing file /opt/airflow/dags/bank_transactions.py for tasks to queue
[2025-04-03T18:45:42.364+0000] {logging_mixin.py:190} INFO - [2025-04-03T18:45:42.364+0000] {dagbag.py:588} INFO - Filling up the DagBag from /opt/airflow/dags/bank_transactions.py
[2025-04-03T18:45:43.311+0000] {processor.py:925} INFO - DAG(s) 'pyspark_test_work' retrieved from /opt/airflow/dags/bank_transactions.py
[2025-04-03T18:45:43.334+0000] {logging_mixin.py:190} INFO - [2025-04-03T18:45:43.334+0000] {dag.py:3239} INFO - Sync 1 DAGs
[2025-04-03T18:45:43.349+0000] {logging_mixin.py:190} INFO - [2025-04-03T18:45:43.349+0000] {dag.py:4180} INFO - Setting next_dagrun for pyspark_test_work to None, run_after=None
[2025-04-03T18:45:43.366+0000] {processor.py:208} INFO - Processing /opt/airflow/dags/bank_transactions.py took 1.014 seconds
[2025-04-03T18:46:13.553+0000] {processor.py:186} INFO - Started process (PID=528) to work on /opt/airflow/dags/bank_transactions.py
[2025-04-03T18:46:13.554+0000] {processor.py:914} INFO - Processing file /opt/airflow/dags/bank_transactions.py for tasks to queue
[2025-04-03T18:46:13.557+0000] {logging_mixin.py:190} INFO - [2025-04-03T18:46:13.556+0000] {dagbag.py:588} INFO - Filling up the DagBag from /opt/airflow/dags/bank_transactions.py
[2025-04-03T18:46:14.496+0000] {processor.py:925} INFO - DAG(s) 'pyspark_test_work' retrieved from /opt/airflow/dags/bank_transactions.py
[2025-04-03T18:46:14.522+0000] {logging_mixin.py:190} INFO - [2025-04-03T18:46:14.522+0000] {dag.py:3239} INFO - Sync 1 DAGs
[2025-04-03T18:46:14.536+0000] {logging_mixin.py:190} INFO - [2025-04-03T18:46:14.536+0000] {dag.py:4180} INFO - Setting next_dagrun for pyspark_test_work to None, run_after=None
[2025-04-03T18:46:14.552+0000] {processor.py:208} INFO - Processing /opt/airflow/dags/bank_transactions.py took 1.007 seconds
[2025-04-03T18:46:44.758+0000] {processor.py:186} INFO - Started process (PID=541) to work on /opt/airflow/dags/bank_transactions.py
[2025-04-03T18:46:44.805+0000] {processor.py:914} INFO - Processing file /opt/airflow/dags/bank_transactions.py for tasks to queue
[2025-04-03T18:46:44.809+0000] {logging_mixin.py:190} INFO - [2025-04-03T18:46:44.808+0000] {dagbag.py:588} INFO - Filling up the DagBag from /opt/airflow/dags/bank_transactions.py
[2025-04-03T18:46:45.585+0000] {processor.py:925} INFO - DAG(s) 'pyspark_test_work' retrieved from /opt/airflow/dags/bank_transactions.py
[2025-04-03T18:46:45.611+0000] {logging_mixin.py:190} INFO - [2025-04-03T18:46:45.611+0000] {dag.py:3239} INFO - Sync 1 DAGs
[2025-04-03T18:46:45.823+0000] {logging_mixin.py:190} INFO - [2025-04-03T18:46:45.822+0000] {dag.py:4180} INFO - Setting next_dagrun for pyspark_test_work to None, run_after=None
[2025-04-03T18:46:45.839+0000] {processor.py:208} INFO - Processing /opt/airflow/dags/bank_transactions.py took 1.089 seconds
[2025-04-03T18:47:16.155+0000] {processor.py:186} INFO - Started process (PID=554) to work on /opt/airflow/dags/bank_transactions.py
[2025-04-03T18:47:16.156+0000] {processor.py:914} INFO - Processing file /opt/airflow/dags/bank_transactions.py for tasks to queue
[2025-04-03T18:47:16.159+0000] {logging_mixin.py:190} INFO - [2025-04-03T18:47:16.158+0000] {dagbag.py:588} INFO - Filling up the DagBag from /opt/airflow/dags/bank_transactions.py
[2025-04-03T18:47:16.942+0000] {processor.py:925} INFO - DAG(s) 'pyspark_test_work' retrieved from /opt/airflow/dags/bank_transactions.py
[2025-04-03T18:47:16.975+0000] {logging_mixin.py:190} INFO - [2025-04-03T18:47:16.974+0000] {dag.py:3239} INFO - Sync 1 DAGs
[2025-04-03T18:47:17.195+0000] {logging_mixin.py:190} INFO - [2025-04-03T18:47:17.195+0000] {dag.py:4180} INFO - Setting next_dagrun for pyspark_test_work to None, run_after=None
[2025-04-03T18:47:17.212+0000] {processor.py:208} INFO - Processing /opt/airflow/dags/bank_transactions.py took 1.065 seconds
[2025-04-03T18:47:47.360+0000] {processor.py:186} INFO - Started process (PID=567) to work on /opt/airflow/dags/bank_transactions.py
[2025-04-03T18:47:47.361+0000] {processor.py:914} INFO - Processing file /opt/airflow/dags/bank_transactions.py for tasks to queue
[2025-04-03T18:47:47.363+0000] {logging_mixin.py:190} INFO - [2025-04-03T18:47:47.363+0000] {dagbag.py:588} INFO - Filling up the DagBag from /opt/airflow/dags/bank_transactions.py
[2025-04-03T18:47:48.305+0000] {processor.py:925} INFO - DAG(s) 'pyspark_test_work' retrieved from /opt/airflow/dags/bank_transactions.py
[2025-04-03T18:47:48.328+0000] {logging_mixin.py:190} INFO - [2025-04-03T18:47:48.328+0000] {dag.py:3239} INFO - Sync 1 DAGs
[2025-04-03T18:47:48.344+0000] {logging_mixin.py:190} INFO - [2025-04-03T18:47:48.344+0000] {dag.py:4180} INFO - Setting next_dagrun for pyspark_test_work to None, run_after=None
[2025-04-03T18:47:48.360+0000] {processor.py:208} INFO - Processing /opt/airflow/dags/bank_transactions.py took 1.008 seconds
[2025-04-03T18:48:18.871+0000] {processor.py:186} INFO - Started process (PID=580) to work on /opt/airflow/dags/bank_transactions.py
[2025-04-03T18:48:18.873+0000] {processor.py:914} INFO - Processing file /opt/airflow/dags/bank_transactions.py for tasks to queue
[2025-04-03T18:48:18.877+0000] {logging_mixin.py:190} INFO - [2025-04-03T18:48:18.876+0000] {dagbag.py:588} INFO - Filling up the DagBag from /opt/airflow/dags/bank_transactions.py
[2025-04-03T18:48:19.806+0000] {processor.py:925} INFO - DAG(s) 'pyspark_test_work' retrieved from /opt/airflow/dags/bank_transactions.py
[2025-04-03T18:48:19.827+0000] {logging_mixin.py:190} INFO - [2025-04-03T18:48:19.827+0000] {dag.py:3239} INFO - Sync 1 DAGs
[2025-04-03T18:48:19.841+0000] {logging_mixin.py:190} INFO - [2025-04-03T18:48:19.840+0000] {dag.py:4180} INFO - Setting next_dagrun for pyspark_test_work to None, run_after=None
[2025-04-03T18:48:19.856+0000] {processor.py:208} INFO - Processing /opt/airflow/dags/bank_transactions.py took 0.994 seconds
[2025-04-03T18:48:50.241+0000] {processor.py:186} INFO - Started process (PID=593) to work on /opt/airflow/dags/bank_transactions.py
[2025-04-03T18:48:50.242+0000] {processor.py:914} INFO - Processing file /opt/airflow/dags/bank_transactions.py for tasks to queue
[2025-04-03T18:48:50.245+0000] {logging_mixin.py:190} INFO - [2025-04-03T18:48:50.244+0000] {dagbag.py:588} INFO - Filling up the DagBag from /opt/airflow/dags/bank_transactions.py
[2025-04-03T18:48:51.176+0000] {processor.py:925} INFO - DAG(s) 'pyspark_test_work' retrieved from /opt/airflow/dags/bank_transactions.py
[2025-04-03T18:48:51.197+0000] {logging_mixin.py:190} INFO - [2025-04-03T18:48:51.196+0000] {dag.py:3239} INFO - Sync 1 DAGs
[2025-04-03T18:48:51.211+0000] {logging_mixin.py:190} INFO - [2025-04-03T18:48:51.211+0000] {dag.py:4180} INFO - Setting next_dagrun for pyspark_test_work to None, run_after=None
[2025-04-03T18:48:51.227+0000] {processor.py:208} INFO - Processing /opt/airflow/dags/bank_transactions.py took 0.993 seconds
[2025-04-03T18:49:21.484+0000] {processor.py:186} INFO - Started process (PID=606) to work on /opt/airflow/dags/bank_transactions.py
[2025-04-03T18:49:21.490+0000] {processor.py:914} INFO - Processing file /opt/airflow/dags/bank_transactions.py for tasks to queue
[2025-04-03T18:49:21.493+0000] {logging_mixin.py:190} INFO - [2025-04-03T18:49:21.493+0000] {dagbag.py:588} INFO - Filling up the DagBag from /opt/airflow/dags/bank_transactions.py
[2025-04-03T18:49:22.230+0000] {processor.py:925} INFO - DAG(s) 'pyspark_test_work' retrieved from /opt/airflow/dags/bank_transactions.py
[2025-04-03T18:49:22.254+0000] {logging_mixin.py:190} INFO - [2025-04-03T18:49:22.253+0000] {dag.py:3239} INFO - Sync 1 DAGs
[2025-04-03T18:49:22.468+0000] {logging_mixin.py:190} INFO - [2025-04-03T18:49:22.468+0000] {dag.py:4180} INFO - Setting next_dagrun for pyspark_test_work to None, run_after=None
[2025-04-03T18:49:22.484+0000] {processor.py:208} INFO - Processing /opt/airflow/dags/bank_transactions.py took 1.008 seconds
[2025-04-03T18:49:52.683+0000] {processor.py:186} INFO - Started process (PID=619) to work on /opt/airflow/dags/bank_transactions.py
[2025-04-03T18:49:52.684+0000] {processor.py:914} INFO - Processing file /opt/airflow/dags/bank_transactions.py for tasks to queue
[2025-04-03T18:49:52.687+0000] {logging_mixin.py:190} INFO - [2025-04-03T18:49:52.687+0000] {dagbag.py:588} INFO - Filling up the DagBag from /opt/airflow/dags/bank_transactions.py
[2025-04-03T18:49:53.420+0000] {processor.py:925} INFO - DAG(s) 'pyspark_test_work' retrieved from /opt/airflow/dags/bank_transactions.py
[2025-04-03T18:49:53.639+0000] {logging_mixin.py:190} INFO - [2025-04-03T18:49:53.639+0000] {dag.py:3239} INFO - Sync 1 DAGs
[2025-04-03T18:49:53.652+0000] {logging_mixin.py:190} INFO - [2025-04-03T18:49:53.652+0000] {dag.py:4180} INFO - Setting next_dagrun for pyspark_test_work to None, run_after=None
[2025-04-03T18:49:53.668+0000] {processor.py:208} INFO - Processing /opt/airflow/dags/bank_transactions.py took 0.992 seconds
[2025-04-03T18:50:23.917+0000] {processor.py:186} INFO - Started process (PID=632) to work on /opt/airflow/dags/bank_transactions.py
[2025-04-03T18:50:23.918+0000] {processor.py:914} INFO - Processing file /opt/airflow/dags/bank_transactions.py for tasks to queue
[2025-04-03T18:50:23.922+0000] {logging_mixin.py:190} INFO - [2025-04-03T18:50:23.921+0000] {dagbag.py:588} INFO - Filling up the DagBag from /opt/airflow/dags/bank_transactions.py
[2025-04-03T18:50:24.686+0000] {processor.py:925} INFO - DAG(s) 'pyspark_test_work' retrieved from /opt/airflow/dags/bank_transactions.py
[2025-04-03T18:50:24.900+0000] {logging_mixin.py:190} INFO - [2025-04-03T18:50:24.900+0000] {dag.py:3239} INFO - Sync 1 DAGs
[2025-04-03T18:50:24.914+0000] {logging_mixin.py:190} INFO - [2025-04-03T18:50:24.914+0000] {dag.py:4180} INFO - Setting next_dagrun for pyspark_test_work to None, run_after=None
[2025-04-03T18:50:24.929+0000] {processor.py:208} INFO - Processing /opt/airflow/dags/bank_transactions.py took 1.021 seconds
[2025-04-03T18:50:55.185+0000] {processor.py:186} INFO - Started process (PID=645) to work on /opt/airflow/dags/bank_transactions.py
[2025-04-03T18:50:55.186+0000] {processor.py:914} INFO - Processing file /opt/airflow/dags/bank_transactions.py for tasks to queue
[2025-04-03T18:50:55.189+0000] {logging_mixin.py:190} INFO - [2025-04-03T18:50:55.188+0000] {dagbag.py:588} INFO - Filling up the DagBag from /opt/airflow/dags/bank_transactions.py
[2025-04-03T18:50:56.138+0000] {processor.py:925} INFO - DAG(s) 'pyspark_test_work' retrieved from /opt/airflow/dags/bank_transactions.py
[2025-04-03T18:50:56.160+0000] {logging_mixin.py:190} INFO - [2025-04-03T18:50:56.159+0000] {dag.py:3239} INFO - Sync 1 DAGs
[2025-04-03T18:50:56.173+0000] {logging_mixin.py:190} INFO - [2025-04-03T18:50:56.173+0000] {dag.py:4180} INFO - Setting next_dagrun for pyspark_test_work to None, run_after=None
[2025-04-03T18:50:56.190+0000] {processor.py:208} INFO - Processing /opt/airflow/dags/bank_transactions.py took 1.013 seconds
[2025-04-03T18:51:26.424+0000] {processor.py:186} INFO - Started process (PID=664) to work on /opt/airflow/dags/bank_transactions.py
[2025-04-03T18:51:26.425+0000] {processor.py:914} INFO - Processing file /opt/airflow/dags/bank_transactions.py for tasks to queue
[2025-04-03T18:51:26.428+0000] {logging_mixin.py:190} INFO - [2025-04-03T18:51:26.428+0000] {dagbag.py:588} INFO - Filling up the DagBag from /opt/airflow/dags/bank_transactions.py
[2025-04-03T18:51:27.371+0000] {processor.py:925} INFO - DAG(s) 'pyspark_test_work' retrieved from /opt/airflow/dags/bank_transactions.py
[2025-04-03T18:51:27.393+0000] {logging_mixin.py:190} INFO - [2025-04-03T18:51:27.392+0000] {dag.py:3239} INFO - Sync 1 DAGs
[2025-04-03T18:51:27.405+0000] {logging_mixin.py:190} INFO - [2025-04-03T18:51:27.405+0000] {dag.py:4180} INFO - Setting next_dagrun for pyspark_test_work to None, run_after=None
[2025-04-03T18:51:27.422+0000] {processor.py:208} INFO - Processing /opt/airflow/dags/bank_transactions.py took 1.006 seconds
[2025-04-03T18:51:57.629+0000] {processor.py:186} INFO - Started process (PID=677) to work on /opt/airflow/dags/bank_transactions.py
[2025-04-03T18:51:57.631+0000] {processor.py:914} INFO - Processing file /opt/airflow/dags/bank_transactions.py for tasks to queue
[2025-04-03T18:51:57.634+0000] {logging_mixin.py:190} INFO - [2025-04-03T18:51:57.633+0000] {dagbag.py:588} INFO - Filling up the DagBag from /opt/airflow/dags/bank_transactions.py
[2025-04-03T18:51:58.370+0000] {processor.py:925} INFO - DAG(s) 'pyspark_test_work' retrieved from /opt/airflow/dags/bank_transactions.py
[2025-04-03T18:51:58.397+0000] {logging_mixin.py:190} INFO - [2025-04-03T18:51:58.397+0000] {dag.py:3239} INFO - Sync 1 DAGs
[2025-04-03T18:51:58.615+0000] {logging_mixin.py:190} INFO - [2025-04-03T18:51:58.615+0000] {dag.py:4180} INFO - Setting next_dagrun for pyspark_test_work to None, run_after=None
[2025-04-03T18:51:58.632+0000] {processor.py:208} INFO - Processing /opt/airflow/dags/bank_transactions.py took 1.010 seconds
[2025-04-03T18:52:28.841+0000] {processor.py:186} INFO - Started process (PID=690) to work on /opt/airflow/dags/bank_transactions.py
[2025-04-03T18:52:28.843+0000] {processor.py:914} INFO - Processing file /opt/airflow/dags/bank_transactions.py for tasks to queue
[2025-04-03T18:52:28.846+0000] {logging_mixin.py:190} INFO - [2025-04-03T18:52:28.846+0000] {dagbag.py:588} INFO - Filling up the DagBag from /opt/airflow/dags/bank_transactions.py
[2025-04-03T18:52:29.596+0000] {processor.py:925} INFO - DAG(s) 'pyspark_test_work' retrieved from /opt/airflow/dags/bank_transactions.py
[2025-04-03T18:52:29.820+0000] {logging_mixin.py:190} INFO - [2025-04-03T18:52:29.820+0000] {dag.py:3239} INFO - Sync 1 DAGs
[2025-04-03T18:52:29.835+0000] {logging_mixin.py:190} INFO - [2025-04-03T18:52:29.835+0000] {dag.py:4180} INFO - Setting next_dagrun for pyspark_test_work to None, run_after=None
[2025-04-03T18:52:29.856+0000] {processor.py:208} INFO - Processing /opt/airflow/dags/bank_transactions.py took 1.023 seconds
[2025-04-03T18:53:00.044+0000] {processor.py:186} INFO - Started process (PID=703) to work on /opt/airflow/dags/bank_transactions.py
[2025-04-03T18:53:00.045+0000] {processor.py:914} INFO - Processing file /opt/airflow/dags/bank_transactions.py for tasks to queue
[2025-04-03T18:53:00.048+0000] {logging_mixin.py:190} INFO - [2025-04-03T18:53:00.048+0000] {dagbag.py:588} INFO - Filling up the DagBag from /opt/airflow/dags/bank_transactions.py
[2025-04-03T18:53:01.007+0000] {processor.py:925} INFO - DAG(s) 'pyspark_test_work' retrieved from /opt/airflow/dags/bank_transactions.py
[2025-04-03T18:53:01.028+0000] {logging_mixin.py:190} INFO - [2025-04-03T18:53:01.027+0000] {dag.py:3239} INFO - Sync 1 DAGs
[2025-04-03T18:53:01.042+0000] {logging_mixin.py:190} INFO - [2025-04-03T18:53:01.042+0000] {dag.py:4180} INFO - Setting next_dagrun for pyspark_test_work to None, run_after=None
[2025-04-03T18:53:01.061+0000] {processor.py:208} INFO - Processing /opt/airflow/dags/bank_transactions.py took 1.025 seconds
[2025-04-03T18:53:31.301+0000] {processor.py:186} INFO - Started process (PID=716) to work on /opt/airflow/dags/bank_transactions.py
[2025-04-03T18:53:31.302+0000] {processor.py:914} INFO - Processing file /opt/airflow/dags/bank_transactions.py for tasks to queue
[2025-04-03T18:53:31.305+0000] {logging_mixin.py:190} INFO - [2025-04-03T18:53:31.304+0000] {dagbag.py:588} INFO - Filling up the DagBag from /opt/airflow/dags/bank_transactions.py
[2025-04-03T18:53:32.241+0000] {processor.py:925} INFO - DAG(s) 'pyspark_test_work' retrieved from /opt/airflow/dags/bank_transactions.py
[2025-04-03T18:53:32.262+0000] {logging_mixin.py:190} INFO - [2025-04-03T18:53:32.261+0000] {dag.py:3239} INFO - Sync 1 DAGs
[2025-04-03T18:53:32.274+0000] {logging_mixin.py:190} INFO - [2025-04-03T18:53:32.274+0000] {dag.py:4180} INFO - Setting next_dagrun for pyspark_test_work to None, run_after=None
[2025-04-03T18:53:32.291+0000] {processor.py:208} INFO - Processing /opt/airflow/dags/bank_transactions.py took 0.998 seconds
[2025-04-03T18:54:02.491+0000] {processor.py:186} INFO - Started process (PID=729) to work on /opt/airflow/dags/bank_transactions.py
[2025-04-03T18:54:02.492+0000] {processor.py:914} INFO - Processing file /opt/airflow/dags/bank_transactions.py for tasks to queue
[2025-04-03T18:54:02.495+0000] {logging_mixin.py:190} INFO - [2025-04-03T18:54:02.495+0000] {dagbag.py:588} INFO - Filling up the DagBag from /opt/airflow/dags/bank_transactions.py
[2025-04-03T18:54:03.427+0000] {processor.py:925} INFO - DAG(s) 'pyspark_test_work' retrieved from /opt/airflow/dags/bank_transactions.py
[2025-04-03T18:54:03.447+0000] {logging_mixin.py:190} INFO - [2025-04-03T18:54:03.447+0000] {dag.py:3239} INFO - Sync 1 DAGs
[2025-04-03T18:54:03.461+0000] {logging_mixin.py:190} INFO - [2025-04-03T18:54:03.461+0000] {dag.py:4180} INFO - Setting next_dagrun for pyspark_test_work to None, run_after=None
[2025-04-03T18:54:03.477+0000] {processor.py:208} INFO - Processing /opt/airflow/dags/bank_transactions.py took 0.994 seconds
[2025-04-03T18:54:33.727+0000] {processor.py:186} INFO - Started process (PID=742) to work on /opt/airflow/dags/bank_transactions.py
[2025-04-03T18:54:33.728+0000] {processor.py:914} INFO - Processing file /opt/airflow/dags/bank_transactions.py for tasks to queue
[2025-04-03T18:54:33.731+0000] {logging_mixin.py:190} INFO - [2025-04-03T18:54:33.731+0000] {dagbag.py:588} INFO - Filling up the DagBag from /opt/airflow/dags/bank_transactions.py
[2025-04-03T18:54:34.484+0000] {processor.py:925} INFO - DAG(s) 'pyspark_test_work' retrieved from /opt/airflow/dags/bank_transactions.py
[2025-04-03T18:54:34.703+0000] {logging_mixin.py:190} INFO - [2025-04-03T18:54:34.703+0000] {dag.py:3239} INFO - Sync 1 DAGs
[2025-04-03T18:54:34.717+0000] {logging_mixin.py:190} INFO - [2025-04-03T18:54:34.717+0000] {dag.py:4180} INFO - Setting next_dagrun for pyspark_test_work to None, run_after=None
[2025-04-03T18:54:34.736+0000] {processor.py:208} INFO - Processing /opt/airflow/dags/bank_transactions.py took 1.017 seconds
[2025-04-03T18:55:04.935+0000] {processor.py:186} INFO - Started process (PID=755) to work on /opt/airflow/dags/bank_transactions.py
[2025-04-03T18:55:04.937+0000] {processor.py:914} INFO - Processing file /opt/airflow/dags/bank_transactions.py for tasks to queue
[2025-04-03T18:55:04.940+0000] {logging_mixin.py:190} INFO - [2025-04-03T18:55:04.939+0000] {dagbag.py:588} INFO - Filling up the DagBag from /opt/airflow/dags/bank_transactions.py
[2025-04-03T18:55:05.686+0000] {processor.py:925} INFO - DAG(s) 'pyspark_test_work' retrieved from /opt/airflow/dags/bank_transactions.py
[2025-04-03T18:55:05.913+0000] {logging_mixin.py:190} INFO - [2025-04-03T18:55:05.913+0000] {dag.py:3239} INFO - Sync 1 DAGs
[2025-04-03T18:55:05.927+0000] {logging_mixin.py:190} INFO - [2025-04-03T18:55:05.926+0000] {dag.py:4180} INFO - Setting next_dagrun for pyspark_test_work to None, run_after=None
[2025-04-03T18:55:05.948+0000] {processor.py:208} INFO - Processing /opt/airflow/dags/bank_transactions.py took 1.020 seconds
