[2025-04-03T18:04:01.007+0000] {processor.py:186} INFO - Started process (PID=69) to work on /opt/airflow/dags/spark_example.py
[2025-04-03T18:04:01.008+0000] {processor.py:914} INFO - Processing file /opt/airflow/dags/spark_example.py for tasks to queue
[2025-04-03T18:04:01.011+0000] {logging_mixin.py:190} INFO - [2025-04-03T18:04:01.010+0000] {dagbag.py:588} INFO - Filling up the DagBag from /opt/airflow/dags/spark_example.py
[2025-04-03T18:04:01.962+0000] {processor.py:925} INFO - DAG(s) 'spark_example' retrieved from /opt/airflow/dags/spark_example.py
[2025-04-03T18:04:01.993+0000] {logging_mixin.py:190} INFO - [2025-04-03T18:04:01.992+0000] {dag.py:3239} INFO - Sync 1 DAGs
[2025-04-03T18:04:02.012+0000] {logging_mixin.py:190} INFO - [2025-04-03T18:04:02.011+0000] {dag.py:4180} INFO - Setting next_dagrun for spark_example to None, run_after=None
[2025-04-03T18:04:02.062+0000] {processor.py:208} INFO - Processing /opt/airflow/dags/spark_example.py took 1.064 seconds
[2025-04-03T18:04:32.279+0000] {processor.py:186} INFO - Started process (PID=82) to work on /opt/airflow/dags/spark_example.py
[2025-04-03T18:04:32.280+0000] {processor.py:914} INFO - Processing file /opt/airflow/dags/spark_example.py for tasks to queue
[2025-04-03T18:04:32.283+0000] {logging_mixin.py:190} INFO - [2025-04-03T18:04:32.283+0000] {dagbag.py:588} INFO - Filling up the DagBag from /opt/airflow/dags/spark_example.py
[2025-04-03T18:04:33.027+0000] {processor.py:925} INFO - DAG(s) 'spark_example' retrieved from /opt/airflow/dags/spark_example.py
[2025-04-03T18:04:33.051+0000] {logging_mixin.py:190} INFO - [2025-04-03T18:04:33.050+0000] {dag.py:3239} INFO - Sync 1 DAGs
[2025-04-03T18:04:33.064+0000] {logging_mixin.py:190} INFO - [2025-04-03T18:04:33.064+0000] {dag.py:4180} INFO - Setting next_dagrun for spark_example to None, run_after=None
[2025-04-03T18:04:33.081+0000] {processor.py:208} INFO - Processing /opt/airflow/dags/spark_example.py took 0.810 seconds
[2025-04-03T18:05:03.528+0000] {processor.py:186} INFO - Started process (PID=95) to work on /opt/airflow/dags/spark_example.py
[2025-04-03T18:05:03.529+0000] {processor.py:914} INFO - Processing file /opt/airflow/dags/spark_example.py for tasks to queue
[2025-04-03T18:05:03.532+0000] {logging_mixin.py:190} INFO - [2025-04-03T18:05:03.532+0000] {dagbag.py:588} INFO - Filling up the DagBag from /opt/airflow/dags/spark_example.py
[2025-04-03T18:05:04.286+0000] {processor.py:925} INFO - DAG(s) 'spark_example' retrieved from /opt/airflow/dags/spark_example.py
[2025-04-03T18:05:04.308+0000] {logging_mixin.py:190} INFO - [2025-04-03T18:05:04.308+0000] {dag.py:3239} INFO - Sync 1 DAGs
[2025-04-03T18:05:04.321+0000] {logging_mixin.py:190} INFO - [2025-04-03T18:05:04.321+0000] {dag.py:4180} INFO - Setting next_dagrun for spark_example to None, run_after=None
[2025-04-03T18:05:04.339+0000] {processor.py:208} INFO - Processing /opt/airflow/dags/spark_example.py took 0.818 seconds
[2025-04-03T18:05:35.790+0000] {processor.py:186} INFO - Started process (PID=108) to work on /opt/airflow/dags/spark_example.py
[2025-04-03T18:05:35.793+0000] {processor.py:914} INFO - Processing file /opt/airflow/dags/spark_example.py for tasks to queue
[2025-04-03T18:05:35.796+0000] {logging_mixin.py:190} INFO - [2025-04-03T18:05:35.796+0000] {dagbag.py:588} INFO - Filling up the DagBag from /opt/airflow/dags/spark_example.py
[2025-04-03T18:05:36.550+0000] {processor.py:925} INFO - DAG(s) 'spark_example' retrieved from /opt/airflow/dags/spark_example.py
[2025-04-03T18:05:36.574+0000] {logging_mixin.py:190} INFO - [2025-04-03T18:05:36.574+0000] {dag.py:3239} INFO - Sync 1 DAGs
[2025-04-03T18:05:36.591+0000] {logging_mixin.py:190} INFO - [2025-04-03T18:05:36.591+0000] {dag.py:4180} INFO - Setting next_dagrun for spark_example to None, run_after=None
[2025-04-03T18:05:36.607+0000] {processor.py:208} INFO - Processing /opt/airflow/dags/spark_example.py took 0.826 seconds
[2025-04-03T18:06:08.274+0000] {processor.py:186} INFO - Started process (PID=121) to work on /opt/airflow/dags/spark_example.py
[2025-04-03T18:06:08.276+0000] {processor.py:914} INFO - Processing file /opt/airflow/dags/spark_example.py for tasks to queue
[2025-04-03T18:06:08.280+0000] {logging_mixin.py:190} INFO - [2025-04-03T18:06:08.279+0000] {dagbag.py:588} INFO - Filling up the DagBag from /opt/airflow/dags/spark_example.py
[2025-04-03T18:06:09.316+0000] {processor.py:925} INFO - DAG(s) 'spark_example' retrieved from /opt/airflow/dags/spark_example.py
[2025-04-03T18:06:09.339+0000] {logging_mixin.py:190} INFO - [2025-04-03T18:06:09.338+0000] {dag.py:3239} INFO - Sync 1 DAGs
[2025-04-03T18:06:09.488+0000] {logging_mixin.py:190} INFO - [2025-04-03T18:06:09.488+0000] {dag.py:4180} INFO - Setting next_dagrun for spark_example to None, run_after=None
[2025-04-03T18:06:09.506+0000] {processor.py:208} INFO - Processing /opt/airflow/dags/spark_example.py took 1.241 seconds
[2025-04-03T18:06:39.893+0000] {processor.py:186} INFO - Started process (PID=135) to work on /opt/airflow/dags/spark_example.py
[2025-04-03T18:06:39.894+0000] {processor.py:914} INFO - Processing file /opt/airflow/dags/spark_example.py for tasks to queue
[2025-04-03T18:06:39.897+0000] {logging_mixin.py:190} INFO - [2025-04-03T18:06:39.897+0000] {dagbag.py:588} INFO - Filling up the DagBag from /opt/airflow/dags/spark_example.py
[2025-04-03T18:06:40.690+0000] {processor.py:925} INFO - DAG(s) 'spark_example' retrieved from /opt/airflow/dags/spark_example.py
[2025-04-03T18:06:40.712+0000] {logging_mixin.py:190} INFO - [2025-04-03T18:06:40.711+0000] {dag.py:3239} INFO - Sync 1 DAGs
[2025-04-03T18:06:40.724+0000] {logging_mixin.py:190} INFO - [2025-04-03T18:06:40.724+0000] {dag.py:4180} INFO - Setting next_dagrun for spark_example to None, run_after=None
[2025-04-03T18:06:40.740+0000] {processor.py:208} INFO - Processing /opt/airflow/dags/spark_example.py took 0.857 seconds
[2025-04-03T18:07:11.508+0000] {processor.py:186} INFO - Started process (PID=148) to work on /opt/airflow/dags/spark_example.py
[2025-04-03T18:07:11.510+0000] {processor.py:914} INFO - Processing file /opt/airflow/dags/spark_example.py for tasks to queue
[2025-04-03T18:07:11.512+0000] {logging_mixin.py:190} INFO - [2025-04-03T18:07:11.512+0000] {dagbag.py:588} INFO - Filling up the DagBag from /opt/airflow/dags/spark_example.py
[2025-04-03T18:07:12.241+0000] {processor.py:925} INFO - DAG(s) 'spark_example' retrieved from /opt/airflow/dags/spark_example.py
[2025-04-03T18:07:12.262+0000] {logging_mixin.py:190} INFO - [2025-04-03T18:07:12.262+0000] {dag.py:3239} INFO - Sync 1 DAGs
[2025-04-03T18:07:12.276+0000] {logging_mixin.py:190} INFO - [2025-04-03T18:07:12.276+0000] {dag.py:4180} INFO - Setting next_dagrun for spark_example to None, run_after=None
[2025-04-03T18:07:12.295+0000] {processor.py:208} INFO - Processing /opt/airflow/dags/spark_example.py took 0.794 seconds
[2025-04-03T18:07:42.451+0000] {processor.py:186} INFO - Started process (PID=160) to work on /opt/airflow/dags/spark_example.py
[2025-04-03T18:07:42.452+0000] {processor.py:914} INFO - Processing file /opt/airflow/dags/spark_example.py for tasks to queue
[2025-04-03T18:07:42.455+0000] {logging_mixin.py:190} INFO - [2025-04-03T18:07:42.454+0000] {dagbag.py:588} INFO - Filling up the DagBag from /opt/airflow/dags/spark_example.py
[2025-04-03T18:07:43.136+0000] {processor.py:925} INFO - DAG(s) 'spark_example' retrieved from /opt/airflow/dags/spark_example.py
[2025-04-03T18:07:43.167+0000] {logging_mixin.py:190} INFO - [2025-04-03T18:07:43.166+0000] {dag.py:3239} INFO - Sync 1 DAGs
[2025-04-03T18:07:43.190+0000] {logging_mixin.py:190} INFO - [2025-04-03T18:07:43.189+0000] {dag.py:4180} INFO - Setting next_dagrun for spark_example to None, run_after=None
[2025-04-03T18:07:43.431+0000] {processor.py:208} INFO - Processing /opt/airflow/dags/spark_example.py took 0.987 seconds
[2025-04-03T18:08:13.563+0000] {processor.py:186} INFO - Started process (PID=172) to work on /opt/airflow/dags/spark_example.py
[2025-04-03T18:08:13.565+0000] {processor.py:914} INFO - Processing file /opt/airflow/dags/spark_example.py for tasks to queue
[2025-04-03T18:08:13.567+0000] {logging_mixin.py:190} INFO - [2025-04-03T18:08:13.567+0000] {dagbag.py:588} INFO - Filling up the DagBag from /opt/airflow/dags/spark_example.py
[2025-04-03T18:08:14.149+0000] {processor.py:925} INFO - DAG(s) 'spark_example' retrieved from /opt/airflow/dags/spark_example.py
[2025-04-03T18:08:14.179+0000] {logging_mixin.py:190} INFO - [2025-04-03T18:08:14.179+0000] {dag.py:3239} INFO - Sync 1 DAGs
[2025-04-03T18:08:14.402+0000] {logging_mixin.py:190} INFO - [2025-04-03T18:08:14.402+0000] {dag.py:4180} INFO - Setting next_dagrun for spark_example to None, run_after=None
[2025-04-03T18:08:14.420+0000] {processor.py:208} INFO - Processing /opt/airflow/dags/spark_example.py took 0.865 seconds
[2025-04-03T18:08:44.847+0000] {processor.py:186} INFO - Started process (PID=185) to work on /opt/airflow/dags/spark_example.py
[2025-04-03T18:08:44.848+0000] {processor.py:914} INFO - Processing file /opt/airflow/dags/spark_example.py for tasks to queue
[2025-04-03T18:08:44.851+0000] {logging_mixin.py:190} INFO - [2025-04-03T18:08:44.850+0000] {dagbag.py:588} INFO - Filling up the DagBag from /opt/airflow/dags/spark_example.py
[2025-04-03T18:08:45.423+0000] {processor.py:925} INFO - DAG(s) 'spark_example' retrieved from /opt/airflow/dags/spark_example.py
[2025-04-03T18:08:45.457+0000] {logging_mixin.py:190} INFO - [2025-04-03T18:08:45.456+0000] {dag.py:3239} INFO - Sync 1 DAGs
[2025-04-03T18:08:45.663+0000] {logging_mixin.py:190} INFO - [2025-04-03T18:08:45.663+0000] {dag.py:4180} INFO - Setting next_dagrun for spark_example to None, run_after=None
[2025-04-03T18:08:45.681+0000] {processor.py:208} INFO - Processing /opt/airflow/dags/spark_example.py took 0.841 seconds
[2025-04-03T18:09:16.058+0000] {processor.py:186} INFO - Started process (PID=198) to work on /opt/airflow/dags/spark_example.py
[2025-04-03T18:09:16.060+0000] {processor.py:914} INFO - Processing file /opt/airflow/dags/spark_example.py for tasks to queue
[2025-04-03T18:09:16.062+0000] {logging_mixin.py:190} INFO - [2025-04-03T18:09:16.062+0000] {dagbag.py:588} INFO - Filling up the DagBag from /opt/airflow/dags/spark_example.py
[2025-04-03T18:09:16.632+0000] {processor.py:925} INFO - DAG(s) 'spark_example' retrieved from /opt/airflow/dags/spark_example.py
[2025-04-03T18:09:16.663+0000] {logging_mixin.py:190} INFO - [2025-04-03T18:09:16.662+0000] {dag.py:3239} INFO - Sync 1 DAGs
[2025-04-03T18:09:16.684+0000] {logging_mixin.py:190} INFO - [2025-04-03T18:09:16.683+0000] {dag.py:4180} INFO - Setting next_dagrun for spark_example to None, run_after=None
[2025-04-03T18:09:16.707+0000] {processor.py:208} INFO - Processing /opt/airflow/dags/spark_example.py took 0.657 seconds
[2025-04-03T18:09:47.220+0000] {processor.py:186} INFO - Started process (PID=211) to work on /opt/airflow/dags/spark_example.py
[2025-04-03T18:09:47.221+0000] {processor.py:914} INFO - Processing file /opt/airflow/dags/spark_example.py for tasks to queue
[2025-04-03T18:09:47.224+0000] {logging_mixin.py:190} INFO - [2025-04-03T18:09:47.223+0000] {dagbag.py:588} INFO - Filling up the DagBag from /opt/airflow/dags/spark_example.py
[2025-04-03T18:09:47.783+0000] {processor.py:925} INFO - DAG(s) 'spark_example' retrieved from /opt/airflow/dags/spark_example.py
[2025-04-03T18:09:47.808+0000] {logging_mixin.py:190} INFO - [2025-04-03T18:09:47.808+0000] {dag.py:3239} INFO - Sync 1 DAGs
[2025-04-03T18:09:47.824+0000] {logging_mixin.py:190} INFO - [2025-04-03T18:09:47.824+0000] {dag.py:4180} INFO - Setting next_dagrun for spark_example to None, run_after=None
[2025-04-03T18:09:47.841+0000] {processor.py:208} INFO - Processing /opt/airflow/dags/spark_example.py took 0.629 seconds
[2025-04-03T18:10:18.367+0000] {processor.py:186} INFO - Started process (PID=224) to work on /opt/airflow/dags/spark_example.py
[2025-04-03T18:10:18.370+0000] {processor.py:914} INFO - Processing file /opt/airflow/dags/spark_example.py for tasks to queue
[2025-04-03T18:10:18.373+0000] {logging_mixin.py:190} INFO - [2025-04-03T18:10:18.372+0000] {dagbag.py:588} INFO - Filling up the DagBag from /opt/airflow/dags/spark_example.py
[2025-04-03T18:10:18.935+0000] {processor.py:925} INFO - DAG(s) 'spark_example' retrieved from /opt/airflow/dags/spark_example.py
[2025-04-03T18:10:18.960+0000] {logging_mixin.py:190} INFO - [2025-04-03T18:10:18.960+0000] {dag.py:3239} INFO - Sync 1 DAGs
[2025-04-03T18:10:18.975+0000] {logging_mixin.py:190} INFO - [2025-04-03T18:10:18.975+0000] {dag.py:4180} INFO - Setting next_dagrun for spark_example to None, run_after=None
[2025-04-03T18:10:19.207+0000] {processor.py:208} INFO - Processing /opt/airflow/dags/spark_example.py took 0.846 seconds
[2025-04-03T18:10:49.555+0000] {processor.py:186} INFO - Started process (PID=237) to work on /opt/airflow/dags/spark_example.py
[2025-04-03T18:10:49.556+0000] {processor.py:914} INFO - Processing file /opt/airflow/dags/spark_example.py for tasks to queue
[2025-04-03T18:10:49.558+0000] {logging_mixin.py:190} INFO - [2025-04-03T18:10:49.558+0000] {dagbag.py:588} INFO - Filling up the DagBag from /opt/airflow/dags/spark_example.py
[2025-04-03T18:10:50.139+0000] {processor.py:925} INFO - DAG(s) 'spark_example' retrieved from /opt/airflow/dags/spark_example.py
[2025-04-03T18:10:50.168+0000] {logging_mixin.py:190} INFO - [2025-04-03T18:10:50.168+0000] {dag.py:3239} INFO - Sync 1 DAGs
[2025-04-03T18:10:50.380+0000] {logging_mixin.py:190} INFO - [2025-04-03T18:10:50.380+0000] {dag.py:4180} INFO - Setting next_dagrun for spark_example to None, run_after=None
[2025-04-03T18:10:50.398+0000] {processor.py:208} INFO - Processing /opt/airflow/dags/spark_example.py took 0.850 seconds
[2025-04-03T18:11:20.851+0000] {processor.py:186} INFO - Started process (PID=250) to work on /opt/airflow/dags/spark_example.py
[2025-04-03T18:11:20.853+0000] {processor.py:914} INFO - Processing file /opt/airflow/dags/spark_example.py for tasks to queue
[2025-04-03T18:11:20.856+0000] {logging_mixin.py:190} INFO - [2025-04-03T18:11:20.856+0000] {dagbag.py:588} INFO - Filling up the DagBag from /opt/airflow/dags/spark_example.py
[2025-04-03T18:11:21.426+0000] {processor.py:925} INFO - DAG(s) 'spark_example' retrieved from /opt/airflow/dags/spark_example.py
[2025-04-03T18:11:21.645+0000] {logging_mixin.py:190} INFO - [2025-04-03T18:11:21.645+0000] {dag.py:3239} INFO - Sync 1 DAGs
[2025-04-03T18:11:21.658+0000] {logging_mixin.py:190} INFO - [2025-04-03T18:11:21.658+0000] {dag.py:4180} INFO - Setting next_dagrun for spark_example to None, run_after=None
[2025-04-03T18:11:21.676+0000] {processor.py:208} INFO - Processing /opt/airflow/dags/spark_example.py took 0.833 seconds
[2025-04-03T18:11:51.978+0000] {processor.py:186} INFO - Started process (PID=263) to work on /opt/airflow/dags/spark_example.py
[2025-04-03T18:11:51.979+0000] {processor.py:914} INFO - Processing file /opt/airflow/dags/spark_example.py for tasks to queue
[2025-04-03T18:11:51.981+0000] {logging_mixin.py:190} INFO - [2025-04-03T18:11:51.981+0000] {dagbag.py:588} INFO - Filling up the DagBag from /opt/airflow/dags/spark_example.py
[2025-04-03T18:11:52.557+0000] {processor.py:925} INFO - DAG(s) 'spark_example' retrieved from /opt/airflow/dags/spark_example.py
[2025-04-03T18:11:52.772+0000] {logging_mixin.py:190} INFO - [2025-04-03T18:11:52.771+0000] {dag.py:3239} INFO - Sync 1 DAGs
[2025-04-03T18:11:52.785+0000] {logging_mixin.py:190} INFO - [2025-04-03T18:11:52.785+0000] {dag.py:4180} INFO - Setting next_dagrun for spark_example to None, run_after=None
[2025-04-03T18:11:52.803+0000] {processor.py:208} INFO - Processing /opt/airflow/dags/spark_example.py took 0.832 seconds
[2025-04-03T18:12:23.200+0000] {processor.py:186} INFO - Started process (PID=276) to work on /opt/airflow/dags/spark_example.py
[2025-04-03T18:12:23.202+0000] {processor.py:914} INFO - Processing file /opt/airflow/dags/spark_example.py for tasks to queue
[2025-04-03T18:12:23.205+0000] {logging_mixin.py:190} INFO - [2025-04-03T18:12:23.204+0000] {dagbag.py:588} INFO - Filling up the DagBag from /opt/airflow/dags/spark_example.py
[2025-04-03T18:12:23.786+0000] {processor.py:925} INFO - DAG(s) 'spark_example' retrieved from /opt/airflow/dags/spark_example.py
[2025-04-03T18:12:23.812+0000] {logging_mixin.py:190} INFO - [2025-04-03T18:12:23.811+0000] {dag.py:3239} INFO - Sync 1 DAGs
[2025-04-03T18:12:23.827+0000] {logging_mixin.py:190} INFO - [2025-04-03T18:12:23.827+0000] {dag.py:4180} INFO - Setting next_dagrun for spark_example to None, run_after=None
[2025-04-03T18:12:23.845+0000] {processor.py:208} INFO - Processing /opt/airflow/dags/spark_example.py took 0.653 seconds
[2025-04-03T18:12:55.387+0000] {processor.py:186} INFO - Started process (PID=290) to work on /opt/airflow/dags/spark_example.py
[2025-04-03T18:12:55.388+0000] {processor.py:914} INFO - Processing file /opt/airflow/dags/spark_example.py for tasks to queue
[2025-04-03T18:12:55.390+0000] {logging_mixin.py:190} INFO - [2025-04-03T18:12:55.390+0000] {dagbag.py:588} INFO - Filling up the DagBag from /opt/airflow/dags/spark_example.py
[2025-04-03T18:12:56.030+0000] {processor.py:925} INFO - DAG(s) 'spark_example' retrieved from /opt/airflow/dags/spark_example.py
[2025-04-03T18:12:56.056+0000] {logging_mixin.py:190} INFO - [2025-04-03T18:12:56.055+0000] {dag.py:3239} INFO - Sync 1 DAGs
[2025-04-03T18:12:56.071+0000] {logging_mixin.py:190} INFO - [2025-04-03T18:12:56.071+0000] {dag.py:4180} INFO - Setting next_dagrun for spark_example to None, run_after=None
[2025-04-03T18:12:56.092+0000] {processor.py:208} INFO - Processing /opt/airflow/dags/spark_example.py took 0.712 seconds
[2025-04-03T18:13:26.466+0000] {processor.py:186} INFO - Started process (PID=304) to work on /opt/airflow/dags/spark_example.py
[2025-04-03T18:13:26.467+0000] {processor.py:914} INFO - Processing file /opt/airflow/dags/spark_example.py for tasks to queue
[2025-04-03T18:13:26.470+0000] {logging_mixin.py:190} INFO - [2025-04-03T18:13:26.470+0000] {dagbag.py:588} INFO - Filling up the DagBag from /opt/airflow/dags/spark_example.py
[2025-04-03T18:13:27.079+0000] {processor.py:925} INFO - DAG(s) 'spark_example' retrieved from /opt/airflow/dags/spark_example.py
[2025-04-03T18:13:27.105+0000] {logging_mixin.py:190} INFO - [2025-04-03T18:13:27.105+0000] {dag.py:3239} INFO - Sync 1 DAGs
[2025-04-03T18:13:27.326+0000] {logging_mixin.py:190} INFO - [2025-04-03T18:13:27.326+0000] {dag.py:4180} INFO - Setting next_dagrun for spark_example to None, run_after=None
[2025-04-03T18:13:27.345+0000] {processor.py:208} INFO - Processing /opt/airflow/dags/spark_example.py took 0.887 seconds
[2025-04-03T18:13:57.606+0000] {processor.py:186} INFO - Started process (PID=316) to work on /opt/airflow/dags/spark_example.py
[2025-04-03T18:13:57.607+0000] {processor.py:914} INFO - Processing file /opt/airflow/dags/spark_example.py for tasks to queue
[2025-04-03T18:13:57.610+0000] {logging_mixin.py:190} INFO - [2025-04-03T18:13:57.609+0000] {dagbag.py:588} INFO - Filling up the DagBag from /opt/airflow/dags/spark_example.py
[2025-04-03T18:13:58.202+0000] {processor.py:925} INFO - DAG(s) 'spark_example' retrieved from /opt/airflow/dags/spark_example.py
[2025-04-03T18:13:58.235+0000] {logging_mixin.py:190} INFO - [2025-04-03T18:13:58.234+0000] {dag.py:3239} INFO - Sync 1 DAGs
[2025-04-03T18:13:58.446+0000] {logging_mixin.py:190} INFO - [2025-04-03T18:13:58.446+0000] {dag.py:4180} INFO - Setting next_dagrun for spark_example to None, run_after=None
[2025-04-03T18:13:58.465+0000] {processor.py:208} INFO - Processing /opt/airflow/dags/spark_example.py took 0.867 seconds
[2025-04-03T18:27:56.586+0000] {processor.py:186} INFO - Started process (PID=69) to work on /opt/airflow/dags/spark_example.py
[2025-04-03T18:27:56.590+0000] {processor.py:914} INFO - Processing file /opt/airflow/dags/spark_example.py for tasks to queue
[2025-04-03T18:27:56.595+0000] {logging_mixin.py:190} INFO - [2025-04-03T18:27:56.595+0000] {dagbag.py:588} INFO - Filling up the DagBag from /opt/airflow/dags/spark_example.py
[2025-04-03T18:27:57.536+0000] {processor.py:925} INFO - DAG(s) 'spark_example' retrieved from /opt/airflow/dags/spark_example.py
[2025-04-03T18:27:57.561+0000] {logging_mixin.py:190} INFO - [2025-04-03T18:27:57.560+0000] {dag.py:3239} INFO - Sync 1 DAGs
[2025-04-03T18:27:57.578+0000] {logging_mixin.py:190} INFO - [2025-04-03T18:27:57.578+0000] {dag.py:4180} INFO - Setting next_dagrun for spark_example to None, run_after=None
[2025-04-03T18:27:57.595+0000] {processor.py:208} INFO - Processing /opt/airflow/dags/spark_example.py took 1.019 seconds
[2025-04-03T18:28:27.835+0000] {processor.py:186} INFO - Started process (PID=84) to work on /opt/airflow/dags/spark_example.py
[2025-04-03T18:28:27.836+0000] {processor.py:914} INFO - Processing file /opt/airflow/dags/spark_example.py for tasks to queue
[2025-04-03T18:28:27.838+0000] {logging_mixin.py:190} INFO - [2025-04-03T18:28:27.838+0000] {dagbag.py:588} INFO - Filling up the DagBag from /opt/airflow/dags/spark_example.py
[2025-04-03T18:28:28.591+0000] {processor.py:925} INFO - DAG(s) 'spark_example' retrieved from /opt/airflow/dags/spark_example.py
[2025-04-03T18:28:28.613+0000] {logging_mixin.py:190} INFO - [2025-04-03T18:28:28.613+0000] {dag.py:3239} INFO - Sync 1 DAGs
[2025-04-03T18:28:28.626+0000] {logging_mixin.py:190} INFO - [2025-04-03T18:28:28.625+0000] {dag.py:4180} INFO - Setting next_dagrun for spark_example to None, run_after=None
[2025-04-03T18:28:28.640+0000] {processor.py:208} INFO - Processing /opt/airflow/dags/spark_example.py took 0.812 seconds
[2025-04-03T18:28:59.556+0000] {processor.py:186} INFO - Started process (PID=97) to work on /opt/airflow/dags/spark_example.py
[2025-04-03T18:28:59.573+0000] {processor.py:914} INFO - Processing file /opt/airflow/dags/spark_example.py for tasks to queue
[2025-04-03T18:28:59.577+0000] {logging_mixin.py:190} INFO - [2025-04-03T18:28:59.577+0000] {dagbag.py:588} INFO - Filling up the DagBag from /opt/airflow/dags/spark_example.py
[2025-04-03T18:29:00.342+0000] {processor.py:925} INFO - DAG(s) 'spark_example' retrieved from /opt/airflow/dags/spark_example.py
[2025-04-03T18:29:00.362+0000] {logging_mixin.py:190} INFO - [2025-04-03T18:29:00.362+0000] {dag.py:3239} INFO - Sync 1 DAGs
[2025-04-03T18:29:00.375+0000] {logging_mixin.py:190} INFO - [2025-04-03T18:29:00.374+0000] {dag.py:4180} INFO - Setting next_dagrun for spark_example to None, run_after=None
[2025-04-03T18:29:00.392+0000] {processor.py:208} INFO - Processing /opt/airflow/dags/spark_example.py took 0.844 seconds
[2025-04-03T18:29:31.740+0000] {processor.py:186} INFO - Started process (PID=110) to work on /opt/airflow/dags/spark_example.py
[2025-04-03T18:29:31.747+0000] {processor.py:914} INFO - Processing file /opt/airflow/dags/spark_example.py for tasks to queue
[2025-04-03T18:29:31.750+0000] {logging_mixin.py:190} INFO - [2025-04-03T18:29:31.750+0000] {dagbag.py:588} INFO - Filling up the DagBag from /opt/airflow/dags/spark_example.py
[2025-04-03T18:29:33.213+0000] {processor.py:925} INFO - DAG(s) 'spark_example' retrieved from /opt/airflow/dags/spark_example.py
[2025-04-03T18:29:33.281+0000] {logging_mixin.py:190} INFO - [2025-04-03T18:29:33.280+0000] {dag.py:3239} INFO - Sync 1 DAGs
[2025-04-03T18:29:33.306+0000] {logging_mixin.py:190} INFO - [2025-04-03T18:29:33.305+0000] {dag.py:4180} INFO - Setting next_dagrun for spark_example to None, run_after=None
[2025-04-03T18:29:33.331+0000] {processor.py:208} INFO - Processing /opt/airflow/dags/spark_example.py took 1.603 seconds
[2025-04-03T18:30:04.224+0000] {processor.py:186} INFO - Started process (PID=122) to work on /opt/airflow/dags/spark_example.py
[2025-04-03T18:30:04.250+0000] {processor.py:914} INFO - Processing file /opt/airflow/dags/spark_example.py for tasks to queue
[2025-04-03T18:30:04.255+0000] {logging_mixin.py:190} INFO - [2025-04-03T18:30:04.254+0000] {dagbag.py:588} INFO - Filling up the DagBag from /opt/airflow/dags/spark_example.py
[2025-04-03T18:30:07.510+0000] {processor.py:925} INFO - DAG(s) 'spark_example' retrieved from /opt/airflow/dags/spark_example.py
[2025-04-03T18:30:07.552+0000] {logging_mixin.py:190} INFO - [2025-04-03T18:30:07.551+0000] {dag.py:3239} INFO - Sync 1 DAGs
[2025-04-03T18:30:07.574+0000] {logging_mixin.py:190} INFO - [2025-04-03T18:30:07.574+0000] {dag.py:4180} INFO - Setting next_dagrun for spark_example to None, run_after=None
[2025-04-03T18:30:07.658+0000] {processor.py:208} INFO - Processing /opt/airflow/dags/spark_example.py took 3.456 seconds
[2025-04-03T18:30:37.855+0000] {processor.py:186} INFO - Started process (PID=134) to work on /opt/airflow/dags/spark_example.py
[2025-04-03T18:30:37.872+0000] {processor.py:914} INFO - Processing file /opt/airflow/dags/spark_example.py for tasks to queue
[2025-04-03T18:30:37.875+0000] {logging_mixin.py:190} INFO - [2025-04-03T18:30:37.875+0000] {dagbag.py:588} INFO - Filling up the DagBag from /opt/airflow/dags/spark_example.py
[2025-04-03T18:30:38.746+0000] {processor.py:925} INFO - DAG(s) 'spark_example' retrieved from /opt/airflow/dags/spark_example.py
[2025-04-03T18:30:38.776+0000] {logging_mixin.py:190} INFO - [2025-04-03T18:30:38.775+0000] {dag.py:3239} INFO - Sync 1 DAGs
[2025-04-03T18:30:38.796+0000] {logging_mixin.py:190} INFO - [2025-04-03T18:30:38.795+0000] {dag.py:4180} INFO - Setting next_dagrun for spark_example to None, run_after=None
[2025-04-03T18:30:38.819+0000] {processor.py:208} INFO - Processing /opt/airflow/dags/spark_example.py took 0.972 seconds
[2025-04-03T18:31:09.528+0000] {processor.py:186} INFO - Started process (PID=147) to work on /opt/airflow/dags/spark_example.py
[2025-04-03T18:31:09.530+0000] {processor.py:914} INFO - Processing file /opt/airflow/dags/spark_example.py for tasks to queue
[2025-04-03T18:31:09.533+0000] {logging_mixin.py:190} INFO - [2025-04-03T18:31:09.533+0000] {dagbag.py:588} INFO - Filling up the DagBag from /opt/airflow/dags/spark_example.py
[2025-04-03T18:31:10.408+0000] {processor.py:925} INFO - DAG(s) 'spark_example' retrieved from /opt/airflow/dags/spark_example.py
[2025-04-03T18:31:10.438+0000] {logging_mixin.py:190} INFO - [2025-04-03T18:31:10.438+0000] {dag.py:3239} INFO - Sync 1 DAGs
[2025-04-03T18:31:10.457+0000] {logging_mixin.py:190} INFO - [2025-04-03T18:31:10.457+0000] {dag.py:4180} INFO - Setting next_dagrun for spark_example to None, run_after=None
[2025-04-03T18:31:10.480+0000] {processor.py:208} INFO - Processing /opt/airflow/dags/spark_example.py took 0.959 seconds
[2025-04-03T18:31:41.146+0000] {processor.py:186} INFO - Started process (PID=160) to work on /opt/airflow/dags/spark_example.py
[2025-04-03T18:31:41.148+0000] {processor.py:914} INFO - Processing file /opt/airflow/dags/spark_example.py for tasks to queue
[2025-04-03T18:31:41.151+0000] {logging_mixin.py:190} INFO - [2025-04-03T18:31:41.151+0000] {dagbag.py:588} INFO - Filling up the DagBag from /opt/airflow/dags/spark_example.py
[2025-04-03T18:31:41.735+0000] {processor.py:925} INFO - DAG(s) 'spark_example' retrieved from /opt/airflow/dags/spark_example.py
[2025-04-03T18:31:41.762+0000] {logging_mixin.py:190} INFO - [2025-04-03T18:31:41.761+0000] {dag.py:3239} INFO - Sync 1 DAGs
[2025-04-03T18:31:41.779+0000] {logging_mixin.py:190} INFO - [2025-04-03T18:31:41.779+0000] {dag.py:4180} INFO - Setting next_dagrun for spark_example to None, run_after=None
[2025-04-03T18:31:42.002+0000] {processor.py:208} INFO - Processing /opt/airflow/dags/spark_example.py took 0.865 seconds
[2025-04-03T18:32:12.354+0000] {processor.py:186} INFO - Started process (PID=173) to work on /opt/airflow/dags/spark_example.py
[2025-04-03T18:32:12.355+0000] {processor.py:914} INFO - Processing file /opt/airflow/dags/spark_example.py for tasks to queue
[2025-04-03T18:32:12.358+0000] {logging_mixin.py:190} INFO - [2025-04-03T18:32:12.357+0000] {dagbag.py:588} INFO - Filling up the DagBag from /opt/airflow/dags/spark_example.py
[2025-04-03T18:32:12.934+0000] {processor.py:925} INFO - DAG(s) 'spark_example' retrieved from /opt/airflow/dags/spark_example.py
[2025-04-03T18:32:12.966+0000] {logging_mixin.py:190} INFO - [2025-04-03T18:32:12.966+0000] {dag.py:3239} INFO - Sync 1 DAGs
[2025-04-03T18:32:13.184+0000] {logging_mixin.py:190} INFO - [2025-04-03T18:32:13.183+0000] {dag.py:4180} INFO - Setting next_dagrun for spark_example to None, run_after=None
[2025-04-03T18:32:13.202+0000] {processor.py:208} INFO - Processing /opt/airflow/dags/spark_example.py took 0.858 seconds
[2025-04-03T18:32:43.567+0000] {processor.py:186} INFO - Started process (PID=186) to work on /opt/airflow/dags/spark_example.py
[2025-04-03T18:32:43.569+0000] {processor.py:914} INFO - Processing file /opt/airflow/dags/spark_example.py for tasks to queue
[2025-04-03T18:32:43.572+0000] {logging_mixin.py:190} INFO - [2025-04-03T18:32:43.572+0000] {dagbag.py:588} INFO - Filling up the DagBag from /opt/airflow/dags/spark_example.py
[2025-04-03T18:32:44.149+0000] {processor.py:925} INFO - DAG(s) 'spark_example' retrieved from /opt/airflow/dags/spark_example.py
[2025-04-03T18:32:44.178+0000] {logging_mixin.py:190} INFO - [2025-04-03T18:32:44.177+0000] {dag.py:3239} INFO - Sync 1 DAGs
[2025-04-03T18:32:44.384+0000] {logging_mixin.py:190} INFO - [2025-04-03T18:32:44.384+0000] {dag.py:4180} INFO - Setting next_dagrun for spark_example to None, run_after=None
[2025-04-03T18:32:44.403+0000] {processor.py:208} INFO - Processing /opt/airflow/dags/spark_example.py took 0.846 seconds
[2025-04-03T18:33:14.782+0000] {processor.py:186} INFO - Started process (PID=199) to work on /opt/airflow/dags/spark_example.py
[2025-04-03T18:33:14.784+0000] {processor.py:914} INFO - Processing file /opt/airflow/dags/spark_example.py for tasks to queue
[2025-04-03T18:33:14.786+0000] {logging_mixin.py:190} INFO - [2025-04-03T18:33:14.786+0000] {dagbag.py:588} INFO - Filling up the DagBag from /opt/airflow/dags/spark_example.py
[2025-04-03T18:33:15.374+0000] {processor.py:925} INFO - DAG(s) 'spark_example' retrieved from /opt/airflow/dags/spark_example.py
[2025-04-03T18:33:15.406+0000] {logging_mixin.py:190} INFO - [2025-04-03T18:33:15.406+0000] {dag.py:3239} INFO - Sync 1 DAGs
[2025-04-03T18:33:15.429+0000] {logging_mixin.py:190} INFO - [2025-04-03T18:33:15.429+0000] {dag.py:4180} INFO - Setting next_dagrun for spark_example to None, run_after=None
[2025-04-03T18:33:15.454+0000] {processor.py:208} INFO - Processing /opt/airflow/dags/spark_example.py took 0.679 seconds
[2025-04-03T18:33:46.022+0000] {processor.py:186} INFO - Started process (PID=212) to work on /opt/airflow/dags/spark_example.py
[2025-04-03T18:33:46.023+0000] {processor.py:914} INFO - Processing file /opt/airflow/dags/spark_example.py for tasks to queue
[2025-04-03T18:33:46.027+0000] {logging_mixin.py:190} INFO - [2025-04-03T18:33:46.026+0000] {dagbag.py:588} INFO - Filling up the DagBag from /opt/airflow/dags/spark_example.py
[2025-04-03T18:33:46.604+0000] {processor.py:925} INFO - DAG(s) 'spark_example' retrieved from /opt/airflow/dags/spark_example.py
[2025-04-03T18:33:46.630+0000] {logging_mixin.py:190} INFO - [2025-04-03T18:33:46.630+0000] {dag.py:3239} INFO - Sync 1 DAGs
[2025-04-03T18:33:46.646+0000] {logging_mixin.py:190} INFO - [2025-04-03T18:33:46.646+0000] {dag.py:4180} INFO - Setting next_dagrun for spark_example to None, run_after=None
[2025-04-03T18:33:46.667+0000] {processor.py:208} INFO - Processing /opt/airflow/dags/spark_example.py took 0.653 seconds
[2025-04-03T18:34:17.234+0000] {processor.py:186} INFO - Started process (PID=225) to work on /opt/airflow/dags/spark_example.py
[2025-04-03T18:34:17.236+0000] {processor.py:914} INFO - Processing file /opt/airflow/dags/spark_example.py for tasks to queue
[2025-04-03T18:34:17.238+0000] {logging_mixin.py:190} INFO - [2025-04-03T18:34:17.238+0000] {dagbag.py:588} INFO - Filling up the DagBag from /opt/airflow/dags/spark_example.py
[2025-04-03T18:34:17.827+0000] {processor.py:925} INFO - DAG(s) 'spark_example' retrieved from /opt/airflow/dags/spark_example.py
[2025-04-03T18:34:17.853+0000] {logging_mixin.py:190} INFO - [2025-04-03T18:34:17.853+0000] {dag.py:3239} INFO - Sync 1 DAGs
[2025-04-03T18:34:17.869+0000] {logging_mixin.py:190} INFO - [2025-04-03T18:34:17.869+0000] {dag.py:4180} INFO - Setting next_dagrun for spark_example to None, run_after=None
[2025-04-03T18:34:18.119+0000] {processor.py:208} INFO - Processing /opt/airflow/dags/spark_example.py took 0.893 seconds
[2025-04-03T18:34:48.452+0000] {processor.py:186} INFO - Started process (PID=238) to work on /opt/airflow/dags/spark_example.py
[2025-04-03T18:34:48.453+0000] {processor.py:914} INFO - Processing file /opt/airflow/dags/spark_example.py for tasks to queue
[2025-04-03T18:34:48.456+0000] {logging_mixin.py:190} INFO - [2025-04-03T18:34:48.455+0000] {dagbag.py:588} INFO - Filling up the DagBag from /opt/airflow/dags/spark_example.py
[2025-04-03T18:34:49.048+0000] {processor.py:925} INFO - DAG(s) 'spark_example' retrieved from /opt/airflow/dags/spark_example.py
[2025-04-03T18:34:49.081+0000] {logging_mixin.py:190} INFO - [2025-04-03T18:34:49.081+0000] {dag.py:3239} INFO - Sync 1 DAGs
[2025-04-03T18:34:49.299+0000] {logging_mixin.py:190} INFO - [2025-04-03T18:34:49.298+0000] {dag.py:4180} INFO - Setting next_dagrun for spark_example to None, run_after=None
[2025-04-03T18:34:49.316+0000] {processor.py:208} INFO - Processing /opt/airflow/dags/spark_example.py took 0.872 seconds
[2025-04-03T18:35:19.699+0000] {processor.py:186} INFO - Started process (PID=251) to work on /opt/airflow/dags/spark_example.py
[2025-04-03T18:35:19.701+0000] {processor.py:914} INFO - Processing file /opt/airflow/dags/spark_example.py for tasks to queue
[2025-04-03T18:35:19.704+0000] {logging_mixin.py:190} INFO - [2025-04-03T18:35:19.704+0000] {dagbag.py:588} INFO - Filling up the DagBag from /opt/airflow/dags/spark_example.py
[2025-04-03T18:35:20.292+0000] {processor.py:925} INFO - DAG(s) 'spark_example' retrieved from /opt/airflow/dags/spark_example.py
[2025-04-03T18:35:20.521+0000] {logging_mixin.py:190} INFO - [2025-04-03T18:35:20.520+0000] {dag.py:3239} INFO - Sync 1 DAGs
[2025-04-03T18:35:20.535+0000] {logging_mixin.py:190} INFO - [2025-04-03T18:35:20.535+0000] {dag.py:4180} INFO - Setting next_dagrun for spark_example to None, run_after=None
[2025-04-03T18:35:20.553+0000] {processor.py:208} INFO - Processing /opt/airflow/dags/spark_example.py took 0.863 seconds
[2025-04-03T18:35:50.907+0000] {processor.py:186} INFO - Started process (PID=264) to work on /opt/airflow/dags/spark_example.py
[2025-04-03T18:35:50.908+0000] {processor.py:914} INFO - Processing file /opt/airflow/dags/spark_example.py for tasks to queue
[2025-04-03T18:35:50.911+0000] {logging_mixin.py:190} INFO - [2025-04-03T18:35:50.910+0000] {dagbag.py:588} INFO - Filling up the DagBag from /opt/airflow/dags/spark_example.py
[2025-04-03T18:35:51.487+0000] {processor.py:925} INFO - DAG(s) 'spark_example' retrieved from /opt/airflow/dags/spark_example.py
[2025-04-03T18:35:51.708+0000] {logging_mixin.py:190} INFO - [2025-04-03T18:35:51.707+0000] {dag.py:3239} INFO - Sync 1 DAGs
[2025-04-03T18:35:51.722+0000] {logging_mixin.py:190} INFO - [2025-04-03T18:35:51.721+0000] {dag.py:4180} INFO - Setting next_dagrun for spark_example to None, run_after=None
[2025-04-03T18:35:51.738+0000] {processor.py:208} INFO - Processing /opt/airflow/dags/spark_example.py took 0.839 seconds
[2025-04-03T18:36:22.130+0000] {processor.py:186} INFO - Started process (PID=277) to work on /opt/airflow/dags/spark_example.py
[2025-04-03T18:36:22.133+0000] {processor.py:914} INFO - Processing file /opt/airflow/dags/spark_example.py for tasks to queue
[2025-04-03T18:36:22.136+0000] {logging_mixin.py:190} INFO - [2025-04-03T18:36:22.135+0000] {dagbag.py:588} INFO - Filling up the DagBag from /opt/airflow/dags/spark_example.py
[2025-04-03T18:36:22.727+0000] {processor.py:925} INFO - DAG(s) 'spark_example' retrieved from /opt/airflow/dags/spark_example.py
[2025-04-03T18:36:22.767+0000] {logging_mixin.py:190} INFO - [2025-04-03T18:36:22.766+0000] {dag.py:3239} INFO - Sync 1 DAGs
[2025-04-03T18:36:22.789+0000] {logging_mixin.py:190} INFO - [2025-04-03T18:36:22.789+0000] {dag.py:4180} INFO - Setting next_dagrun for spark_example to None, run_after=None
[2025-04-03T18:36:22.807+0000] {processor.py:208} INFO - Processing /opt/airflow/dags/spark_example.py took 0.686 seconds
[2025-04-03T18:36:53.329+0000] {processor.py:186} INFO - Started process (PID=290) to work on /opt/airflow/dags/spark_example.py
[2025-04-03T18:36:53.330+0000] {processor.py:914} INFO - Processing file /opt/airflow/dags/spark_example.py for tasks to queue
[2025-04-03T18:36:53.333+0000] {logging_mixin.py:190} INFO - [2025-04-03T18:36:53.332+0000] {dagbag.py:588} INFO - Filling up the DagBag from /opt/airflow/dags/spark_example.py
[2025-04-03T18:36:53.905+0000] {processor.py:925} INFO - DAG(s) 'spark_example' retrieved from /opt/airflow/dags/spark_example.py
[2025-04-03T18:36:53.931+0000] {logging_mixin.py:190} INFO - [2025-04-03T18:36:53.930+0000] {dag.py:3239} INFO - Sync 1 DAGs
[2025-04-03T18:36:53.946+0000] {logging_mixin.py:190} INFO - [2025-04-03T18:36:53.946+0000] {dag.py:4180} INFO - Setting next_dagrun for spark_example to None, run_after=None
[2025-04-03T18:36:53.966+0000] {processor.py:208} INFO - Processing /opt/airflow/dags/spark_example.py took 0.644 seconds
[2025-04-03T18:37:24.454+0000] {processor.py:186} INFO - Started process (PID=303) to work on /opt/airflow/dags/spark_example.py
[2025-04-03T18:37:24.456+0000] {processor.py:914} INFO - Processing file /opt/airflow/dags/spark_example.py for tasks to queue
[2025-04-03T18:37:24.460+0000] {logging_mixin.py:190} INFO - [2025-04-03T18:37:24.459+0000] {dagbag.py:588} INFO - Filling up the DagBag from /opt/airflow/dags/spark_example.py
[2025-04-03T18:37:25.254+0000] {processor.py:925} INFO - DAG(s) 'spark_example' retrieved from /opt/airflow/dags/spark_example.py
[2025-04-03T18:37:25.291+0000] {logging_mixin.py:190} INFO - [2025-04-03T18:37:25.290+0000] {dag.py:3239} INFO - Sync 1 DAGs
[2025-04-03T18:37:25.521+0000] {logging_mixin.py:190} INFO - [2025-04-03T18:37:25.521+0000] {dag.py:4180} INFO - Setting next_dagrun for spark_example to None, run_after=None
[2025-04-03T18:37:25.542+0000] {processor.py:208} INFO - Processing /opt/airflow/dags/spark_example.py took 1.098 seconds
[2025-04-03T18:37:56.055+0000] {processor.py:186} INFO - Started process (PID=321) to work on /opt/airflow/dags/spark_example.py
[2025-04-03T18:37:56.057+0000] {processor.py:914} INFO - Processing file /opt/airflow/dags/spark_example.py for tasks to queue
[2025-04-03T18:37:56.061+0000] {logging_mixin.py:190} INFO - [2025-04-03T18:37:56.060+0000] {dagbag.py:588} INFO - Filling up the DagBag from /opt/airflow/dags/spark_example.py
[2025-04-03T18:37:56.961+0000] {processor.py:925} INFO - DAG(s) 'spark_example' retrieved from /opt/airflow/dags/spark_example.py
[2025-04-03T18:37:57.246+0000] {logging_mixin.py:190} INFO - [2025-04-03T18:37:57.246+0000] {dag.py:3239} INFO - Sync 1 DAGs
[2025-04-03T18:37:57.260+0000] {logging_mixin.py:190} INFO - [2025-04-03T18:37:57.260+0000] {dag.py:4180} INFO - Setting next_dagrun for spark_example to None, run_after=None
[2025-04-03T18:37:57.278+0000] {processor.py:208} INFO - Processing /opt/airflow/dags/spark_example.py took 1.234 seconds
[2025-04-03T18:38:27.477+0000] {processor.py:186} INFO - Started process (PID=334) to work on /opt/airflow/dags/spark_example.py
[2025-04-03T18:38:27.480+0000] {processor.py:914} INFO - Processing file /opt/airflow/dags/spark_example.py for tasks to queue
[2025-04-03T18:38:27.483+0000] {logging_mixin.py:190} INFO - [2025-04-03T18:38:27.483+0000] {dagbag.py:588} INFO - Filling up the DagBag from /opt/airflow/dags/spark_example.py
[2025-04-03T18:38:28.388+0000] {processor.py:925} INFO - DAG(s) 'spark_example' retrieved from /opt/airflow/dags/spark_example.py
[2025-04-03T18:38:28.711+0000] {logging_mixin.py:190} INFO - [2025-04-03T18:38:28.710+0000] {dag.py:3239} INFO - Sync 1 DAGs
[2025-04-03T18:38:28.732+0000] {logging_mixin.py:190} INFO - [2025-04-03T18:38:28.732+0000] {dag.py:4180} INFO - Setting next_dagrun for spark_example to None, run_after=None
[2025-04-03T18:38:28.755+0000] {processor.py:208} INFO - Processing /opt/airflow/dags/spark_example.py took 1.290 seconds
[2025-04-03T18:38:59.123+0000] {processor.py:186} INFO - Started process (PID=347) to work on /opt/airflow/dags/spark_example.py
[2025-04-03T18:38:59.124+0000] {processor.py:914} INFO - Processing file /opt/airflow/dags/spark_example.py for tasks to queue
[2025-04-03T18:38:59.128+0000] {logging_mixin.py:190} INFO - [2025-04-03T18:38:59.127+0000] {dagbag.py:588} INFO - Filling up the DagBag from /opt/airflow/dags/spark_example.py
[2025-04-03T18:38:59.729+0000] {processor.py:925} INFO - DAG(s) 'spark_example' retrieved from /opt/airflow/dags/spark_example.py
[2025-04-03T18:38:59.756+0000] {logging_mixin.py:190} INFO - [2025-04-03T18:38:59.756+0000] {dag.py:3239} INFO - Sync 1 DAGs
[2025-04-03T18:38:59.773+0000] {logging_mixin.py:190} INFO - [2025-04-03T18:38:59.772+0000] {dag.py:4180} INFO - Setting next_dagrun for spark_example to None, run_after=None
[2025-04-03T18:38:59.792+0000] {processor.py:208} INFO - Processing /opt/airflow/dags/spark_example.py took 0.679 seconds
[2025-04-03T18:39:30.518+0000] {processor.py:186} INFO - Started process (PID=360) to work on /opt/airflow/dags/spark_example.py
[2025-04-03T18:39:30.519+0000] {processor.py:914} INFO - Processing file /opt/airflow/dags/spark_example.py for tasks to queue
[2025-04-03T18:39:30.522+0000] {logging_mixin.py:190} INFO - [2025-04-03T18:39:30.522+0000] {dagbag.py:588} INFO - Filling up the DagBag from /opt/airflow/dags/spark_example.py
[2025-04-03T18:39:31.102+0000] {processor.py:925} INFO - DAG(s) 'spark_example' retrieved from /opt/airflow/dags/spark_example.py
[2025-04-03T18:39:31.130+0000] {logging_mixin.py:190} INFO - [2025-04-03T18:39:31.130+0000] {dag.py:3239} INFO - Sync 1 DAGs
[2025-04-03T18:39:31.147+0000] {logging_mixin.py:190} INFO - [2025-04-03T18:39:31.146+0000] {dag.py:4180} INFO - Setting next_dagrun for spark_example to None, run_after=None
[2025-04-03T18:39:31.399+0000] {processor.py:208} INFO - Processing /opt/airflow/dags/spark_example.py took 0.891 seconds
[2025-04-03T18:40:01.746+0000] {processor.py:186} INFO - Started process (PID=373) to work on /opt/airflow/dags/spark_example.py
[2025-04-03T18:40:01.755+0000] {processor.py:914} INFO - Processing file /opt/airflow/dags/spark_example.py for tasks to queue
[2025-04-03T18:40:01.758+0000] {logging_mixin.py:190} INFO - [2025-04-03T18:40:01.758+0000] {dagbag.py:588} INFO - Filling up the DagBag from /opt/airflow/dags/spark_example.py
[2025-04-03T18:40:02.604+0000] {processor.py:925} INFO - DAG(s) 'spark_example' retrieved from /opt/airflow/dags/spark_example.py
[2025-04-03T18:40:02.634+0000] {logging_mixin.py:190} INFO - [2025-04-03T18:40:02.634+0000] {dag.py:3239} INFO - Sync 1 DAGs
[2025-04-03T18:40:02.851+0000] {logging_mixin.py:190} INFO - [2025-04-03T18:40:02.850+0000] {dag.py:4180} INFO - Setting next_dagrun for spark_example to None, run_after=None
[2025-04-03T18:40:02.871+0000] {processor.py:208} INFO - Processing /opt/airflow/dags/spark_example.py took 1.135 seconds
[2025-04-03T18:40:33.219+0000] {processor.py:186} INFO - Started process (PID=386) to work on /opt/airflow/dags/spark_example.py
[2025-04-03T18:40:33.220+0000] {processor.py:914} INFO - Processing file /opt/airflow/dags/spark_example.py for tasks to queue
[2025-04-03T18:40:33.223+0000] {logging_mixin.py:190} INFO - [2025-04-03T18:40:33.222+0000] {dagbag.py:588} INFO - Filling up the DagBag from /opt/airflow/dags/spark_example.py
[2025-04-03T18:40:33.798+0000] {processor.py:925} INFO - DAG(s) 'spark_example' retrieved from /opt/airflow/dags/spark_example.py
[2025-04-03T18:40:34.040+0000] {logging_mixin.py:190} INFO - [2025-04-03T18:40:34.039+0000] {dag.py:3239} INFO - Sync 1 DAGs
[2025-04-03T18:40:34.055+0000] {logging_mixin.py:190} INFO - [2025-04-03T18:40:34.054+0000] {dag.py:4180} INFO - Setting next_dagrun for spark_example to None, run_after=None
[2025-04-03T18:40:34.074+0000] {processor.py:208} INFO - Processing /opt/airflow/dags/spark_example.py took 0.863 seconds
[2025-04-03T18:41:04.444+0000] {processor.py:186} INFO - Started process (PID=399) to work on /opt/airflow/dags/spark_example.py
[2025-04-03T18:41:04.446+0000] {processor.py:914} INFO - Processing file /opt/airflow/dags/spark_example.py for tasks to queue
[2025-04-03T18:41:04.449+0000] {logging_mixin.py:190} INFO - [2025-04-03T18:41:04.448+0000] {dagbag.py:588} INFO - Filling up the DagBag from /opt/airflow/dags/spark_example.py
[2025-04-03T18:41:05.251+0000] {processor.py:925} INFO - DAG(s) 'spark_example' retrieved from /opt/airflow/dags/spark_example.py
[2025-04-03T18:41:05.272+0000] {logging_mixin.py:190} INFO - [2025-04-03T18:41:05.272+0000] {dag.py:3239} INFO - Sync 1 DAGs
[2025-04-03T18:41:05.285+0000] {logging_mixin.py:190} INFO - [2025-04-03T18:41:05.285+0000] {dag.py:4180} INFO - Setting next_dagrun for spark_example to None, run_after=None
[2025-04-03T18:41:05.301+0000] {processor.py:208} INFO - Processing /opt/airflow/dags/spark_example.py took 0.864 seconds
[2025-04-03T18:41:35.647+0000] {processor.py:186} INFO - Started process (PID=412) to work on /opt/airflow/dags/spark_example.py
[2025-04-03T18:41:35.648+0000] {processor.py:914} INFO - Processing file /opt/airflow/dags/spark_example.py for tasks to queue
[2025-04-03T18:41:35.650+0000] {logging_mixin.py:190} INFO - [2025-04-03T18:41:35.650+0000] {dagbag.py:588} INFO - Filling up the DagBag from /opt/airflow/dags/spark_example.py
[2025-04-03T18:41:36.216+0000] {processor.py:925} INFO - DAG(s) 'spark_example' retrieved from /opt/airflow/dags/spark_example.py
[2025-04-03T18:41:36.241+0000] {logging_mixin.py:190} INFO - [2025-04-03T18:41:36.241+0000] {dag.py:3239} INFO - Sync 1 DAGs
[2025-04-03T18:41:36.256+0000] {logging_mixin.py:190} INFO - [2025-04-03T18:41:36.256+0000] {dag.py:4180} INFO - Setting next_dagrun for spark_example to None, run_after=None
[2025-04-03T18:41:36.276+0000] {processor.py:208} INFO - Processing /opt/airflow/dags/spark_example.py took 0.637 seconds
[2025-04-03T18:42:06.842+0000] {processor.py:186} INFO - Started process (PID=425) to work on /opt/airflow/dags/spark_example.py
[2025-04-03T18:42:06.844+0000] {processor.py:914} INFO - Processing file /opt/airflow/dags/spark_example.py for tasks to queue
[2025-04-03T18:42:06.846+0000] {logging_mixin.py:190} INFO - [2025-04-03T18:42:06.846+0000] {dagbag.py:588} INFO - Filling up the DagBag from /opt/airflow/dags/spark_example.py
[2025-04-03T18:42:07.413+0000] {processor.py:925} INFO - DAG(s) 'spark_example' retrieved from /opt/airflow/dags/spark_example.py
[2025-04-03T18:42:07.439+0000] {logging_mixin.py:190} INFO - [2025-04-03T18:42:07.439+0000] {dag.py:3239} INFO - Sync 1 DAGs
[2025-04-03T18:42:07.457+0000] {logging_mixin.py:190} INFO - [2025-04-03T18:42:07.456+0000] {dag.py:4180} INFO - Setting next_dagrun for spark_example to None, run_after=None
[2025-04-03T18:42:07.686+0000] {processor.py:208} INFO - Processing /opt/airflow/dags/spark_example.py took 0.851 seconds
[2025-04-03T18:42:38.039+0000] {processor.py:186} INFO - Started process (PID=438) to work on /opt/airflow/dags/spark_example.py
[2025-04-03T18:42:38.040+0000] {processor.py:914} INFO - Processing file /opt/airflow/dags/spark_example.py for tasks to queue
[2025-04-03T18:42:38.043+0000] {logging_mixin.py:190} INFO - [2025-04-03T18:42:38.042+0000] {dagbag.py:588} INFO - Filling up the DagBag from /opt/airflow/dags/spark_example.py
[2025-04-03T18:42:38.622+0000] {processor.py:925} INFO - DAG(s) 'spark_example' retrieved from /opt/airflow/dags/spark_example.py
[2025-04-03T18:42:38.648+0000] {logging_mixin.py:190} INFO - [2025-04-03T18:42:38.648+0000] {dag.py:3239} INFO - Sync 1 DAGs
[2025-04-03T18:42:38.872+0000] {logging_mixin.py:190} INFO - [2025-04-03T18:42:38.871+0000] {dag.py:4180} INFO - Setting next_dagrun for spark_example to None, run_after=None
[2025-04-03T18:42:38.890+0000] {processor.py:208} INFO - Processing /opt/airflow/dags/spark_example.py took 0.859 seconds
[2025-04-03T18:43:09.258+0000] {processor.py:186} INFO - Started process (PID=452) to work on /opt/airflow/dags/spark_example.py
[2025-04-03T18:43:09.260+0000] {processor.py:914} INFO - Processing file /opt/airflow/dags/spark_example.py for tasks to queue
[2025-04-03T18:43:09.262+0000] {logging_mixin.py:190} INFO - [2025-04-03T18:43:09.262+0000] {dagbag.py:588} INFO - Filling up the DagBag from /opt/airflow/dags/spark_example.py
[2025-04-03T18:43:09.846+0000] {processor.py:925} INFO - DAG(s) 'spark_example' retrieved from /opt/airflow/dags/spark_example.py
[2025-04-03T18:43:10.103+0000] {logging_mixin.py:190} INFO - [2025-04-03T18:43:10.102+0000] {dag.py:3239} INFO - Sync 1 DAGs
[2025-04-03T18:43:10.116+0000] {logging_mixin.py:190} INFO - [2025-04-03T18:43:10.116+0000] {dag.py:4180} INFO - Setting next_dagrun for spark_example to None, run_after=None
[2025-04-03T18:43:10.133+0000] {processor.py:208} INFO - Processing /opt/airflow/dags/spark_example.py took 0.883 seconds
[2025-04-03T18:43:40.509+0000] {processor.py:186} INFO - Started process (PID=465) to work on /opt/airflow/dags/spark_example.py
[2025-04-03T18:43:40.510+0000] {processor.py:914} INFO - Processing file /opt/airflow/dags/spark_example.py for tasks to queue
[2025-04-03T18:43:40.513+0000] {logging_mixin.py:190} INFO - [2025-04-03T18:43:40.513+0000] {dagbag.py:588} INFO - Filling up the DagBag from /opt/airflow/dags/spark_example.py
[2025-04-03T18:43:41.308+0000] {processor.py:925} INFO - DAG(s) 'spark_example' retrieved from /opt/airflow/dags/spark_example.py
[2025-04-03T18:43:41.337+0000] {logging_mixin.py:190} INFO - [2025-04-03T18:43:41.336+0000] {dag.py:3239} INFO - Sync 1 DAGs
[2025-04-03T18:43:41.356+0000] {logging_mixin.py:190} INFO - [2025-04-03T18:43:41.356+0000] {dag.py:4180} INFO - Setting next_dagrun for spark_example to None, run_after=None
[2025-04-03T18:43:41.377+0000] {processor.py:208} INFO - Processing /opt/airflow/dags/spark_example.py took 0.877 seconds
[2025-04-03T18:44:11.734+0000] {processor.py:186} INFO - Started process (PID=479) to work on /opt/airflow/dags/spark_example.py
[2025-04-03T18:44:11.735+0000] {processor.py:914} INFO - Processing file /opt/airflow/dags/spark_example.py for tasks to queue
[2025-04-03T18:44:11.738+0000] {logging_mixin.py:190} INFO - [2025-04-03T18:44:11.738+0000] {dagbag.py:588} INFO - Filling up the DagBag from /opt/airflow/dags/spark_example.py
[2025-04-03T18:44:12.302+0000] {processor.py:925} INFO - DAG(s) 'spark_example' retrieved from /opt/airflow/dags/spark_example.py
[2025-04-03T18:44:12.328+0000] {logging_mixin.py:190} INFO - [2025-04-03T18:44:12.327+0000] {dag.py:3239} INFO - Sync 1 DAGs
[2025-04-03T18:44:12.344+0000] {logging_mixin.py:190} INFO - [2025-04-03T18:44:12.344+0000] {dag.py:4180} INFO - Setting next_dagrun for spark_example to None, run_after=None
[2025-04-03T18:44:12.364+0000] {processor.py:208} INFO - Processing /opt/airflow/dags/spark_example.py took 0.638 seconds
[2025-04-03T18:44:42.924+0000] {processor.py:186} INFO - Started process (PID=492) to work on /opt/airflow/dags/spark_example.py
[2025-04-03T18:44:42.925+0000] {processor.py:914} INFO - Processing file /opt/airflow/dags/spark_example.py for tasks to queue
[2025-04-03T18:44:42.928+0000] {logging_mixin.py:190} INFO - [2025-04-03T18:44:42.927+0000] {dagbag.py:588} INFO - Filling up the DagBag from /opt/airflow/dags/spark_example.py
[2025-04-03T18:44:43.503+0000] {processor.py:925} INFO - DAG(s) 'spark_example' retrieved from /opt/airflow/dags/spark_example.py
[2025-04-03T18:44:43.529+0000] {logging_mixin.py:190} INFO - [2025-04-03T18:44:43.528+0000] {dag.py:3239} INFO - Sync 1 DAGs
[2025-04-03T18:44:43.544+0000] {logging_mixin.py:190} INFO - [2025-04-03T18:44:43.543+0000] {dag.py:4180} INFO - Setting next_dagrun for spark_example to None, run_after=None
[2025-04-03T18:44:43.770+0000] {processor.py:208} INFO - Processing /opt/airflow/dags/spark_example.py took 0.854 seconds
[2025-04-03T18:45:14.188+0000] {processor.py:186} INFO - Started process (PID=505) to work on /opt/airflow/dags/spark_example.py
[2025-04-03T18:45:14.189+0000] {processor.py:914} INFO - Processing file /opt/airflow/dags/spark_example.py for tasks to queue
[2025-04-03T18:45:14.192+0000] {logging_mixin.py:190} INFO - [2025-04-03T18:45:14.191+0000] {dagbag.py:588} INFO - Filling up the DagBag from /opt/airflow/dags/spark_example.py
[2025-04-03T18:45:14.758+0000] {processor.py:925} INFO - DAG(s) 'spark_example' retrieved from /opt/airflow/dags/spark_example.py
[2025-04-03T18:45:14.785+0000] {logging_mixin.py:190} INFO - [2025-04-03T18:45:14.784+0000] {dag.py:3239} INFO - Sync 1 DAGs
[2025-04-03T18:45:14.999+0000] {logging_mixin.py:190} INFO - [2025-04-03T18:45:14.999+0000] {dag.py:4180} INFO - Setting next_dagrun for spark_example to None, run_after=None
[2025-04-03T18:45:15.017+0000] {processor.py:208} INFO - Processing /opt/airflow/dags/spark_example.py took 0.838 seconds
[2025-04-03T18:45:45.390+0000] {processor.py:186} INFO - Started process (PID=518) to work on /opt/airflow/dags/spark_example.py
[2025-04-03T18:45:45.392+0000] {processor.py:914} INFO - Processing file /opt/airflow/dags/spark_example.py for tasks to queue
[2025-04-03T18:45:45.394+0000] {logging_mixin.py:190} INFO - [2025-04-03T18:45:45.394+0000] {dagbag.py:588} INFO - Filling up the DagBag from /opt/airflow/dags/spark_example.py
[2025-04-03T18:45:45.963+0000] {processor.py:925} INFO - DAG(s) 'spark_example' retrieved from /opt/airflow/dags/spark_example.py
[2025-04-03T18:45:46.185+0000] {logging_mixin.py:190} INFO - [2025-04-03T18:45:46.184+0000] {dag.py:3239} INFO - Sync 1 DAGs
[2025-04-03T18:45:46.198+0000] {logging_mixin.py:190} INFO - [2025-04-03T18:45:46.198+0000] {dag.py:4180} INFO - Setting next_dagrun for spark_example to None, run_after=None
[2025-04-03T18:45:46.215+0000] {processor.py:208} INFO - Processing /opt/airflow/dags/spark_example.py took 0.833 seconds
[2025-04-03T18:46:16.583+0000] {processor.py:186} INFO - Started process (PID=531) to work on /opt/airflow/dags/spark_example.py
[2025-04-03T18:46:16.584+0000] {processor.py:914} INFO - Processing file /opt/airflow/dags/spark_example.py for tasks to queue
[2025-04-03T18:46:16.587+0000] {logging_mixin.py:190} INFO - [2025-04-03T18:46:16.587+0000] {dagbag.py:588} INFO - Filling up the DagBag from /opt/airflow/dags/spark_example.py
[2025-04-03T18:46:17.410+0000] {processor.py:925} INFO - DAG(s) 'spark_example' retrieved from /opt/airflow/dags/spark_example.py
[2025-04-03T18:46:17.432+0000] {logging_mixin.py:190} INFO - [2025-04-03T18:46:17.431+0000] {dag.py:3239} INFO - Sync 1 DAGs
[2025-04-03T18:46:17.444+0000] {logging_mixin.py:190} INFO - [2025-04-03T18:46:17.444+0000] {dag.py:4180} INFO - Setting next_dagrun for spark_example to None, run_after=None
[2025-04-03T18:46:17.461+0000] {processor.py:208} INFO - Processing /opt/airflow/dags/spark_example.py took 0.887 seconds
[2025-04-03T18:46:47.796+0000] {processor.py:186} INFO - Started process (PID=544) to work on /opt/airflow/dags/spark_example.py
[2025-04-03T18:46:47.798+0000] {processor.py:914} INFO - Processing file /opt/airflow/dags/spark_example.py for tasks to queue
[2025-04-03T18:46:47.802+0000] {logging_mixin.py:190} INFO - [2025-04-03T18:46:47.801+0000] {dagbag.py:588} INFO - Filling up the DagBag from /opt/airflow/dags/spark_example.py
[2025-04-03T18:46:48.932+0000] {processor.py:925} INFO - DAG(s) 'spark_example' retrieved from /opt/airflow/dags/spark_example.py
[2025-04-03T18:46:48.955+0000] {logging_mixin.py:190} INFO - [2025-04-03T18:46:48.954+0000] {dag.py:3239} INFO - Sync 1 DAGs
[2025-04-03T18:46:48.968+0000] {logging_mixin.py:190} INFO - [2025-04-03T18:46:48.968+0000] {dag.py:4180} INFO - Setting next_dagrun for spark_example to None, run_after=None
[2025-04-03T18:46:48.985+0000] {processor.py:208} INFO - Processing /opt/airflow/dags/spark_example.py took 1.201 seconds
[2025-04-03T18:47:19.185+0000] {processor.py:186} INFO - Started process (PID=557) to work on /opt/airflow/dags/spark_example.py
[2025-04-03T18:47:19.186+0000] {processor.py:914} INFO - Processing file /opt/airflow/dags/spark_example.py for tasks to queue
[2025-04-03T18:47:19.188+0000] {logging_mixin.py:190} INFO - [2025-04-03T18:47:19.188+0000] {dagbag.py:588} INFO - Filling up the DagBag from /opt/airflow/dags/spark_example.py
[2025-04-03T18:47:19.756+0000] {processor.py:925} INFO - DAG(s) 'spark_example' retrieved from /opt/airflow/dags/spark_example.py
[2025-04-03T18:47:19.785+0000] {logging_mixin.py:190} INFO - [2025-04-03T18:47:19.784+0000] {dag.py:3239} INFO - Sync 1 DAGs
[2025-04-03T18:47:19.803+0000] {logging_mixin.py:190} INFO - [2025-04-03T18:47:19.803+0000] {dag.py:4180} INFO - Setting next_dagrun for spark_example to None, run_after=None
[2025-04-03T18:47:20.033+0000] {processor.py:208} INFO - Processing /opt/airflow/dags/spark_example.py took 0.856 seconds
[2025-04-03T18:47:50.397+0000] {processor.py:186} INFO - Started process (PID=570) to work on /opt/airflow/dags/spark_example.py
[2025-04-03T18:47:50.399+0000] {processor.py:914} INFO - Processing file /opt/airflow/dags/spark_example.py for tasks to queue
[2025-04-03T18:47:50.402+0000] {logging_mixin.py:190} INFO - [2025-04-03T18:47:50.402+0000] {dagbag.py:588} INFO - Filling up the DagBag from /opt/airflow/dags/spark_example.py
[2025-04-03T18:47:51.266+0000] {processor.py:925} INFO - DAG(s) 'spark_example' retrieved from /opt/airflow/dags/spark_example.py
[2025-04-03T18:47:51.300+0000] {logging_mixin.py:190} INFO - [2025-04-03T18:47:51.299+0000] {dag.py:3239} INFO - Sync 1 DAGs
[2025-04-03T18:47:51.577+0000] {logging_mixin.py:190} INFO - [2025-04-03T18:47:51.576+0000] {dag.py:4180} INFO - Setting next_dagrun for spark_example to None, run_after=None
[2025-04-03T18:47:51.601+0000] {processor.py:208} INFO - Processing /opt/airflow/dags/spark_example.py took 1.214 seconds
[2025-04-03T18:48:21.904+0000] {processor.py:186} INFO - Started process (PID=583) to work on /opt/airflow/dags/spark_example.py
[2025-04-03T18:48:21.906+0000] {processor.py:914} INFO - Processing file /opt/airflow/dags/spark_example.py for tasks to queue
[2025-04-03T18:48:21.910+0000] {logging_mixin.py:190} INFO - [2025-04-03T18:48:21.909+0000] {dagbag.py:588} INFO - Filling up the DagBag from /opt/airflow/dags/spark_example.py
[2025-04-03T18:48:22.783+0000] {processor.py:925} INFO - DAG(s) 'spark_example' retrieved from /opt/airflow/dags/spark_example.py
[2025-04-03T18:48:23.053+0000] {logging_mixin.py:190} INFO - [2025-04-03T18:48:23.053+0000] {dag.py:3239} INFO - Sync 1 DAGs
[2025-04-03T18:48:23.067+0000] {logging_mixin.py:190} INFO - [2025-04-03T18:48:23.067+0000] {dag.py:4180} INFO - Setting next_dagrun for spark_example to None, run_after=None
[2025-04-03T18:48:23.084+0000] {processor.py:208} INFO - Processing /opt/airflow/dags/spark_example.py took 1.191 seconds
[2025-04-03T18:48:53.271+0000] {processor.py:186} INFO - Started process (PID=596) to work on /opt/airflow/dags/spark_example.py
[2025-04-03T18:48:53.272+0000] {processor.py:914} INFO - Processing file /opt/airflow/dags/spark_example.py for tasks to queue
[2025-04-03T18:48:53.275+0000] {logging_mixin.py:190} INFO - [2025-04-03T18:48:53.275+0000] {dagbag.py:588} INFO - Filling up the DagBag from /opt/airflow/dags/spark_example.py
[2025-04-03T18:48:54.065+0000] {processor.py:925} INFO - DAG(s) 'spark_example' retrieved from /opt/airflow/dags/spark_example.py
[2025-04-03T18:48:54.092+0000] {logging_mixin.py:190} INFO - [2025-04-03T18:48:54.092+0000] {dag.py:3239} INFO - Sync 1 DAGs
[2025-04-03T18:48:54.111+0000] {logging_mixin.py:190} INFO - [2025-04-03T18:48:54.111+0000] {dag.py:4180} INFO - Setting next_dagrun for spark_example to None, run_after=None
[2025-04-03T18:48:54.132+0000] {processor.py:208} INFO - Processing /opt/airflow/dags/spark_example.py took 0.870 seconds
[2025-04-03T18:49:24.516+0000] {processor.py:186} INFO - Started process (PID=609) to work on /opt/airflow/dags/spark_example.py
[2025-04-03T18:49:24.517+0000] {processor.py:914} INFO - Processing file /opt/airflow/dags/spark_example.py for tasks to queue
[2025-04-03T18:49:24.520+0000] {logging_mixin.py:190} INFO - [2025-04-03T18:49:24.520+0000] {dagbag.py:588} INFO - Filling up the DagBag from /opt/airflow/dags/spark_example.py
[2025-04-03T18:49:25.092+0000] {processor.py:925} INFO - DAG(s) 'spark_example' retrieved from /opt/airflow/dags/spark_example.py
[2025-04-03T18:49:25.121+0000] {logging_mixin.py:190} INFO - [2025-04-03T18:49:25.121+0000] {dag.py:3239} INFO - Sync 1 DAGs
[2025-04-03T18:49:25.137+0000] {logging_mixin.py:190} INFO - [2025-04-03T18:49:25.136+0000] {dag.py:4180} INFO - Setting next_dagrun for spark_example to None, run_after=None
[2025-04-03T18:49:25.156+0000] {processor.py:208} INFO - Processing /opt/airflow/dags/spark_example.py took 0.650 seconds
[2025-04-03T18:49:55.713+0000] {processor.py:186} INFO - Started process (PID=622) to work on /opt/airflow/dags/spark_example.py
[2025-04-03T18:49:55.715+0000] {processor.py:914} INFO - Processing file /opt/airflow/dags/spark_example.py for tasks to queue
[2025-04-03T18:49:55.719+0000] {logging_mixin.py:190} INFO - [2025-04-03T18:49:55.718+0000] {dagbag.py:588} INFO - Filling up the DagBag from /opt/airflow/dags/spark_example.py
[2025-04-03T18:49:56.318+0000] {processor.py:925} INFO - DAG(s) 'spark_example' retrieved from /opt/airflow/dags/spark_example.py
[2025-04-03T18:49:56.344+0000] {logging_mixin.py:190} INFO - [2025-04-03T18:49:56.343+0000] {dag.py:3239} INFO - Sync 1 DAGs
[2025-04-03T18:49:56.359+0000] {logging_mixin.py:190} INFO - [2025-04-03T18:49:56.359+0000] {dag.py:4180} INFO - Setting next_dagrun for spark_example to None, run_after=None
[2025-04-03T18:49:56.580+0000] {processor.py:208} INFO - Processing /opt/airflow/dags/spark_example.py took 0.876 seconds
[2025-04-03T18:50:26.944+0000] {processor.py:186} INFO - Started process (PID=641) to work on /opt/airflow/dags/spark_example.py
[2025-04-03T18:50:26.945+0000] {processor.py:914} INFO - Processing file /opt/airflow/dags/spark_example.py for tasks to queue
[2025-04-03T18:50:26.947+0000] {logging_mixin.py:190} INFO - [2025-04-03T18:50:26.947+0000] {dagbag.py:588} INFO - Filling up the DagBag from /opt/airflow/dags/spark_example.py
[2025-04-03T18:50:27.521+0000] {processor.py:925} INFO - DAG(s) 'spark_example' retrieved from /opt/airflow/dags/spark_example.py
[2025-04-03T18:50:27.555+0000] {logging_mixin.py:190} INFO - [2025-04-03T18:50:27.554+0000] {dag.py:3239} INFO - Sync 1 DAGs
[2025-04-03T18:50:27.796+0000] {logging_mixin.py:190} INFO - [2025-04-03T18:50:27.796+0000] {dag.py:4180} INFO - Setting next_dagrun for spark_example to None, run_after=None
[2025-04-03T18:50:27.814+0000] {processor.py:208} INFO - Processing /opt/airflow/dags/spark_example.py took 0.878 seconds
[2025-04-03T18:50:58.212+0000] {processor.py:186} INFO - Started process (PID=654) to work on /opt/airflow/dags/spark_example.py
[2025-04-03T18:50:58.214+0000] {processor.py:914} INFO - Processing file /opt/airflow/dags/spark_example.py for tasks to queue
[2025-04-03T18:50:58.218+0000] {logging_mixin.py:190} INFO - [2025-04-03T18:50:58.217+0000] {dagbag.py:588} INFO - Filling up the DagBag from /opt/airflow/dags/spark_example.py
[2025-04-03T18:50:58.811+0000] {processor.py:925} INFO - DAG(s) 'spark_example' retrieved from /opt/airflow/dags/spark_example.py
[2025-04-03T18:50:59.040+0000] {logging_mixin.py:190} INFO - [2025-04-03T18:50:59.039+0000] {dag.py:3239} INFO - Sync 1 DAGs
[2025-04-03T18:50:59.054+0000] {logging_mixin.py:190} INFO - [2025-04-03T18:50:59.053+0000] {dag.py:4180} INFO - Setting next_dagrun for spark_example to None, run_after=None
[2025-04-03T18:50:59.070+0000] {processor.py:208} INFO - Processing /opt/airflow/dags/spark_example.py took 0.865 seconds
[2025-04-03T18:51:29.460+0000] {processor.py:186} INFO - Started process (PID=667) to work on /opt/airflow/dags/spark_example.py
[2025-04-03T18:51:29.461+0000] {processor.py:914} INFO - Processing file /opt/airflow/dags/spark_example.py for tasks to queue
[2025-04-03T18:51:29.464+0000] {logging_mixin.py:190} INFO - [2025-04-03T18:51:29.464+0000] {dagbag.py:588} INFO - Filling up the DagBag from /opt/airflow/dags/spark_example.py
[2025-04-03T18:51:30.232+0000] {processor.py:925} INFO - DAG(s) 'spark_example' retrieved from /opt/airflow/dags/spark_example.py
[2025-04-03T18:51:30.253+0000] {logging_mixin.py:190} INFO - [2025-04-03T18:51:30.253+0000] {dag.py:3239} INFO - Sync 1 DAGs
[2025-04-03T18:51:30.266+0000] {logging_mixin.py:190} INFO - [2025-04-03T18:51:30.266+0000] {dag.py:4180} INFO - Setting next_dagrun for spark_example to None, run_after=None
[2025-04-03T18:51:30.283+0000] {processor.py:208} INFO - Processing /opt/airflow/dags/spark_example.py took 0.833 seconds
[2025-04-03T18:52:00.658+0000] {processor.py:186} INFO - Started process (PID=680) to work on /opt/airflow/dags/spark_example.py
[2025-04-03T18:52:00.660+0000] {processor.py:914} INFO - Processing file /opt/airflow/dags/spark_example.py for tasks to queue
[2025-04-03T18:52:00.663+0000] {logging_mixin.py:190} INFO - [2025-04-03T18:52:00.663+0000] {dagbag.py:588} INFO - Filling up the DagBag from /opt/airflow/dags/spark_example.py
[2025-04-03T18:52:01.432+0000] {processor.py:925} INFO - DAG(s) 'spark_example' retrieved from /opt/airflow/dags/spark_example.py
[2025-04-03T18:52:01.455+0000] {logging_mixin.py:190} INFO - [2025-04-03T18:52:01.454+0000] {dag.py:3239} INFO - Sync 1 DAGs
[2025-04-03T18:52:01.470+0000] {logging_mixin.py:190} INFO - [2025-04-03T18:52:01.470+0000] {dag.py:4180} INFO - Setting next_dagrun for spark_example to None, run_after=None
[2025-04-03T18:52:01.494+0000] {processor.py:208} INFO - Processing /opt/airflow/dags/spark_example.py took 0.844 seconds
[2025-04-03T18:52:31.871+0000] {processor.py:186} INFO - Started process (PID=693) to work on /opt/airflow/dags/spark_example.py
[2025-04-03T18:52:31.871+0000] {processor.py:914} INFO - Processing file /opt/airflow/dags/spark_example.py for tasks to queue
[2025-04-03T18:52:31.874+0000] {logging_mixin.py:190} INFO - [2025-04-03T18:52:31.874+0000] {dagbag.py:588} INFO - Filling up the DagBag from /opt/airflow/dags/spark_example.py
[2025-04-03T18:52:32.451+0000] {processor.py:925} INFO - DAG(s) 'spark_example' retrieved from /opt/airflow/dags/spark_example.py
[2025-04-03T18:52:32.481+0000] {logging_mixin.py:190} INFO - [2025-04-03T18:52:32.481+0000] {dag.py:3239} INFO - Sync 1 DAGs
[2025-04-03T18:52:32.703+0000] {logging_mixin.py:190} INFO - [2025-04-03T18:52:32.703+0000] {dag.py:4180} INFO - Setting next_dagrun for spark_example to None, run_after=None
[2025-04-03T18:52:32.722+0000] {processor.py:208} INFO - Processing /opt/airflow/dags/spark_example.py took 0.859 seconds
[2025-04-03T18:53:03.076+0000] {processor.py:186} INFO - Started process (PID=706) to work on /opt/airflow/dags/spark_example.py
[2025-04-03T18:53:03.078+0000] {processor.py:914} INFO - Processing file /opt/airflow/dags/spark_example.py for tasks to queue
[2025-04-03T18:53:03.082+0000] {logging_mixin.py:190} INFO - [2025-04-03T18:53:03.081+0000] {dagbag.py:588} INFO - Filling up the DagBag from /opt/airflow/dags/spark_example.py
[2025-04-03T18:53:03.658+0000] {processor.py:925} INFO - DAG(s) 'spark_example' retrieved from /opt/airflow/dags/spark_example.py
[2025-04-03T18:53:03.906+0000] {logging_mixin.py:190} INFO - [2025-04-03T18:53:03.905+0000] {dag.py:3239} INFO - Sync 1 DAGs
[2025-04-03T18:53:03.920+0000] {logging_mixin.py:190} INFO - [2025-04-03T18:53:03.920+0000] {dag.py:4180} INFO - Setting next_dagrun for spark_example to None, run_after=None
[2025-04-03T18:53:03.937+0000] {processor.py:208} INFO - Processing /opt/airflow/dags/spark_example.py took 0.871 seconds
[2025-04-03T18:53:34.329+0000] {processor.py:186} INFO - Started process (PID=719) to work on /opt/airflow/dags/spark_example.py
[2025-04-03T18:53:34.330+0000] {processor.py:914} INFO - Processing file /opt/airflow/dags/spark_example.py for tasks to queue
[2025-04-03T18:53:34.333+0000] {logging_mixin.py:190} INFO - [2025-04-03T18:53:34.332+0000] {dagbag.py:588} INFO - Filling up the DagBag from /opt/airflow/dags/spark_example.py
[2025-04-03T18:53:34.913+0000] {processor.py:925} INFO - DAG(s) 'spark_example' retrieved from /opt/airflow/dags/spark_example.py
[2025-04-03T18:53:35.132+0000] {logging_mixin.py:190} INFO - [2025-04-03T18:53:35.132+0000] {dag.py:3239} INFO - Sync 1 DAGs
[2025-04-03T18:53:35.147+0000] {logging_mixin.py:190} INFO - [2025-04-03T18:53:35.146+0000] {dag.py:4180} INFO - Setting next_dagrun for spark_example to None, run_after=None
[2025-04-03T18:53:35.164+0000] {processor.py:208} INFO - Processing /opt/airflow/dags/spark_example.py took 0.843 seconds
[2025-04-03T18:54:05.528+0000] {processor.py:186} INFO - Started process (PID=732) to work on /opt/airflow/dags/spark_example.py
[2025-04-03T18:54:05.529+0000] {processor.py:914} INFO - Processing file /opt/airflow/dags/spark_example.py for tasks to queue
[2025-04-03T18:54:05.532+0000] {logging_mixin.py:190} INFO - [2025-04-03T18:54:05.532+0000] {dagbag.py:588} INFO - Filling up the DagBag from /opt/airflow/dags/spark_example.py
[2025-04-03T18:54:06.332+0000] {processor.py:925} INFO - DAG(s) 'spark_example' retrieved from /opt/airflow/dags/spark_example.py
[2025-04-03T18:54:06.360+0000] {logging_mixin.py:190} INFO - [2025-04-03T18:54:06.360+0000] {dag.py:3239} INFO - Sync 1 DAGs
[2025-04-03T18:54:06.379+0000] {logging_mixin.py:190} INFO - [2025-04-03T18:54:06.379+0000] {dag.py:4180} INFO - Setting next_dagrun for spark_example to None, run_after=None
[2025-04-03T18:54:06.400+0000] {processor.py:208} INFO - Processing /opt/airflow/dags/spark_example.py took 0.883 seconds
[2025-04-03T18:54:36.754+0000] {processor.py:186} INFO - Started process (PID=745) to work on /opt/airflow/dags/spark_example.py
[2025-04-03T18:54:36.756+0000] {processor.py:914} INFO - Processing file /opt/airflow/dags/spark_example.py for tasks to queue
[2025-04-03T18:54:36.759+0000] {logging_mixin.py:190} INFO - [2025-04-03T18:54:36.758+0000] {dagbag.py:588} INFO - Filling up the DagBag from /opt/airflow/dags/spark_example.py
[2025-04-03T18:54:37.358+0000] {processor.py:925} INFO - DAG(s) 'spark_example' retrieved from /opt/airflow/dags/spark_example.py
[2025-04-03T18:54:37.386+0000] {logging_mixin.py:190} INFO - [2025-04-03T18:54:37.386+0000] {dag.py:3239} INFO - Sync 1 DAGs
[2025-04-03T18:54:37.404+0000] {logging_mixin.py:190} INFO - [2025-04-03T18:54:37.403+0000] {dag.py:4180} INFO - Setting next_dagrun for spark_example to None, run_after=None
[2025-04-03T18:54:37.424+0000] {processor.py:208} INFO - Processing /opt/airflow/dags/spark_example.py took 0.677 seconds
[2025-04-03T18:55:07.973+0000] {processor.py:186} INFO - Started process (PID=758) to work on /opt/airflow/dags/spark_example.py
[2025-04-03T18:55:07.975+0000] {processor.py:914} INFO - Processing file /opt/airflow/dags/spark_example.py for tasks to queue
[2025-04-03T18:55:07.979+0000] {logging_mixin.py:190} INFO - [2025-04-03T18:55:07.978+0000] {dagbag.py:588} INFO - Filling up the DagBag from /opt/airflow/dags/spark_example.py
[2025-04-03T18:55:08.615+0000] {processor.py:925} INFO - DAG(s) 'spark_example' retrieved from /opt/airflow/dags/spark_example.py
[2025-04-03T18:55:08.643+0000] {logging_mixin.py:190} INFO - [2025-04-03T18:55:08.642+0000] {dag.py:3239} INFO - Sync 1 DAGs
[2025-04-03T18:55:08.859+0000] {logging_mixin.py:190} INFO - [2025-04-03T18:55:08.859+0000] {dag.py:4180} INFO - Setting next_dagrun for spark_example to None, run_after=None
[2025-04-03T18:55:08.877+0000] {processor.py:208} INFO - Processing /opt/airflow/dags/spark_example.py took 0.914 seconds
