[2025-08-24T19:14:21.566+0000] {processor.py:186} INFO - Started process (PID=69) to work on /opt/airflow/dags/spark_example.py
[2025-08-24T19:14:21.567+0000] {processor.py:914} INFO - Processing file /opt/airflow/dags/spark_example.py for tasks to queue
[2025-08-24T19:14:21.571+0000] {logging_mixin.py:190} INFO - [2025-08-24T19:14:21.570+0000] {dagbag.py:588} INFO - Filling up the DagBag from /opt/airflow/dags/spark_example.py
[2025-08-24T19:14:22.579+0000] {processor.py:925} INFO - DAG(s) 'spark_example' retrieved from /opt/airflow/dags/spark_example.py
[2025-08-24T19:14:22.617+0000] {logging_mixin.py:190} INFO - [2025-08-24T19:14:22.616+0000] {dag.py:3239} INFO - Sync 1 DAGs
[2025-08-24T19:14:22.648+0000] {logging_mixin.py:190} INFO - [2025-08-24T19:14:22.647+0000] {dag.py:4180} INFO - Setting next_dagrun for spark_example to None, run_after=None
[2025-08-24T19:14:22.677+0000] {processor.py:208} INFO - Processing /opt/airflow/dags/spark_example.py took 1.120 seconds
[2025-08-24T19:14:52.923+0000] {processor.py:186} INFO - Started process (PID=82) to work on /opt/airflow/dags/spark_example.py
[2025-08-24T19:14:52.924+0000] {processor.py:914} INFO - Processing file /opt/airflow/dags/spark_example.py for tasks to queue
[2025-08-24T19:14:52.927+0000] {logging_mixin.py:190} INFO - [2025-08-24T19:14:52.926+0000] {dagbag.py:588} INFO - Filling up the DagBag from /opt/airflow/dags/spark_example.py
[2025-08-24T19:14:53.606+0000] {processor.py:925} INFO - DAG(s) 'spark_example' retrieved from /opt/airflow/dags/spark_example.py
[2025-08-24T19:14:53.632+0000] {logging_mixin.py:190} INFO - [2025-08-24T19:14:53.631+0000] {dag.py:3239} INFO - Sync 1 DAGs
[2025-08-24T19:14:53.646+0000] {logging_mixin.py:190} INFO - [2025-08-24T19:14:53.646+0000] {dag.py:4180} INFO - Setting next_dagrun for spark_example to None, run_after=None
[2025-08-24T19:14:53.667+0000] {processor.py:208} INFO - Processing /opt/airflow/dags/spark_example.py took 0.752 seconds
[2025-08-24T19:15:23.869+0000] {processor.py:186} INFO - Started process (PID=95) to work on /opt/airflow/dags/spark_example.py
[2025-08-24T19:15:23.875+0000] {processor.py:914} INFO - Processing file /opt/airflow/dags/spark_example.py for tasks to queue
[2025-08-24T19:15:23.878+0000] {logging_mixin.py:190} INFO - [2025-08-24T19:15:23.878+0000] {dagbag.py:588} INFO - Filling up the DagBag from /opt/airflow/dags/spark_example.py
[2025-08-24T19:15:24.632+0000] {processor.py:925} INFO - DAG(s) 'spark_example' retrieved from /opt/airflow/dags/spark_example.py
[2025-08-24T19:15:24.661+0000] {logging_mixin.py:190} INFO - [2025-08-24T19:15:24.660+0000] {dag.py:3239} INFO - Sync 1 DAGs
[2025-08-24T19:15:24.677+0000] {logging_mixin.py:190} INFO - [2025-08-24T19:15:24.676+0000] {dag.py:4180} INFO - Setting next_dagrun for spark_example to None, run_after=None
[2025-08-24T19:15:24.699+0000] {processor.py:208} INFO - Processing /opt/airflow/dags/spark_example.py took 0.838 seconds
[2025-08-24T19:15:54.939+0000] {processor.py:186} INFO - Started process (PID=108) to work on /opt/airflow/dags/spark_example.py
[2025-08-24T19:15:54.940+0000] {processor.py:914} INFO - Processing file /opt/airflow/dags/spark_example.py for tasks to queue
[2025-08-24T19:15:54.943+0000] {logging_mixin.py:190} INFO - [2025-08-24T19:15:54.943+0000] {dagbag.py:588} INFO - Filling up the DagBag from /opt/airflow/dags/spark_example.py
[2025-08-24T19:15:55.650+0000] {processor.py:925} INFO - DAG(s) 'spark_example' retrieved from /opt/airflow/dags/spark_example.py
[2025-08-24T19:15:55.676+0000] {logging_mixin.py:190} INFO - [2025-08-24T19:15:55.675+0000] {dag.py:3239} INFO - Sync 1 DAGs
[2025-08-24T19:15:55.690+0000] {logging_mixin.py:190} INFO - [2025-08-24T19:15:55.690+0000] {dag.py:4180} INFO - Setting next_dagrun for spark_example to None, run_after=None
[2025-08-24T19:15:55.710+0000] {processor.py:208} INFO - Processing /opt/airflow/dags/spark_example.py took 0.779 seconds
[2025-08-24T19:16:26.639+0000] {processor.py:186} INFO - Started process (PID=121) to work on /opt/airflow/dags/spark_example.py
[2025-08-24T19:16:26.640+0000] {processor.py:914} INFO - Processing file /opt/airflow/dags/spark_example.py for tasks to queue
[2025-08-24T19:16:26.643+0000] {logging_mixin.py:190} INFO - [2025-08-24T19:16:26.643+0000] {dagbag.py:588} INFO - Filling up the DagBag from /opt/airflow/dags/spark_example.py
[2025-08-24T19:16:27.317+0000] {processor.py:925} INFO - DAG(s) 'spark_example' retrieved from /opt/airflow/dags/spark_example.py
[2025-08-24T19:16:27.340+0000] {logging_mixin.py:190} INFO - [2025-08-24T19:16:27.340+0000] {dag.py:3239} INFO - Sync 1 DAGs
[2025-08-24T19:16:27.354+0000] {logging_mixin.py:190} INFO - [2025-08-24T19:16:27.354+0000] {dag.py:4180} INFO - Setting next_dagrun for spark_example to None, run_after=None
[2025-08-24T19:16:27.375+0000] {processor.py:208} INFO - Processing /opt/airflow/dags/spark_example.py took 0.744 seconds
[2025-08-24T19:16:57.534+0000] {processor.py:186} INFO - Started process (PID=134) to work on /opt/airflow/dags/spark_example.py
[2025-08-24T19:16:57.535+0000] {processor.py:914} INFO - Processing file /opt/airflow/dags/spark_example.py for tasks to queue
[2025-08-24T19:16:57.539+0000] {logging_mixin.py:190} INFO - [2025-08-24T19:16:57.539+0000] {dagbag.py:588} INFO - Filling up the DagBag from /opt/airflow/dags/spark_example.py
[2025-08-24T19:16:58.064+0000] {processor.py:925} INFO - DAG(s) 'spark_example' retrieved from /opt/airflow/dags/spark_example.py
[2025-08-24T19:16:58.091+0000] {logging_mixin.py:190} INFO - [2025-08-24T19:16:58.090+0000] {dag.py:3239} INFO - Sync 1 DAGs
[2025-08-24T19:16:58.109+0000] {logging_mixin.py:190} INFO - [2025-08-24T19:16:58.108+0000] {dag.py:4180} INFO - Setting next_dagrun for spark_example to None, run_after=None
[2025-08-24T19:16:58.131+0000] {processor.py:208} INFO - Processing /opt/airflow/dags/spark_example.py took 0.605 seconds
[2025-08-24T19:17:28.888+0000] {processor.py:186} INFO - Started process (PID=147) to work on /opt/airflow/dags/spark_example.py
[2025-08-24T19:17:28.889+0000] {processor.py:914} INFO - Processing file /opt/airflow/dags/spark_example.py for tasks to queue
[2025-08-24T19:17:28.892+0000] {logging_mixin.py:190} INFO - [2025-08-24T19:17:28.892+0000] {dagbag.py:588} INFO - Filling up the DagBag from /opt/airflow/dags/spark_example.py
[2025-08-24T19:17:29.420+0000] {processor.py:925} INFO - DAG(s) 'spark_example' retrieved from /opt/airflow/dags/spark_example.py
[2025-08-24T19:17:29.448+0000] {logging_mixin.py:190} INFO - [2025-08-24T19:17:29.447+0000] {dag.py:3239} INFO - Sync 1 DAGs
[2025-08-24T19:17:29.464+0000] {logging_mixin.py:190} INFO - [2025-08-24T19:17:29.464+0000] {dag.py:4180} INFO - Setting next_dagrun for spark_example to None, run_after=None
[2025-08-24T19:17:29.488+0000] {processor.py:208} INFO - Processing /opt/airflow/dags/spark_example.py took 0.608 seconds
[2025-08-24T19:18:00.264+0000] {processor.py:186} INFO - Started process (PID=160) to work on /opt/airflow/dags/spark_example.py
[2025-08-24T19:18:00.265+0000] {processor.py:914} INFO - Processing file /opt/airflow/dags/spark_example.py for tasks to queue
[2025-08-24T19:18:00.269+0000] {logging_mixin.py:190} INFO - [2025-08-24T19:18:00.268+0000] {dagbag.py:588} INFO - Filling up the DagBag from /opt/airflow/dags/spark_example.py
[2025-08-24T19:18:00.795+0000] {processor.py:925} INFO - DAG(s) 'spark_example' retrieved from /opt/airflow/dags/spark_example.py
[2025-08-24T19:18:00.823+0000] {logging_mixin.py:190} INFO - [2025-08-24T19:18:00.823+0000] {dag.py:3239} INFO - Sync 1 DAGs
[2025-08-24T19:18:00.840+0000] {logging_mixin.py:190} INFO - [2025-08-24T19:18:00.840+0000] {dag.py:4180} INFO - Setting next_dagrun for spark_example to None, run_after=None
[2025-08-24T19:18:00.862+0000] {processor.py:208} INFO - Processing /opt/airflow/dags/spark_example.py took 0.605 seconds
[2025-08-24T19:18:31.622+0000] {processor.py:186} INFO - Started process (PID=173) to work on /opt/airflow/dags/spark_example.py
[2025-08-24T19:18:31.623+0000] {processor.py:914} INFO - Processing file /opt/airflow/dags/spark_example.py for tasks to queue
[2025-08-24T19:18:31.626+0000] {logging_mixin.py:190} INFO - [2025-08-24T19:18:31.626+0000] {dagbag.py:588} INFO - Filling up the DagBag from /opt/airflow/dags/spark_example.py
[2025-08-24T19:18:32.163+0000] {processor.py:925} INFO - DAG(s) 'spark_example' retrieved from /opt/airflow/dags/spark_example.py
[2025-08-24T19:18:32.191+0000] {logging_mixin.py:190} INFO - [2025-08-24T19:18:32.191+0000] {dag.py:3239} INFO - Sync 1 DAGs
[2025-08-24T19:18:32.209+0000] {logging_mixin.py:190} INFO - [2025-08-24T19:18:32.209+0000] {dag.py:4180} INFO - Setting next_dagrun for spark_example to None, run_after=None
[2025-08-24T19:18:32.233+0000] {processor.py:208} INFO - Processing /opt/airflow/dags/spark_example.py took 0.619 seconds
[2025-08-24T19:19:02.480+0000] {processor.py:186} INFO - Started process (PID=186) to work on /opt/airflow/dags/spark_example.py
[2025-08-24T19:19:02.482+0000] {processor.py:914} INFO - Processing file /opt/airflow/dags/spark_example.py for tasks to queue
[2025-08-24T19:19:02.485+0000] {logging_mixin.py:190} INFO - [2025-08-24T19:19:02.484+0000] {dagbag.py:588} INFO - Filling up the DagBag from /opt/airflow/dags/spark_example.py
[2025-08-24T19:19:03.002+0000] {processor.py:925} INFO - DAG(s) 'spark_example' retrieved from /opt/airflow/dags/spark_example.py
[2025-08-24T19:19:03.028+0000] {logging_mixin.py:190} INFO - [2025-08-24T19:19:03.028+0000] {dag.py:3239} INFO - Sync 1 DAGs
[2025-08-24T19:19:03.046+0000] {logging_mixin.py:190} INFO - [2025-08-24T19:19:03.046+0000] {dag.py:4180} INFO - Setting next_dagrun for spark_example to None, run_after=None
[2025-08-24T19:19:03.069+0000] {processor.py:208} INFO - Processing /opt/airflow/dags/spark_example.py took 0.597 seconds
[2025-08-24T19:19:33.276+0000] {processor.py:186} INFO - Started process (PID=199) to work on /opt/airflow/dags/spark_example.py
[2025-08-24T19:19:33.277+0000] {processor.py:914} INFO - Processing file /opt/airflow/dags/spark_example.py for tasks to queue
[2025-08-24T19:19:33.281+0000] {logging_mixin.py:190} INFO - [2025-08-24T19:19:33.280+0000] {dagbag.py:588} INFO - Filling up the DagBag from /opt/airflow/dags/spark_example.py
[2025-08-24T19:19:33.815+0000] {processor.py:925} INFO - DAG(s) 'spark_example' retrieved from /opt/airflow/dags/spark_example.py
[2025-08-24T19:19:33.845+0000] {logging_mixin.py:190} INFO - [2025-08-24T19:19:33.844+0000] {dag.py:3239} INFO - Sync 1 DAGs
[2025-08-24T19:19:33.863+0000] {logging_mixin.py:190} INFO - [2025-08-24T19:19:33.863+0000] {dag.py:4180} INFO - Setting next_dagrun for spark_example to None, run_after=None
[2025-08-24T19:19:33.885+0000] {processor.py:208} INFO - Processing /opt/airflow/dags/spark_example.py took 0.618 seconds
[2025-08-24T19:20:04.646+0000] {processor.py:186} INFO - Started process (PID=212) to work on /opt/airflow/dags/spark_example.py
[2025-08-24T19:20:04.648+0000] {processor.py:914} INFO - Processing file /opt/airflow/dags/spark_example.py for tasks to queue
[2025-08-24T19:20:04.651+0000] {logging_mixin.py:190} INFO - [2025-08-24T19:20:04.650+0000] {dagbag.py:588} INFO - Filling up the DagBag from /opt/airflow/dags/spark_example.py
[2025-08-24T19:20:05.168+0000] {processor.py:925} INFO - DAG(s) 'spark_example' retrieved from /opt/airflow/dags/spark_example.py
[2025-08-24T19:20:05.197+0000] {logging_mixin.py:190} INFO - [2025-08-24T19:20:05.197+0000] {dag.py:3239} INFO - Sync 1 DAGs
[2025-08-24T19:20:05.214+0000] {logging_mixin.py:190} INFO - [2025-08-24T19:20:05.214+0000] {dag.py:4180} INFO - Setting next_dagrun for spark_example to None, run_after=None
[2025-08-24T19:20:05.236+0000] {processor.py:208} INFO - Processing /opt/airflow/dags/spark_example.py took 0.598 seconds
[2025-08-24T19:20:36.033+0000] {processor.py:186} INFO - Started process (PID=225) to work on /opt/airflow/dags/spark_example.py
[2025-08-24T19:20:36.034+0000] {processor.py:914} INFO - Processing file /opt/airflow/dags/spark_example.py for tasks to queue
[2025-08-24T19:20:36.037+0000] {logging_mixin.py:190} INFO - [2025-08-24T19:20:36.037+0000] {dagbag.py:588} INFO - Filling up the DagBag from /opt/airflow/dags/spark_example.py
[2025-08-24T19:20:36.580+0000] {processor.py:925} INFO - DAG(s) 'spark_example' retrieved from /opt/airflow/dags/spark_example.py
[2025-08-24T19:20:36.610+0000] {logging_mixin.py:190} INFO - [2025-08-24T19:20:36.609+0000] {dag.py:3239} INFO - Sync 1 DAGs
[2025-08-24T19:20:36.626+0000] {logging_mixin.py:190} INFO - [2025-08-24T19:20:36.626+0000] {dag.py:4180} INFO - Setting next_dagrun for spark_example to None, run_after=None
[2025-08-24T19:20:36.650+0000] {processor.py:208} INFO - Processing /opt/airflow/dags/spark_example.py took 0.624 seconds
[2025-08-24T19:21:06.902+0000] {processor.py:186} INFO - Started process (PID=238) to work on /opt/airflow/dags/spark_example.py
[2025-08-24T19:21:06.907+0000] {processor.py:914} INFO - Processing file /opt/airflow/dags/spark_example.py for tasks to queue
[2025-08-24T19:21:06.910+0000] {logging_mixin.py:190} INFO - [2025-08-24T19:21:06.910+0000] {dagbag.py:588} INFO - Filling up the DagBag from /opt/airflow/dags/spark_example.py
[2025-08-24T19:21:07.423+0000] {processor.py:925} INFO - DAG(s) 'spark_example' retrieved from /opt/airflow/dags/spark_example.py
[2025-08-24T19:21:07.450+0000] {logging_mixin.py:190} INFO - [2025-08-24T19:21:07.449+0000] {dag.py:3239} INFO - Sync 1 DAGs
[2025-08-24T19:21:07.467+0000] {logging_mixin.py:190} INFO - [2025-08-24T19:21:07.467+0000] {dag.py:4180} INFO - Setting next_dagrun for spark_example to None, run_after=None
[2025-08-24T19:21:07.493+0000] {processor.py:208} INFO - Processing /opt/airflow/dags/spark_example.py took 0.599 seconds
[2025-08-24T19:21:38.202+0000] {processor.py:186} INFO - Started process (PID=251) to work on /opt/airflow/dags/spark_example.py
[2025-08-24T19:21:38.203+0000] {processor.py:914} INFO - Processing file /opt/airflow/dags/spark_example.py for tasks to queue
[2025-08-24T19:21:38.207+0000] {logging_mixin.py:190} INFO - [2025-08-24T19:21:38.206+0000] {dagbag.py:588} INFO - Filling up the DagBag from /opt/airflow/dags/spark_example.py
[2025-08-24T19:21:38.743+0000] {processor.py:925} INFO - DAG(s) 'spark_example' retrieved from /opt/airflow/dags/spark_example.py
[2025-08-24T19:21:38.771+0000] {logging_mixin.py:190} INFO - [2025-08-24T19:21:38.770+0000] {dag.py:3239} INFO - Sync 1 DAGs
[2025-08-24T19:21:38.789+0000] {logging_mixin.py:190} INFO - [2025-08-24T19:21:38.789+0000] {dag.py:4180} INFO - Setting next_dagrun for spark_example to None, run_after=None
[2025-08-24T19:21:38.810+0000] {processor.py:208} INFO - Processing /opt/airflow/dags/spark_example.py took 0.617 seconds
[2025-08-24T19:22:09.608+0000] {processor.py:186} INFO - Started process (PID=264) to work on /opt/airflow/dags/spark_example.py
[2025-08-24T19:22:09.610+0000] {processor.py:914} INFO - Processing file /opt/airflow/dags/spark_example.py for tasks to queue
[2025-08-24T19:22:09.613+0000] {logging_mixin.py:190} INFO - [2025-08-24T19:22:09.613+0000] {dagbag.py:588} INFO - Filling up the DagBag from /opt/airflow/dags/spark_example.py
[2025-08-24T19:22:10.147+0000] {processor.py:925} INFO - DAG(s) 'spark_example' retrieved from /opt/airflow/dags/spark_example.py
[2025-08-24T19:22:10.176+0000] {logging_mixin.py:190} INFO - [2025-08-24T19:22:10.175+0000] {dag.py:3239} INFO - Sync 1 DAGs
[2025-08-24T19:22:10.195+0000] {logging_mixin.py:190} INFO - [2025-08-24T19:22:10.194+0000] {dag.py:4180} INFO - Setting next_dagrun for spark_example to None, run_after=None
[2025-08-24T19:22:10.218+0000] {processor.py:208} INFO - Processing /opt/airflow/dags/spark_example.py took 0.618 seconds
[2025-08-24T19:22:40.979+0000] {processor.py:186} INFO - Started process (PID=277) to work on /opt/airflow/dags/spark_example.py
[2025-08-24T19:22:40.980+0000] {processor.py:914} INFO - Processing file /opt/airflow/dags/spark_example.py for tasks to queue
[2025-08-24T19:22:40.984+0000] {logging_mixin.py:190} INFO - [2025-08-24T19:22:40.983+0000] {dagbag.py:588} INFO - Filling up the DagBag from /opt/airflow/dags/spark_example.py
[2025-08-24T19:22:41.501+0000] {processor.py:925} INFO - DAG(s) 'spark_example' retrieved from /opt/airflow/dags/spark_example.py
[2025-08-24T19:22:41.530+0000] {logging_mixin.py:190} INFO - [2025-08-24T19:22:41.529+0000] {dag.py:3239} INFO - Sync 1 DAGs
[2025-08-24T19:22:41.546+0000] {logging_mixin.py:190} INFO - [2025-08-24T19:22:41.546+0000] {dag.py:4180} INFO - Setting next_dagrun for spark_example to None, run_after=None
[2025-08-24T19:22:41.568+0000] {processor.py:208} INFO - Processing /opt/airflow/dags/spark_example.py took 0.597 seconds
[2025-08-24T19:23:12.331+0000] {processor.py:186} INFO - Started process (PID=290) to work on /opt/airflow/dags/spark_example.py
[2025-08-24T19:23:12.333+0000] {processor.py:914} INFO - Processing file /opt/airflow/dags/spark_example.py for tasks to queue
[2025-08-24T19:23:12.336+0000] {logging_mixin.py:190} INFO - [2025-08-24T19:23:12.336+0000] {dagbag.py:588} INFO - Filling up the DagBag from /opt/airflow/dags/spark_example.py
[2025-08-24T19:23:12.854+0000] {processor.py:925} INFO - DAG(s) 'spark_example' retrieved from /opt/airflow/dags/spark_example.py
[2025-08-24T19:23:12.883+0000] {logging_mixin.py:190} INFO - [2025-08-24T19:23:12.882+0000] {dag.py:3239} INFO - Sync 1 DAGs
[2025-08-24T19:23:12.900+0000] {logging_mixin.py:190} INFO - [2025-08-24T19:23:12.899+0000] {dag.py:4180} INFO - Setting next_dagrun for spark_example to None, run_after=None
[2025-08-24T19:23:12.923+0000] {processor.py:208} INFO - Processing /opt/airflow/dags/spark_example.py took 0.600 seconds
[2025-08-24T19:23:43.707+0000] {processor.py:186} INFO - Started process (PID=304) to work on /opt/airflow/dags/spark_example.py
[2025-08-24T19:23:43.708+0000] {processor.py:914} INFO - Processing file /opt/airflow/dags/spark_example.py for tasks to queue
[2025-08-24T19:23:43.711+0000] {logging_mixin.py:190} INFO - [2025-08-24T19:23:43.710+0000] {dagbag.py:588} INFO - Filling up the DagBag from /opt/airflow/dags/spark_example.py
[2025-08-24T19:23:44.244+0000] {processor.py:925} INFO - DAG(s) 'spark_example' retrieved from /opt/airflow/dags/spark_example.py
[2025-08-24T19:23:44.271+0000] {logging_mixin.py:190} INFO - [2025-08-24T19:23:44.270+0000] {dag.py:3239} INFO - Sync 1 DAGs
[2025-08-24T19:23:44.288+0000] {logging_mixin.py:190} INFO - [2025-08-24T19:23:44.288+0000] {dag.py:4180} INFO - Setting next_dagrun for spark_example to None, run_after=None
[2025-08-24T19:23:44.312+0000] {processor.py:208} INFO - Processing /opt/airflow/dags/spark_example.py took 0.613 seconds
[2025-08-24T19:24:14.557+0000] {processor.py:186} INFO - Started process (PID=317) to work on /opt/airflow/dags/spark_example.py
[2025-08-24T19:24:14.559+0000] {processor.py:914} INFO - Processing file /opt/airflow/dags/spark_example.py for tasks to queue
[2025-08-24T19:24:14.562+0000] {logging_mixin.py:190} INFO - [2025-08-24T19:24:14.561+0000] {dagbag.py:588} INFO - Filling up the DagBag from /opt/airflow/dags/spark_example.py
[2025-08-24T19:24:15.085+0000] {processor.py:925} INFO - DAG(s) 'spark_example' retrieved from /opt/airflow/dags/spark_example.py
[2025-08-24T19:24:15.114+0000] {logging_mixin.py:190} INFO - [2025-08-24T19:24:15.114+0000] {dag.py:3239} INFO - Sync 1 DAGs
[2025-08-24T19:24:15.132+0000] {logging_mixin.py:190} INFO - [2025-08-24T19:24:15.132+0000] {dag.py:4180} INFO - Setting next_dagrun for spark_example to None, run_after=None
[2025-08-24T19:24:15.156+0000] {processor.py:208} INFO - Processing /opt/airflow/dags/spark_example.py took 0.608 seconds
[2025-08-24T19:24:45.843+0000] {processor.py:186} INFO - Started process (PID=330) to work on /opt/airflow/dags/spark_example.py
[2025-08-24T19:24:45.844+0000] {processor.py:914} INFO - Processing file /opt/airflow/dags/spark_example.py for tasks to queue
[2025-08-24T19:24:45.847+0000] {logging_mixin.py:190} INFO - [2025-08-24T19:24:45.846+0000] {dagbag.py:588} INFO - Filling up the DagBag from /opt/airflow/dags/spark_example.py
[2025-08-24T19:24:46.353+0000] {processor.py:925} INFO - DAG(s) 'spark_example' retrieved from /opt/airflow/dags/spark_example.py
[2025-08-24T19:24:46.382+0000] {logging_mixin.py:190} INFO - [2025-08-24T19:24:46.381+0000] {dag.py:3239} INFO - Sync 1 DAGs
[2025-08-24T19:24:46.399+0000] {logging_mixin.py:190} INFO - [2025-08-24T19:24:46.399+0000] {dag.py:4180} INFO - Setting next_dagrun for spark_example to None, run_after=None
[2025-08-24T19:24:46.420+0000] {processor.py:208} INFO - Processing /opt/airflow/dags/spark_example.py took 0.585 seconds
[2025-08-24T19:25:16.666+0000] {processor.py:186} INFO - Started process (PID=343) to work on /opt/airflow/dags/spark_example.py
[2025-08-24T19:25:16.667+0000] {processor.py:914} INFO - Processing file /opt/airflow/dags/spark_example.py for tasks to queue
[2025-08-24T19:25:16.670+0000] {logging_mixin.py:190} INFO - [2025-08-24T19:25:16.670+0000] {dagbag.py:588} INFO - Filling up the DagBag from /opt/airflow/dags/spark_example.py
[2025-08-24T19:25:17.192+0000] {processor.py:925} INFO - DAG(s) 'spark_example' retrieved from /opt/airflow/dags/spark_example.py
[2025-08-24T19:25:17.223+0000] {logging_mixin.py:190} INFO - [2025-08-24T19:25:17.222+0000] {dag.py:3239} INFO - Sync 1 DAGs
[2025-08-24T19:25:17.239+0000] {logging_mixin.py:190} INFO - [2025-08-24T19:25:17.239+0000] {dag.py:4180} INFO - Setting next_dagrun for spark_example to None, run_after=None
[2025-08-24T19:25:17.260+0000] {processor.py:208} INFO - Processing /opt/airflow/dags/spark_example.py took 0.602 seconds
[2025-08-24T19:25:47.473+0000] {processor.py:186} INFO - Started process (PID=356) to work on /opt/airflow/dags/spark_example.py
[2025-08-24T19:25:47.475+0000] {processor.py:914} INFO - Processing file /opt/airflow/dags/spark_example.py for tasks to queue
[2025-08-24T19:25:47.478+0000] {logging_mixin.py:190} INFO - [2025-08-24T19:25:47.478+0000] {dagbag.py:588} INFO - Filling up the DagBag from /opt/airflow/dags/spark_example.py
[2025-08-24T19:25:47.996+0000] {processor.py:925} INFO - DAG(s) 'spark_example' retrieved from /opt/airflow/dags/spark_example.py
[2025-08-24T19:25:48.025+0000] {logging_mixin.py:190} INFO - [2025-08-24T19:25:48.024+0000] {dag.py:3239} INFO - Sync 1 DAGs
[2025-08-24T19:25:48.042+0000] {logging_mixin.py:190} INFO - [2025-08-24T19:25:48.042+0000] {dag.py:4180} INFO - Setting next_dagrun for spark_example to None, run_after=None
[2025-08-24T19:25:48.065+0000] {processor.py:208} INFO - Processing /opt/airflow/dags/spark_example.py took 0.602 seconds
[2025-08-24T19:26:18.275+0000] {processor.py:186} INFO - Started process (PID=369) to work on /opt/airflow/dags/spark_example.py
[2025-08-24T19:26:18.277+0000] {processor.py:914} INFO - Processing file /opt/airflow/dags/spark_example.py for tasks to queue
[2025-08-24T19:26:18.280+0000] {logging_mixin.py:190} INFO - [2025-08-24T19:26:18.280+0000] {dagbag.py:588} INFO - Filling up the DagBag from /opt/airflow/dags/spark_example.py
[2025-08-24T19:26:18.801+0000] {processor.py:925} INFO - DAG(s) 'spark_example' retrieved from /opt/airflow/dags/spark_example.py
[2025-08-24T19:26:18.829+0000] {logging_mixin.py:190} INFO - [2025-08-24T19:26:18.828+0000] {dag.py:3239} INFO - Sync 1 DAGs
[2025-08-24T19:26:18.846+0000] {logging_mixin.py:190} INFO - [2025-08-24T19:26:18.845+0000] {dag.py:4180} INFO - Setting next_dagrun for spark_example to None, run_after=None
[2025-08-24T19:26:18.868+0000] {processor.py:208} INFO - Processing /opt/airflow/dags/spark_example.py took 0.601 seconds
[2025-08-24T19:26:49.640+0000] {processor.py:186} INFO - Started process (PID=381) to work on /opt/airflow/dags/spark_example.py
[2025-08-24T19:26:49.641+0000] {processor.py:914} INFO - Processing file /opt/airflow/dags/spark_example.py for tasks to queue
[2025-08-24T19:26:49.644+0000] {logging_mixin.py:190} INFO - [2025-08-24T19:26:49.644+0000] {dagbag.py:588} INFO - Filling up the DagBag from /opt/airflow/dags/spark_example.py
[2025-08-24T19:26:50.172+0000] {processor.py:925} INFO - DAG(s) 'spark_example' retrieved from /opt/airflow/dags/spark_example.py
[2025-08-24T19:26:50.203+0000] {logging_mixin.py:190} INFO - [2025-08-24T19:26:50.202+0000] {dag.py:3239} INFO - Sync 1 DAGs
[2025-08-24T19:26:50.225+0000] {logging_mixin.py:190} INFO - [2025-08-24T19:26:50.225+0000] {dag.py:4180} INFO - Setting next_dagrun for spark_example to None, run_after=None
[2025-08-24T19:26:50.250+0000] {processor.py:208} INFO - Processing /opt/airflow/dags/spark_example.py took 0.619 seconds
[2025-08-24T19:27:21.025+0000] {processor.py:186} INFO - Started process (PID=394) to work on /opt/airflow/dags/spark_example.py
[2025-08-24T19:27:21.026+0000] {processor.py:914} INFO - Processing file /opt/airflow/dags/spark_example.py for tasks to queue
[2025-08-24T19:27:21.028+0000] {logging_mixin.py:190} INFO - [2025-08-24T19:27:21.028+0000] {dagbag.py:588} INFO - Filling up the DagBag from /opt/airflow/dags/spark_example.py
[2025-08-24T19:27:21.567+0000] {processor.py:925} INFO - DAG(s) 'spark_example' retrieved from /opt/airflow/dags/spark_example.py
[2025-08-24T19:27:21.596+0000] {logging_mixin.py:190} INFO - [2025-08-24T19:27:21.595+0000] {dag.py:3239} INFO - Sync 1 DAGs
[2025-08-24T19:27:21.614+0000] {logging_mixin.py:190} INFO - [2025-08-24T19:27:21.614+0000] {dag.py:4180} INFO - Setting next_dagrun for spark_example to None, run_after=None
[2025-08-24T19:27:21.637+0000] {processor.py:208} INFO - Processing /opt/airflow/dags/spark_example.py took 0.620 seconds
[2025-08-24T19:27:51.880+0000] {processor.py:186} INFO - Started process (PID=413) to work on /opt/airflow/dags/spark_example.py
[2025-08-24T19:27:51.881+0000] {processor.py:914} INFO - Processing file /opt/airflow/dags/spark_example.py for tasks to queue
[2025-08-24T19:27:51.884+0000] {logging_mixin.py:190} INFO - [2025-08-24T19:27:51.884+0000] {dagbag.py:588} INFO - Filling up the DagBag from /opt/airflow/dags/spark_example.py
[2025-08-24T19:27:52.415+0000] {processor.py:925} INFO - DAG(s) 'spark_example' retrieved from /opt/airflow/dags/spark_example.py
[2025-08-24T19:27:52.446+0000] {logging_mixin.py:190} INFO - [2025-08-24T19:27:52.445+0000] {dag.py:3239} INFO - Sync 1 DAGs
[2025-08-24T19:27:52.463+0000] {logging_mixin.py:190} INFO - [2025-08-24T19:27:52.462+0000] {dag.py:4180} INFO - Setting next_dagrun for spark_example to None, run_after=None
[2025-08-24T19:27:52.484+0000] {processor.py:208} INFO - Processing /opt/airflow/dags/spark_example.py took 0.613 seconds
[2025-08-24T19:28:22.664+0000] {processor.py:186} INFO - Started process (PID=426) to work on /opt/airflow/dags/spark_example.py
[2025-08-24T19:28:22.665+0000] {processor.py:914} INFO - Processing file /opt/airflow/dags/spark_example.py for tasks to queue
[2025-08-24T19:28:22.669+0000] {logging_mixin.py:190} INFO - [2025-08-24T19:28:22.668+0000] {dagbag.py:588} INFO - Filling up the DagBag from /opt/airflow/dags/spark_example.py
[2025-08-24T19:28:23.227+0000] {processor.py:925} INFO - DAG(s) 'spark_example' retrieved from /opt/airflow/dags/spark_example.py
[2025-08-24T19:28:23.258+0000] {logging_mixin.py:190} INFO - [2025-08-24T19:28:23.257+0000] {dag.py:3239} INFO - Sync 1 DAGs
[2025-08-24T19:28:23.275+0000] {logging_mixin.py:190} INFO - [2025-08-24T19:28:23.275+0000] {dag.py:4180} INFO - Setting next_dagrun for spark_example to None, run_after=None
[2025-08-24T19:28:23.299+0000] {processor.py:208} INFO - Processing /opt/airflow/dags/spark_example.py took 0.644 seconds
[2025-08-24T19:28:53.998+0000] {processor.py:186} INFO - Started process (PID=439) to work on /opt/airflow/dags/spark_example.py
[2025-08-24T19:28:54.000+0000] {processor.py:914} INFO - Processing file /opt/airflow/dags/spark_example.py for tasks to queue
[2025-08-24T19:28:54.004+0000] {logging_mixin.py:190} INFO - [2025-08-24T19:28:54.004+0000] {dagbag.py:588} INFO - Filling up the DagBag from /opt/airflow/dags/spark_example.py
[2025-08-24T19:28:54.529+0000] {processor.py:925} INFO - DAG(s) 'spark_example' retrieved from /opt/airflow/dags/spark_example.py
[2025-08-24T19:28:54.557+0000] {logging_mixin.py:190} INFO - [2025-08-24T19:28:54.556+0000] {dag.py:3239} INFO - Sync 1 DAGs
[2025-08-24T19:28:54.573+0000] {logging_mixin.py:190} INFO - [2025-08-24T19:28:54.573+0000] {dag.py:4180} INFO - Setting next_dagrun for spark_example to None, run_after=None
[2025-08-24T19:28:54.594+0000] {processor.py:208} INFO - Processing /opt/airflow/dags/spark_example.py took 0.604 seconds
[2025-08-24T19:29:24.847+0000] {processor.py:186} INFO - Started process (PID=452) to work on /opt/airflow/dags/spark_example.py
[2025-08-24T19:29:24.848+0000] {processor.py:914} INFO - Processing file /opt/airflow/dags/spark_example.py for tasks to queue
[2025-08-24T19:29:24.851+0000] {logging_mixin.py:190} INFO - [2025-08-24T19:29:24.851+0000] {dagbag.py:588} INFO - Filling up the DagBag from /opt/airflow/dags/spark_example.py
[2025-08-24T19:29:25.383+0000] {processor.py:925} INFO - DAG(s) 'spark_example' retrieved from /opt/airflow/dags/spark_example.py
[2025-08-24T19:29:25.411+0000] {logging_mixin.py:190} INFO - [2025-08-24T19:29:25.410+0000] {dag.py:3239} INFO - Sync 1 DAGs
[2025-08-24T19:29:25.427+0000] {logging_mixin.py:190} INFO - [2025-08-24T19:29:25.427+0000] {dag.py:4180} INFO - Setting next_dagrun for spark_example to None, run_after=None
[2025-08-24T19:29:25.451+0000] {processor.py:208} INFO - Processing /opt/airflow/dags/spark_example.py took 0.612 seconds
[2025-08-24T19:29:56.194+0000] {processor.py:186} INFO - Started process (PID=465) to work on /opt/airflow/dags/spark_example.py
[2025-08-24T19:29:56.196+0000] {processor.py:914} INFO - Processing file /opt/airflow/dags/spark_example.py for tasks to queue
[2025-08-24T19:29:56.199+0000] {logging_mixin.py:190} INFO - [2025-08-24T19:29:56.198+0000] {dagbag.py:588} INFO - Filling up the DagBag from /opt/airflow/dags/spark_example.py
[2025-08-24T19:29:56.729+0000] {processor.py:925} INFO - DAG(s) 'spark_example' retrieved from /opt/airflow/dags/spark_example.py
[2025-08-24T19:29:56.760+0000] {logging_mixin.py:190} INFO - [2025-08-24T19:29:56.759+0000] {dag.py:3239} INFO - Sync 1 DAGs
[2025-08-24T19:29:56.778+0000] {logging_mixin.py:190} INFO - [2025-08-24T19:29:56.778+0000] {dag.py:4180} INFO - Setting next_dagrun for spark_example to None, run_after=None
[2025-08-24T19:29:56.801+0000] {processor.py:208} INFO - Processing /opt/airflow/dags/spark_example.py took 0.615 seconds
[2025-08-24T19:30:27.060+0000] {processor.py:186} INFO - Started process (PID=478) to work on /opt/airflow/dags/spark_example.py
[2025-08-24T19:30:27.061+0000] {processor.py:914} INFO - Processing file /opt/airflow/dags/spark_example.py for tasks to queue
[2025-08-24T19:30:27.064+0000] {logging_mixin.py:190} INFO - [2025-08-24T19:30:27.064+0000] {dagbag.py:588} INFO - Filling up the DagBag from /opt/airflow/dags/spark_example.py
[2025-08-24T19:30:27.618+0000] {processor.py:925} INFO - DAG(s) 'spark_example' retrieved from /opt/airflow/dags/spark_example.py
[2025-08-24T19:30:27.647+0000] {logging_mixin.py:190} INFO - [2025-08-24T19:30:27.646+0000] {dag.py:3239} INFO - Sync 1 DAGs
[2025-08-24T19:30:27.664+0000] {logging_mixin.py:190} INFO - [2025-08-24T19:30:27.664+0000] {dag.py:4180} INFO - Setting next_dagrun for spark_example to None, run_after=None
[2025-08-24T19:30:27.685+0000] {processor.py:208} INFO - Processing /opt/airflow/dags/spark_example.py took 0.634 seconds
[2025-08-24T19:30:57.818+0000] {processor.py:186} INFO - Started process (PID=491) to work on /opt/airflow/dags/spark_example.py
[2025-08-24T19:30:57.820+0000] {processor.py:914} INFO - Processing file /opt/airflow/dags/spark_example.py for tasks to queue
[2025-08-24T19:30:57.823+0000] {logging_mixin.py:190} INFO - [2025-08-24T19:30:57.823+0000] {dagbag.py:588} INFO - Filling up the DagBag from /opt/airflow/dags/spark_example.py
[2025-08-24T19:30:58.357+0000] {processor.py:925} INFO - DAG(s) 'spark_example' retrieved from /opt/airflow/dags/spark_example.py
[2025-08-24T19:30:58.385+0000] {logging_mixin.py:190} INFO - [2025-08-24T19:30:58.385+0000] {dag.py:3239} INFO - Sync 1 DAGs
[2025-08-24T19:30:58.402+0000] {logging_mixin.py:190} INFO - [2025-08-24T19:30:58.401+0000] {dag.py:4180} INFO - Setting next_dagrun for spark_example to None, run_after=None
[2025-08-24T19:30:58.424+0000] {processor.py:208} INFO - Processing /opt/airflow/dags/spark_example.py took 0.614 seconds
[2025-08-24T19:31:28.603+0000] {processor.py:186} INFO - Started process (PID=504) to work on /opt/airflow/dags/spark_example.py
[2025-08-24T19:31:28.604+0000] {processor.py:914} INFO - Processing file /opt/airflow/dags/spark_example.py for tasks to queue
[2025-08-24T19:31:28.608+0000] {logging_mixin.py:190} INFO - [2025-08-24T19:31:28.607+0000] {dagbag.py:588} INFO - Filling up the DagBag from /opt/airflow/dags/spark_example.py
[2025-08-24T19:31:29.129+0000] {processor.py:925} INFO - DAG(s) 'spark_example' retrieved from /opt/airflow/dags/spark_example.py
[2025-08-24T19:31:29.156+0000] {logging_mixin.py:190} INFO - [2025-08-24T19:31:29.156+0000] {dag.py:3239} INFO - Sync 1 DAGs
[2025-08-24T19:31:29.174+0000] {logging_mixin.py:190} INFO - [2025-08-24T19:31:29.174+0000] {dag.py:4180} INFO - Setting next_dagrun for spark_example to None, run_after=None
[2025-08-24T19:31:29.197+0000] {processor.py:208} INFO - Processing /opt/airflow/dags/spark_example.py took 0.602 seconds
[2025-08-24T19:31:59.893+0000] {processor.py:186} INFO - Started process (PID=517) to work on /opt/airflow/dags/spark_example.py
[2025-08-24T19:31:59.895+0000] {processor.py:914} INFO - Processing file /opt/airflow/dags/spark_example.py for tasks to queue
[2025-08-24T19:31:59.898+0000] {logging_mixin.py:190} INFO - [2025-08-24T19:31:59.897+0000] {dagbag.py:588} INFO - Filling up the DagBag from /opt/airflow/dags/spark_example.py
[2025-08-24T19:32:00.426+0000] {processor.py:925} INFO - DAG(s) 'spark_example' retrieved from /opt/airflow/dags/spark_example.py
[2025-08-24T19:32:00.453+0000] {logging_mixin.py:190} INFO - [2025-08-24T19:32:00.452+0000] {dag.py:3239} INFO - Sync 1 DAGs
[2025-08-24T19:32:00.469+0000] {logging_mixin.py:190} INFO - [2025-08-24T19:32:00.469+0000] {dag.py:4180} INFO - Setting next_dagrun for spark_example to None, run_after=None
[2025-08-24T19:32:00.492+0000] {processor.py:208} INFO - Processing /opt/airflow/dags/spark_example.py took 0.607 seconds
[2025-08-24T19:32:31.288+0000] {processor.py:186} INFO - Started process (PID=530) to work on /opt/airflow/dags/spark_example.py
[2025-08-24T19:32:31.289+0000] {processor.py:914} INFO - Processing file /opt/airflow/dags/spark_example.py for tasks to queue
[2025-08-24T19:32:31.292+0000] {logging_mixin.py:190} INFO - [2025-08-24T19:32:31.292+0000] {dagbag.py:588} INFO - Filling up the DagBag from /opt/airflow/dags/spark_example.py
[2025-08-24T19:32:31.827+0000] {processor.py:925} INFO - DAG(s) 'spark_example' retrieved from /opt/airflow/dags/spark_example.py
[2025-08-24T19:32:31.854+0000] {logging_mixin.py:190} INFO - [2025-08-24T19:32:31.854+0000] {dag.py:3239} INFO - Sync 1 DAGs
[2025-08-24T19:32:31.872+0000] {logging_mixin.py:190} INFO - [2025-08-24T19:32:31.872+0000] {dag.py:4180} INFO - Setting next_dagrun for spark_example to None, run_after=None
[2025-08-24T19:32:31.894+0000] {processor.py:208} INFO - Processing /opt/airflow/dags/spark_example.py took 0.613 seconds
[2025-08-24T19:33:02.682+0000] {processor.py:186} INFO - Started process (PID=543) to work on /opt/airflow/dags/spark_example.py
[2025-08-24T19:33:02.684+0000] {processor.py:914} INFO - Processing file /opt/airflow/dags/spark_example.py for tasks to queue
[2025-08-24T19:33:02.687+0000] {logging_mixin.py:190} INFO - [2025-08-24T19:33:02.687+0000] {dagbag.py:588} INFO - Filling up the DagBag from /opt/airflow/dags/spark_example.py
[2025-08-24T19:33:03.221+0000] {processor.py:925} INFO - DAG(s) 'spark_example' retrieved from /opt/airflow/dags/spark_example.py
[2025-08-24T19:33:03.250+0000] {logging_mixin.py:190} INFO - [2025-08-24T19:33:03.249+0000] {dag.py:3239} INFO - Sync 1 DAGs
[2025-08-24T19:33:03.267+0000] {logging_mixin.py:190} INFO - [2025-08-24T19:33:03.266+0000] {dag.py:4180} INFO - Setting next_dagrun for spark_example to None, run_after=None
[2025-08-24T19:33:03.288+0000] {processor.py:208} INFO - Processing /opt/airflow/dags/spark_example.py took 0.614 seconds
[2025-08-24T19:33:33.536+0000] {processor.py:186} INFO - Started process (PID=556) to work on /opt/airflow/dags/spark_example.py
[2025-08-24T19:33:33.537+0000] {processor.py:914} INFO - Processing file /opt/airflow/dags/spark_example.py for tasks to queue
[2025-08-24T19:33:33.540+0000] {logging_mixin.py:190} INFO - [2025-08-24T19:33:33.540+0000] {dagbag.py:588} INFO - Filling up the DagBag from /opt/airflow/dags/spark_example.py
[2025-08-24T19:33:34.062+0000] {processor.py:925} INFO - DAG(s) 'spark_example' retrieved from /opt/airflow/dags/spark_example.py
[2025-08-24T19:33:34.089+0000] {logging_mixin.py:190} INFO - [2025-08-24T19:33:34.088+0000] {dag.py:3239} INFO - Sync 1 DAGs
[2025-08-24T19:33:34.105+0000] {logging_mixin.py:190} INFO - [2025-08-24T19:33:34.105+0000] {dag.py:4180} INFO - Setting next_dagrun for spark_example to None, run_after=None
[2025-08-24T19:33:34.126+0000] {processor.py:208} INFO - Processing /opt/airflow/dags/spark_example.py took 0.598 seconds
[2025-08-24T19:34:04.813+0000] {processor.py:186} INFO - Started process (PID=569) to work on /opt/airflow/dags/spark_example.py
[2025-08-24T19:34:04.815+0000] {processor.py:914} INFO - Processing file /opt/airflow/dags/spark_example.py for tasks to queue
[2025-08-24T19:34:04.818+0000] {logging_mixin.py:190} INFO - [2025-08-24T19:34:04.817+0000] {dagbag.py:588} INFO - Filling up the DagBag from /opt/airflow/dags/spark_example.py
[2025-08-24T19:34:05.350+0000] {processor.py:925} INFO - DAG(s) 'spark_example' retrieved from /opt/airflow/dags/spark_example.py
[2025-08-24T19:34:05.376+0000] {logging_mixin.py:190} INFO - [2025-08-24T19:34:05.375+0000] {dag.py:3239} INFO - Sync 1 DAGs
[2025-08-24T19:34:05.393+0000] {logging_mixin.py:190} INFO - [2025-08-24T19:34:05.392+0000] {dag.py:4180} INFO - Setting next_dagrun for spark_example to None, run_after=None
[2025-08-24T19:34:05.414+0000] {processor.py:208} INFO - Processing /opt/airflow/dags/spark_example.py took 0.609 seconds
[2025-08-24T19:34:36.243+0000] {processor.py:186} INFO - Started process (PID=582) to work on /opt/airflow/dags/spark_example.py
[2025-08-24T19:34:36.245+0000] {processor.py:914} INFO - Processing file /opt/airflow/dags/spark_example.py for tasks to queue
[2025-08-24T19:34:36.249+0000] {logging_mixin.py:190} INFO - [2025-08-24T19:34:36.248+0000] {dagbag.py:588} INFO - Filling up the DagBag from /opt/airflow/dags/spark_example.py
[2025-08-24T19:34:36.765+0000] {processor.py:925} INFO - DAG(s) 'spark_example' retrieved from /opt/airflow/dags/spark_example.py
[2025-08-24T19:34:36.794+0000] {logging_mixin.py:190} INFO - [2025-08-24T19:34:36.793+0000] {dag.py:3239} INFO - Sync 1 DAGs
[2025-08-24T19:34:36.811+0000] {logging_mixin.py:190} INFO - [2025-08-24T19:34:36.811+0000] {dag.py:4180} INFO - Setting next_dagrun for spark_example to None, run_after=None
[2025-08-24T19:34:36.833+0000] {processor.py:208} INFO - Processing /opt/airflow/dags/spark_example.py took 0.601 seconds
[2025-08-24T19:35:07.619+0000] {processor.py:186} INFO - Started process (PID=595) to work on /opt/airflow/dags/spark_example.py
[2025-08-24T19:35:07.620+0000] {processor.py:914} INFO - Processing file /opt/airflow/dags/spark_example.py for tasks to queue
[2025-08-24T19:35:07.624+0000] {logging_mixin.py:190} INFO - [2025-08-24T19:35:07.623+0000] {dagbag.py:588} INFO - Filling up the DagBag from /opt/airflow/dags/spark_example.py
[2025-08-24T19:35:08.152+0000] {processor.py:925} INFO - DAG(s) 'spark_example' retrieved from /opt/airflow/dags/spark_example.py
[2025-08-24T19:35:08.181+0000] {logging_mixin.py:190} INFO - [2025-08-24T19:35:08.180+0000] {dag.py:3239} INFO - Sync 1 DAGs
[2025-08-24T19:35:08.199+0000] {logging_mixin.py:190} INFO - [2025-08-24T19:35:08.199+0000] {dag.py:4180} INFO - Setting next_dagrun for spark_example to None, run_after=None
[2025-08-24T19:35:08.222+0000] {processor.py:208} INFO - Processing /opt/airflow/dags/spark_example.py took 0.611 seconds
[2025-08-24T19:35:39.023+0000] {processor.py:186} INFO - Started process (PID=608) to work on /opt/airflow/dags/spark_example.py
[2025-08-24T19:35:39.024+0000] {processor.py:914} INFO - Processing file /opt/airflow/dags/spark_example.py for tasks to queue
[2025-08-24T19:35:39.027+0000] {logging_mixin.py:190} INFO - [2025-08-24T19:35:39.027+0000] {dagbag.py:588} INFO - Filling up the DagBag from /opt/airflow/dags/spark_example.py
[2025-08-24T19:35:39.559+0000] {processor.py:925} INFO - DAG(s) 'spark_example' retrieved from /opt/airflow/dags/spark_example.py
[2025-08-24T19:35:39.589+0000] {logging_mixin.py:190} INFO - [2025-08-24T19:35:39.588+0000] {dag.py:3239} INFO - Sync 1 DAGs
[2025-08-24T19:35:39.605+0000] {logging_mixin.py:190} INFO - [2025-08-24T19:35:39.605+0000] {dag.py:4180} INFO - Setting next_dagrun for spark_example to None, run_after=None
[2025-08-24T19:35:39.628+0000] {processor.py:208} INFO - Processing /opt/airflow/dags/spark_example.py took 0.613 seconds
[2025-08-24T19:36:10.416+0000] {processor.py:186} INFO - Started process (PID=621) to work on /opt/airflow/dags/spark_example.py
[2025-08-24T19:36:10.418+0000] {processor.py:914} INFO - Processing file /opt/airflow/dags/spark_example.py for tasks to queue
[2025-08-24T19:36:10.421+0000] {logging_mixin.py:190} INFO - [2025-08-24T19:36:10.420+0000] {dagbag.py:588} INFO - Filling up the DagBag from /opt/airflow/dags/spark_example.py
[2025-08-24T19:36:10.938+0000] {processor.py:925} INFO - DAG(s) 'spark_example' retrieved from /opt/airflow/dags/spark_example.py
[2025-08-24T19:36:10.965+0000] {logging_mixin.py:190} INFO - [2025-08-24T19:36:10.964+0000] {dag.py:3239} INFO - Sync 1 DAGs
[2025-08-24T19:36:10.982+0000] {logging_mixin.py:190} INFO - [2025-08-24T19:36:10.981+0000] {dag.py:4180} INFO - Setting next_dagrun for spark_example to None, run_after=None
[2025-08-24T19:36:11.003+0000] {processor.py:208} INFO - Processing /opt/airflow/dags/spark_example.py took 0.595 seconds
[2025-08-24T19:36:41.792+0000] {processor.py:186} INFO - Started process (PID=634) to work on /opt/airflow/dags/spark_example.py
[2025-08-24T19:36:41.793+0000] {processor.py:914} INFO - Processing file /opt/airflow/dags/spark_example.py for tasks to queue
[2025-08-24T19:36:41.796+0000] {logging_mixin.py:190} INFO - [2025-08-24T19:36:41.796+0000] {dagbag.py:588} INFO - Filling up the DagBag from /opt/airflow/dags/spark_example.py
[2025-08-24T19:36:42.315+0000] {processor.py:925} INFO - DAG(s) 'spark_example' retrieved from /opt/airflow/dags/spark_example.py
[2025-08-24T19:36:42.342+0000] {logging_mixin.py:190} INFO - [2025-08-24T19:36:42.342+0000] {dag.py:3239} INFO - Sync 1 DAGs
[2025-08-24T19:36:42.359+0000] {logging_mixin.py:190} INFO - [2025-08-24T19:36:42.359+0000] {dag.py:4180} INFO - Setting next_dagrun for spark_example to None, run_after=None
[2025-08-24T19:36:42.384+0000] {processor.py:208} INFO - Processing /opt/airflow/dags/spark_example.py took 0.599 seconds
[2025-08-24T19:37:12.628+0000] {processor.py:186} INFO - Started process (PID=647) to work on /opt/airflow/dags/spark_example.py
[2025-08-24T19:37:12.630+0000] {processor.py:914} INFO - Processing file /opt/airflow/dags/spark_example.py for tasks to queue
[2025-08-24T19:37:12.633+0000] {logging_mixin.py:190} INFO - [2025-08-24T19:37:12.632+0000] {dagbag.py:588} INFO - Filling up the DagBag from /opt/airflow/dags/spark_example.py
[2025-08-24T19:37:13.157+0000] {processor.py:925} INFO - DAG(s) 'spark_example' retrieved from /opt/airflow/dags/spark_example.py
[2025-08-24T19:37:13.184+0000] {logging_mixin.py:190} INFO - [2025-08-24T19:37:13.183+0000] {dag.py:3239} INFO - Sync 1 DAGs
[2025-08-24T19:37:13.202+0000] {logging_mixin.py:190} INFO - [2025-08-24T19:37:13.202+0000] {dag.py:4180} INFO - Setting next_dagrun for spark_example to None, run_after=None
[2025-08-24T19:37:13.225+0000] {processor.py:208} INFO - Processing /opt/airflow/dags/spark_example.py took 0.606 seconds
