[2025-09-04T19:37:56.601+0000] {local_task_job_runner.py:123} INFO - ::group::Pre task execution logs
[2025-09-04T19:37:56.621+0000] {taskinstance.py:2613} INFO - Dependencies all met for dep_context=non-requeueable deps ti=<TaskInstance: spark_example.spark_submit_job manual__2025-09-04T19:37:53.122083+00:00 [queued]>
[2025-09-04T19:37:56.630+0000] {taskinstance.py:2613} INFO - Dependencies all met for dep_context=requeueable deps ti=<TaskInstance: spark_example.spark_submit_job manual__2025-09-04T19:37:53.122083+00:00 [queued]>
[2025-09-04T19:37:56.631+0000] {taskinstance.py:2866} INFO - Starting attempt 1 of 1
[2025-09-04T19:37:56.645+0000] {taskinstance.py:2889} INFO - Executing <Task(SparkSubmitOperator): spark_submit_job> on 2025-09-04 19:37:53.122083+00:00
[2025-09-04T19:37:56.652+0000] {warnings.py:112} WARNING - /home/***/.local/lib/python3.12/site-packages/***/task/task_runner/standard_task_runner.py:70: DeprecationWarning: This process (pid=68) is multi-threaded, use of fork() may lead to deadlocks in the child.
  pid = os.fork()

[2025-09-04T19:37:56.654+0000] {standard_task_runner.py:72} INFO - Started process 70 to run task
[2025-09-04T19:37:56.654+0000] {standard_task_runner.py:104} INFO - Running: ['***', 'tasks', 'run', 'spark_example', 'spark_submit_job', 'manual__2025-09-04T19:37:53.122083+00:00', '--job-id', '143', '--raw', '--subdir', 'DAGS_FOLDER/spark_example.py', '--cfg-path', '/tmp/tmp5vwd5wbt']
[2025-09-04T19:37:56.657+0000] {standard_task_runner.py:105} INFO - Job 143: Subtask spark_submit_job
[2025-09-04T19:37:56.708+0000] {task_command.py:467} INFO - Running <TaskInstance: spark_example.spark_submit_job manual__2025-09-04T19:37:53.122083+00:00 [running]> on host 80d17a04c120
[2025-09-04T19:37:56.798+0000] {taskinstance.py:3132} INFO - Exporting env vars: AIRFLOW_CTX_DAG_OWNER='Smalch' AIRFLOW_CTX_DAG_ID='spark_example' AIRFLOW_CTX_TASK_ID='spark_submit_job' AIRFLOW_CTX_EXECUTION_DATE='2025-09-04T19:37:53.122083+00:00' AIRFLOW_CTX_TRY_NUMBER='1' AIRFLOW_CTX_DAG_RUN_ID='manual__2025-09-04T19:37:53.122083+00:00'
[2025-09-04T19:37:56.800+0000] {taskinstance.py:731} INFO - ::endgroup::
[2025-09-04T19:37:56.813+0000] {base.py:84} INFO - Retrieving connection 'spark'
[2025-09-04T19:37:56.814+0000] {spark_submit.py:327} ERROR - Failed to decode base64 keytab: Incorrect padding
[2025-09-04T19:37:56.814+0000] {spark_submit.py:304} INFO - Could not load connection string spark, defaulting to spark://spark-master:7077
[2025-09-04T19:37:56.816+0000] {spark_submit.py:473} INFO - Spark-Submit cmd: spark-submit --master spark://spark-master:7077 --num-executors 1 --total-executor-cores 1 --executor-cores 1 --executor-memory 50g --driver-memory 50g --name arrow-spark --verbose --deploy-mode client dags/spark_app/spark_1.py
[2025-09-04T19:37:57.159+0000] {spark_submit.py:634} INFO - WARNING: Using incubator modules: jdk.incubator.vector
[2025-09-04T19:37:58.411+0000] {spark_submit.py:634} INFO - Parsed arguments:
[2025-09-04T19:37:58.411+0000] {spark_submit.py:634} INFO - master                  spark://spark-master:7077
[2025-09-04T19:37:58.412+0000] {spark_submit.py:634} INFO - remote                  null
[2025-09-04T19:37:58.412+0000] {spark_submit.py:634} INFO - deployMode              client
[2025-09-04T19:37:58.413+0000] {spark_submit.py:634} INFO - executorMemory          50g
[2025-09-04T19:37:58.413+0000] {spark_submit.py:634} INFO - executorCores           1
[2025-09-04T19:37:58.413+0000] {spark_submit.py:634} INFO - totalExecutorCores      1
[2025-09-04T19:37:58.414+0000] {spark_submit.py:634} INFO - propertiesFile          null
[2025-09-04T19:37:58.414+0000] {spark_submit.py:634} INFO - driverMemory            50g
[2025-09-04T19:37:58.414+0000] {spark_submit.py:634} INFO - driverCores             null
[2025-09-04T19:37:58.415+0000] {spark_submit.py:634} INFO - driverExtraClassPath    null
[2025-09-04T19:37:58.415+0000] {spark_submit.py:634} INFO - driverExtraLibraryPath  null
[2025-09-04T19:37:58.415+0000] {spark_submit.py:634} INFO - driverExtraJavaOptions  null
[2025-09-04T19:37:58.415+0000] {spark_submit.py:634} INFO - supervise               false
[2025-09-04T19:37:58.416+0000] {spark_submit.py:634} INFO - queue                   null
[2025-09-04T19:37:58.416+0000] {spark_submit.py:634} INFO - numExecutors            1
[2025-09-04T19:37:58.416+0000] {spark_submit.py:634} INFO - files                   null
[2025-09-04T19:37:58.416+0000] {spark_submit.py:634} INFO - pyFiles                 null
[2025-09-04T19:37:58.416+0000] {spark_submit.py:634} INFO - archives                null
[2025-09-04T19:37:58.417+0000] {spark_submit.py:634} INFO - mainClass               null
[2025-09-04T19:37:58.417+0000] {spark_submit.py:634} INFO - primaryResource         file:/opt/***/dags/spark_app/spark_1.py
[2025-09-04T19:37:58.417+0000] {spark_submit.py:634} INFO - name                    arrow-spark
[2025-09-04T19:37:58.417+0000] {spark_submit.py:634} INFO - childArgs               []
[2025-09-04T19:37:58.417+0000] {spark_submit.py:634} INFO - jars                    null
[2025-09-04T19:37:58.418+0000] {spark_submit.py:634} INFO - packages                null
[2025-09-04T19:37:58.418+0000] {spark_submit.py:634} INFO - packagesExclusions      null
[2025-09-04T19:37:58.418+0000] {spark_submit.py:634} INFO - repositories            null
[2025-09-04T19:37:58.418+0000] {spark_submit.py:634} INFO - verbose                 true
[2025-09-04T19:37:58.418+0000] {spark_submit.py:634} INFO - 
[2025-09-04T19:37:58.419+0000] {spark_submit.py:634} INFO - Spark properties used, including those specified through
[2025-09-04T19:37:58.419+0000] {spark_submit.py:634} INFO - --conf and those from the properties file null:
[2025-09-04T19:37:58.419+0000] {spark_submit.py:634} INFO - (spark.driver.memory,50g)
[2025-09-04T19:37:58.420+0000] {spark_submit.py:634} INFO - 
[2025-09-04T19:37:58.420+0000] {spark_submit.py:634} INFO - 
[2025-09-04T19:37:58.657+0000] {spark_submit.py:634} INFO - Main class:
[2025-09-04T19:37:58.657+0000] {spark_submit.py:634} INFO - org.apache.spark.deploy.PythonRunner
[2025-09-04T19:37:58.658+0000] {spark_submit.py:634} INFO - Arguments:
[2025-09-04T19:37:58.658+0000] {spark_submit.py:634} INFO - file:/opt/***/dags/spark_app/spark_1.py
[2025-09-04T19:37:58.659+0000] {spark_submit.py:634} INFO - null
[2025-09-04T19:37:58.659+0000] {spark_submit.py:634} INFO - Spark config:
[2025-09-04T19:37:58.659+0000] {spark_submit.py:634} INFO - (spark.app.name,arrow-spark)
[2025-09-04T19:37:58.660+0000] {spark_submit.py:634} INFO - (spark.app.submitTime,1757014678630)
[2025-09-04T19:37:58.660+0000] {spark_submit.py:634} INFO - (spark.cores.max,1)
[2025-09-04T19:37:58.660+0000] {spark_submit.py:634} INFO - (spark.driver.memory,50g)
[2025-09-04T19:37:58.661+0000] {spark_submit.py:634} INFO - (spark.executor.cores,1)
[2025-09-04T19:37:58.661+0000] {spark_submit.py:634} INFO - (spark.executor.memory,50g)
[2025-09-04T19:37:58.661+0000] {spark_submit.py:634} INFO - (spark.master,spark://spark-master:7077)
[2025-09-04T19:37:58.661+0000] {spark_submit.py:634} INFO - (spark.submit.deployMode,client)
[2025-09-04T19:37:58.662+0000] {spark_submit.py:634} INFO - (spark.submit.pyFiles,)
[2025-09-04T19:37:58.662+0000] {spark_submit.py:634} INFO - Classpath elements:
[2025-09-04T19:37:58.662+0000] {spark_submit.py:634} INFO - 
[2025-09-04T19:37:58.662+0000] {spark_submit.py:634} INFO - 
[2025-09-04T19:37:58.662+0000] {spark_submit.py:634} INFO - 
[2025-09-04T19:38:00.702+0000] {spark_submit.py:634} INFO - Using Spark's default log4j profile: org/apache/spark/log4j2-defaults.properties
[2025-09-04T19:38:00.712+0000] {spark_submit.py:634} INFO - 25/09/04 19:38:00 INFO SparkContext: Running Spark version 4.0.0
[2025-09-04T19:38:00.717+0000] {spark_submit.py:634} INFO - 25/09/04 19:38:00 INFO SparkContext: OS info Linux, 5.10.0-35-cloud-amd64, amd64
[2025-09-04T19:38:00.718+0000] {spark_submit.py:634} INFO - 25/09/04 19:38:00 INFO SparkContext: Java version 17.0.15
[2025-09-04T19:38:00.810+0000] {spark_submit.py:634} INFO - 25/09/04 19:38:00 WARN NativeCodeLoader: Unable to load native-hadoop library for your platform... using builtin-java classes where applicable
[2025-09-04T19:38:00.860+0000] {spark_submit.py:634} INFO - 25/09/04 19:38:00 INFO ResourceUtils: ==============================================================
[2025-09-04T19:38:00.861+0000] {spark_submit.py:634} INFO - 25/09/04 19:38:00 INFO ResourceUtils: No custom resources configured for spark.driver.
[2025-09-04T19:38:00.862+0000] {spark_submit.py:634} INFO - 25/09/04 19:38:00 INFO ResourceUtils: ==============================================================
[2025-09-04T19:38:00.862+0000] {spark_submit.py:634} INFO - 25/09/04 19:38:00 INFO SparkContext: Submitted application: ExampleJob111
[2025-09-04T19:38:00.888+0000] {spark_submit.py:634} INFO - 25/09/04 19:38:00 INFO ResourceProfile: Default ResourceProfile created, executor resources: Map(cores -> name: cores, amount: 1, script: , vendor: , memory -> name: memory, amount: 51200, script: , vendor: , offHeap -> name: offHeap, amount: 0, script: , vendor: ), task resources: Map(cpus -> name: cpus, amount: 1.0)
[2025-09-04T19:38:00.894+0000] {spark_submit.py:634} INFO - 25/09/04 19:38:00 INFO ResourceProfile: Limiting resource is cpus at 1 tasks per executor
[2025-09-04T19:38:00.897+0000] {spark_submit.py:634} INFO - 25/09/04 19:38:00 INFO ResourceProfileManager: Added ResourceProfile id: 0
[2025-09-04T19:38:00.944+0000] {spark_submit.py:634} INFO - 25/09/04 19:38:00 INFO SecurityManager: Changing view acls to: default
[2025-09-04T19:38:00.945+0000] {spark_submit.py:634} INFO - 25/09/04 19:38:00 INFO SecurityManager: Changing modify acls to: default
[2025-09-04T19:38:00.946+0000] {spark_submit.py:634} INFO - 25/09/04 19:38:00 INFO SecurityManager: Changing view acls groups to: default
[2025-09-04T19:38:00.946+0000] {spark_submit.py:634} INFO - 25/09/04 19:38:00 INFO SecurityManager: Changing modify acls groups to: default
[2025-09-04T19:38:00.949+0000] {spark_submit.py:634} INFO - 25/09/04 19:38:00 INFO SecurityManager: SecurityManager: authentication disabled; ui acls disabled; users with view permissions: default groups with view permissions: EMPTY; users with modify permissions: default; groups with modify permissions: EMPTY; RPC SSL disabled
[2025-09-04T19:38:01.196+0000] {spark_submit.py:634} INFO - 25/09/04 19:38:01 INFO Utils: Successfully started service 'sparkDriver' on port 40431.
[2025-09-04T19:38:01.231+0000] {spark_submit.py:634} INFO - 25/09/04 19:38:01 INFO SparkEnv: Registering MapOutputTracker
[2025-09-04T19:38:01.249+0000] {spark_submit.py:634} INFO - 25/09/04 19:38:01 INFO SparkEnv: Registering BlockManagerMaster
[2025-09-04T19:38:01.269+0000] {spark_submit.py:634} INFO - 25/09/04 19:38:01 INFO BlockManagerMasterEndpoint: Using org.apache.spark.storage.DefaultTopologyMapper for getting topology information
[2025-09-04T19:38:01.270+0000] {spark_submit.py:634} INFO - 25/09/04 19:38:01 INFO BlockManagerMasterEndpoint: BlockManagerMasterEndpoint up
[2025-09-04T19:38:01.274+0000] {spark_submit.py:634} INFO - 25/09/04 19:38:01 INFO SparkEnv: Registering BlockManagerMasterHeartbeat
[2025-09-04T19:38:01.295+0000] {spark_submit.py:634} INFO - 25/09/04 19:38:01 INFO DiskBlockManager: Created local directory at /tmp/blockmgr-c654b5d5-51c0-43dc-9f50-9d0d9560aa74
[2025-09-04T19:38:01.317+0000] {spark_submit.py:634} INFO - 25/09/04 19:38:01 INFO SparkEnv: Registering OutputCommitCoordinator
[2025-09-04T19:38:01.444+0000] {spark_submit.py:634} INFO - 25/09/04 19:38:01 INFO JettyUtils: Start Jetty 0.0.0.0:4040 for SparkUI
[2025-09-04T19:38:01.539+0000] {spark_submit.py:634} INFO - 25/09/04 19:38:01 INFO Utils: Successfully started service 'SparkUI' on port 4040.
[2025-09-04T19:38:01.606+0000] {spark_submit.py:634} INFO - 25/09/04 19:38:01 INFO SecurityManager: Changing view acls to: default
[2025-09-04T19:38:01.607+0000] {spark_submit.py:634} INFO - 25/09/04 19:38:01 INFO SecurityManager: Changing modify acls to: default
[2025-09-04T19:38:01.608+0000] {spark_submit.py:634} INFO - 25/09/04 19:38:01 INFO SecurityManager: Changing view acls groups to: default
[2025-09-04T19:38:01.608+0000] {spark_submit.py:634} INFO - 25/09/04 19:38:01 INFO SecurityManager: Changing modify acls groups to: default
[2025-09-04T19:38:01.608+0000] {spark_submit.py:634} INFO - 25/09/04 19:38:01 INFO SecurityManager: SecurityManager: authentication disabled; ui acls disabled; users with view permissions: default groups with view permissions: EMPTY; users with modify permissions: default; groups with modify permissions: EMPTY; RPC SSL disabled
[2025-09-04T19:38:01.776+0000] {spark_submit.py:634} INFO - 25/09/04 19:38:01 INFO StandaloneAppClient$ClientEndpoint: Connecting to master spark://spark-master:7077...
[2025-09-04T19:38:01.829+0000] {spark_submit.py:634} INFO - 25/09/04 19:38:01 INFO TransportClientFactory: Successfully created connection to spark-master/172.18.0.4:7077 after 27 ms (0 ms spent in bootstraps)
[2025-09-04T19:38:01.870+0000] {spark_submit.py:634} INFO - 25/09/04 19:38:01 WARN StandaloneAppClient$ClientEndpoint: Failed to connect to master spark-master:7077
[2025-09-04T19:38:01.871+0000] {spark_submit.py:634} INFO - org.apache.spark.SparkException: Exception thrown in awaitResult:
[2025-09-04T19:38:01.871+0000] {spark_submit.py:634} INFO - at org.apache.spark.util.SparkThreadUtils$.awaitResult(SparkThreadUtils.scala:53)
[2025-09-04T19:38:01.872+0000] {spark_submit.py:634} INFO - at org.apache.spark.util.ThreadUtils$.awaitResult(ThreadUtils.scala:342)
[2025-09-04T19:38:01.872+0000] {spark_submit.py:634} INFO - at org.apache.spark.rpc.RpcTimeout.awaitResult(RpcTimeout.scala:75)
[2025-09-04T19:38:01.872+0000] {spark_submit.py:634} INFO - at org.apache.spark.rpc.RpcEnv.setupEndpointRefByURI(RpcEnv.scala:102)
[2025-09-04T19:38:01.873+0000] {spark_submit.py:634} INFO - at org.apache.spark.rpc.RpcEnv.setupEndpointRef(RpcEnv.scala:110)
[2025-09-04T19:38:01.873+0000] {spark_submit.py:634} INFO - at org.apache.spark.deploy.client.StandaloneAppClient$ClientEndpoint$$anon$1.run(StandaloneAppClient.scala:110)
[2025-09-04T19:38:01.873+0000] {spark_submit.py:634} INFO - at java.base/java.util.concurrent.Executors$RunnableAdapter.call(Executors.java:539)
[2025-09-04T19:38:01.874+0000] {spark_submit.py:634} INFO - at java.base/java.util.concurrent.FutureTask.run(FutureTask.java:264)
[2025-09-04T19:38:01.874+0000] {spark_submit.py:634} INFO - at java.base/java.util.concurrent.ThreadPoolExecutor.runWorker(ThreadPoolExecutor.java:1136)
[2025-09-04T19:38:01.874+0000] {spark_submit.py:634} INFO - at java.base/java.util.concurrent.ThreadPoolExecutor$Worker.run(ThreadPoolExecutor.java:635)
[2025-09-04T19:38:01.875+0000] {spark_submit.py:634} INFO - at java.base/java.lang.Thread.run(Thread.java:840)
[2025-09-04T19:38:01.875+0000] {spark_submit.py:634} INFO - Caused by: java.lang.RuntimeException: java.io.InvalidClassException: org.apache.spark.rpc.netty.RpcEndpointVerifier$CheckExistence; local class incompatible: stream classdesc serialVersionUID = 5378738997755484868, local class serialVersionUID = 7789290765573734431
[2025-09-04T19:38:01.875+0000] {spark_submit.py:634} INFO - at java.base/java.io.ObjectStreamClass.initNonProxy(ObjectStreamClass.java:597)
[2025-09-04T19:38:01.875+0000] {spark_submit.py:634} INFO - at java.base/java.io.ObjectInputStream.readNonProxyDesc(ObjectInputStream.java:2051)
[2025-09-04T19:38:01.876+0000] {spark_submit.py:634} INFO - at java.base/java.io.ObjectInputStream.readClassDesc(ObjectInputStream.java:1898)
[2025-09-04T19:38:01.876+0000] {spark_submit.py:634} INFO - at java.base/java.io.ObjectInputStream.readOrdinaryObject(ObjectInputStream.java:2224)
[2025-09-04T19:38:01.876+0000] {spark_submit.py:634} INFO - at java.base/java.io.ObjectInputStream.readObject0(ObjectInputStream.java:1733)
[2025-09-04T19:38:01.877+0000] {spark_submit.py:634} INFO - at java.base/java.io.ObjectInputStream.readObject(ObjectInputStream.java:509)
[2025-09-04T19:38:01.877+0000] {spark_submit.py:634} INFO - at java.base/java.io.ObjectInputStream.readObject(ObjectInputStream.java:467)
[2025-09-04T19:38:01.877+0000] {spark_submit.py:634} INFO - at org.apache.spark.serializer.JavaDeserializationStream.readObject(JavaSerializer.scala:87)
[2025-09-04T19:38:01.878+0000] {spark_submit.py:634} INFO - at org.apache.spark.serializer.JavaSerializerInstance.deserialize(JavaSerializer.scala:123)
[2025-09-04T19:38:01.878+0000] {spark_submit.py:634} INFO - at org.apache.spark.rpc.netty.NettyRpcEnv.$anonfun$deserialize$2(NettyRpcEnv.scala:299)
[2025-09-04T19:38:01.878+0000] {spark_submit.py:634} INFO - at scala.util.DynamicVariable.withValue(DynamicVariable.scala:62)
[2025-09-04T19:38:01.878+0000] {spark_submit.py:634} INFO - at org.apache.spark.rpc.netty.NettyRpcEnv.deserialize(NettyRpcEnv.scala:352)
[2025-09-04T19:38:01.878+0000] {spark_submit.py:634} INFO - at org.apache.spark.rpc.netty.NettyRpcEnv.$anonfun$deserialize$1(NettyRpcEnv.scala:298)
[2025-09-04T19:38:01.879+0000] {spark_submit.py:634} INFO - at scala.util.DynamicVariable.withValue(DynamicVariable.scala:62)
[2025-09-04T19:38:01.879+0000] {spark_submit.py:634} INFO - at org.apache.spark.rpc.netty.NettyRpcEnv.deserialize(NettyRpcEnv.scala:298)
[2025-09-04T19:38:01.879+0000] {spark_submit.py:634} INFO - at org.apache.spark.rpc.netty.RequestMessage$.apply(NettyRpcEnv.scala:646)
[2025-09-04T19:38:01.879+0000] {spark_submit.py:634} INFO - at org.apache.spark.rpc.netty.NettyRpcHandler.internalReceive(NettyRpcEnv.scala:697)
[2025-09-04T19:38:01.879+0000] {spark_submit.py:634} INFO - at org.apache.spark.rpc.netty.NettyRpcHandler.receive(NettyRpcEnv.scala:682)
[2025-09-04T19:38:01.880+0000] {spark_submit.py:634} INFO - at org.apache.spark.network.server.TransportRequestHandler.processRpcRequest(TransportRequestHandler.java:163)
[2025-09-04T19:38:01.880+0000] {spark_submit.py:634} INFO - at org.apache.spark.network.server.TransportRequestHandler.handle(TransportRequestHandler.java:109)
[2025-09-04T19:38:01.880+0000] {spark_submit.py:634} INFO - at org.apache.spark.network.server.TransportChannelHandler.channelRead0(TransportChannelHandler.java:140)
[2025-09-04T19:38:01.881+0000] {spark_submit.py:634} INFO - at org.apache.spark.network.server.TransportChannelHandler.channelRead0(TransportChannelHandler.java:53)
[2025-09-04T19:38:01.881+0000] {spark_submit.py:634} INFO - at io.netty.channel.SimpleChannelInboundHandler.channelRead(SimpleChannelInboundHandler.java:99)
[2025-09-04T19:38:01.881+0000] {spark_submit.py:634} INFO - at io.netty.channel.AbstractChannelHandlerContext.invokeChannelRead(AbstractChannelHandlerContext.java:444)
[2025-09-04T19:38:01.881+0000] {spark_submit.py:634} INFO - at io.netty.channel.AbstractChannelHandlerContext.invokeChannelRead(AbstractChannelHandlerContext.java:420)
[2025-09-04T19:38:01.882+0000] {spark_submit.py:634} INFO - at io.netty.channel.AbstractChannelHandlerContext.fireChannelRead(AbstractChannelHandlerContext.java:412)
[2025-09-04T19:38:01.882+0000] {spark_submit.py:634} INFO - at io.netty.handler.timeout.IdleStateHandler.channelRead(IdleStateHandler.java:286)
[2025-09-04T19:38:01.882+0000] {spark_submit.py:634} INFO - at io.netty.channel.AbstractChannelHandlerContext.invokeChannelRead(AbstractChannelHandlerContext.java:442)
[2025-09-04T19:38:01.882+0000] {spark_submit.py:634} INFO - at io.netty.channel.AbstractChannelHandlerContext.invokeChannelRead(AbstractChannelHandlerContext.java:420)
[2025-09-04T19:38:01.882+0000] {spark_submit.py:634} INFO - at io.netty.channel.AbstractChannelHandlerContext.fireChannelRead(AbstractChannelHandlerContext.java:412)
[2025-09-04T19:38:01.883+0000] {spark_submit.py:634} INFO - at io.netty.handler.codec.MessageToMessageDecoder.channelRead(MessageToMessageDecoder.java:103)
[2025-09-04T19:38:01.883+0000] {spark_submit.py:634} INFO - at io.netty.channel.AbstractChannelHandlerContext.invokeChannelRead(AbstractChannelHandlerContext.java:444)
[2025-09-04T19:38:01.883+0000] {spark_submit.py:634} INFO - at io.netty.channel.AbstractChannelHandlerContext.invokeChannelRead(AbstractChannelHandlerContext.java:420)
[2025-09-04T19:38:01.883+0000] {spark_submit.py:634} INFO - at io.netty.channel.AbstractChannelHandlerContext.fireChannelRead(AbstractChannelHandlerContext.java:412)
[2025-09-04T19:38:01.883+0000] {spark_submit.py:634} INFO - at org.apache.spark.network.util.TransportFrameDecoder.channelRead(TransportFrameDecoder.java:102)
[2025-09-04T19:38:01.884+0000] {spark_submit.py:634} INFO - at io.netty.channel.AbstractChannelHandlerContext.invokeChannelRead(AbstractChannelHandlerContext.java:444)
[2025-09-04T19:38:01.884+0000] {spark_submit.py:634} INFO - at io.netty.channel.AbstractChannelHandlerContext.invokeChannelRead(AbstractChannelHandlerContext.java:420)
[2025-09-04T19:38:01.884+0000] {spark_submit.py:634} INFO - at io.netty.channel.AbstractChannelHandlerContext.fireChannelRead(AbstractChannelHandlerContext.java:412)
[2025-09-04T19:38:01.884+0000] {spark_submit.py:634} INFO - at io.netty.channel.DefaultChannelPipeline$HeadContext.channelRead(DefaultChannelPipeline.java:1410)
[2025-09-04T19:38:01.884+0000] {spark_submit.py:634} INFO - at io.netty.channel.AbstractChannelHandlerContext.invokeChannelRead(AbstractChannelHandlerContext.java:440)
[2025-09-04T19:38:01.884+0000] {spark_submit.py:634} INFO - at io.netty.channel.AbstractChannelHandlerContext.invokeChannelRead(AbstractChannelHandlerContext.java:420)
[2025-09-04T19:38:01.885+0000] {spark_submit.py:634} INFO - at io.netty.channel.DefaultChannelPipeline.fireChannelRead(DefaultChannelPipeline.java:919)
[2025-09-04T19:38:01.885+0000] {spark_submit.py:634} INFO - at io.netty.channel.nio.AbstractNioByteChannel$NioByteUnsafe.read(AbstractNioByteChannel.java:166)
[2025-09-04T19:38:01.885+0000] {spark_submit.py:634} INFO - at io.netty.channel.nio.NioEventLoop.processSelectedKey(NioEventLoop.java:788)
[2025-09-04T19:38:01.885+0000] {spark_submit.py:634} INFO - at io.netty.channel.nio.NioEventLoop.processSelectedKeysOptimized(NioEventLoop.java:724)
[2025-09-04T19:38:01.885+0000] {spark_submit.py:634} INFO - at io.netty.channel.nio.NioEventLoop.processSelectedKeys(NioEventLoop.java:650)
[2025-09-04T19:38:01.886+0000] {spark_submit.py:634} INFO - at io.netty.channel.nio.NioEventLoop.run(NioEventLoop.java:562)
[2025-09-04T19:38:01.886+0000] {spark_submit.py:634} INFO - at io.netty.util.concurrent.SingleThreadEventExecutor$4.run(SingleThreadEventExecutor.java:997)
[2025-09-04T19:38:01.886+0000] {spark_submit.py:634} INFO - at io.netty.util.internal.ThreadExecutorMap$2.run(ThreadExecutorMap.java:74)
[2025-09-04T19:38:01.886+0000] {spark_submit.py:634} INFO - at io.netty.util.concurrent.FastThreadLocalRunnable.run(FastThreadLocalRunnable.java:30)
[2025-09-04T19:38:01.886+0000] {spark_submit.py:634} INFO - at java.base/java.lang.Thread.run(Thread.java:840)
[2025-09-04T19:38:01.887+0000] {spark_submit.py:634} INFO - 
[2025-09-04T19:38:01.887+0000] {spark_submit.py:634} INFO - at org.apache.spark.network.client.TransportResponseHandler.handle(TransportResponseHandler.java:217)
[2025-09-04T19:38:01.887+0000] {spark_submit.py:634} INFO - at org.apache.spark.network.server.TransportChannelHandler.channelRead0(TransportChannelHandler.java:145)
[2025-09-04T19:38:01.887+0000] {spark_submit.py:634} INFO - at org.apache.spark.network.server.TransportChannelHandler.channelRead0(TransportChannelHandler.java:55)
[2025-09-04T19:38:01.887+0000] {spark_submit.py:634} INFO - at io.netty.channel.SimpleChannelInboundHandler.channelRead(SimpleChannelInboundHandler.java:99)
[2025-09-04T19:38:01.888+0000] {spark_submit.py:634} INFO - at io.netty.channel.AbstractChannelHandlerContext.invokeChannelRead(AbstractChannelHandlerContext.java:444)
[2025-09-04T19:38:01.888+0000] {spark_submit.py:634} INFO - at io.netty.channel.AbstractChannelHandlerContext.invokeChannelRead(AbstractChannelHandlerContext.java:420)
[2025-09-04T19:38:01.888+0000] {spark_submit.py:634} INFO - at io.netty.channel.AbstractChannelHandlerContext.fireChannelRead(AbstractChannelHandlerContext.java:412)
[2025-09-04T19:38:01.888+0000] {spark_submit.py:634} INFO - at io.netty.handler.timeout.IdleStateHandler.channelRead(IdleStateHandler.java:289)
[2025-09-04T19:38:01.888+0000] {spark_submit.py:634} INFO - at io.netty.channel.AbstractChannelHandlerContext.invokeChannelRead(AbstractChannelHandlerContext.java:442)
[2025-09-04T19:38:01.889+0000] {spark_submit.py:634} INFO - at io.netty.channel.AbstractChannelHandlerContext.invokeChannelRead(AbstractChannelHandlerContext.java:420)
[2025-09-04T19:38:01.889+0000] {spark_submit.py:634} INFO - at io.netty.channel.AbstractChannelHandlerContext.fireChannelRead(AbstractChannelHandlerContext.java:412)
[2025-09-04T19:38:01.889+0000] {spark_submit.py:634} INFO - at io.netty.handler.codec.MessageToMessageDecoder.channelRead(MessageToMessageDecoder.java:107)
[2025-09-04T19:38:01.889+0000] {spark_submit.py:634} INFO - at io.netty.channel.AbstractChannelHandlerContext.invokeChannelRead(AbstractChannelHandlerContext.java:444)
[2025-09-04T19:38:01.889+0000] {spark_submit.py:634} INFO - at io.netty.channel.AbstractChannelHandlerContext.invokeChannelRead(AbstractChannelHandlerContext.java:420)
[2025-09-04T19:38:01.890+0000] {spark_submit.py:634} INFO - at io.netty.channel.AbstractChannelHandlerContext.fireChannelRead(AbstractChannelHandlerContext.java:412)
[2025-09-04T19:38:01.890+0000] {spark_submit.py:634} INFO - at org.apache.spark.network.util.TransportFrameDecoder.channelRead(TransportFrameDecoder.java:102)
[2025-09-04T19:38:01.890+0000] {spark_submit.py:634} INFO - at io.netty.channel.AbstractChannelHandlerContext.invokeChannelRead(AbstractChannelHandlerContext.java:444)
[2025-09-04T19:38:01.890+0000] {spark_submit.py:634} INFO - at io.netty.channel.AbstractChannelHandlerContext.invokeChannelRead(AbstractChannelHandlerContext.java:420)
[2025-09-04T19:38:01.890+0000] {spark_submit.py:634} INFO - at io.netty.channel.AbstractChannelHandlerContext.fireChannelRead(AbstractChannelHandlerContext.java:412)
[2025-09-04T19:38:01.891+0000] {spark_submit.py:634} INFO - at io.netty.channel.DefaultChannelPipeline$HeadContext.channelRead(DefaultChannelPipeline.java:1357)
[2025-09-04T19:38:01.891+0000] {spark_submit.py:634} INFO - at io.netty.channel.AbstractChannelHandlerContext.invokeChannelRead(AbstractChannelHandlerContext.java:440)
[2025-09-04T19:38:01.891+0000] {spark_submit.py:634} INFO - at io.netty.channel.AbstractChannelHandlerContext.invokeChannelRead(AbstractChannelHandlerContext.java:420)
[2025-09-04T19:38:01.891+0000] {spark_submit.py:634} INFO - at io.netty.channel.DefaultChannelPipeline.fireChannelRead(DefaultChannelPipeline.java:868)
[2025-09-04T19:38:01.891+0000] {spark_submit.py:634} INFO - at io.netty.channel.nio.AbstractNioByteChannel$NioByteUnsafe.read(AbstractNioByteChannel.java:166)
[2025-09-04T19:38:01.892+0000] {spark_submit.py:634} INFO - at io.netty.channel.nio.NioEventLoop.processSelectedKey(NioEventLoop.java:796)
[2025-09-04T19:38:01.892+0000] {spark_submit.py:634} INFO - at io.netty.channel.nio.NioEventLoop.processSelectedKeysOptimized(NioEventLoop.java:732)
[2025-09-04T19:38:01.892+0000] {spark_submit.py:634} INFO - at io.netty.channel.nio.NioEventLoop.processSelectedKeys(NioEventLoop.java:658)
[2025-09-04T19:38:01.892+0000] {spark_submit.py:634} INFO - at io.netty.channel.nio.NioEventLoop.run(NioEventLoop.java:562)
[2025-09-04T19:38:01.892+0000] {spark_submit.py:634} INFO - at io.netty.util.concurrent.SingleThreadEventExecutor$4.run(SingleThreadEventExecutor.java:998)
[2025-09-04T19:38:01.892+0000] {spark_submit.py:634} INFO - at io.netty.util.internal.ThreadExecutorMap$2.run(ThreadExecutorMap.java:74)
[2025-09-04T19:38:01.893+0000] {spark_submit.py:634} INFO - at io.netty.util.concurrent.FastThreadLocalRunnable.run(FastThreadLocalRunnable.java:30)
[2025-09-04T19:38:01.893+0000] {spark_submit.py:634} INFO - ... 1 more
[2025-09-04T19:38:21.776+0000] {spark_submit.py:634} INFO - 25/09/04 19:38:21 INFO StandaloneAppClient$ClientEndpoint: Connecting to master spark://spark-master:7077...
[2025-09-04T19:38:21.781+0000] {spark_submit.py:634} INFO - 25/09/04 19:38:21 WARN StandaloneAppClient$ClientEndpoint: Failed to connect to master spark-master:7077
[2025-09-04T19:38:21.782+0000] {spark_submit.py:634} INFO - org.apache.spark.SparkException: Exception thrown in awaitResult:
[2025-09-04T19:38:21.783+0000] {spark_submit.py:634} INFO - at org.apache.spark.util.SparkThreadUtils$.awaitResult(SparkThreadUtils.scala:53)
[2025-09-04T19:38:21.783+0000] {spark_submit.py:634} INFO - at org.apache.spark.util.ThreadUtils$.awaitResult(ThreadUtils.scala:342)
[2025-09-04T19:38:21.783+0000] {spark_submit.py:634} INFO - at org.apache.spark.rpc.RpcTimeout.awaitResult(RpcTimeout.scala:75)
[2025-09-04T19:38:21.784+0000] {spark_submit.py:634} INFO - at org.apache.spark.rpc.RpcEnv.setupEndpointRefByURI(RpcEnv.scala:102)
[2025-09-04T19:38:21.784+0000] {spark_submit.py:634} INFO - at org.apache.spark.rpc.RpcEnv.setupEndpointRef(RpcEnv.scala:110)
[2025-09-04T19:38:21.784+0000] {spark_submit.py:634} INFO - at org.apache.spark.deploy.client.StandaloneAppClient$ClientEndpoint$$anon$1.run(StandaloneAppClient.scala:110)
[2025-09-04T19:38:21.785+0000] {spark_submit.py:634} INFO - at java.base/java.util.concurrent.Executors$RunnableAdapter.call(Executors.java:539)
[2025-09-04T19:38:21.785+0000] {spark_submit.py:634} INFO - at java.base/java.util.concurrent.FutureTask.run(FutureTask.java:264)
[2025-09-04T19:38:21.785+0000] {spark_submit.py:634} INFO - at java.base/java.util.concurrent.ThreadPoolExecutor.runWorker(ThreadPoolExecutor.java:1136)
[2025-09-04T19:38:21.786+0000] {spark_submit.py:634} INFO - at java.base/java.util.concurrent.ThreadPoolExecutor$Worker.run(ThreadPoolExecutor.java:635)
[2025-09-04T19:38:21.786+0000] {spark_submit.py:634} INFO - at java.base/java.lang.Thread.run(Thread.java:840)
[2025-09-04T19:38:21.786+0000] {spark_submit.py:634} INFO - Caused by: java.lang.RuntimeException: java.io.InvalidClassException: org.apache.spark.rpc.netty.RpcEndpointVerifier$CheckExistence; local class incompatible: stream classdesc serialVersionUID = 5378738997755484868, local class serialVersionUID = 7789290765573734431
[2025-09-04T19:38:21.787+0000] {spark_submit.py:634} INFO - at java.base/java.io.ObjectStreamClass.initNonProxy(ObjectStreamClass.java:597)
[2025-09-04T19:38:21.787+0000] {spark_submit.py:634} INFO - at java.base/java.io.ObjectInputStream.readNonProxyDesc(ObjectInputStream.java:2051)
[2025-09-04T19:38:21.787+0000] {spark_submit.py:634} INFO - at java.base/java.io.ObjectInputStream.readClassDesc(ObjectInputStream.java:1898)
[2025-09-04T19:38:21.788+0000] {spark_submit.py:634} INFO - at java.base/java.io.ObjectInputStream.readOrdinaryObject(ObjectInputStream.java:2224)
[2025-09-04T19:38:21.788+0000] {spark_submit.py:634} INFO - at java.base/java.io.ObjectInputStream.readObject0(ObjectInputStream.java:1733)
[2025-09-04T19:38:21.788+0000] {spark_submit.py:634} INFO - at java.base/java.io.ObjectInputStream.readObject(ObjectInputStream.java:509)
[2025-09-04T19:38:21.788+0000] {spark_submit.py:634} INFO - at java.base/java.io.ObjectInputStream.readObject(ObjectInputStream.java:467)
[2025-09-04T19:38:21.789+0000] {spark_submit.py:634} INFO - at org.apache.spark.serializer.JavaDeserializationStream.readObject(JavaSerializer.scala:87)
[2025-09-04T19:38:21.789+0000] {spark_submit.py:634} INFO - at org.apache.spark.serializer.JavaSerializerInstance.deserialize(JavaSerializer.scala:123)
[2025-09-04T19:38:21.789+0000] {spark_submit.py:634} INFO - at org.apache.spark.rpc.netty.NettyRpcEnv.$anonfun$deserialize$2(NettyRpcEnv.scala:299)
[2025-09-04T19:38:21.790+0000] {spark_submit.py:634} INFO - at scala.util.DynamicVariable.withValue(DynamicVariable.scala:62)
[2025-09-04T19:38:21.790+0000] {spark_submit.py:634} INFO - at org.apache.spark.rpc.netty.NettyRpcEnv.deserialize(NettyRpcEnv.scala:352)
[2025-09-04T19:38:21.790+0000] {spark_submit.py:634} INFO - at org.apache.spark.rpc.netty.NettyRpcEnv.$anonfun$deserialize$1(NettyRpcEnv.scala:298)
[2025-09-04T19:38:21.791+0000] {spark_submit.py:634} INFO - at scala.util.DynamicVariable.withValue(DynamicVariable.scala:62)
[2025-09-04T19:38:21.791+0000] {spark_submit.py:634} INFO - at org.apache.spark.rpc.netty.NettyRpcEnv.deserialize(NettyRpcEnv.scala:298)
[2025-09-04T19:38:21.791+0000] {spark_submit.py:634} INFO - at org.apache.spark.rpc.netty.RequestMessage$.apply(NettyRpcEnv.scala:646)
[2025-09-04T19:38:21.792+0000] {spark_submit.py:634} INFO - at org.apache.spark.rpc.netty.NettyRpcHandler.internalReceive(NettyRpcEnv.scala:697)
[2025-09-04T19:38:21.792+0000] {spark_submit.py:634} INFO - at org.apache.spark.rpc.netty.NettyRpcHandler.receive(NettyRpcEnv.scala:682)
[2025-09-04T19:38:21.792+0000] {spark_submit.py:634} INFO - at org.apache.spark.network.server.TransportRequestHandler.processRpcRequest(TransportRequestHandler.java:163)
[2025-09-04T19:38:21.793+0000] {spark_submit.py:634} INFO - at org.apache.spark.network.server.TransportRequestHandler.handle(TransportRequestHandler.java:109)
[2025-09-04T19:38:21.793+0000] {spark_submit.py:634} INFO - at org.apache.spark.network.server.TransportChannelHandler.channelRead0(TransportChannelHandler.java:140)
[2025-09-04T19:38:21.793+0000] {spark_submit.py:634} INFO - at org.apache.spark.network.server.TransportChannelHandler.channelRead0(TransportChannelHandler.java:53)
[2025-09-04T19:38:21.794+0000] {spark_submit.py:634} INFO - at io.netty.channel.SimpleChannelInboundHandler.channelRead(SimpleChannelInboundHandler.java:99)
[2025-09-04T19:38:21.794+0000] {spark_submit.py:634} INFO - at io.netty.channel.AbstractChannelHandlerContext.invokeChannelRead(AbstractChannelHandlerContext.java:444)
[2025-09-04T19:38:21.794+0000] {spark_submit.py:634} INFO - at io.netty.channel.AbstractChannelHandlerContext.invokeChannelRead(AbstractChannelHandlerContext.java:420)
[2025-09-04T19:38:21.795+0000] {spark_submit.py:634} INFO - at io.netty.channel.AbstractChannelHandlerContext.fireChannelRead(AbstractChannelHandlerContext.java:412)
[2025-09-04T19:38:21.795+0000] {spark_submit.py:634} INFO - at io.netty.handler.timeout.IdleStateHandler.channelRead(IdleStateHandler.java:286)
[2025-09-04T19:38:21.795+0000] {spark_submit.py:634} INFO - at io.netty.channel.AbstractChannelHandlerContext.invokeChannelRead(AbstractChannelHandlerContext.java:442)
[2025-09-04T19:38:21.796+0000] {spark_submit.py:634} INFO - at io.netty.channel.AbstractChannelHandlerContext.invokeChannelRead(AbstractChannelHandlerContext.java:420)
[2025-09-04T19:38:21.796+0000] {spark_submit.py:634} INFO - at io.netty.channel.AbstractChannelHandlerContext.fireChannelRead(AbstractChannelHandlerContext.java:412)
[2025-09-04T19:38:21.796+0000] {spark_submit.py:634} INFO - at io.netty.handler.codec.MessageToMessageDecoder.channelRead(MessageToMessageDecoder.java:103)
[2025-09-04T19:38:21.796+0000] {spark_submit.py:634} INFO - at io.netty.channel.AbstractChannelHandlerContext.invokeChannelRead(AbstractChannelHandlerContext.java:444)
[2025-09-04T19:38:21.797+0000] {spark_submit.py:634} INFO - at io.netty.channel.AbstractChannelHandlerContext.invokeChannelRead(AbstractChannelHandlerContext.java:420)
[2025-09-04T19:38:21.797+0000] {spark_submit.py:634} INFO - at io.netty.channel.AbstractChannelHandlerContext.fireChannelRead(AbstractChannelHandlerContext.java:412)
[2025-09-04T19:38:21.797+0000] {spark_submit.py:634} INFO - at org.apache.spark.network.util.TransportFrameDecoder.channelRead(TransportFrameDecoder.java:102)
[2025-09-04T19:38:21.798+0000] {spark_submit.py:634} INFO - at io.netty.channel.AbstractChannelHandlerContext.invokeChannelRead(AbstractChannelHandlerContext.java:444)
[2025-09-04T19:38:21.798+0000] {spark_submit.py:634} INFO - at io.netty.channel.AbstractChannelHandlerContext.invokeChannelRead(AbstractChannelHandlerContext.java:420)
[2025-09-04T19:38:21.798+0000] {spark_submit.py:634} INFO - at io.netty.channel.AbstractChannelHandlerContext.fireChannelRead(AbstractChannelHandlerContext.java:412)
[2025-09-04T19:38:21.799+0000] {spark_submit.py:634} INFO - at io.netty.channel.DefaultChannelPipeline$HeadContext.channelRead(DefaultChannelPipeline.java:1410)
[2025-09-04T19:38:21.799+0000] {spark_submit.py:634} INFO - at io.netty.channel.AbstractChannelHandlerContext.invokeChannelRead(AbstractChannelHandlerContext.java:440)
[2025-09-04T19:38:21.800+0000] {spark_submit.py:634} INFO - at io.netty.channel.AbstractChannelHandlerContext.invokeChannelRead(AbstractChannelHandlerContext.java:420)
[2025-09-04T19:38:21.800+0000] {spark_submit.py:634} INFO - at io.netty.channel.DefaultChannelPipeline.fireChannelRead(DefaultChannelPipeline.java:919)
[2025-09-04T19:38:21.800+0000] {spark_submit.py:634} INFO - at io.netty.channel.nio.AbstractNioByteChannel$NioByteUnsafe.read(AbstractNioByteChannel.java:166)
[2025-09-04T19:38:21.800+0000] {spark_submit.py:634} INFO - at io.netty.channel.nio.NioEventLoop.processSelectedKey(NioEventLoop.java:788)
[2025-09-04T19:38:21.801+0000] {spark_submit.py:634} INFO - at io.netty.channel.nio.NioEventLoop.processSelectedKeysOptimized(NioEventLoop.java:724)
[2025-09-04T19:38:21.801+0000] {spark_submit.py:634} INFO - at io.netty.channel.nio.NioEventLoop.processSelectedKeys(NioEventLoop.java:650)
[2025-09-04T19:38:21.801+0000] {spark_submit.py:634} INFO - at io.netty.channel.nio.NioEventLoop.run(NioEventLoop.java:562)
[2025-09-04T19:38:21.802+0000] {spark_submit.py:634} INFO - at io.netty.util.concurrent.SingleThreadEventExecutor$4.run(SingleThreadEventExecutor.java:997)
[2025-09-04T19:38:21.802+0000] {spark_submit.py:634} INFO - at io.netty.util.internal.ThreadExecutorMap$2.run(ThreadExecutorMap.java:74)
[2025-09-04T19:38:21.802+0000] {spark_submit.py:634} INFO - at io.netty.util.concurrent.FastThreadLocalRunnable.run(FastThreadLocalRunnable.java:30)
[2025-09-04T19:38:21.802+0000] {spark_submit.py:634} INFO - at java.base/java.lang.Thread.run(Thread.java:840)
[2025-09-04T19:38:21.802+0000] {spark_submit.py:634} INFO - 
[2025-09-04T19:38:21.802+0000] {spark_submit.py:634} INFO - at org.apache.spark.network.client.TransportResponseHandler.handle(TransportResponseHandler.java:217)
[2025-09-04T19:38:21.803+0000] {spark_submit.py:634} INFO - at org.apache.spark.network.server.TransportChannelHandler.channelRead0(TransportChannelHandler.java:145)
[2025-09-04T19:38:21.803+0000] {spark_submit.py:634} INFO - at org.apache.spark.network.server.TransportChannelHandler.channelRead0(TransportChannelHandler.java:55)
[2025-09-04T19:38:21.803+0000] {spark_submit.py:634} INFO - at io.netty.channel.SimpleChannelInboundHandler.channelRead(SimpleChannelInboundHandler.java:99)
[2025-09-04T19:38:21.803+0000] {spark_submit.py:634} INFO - at io.netty.channel.AbstractChannelHandlerContext.invokeChannelRead(AbstractChannelHandlerContext.java:444)
[2025-09-04T19:38:21.804+0000] {spark_submit.py:634} INFO - at io.netty.channel.AbstractChannelHandlerContext.invokeChannelRead(AbstractChannelHandlerContext.java:420)
[2025-09-04T19:38:21.804+0000] {spark_submit.py:634} INFO - at io.netty.channel.AbstractChannelHandlerContext.fireChannelRead(AbstractChannelHandlerContext.java:412)
[2025-09-04T19:38:21.804+0000] {spark_submit.py:634} INFO - at io.netty.handler.timeout.IdleStateHandler.channelRead(IdleStateHandler.java:289)
[2025-09-04T19:38:21.804+0000] {spark_submit.py:634} INFO - at io.netty.channel.AbstractChannelHandlerContext.invokeChannelRead(AbstractChannelHandlerContext.java:442)
[2025-09-04T19:38:21.804+0000] {spark_submit.py:634} INFO - at io.netty.channel.AbstractChannelHandlerContext.invokeChannelRead(AbstractChannelHandlerContext.java:420)
[2025-09-04T19:38:21.804+0000] {spark_submit.py:634} INFO - at io.netty.channel.AbstractChannelHandlerContext.fireChannelRead(AbstractChannelHandlerContext.java:412)
[2025-09-04T19:38:21.805+0000] {spark_submit.py:634} INFO - at io.netty.handler.codec.MessageToMessageDecoder.channelRead(MessageToMessageDecoder.java:107)
[2025-09-04T19:38:21.805+0000] {spark_submit.py:634} INFO - at io.netty.channel.AbstractChannelHandlerContext.invokeChannelRead(AbstractChannelHandlerContext.java:444)
[2025-09-04T19:38:21.805+0000] {spark_submit.py:634} INFO - at io.netty.channel.AbstractChannelHandlerContext.invokeChannelRead(AbstractChannelHandlerContext.java:420)
[2025-09-04T19:38:21.805+0000] {spark_submit.py:634} INFO - at io.netty.channel.AbstractChannelHandlerContext.fireChannelRead(AbstractChannelHandlerContext.java:412)
[2025-09-04T19:38:21.806+0000] {spark_submit.py:634} INFO - at org.apache.spark.network.util.TransportFrameDecoder.channelRead(TransportFrameDecoder.java:102)
[2025-09-04T19:38:21.806+0000] {spark_submit.py:634} INFO - at io.netty.channel.AbstractChannelHandlerContext.invokeChannelRead(AbstractChannelHandlerContext.java:444)
[2025-09-04T19:38:21.806+0000] {spark_submit.py:634} INFO - at io.netty.channel.AbstractChannelHandlerContext.invokeChannelRead(AbstractChannelHandlerContext.java:420)
[2025-09-04T19:38:21.806+0000] {spark_submit.py:634} INFO - at io.netty.channel.AbstractChannelHandlerContext.fireChannelRead(AbstractChannelHandlerContext.java:412)
[2025-09-04T19:38:21.807+0000] {spark_submit.py:634} INFO - at io.netty.channel.DefaultChannelPipeline$HeadContext.channelRead(DefaultChannelPipeline.java:1357)
[2025-09-04T19:38:21.807+0000] {spark_submit.py:634} INFO - at io.netty.channel.AbstractChannelHandlerContext.invokeChannelRead(AbstractChannelHandlerContext.java:440)
[2025-09-04T19:38:21.807+0000] {spark_submit.py:634} INFO - at io.netty.channel.AbstractChannelHandlerContext.invokeChannelRead(AbstractChannelHandlerContext.java:420)
[2025-09-04T19:38:21.807+0000] {spark_submit.py:634} INFO - at io.netty.channel.DefaultChannelPipeline.fireChannelRead(DefaultChannelPipeline.java:868)
[2025-09-04T19:38:21.807+0000] {spark_submit.py:634} INFO - at io.netty.channel.nio.AbstractNioByteChannel$NioByteUnsafe.read(AbstractNioByteChannel.java:166)
[2025-09-04T19:38:21.808+0000] {spark_submit.py:634} INFO - at io.netty.channel.nio.NioEventLoop.processSelectedKey(NioEventLoop.java:796)
[2025-09-04T19:38:21.808+0000] {spark_submit.py:634} INFO - at io.netty.channel.nio.NioEventLoop.processSelectedKeysOptimized(NioEventLoop.java:732)
[2025-09-04T19:38:21.808+0000] {spark_submit.py:634} INFO - at io.netty.channel.nio.NioEventLoop.processSelectedKeys(NioEventLoop.java:658)
[2025-09-04T19:38:21.808+0000] {spark_submit.py:634} INFO - at io.netty.channel.nio.NioEventLoop.run(NioEventLoop.java:562)
[2025-09-04T19:38:21.808+0000] {spark_submit.py:634} INFO - at io.netty.util.concurrent.SingleThreadEventExecutor$4.run(SingleThreadEventExecutor.java:998)
[2025-09-04T19:38:21.809+0000] {spark_submit.py:634} INFO - at io.netty.util.internal.ThreadExecutorMap$2.run(ThreadExecutorMap.java:74)
[2025-09-04T19:38:21.809+0000] {spark_submit.py:634} INFO - at io.netty.util.concurrent.FastThreadLocalRunnable.run(FastThreadLocalRunnable.java:30)
[2025-09-04T19:38:21.809+0000] {spark_submit.py:634} INFO - ... 1 more
[2025-09-04T19:38:41.776+0000] {spark_submit.py:634} INFO - 25/09/04 19:38:41 INFO StandaloneAppClient$ClientEndpoint: Connecting to master spark://spark-master:7077...
[2025-09-04T19:38:41.783+0000] {spark_submit.py:634} INFO - 25/09/04 19:38:41 WARN StandaloneAppClient$ClientEndpoint: Failed to connect to master spark-master:7077
[2025-09-04T19:38:41.783+0000] {spark_submit.py:634} INFO - org.apache.spark.SparkException: Exception thrown in awaitResult:
[2025-09-04T19:38:41.784+0000] {spark_submit.py:634} INFO - at org.apache.spark.util.SparkThreadUtils$.awaitResult(SparkThreadUtils.scala:53)
[2025-09-04T19:38:41.784+0000] {spark_submit.py:634} INFO - at org.apache.spark.util.ThreadUtils$.awaitResult(ThreadUtils.scala:342)
[2025-09-04T19:38:41.784+0000] {spark_submit.py:634} INFO - at org.apache.spark.rpc.RpcTimeout.awaitResult(RpcTimeout.scala:75)
[2025-09-04T19:38:41.785+0000] {spark_submit.py:634} INFO - at org.apache.spark.rpc.RpcEnv.setupEndpointRefByURI(RpcEnv.scala:102)
[2025-09-04T19:38:41.785+0000] {spark_submit.py:634} INFO - at org.apache.spark.rpc.RpcEnv.setupEndpointRef(RpcEnv.scala:110)
[2025-09-04T19:38:41.785+0000] {spark_submit.py:634} INFO - at org.apache.spark.deploy.client.StandaloneAppClient$ClientEndpoint$$anon$1.run(StandaloneAppClient.scala:110)
[2025-09-04T19:38:41.786+0000] {spark_submit.py:634} INFO - at java.base/java.util.concurrent.Executors$RunnableAdapter.call(Executors.java:539)
[2025-09-04T19:38:41.786+0000] {spark_submit.py:634} INFO - at java.base/java.util.concurrent.FutureTask.run(FutureTask.java:264)
[2025-09-04T19:38:41.786+0000] {spark_submit.py:634} INFO - at java.base/java.util.concurrent.ThreadPoolExecutor.runWorker(ThreadPoolExecutor.java:1136)
[2025-09-04T19:38:41.787+0000] {spark_submit.py:634} INFO - at java.base/java.util.concurrent.ThreadPoolExecutor$Worker.run(ThreadPoolExecutor.java:635)
[2025-09-04T19:38:41.787+0000] {spark_submit.py:634} INFO - at java.base/java.lang.Thread.run(Thread.java:840)
[2025-09-04T19:38:41.787+0000] {spark_submit.py:634} INFO - Caused by: java.lang.RuntimeException: java.io.InvalidClassException: org.apache.spark.rpc.netty.RpcEndpointVerifier$CheckExistence; local class incompatible: stream classdesc serialVersionUID = 5378738997755484868, local class serialVersionUID = 7789290765573734431
[2025-09-04T19:38:41.788+0000] {spark_submit.py:634} INFO - at java.base/java.io.ObjectStreamClass.initNonProxy(ObjectStreamClass.java:597)
[2025-09-04T19:38:41.788+0000] {spark_submit.py:634} INFO - at java.base/java.io.ObjectInputStream.readNonProxyDesc(ObjectInputStream.java:2051)
[2025-09-04T19:38:41.788+0000] {spark_submit.py:634} INFO - at java.base/java.io.ObjectInputStream.readClassDesc(ObjectInputStream.java:1898)
[2025-09-04T19:38:41.789+0000] {spark_submit.py:634} INFO - at java.base/java.io.ObjectInputStream.readOrdinaryObject(ObjectInputStream.java:2224)
[2025-09-04T19:38:41.789+0000] {spark_submit.py:634} INFO - at java.base/java.io.ObjectInputStream.readObject0(ObjectInputStream.java:1733)
[2025-09-04T19:38:41.789+0000] {spark_submit.py:634} INFO - at java.base/java.io.ObjectInputStream.readObject(ObjectInputStream.java:509)
[2025-09-04T19:38:41.790+0000] {spark_submit.py:634} INFO - at java.base/java.io.ObjectInputStream.readObject(ObjectInputStream.java:467)
[2025-09-04T19:38:41.790+0000] {spark_submit.py:634} INFO - at org.apache.spark.serializer.JavaDeserializationStream.readObject(JavaSerializer.scala:87)
[2025-09-04T19:38:41.791+0000] {spark_submit.py:634} INFO - at org.apache.spark.serializer.JavaSerializerInstance.deserialize(JavaSerializer.scala:123)
[2025-09-04T19:38:41.791+0000] {spark_submit.py:634} INFO - at org.apache.spark.rpc.netty.NettyRpcEnv.$anonfun$deserialize$2(NettyRpcEnv.scala:299)
[2025-09-04T19:38:41.791+0000] {spark_submit.py:634} INFO - at scala.util.DynamicVariable.withValue(DynamicVariable.scala:62)
[2025-09-04T19:38:41.792+0000] {spark_submit.py:634} INFO - at org.apache.spark.rpc.netty.NettyRpcEnv.deserialize(NettyRpcEnv.scala:352)
[2025-09-04T19:38:41.792+0000] {spark_submit.py:634} INFO - at org.apache.spark.rpc.netty.NettyRpcEnv.$anonfun$deserialize$1(NettyRpcEnv.scala:298)
[2025-09-04T19:38:41.792+0000] {spark_submit.py:634} INFO - at scala.util.DynamicVariable.withValue(DynamicVariable.scala:62)
[2025-09-04T19:38:41.793+0000] {spark_submit.py:634} INFO - at org.apache.spark.rpc.netty.NettyRpcEnv.deserialize(NettyRpcEnv.scala:298)
[2025-09-04T19:38:41.793+0000] {spark_submit.py:634} INFO - at org.apache.spark.rpc.netty.RequestMessage$.apply(NettyRpcEnv.scala:646)
[2025-09-04T19:38:41.793+0000] {spark_submit.py:634} INFO - at org.apache.spark.rpc.netty.NettyRpcHandler.internalReceive(NettyRpcEnv.scala:697)
[2025-09-04T19:38:41.794+0000] {spark_submit.py:634} INFO - at org.apache.spark.rpc.netty.NettyRpcHandler.receive(NettyRpcEnv.scala:682)
[2025-09-04T19:38:41.794+0000] {spark_submit.py:634} INFO - at org.apache.spark.network.server.TransportRequestHandler.processRpcRequest(TransportRequestHandler.java:163)
[2025-09-04T19:38:41.794+0000] {spark_submit.py:634} INFO - at org.apache.spark.network.server.TransportRequestHandler.handle(TransportRequestHandler.java:109)
[2025-09-04T19:38:41.795+0000] {spark_submit.py:634} INFO - at org.apache.spark.network.server.TransportChannelHandler.channelRead0(TransportChannelHandler.java:140)
[2025-09-04T19:38:41.795+0000] {spark_submit.py:634} INFO - at org.apache.spark.network.server.TransportChannelHandler.channelRead0(TransportChannelHandler.java:53)
[2025-09-04T19:38:41.795+0000] {spark_submit.py:634} INFO - at io.netty.channel.SimpleChannelInboundHandler.channelRead(SimpleChannelInboundHandler.java:99)
[2025-09-04T19:38:41.796+0000] {spark_submit.py:634} INFO - at io.netty.channel.AbstractChannelHandlerContext.invokeChannelRead(AbstractChannelHandlerContext.java:444)
[2025-09-04T19:38:41.796+0000] {spark_submit.py:634} INFO - at io.netty.channel.AbstractChannelHandlerContext.invokeChannelRead(AbstractChannelHandlerContext.java:420)
[2025-09-04T19:38:41.796+0000] {spark_submit.py:634} INFO - at io.netty.channel.AbstractChannelHandlerContext.fireChannelRead(AbstractChannelHandlerContext.java:412)
[2025-09-04T19:38:41.797+0000] {spark_submit.py:634} INFO - at io.netty.handler.timeout.IdleStateHandler.channelRead(IdleStateHandler.java:286)
[2025-09-04T19:38:41.797+0000] {spark_submit.py:634} INFO - at io.netty.channel.AbstractChannelHandlerContext.invokeChannelRead(AbstractChannelHandlerContext.java:442)
[2025-09-04T19:38:41.797+0000] {spark_submit.py:634} INFO - at io.netty.channel.AbstractChannelHandlerContext.invokeChannelRead(AbstractChannelHandlerContext.java:420)
[2025-09-04T19:38:41.798+0000] {spark_submit.py:634} INFO - at io.netty.channel.AbstractChannelHandlerContext.fireChannelRead(AbstractChannelHandlerContext.java:412)
[2025-09-04T19:38:41.798+0000] {spark_submit.py:634} INFO - at io.netty.handler.codec.MessageToMessageDecoder.channelRead(MessageToMessageDecoder.java:103)
[2025-09-04T19:38:41.798+0000] {spark_submit.py:634} INFO - at io.netty.channel.AbstractChannelHandlerContext.invokeChannelRead(AbstractChannelHandlerContext.java:444)
[2025-09-04T19:38:41.799+0000] {spark_submit.py:634} INFO - at io.netty.channel.AbstractChannelHandlerContext.invokeChannelRead(AbstractChannelHandlerContext.java:420)
[2025-09-04T19:38:41.799+0000] {spark_submit.py:634} INFO - at io.netty.channel.AbstractChannelHandlerContext.fireChannelRead(AbstractChannelHandlerContext.java:412)
[2025-09-04T19:38:41.799+0000] {spark_submit.py:634} INFO - at org.apache.spark.network.util.TransportFrameDecoder.channelRead(TransportFrameDecoder.java:102)
[2025-09-04T19:38:41.800+0000] {spark_submit.py:634} INFO - at io.netty.channel.AbstractChannelHandlerContext.invokeChannelRead(AbstractChannelHandlerContext.java:444)
[2025-09-04T19:38:41.800+0000] {spark_submit.py:634} INFO - at io.netty.channel.AbstractChannelHandlerContext.invokeChannelRead(AbstractChannelHandlerContext.java:420)
[2025-09-04T19:38:41.800+0000] {spark_submit.py:634} INFO - at io.netty.channel.AbstractChannelHandlerContext.fireChannelRead(AbstractChannelHandlerContext.java:412)
[2025-09-04T19:38:41.801+0000] {spark_submit.py:634} INFO - at io.netty.channel.DefaultChannelPipeline$HeadContext.channelRead(DefaultChannelPipeline.java:1410)
[2025-09-04T19:38:41.801+0000] {spark_submit.py:634} INFO - at io.netty.channel.AbstractChannelHandlerContext.invokeChannelRead(AbstractChannelHandlerContext.java:440)
[2025-09-04T19:38:41.801+0000] {spark_submit.py:634} INFO - at io.netty.channel.AbstractChannelHandlerContext.invokeChannelRead(AbstractChannelHandlerContext.java:420)
[2025-09-04T19:38:41.801+0000] {spark_submit.py:634} INFO - at io.netty.channel.DefaultChannelPipeline.fireChannelRead(DefaultChannelPipeline.java:919)
[2025-09-04T19:38:41.801+0000] {spark_submit.py:634} INFO - at io.netty.channel.nio.AbstractNioByteChannel$NioByteUnsafe.read(AbstractNioByteChannel.java:166)
[2025-09-04T19:38:41.802+0000] {spark_submit.py:634} INFO - at io.netty.channel.nio.NioEventLoop.processSelectedKey(NioEventLoop.java:788)
[2025-09-04T19:38:41.802+0000] {spark_submit.py:634} INFO - at io.netty.channel.nio.NioEventLoop.processSelectedKeysOptimized(NioEventLoop.java:724)
[2025-09-04T19:38:41.802+0000] {spark_submit.py:634} INFO - at io.netty.channel.nio.NioEventLoop.processSelectedKeys(NioEventLoop.java:650)
[2025-09-04T19:38:41.803+0000] {spark_submit.py:634} INFO - at io.netty.channel.nio.NioEventLoop.run(NioEventLoop.java:562)
[2025-09-04T19:38:41.803+0000] {spark_submit.py:634} INFO - at io.netty.util.concurrent.SingleThreadEventExecutor$4.run(SingleThreadEventExecutor.java:997)
[2025-09-04T19:38:41.804+0000] {spark_submit.py:634} INFO - at io.netty.util.internal.ThreadExecutorMap$2.run(ThreadExecutorMap.java:74)
[2025-09-04T19:38:41.804+0000] {spark_submit.py:634} INFO - at io.netty.util.concurrent.FastThreadLocalRunnable.run(FastThreadLocalRunnable.java:30)
[2025-09-04T19:38:41.804+0000] {spark_submit.py:634} INFO - at java.base/java.lang.Thread.run(Thread.java:840)
[2025-09-04T19:38:41.804+0000] {spark_submit.py:634} INFO - 
[2025-09-04T19:38:41.804+0000] {spark_submit.py:634} INFO - at org.apache.spark.network.client.TransportResponseHandler.handle(TransportResponseHandler.java:217)
[2025-09-04T19:38:41.805+0000] {spark_submit.py:634} INFO - at org.apache.spark.network.server.TransportChannelHandler.channelRead0(TransportChannelHandler.java:145)
[2025-09-04T19:38:41.805+0000] {spark_submit.py:634} INFO - at org.apache.spark.network.server.TransportChannelHandler.channelRead0(TransportChannelHandler.java:55)
[2025-09-04T19:38:41.805+0000] {spark_submit.py:634} INFO - at io.netty.channel.SimpleChannelInboundHandler.channelRead(SimpleChannelInboundHandler.java:99)
[2025-09-04T19:38:41.805+0000] {spark_submit.py:634} INFO - at io.netty.channel.AbstractChannelHandlerContext.invokeChannelRead(AbstractChannelHandlerContext.java:444)
[2025-09-04T19:38:41.806+0000] {spark_submit.py:634} INFO - at io.netty.channel.AbstractChannelHandlerContext.invokeChannelRead(AbstractChannelHandlerContext.java:420)
[2025-09-04T19:38:41.806+0000] {spark_submit.py:634} INFO - at io.netty.channel.AbstractChannelHandlerContext.fireChannelRead(AbstractChannelHandlerContext.java:412)
[2025-09-04T19:38:41.806+0000] {spark_submit.py:634} INFO - at io.netty.handler.timeout.IdleStateHandler.channelRead(IdleStateHandler.java:289)
[2025-09-04T19:38:41.806+0000] {spark_submit.py:634} INFO - at io.netty.channel.AbstractChannelHandlerContext.invokeChannelRead(AbstractChannelHandlerContext.java:442)
[2025-09-04T19:38:41.806+0000] {spark_submit.py:634} INFO - at io.netty.channel.AbstractChannelHandlerContext.invokeChannelRead(AbstractChannelHandlerContext.java:420)
[2025-09-04T19:38:41.806+0000] {spark_submit.py:634} INFO - at io.netty.channel.AbstractChannelHandlerContext.fireChannelRead(AbstractChannelHandlerContext.java:412)
[2025-09-04T19:38:41.807+0000] {spark_submit.py:634} INFO - at io.netty.handler.codec.MessageToMessageDecoder.channelRead(MessageToMessageDecoder.java:107)
[2025-09-04T19:38:41.807+0000] {spark_submit.py:634} INFO - at io.netty.channel.AbstractChannelHandlerContext.invokeChannelRead(AbstractChannelHandlerContext.java:444)
[2025-09-04T19:38:41.807+0000] {spark_submit.py:634} INFO - at io.netty.channel.AbstractChannelHandlerContext.invokeChannelRead(AbstractChannelHandlerContext.java:420)
[2025-09-04T19:38:41.807+0000] {spark_submit.py:634} INFO - at io.netty.channel.AbstractChannelHandlerContext.fireChannelRead(AbstractChannelHandlerContext.java:412)
[2025-09-04T19:38:41.808+0000] {spark_submit.py:634} INFO - at org.apache.spark.network.util.TransportFrameDecoder.channelRead(TransportFrameDecoder.java:102)
[2025-09-04T19:38:41.808+0000] {spark_submit.py:634} INFO - at io.netty.channel.AbstractChannelHandlerContext.invokeChannelRead(AbstractChannelHandlerContext.java:444)
[2025-09-04T19:38:41.808+0000] {spark_submit.py:634} INFO - at io.netty.channel.AbstractChannelHandlerContext.invokeChannelRead(AbstractChannelHandlerContext.java:420)
[2025-09-04T19:38:41.808+0000] {spark_submit.py:634} INFO - at io.netty.channel.AbstractChannelHandlerContext.fireChannelRead(AbstractChannelHandlerContext.java:412)
[2025-09-04T19:38:41.808+0000] {spark_submit.py:634} INFO - at io.netty.channel.DefaultChannelPipeline$HeadContext.channelRead(DefaultChannelPipeline.java:1357)
[2025-09-04T19:38:41.809+0000] {spark_submit.py:634} INFO - at io.netty.channel.AbstractChannelHandlerContext.invokeChannelRead(AbstractChannelHandlerContext.java:440)
[2025-09-04T19:38:41.809+0000] {spark_submit.py:634} INFO - at io.netty.channel.AbstractChannelHandlerContext.invokeChannelRead(AbstractChannelHandlerContext.java:420)
[2025-09-04T19:38:41.809+0000] {spark_submit.py:634} INFO - at io.netty.channel.DefaultChannelPipeline.fireChannelRead(DefaultChannelPipeline.java:868)
[2025-09-04T19:38:41.809+0000] {spark_submit.py:634} INFO - at io.netty.channel.nio.AbstractNioByteChannel$NioByteUnsafe.read(AbstractNioByteChannel.java:166)
[2025-09-04T19:38:41.809+0000] {spark_submit.py:634} INFO - at io.netty.channel.nio.NioEventLoop.processSelectedKey(NioEventLoop.java:796)
[2025-09-04T19:38:41.809+0000] {spark_submit.py:634} INFO - at io.netty.channel.nio.NioEventLoop.processSelectedKeysOptimized(NioEventLoop.java:732)
[2025-09-04T19:38:41.810+0000] {spark_submit.py:634} INFO - at io.netty.channel.nio.NioEventLoop.processSelectedKeys(NioEventLoop.java:658)
[2025-09-04T19:38:41.810+0000] {spark_submit.py:634} INFO - at io.netty.channel.nio.NioEventLoop.run(NioEventLoop.java:562)
[2025-09-04T19:38:41.810+0000] {spark_submit.py:634} INFO - at io.netty.util.concurrent.SingleThreadEventExecutor$4.run(SingleThreadEventExecutor.java:998)
[2025-09-04T19:38:41.810+0000] {spark_submit.py:634} INFO - at io.netty.util.internal.ThreadExecutorMap$2.run(ThreadExecutorMap.java:74)
[2025-09-04T19:38:41.810+0000] {spark_submit.py:634} INFO - at io.netty.util.concurrent.FastThreadLocalRunnable.run(FastThreadLocalRunnable.java:30)
[2025-09-04T19:38:41.811+0000] {spark_submit.py:634} INFO - ... 1 more
[2025-09-04T19:39:01.778+0000] {spark_submit.py:634} INFO - 25/09/04 19:39:01 WARN StandaloneSchedulerBackend: Application ID is not initialized yet.
[2025-09-04T19:39:01.778+0000] {spark_submit.py:634} INFO - 25/09/04 19:39:01 ERROR StandaloneSchedulerBackend: Application has been killed. Reason: All masters are unresponsive! Giving up.
[2025-09-04T19:39:01.788+0000] {spark_submit.py:634} INFO - 25/09/04 19:39:01 INFO Utils: Successfully started service 'org.apache.spark.network.netty.NettyBlockTransferService' on port 34369.
[2025-09-04T19:39:01.789+0000] {spark_submit.py:634} INFO - 25/09/04 19:39:01 INFO NettyBlockTransferService: Server created on 80d17a04c120:34369
[2025-09-04T19:39:01.791+0000] {spark_submit.py:634} INFO - 25/09/04 19:39:01 INFO BlockManager: Using org.apache.spark.storage.RandomBlockReplicationPolicy for block replication policy
[2025-09-04T19:39:01.810+0000] {spark_submit.py:634} INFO - 25/09/04 19:39:01 INFO BlockManagerMaster: Registering BlockManager BlockManagerId(driver, 80d17a04c120, 34369, None)
[2025-09-04T19:39:01.817+0000] {spark_submit.py:634} INFO - 25/09/04 19:39:01 INFO BlockManagerMasterEndpoint: Registering block manager 80d17a04c120:34369 with 29.8 GiB RAM, BlockManagerId(driver, 80d17a04c120, 34369, None)
[2025-09-04T19:39:01.819+0000] {spark_submit.py:634} INFO - 25/09/04 19:39:01 INFO BlockManagerMaster: Registered BlockManager BlockManagerId(driver, 80d17a04c120, 34369, None)
[2025-09-04T19:39:01.821+0000] {spark_submit.py:634} INFO - 25/09/04 19:39:01 INFO BlockManager: Initialized BlockManager: BlockManagerId(driver, 80d17a04c120, 34369, None)
[2025-09-04T19:39:01.997+0000] {spark_submit.py:634} INFO - 25/09/04 19:39:01 INFO StandaloneSchedulerBackend: SchedulerBackend is ready for scheduling beginning after reached minRegisteredResourcesRatio: 0.0
[2025-09-04T19:39:02.309+0000] {spark_submit.py:634} INFO - 25/09/04 19:39:02 INFO SparkContext: SparkContext is stopping with exitCode 0 from run at <unknown>:0.
[2025-09-04T19:39:02.321+0000] {spark_submit.py:634} INFO - 25/09/04 19:39:02 INFO SparkUI: Stopped Spark web UI at http://80d17a04c120:4040
[2025-09-04T19:39:02.326+0000] {spark_submit.py:634} INFO - 25/09/04 19:39:02 INFO StandaloneSchedulerBackend: Shutting down all executors
[2025-09-04T19:39:02.333+0000] {spark_submit.py:634} INFO - 25/09/04 19:39:02 INFO StandaloneSchedulerBackend$StandaloneDriverEndpoint: Asking each executor to shut down
[2025-09-04T19:39:02.341+0000] {spark_submit.py:634} INFO - 25/09/04 19:39:02 WARN StandaloneAppClient$ClientEndpoint: Drop UnregisterApplication(null) because has not yet connected to master
[2025-09-04T19:39:02.356+0000] {spark_submit.py:634} INFO - 25/09/04 19:39:02 INFO MapOutputTrackerMasterEndpoint: MapOutputTrackerMasterEndpoint stopped!
[2025-09-04T19:39:02.377+0000] {spark_submit.py:634} INFO - 25/09/04 19:39:02 INFO MemoryStore: MemoryStore started with capacity 29.8 GiB
[2025-09-04T19:39:02.379+0000] {spark_submit.py:634} INFO - 25/09/04 19:39:02 INFO MemoryStore: MemoryStore cleared
[2025-09-04T19:39:02.379+0000] {spark_submit.py:634} INFO - 25/09/04 19:39:02 INFO BlockManager: BlockManager stopped
[2025-09-04T19:39:02.388+0000] {spark_submit.py:634} INFO - 25/09/04 19:39:02 INFO BlockManagerMaster: BlockManagerMaster stopped
[2025-09-04T19:39:02.393+0000] {spark_submit.py:634} INFO - 25/09/04 19:39:02 INFO OutputCommitCoordinator$OutputCommitCoordinatorEndpoint: OutputCommitCoordinator stopped!
[2025-09-04T19:39:02.415+0000] {spark_submit.py:634} INFO - 25/09/04 19:39:02 INFO SparkContext: Successfully stopped SparkContext
[2025-09-04T19:39:04.273+0000] {spark_submit.py:634} INFO - Traceback (most recent call last):
[2025-09-04T19:39:04.274+0000] {spark_submit.py:634} INFO - File "/opt/***/dags/spark_app/spark_1.py", line 25, in <module>
[2025-09-04T19:39:04.274+0000] {spark_submit.py:634} INFO - run()
[2025-09-04T19:39:04.275+0000] {spark_submit.py:634} INFO - File "/opt/***/dags/spark_app/spark_1.py", line 4, in run
[2025-09-04T19:39:04.275+0000] {spark_submit.py:634} INFO - spark = SparkSession.builder.appName("ExampleJob111").getOrCreate()
[2025-09-04T19:39:04.275+0000] {spark_submit.py:634} INFO - ^^^^^^^^^^^^^^^^^^^^^^^^^^^^^^^^^^^^^^^^^^^^^^^^^^^^^^^^^^^
[2025-09-04T19:39:04.276+0000] {spark_submit.py:634} INFO - File "/home/***/.local/lib/python3.12/site-packages/pyspark/python/lib/pyspark.zip/pyspark/sql/session.py", line 559, in getOrCreate
[2025-09-04T19:39:04.276+0000] {spark_submit.py:634} INFO - File "/home/***/.local/lib/python3.12/site-packages/pyspark/python/lib/pyspark.zip/pyspark/sql/session.py", line 641, in __init__
[2025-09-04T19:39:04.277+0000] {spark_submit.py:634} INFO - File "/home/***/.local/lib/python3.12/site-packages/pyspark/python/lib/py4j-0.10.9.9-src.zip/py4j/java_gateway.py", line 1627, in __call__
[2025-09-04T19:39:04.277+0000] {spark_submit.py:634} INFO - File "/home/***/.local/lib/python3.12/site-packages/pyspark/python/lib/py4j-0.10.9.9-src.zip/py4j/protocol.py", line 327, in get_return_value
[2025-09-04T19:39:04.277+0000] {spark_submit.py:634} INFO - py4j.protocol.Py4JJavaError: An error occurred while calling None.org.apache.spark.sql.classic.SparkSession.
[2025-09-04T19:39:04.278+0000] {spark_submit.py:634} INFO - : java.lang.IllegalStateException: Cannot call methods on a stopped SparkContext.
[2025-09-04T19:39:04.278+0000] {spark_submit.py:634} INFO - This stopped SparkContext was created at:
[2025-09-04T19:39:04.278+0000] {spark_submit.py:634} INFO - 
[2025-09-04T19:39:04.279+0000] {spark_submit.py:634} INFO - org.apache.spark.api.java.JavaSparkContext.<init>(JavaSparkContext.scala:59)
[2025-09-04T19:39:04.279+0000] {spark_submit.py:634} INFO - java.base/jdk.internal.reflect.NativeConstructorAccessorImpl.newInstance0(Native Method)
[2025-09-04T19:39:04.280+0000] {spark_submit.py:634} INFO - java.base/jdk.internal.reflect.NativeConstructorAccessorImpl.newInstance(NativeConstructorAccessorImpl.java:77)
[2025-09-04T19:39:04.280+0000] {spark_submit.py:634} INFO - java.base/jdk.internal.reflect.DelegatingConstructorAccessorImpl.newInstance(DelegatingConstructorAccessorImpl.java:45)
[2025-09-04T19:39:04.280+0000] {spark_submit.py:634} INFO - java.base/java.lang.reflect.Constructor.newInstanceWithCaller(Constructor.java:500)
[2025-09-04T19:39:04.281+0000] {spark_submit.py:634} INFO - java.base/java.lang.reflect.Constructor.newInstance(Constructor.java:481)
[2025-09-04T19:39:04.281+0000] {spark_submit.py:634} INFO - py4j.reflection.MethodInvoker.invoke(MethodInvoker.java:247)
[2025-09-04T19:39:04.281+0000] {spark_submit.py:634} INFO - py4j.reflection.ReflectionEngine.invoke(ReflectionEngine.java:374)
[2025-09-04T19:39:04.282+0000] {spark_submit.py:634} INFO - py4j.Gateway.invoke(Gateway.java:238)
[2025-09-04T19:39:04.282+0000] {spark_submit.py:634} INFO - py4j.commands.ConstructorCommand.invokeConstructor(ConstructorCommand.java:80)
[2025-09-04T19:39:04.282+0000] {spark_submit.py:634} INFO - py4j.commands.ConstructorCommand.execute(ConstructorCommand.java:69)
[2025-09-04T19:39:04.282+0000] {spark_submit.py:634} INFO - py4j.ClientServerConnection.waitForCommands(ClientServerConnection.java:184)
[2025-09-04T19:39:04.283+0000] {spark_submit.py:634} INFO - py4j.ClientServerConnection.run(ClientServerConnection.java:108)
[2025-09-04T19:39:04.283+0000] {spark_submit.py:634} INFO - java.base/java.lang.Thread.run(Thread.java:840)
[2025-09-04T19:39:04.284+0000] {spark_submit.py:634} INFO - 
[2025-09-04T19:39:04.284+0000] {spark_submit.py:634} INFO - And it was stopped at:
[2025-09-04T19:39:04.284+0000] {spark_submit.py:634} INFO - 
[2025-09-04T19:39:04.285+0000] {spark_submit.py:634} INFO - org.apache.spark.SparkContext$$anon$3.run(SparkContext.scala:2284)
[2025-09-04T19:39:04.285+0000] {spark_submit.py:634} INFO - 
[2025-09-04T19:39:04.285+0000] {spark_submit.py:634} INFO - The currently active SparkContext was created at:
[2025-09-04T19:39:04.286+0000] {spark_submit.py:634} INFO - 
[2025-09-04T19:39:04.286+0000] {spark_submit.py:634} INFO - (No active SparkContext.)
[2025-09-04T19:39:04.286+0000] {spark_submit.py:634} INFO - 
[2025-09-04T19:39:04.288+0000] {spark_submit.py:634} INFO - at org.apache.spark.SparkContext.assertNotStopped(SparkContext.scala:128)
[2025-09-04T19:39:04.288+0000] {spark_submit.py:634} INFO - at org.apache.spark.sql.classic.SparkSession.<init>(SparkSession.scala:124)
[2025-09-04T19:39:04.288+0000] {spark_submit.py:634} INFO - at org.apache.spark.sql.classic.SparkSession.<init>(SparkSession.scala:117)
[2025-09-04T19:39:04.289+0000] {spark_submit.py:634} INFO - at java.base/jdk.internal.reflect.NativeConstructorAccessorImpl.newInstance0(Native Method)
[2025-09-04T19:39:04.289+0000] {spark_submit.py:634} INFO - at java.base/jdk.internal.reflect.NativeConstructorAccessorImpl.newInstance(NativeConstructorAccessorImpl.java:77)
[2025-09-04T19:39:04.289+0000] {spark_submit.py:634} INFO - at java.base/jdk.internal.reflect.DelegatingConstructorAccessorImpl.newInstance(DelegatingConstructorAccessorImpl.java:45)
[2025-09-04T19:39:04.290+0000] {spark_submit.py:634} INFO - at java.base/java.lang.reflect.Constructor.newInstanceWithCaller(Constructor.java:500)
[2025-09-04T19:39:04.290+0000] {spark_submit.py:634} INFO - at java.base/java.lang.reflect.Constructor.newInstance(Constructor.java:481)
[2025-09-04T19:39:04.291+0000] {spark_submit.py:634} INFO - at py4j.reflection.MethodInvoker.invoke(MethodInvoker.java:247)
[2025-09-04T19:39:04.291+0000] {spark_submit.py:634} INFO - at py4j.reflection.ReflectionEngine.invoke(ReflectionEngine.java:374)
[2025-09-04T19:39:04.291+0000] {spark_submit.py:634} INFO - at py4j.Gateway.invoke(Gateway.java:238)
[2025-09-04T19:39:04.291+0000] {spark_submit.py:634} INFO - at py4j.commands.ConstructorCommand.invokeConstructor(ConstructorCommand.java:80)
[2025-09-04T19:39:04.292+0000] {spark_submit.py:634} INFO - at py4j.commands.ConstructorCommand.execute(ConstructorCommand.java:69)
[2025-09-04T19:39:04.292+0000] {spark_submit.py:634} INFO - at py4j.ClientServerConnection.waitForCommands(ClientServerConnection.java:184)
[2025-09-04T19:39:04.292+0000] {spark_submit.py:634} INFO - at py4j.ClientServerConnection.run(ClientServerConnection.java:108)
[2025-09-04T19:39:04.293+0000] {spark_submit.py:634} INFO - at java.base/java.lang.Thread.run(Thread.java:840)
[2025-09-04T19:39:04.293+0000] {spark_submit.py:634} INFO - 
[2025-09-04T19:39:04.469+0000] {spark_submit.py:634} INFO - 25/09/04 19:39:04 INFO ShutdownHookManager: Shutdown hook called
[2025-09-04T19:39:04.470+0000] {spark_submit.py:634} INFO - 25/09/04 19:39:04 INFO ShutdownHookManager: Deleting directory /tmp/spark-f039eb4f-ab5e-40eb-9f3a-2ac42d4b022c
[2025-09-04T19:39:04.477+0000] {spark_submit.py:634} INFO - 25/09/04 19:39:04 INFO ShutdownHookManager: Deleting directory /tmp/spark-f039eb4f-ab5e-40eb-9f3a-2ac42d4b022c/pyspark-4653d246-6442-4f76-808f-f5e973b3550d
[2025-09-04T19:39:04.482+0000] {spark_submit.py:634} INFO - 25/09/04 19:39:04 INFO ShutdownHookManager: Deleting directory /tmp/spark-81efa59e-e838-4dc3-9049-8a4777a16dae
[2025-09-04T19:39:04.538+0000] {taskinstance.py:3311} ERROR - Task failed with exception
Traceback (most recent call last):
  File "/home/airflow/.local/lib/python3.12/site-packages/airflow/models/taskinstance.py", line 767, in _execute_task
    result = _execute_callable(context=context, **execute_callable_kwargs)
             ^^^^^^^^^^^^^^^^^^^^^^^^^^^^^^^^^^^^^^^^^^^^^^^^^^^^^^^^^^^^^
  File "/home/airflow/.local/lib/python3.12/site-packages/airflow/models/taskinstance.py", line 733, in _execute_callable
    return ExecutionCallableRunner(
           ^^^^^^^^^^^^^^^^^^^^^^^^
  File "/home/airflow/.local/lib/python3.12/site-packages/airflow/utils/operator_helpers.py", line 252, in run
    return self.func(*args, **kwargs)
           ^^^^^^^^^^^^^^^^^^^^^^^^^^
  File "/home/airflow/.local/lib/python3.12/site-packages/airflow/models/baseoperator.py", line 417, in wrapper
    return func(self, *args, **kwargs)
           ^^^^^^^^^^^^^^^^^^^^^^^^^^^
  File "/home/airflow/.local/lib/python3.12/site-packages/airflow/providers/apache/spark/operators/spark_submit.py", line 176, in execute
    self._hook.submit(self.application)
  File "/home/airflow/.local/lib/python3.12/site-packages/airflow/providers/apache/spark/hooks/spark_submit.py", line 560, in submit
    raise AirflowException(
airflow.exceptions.AirflowException: Cannot execute: spark-submit --master spark://spark-master:7077 --num-executors 1 --total-executor-cores 1 --executor-cores 1 --executor-memory 50g --driver-memory 50g --name arrow-spark --verbose --deploy-mode client dags/spark_app/spark_1.py. Error code is: 1.
[2025-09-04T19:39:04.545+0000] {taskinstance.py:1225} INFO - Marking task as FAILED. dag_id=spark_example, task_id=spark_submit_job, run_id=manual__2025-09-04T19:37:53.122083+00:00, execution_date=20250904T193753, start_date=20250904T193756, end_date=20250904T193904
[2025-09-04T19:39:04.565+0000] {taskinstance.py:340} INFO - ::group::Post task execution logs
[2025-09-04T19:39:04.566+0000] {standard_task_runner.py:124} ERROR - Failed to execute job 143 for task spark_submit_job (Cannot execute: spark-submit --master spark://spark-master:7077 --num-executors 1 --total-executor-cores 1 --executor-cores 1 --executor-memory 50g --driver-memory 50g --name arrow-spark --verbose --deploy-mode client dags/spark_app/spark_1.py. Error code is: 1.; 70)
Traceback (most recent call last):
  File "/home/airflow/.local/lib/python3.12/site-packages/airflow/task/task_runner/standard_task_runner.py", line 117, in _start_by_fork
    ret = args.func(args, dag=self.dag)
          ^^^^^^^^^^^^^^^^^^^^^^^^^^^^^
  File "/home/airflow/.local/lib/python3.12/site-packages/airflow/cli/cli_config.py", line 49, in command
    return func(*args, **kwargs)
           ^^^^^^^^^^^^^^^^^^^^^
  File "/home/airflow/.local/lib/python3.12/site-packages/airflow/utils/cli.py", line 116, in wrapper
    return f(*args, **kwargs)
           ^^^^^^^^^^^^^^^^^^
  File "/home/airflow/.local/lib/python3.12/site-packages/airflow/cli/commands/task_command.py", line 483, in task_run
    task_return_code = _run_task_by_selected_method(args, _dag, ti)
                       ^^^^^^^^^^^^^^^^^^^^^^^^^^^^^^^^^^^^^^^^^^^^
  File "/home/airflow/.local/lib/python3.12/site-packages/airflow/cli/commands/task_command.py", line 256, in _run_task_by_selected_method
    return _run_raw_task(args, ti)
           ^^^^^^^^^^^^^^^^^^^^^^^
  File "/home/airflow/.local/lib/python3.12/site-packages/airflow/cli/commands/task_command.py", line 341, in _run_raw_task
    return ti._run_raw_task(
           ^^^^^^^^^^^^^^^^^
  File "/home/airflow/.local/lib/python3.12/site-packages/airflow/utils/session.py", line 97, in wrapper
    return func(*args, session=session, **kwargs)
           ^^^^^^^^^^^^^^^^^^^^^^^^^^^^^^^^^^^^^^
  File "/home/airflow/.local/lib/python3.12/site-packages/airflow/models/taskinstance.py", line 3005, in _run_raw_task
    return _run_raw_task(
           ^^^^^^^^^^^^^^
  File "/home/airflow/.local/lib/python3.12/site-packages/airflow/models/taskinstance.py", line 273, in _run_raw_task
    TaskInstance._execute_task_with_callbacks(
  File "/home/airflow/.local/lib/python3.12/site-packages/airflow/models/taskinstance.py", line 3159, in _execute_task_with_callbacks
    result = self._execute_task(context, task_orig)
             ^^^^^^^^^^^^^^^^^^^^^^^^^^^^^^^^^^^^^^
  File "/home/airflow/.local/lib/python3.12/site-packages/airflow/models/taskinstance.py", line 3183, in _execute_task
    return _execute_task(self, context, task_orig)
           ^^^^^^^^^^^^^^^^^^^^^^^^^^^^^^^^^^^^^^^
  File "/home/airflow/.local/lib/python3.12/site-packages/airflow/models/taskinstance.py", line 767, in _execute_task
    result = _execute_callable(context=context, **execute_callable_kwargs)
             ^^^^^^^^^^^^^^^^^^^^^^^^^^^^^^^^^^^^^^^^^^^^^^^^^^^^^^^^^^^^^
  File "/home/airflow/.local/lib/python3.12/site-packages/airflow/models/taskinstance.py", line 733, in _execute_callable
    return ExecutionCallableRunner(
           ^^^^^^^^^^^^^^^^^^^^^^^^
  File "/home/airflow/.local/lib/python3.12/site-packages/airflow/utils/operator_helpers.py", line 252, in run
    return self.func(*args, **kwargs)
           ^^^^^^^^^^^^^^^^^^^^^^^^^^
  File "/home/airflow/.local/lib/python3.12/site-packages/airflow/models/baseoperator.py", line 417, in wrapper
    return func(self, *args, **kwargs)
           ^^^^^^^^^^^^^^^^^^^^^^^^^^^
  File "/home/airflow/.local/lib/python3.12/site-packages/airflow/providers/apache/spark/operators/spark_submit.py", line 176, in execute
    self._hook.submit(self.application)
  File "/home/airflow/.local/lib/python3.12/site-packages/airflow/providers/apache/spark/hooks/spark_submit.py", line 560, in submit
    raise AirflowException(
airflow.exceptions.AirflowException: Cannot execute: spark-submit --master spark://spark-master:7077 --num-executors 1 --total-executor-cores 1 --executor-cores 1 --executor-memory 50g --driver-memory 50g --name arrow-spark --verbose --deploy-mode client dags/spark_app/spark_1.py. Error code is: 1.
[2025-09-04T19:39:04.600+0000] {local_task_job_runner.py:266} INFO - Task exited with return code 1
[2025-09-04T19:39:04.616+0000] {taskinstance.py:3895} INFO - 0 downstream tasks scheduled from follow-on schedule check
[2025-09-04T19:39:04.618+0000] {local_task_job_runner.py:245} INFO - ::endgroup::
