[2025-01-23T20:58:36.612+0000] {local_task_job_runner.py:123} INFO - ::group::Pre task execution logs
[2025-01-23T20:58:36.629+0000] {taskinstance.py:2613} INFO - Dependencies all met for dep_context=non-requeueable deps ti=<TaskInstance: spark_example.spark_submit_job manual__2025-01-23T20:58:36.074042+00:00 [queued]>
[2025-01-23T20:58:36.638+0000] {taskinstance.py:2613} INFO - Dependencies all met for dep_context=requeueable deps ti=<TaskInstance: spark_example.spark_submit_job manual__2025-01-23T20:58:36.074042+00:00 [queued]>
[2025-01-23T20:58:36.638+0000] {taskinstance.py:2866} INFO - Starting attempt 1 of 1
[2025-01-23T20:58:36.651+0000] {taskinstance.py:2889} INFO - Executing <Task(SparkSubmitOperator): spark_submit_job> on 2025-01-23 20:58:36.074042+00:00
[2025-01-23T20:58:36.656+0000] {warnings.py:112} WARNING - /home/***/.local/lib/python3.12/site-packages/***/task/task_runner/standard_task_runner.py:70: DeprecationWarning: This process (pid=2126) is multi-threaded, use of fork() may lead to deadlocks in the child.
  pid = os.fork()

[2025-01-23T20:58:36.658+0000] {standard_task_runner.py:72} INFO - Started process 2127 to run task
[2025-01-23T20:58:36.659+0000] {standard_task_runner.py:104} INFO - Running: ['***', 'tasks', 'run', 'spark_example', 'spark_submit_job', 'manual__2025-01-23T20:58:36.074042+00:00', '--job-id', '100', '--raw', '--subdir', 'DAGS_FOLDER/spark_clickhouse_test.py', '--cfg-path', '/tmp/tmpmhdmhbhe']
[2025-01-23T20:58:36.660+0000] {standard_task_runner.py:105} INFO - Job 100: Subtask spark_submit_job
[2025-01-23T20:58:36.700+0000] {task_command.py:467} INFO - Running <TaskInstance: spark_example.spark_submit_job manual__2025-01-23T20:58:36.074042+00:00 [running]> on host 0af6ec46e653
[2025-01-23T20:58:36.770+0000] {taskinstance.py:3132} INFO - Exporting env vars: AIRFLOW_CTX_DAG_OWNER='Smalch' AIRFLOW_CTX_DAG_ID='spark_example' AIRFLOW_CTX_TASK_ID='spark_submit_job' AIRFLOW_CTX_EXECUTION_DATE='2025-01-23T20:58:36.074042+00:00' AIRFLOW_CTX_TRY_NUMBER='1' AIRFLOW_CTX_DAG_RUN_ID='manual__2025-01-23T20:58:36.074042+00:00'
[2025-01-23T20:58:36.771+0000] {taskinstance.py:731} INFO - ::endgroup::
[2025-01-23T20:58:36.780+0000] {base.py:84} INFO - Retrieving connection 'spark'
[2025-01-23T20:58:36.782+0000] {spark_submit.py:473} INFO - Spark-Submit cmd: spark-submit --master spark://spark-master:7077 --executor-memory 25g --driver-memory 25g --name arrow-spark --verbose --deploy-mode client dags/spark_app/spark_1.py
[2025-01-23T20:58:39.092+0000] {spark_submit.py:634} INFO - Using properties file: null
[2025-01-23T20:58:39.207+0000] {spark_submit.py:634} INFO - Parsed arguments:
[2025-01-23T20:58:39.208+0000] {spark_submit.py:634} INFO - master                  spark://spark-master:7077
[2025-01-23T20:58:39.208+0000] {spark_submit.py:634} INFO - remote                  null
[2025-01-23T20:58:39.208+0000] {spark_submit.py:634} INFO - deployMode              client
[2025-01-23T20:58:39.208+0000] {spark_submit.py:634} INFO - executorMemory          25g
[2025-01-23T20:58:39.209+0000] {spark_submit.py:634} INFO - executorCores           null
[2025-01-23T20:58:39.209+0000] {spark_submit.py:634} INFO - totalExecutorCores      null
[2025-01-23T20:58:39.209+0000] {spark_submit.py:634} INFO - propertiesFile          null
[2025-01-23T20:58:39.209+0000] {spark_submit.py:634} INFO - driverMemory            25g
[2025-01-23T20:58:39.210+0000] {spark_submit.py:634} INFO - driverCores             null
[2025-01-23T20:58:39.210+0000] {spark_submit.py:634} INFO - driverExtraClassPath    null
[2025-01-23T20:58:39.210+0000] {spark_submit.py:634} INFO - driverExtraLibraryPath  null
[2025-01-23T20:58:39.210+0000] {spark_submit.py:634} INFO - driverExtraJavaOptions  null
[2025-01-23T20:58:39.211+0000] {spark_submit.py:634} INFO - supervise               false
[2025-01-23T20:58:39.211+0000] {spark_submit.py:634} INFO - queue                   null
[2025-01-23T20:58:39.211+0000] {spark_submit.py:634} INFO - numExecutors            null
[2025-01-23T20:58:39.211+0000] {spark_submit.py:634} INFO - files                   null
[2025-01-23T20:58:39.212+0000] {spark_submit.py:634} INFO - pyFiles                 null
[2025-01-23T20:58:39.212+0000] {spark_submit.py:634} INFO - archives                null
[2025-01-23T20:58:39.212+0000] {spark_submit.py:634} INFO - mainClass               null
[2025-01-23T20:58:39.212+0000] {spark_submit.py:634} INFO - primaryResource         file:/opt/***/dags/spark_app/spark_1.py
[2025-01-23T20:58:39.212+0000] {spark_submit.py:634} INFO - name                    arrow-spark
[2025-01-23T20:58:39.213+0000] {spark_submit.py:634} INFO - childArgs               []
[2025-01-23T20:58:39.213+0000] {spark_submit.py:634} INFO - jars                    null
[2025-01-23T20:58:39.213+0000] {spark_submit.py:634} INFO - packages                null
[2025-01-23T20:58:39.213+0000] {spark_submit.py:634} INFO - packagesExclusions      null
[2025-01-23T20:58:39.214+0000] {spark_submit.py:634} INFO - repositories            null
[2025-01-23T20:58:39.214+0000] {spark_submit.py:634} INFO - verbose                 true
[2025-01-23T20:58:39.214+0000] {spark_submit.py:634} INFO - 
[2025-01-23T20:58:39.214+0000] {spark_submit.py:634} INFO - Spark properties used, including those specified through
[2025-01-23T20:58:39.215+0000] {spark_submit.py:634} INFO - --conf and those from the properties file null:
[2025-01-23T20:58:39.215+0000] {spark_submit.py:634} INFO - (spark.driver.memory,25g)
[2025-01-23T20:58:39.215+0000] {spark_submit.py:634} INFO - 
[2025-01-23T20:58:39.215+0000] {spark_submit.py:634} INFO - 
[2025-01-23T20:58:39.566+0000] {spark_submit.py:634} INFO - Main class:
[2025-01-23T20:58:39.567+0000] {spark_submit.py:634} INFO - org.apache.spark.deploy.PythonRunner
[2025-01-23T20:58:39.567+0000] {spark_submit.py:634} INFO - Arguments:
[2025-01-23T20:58:39.568+0000] {spark_submit.py:634} INFO - file:/opt/***/dags/spark_app/spark_1.py
[2025-01-23T20:58:39.568+0000] {spark_submit.py:634} INFO - null
[2025-01-23T20:58:39.570+0000] {spark_submit.py:634} INFO - Spark config:
[2025-01-23T20:58:39.570+0000] {spark_submit.py:634} INFO - (spark.app.name,arrow-spark)
[2025-01-23T20:58:39.570+0000] {spark_submit.py:634} INFO - (spark.app.submitTime,1737665919543)
[2025-01-23T20:58:39.570+0000] {spark_submit.py:634} INFO - (spark.driver.memory,25g)
[2025-01-23T20:58:39.571+0000] {spark_submit.py:634} INFO - (spark.executor.memory,25g)
[2025-01-23T20:58:39.571+0000] {spark_submit.py:634} INFO - (spark.master,spark://spark-master:7077)
[2025-01-23T20:58:39.571+0000] {spark_submit.py:634} INFO - (spark.submit.deployMode,client)
[2025-01-23T20:58:39.571+0000] {spark_submit.py:634} INFO - (spark.submit.pyFiles,)
[2025-01-23T20:58:39.571+0000] {spark_submit.py:634} INFO - Classpath elements:
[2025-01-23T20:58:39.571+0000] {spark_submit.py:634} INFO - 
[2025-01-23T20:58:39.571+0000] {spark_submit.py:634} INFO - 
[2025-01-23T20:58:39.572+0000] {spark_submit.py:634} INFO - 
[2025-01-23T20:58:40.755+0000] {spark_submit.py:634} INFO - 25/01/23 20:58:40 INFO SparkContext: Running Spark version 3.5.4
[2025-01-23T20:58:40.757+0000] {spark_submit.py:634} INFO - 25/01/23 20:58:40 INFO SparkContext: OS info Linux, 5.10.0-33-cloud-amd64, amd64
[2025-01-23T20:58:40.757+0000] {spark_submit.py:634} INFO - 25/01/23 20:58:40 INFO SparkContext: Java version 17.0.13
[2025-01-23T20:58:40.845+0000] {spark_submit.py:634} INFO - 25/01/23 20:58:40 WARN NativeCodeLoader: Unable to load native-hadoop library for your platform... using builtin-java classes where applicable
[2025-01-23T20:58:40.961+0000] {spark_submit.py:634} INFO - 25/01/23 20:58:40 INFO ResourceUtils: ==============================================================
[2025-01-23T20:58:40.963+0000] {spark_submit.py:634} INFO - 25/01/23 20:58:40 INFO ResourceUtils: No custom resources configured for spark.driver.
[2025-01-23T20:58:40.964+0000] {spark_submit.py:634} INFO - 25/01/23 20:58:40 INFO ResourceUtils: ==============================================================
[2025-01-23T20:58:40.965+0000] {spark_submit.py:634} INFO - 25/01/23 20:58:40 INFO SparkContext: Submitted application: ExampleJob111
[2025-01-23T20:58:41.006+0000] {spark_submit.py:634} INFO - 25/01/23 20:58:41 INFO ResourceProfile: Default ResourceProfile created, executor resources: Map(memory -> name: memory, amount: 25600, script: , vendor: , offHeap -> name: offHeap, amount: 0, script: , vendor: ), task resources: Map(cpus -> name: cpus, amount: 1.0)
[2025-01-23T20:58:41.014+0000] {spark_submit.py:634} INFO - 25/01/23 20:58:41 INFO ResourceProfile: Limiting resource is cpu
[2025-01-23T20:58:41.015+0000] {spark_submit.py:634} INFO - 25/01/23 20:58:41 INFO ResourceProfileManager: Added ResourceProfile id: 0
[2025-01-23T20:58:41.086+0000] {spark_submit.py:634} INFO - 25/01/23 20:58:41 INFO SecurityManager: Changing view acls to: default
[2025-01-23T20:58:41.086+0000] {spark_submit.py:634} INFO - 25/01/23 20:58:41 INFO SecurityManager: Changing modify acls to: default
[2025-01-23T20:58:41.087+0000] {spark_submit.py:634} INFO - 25/01/23 20:58:41 INFO SecurityManager: Changing view acls groups to:
[2025-01-23T20:58:41.087+0000] {spark_submit.py:634} INFO - 25/01/23 20:58:41 INFO SecurityManager: Changing modify acls groups to:
[2025-01-23T20:58:41.088+0000] {spark_submit.py:634} INFO - 25/01/23 20:58:41 INFO SecurityManager: SecurityManager: authentication disabled; ui acls disabled; users with view permissions: default; groups with view permissions: EMPTY; users with modify permissions: default; groups with modify permissions: EMPTY
[2025-01-23T20:58:41.363+0000] {spark_submit.py:634} INFO - 25/01/23 20:58:41 INFO Utils: Successfully started service 'sparkDriver' on port 37115.
[2025-01-23T20:58:41.408+0000] {spark_submit.py:634} INFO - 25/01/23 20:58:41 INFO SparkEnv: Registering MapOutputTracker
[2025-01-23T20:58:41.455+0000] {spark_submit.py:634} INFO - 25/01/23 20:58:41 INFO SparkEnv: Registering BlockManagerMaster
[2025-01-23T20:58:41.482+0000] {spark_submit.py:634} INFO - 25/01/23 20:58:41 INFO BlockManagerMasterEndpoint: Using org.apache.spark.storage.DefaultTopologyMapper for getting topology information
[2025-01-23T20:58:41.483+0000] {spark_submit.py:634} INFO - 25/01/23 20:58:41 INFO BlockManagerMasterEndpoint: BlockManagerMasterEndpoint up
[2025-01-23T20:58:41.488+0000] {spark_submit.py:634} INFO - 25/01/23 20:58:41 INFO SparkEnv: Registering BlockManagerMasterHeartbeat
[2025-01-23T20:58:41.516+0000] {spark_submit.py:634} INFO - 25/01/23 20:58:41 INFO DiskBlockManager: Created local directory at /tmp/blockmgr-6af9a890-249c-441f-b54d-8cecdb41b9d1
[2025-01-23T20:58:41.529+0000] {spark_submit.py:634} INFO - 25/01/23 20:58:41 INFO MemoryStore: MemoryStore started with capacity 14.8 GiB
[2025-01-23T20:58:41.542+0000] {spark_submit.py:634} INFO - 25/01/23 20:58:41 INFO SparkEnv: Registering OutputCommitCoordinator
[2025-01-23T20:58:41.712+0000] {spark_submit.py:634} INFO - 25/01/23 20:58:41 INFO JettyUtils: Start Jetty 0.0.0.0:4040 for SparkUI
[2025-01-23T20:58:41.771+0000] {spark_submit.py:634} INFO - 25/01/23 20:58:41 INFO Utils: Successfully started service 'SparkUI' on port 4040.
[2025-01-23T20:58:41.964+0000] {spark_submit.py:634} INFO - 25/01/23 20:58:41 INFO StandaloneAppClient$ClientEndpoint: Connecting to master spark://spark-master:7077...
[2025-01-23T20:58:42.010+0000] {spark_submit.py:634} INFO - 25/01/23 20:58:42 INFO TransportClientFactory: Successfully created connection to spark-master/172.18.0.8:7077 after 25 ms (0 ms spent in bootstraps)
[2025-01-23T20:58:42.155+0000] {spark_submit.py:634} INFO - 25/01/23 20:58:42 INFO StandaloneSchedulerBackend: Connected to Spark cluster with app ID app-20250123205842-0000
[2025-01-23T20:58:42.166+0000] {spark_submit.py:634} INFO - 25/01/23 20:58:42 INFO Utils: Successfully started service 'org.apache.spark.network.netty.NettyBlockTransferService' on port 34119.
[2025-01-23T20:58:42.167+0000] {spark_submit.py:634} INFO - 25/01/23 20:58:42 INFO NettyBlockTransferService: Server created on 0af6ec46e653:34119
[2025-01-23T20:58:42.169+0000] {spark_submit.py:634} INFO - 25/01/23 20:58:42 INFO BlockManager: Using org.apache.spark.storage.RandomBlockReplicationPolicy for block replication policy
[2025-01-23T20:58:42.179+0000] {spark_submit.py:634} INFO - 25/01/23 20:58:42 INFO BlockManagerMaster: Registering BlockManager BlockManagerId(driver, 0af6ec46e653, 34119, None)
[2025-01-23T20:58:42.183+0000] {spark_submit.py:634} INFO - 25/01/23 20:58:42 INFO StandaloneAppClient$ClientEndpoint: Executor added: app-20250123205842-0000/0 on worker-20250123205448-172.18.0.9-34859 (172.18.0.9:34859) with 4 core(s)
[2025-01-23T20:58:42.190+0000] {spark_submit.py:634} INFO - 25/01/23 20:58:42 INFO BlockManagerMasterEndpoint: Registering block manager 0af6ec46e653:34119 with 14.8 GiB RAM, BlockManagerId(driver, 0af6ec46e653, 34119, None)
[2025-01-23T20:58:42.190+0000] {spark_submit.py:634} INFO - 25/01/23 20:58:42 INFO StandaloneSchedulerBackend: Granted executor ID app-20250123205842-0000/0 on hostPort 172.18.0.9:34859 with 4 core(s), 25.0 GiB RAM
[2025-01-23T20:58:42.190+0000] {spark_submit.py:634} INFO - 25/01/23 20:58:42 INFO BlockManagerMaster: Registered BlockManager BlockManagerId(driver, 0af6ec46e653, 34119, None)
[2025-01-23T20:58:42.191+0000] {spark_submit.py:634} INFO - 25/01/23 20:58:42 INFO BlockManager: Initialized BlockManager: BlockManagerId(driver, 0af6ec46e653, 34119, None)
[2025-01-23T20:58:42.391+0000] {spark_submit.py:634} INFO - 25/01/23 20:58:42 INFO StandaloneAppClient$ClientEndpoint: Executor updated: app-20250123205842-0000/0 is now RUNNING
[2025-01-23T20:58:42.512+0000] {spark_submit.py:634} INFO - 25/01/23 20:58:42 INFO StandaloneSchedulerBackend: SchedulerBackend is ready for scheduling beginning after reached minRegisteredResourcesRatio: 0.0
[2025-01-23T20:58:43.601+0000] {spark_submit.py:634} INFO - 25/01/23 20:58:43 INFO SharedState: Setting hive.metastore.warehouse.dir ('null') to the value of spark.sql.warehouse.dir.
[2025-01-23T20:58:43.609+0000] {spark_submit.py:634} INFO - 25/01/23 20:58:43 INFO SharedState: Warehouse path is 'file:/opt/***/spark-warehouse'.
[2025-01-23T20:58:45.655+0000] {spark_submit.py:634} INFO - 25/01/23 20:58:45 INFO StandaloneSchedulerBackend$StandaloneDriverEndpoint: Registered executor NettyRpcEndpointRef(spark-client://Executor) (172.18.0.9:33384) with ID 0,  ResourceProfileId 0
[2025-01-23T20:58:45.735+0000] {spark_submit.py:634} INFO - 25/01/23 20:58:45 INFO BlockManagerMasterEndpoint: Registering block manager 172.18.0.9:45525 with 14.8 GiB RAM, BlockManagerId(0, 172.18.0.9, 45525, None)
[2025-01-23T20:58:46.969+0000] {spark_submit.py:634} INFO - 25/01/23 20:58:46 INFO ParquetUtils: Using default output committer for Parquet: org.apache.parquet.hadoop.ParquetOutputCommitter
[2025-01-23T20:58:46.992+0000] {spark_submit.py:634} INFO - 25/01/23 20:58:46 INFO FileOutputCommitter: File Output Committer Algorithm version is 1
[2025-01-23T20:58:46.993+0000] {spark_submit.py:634} INFO - 25/01/23 20:58:46 INFO FileOutputCommitter: FileOutputCommitter skip cleanup _temporary folders under output directory:false, ignore cleanup failures: false
[2025-01-23T20:58:46.993+0000] {spark_submit.py:634} INFO - 25/01/23 20:58:46 INFO SQLHadoopMapReduceCommitProtocol: Using user defined output committer class org.apache.parquet.hadoop.ParquetOutputCommitter
[2025-01-23T20:58:46.994+0000] {spark_submit.py:634} INFO - 25/01/23 20:58:46 INFO FileOutputCommitter: File Output Committer Algorithm version is 1
[2025-01-23T20:58:46.994+0000] {spark_submit.py:634} INFO - 25/01/23 20:58:46 INFO FileOutputCommitter: FileOutputCommitter skip cleanup _temporary folders under output directory:false, ignore cleanup failures: false
[2025-01-23T20:58:46.995+0000] {spark_submit.py:634} INFO - 25/01/23 20:58:46 INFO SQLHadoopMapReduceCommitProtocol: Using output committer class org.apache.parquet.hadoop.ParquetOutputCommitter
[2025-01-23T20:58:47.311+0000] {spark_submit.py:634} INFO - 25/01/23 20:58:47 INFO CodeGenerator: Code generated in 252.857623 ms
[2025-01-23T20:58:47.340+0000] {spark_submit.py:634} INFO - 25/01/23 20:58:47 INFO SparkContext: Starting job: parquet at NativeMethodAccessorImpl.java:0
[2025-01-23T20:58:47.350+0000] {spark_submit.py:634} INFO - 25/01/23 20:58:47 INFO DAGScheduler: Got job 0 (parquet at NativeMethodAccessorImpl.java:0) with 2 output partitions
[2025-01-23T20:58:47.351+0000] {spark_submit.py:634} INFO - 25/01/23 20:58:47 INFO DAGScheduler: Final stage: ResultStage 0 (parquet at NativeMethodAccessorImpl.java:0)
[2025-01-23T20:58:47.351+0000] {spark_submit.py:634} INFO - 25/01/23 20:58:47 INFO DAGScheduler: Parents of final stage: List()
[2025-01-23T20:58:47.352+0000] {spark_submit.py:634} INFO - 25/01/23 20:58:47 INFO DAGScheduler: Missing parents: List()
[2025-01-23T20:58:47.355+0000] {spark_submit.py:634} INFO - 25/01/23 20:58:47 INFO DAGScheduler: Submitting ResultStage 0 (MapPartitionsRDD[6] at parquet at NativeMethodAccessorImpl.java:0), which has no missing parents
[2025-01-23T20:58:47.511+0000] {spark_submit.py:634} INFO - 25/01/23 20:58:47 INFO MemoryStore: Block broadcast_0 stored as values in memory (estimated size 213.8 KiB, free 14.8 GiB)
[2025-01-23T20:58:47.545+0000] {spark_submit.py:634} INFO - 25/01/23 20:58:47 INFO MemoryStore: Block broadcast_0_piece0 stored as bytes in memory (estimated size 77.6 KiB, free 14.8 GiB)
[2025-01-23T20:58:47.547+0000] {spark_submit.py:634} INFO - 25/01/23 20:58:47 INFO BlockManagerInfo: Added broadcast_0_piece0 in memory on 0af6ec46e653:34119 (size: 77.6 KiB, free: 14.8 GiB)
[2025-01-23T20:58:47.550+0000] {spark_submit.py:634} INFO - 25/01/23 20:58:47 INFO SparkContext: Created broadcast 0 from broadcast at DAGScheduler.scala:1585
[2025-01-23T20:58:47.567+0000] {spark_submit.py:634} INFO - 25/01/23 20:58:47 INFO DAGScheduler: Submitting 2 missing tasks from ResultStage 0 (MapPartitionsRDD[6] at parquet at NativeMethodAccessorImpl.java:0) (first 15 tasks are for partitions Vector(0, 1))
[2025-01-23T20:58:47.568+0000] {spark_submit.py:634} INFO - 25/01/23 20:58:47 INFO TaskSchedulerImpl: Adding task set 0.0 with 2 tasks resource profile 0
[2025-01-23T20:58:47.597+0000] {spark_submit.py:634} INFO - 25/01/23 20:58:47 INFO TaskSetManager: Starting task 0.0 in stage 0.0 (TID 0) (172.18.0.9, executor 0, partition 0, PROCESS_LOCAL, 9020 bytes)
[2025-01-23T20:58:47.605+0000] {spark_submit.py:634} INFO - 25/01/23 20:58:47 INFO TaskSetManager: Starting task 1.0 in stage 0.0 (TID 1) (172.18.0.9, executor 0, partition 1, PROCESS_LOCAL, 9057 bytes)
[2025-01-23T20:58:47.931+0000] {spark_submit.py:634} INFO - 25/01/23 20:58:47 INFO BlockManagerInfo: Added broadcast_0_piece0 in memory on 172.18.0.9:45525 (size: 77.6 KiB, free: 14.8 GiB)
[2025-01-23T20:58:51.235+0000] {spark_submit.py:634} INFO - 25/01/23 20:58:51 INFO TaskSetManager: Finished task 0.0 in stage 0.0 (TID 0) in 3649 ms on 172.18.0.9 (executor 0) (1/2)
[2025-01-23T20:58:51.236+0000] {spark_submit.py:634} INFO - 25/01/23 20:58:51 INFO TaskSetManager: Finished task 1.0 in stage 0.0 (TID 1) in 3635 ms on 172.18.0.9 (executor 0) (2/2)
[2025-01-23T20:58:51.237+0000] {spark_submit.py:634} INFO - 25/01/23 20:58:51 INFO TaskSchedulerImpl: Removed TaskSet 0.0, whose tasks have all completed, from pool
[2025-01-23T20:58:51.244+0000] {spark_submit.py:634} INFO - 25/01/23 20:58:51 INFO PythonAccumulatorV2: Connected to AccumulatorServer at host: 127.0.0.1 port: 44371
[2025-01-23T20:58:51.253+0000] {spark_submit.py:634} INFO - 25/01/23 20:58:51 INFO DAGScheduler: ResultStage 0 (parquet at NativeMethodAccessorImpl.java:0) finished in 3.885 s
[2025-01-23T20:58:51.256+0000] {spark_submit.py:634} INFO - 25/01/23 20:58:51 INFO DAGScheduler: Job 0 is finished. Cancelling potential speculative or zombie tasks for this job
[2025-01-23T20:58:51.257+0000] {spark_submit.py:634} INFO - 25/01/23 20:58:51 INFO TaskSchedulerImpl: Killing all running tasks in stage 0: Stage finished
[2025-01-23T20:58:51.260+0000] {spark_submit.py:634} INFO - 25/01/23 20:58:51 INFO DAGScheduler: Job 0 finished: parquet at NativeMethodAccessorImpl.java:0, took 3.919636 s
[2025-01-23T20:58:51.263+0000] {spark_submit.py:634} INFO - 25/01/23 20:58:51 INFO FileFormatWriter: Start to commit write Job f2b58ef8-cb3d-4238-976c-f6877fda4a29.
[2025-01-23T20:58:51.296+0000] {spark_submit.py:634} INFO - 25/01/23 20:58:51 INFO FileFormatWriter: Write Job f2b58ef8-cb3d-4238-976c-f6877fda4a29 committed. Elapsed time: 32 ms.
[2025-01-23T20:58:51.301+0000] {spark_submit.py:634} INFO - 25/01/23 20:58:51 INFO FileFormatWriter: Finished processing stats for write job f2b58ef8-cb3d-4238-976c-f6877fda4a29.
[2025-01-23T20:58:51.304+0000] {spark_submit.py:634} INFO - ['.ssh', 'config', 'med', '.cache', '.conda', '.docker', 'test', '.local', 'logs', '.profile', '***-webserver.pid', '.bash_logout', '.bash_history', '***', 'dags', '.bashrc', 'webserver_config.py', '.dotnet', '.ipython', '.wget-hsts', '.config', '***.cfg', '.vscode-server', 'plugins']
[2025-01-23T20:58:51.457+0000] {spark_submit.py:634} INFO - 25/01/23 20:58:51 INFO CodeGenerator: Code generated in 26.615672 ms
[2025-01-23T20:58:51.482+0000] {spark_submit.py:634} INFO - 25/01/23 20:58:51 INFO SparkContext: Starting job: showString at NativeMethodAccessorImpl.java:0
[2025-01-23T20:58:51.484+0000] {spark_submit.py:634} INFO - 25/01/23 20:58:51 INFO DAGScheduler: Got job 1 (showString at NativeMethodAccessorImpl.java:0) with 1 output partitions
[2025-01-23T20:58:51.485+0000] {spark_submit.py:634} INFO - 25/01/23 20:58:51 INFO DAGScheduler: Final stage: ResultStage 1 (showString at NativeMethodAccessorImpl.java:0)
[2025-01-23T20:58:51.485+0000] {spark_submit.py:634} INFO - 25/01/23 20:58:51 INFO DAGScheduler: Parents of final stage: List()
[2025-01-23T20:58:51.485+0000] {spark_submit.py:634} INFO - 25/01/23 20:58:51 INFO DAGScheduler: Missing parents: List()
[2025-01-23T20:58:51.487+0000] {spark_submit.py:634} INFO - 25/01/23 20:58:51 INFO DAGScheduler: Submitting ResultStage 1 (MapPartitionsRDD[8] at showString at NativeMethodAccessorImpl.java:0), which has no missing parents
[2025-01-23T20:58:51.493+0000] {spark_submit.py:634} INFO - 25/01/23 20:58:51 INFO MemoryStore: Block broadcast_1 stored as values in memory (estimated size 12.7 KiB, free 14.8 GiB)
[2025-01-23T20:58:51.496+0000] {spark_submit.py:634} INFO - 25/01/23 20:58:51 INFO MemoryStore: Block broadcast_1_piece0 stored as bytes in memory (estimated size 6.7 KiB, free 14.8 GiB)
[2025-01-23T20:58:51.498+0000] {spark_submit.py:634} INFO - 25/01/23 20:58:51 INFO BlockManagerInfo: Added broadcast_1_piece0 in memory on 0af6ec46e653:34119 (size: 6.7 KiB, free: 14.8 GiB)
[2025-01-23T20:58:51.500+0000] {spark_submit.py:634} INFO - 25/01/23 20:58:51 INFO SparkContext: Created broadcast 1 from broadcast at DAGScheduler.scala:1585
[2025-01-23T20:58:51.501+0000] {spark_submit.py:634} INFO - 25/01/23 20:58:51 INFO DAGScheduler: Submitting 1 missing tasks from ResultStage 1 (MapPartitionsRDD[8] at showString at NativeMethodAccessorImpl.java:0) (first 15 tasks are for partitions Vector(0))
[2025-01-23T20:58:51.501+0000] {spark_submit.py:634} INFO - 25/01/23 20:58:51 INFO TaskSchedulerImpl: Adding task set 1.0 with 1 tasks resource profile 0
[2025-01-23T20:58:51.503+0000] {spark_submit.py:634} INFO - 25/01/23 20:58:51 INFO TaskSetManager: Starting task 0.0 in stage 1.0 (TID 2) (172.18.0.9, executor 0, partition 0, PROCESS_LOCAL, 9020 bytes)
[2025-01-23T20:58:51.557+0000] {spark_submit.py:634} INFO - 25/01/23 20:58:51 INFO BlockManagerInfo: Added broadcast_1_piece0 in memory on 172.18.0.9:45525 (size: 6.7 KiB, free: 14.8 GiB)
[2025-01-23T20:58:52.029+0000] {spark_submit.py:634} INFO - 25/01/23 20:58:52 INFO TaskSetManager: Finished task 0.0 in stage 1.0 (TID 2) in 525 ms on 172.18.0.9 (executor 0) (1/1)
[2025-01-23T20:58:52.030+0000] {spark_submit.py:634} INFO - 25/01/23 20:58:52 INFO TaskSchedulerImpl: Removed TaskSet 1.0, whose tasks have all completed, from pool
[2025-01-23T20:58:52.031+0000] {spark_submit.py:634} INFO - 25/01/23 20:58:52 INFO DAGScheduler: ResultStage 1 (showString at NativeMethodAccessorImpl.java:0) finished in 0.543 s
[2025-01-23T20:58:52.031+0000] {spark_submit.py:634} INFO - 25/01/23 20:58:52 INFO DAGScheduler: Job 1 is finished. Cancelling potential speculative or zombie tasks for this job
[2025-01-23T20:58:52.032+0000] {spark_submit.py:634} INFO - 25/01/23 20:58:52 INFO TaskSchedulerImpl: Killing all running tasks in stage 1: Stage finished
[2025-01-23T20:58:52.032+0000] {spark_submit.py:634} INFO - 25/01/23 20:58:52 INFO DAGScheduler: Job 1 finished: showString at NativeMethodAccessorImpl.java:0, took 0.549622 s
[2025-01-23T20:58:52.042+0000] {spark_submit.py:634} INFO - 25/01/23 20:58:52 INFO SparkContext: Starting job: showString at NativeMethodAccessorImpl.java:0
[2025-01-23T20:58:52.043+0000] {spark_submit.py:634} INFO - 25/01/23 20:58:52 INFO DAGScheduler: Got job 2 (showString at NativeMethodAccessorImpl.java:0) with 1 output partitions
[2025-01-23T20:58:52.044+0000] {spark_submit.py:634} INFO - 25/01/23 20:58:52 INFO DAGScheduler: Final stage: ResultStage 2 (showString at NativeMethodAccessorImpl.java:0)
[2025-01-23T20:58:52.044+0000] {spark_submit.py:634} INFO - 25/01/23 20:58:52 INFO DAGScheduler: Parents of final stage: List()
[2025-01-23T20:58:52.044+0000] {spark_submit.py:634} INFO - 25/01/23 20:58:52 INFO DAGScheduler: Missing parents: List()
[2025-01-23T20:58:52.045+0000] {spark_submit.py:634} INFO - 25/01/23 20:58:52 INFO DAGScheduler: Submitting ResultStage 2 (MapPartitionsRDD[8] at showString at NativeMethodAccessorImpl.java:0), which has no missing parents
[2025-01-23T20:58:52.049+0000] {spark_submit.py:634} INFO - 25/01/23 20:58:52 INFO MemoryStore: Block broadcast_2 stored as values in memory (estimated size 12.7 KiB, free 14.8 GiB)
[2025-01-23T20:58:52.050+0000] {spark_submit.py:634} INFO - 25/01/23 20:58:52 INFO MemoryStore: Block broadcast_2_piece0 stored as bytes in memory (estimated size 6.7 KiB, free 14.8 GiB)
[2025-01-23T20:58:52.051+0000] {spark_submit.py:634} INFO - 25/01/23 20:58:52 INFO BlockManagerInfo: Added broadcast_2_piece0 in memory on 0af6ec46e653:34119 (size: 6.7 KiB, free: 14.8 GiB)
[2025-01-23T20:58:52.052+0000] {spark_submit.py:634} INFO - 25/01/23 20:58:52 INFO SparkContext: Created broadcast 2 from broadcast at DAGScheduler.scala:1585
[2025-01-23T20:58:52.053+0000] {spark_submit.py:634} INFO - 25/01/23 20:58:52 INFO DAGScheduler: Submitting 1 missing tasks from ResultStage 2 (MapPartitionsRDD[8] at showString at NativeMethodAccessorImpl.java:0) (first 15 tasks are for partitions Vector(1))
[2025-01-23T20:58:52.053+0000] {spark_submit.py:634} INFO - 25/01/23 20:58:52 INFO TaskSchedulerImpl: Adding task set 2.0 with 1 tasks resource profile 0
[2025-01-23T20:58:52.056+0000] {spark_submit.py:634} INFO - 25/01/23 20:58:52 INFO TaskSetManager: Starting task 0.0 in stage 2.0 (TID 3) (172.18.0.9, executor 0, partition 1, PROCESS_LOCAL, 9057 bytes)
[2025-01-23T20:58:52.076+0000] {spark_submit.py:634} INFO - 25/01/23 20:58:52 INFO BlockManagerInfo: Added broadcast_2_piece0 in memory on 172.18.0.9:45525 (size: 6.7 KiB, free: 14.8 GiB)
[2025-01-23T20:58:52.181+0000] {spark_submit.py:634} INFO - 25/01/23 20:58:52 INFO TaskSetManager: Finished task 0.0 in stage 2.0 (TID 3) in 127 ms on 172.18.0.9 (executor 0) (1/1)
[2025-01-23T20:58:52.183+0000] {spark_submit.py:634} INFO - 25/01/23 20:58:52 INFO TaskSchedulerImpl: Removed TaskSet 2.0, whose tasks have all completed, from pool
[2025-01-23T20:58:52.184+0000] {spark_submit.py:634} INFO - 25/01/23 20:58:52 INFO DAGScheduler: ResultStage 2 (showString at NativeMethodAccessorImpl.java:0) finished in 0.137 s
[2025-01-23T20:58:52.184+0000] {spark_submit.py:634} INFO - 25/01/23 20:58:52 INFO DAGScheduler: Job 2 is finished. Cancelling potential speculative or zombie tasks for this job
[2025-01-23T20:58:52.185+0000] {spark_submit.py:634} INFO - 25/01/23 20:58:52 INFO TaskSchedulerImpl: Killing all running tasks in stage 2: Stage finished
[2025-01-23T20:58:52.186+0000] {spark_submit.py:634} INFO - 25/01/23 20:58:52 INFO DAGScheduler: Job 2 finished: showString at NativeMethodAccessorImpl.java:0, took 0.143416 s
[2025-01-23T20:58:52.525+0000] {spark_submit.py:634} INFO - 25/01/23 20:58:52 INFO BlockManagerInfo: Removed broadcast_0_piece0 on 0af6ec46e653:34119 in memory (size: 77.6 KiB, free: 14.8 GiB)
[2025-01-23T20:58:52.530+0000] {spark_submit.py:634} INFO - 25/01/23 20:58:52 INFO BlockManagerInfo: Removed broadcast_0_piece0 on 172.18.0.9:45525 in memory (size: 77.6 KiB, free: 14.8 GiB)
[2025-01-23T20:58:52.540+0000] {spark_submit.py:634} INFO - 25/01/23 20:58:52 INFO BlockManagerInfo: Removed broadcast_2_piece0 on 0af6ec46e653:34119 in memory (size: 6.7 KiB, free: 14.8 GiB)
[2025-01-23T20:58:52.547+0000] {spark_submit.py:634} INFO - 25/01/23 20:58:52 INFO BlockManagerInfo: Removed broadcast_2_piece0 on 172.18.0.9:45525 in memory (size: 6.7 KiB, free: 14.8 GiB)
[2025-01-23T20:58:52.554+0000] {spark_submit.py:634} INFO - 25/01/23 20:58:52 INFO BlockManagerInfo: Removed broadcast_1_piece0 on 0af6ec46e653:34119 in memory (size: 6.7 KiB, free: 14.8 GiB)
[2025-01-23T20:58:52.562+0000] {spark_submit.py:634} INFO - 25/01/23 20:58:52 INFO BlockManagerInfo: Removed broadcast_1_piece0 on 172.18.0.9:45525 in memory (size: 6.7 KiB, free: 14.8 GiB)
[2025-01-23T20:58:53.128+0000] {spark_submit.py:634} INFO - 25/01/23 20:58:53 INFO CodeGenerator: Code generated in 17.595328 ms
[2025-01-23T20:58:53.135+0000] {spark_submit.py:634} INFO - +-------+-----+
[2025-01-23T20:58:53.136+0000] {spark_submit.py:634} INFO - |   Name|Value|
[2025-01-23T20:58:53.136+0000] {spark_submit.py:634} INFO - +-------+-----+
[2025-01-23T20:58:53.136+0000] {spark_submit.py:634} INFO - |  Alice|    1|
[2025-01-23T20:58:53.136+0000] {spark_submit.py:634} INFO - |    Bob|    2|
[2025-01-23T20:58:53.136+0000] {spark_submit.py:634} INFO - |Charlie|    3|
[2025-01-23T20:58:53.136+0000] {spark_submit.py:634} INFO - +-------+-----+
[2025-01-23T20:58:53.137+0000] {spark_submit.py:634} INFO - 
[2025-01-23T20:58:53.437+0000] {spark_submit.py:634} INFO - 25/01/23 20:58:53 INFO SparkContext: Starting job: toPandas at /opt/***/dags/spark_app/spark_1.py:18
[2025-01-23T20:58:53.439+0000] {spark_submit.py:634} INFO - 25/01/23 20:58:53 INFO DAGScheduler: Got job 3 (toPandas at /opt/***/dags/spark_app/spark_1.py:18) with 2 output partitions
[2025-01-23T20:58:53.440+0000] {spark_submit.py:634} INFO - 25/01/23 20:58:53 INFO DAGScheduler: Final stage: ResultStage 3 (toPandas at /opt/***/dags/spark_app/spark_1.py:18)
[2025-01-23T20:58:53.440+0000] {spark_submit.py:634} INFO - 25/01/23 20:58:53 INFO DAGScheduler: Parents of final stage: List()
[2025-01-23T20:58:53.440+0000] {spark_submit.py:634} INFO - 25/01/23 20:58:53 INFO DAGScheduler: Missing parents: List()
[2025-01-23T20:58:53.441+0000] {spark_submit.py:634} INFO - 25/01/23 20:58:53 INFO DAGScheduler: Submitting ResultStage 3 (MapPartitionsRDD[10] at toPandas at /opt/***/dags/spark_app/spark_1.py:18), which has no missing parents
[2025-01-23T20:58:53.444+0000] {spark_submit.py:634} INFO - 25/01/23 20:58:53 INFO MemoryStore: Block broadcast_3 stored as values in memory (estimated size 12.5 KiB, free 14.8 GiB)
[2025-01-23T20:58:53.446+0000] {spark_submit.py:634} INFO - 25/01/23 20:58:53 INFO MemoryStore: Block broadcast_3_piece0 stored as bytes in memory (estimated size 6.6 KiB, free 14.8 GiB)
[2025-01-23T20:58:53.447+0000] {spark_submit.py:634} INFO - 25/01/23 20:58:53 INFO BlockManagerInfo: Added broadcast_3_piece0 in memory on 0af6ec46e653:34119 (size: 6.6 KiB, free: 14.8 GiB)
[2025-01-23T20:58:53.448+0000] {spark_submit.py:634} INFO - 25/01/23 20:58:53 INFO SparkContext: Created broadcast 3 from broadcast at DAGScheduler.scala:1585
[2025-01-23T20:58:53.449+0000] {spark_submit.py:634} INFO - 25/01/23 20:58:53 INFO DAGScheduler: Submitting 2 missing tasks from ResultStage 3 (MapPartitionsRDD[10] at toPandas at /opt/***/dags/spark_app/spark_1.py:18) (first 15 tasks are for partitions Vector(0, 1))
[2025-01-23T20:58:53.449+0000] {spark_submit.py:634} INFO - 25/01/23 20:58:53 INFO TaskSchedulerImpl: Adding task set 3.0 with 2 tasks resource profile 0
[2025-01-23T20:58:53.450+0000] {spark_submit.py:634} INFO - 25/01/23 20:58:53 INFO TaskSetManager: Starting task 0.0 in stage 3.0 (TID 4) (172.18.0.9, executor 0, partition 0, PROCESS_LOCAL, 9020 bytes)
[2025-01-23T20:58:53.451+0000] {spark_submit.py:634} INFO - 25/01/23 20:58:53 INFO TaskSetManager: Starting task 1.0 in stage 3.0 (TID 5) (172.18.0.9, executor 0, partition 1, PROCESS_LOCAL, 9057 bytes)
[2025-01-23T20:58:53.468+0000] {spark_submit.py:634} INFO - 25/01/23 20:58:53 INFO BlockManagerInfo: Added broadcast_3_piece0 in memory on 172.18.0.9:45525 (size: 6.6 KiB, free: 14.8 GiB)
[2025-01-23T20:58:53.619+0000] {spark_submit.py:634} INFO - 25/01/23 20:58:53 INFO TaskSetManager: Finished task 1.0 in stage 3.0 (TID 5) in 169 ms on 172.18.0.9 (executor 0) (1/2)
[2025-01-23T20:58:53.620+0000] {spark_submit.py:634} INFO - 25/01/23 20:58:53 INFO TaskSetManager: Finished task 0.0 in stage 3.0 (TID 4) in 170 ms on 172.18.0.9 (executor 0) (2/2)
[2025-01-23T20:58:53.620+0000] {spark_submit.py:634} INFO - 25/01/23 20:58:53 INFO TaskSchedulerImpl: Removed TaskSet 3.0, whose tasks have all completed, from pool
[2025-01-23T20:58:53.623+0000] {spark_submit.py:634} INFO - 25/01/23 20:58:53 INFO DAGScheduler: ResultStage 3 (toPandas at /opt/***/dags/spark_app/spark_1.py:18) finished in 0.180 s
[2025-01-23T20:58:53.623+0000] {spark_submit.py:634} INFO - 25/01/23 20:58:53 INFO DAGScheduler: Job 3 is finished. Cancelling potential speculative or zombie tasks for this job
[2025-01-23T20:58:53.623+0000] {spark_submit.py:634} INFO - 25/01/23 20:58:53 INFO TaskSchedulerImpl: Killing all running tasks in stage 3: Stage finished
[2025-01-23T20:58:53.628+0000] {spark_submit.py:634} INFO - 25/01/23 20:58:53 INFO DAGScheduler: Job 3 finished: toPandas at /opt/***/dags/spark_app/spark_1.py:18, took 0.186435 s
[2025-01-23T20:58:53.660+0000] {spark_submit.py:634} INFO - 25/01/23 20:58:53 INFO SparkContext: SparkContext is stopping with exitCode 0.
[2025-01-23T20:58:53.671+0000] {spark_submit.py:634} INFO - 25/01/23 20:58:53 INFO SparkUI: Stopped Spark web UI at http://0af6ec46e653:4040
[2025-01-23T20:58:53.673+0000] {spark_submit.py:634} INFO - 25/01/23 20:58:53 INFO StandaloneSchedulerBackend: Shutting down all executors
[2025-01-23T20:58:53.674+0000] {spark_submit.py:634} INFO - 25/01/23 20:58:53 INFO StandaloneSchedulerBackend$StandaloneDriverEndpoint: Asking each executor to shut down
[2025-01-23T20:58:53.722+0000] {spark_submit.py:634} INFO - 25/01/23 20:58:53 INFO MapOutputTrackerMasterEndpoint: MapOutputTrackerMasterEndpoint stopped!
[2025-01-23T20:58:53.742+0000] {spark_submit.py:634} INFO - 25/01/23 20:58:53 INFO MemoryStore: MemoryStore cleared
[2025-01-23T20:58:53.742+0000] {spark_submit.py:634} INFO - 25/01/23 20:58:53 INFO BlockManager: BlockManager stopped
[2025-01-23T20:58:53.749+0000] {spark_submit.py:634} INFO - 25/01/23 20:58:53 INFO BlockManagerMaster: BlockManagerMaster stopped
[2025-01-23T20:58:53.751+0000] {spark_submit.py:634} INFO - 25/01/23 20:58:53 INFO OutputCommitCoordinator$OutputCommitCoordinatorEndpoint: OutputCommitCoordinator stopped!
[2025-01-23T20:58:53.764+0000] {spark_submit.py:634} INFO - 25/01/23 20:58:53 INFO SparkContext: Successfully stopped SparkContext
[2025-01-23T20:58:54.778+0000] {spark_submit.py:634} INFO - 25/01/23 20:58:54 INFO ShutdownHookManager: Shutdown hook called
[2025-01-23T20:58:54.778+0000] {spark_submit.py:634} INFO - 25/01/23 20:58:54 INFO ShutdownHookManager: Deleting directory /tmp/spark-12805f2a-962d-4d1d-94ca-0ff2daacc616
[2025-01-23T20:58:54.782+0000] {spark_submit.py:634} INFO - 25/01/23 20:58:54 INFO ShutdownHookManager: Deleting directory /tmp/spark-f8cd4e22-5c81-48d1-b0c1-056db88d1bb2
[2025-01-23T20:58:54.785+0000] {spark_submit.py:634} INFO - 25/01/23 20:58:54 INFO ShutdownHookManager: Deleting directory /tmp/spark-12805f2a-962d-4d1d-94ca-0ff2daacc616/pyspark-8ccdadbe-8fce-4044-ad4f-7c17cebbd686
[2025-01-23T20:58:54.822+0000] {taskinstance.py:340} INFO - ::group::Post task execution logs
[2025-01-23T20:58:54.822+0000] {taskinstance.py:352} INFO - Marking task as SUCCESS. dag_id=spark_example, task_id=spark_submit_job, run_id=manual__2025-01-23T20:58:36.074042+00:00, execution_date=20250123T205836, start_date=20250123T205836, end_date=20250123T205854
[2025-01-23T20:58:54.872+0000] {local_task_job_runner.py:266} INFO - Task exited with return code 0
[2025-01-23T20:58:54.885+0000] {taskinstance.py:3895} INFO - 0 downstream tasks scheduled from follow-on schedule check
[2025-01-23T20:58:54.887+0000] {local_task_job_runner.py:245} INFO - ::endgroup::
