[2025-06-15T18:33:02.274+0000] {processor.py:186} INFO - Started process (PID=62) to work on /opt/airflow/dags/spark_example.py
[2025-06-15T18:33:02.275+0000] {processor.py:914} INFO - Processing file /opt/airflow/dags/spark_example.py for tasks to queue
[2025-06-15T18:33:02.278+0000] {logging_mixin.py:190} INFO - [2025-06-15T18:33:02.278+0000] {dagbag.py:588} INFO - Filling up the DagBag from /opt/airflow/dags/spark_example.py
[2025-06-15T18:33:03.359+0000] {processor.py:925} INFO - DAG(s) 'spark_example' retrieved from /opt/airflow/dags/spark_example.py
[2025-06-15T18:33:03.402+0000] {logging_mixin.py:190} INFO - [2025-06-15T18:33:03.401+0000] {dag.py:3239} INFO - Sync 1 DAGs
[2025-06-15T18:33:03.428+0000] {logging_mixin.py:190} INFO - [2025-06-15T18:33:03.428+0000] {dag.py:4180} INFO - Setting next_dagrun for spark_example to None, run_after=None
[2025-06-15T18:33:03.459+0000] {processor.py:208} INFO - Processing /opt/airflow/dags/spark_example.py took 1.194 seconds
[2025-06-15T18:33:33.506+0000] {processor.py:186} INFO - Started process (PID=81) to work on /opt/airflow/dags/spark_example.py
[2025-06-15T18:33:33.507+0000] {processor.py:914} INFO - Processing file /opt/airflow/dags/spark_example.py for tasks to queue
[2025-06-15T18:33:33.510+0000] {logging_mixin.py:190} INFO - [2025-06-15T18:33:33.510+0000] {dagbag.py:588} INFO - Filling up the DagBag from /opt/airflow/dags/spark_example.py
[2025-06-15T18:33:34.258+0000] {processor.py:925} INFO - DAG(s) 'spark_example' retrieved from /opt/airflow/dags/spark_example.py
[2025-06-15T18:33:34.282+0000] {logging_mixin.py:190} INFO - [2025-06-15T18:33:34.281+0000] {dag.py:3239} INFO - Sync 1 DAGs
[2025-06-15T18:33:34.298+0000] {logging_mixin.py:190} INFO - [2025-06-15T18:33:34.298+0000] {dag.py:4180} INFO - Setting next_dagrun for spark_example to None, run_after=None
[2025-06-15T18:33:34.317+0000] {processor.py:208} INFO - Processing /opt/airflow/dags/spark_example.py took 0.819 seconds
[2025-06-15T18:34:05.232+0000] {processor.py:186} INFO - Started process (PID=94) to work on /opt/airflow/dags/spark_example.py
[2025-06-15T18:34:05.236+0000] {processor.py:914} INFO - Processing file /opt/airflow/dags/spark_example.py for tasks to queue
[2025-06-15T18:34:05.238+0000] {logging_mixin.py:190} INFO - [2025-06-15T18:34:05.238+0000] {dagbag.py:588} INFO - Filling up the DagBag from /opt/airflow/dags/spark_example.py
[2025-06-15T18:34:05.961+0000] {processor.py:925} INFO - DAG(s) 'spark_example' retrieved from /opt/airflow/dags/spark_example.py
[2025-06-15T18:34:05.985+0000] {logging_mixin.py:190} INFO - [2025-06-15T18:34:05.984+0000] {dag.py:3239} INFO - Sync 1 DAGs
[2025-06-15T18:34:05.998+0000] {logging_mixin.py:190} INFO - [2025-06-15T18:34:05.998+0000] {dag.py:4180} INFO - Setting next_dagrun for spark_example to None, run_after=None
[2025-06-15T18:34:06.015+0000] {processor.py:208} INFO - Processing /opt/airflow/dags/spark_example.py took 0.790 seconds
[2025-06-15T18:34:36.262+0000] {processor.py:186} INFO - Started process (PID=107) to work on /opt/airflow/dags/spark_example.py
[2025-06-15T18:34:36.264+0000] {processor.py:914} INFO - Processing file /opt/airflow/dags/spark_example.py for tasks to queue
[2025-06-15T18:34:36.267+0000] {logging_mixin.py:190} INFO - [2025-06-15T18:34:36.266+0000] {dagbag.py:588} INFO - Filling up the DagBag from /opt/airflow/dags/spark_example.py
[2025-06-15T18:34:37.008+0000] {processor.py:925} INFO - DAG(s) 'spark_example' retrieved from /opt/airflow/dags/spark_example.py
[2025-06-15T18:34:37.031+0000] {logging_mixin.py:190} INFO - [2025-06-15T18:34:37.030+0000] {dag.py:3239} INFO - Sync 1 DAGs
[2025-06-15T18:34:37.044+0000] {logging_mixin.py:190} INFO - [2025-06-15T18:34:37.044+0000] {dag.py:4180} INFO - Setting next_dagrun for spark_example to None, run_after=None
[2025-06-15T18:34:37.061+0000] {processor.py:208} INFO - Processing /opt/airflow/dags/spark_example.py took 0.806 seconds
[2025-06-15T18:35:07.244+0000] {processor.py:186} INFO - Started process (PID=120) to work on /opt/airflow/dags/spark_example.py
[2025-06-15T18:35:07.246+0000] {processor.py:914} INFO - Processing file /opt/airflow/dags/spark_example.py for tasks to queue
[2025-06-15T18:35:07.248+0000] {logging_mixin.py:190} INFO - [2025-06-15T18:35:07.248+0000] {dagbag.py:588} INFO - Filling up the DagBag from /opt/airflow/dags/spark_example.py
[2025-06-15T18:35:07.967+0000] {processor.py:925} INFO - DAG(s) 'spark_example' retrieved from /opt/airflow/dags/spark_example.py
[2025-06-15T18:35:07.989+0000] {logging_mixin.py:190} INFO - [2025-06-15T18:35:07.988+0000] {dag.py:3239} INFO - Sync 1 DAGs
[2025-06-15T18:35:08.002+0000] {logging_mixin.py:190} INFO - [2025-06-15T18:35:08.002+0000] {dag.py:4180} INFO - Setting next_dagrun for spark_example to None, run_after=None
[2025-06-15T18:35:08.020+0000] {processor.py:208} INFO - Processing /opt/airflow/dags/spark_example.py took 0.784 seconds
[2025-06-15T18:35:38.568+0000] {processor.py:186} INFO - Started process (PID=133) to work on /opt/airflow/dags/spark_example.py
[2025-06-15T18:35:38.609+0000] {processor.py:914} INFO - Processing file /opt/airflow/dags/spark_example.py for tasks to queue
[2025-06-15T18:35:38.612+0000] {logging_mixin.py:190} INFO - [2025-06-15T18:35:38.612+0000] {dagbag.py:588} INFO - Filling up the DagBag from /opt/airflow/dags/spark_example.py
[2025-06-15T18:35:39.158+0000] {processor.py:925} INFO - DAG(s) 'spark_example' retrieved from /opt/airflow/dags/spark_example.py
[2025-06-15T18:35:39.182+0000] {logging_mixin.py:190} INFO - [2025-06-15T18:35:39.182+0000] {dag.py:3239} INFO - Sync 1 DAGs
[2025-06-15T18:35:39.198+0000] {logging_mixin.py:190} INFO - [2025-06-15T18:35:39.198+0000] {dag.py:4180} INFO - Setting next_dagrun for spark_example to None, run_after=None
[2025-06-15T18:35:39.219+0000] {processor.py:208} INFO - Processing /opt/airflow/dags/spark_example.py took 0.659 seconds
[2025-06-15T18:36:09.724+0000] {processor.py:186} INFO - Started process (PID=146) to work on /opt/airflow/dags/spark_example.py
[2025-06-15T18:36:09.725+0000] {processor.py:914} INFO - Processing file /opt/airflow/dags/spark_example.py for tasks to queue
[2025-06-15T18:36:09.728+0000] {logging_mixin.py:190} INFO - [2025-06-15T18:36:09.728+0000] {dagbag.py:588} INFO - Filling up the DagBag from /opt/airflow/dags/spark_example.py
[2025-06-15T18:36:10.291+0000] {processor.py:925} INFO - DAG(s) 'spark_example' retrieved from /opt/airflow/dags/spark_example.py
[2025-06-15T18:36:10.317+0000] {logging_mixin.py:190} INFO - [2025-06-15T18:36:10.317+0000] {dag.py:3239} INFO - Sync 1 DAGs
[2025-06-15T18:36:10.335+0000] {logging_mixin.py:190} INFO - [2025-06-15T18:36:10.335+0000] {dag.py:4180} INFO - Setting next_dagrun for spark_example to None, run_after=None
[2025-06-15T18:36:10.355+0000] {processor.py:208} INFO - Processing /opt/airflow/dags/spark_example.py took 0.638 seconds
[2025-06-15T18:36:40.919+0000] {processor.py:186} INFO - Started process (PID=159) to work on /opt/airflow/dags/spark_example.py
[2025-06-15T18:36:40.920+0000] {processor.py:914} INFO - Processing file /opt/airflow/dags/spark_example.py for tasks to queue
[2025-06-15T18:36:40.923+0000] {logging_mixin.py:190} INFO - [2025-06-15T18:36:40.923+0000] {dagbag.py:588} INFO - Filling up the DagBag from /opt/airflow/dags/spark_example.py
[2025-06-15T18:36:41.469+0000] {processor.py:925} INFO - DAG(s) 'spark_example' retrieved from /opt/airflow/dags/spark_example.py
[2025-06-15T18:36:41.495+0000] {logging_mixin.py:190} INFO - [2025-06-15T18:36:41.495+0000] {dag.py:3239} INFO - Sync 1 DAGs
[2025-06-15T18:36:41.511+0000] {logging_mixin.py:190} INFO - [2025-06-15T18:36:41.510+0000] {dag.py:4180} INFO - Setting next_dagrun for spark_example to None, run_after=None
[2025-06-15T18:36:41.529+0000] {processor.py:208} INFO - Processing /opt/airflow/dags/spark_example.py took 0.618 seconds
[2025-06-15T18:37:11.767+0000] {processor.py:186} INFO - Started process (PID=172) to work on /opt/airflow/dags/spark_example.py
[2025-06-15T18:37:11.768+0000] {processor.py:914} INFO - Processing file /opt/airflow/dags/spark_example.py for tasks to queue
[2025-06-15T18:37:11.771+0000] {logging_mixin.py:190} INFO - [2025-06-15T18:37:11.771+0000] {dagbag.py:588} INFO - Filling up the DagBag from /opt/airflow/dags/spark_example.py
[2025-06-15T18:37:12.317+0000] {processor.py:925} INFO - DAG(s) 'spark_example' retrieved from /opt/airflow/dags/spark_example.py
[2025-06-15T18:37:12.342+0000] {logging_mixin.py:190} INFO - [2025-06-15T18:37:12.341+0000] {dag.py:3239} INFO - Sync 1 DAGs
[2025-06-15T18:37:12.358+0000] {logging_mixin.py:190} INFO - [2025-06-15T18:37:12.358+0000] {dag.py:4180} INFO - Setting next_dagrun for spark_example to None, run_after=None
[2025-06-15T18:37:12.379+0000] {processor.py:208} INFO - Processing /opt/airflow/dags/spark_example.py took 0.620 seconds
[2025-06-15T18:37:42.513+0000] {processor.py:186} INFO - Started process (PID=185) to work on /opt/airflow/dags/spark_example.py
[2025-06-15T18:37:42.515+0000] {processor.py:914} INFO - Processing file /opt/airflow/dags/spark_example.py for tasks to queue
[2025-06-15T18:37:42.518+0000] {logging_mixin.py:190} INFO - [2025-06-15T18:37:42.517+0000] {dagbag.py:588} INFO - Filling up the DagBag from /opt/airflow/dags/spark_example.py
[2025-06-15T18:37:43.072+0000] {processor.py:925} INFO - DAG(s) 'spark_example' retrieved from /opt/airflow/dags/spark_example.py
[2025-06-15T18:37:43.099+0000] {logging_mixin.py:190} INFO - [2025-06-15T18:37:43.098+0000] {dag.py:3239} INFO - Sync 1 DAGs
[2025-06-15T18:37:43.115+0000] {logging_mixin.py:190} INFO - [2025-06-15T18:37:43.115+0000] {dag.py:4180} INFO - Setting next_dagrun for spark_example to None, run_after=None
[2025-06-15T18:37:43.133+0000] {processor.py:208} INFO - Processing /opt/airflow/dags/spark_example.py took 0.628 seconds
[2025-06-15T18:38:13.833+0000] {processor.py:186} INFO - Started process (PID=198) to work on /opt/airflow/dags/spark_example.py
[2025-06-15T18:38:13.834+0000] {processor.py:914} INFO - Processing file /opt/airflow/dags/spark_example.py for tasks to queue
[2025-06-15T18:38:13.837+0000] {logging_mixin.py:190} INFO - [2025-06-15T18:38:13.837+0000] {dagbag.py:588} INFO - Filling up the DagBag from /opt/airflow/dags/spark_example.py
[2025-06-15T18:38:14.384+0000] {processor.py:925} INFO - DAG(s) 'spark_example' retrieved from /opt/airflow/dags/spark_example.py
[2025-06-15T18:38:14.409+0000] {logging_mixin.py:190} INFO - [2025-06-15T18:38:14.408+0000] {dag.py:3239} INFO - Sync 1 DAGs
[2025-06-15T18:38:14.425+0000] {logging_mixin.py:190} INFO - [2025-06-15T18:38:14.425+0000] {dag.py:4180} INFO - Setting next_dagrun for spark_example to None, run_after=None
[2025-06-15T18:38:14.640+0000] {processor.py:208} INFO - Processing /opt/airflow/dags/spark_example.py took 0.814 seconds
[2025-06-15T18:38:44.897+0000] {processor.py:186} INFO - Started process (PID=211) to work on /opt/airflow/dags/spark_example.py
[2025-06-15T18:38:44.899+0000] {processor.py:914} INFO - Processing file /opt/airflow/dags/spark_example.py for tasks to queue
[2025-06-15T18:38:44.902+0000] {logging_mixin.py:190} INFO - [2025-06-15T18:38:44.901+0000] {dagbag.py:588} INFO - Filling up the DagBag from /opt/airflow/dags/spark_example.py
[2025-06-15T18:38:45.454+0000] {processor.py:925} INFO - DAG(s) 'spark_example' retrieved from /opt/airflow/dags/spark_example.py
[2025-06-15T18:38:45.480+0000] {logging_mixin.py:190} INFO - [2025-06-15T18:38:45.479+0000] {dag.py:3239} INFO - Sync 1 DAGs
[2025-06-15T18:38:45.497+0000] {logging_mixin.py:190} INFO - [2025-06-15T18:38:45.497+0000] {dag.py:4180} INFO - Setting next_dagrun for spark_example to None, run_after=None
[2025-06-15T18:38:45.516+0000] {processor.py:208} INFO - Processing /opt/airflow/dags/spark_example.py took 0.627 seconds
[2025-06-15T18:39:16.357+0000] {processor.py:186} INFO - Started process (PID=224) to work on /opt/airflow/dags/spark_example.py
[2025-06-15T18:39:16.359+0000] {processor.py:914} INFO - Processing file /opt/airflow/dags/spark_example.py for tasks to queue
[2025-06-15T18:39:16.362+0000] {logging_mixin.py:190} INFO - [2025-06-15T18:39:16.362+0000] {dagbag.py:588} INFO - Filling up the DagBag from /opt/airflow/dags/spark_example.py
[2025-06-15T18:39:17.039+0000] {processor.py:925} INFO - DAG(s) 'spark_example' retrieved from /opt/airflow/dags/spark_example.py
[2025-06-15T18:39:17.076+0000] {logging_mixin.py:190} INFO - [2025-06-15T18:39:17.075+0000] {dag.py:3239} INFO - Sync 1 DAGs
[2025-06-15T18:39:17.100+0000] {logging_mixin.py:190} INFO - [2025-06-15T18:39:17.100+0000] {dag.py:4180} INFO - Setting next_dagrun for spark_example to None, run_after=None
[2025-06-15T18:39:17.124+0000] {processor.py:208} INFO - Processing /opt/airflow/dags/spark_example.py took 0.775 seconds
[2025-06-15T18:39:47.370+0000] {processor.py:186} INFO - Started process (PID=237) to work on /opt/airflow/dags/spark_example.py
[2025-06-15T18:39:47.371+0000] {processor.py:914} INFO - Processing file /opt/airflow/dags/spark_example.py for tasks to queue
[2025-06-15T18:39:47.374+0000] {logging_mixin.py:190} INFO - [2025-06-15T18:39:47.373+0000] {dagbag.py:588} INFO - Filling up the DagBag from /opt/airflow/dags/spark_example.py
[2025-06-15T18:39:47.924+0000] {processor.py:925} INFO - DAG(s) 'spark_example' retrieved from /opt/airflow/dags/spark_example.py
[2025-06-15T18:39:47.948+0000] {logging_mixin.py:190} INFO - [2025-06-15T18:39:47.947+0000] {dag.py:3239} INFO - Sync 1 DAGs
[2025-06-15T18:39:47.963+0000] {logging_mixin.py:190} INFO - [2025-06-15T18:39:47.963+0000] {dag.py:4180} INFO - Setting next_dagrun for spark_example to None, run_after=None
[2025-06-15T18:39:47.981+0000] {processor.py:208} INFO - Processing /opt/airflow/dags/spark_example.py took 0.619 seconds
[2025-06-15T18:40:18.337+0000] {processor.py:186} INFO - Started process (PID=250) to work on /opt/airflow/dags/spark_example.py
[2025-06-15T18:40:18.339+0000] {processor.py:914} INFO - Processing file /opt/airflow/dags/spark_example.py for tasks to queue
[2025-06-15T18:40:18.342+0000] {logging_mixin.py:190} INFO - [2025-06-15T18:40:18.342+0000] {dagbag.py:588} INFO - Filling up the DagBag from /opt/airflow/dags/spark_example.py
[2025-06-15T18:40:18.887+0000] {processor.py:925} INFO - DAG(s) 'spark_example' retrieved from /opt/airflow/dags/spark_example.py
[2025-06-15T18:40:18.912+0000] {logging_mixin.py:190} INFO - [2025-06-15T18:40:18.911+0000] {dag.py:3239} INFO - Sync 1 DAGs
[2025-06-15T18:40:18.927+0000] {logging_mixin.py:190} INFO - [2025-06-15T18:40:18.927+0000] {dag.py:4180} INFO - Setting next_dagrun for spark_example to None, run_after=None
[2025-06-15T18:40:18.946+0000] {processor.py:208} INFO - Processing /opt/airflow/dags/spark_example.py took 0.617 seconds
[2025-06-15T18:40:49.181+0000] {processor.py:186} INFO - Started process (PID=263) to work on /opt/airflow/dags/spark_example.py
[2025-06-15T18:40:49.182+0000] {processor.py:914} INFO - Processing file /opt/airflow/dags/spark_example.py for tasks to queue
[2025-06-15T18:40:49.185+0000] {logging_mixin.py:190} INFO - [2025-06-15T18:40:49.185+0000] {dagbag.py:588} INFO - Filling up the DagBag from /opt/airflow/dags/spark_example.py
[2025-06-15T18:40:49.738+0000] {processor.py:925} INFO - DAG(s) 'spark_example' retrieved from /opt/airflow/dags/spark_example.py
[2025-06-15T18:40:49.763+0000] {logging_mixin.py:190} INFO - [2025-06-15T18:40:49.762+0000] {dag.py:3239} INFO - Sync 1 DAGs
[2025-06-15T18:40:49.780+0000] {logging_mixin.py:190} INFO - [2025-06-15T18:40:49.779+0000] {dag.py:4180} INFO - Setting next_dagrun for spark_example to None, run_after=None
[2025-06-15T18:40:50.004+0000] {processor.py:208} INFO - Processing /opt/airflow/dags/spark_example.py took 0.831 seconds
[2025-06-15T18:41:20.490+0000] {processor.py:186} INFO - Started process (PID=276) to work on /opt/airflow/dags/spark_example.py
[2025-06-15T18:41:20.491+0000] {processor.py:914} INFO - Processing file /opt/airflow/dags/spark_example.py for tasks to queue
[2025-06-15T18:41:20.495+0000] {logging_mixin.py:190} INFO - [2025-06-15T18:41:20.494+0000] {dagbag.py:588} INFO - Filling up the DagBag from /opt/airflow/dags/spark_example.py
[2025-06-15T18:41:21.059+0000] {processor.py:925} INFO - DAG(s) 'spark_example' retrieved from /opt/airflow/dags/spark_example.py
[2025-06-15T18:41:21.083+0000] {logging_mixin.py:190} INFO - [2025-06-15T18:41:21.083+0000] {dag.py:3239} INFO - Sync 1 DAGs
[2025-06-15T18:41:21.102+0000] {logging_mixin.py:190} INFO - [2025-06-15T18:41:21.101+0000] {dag.py:4180} INFO - Setting next_dagrun for spark_example to None, run_after=None
[2025-06-15T18:41:21.121+0000] {processor.py:208} INFO - Processing /opt/airflow/dags/spark_example.py took 0.639 seconds
[2025-06-15T18:41:51.355+0000] {processor.py:186} INFO - Started process (PID=289) to work on /opt/airflow/dags/spark_example.py
[2025-06-15T18:41:51.356+0000] {processor.py:914} INFO - Processing file /opt/airflow/dags/spark_example.py for tasks to queue
[2025-06-15T18:41:51.359+0000] {logging_mixin.py:190} INFO - [2025-06-15T18:41:51.359+0000] {dagbag.py:588} INFO - Filling up the DagBag from /opt/airflow/dags/spark_example.py
[2025-06-15T18:41:51.908+0000] {processor.py:925} INFO - DAG(s) 'spark_example' retrieved from /opt/airflow/dags/spark_example.py
[2025-06-15T18:41:51.934+0000] {logging_mixin.py:190} INFO - [2025-06-15T18:41:51.933+0000] {dag.py:3239} INFO - Sync 1 DAGs
[2025-06-15T18:41:51.949+0000] {logging_mixin.py:190} INFO - [2025-06-15T18:41:51.949+0000] {dag.py:4180} INFO - Setting next_dagrun for spark_example to None, run_after=None
[2025-06-15T18:41:51.968+0000] {processor.py:208} INFO - Processing /opt/airflow/dags/spark_example.py took 0.621 seconds
[2025-06-15T18:42:22.120+0000] {processor.py:186} INFO - Started process (PID=302) to work on /opt/airflow/dags/spark_example.py
[2025-06-15T18:42:22.121+0000] {processor.py:914} INFO - Processing file /opt/airflow/dags/spark_example.py for tasks to queue
[2025-06-15T18:42:22.125+0000] {logging_mixin.py:190} INFO - [2025-06-15T18:42:22.124+0000] {dagbag.py:588} INFO - Filling up the DagBag from /opt/airflow/dags/spark_example.py
[2025-06-15T18:42:22.691+0000] {processor.py:925} INFO - DAG(s) 'spark_example' retrieved from /opt/airflow/dags/spark_example.py
[2025-06-15T18:42:22.716+0000] {logging_mixin.py:190} INFO - [2025-06-15T18:42:22.716+0000] {dag.py:3239} INFO - Sync 1 DAGs
[2025-06-15T18:42:22.732+0000] {logging_mixin.py:190} INFO - [2025-06-15T18:42:22.732+0000] {dag.py:4180} INFO - Setting next_dagrun for spark_example to None, run_after=None
[2025-06-15T18:42:22.751+0000] {processor.py:208} INFO - Processing /opt/airflow/dags/spark_example.py took 0.639 seconds
[2025-06-15T18:42:52.865+0000] {processor.py:186} INFO - Started process (PID=315) to work on /opt/airflow/dags/spark_example.py
[2025-06-15T18:42:52.866+0000] {processor.py:914} INFO - Processing file /opt/airflow/dags/spark_example.py for tasks to queue
[2025-06-15T18:42:52.870+0000] {logging_mixin.py:190} INFO - [2025-06-15T18:42:52.869+0000] {dagbag.py:588} INFO - Filling up the DagBag from /opt/airflow/dags/spark_example.py
[2025-06-15T18:42:53.418+0000] {processor.py:925} INFO - DAG(s) 'spark_example' retrieved from /opt/airflow/dags/spark_example.py
[2025-06-15T18:42:53.443+0000] {logging_mixin.py:190} INFO - [2025-06-15T18:42:53.443+0000] {dag.py:3239} INFO - Sync 1 DAGs
[2025-06-15T18:42:53.459+0000] {logging_mixin.py:190} INFO - [2025-06-15T18:42:53.459+0000] {dag.py:4180} INFO - Setting next_dagrun for spark_example to None, run_after=None
[2025-06-15T18:42:53.479+0000] {processor.py:208} INFO - Processing /opt/airflow/dags/spark_example.py took 0.622 seconds
[2025-06-15T18:43:23.665+0000] {processor.py:186} INFO - Started process (PID=328) to work on /opt/airflow/dags/spark_example.py
[2025-06-15T18:43:23.667+0000] {processor.py:914} INFO - Processing file /opt/airflow/dags/spark_example.py for tasks to queue
[2025-06-15T18:43:23.672+0000] {logging_mixin.py:190} INFO - [2025-06-15T18:43:23.671+0000] {dagbag.py:588} INFO - Filling up the DagBag from /opt/airflow/dags/spark_example.py
[2025-06-15T18:43:24.352+0000] {processor.py:925} INFO - DAG(s) 'spark_example' retrieved from /opt/airflow/dags/spark_example.py
[2025-06-15T18:43:24.386+0000] {logging_mixin.py:190} INFO - [2025-06-15T18:43:24.385+0000] {dag.py:3239} INFO - Sync 1 DAGs
[2025-06-15T18:43:24.410+0000] {logging_mixin.py:190} INFO - [2025-06-15T18:43:24.409+0000] {dag.py:4180} INFO - Setting next_dagrun for spark_example to None, run_after=None
[2025-06-15T18:43:24.439+0000] {processor.py:208} INFO - Processing /opt/airflow/dags/spark_example.py took 0.784 seconds
[2025-06-15T18:43:54.986+0000] {processor.py:186} INFO - Started process (PID=341) to work on /opt/airflow/dags/spark_example.py
[2025-06-15T18:43:54.987+0000] {processor.py:914} INFO - Processing file /opt/airflow/dags/spark_example.py for tasks to queue
[2025-06-15T18:43:54.990+0000] {logging_mixin.py:190} INFO - [2025-06-15T18:43:54.990+0000] {dagbag.py:588} INFO - Filling up the DagBag from /opt/airflow/dags/spark_example.py
[2025-06-15T18:43:55.550+0000] {processor.py:925} INFO - DAG(s) 'spark_example' retrieved from /opt/airflow/dags/spark_example.py
[2025-06-15T18:43:55.575+0000] {logging_mixin.py:190} INFO - [2025-06-15T18:43:55.575+0000] {dag.py:3239} INFO - Sync 1 DAGs
[2025-06-15T18:43:55.592+0000] {logging_mixin.py:190} INFO - [2025-06-15T18:43:55.592+0000] {dag.py:4180} INFO - Setting next_dagrun for spark_example to None, run_after=None
[2025-06-15T18:43:55.611+0000] {processor.py:208} INFO - Processing /opt/airflow/dags/spark_example.py took 0.633 seconds
[2025-06-15T18:44:25.672+0000] {processor.py:186} INFO - Started process (PID=354) to work on /opt/airflow/dags/spark_example.py
[2025-06-15T18:44:25.673+0000] {processor.py:914} INFO - Processing file /opt/airflow/dags/spark_example.py for tasks to queue
[2025-06-15T18:44:25.677+0000] {logging_mixin.py:190} INFO - [2025-06-15T18:44:25.676+0000] {dagbag.py:588} INFO - Filling up the DagBag from /opt/airflow/dags/spark_example.py
[2025-06-15T18:44:26.228+0000] {processor.py:925} INFO - DAG(s) 'spark_example' retrieved from /opt/airflow/dags/spark_example.py
[2025-06-15T18:44:26.255+0000] {logging_mixin.py:190} INFO - [2025-06-15T18:44:26.255+0000] {dag.py:3239} INFO - Sync 1 DAGs
[2025-06-15T18:44:26.273+0000] {logging_mixin.py:190} INFO - [2025-06-15T18:44:26.273+0000] {dag.py:4180} INFO - Setting next_dagrun for spark_example to None, run_after=None
[2025-06-15T18:44:26.293+0000] {processor.py:208} INFO - Processing /opt/airflow/dags/spark_example.py took 0.629 seconds
[2025-06-15T18:44:56.977+0000] {processor.py:186} INFO - Started process (PID=367) to work on /opt/airflow/dags/spark_example.py
[2025-06-15T18:44:56.978+0000] {processor.py:914} INFO - Processing file /opt/airflow/dags/spark_example.py for tasks to queue
[2025-06-15T18:44:56.981+0000] {logging_mixin.py:190} INFO - [2025-06-15T18:44:56.981+0000] {dagbag.py:588} INFO - Filling up the DagBag from /opt/airflow/dags/spark_example.py
[2025-06-15T18:44:57.525+0000] {processor.py:925} INFO - DAG(s) 'spark_example' retrieved from /opt/airflow/dags/spark_example.py
[2025-06-15T18:44:57.551+0000] {logging_mixin.py:190} INFO - [2025-06-15T18:44:57.550+0000] {dag.py:3239} INFO - Sync 1 DAGs
[2025-06-15T18:44:57.567+0000] {logging_mixin.py:190} INFO - [2025-06-15T18:44:57.567+0000] {dag.py:4180} INFO - Setting next_dagrun for spark_example to None, run_after=None
[2025-06-15T18:44:57.587+0000] {processor.py:208} INFO - Processing /opt/airflow/dags/spark_example.py took 0.618 seconds
[2025-06-15T18:45:28.368+0000] {processor.py:186} INFO - Started process (PID=380) to work on /opt/airflow/dags/spark_example.py
[2025-06-15T18:45:28.370+0000] {processor.py:914} INFO - Processing file /opt/airflow/dags/spark_example.py for tasks to queue
[2025-06-15T18:45:28.373+0000] {logging_mixin.py:190} INFO - [2025-06-15T18:45:28.373+0000] {dagbag.py:588} INFO - Filling up the DagBag from /opt/airflow/dags/spark_example.py
[2025-06-15T18:45:28.929+0000] {processor.py:925} INFO - DAG(s) 'spark_example' retrieved from /opt/airflow/dags/spark_example.py
[2025-06-15T18:45:28.953+0000] {logging_mixin.py:190} INFO - [2025-06-15T18:45:28.952+0000] {dag.py:3239} INFO - Sync 1 DAGs
[2025-06-15T18:45:28.969+0000] {logging_mixin.py:190} INFO - [2025-06-15T18:45:28.969+0000] {dag.py:4180} INFO - Setting next_dagrun for spark_example to None, run_after=None
[2025-06-15T18:45:28.988+0000] {processor.py:208} INFO - Processing /opt/airflow/dags/spark_example.py took 0.629 seconds
[2025-06-15T18:45:59.221+0000] {processor.py:186} INFO - Started process (PID=393) to work on /opt/airflow/dags/spark_example.py
[2025-06-15T18:45:59.222+0000] {processor.py:914} INFO - Processing file /opt/airflow/dags/spark_example.py for tasks to queue
[2025-06-15T18:45:59.226+0000] {logging_mixin.py:190} INFO - [2025-06-15T18:45:59.226+0000] {dagbag.py:588} INFO - Filling up the DagBag from /opt/airflow/dags/spark_example.py
[2025-06-15T18:45:59.785+0000] {processor.py:925} INFO - DAG(s) 'spark_example' retrieved from /opt/airflow/dags/spark_example.py
[2025-06-15T18:45:59.811+0000] {logging_mixin.py:190} INFO - [2025-06-15T18:45:59.810+0000] {dag.py:3239} INFO - Sync 1 DAGs
[2025-06-15T18:45:59.827+0000] {logging_mixin.py:190} INFO - [2025-06-15T18:45:59.826+0000] {dag.py:4180} INFO - Setting next_dagrun for spark_example to None, run_after=None
[2025-06-15T18:45:59.847+0000] {processor.py:208} INFO - Processing /opt/airflow/dags/spark_example.py took 0.634 seconds
[2025-06-15T18:46:29.977+0000] {processor.py:186} INFO - Started process (PID=406) to work on /opt/airflow/dags/spark_example.py
[2025-06-15T18:46:29.978+0000] {processor.py:914} INFO - Processing file /opt/airflow/dags/spark_example.py for tasks to queue
[2025-06-15T18:46:29.981+0000] {logging_mixin.py:190} INFO - [2025-06-15T18:46:29.980+0000] {dagbag.py:588} INFO - Filling up the DagBag from /opt/airflow/dags/spark_example.py
[2025-06-15T18:46:30.538+0000] {processor.py:925} INFO - DAG(s) 'spark_example' retrieved from /opt/airflow/dags/spark_example.py
[2025-06-15T18:46:30.564+0000] {logging_mixin.py:190} INFO - [2025-06-15T18:46:30.563+0000] {dag.py:3239} INFO - Sync 1 DAGs
[2025-06-15T18:46:30.582+0000] {logging_mixin.py:190} INFO - [2025-06-15T18:46:30.582+0000] {dag.py:4180} INFO - Setting next_dagrun for spark_example to None, run_after=None
[2025-06-15T18:46:30.600+0000] {processor.py:208} INFO - Processing /opt/airflow/dags/spark_example.py took 0.632 seconds
[2025-06-15T18:47:00.728+0000] {processor.py:186} INFO - Started process (PID=419) to work on /opt/airflow/dags/spark_example.py
[2025-06-15T18:47:00.728+0000] {processor.py:914} INFO - Processing file /opt/airflow/dags/spark_example.py for tasks to queue
[2025-06-15T18:47:00.732+0000] {logging_mixin.py:190} INFO - [2025-06-15T18:47:00.731+0000] {dagbag.py:588} INFO - Filling up the DagBag from /opt/airflow/dags/spark_example.py
[2025-06-15T18:47:01.284+0000] {processor.py:925} INFO - DAG(s) 'spark_example' retrieved from /opt/airflow/dags/spark_example.py
[2025-06-15T18:47:01.311+0000] {logging_mixin.py:190} INFO - [2025-06-15T18:47:01.310+0000] {dag.py:3239} INFO - Sync 1 DAGs
[2025-06-15T18:47:01.328+0000] {logging_mixin.py:190} INFO - [2025-06-15T18:47:01.327+0000] {dag.py:4180} INFO - Setting next_dagrun for spark_example to None, run_after=None
[2025-06-15T18:47:01.347+0000] {processor.py:208} INFO - Processing /opt/airflow/dags/spark_example.py took 0.627 seconds
[2025-06-15T18:47:32.048+0000] {processor.py:186} INFO - Started process (PID=432) to work on /opt/airflow/dags/spark_example.py
[2025-06-15T18:47:32.050+0000] {processor.py:914} INFO - Processing file /opt/airflow/dags/spark_example.py for tasks to queue
[2025-06-15T18:47:32.054+0000] {logging_mixin.py:190} INFO - [2025-06-15T18:47:32.053+0000] {dagbag.py:588} INFO - Filling up the DagBag from /opt/airflow/dags/spark_example.py
[2025-06-15T18:47:32.625+0000] {processor.py:925} INFO - DAG(s) 'spark_example' retrieved from /opt/airflow/dags/spark_example.py
[2025-06-15T18:47:32.652+0000] {logging_mixin.py:190} INFO - [2025-06-15T18:47:32.652+0000] {dag.py:3239} INFO - Sync 1 DAGs
[2025-06-15T18:47:32.668+0000] {logging_mixin.py:190} INFO - [2025-06-15T18:47:32.668+0000] {dag.py:4180} INFO - Setting next_dagrun for spark_example to None, run_after=None
[2025-06-15T18:47:32.688+0000] {processor.py:208} INFO - Processing /opt/airflow/dags/spark_example.py took 0.649 seconds
[2025-06-15T18:48:03.526+0000] {processor.py:186} INFO - Started process (PID=445) to work on /opt/airflow/dags/spark_example.py
[2025-06-15T18:48:03.528+0000] {processor.py:914} INFO - Processing file /opt/airflow/dags/spark_example.py for tasks to queue
[2025-06-15T18:48:03.531+0000] {logging_mixin.py:190} INFO - [2025-06-15T18:48:03.531+0000] {dagbag.py:588} INFO - Filling up the DagBag from /opt/airflow/dags/spark_example.py
[2025-06-15T18:48:04.106+0000] {processor.py:925} INFO - DAG(s) 'spark_example' retrieved from /opt/airflow/dags/spark_example.py
[2025-06-15T18:48:04.132+0000] {logging_mixin.py:190} INFO - [2025-06-15T18:48:04.132+0000] {dag.py:3239} INFO - Sync 1 DAGs
[2025-06-15T18:48:04.149+0000] {logging_mixin.py:190} INFO - [2025-06-15T18:48:04.149+0000] {dag.py:4180} INFO - Setting next_dagrun for spark_example to None, run_after=None
[2025-06-15T18:48:04.170+0000] {processor.py:208} INFO - Processing /opt/airflow/dags/spark_example.py took 0.652 seconds
[2025-06-15T18:48:34.967+0000] {processor.py:186} INFO - Started process (PID=464) to work on /opt/airflow/dags/spark_example.py
[2025-06-15T18:48:34.968+0000] {processor.py:914} INFO - Processing file /opt/airflow/dags/spark_example.py for tasks to queue
[2025-06-15T18:48:34.971+0000] {logging_mixin.py:190} INFO - [2025-06-15T18:48:34.971+0000] {dagbag.py:588} INFO - Filling up the DagBag from /opt/airflow/dags/spark_example.py
[2025-06-15T18:48:35.538+0000] {processor.py:925} INFO - DAG(s) 'spark_example' retrieved from /opt/airflow/dags/spark_example.py
[2025-06-15T18:48:35.565+0000] {logging_mixin.py:190} INFO - [2025-06-15T18:48:35.564+0000] {dag.py:3239} INFO - Sync 1 DAGs
[2025-06-15T18:48:35.581+0000] {logging_mixin.py:190} INFO - [2025-06-15T18:48:35.581+0000] {dag.py:4180} INFO - Setting next_dagrun for spark_example to None, run_after=None
[2025-06-15T18:48:35.807+0000] {processor.py:208} INFO - Processing /opt/airflow/dags/spark_example.py took 0.847 seconds
[2025-06-15T18:49:06.043+0000] {processor.py:186} INFO - Started process (PID=478) to work on /opt/airflow/dags/spark_example.py
[2025-06-15T18:49:06.045+0000] {processor.py:914} INFO - Processing file /opt/airflow/dags/spark_example.py for tasks to queue
[2025-06-15T18:49:06.048+0000] {logging_mixin.py:190} INFO - [2025-06-15T18:49:06.048+0000] {dagbag.py:588} INFO - Filling up the DagBag from /opt/airflow/dags/spark_example.py
[2025-06-15T18:49:06.600+0000] {processor.py:925} INFO - DAG(s) 'spark_example' retrieved from /opt/airflow/dags/spark_example.py
[2025-06-15T18:49:06.627+0000] {logging_mixin.py:190} INFO - [2025-06-15T18:49:06.626+0000] {dag.py:3239} INFO - Sync 1 DAGs
[2025-06-15T18:49:06.645+0000] {logging_mixin.py:190} INFO - [2025-06-15T18:49:06.644+0000] {dag.py:4180} INFO - Setting next_dagrun for spark_example to None, run_after=None
[2025-06-15T18:49:06.665+0000] {processor.py:208} INFO - Processing /opt/airflow/dags/spark_example.py took 0.630 seconds
[2025-06-15T18:49:36.851+0000] {processor.py:186} INFO - Started process (PID=491) to work on /opt/airflow/dags/spark_example.py
[2025-06-15T18:49:36.851+0000] {processor.py:914} INFO - Processing file /opt/airflow/dags/spark_example.py for tasks to queue
[2025-06-15T18:49:36.854+0000] {logging_mixin.py:190} INFO - [2025-06-15T18:49:36.854+0000] {dagbag.py:588} INFO - Filling up the DagBag from /opt/airflow/dags/spark_example.py
[2025-06-15T18:49:37.399+0000] {processor.py:925} INFO - DAG(s) 'spark_example' retrieved from /opt/airflow/dags/spark_example.py
[2025-06-15T18:49:37.426+0000] {logging_mixin.py:190} INFO - [2025-06-15T18:49:37.425+0000] {dag.py:3239} INFO - Sync 1 DAGs
[2025-06-15T18:49:37.443+0000] {logging_mixin.py:190} INFO - [2025-06-15T18:49:37.442+0000] {dag.py:4180} INFO - Setting next_dagrun for spark_example to None, run_after=None
[2025-06-15T18:49:37.461+0000] {processor.py:208} INFO - Processing /opt/airflow/dags/spark_example.py took 0.618 seconds
[2025-06-15T18:50:08.227+0000] {processor.py:186} INFO - Started process (PID=504) to work on /opt/airflow/dags/spark_example.py
[2025-06-15T18:50:08.229+0000] {processor.py:914} INFO - Processing file /opt/airflow/dags/spark_example.py for tasks to queue
[2025-06-15T18:50:08.232+0000] {logging_mixin.py:190} INFO - [2025-06-15T18:50:08.232+0000] {dagbag.py:588} INFO - Filling up the DagBag from /opt/airflow/dags/spark_example.py
[2025-06-15T18:50:08.781+0000] {processor.py:925} INFO - DAG(s) 'spark_example' retrieved from /opt/airflow/dags/spark_example.py
[2025-06-15T18:50:08.807+0000] {logging_mixin.py:190} INFO - [2025-06-15T18:50:08.807+0000] {dag.py:3239} INFO - Sync 1 DAGs
[2025-06-15T18:50:08.823+0000] {logging_mixin.py:190} INFO - [2025-06-15T18:50:08.823+0000] {dag.py:4180} INFO - Setting next_dagrun for spark_example to None, run_after=None
[2025-06-15T18:50:08.842+0000] {processor.py:208} INFO - Processing /opt/airflow/dags/spark_example.py took 0.622 seconds
[2025-06-15T18:50:39.114+0000] {processor.py:186} INFO - Started process (PID=516) to work on /opt/airflow/dags/spark_example.py
[2025-06-15T18:50:39.115+0000] {processor.py:914} INFO - Processing file /opt/airflow/dags/spark_example.py for tasks to queue
[2025-06-15T18:50:39.118+0000] {logging_mixin.py:190} INFO - [2025-06-15T18:50:39.118+0000] {dagbag.py:588} INFO - Filling up the DagBag from /opt/airflow/dags/spark_example.py
[2025-06-15T18:50:39.670+0000] {processor.py:925} INFO - DAG(s) 'spark_example' retrieved from /opt/airflow/dags/spark_example.py
[2025-06-15T18:50:39.696+0000] {logging_mixin.py:190} INFO - [2025-06-15T18:50:39.696+0000] {dag.py:3239} INFO - Sync 1 DAGs
[2025-06-15T18:50:39.712+0000] {logging_mixin.py:190} INFO - [2025-06-15T18:50:39.712+0000] {dag.py:4180} INFO - Setting next_dagrun for spark_example to None, run_after=None
[2025-06-15T18:50:39.731+0000] {processor.py:208} INFO - Processing /opt/airflow/dags/spark_example.py took 0.625 seconds
[2025-06-15T18:51:09.869+0000] {processor.py:186} INFO - Started process (PID=529) to work on /opt/airflow/dags/spark_example.py
[2025-06-15T18:51:09.871+0000] {processor.py:914} INFO - Processing file /opt/airflow/dags/spark_example.py for tasks to queue
[2025-06-15T18:51:09.874+0000] {logging_mixin.py:190} INFO - [2025-06-15T18:51:09.873+0000] {dagbag.py:588} INFO - Filling up the DagBag from /opt/airflow/dags/spark_example.py
[2025-06-15T18:51:10.416+0000] {processor.py:925} INFO - DAG(s) 'spark_example' retrieved from /opt/airflow/dags/spark_example.py
[2025-06-15T18:51:10.442+0000] {logging_mixin.py:190} INFO - [2025-06-15T18:51:10.442+0000] {dag.py:3239} INFO - Sync 1 DAGs
[2025-06-15T18:51:10.459+0000] {logging_mixin.py:190} INFO - [2025-06-15T18:51:10.458+0000] {dag.py:4180} INFO - Setting next_dagrun for spark_example to None, run_after=None
[2025-06-15T18:51:10.478+0000] {processor.py:208} INFO - Processing /opt/airflow/dags/spark_example.py took 0.617 seconds
[2025-06-15T18:51:40.680+0000] {processor.py:186} INFO - Started process (PID=542) to work on /opt/airflow/dags/spark_example.py
[2025-06-15T18:51:40.682+0000] {processor.py:914} INFO - Processing file /opt/airflow/dags/spark_example.py for tasks to queue
[2025-06-15T18:51:40.685+0000] {logging_mixin.py:190} INFO - [2025-06-15T18:51:40.685+0000] {dagbag.py:588} INFO - Filling up the DagBag from /opt/airflow/dags/spark_example.py
[2025-06-15T18:51:41.230+0000] {processor.py:925} INFO - DAG(s) 'spark_example' retrieved from /opt/airflow/dags/spark_example.py
[2025-06-15T18:51:41.256+0000] {logging_mixin.py:190} INFO - [2025-06-15T18:51:41.255+0000] {dag.py:3239} INFO - Sync 1 DAGs
[2025-06-15T18:51:41.273+0000] {logging_mixin.py:190} INFO - [2025-06-15T18:51:41.272+0000] {dag.py:4180} INFO - Setting next_dagrun for spark_example to None, run_after=None
[2025-06-15T18:51:41.487+0000] {processor.py:208} INFO - Processing /opt/airflow/dags/spark_example.py took 0.817 seconds
[2025-06-15T18:52:11.701+0000] {processor.py:186} INFO - Started process (PID=555) to work on /opt/airflow/dags/spark_example.py
[2025-06-15T18:52:11.703+0000] {processor.py:914} INFO - Processing file /opt/airflow/dags/spark_example.py for tasks to queue
[2025-06-15T18:52:11.706+0000] {logging_mixin.py:190} INFO - [2025-06-15T18:52:11.705+0000] {dagbag.py:588} INFO - Filling up the DagBag from /opt/airflow/dags/spark_example.py
[2025-06-15T18:52:12.242+0000] {processor.py:925} INFO - DAG(s) 'spark_example' retrieved from /opt/airflow/dags/spark_example.py
[2025-06-15T18:52:12.268+0000] {logging_mixin.py:190} INFO - [2025-06-15T18:52:12.267+0000] {dag.py:3239} INFO - Sync 1 DAGs
[2025-06-15T18:52:12.284+0000] {logging_mixin.py:190} INFO - [2025-06-15T18:52:12.284+0000] {dag.py:4180} INFO - Setting next_dagrun for spark_example to None, run_after=None
[2025-06-15T18:52:12.303+0000] {processor.py:208} INFO - Processing /opt/airflow/dags/spark_example.py took 0.610 seconds
[2025-06-15T18:52:42.434+0000] {processor.py:186} INFO - Started process (PID=568) to work on /opt/airflow/dags/spark_example.py
[2025-06-15T18:52:42.435+0000] {processor.py:914} INFO - Processing file /opt/airflow/dags/spark_example.py for tasks to queue
[2025-06-15T18:52:42.439+0000] {logging_mixin.py:190} INFO - [2025-06-15T18:52:42.438+0000] {dagbag.py:588} INFO - Filling up the DagBag from /opt/airflow/dags/spark_example.py
[2025-06-15T18:52:43.002+0000] {processor.py:925} INFO - DAG(s) 'spark_example' retrieved from /opt/airflow/dags/spark_example.py
[2025-06-15T18:52:43.030+0000] {logging_mixin.py:190} INFO - [2025-06-15T18:52:43.029+0000] {dag.py:3239} INFO - Sync 1 DAGs
[2025-06-15T18:52:43.045+0000] {logging_mixin.py:190} INFO - [2025-06-15T18:52:43.045+0000] {dag.py:4180} INFO - Setting next_dagrun for spark_example to None, run_after=None
[2025-06-15T18:52:43.065+0000] {processor.py:208} INFO - Processing /opt/airflow/dags/spark_example.py took 0.639 seconds
[2025-06-15T18:53:13.206+0000] {processor.py:186} INFO - Started process (PID=581) to work on /opt/airflow/dags/spark_example.py
[2025-06-15T18:53:13.208+0000] {processor.py:914} INFO - Processing file /opt/airflow/dags/spark_example.py for tasks to queue
[2025-06-15T18:53:13.211+0000] {logging_mixin.py:190} INFO - [2025-06-15T18:53:13.210+0000] {dagbag.py:588} INFO - Filling up the DagBag from /opt/airflow/dags/spark_example.py
[2025-06-15T18:53:13.768+0000] {processor.py:925} INFO - DAG(s) 'spark_example' retrieved from /opt/airflow/dags/spark_example.py
[2025-06-15T18:53:13.794+0000] {logging_mixin.py:190} INFO - [2025-06-15T18:53:13.794+0000] {dag.py:3239} INFO - Sync 1 DAGs
[2025-06-15T18:53:13.810+0000] {logging_mixin.py:190} INFO - [2025-06-15T18:53:13.810+0000] {dag.py:4180} INFO - Setting next_dagrun for spark_example to None, run_after=None
[2025-06-15T18:53:13.830+0000] {processor.py:208} INFO - Processing /opt/airflow/dags/spark_example.py took 0.632 seconds
[2025-06-15T18:53:43.994+0000] {processor.py:186} INFO - Started process (PID=594) to work on /opt/airflow/dags/spark_example.py
[2025-06-15T18:53:43.995+0000] {processor.py:914} INFO - Processing file /opt/airflow/dags/spark_example.py for tasks to queue
[2025-06-15T18:53:43.999+0000] {logging_mixin.py:190} INFO - [2025-06-15T18:53:43.999+0000] {dagbag.py:588} INFO - Filling up the DagBag from /opt/airflow/dags/spark_example.py
[2025-06-15T18:53:44.565+0000] {processor.py:925} INFO - DAG(s) 'spark_example' retrieved from /opt/airflow/dags/spark_example.py
[2025-06-15T18:53:44.592+0000] {logging_mixin.py:190} INFO - [2025-06-15T18:53:44.591+0000] {dag.py:3239} INFO - Sync 1 DAGs
[2025-06-15T18:53:44.609+0000] {logging_mixin.py:190} INFO - [2025-06-15T18:53:44.609+0000] {dag.py:4180} INFO - Setting next_dagrun for spark_example to None, run_after=None
[2025-06-15T18:53:44.631+0000] {processor.py:208} INFO - Processing /opt/airflow/dags/spark_example.py took 0.645 seconds
[2025-06-15T18:54:14.769+0000] {processor.py:186} INFO - Started process (PID=607) to work on /opt/airflow/dags/spark_example.py
[2025-06-15T18:54:14.770+0000] {processor.py:914} INFO - Processing file /opt/airflow/dags/spark_example.py for tasks to queue
[2025-06-15T18:54:14.774+0000] {logging_mixin.py:190} INFO - [2025-06-15T18:54:14.773+0000] {dagbag.py:588} INFO - Filling up the DagBag from /opt/airflow/dags/spark_example.py
[2025-06-15T18:54:15.316+0000] {processor.py:925} INFO - DAG(s) 'spark_example' retrieved from /opt/airflow/dags/spark_example.py
[2025-06-15T18:54:15.341+0000] {logging_mixin.py:190} INFO - [2025-06-15T18:54:15.340+0000] {dag.py:3239} INFO - Sync 1 DAGs
[2025-06-15T18:54:15.359+0000] {logging_mixin.py:190} INFO - [2025-06-15T18:54:15.358+0000] {dag.py:4180} INFO - Setting next_dagrun for spark_example to None, run_after=None
[2025-06-15T18:54:15.576+0000] {processor.py:208} INFO - Processing /opt/airflow/dags/spark_example.py took 0.817 seconds
[2025-06-15T18:54:46.080+0000] {processor.py:186} INFO - Started process (PID=620) to work on /opt/airflow/dags/spark_example.py
[2025-06-15T18:54:46.081+0000] {processor.py:914} INFO - Processing file /opt/airflow/dags/spark_example.py for tasks to queue
[2025-06-15T18:54:46.084+0000] {logging_mixin.py:190} INFO - [2025-06-15T18:54:46.084+0000] {dagbag.py:588} INFO - Filling up the DagBag from /opt/airflow/dags/spark_example.py
[2025-06-15T18:54:46.631+0000] {processor.py:925} INFO - DAG(s) 'spark_example' retrieved from /opt/airflow/dags/spark_example.py
[2025-06-15T18:54:46.657+0000] {logging_mixin.py:190} INFO - [2025-06-15T18:54:46.657+0000] {dag.py:3239} INFO - Sync 1 DAGs
[2025-06-15T18:54:46.673+0000] {logging_mixin.py:190} INFO - [2025-06-15T18:54:46.673+0000] {dag.py:4180} INFO - Setting next_dagrun for spark_example to None, run_after=None
[2025-06-15T18:54:46.692+0000] {processor.py:208} INFO - Processing /opt/airflow/dags/spark_example.py took 0.620 seconds
[2025-06-15T18:55:16.925+0000] {processor.py:186} INFO - Started process (PID=633) to work on /opt/airflow/dags/spark_example.py
[2025-06-15T18:55:16.926+0000] {processor.py:914} INFO - Processing file /opt/airflow/dags/spark_example.py for tasks to queue
[2025-06-15T18:55:16.929+0000] {logging_mixin.py:190} INFO - [2025-06-15T18:55:16.929+0000] {dagbag.py:588} INFO - Filling up the DagBag from /opt/airflow/dags/spark_example.py
[2025-06-15T18:55:17.489+0000] {processor.py:925} INFO - DAG(s) 'spark_example' retrieved from /opt/airflow/dags/spark_example.py
[2025-06-15T18:55:17.515+0000] {logging_mixin.py:190} INFO - [2025-06-15T18:55:17.515+0000] {dag.py:3239} INFO - Sync 1 DAGs
[2025-06-15T18:55:17.531+0000] {logging_mixin.py:190} INFO - [2025-06-15T18:55:17.531+0000] {dag.py:4180} INFO - Setting next_dagrun for spark_example to None, run_after=None
[2025-06-15T18:55:17.551+0000] {processor.py:208} INFO - Processing /opt/airflow/dags/spark_example.py took 0.634 seconds
[2025-06-15T18:55:48.248+0000] {processor.py:186} INFO - Started process (PID=646) to work on /opt/airflow/dags/spark_example.py
[2025-06-15T18:55:48.249+0000] {processor.py:914} INFO - Processing file /opt/airflow/dags/spark_example.py for tasks to queue
[2025-06-15T18:55:48.252+0000] {logging_mixin.py:190} INFO - [2025-06-15T18:55:48.252+0000] {dagbag.py:588} INFO - Filling up the DagBag from /opt/airflow/dags/spark_example.py
[2025-06-15T18:55:48.809+0000] {processor.py:925} INFO - DAG(s) 'spark_example' retrieved from /opt/airflow/dags/spark_example.py
[2025-06-15T18:55:48.834+0000] {logging_mixin.py:190} INFO - [2025-06-15T18:55:48.834+0000] {dag.py:3239} INFO - Sync 1 DAGs
[2025-06-15T18:55:48.851+0000] {logging_mixin.py:190} INFO - [2025-06-15T18:55:48.851+0000] {dag.py:4180} INFO - Setting next_dagrun for spark_example to None, run_after=None
[2025-06-15T18:55:48.871+0000] {processor.py:208} INFO - Processing /opt/airflow/dags/spark_example.py took 0.631 seconds
[2025-06-15T18:56:19.102+0000] {processor.py:186} INFO - Started process (PID=659) to work on /opt/airflow/dags/spark_example.py
[2025-06-15T18:56:19.104+0000] {processor.py:914} INFO - Processing file /opt/airflow/dags/spark_example.py for tasks to queue
[2025-06-15T18:56:19.107+0000] {logging_mixin.py:190} INFO - [2025-06-15T18:56:19.106+0000] {dagbag.py:588} INFO - Filling up the DagBag from /opt/airflow/dags/spark_example.py
[2025-06-15T18:56:19.659+0000] {processor.py:925} INFO - DAG(s) 'spark_example' retrieved from /opt/airflow/dags/spark_example.py
[2025-06-15T18:56:19.692+0000] {logging_mixin.py:190} INFO - [2025-06-15T18:56:19.691+0000] {dag.py:3239} INFO - Sync 1 DAGs
[2025-06-15T18:56:19.712+0000] {logging_mixin.py:190} INFO - [2025-06-15T18:56:19.711+0000] {dag.py:4180} INFO - Setting next_dagrun for spark_example to None, run_after=None
[2025-06-15T18:56:19.733+0000] {processor.py:208} INFO - Processing /opt/airflow/dags/spark_example.py took 0.638 seconds
[2025-06-15T18:56:49.872+0000] {processor.py:186} INFO - Started process (PID=672) to work on /opt/airflow/dags/spark_example.py
[2025-06-15T18:56:49.873+0000] {processor.py:914} INFO - Processing file /opt/airflow/dags/spark_example.py for tasks to queue
[2025-06-15T18:56:49.877+0000] {logging_mixin.py:190} INFO - [2025-06-15T18:56:49.876+0000] {dagbag.py:588} INFO - Filling up the DagBag from /opt/airflow/dags/spark_example.py
[2025-06-15T18:56:50.427+0000] {processor.py:925} INFO - DAG(s) 'spark_example' retrieved from /opt/airflow/dags/spark_example.py
[2025-06-15T18:56:50.452+0000] {logging_mixin.py:190} INFO - [2025-06-15T18:56:50.452+0000] {dag.py:3239} INFO - Sync 1 DAGs
[2025-06-15T18:56:50.672+0000] {logging_mixin.py:190} INFO - [2025-06-15T18:56:50.672+0000] {dag.py:4180} INFO - Setting next_dagrun for spark_example to None, run_after=None
[2025-06-15T18:56:50.690+0000] {processor.py:208} INFO - Processing /opt/airflow/dags/spark_example.py took 0.827 seconds
[2025-06-15T18:57:21.196+0000] {processor.py:186} INFO - Started process (PID=685) to work on /opt/airflow/dags/spark_example.py
[2025-06-15T18:57:21.198+0000] {processor.py:914} INFO - Processing file /opt/airflow/dags/spark_example.py for tasks to queue
[2025-06-15T18:57:21.201+0000] {logging_mixin.py:190} INFO - [2025-06-15T18:57:21.201+0000] {dagbag.py:588} INFO - Filling up the DagBag from /opt/airflow/dags/spark_example.py
[2025-06-15T18:57:21.759+0000] {processor.py:925} INFO - DAG(s) 'spark_example' retrieved from /opt/airflow/dags/spark_example.py
[2025-06-15T18:57:21.786+0000] {logging_mixin.py:190} INFO - [2025-06-15T18:57:21.785+0000] {dag.py:3239} INFO - Sync 1 DAGs
[2025-06-15T18:57:21.801+0000] {logging_mixin.py:190} INFO - [2025-06-15T18:57:21.801+0000] {dag.py:4180} INFO - Setting next_dagrun for spark_example to None, run_after=None
[2025-06-15T18:57:21.820+0000] {processor.py:208} INFO - Processing /opt/airflow/dags/spark_example.py took 0.632 seconds
[2025-06-15T18:57:52.384+0000] {processor.py:186} INFO - Started process (PID=698) to work on /opt/airflow/dags/spark_example.py
[2025-06-15T18:57:52.385+0000] {processor.py:914} INFO - Processing file /opt/airflow/dags/spark_example.py for tasks to queue
[2025-06-15T18:57:52.388+0000] {logging_mixin.py:190} INFO - [2025-06-15T18:57:52.388+0000] {dagbag.py:588} INFO - Filling up the DagBag from /opt/airflow/dags/spark_example.py
[2025-06-15T18:57:52.942+0000] {processor.py:925} INFO - DAG(s) 'spark_example' retrieved from /opt/airflow/dags/spark_example.py
[2025-06-15T18:57:52.968+0000] {logging_mixin.py:190} INFO - [2025-06-15T18:57:52.967+0000] {dag.py:3239} INFO - Sync 1 DAGs
[2025-06-15T18:57:52.983+0000] {logging_mixin.py:190} INFO - [2025-06-15T18:57:52.983+0000] {dag.py:4180} INFO - Setting next_dagrun for spark_example to None, run_after=None
[2025-06-15T18:57:53.002+0000] {processor.py:208} INFO - Processing /opt/airflow/dags/spark_example.py took 0.627 seconds
[2025-06-15T18:58:23.615+0000] {processor.py:186} INFO - Started process (PID=711) to work on /opt/airflow/dags/spark_example.py
[2025-06-15T18:58:23.617+0000] {processor.py:914} INFO - Processing file /opt/airflow/dags/spark_example.py for tasks to queue
[2025-06-15T18:58:23.620+0000] {logging_mixin.py:190} INFO - [2025-06-15T18:58:23.619+0000] {dagbag.py:588} INFO - Filling up the DagBag from /opt/airflow/dags/spark_example.py
[2025-06-15T18:58:24.185+0000] {processor.py:925} INFO - DAG(s) 'spark_example' retrieved from /opt/airflow/dags/spark_example.py
[2025-06-15T18:58:24.210+0000] {logging_mixin.py:190} INFO - [2025-06-15T18:58:24.209+0000] {dag.py:3239} INFO - Sync 1 DAGs
[2025-06-15T18:58:24.227+0000] {logging_mixin.py:190} INFO - [2025-06-15T18:58:24.227+0000] {dag.py:4180} INFO - Setting next_dagrun for spark_example to None, run_after=None
[2025-06-15T18:58:24.248+0000] {processor.py:208} INFO - Processing /opt/airflow/dags/spark_example.py took 0.640 seconds
[2025-06-15T18:58:54.479+0000] {processor.py:186} INFO - Started process (PID=724) to work on /opt/airflow/dags/spark_example.py
[2025-06-15T18:58:54.481+0000] {processor.py:914} INFO - Processing file /opt/airflow/dags/spark_example.py for tasks to queue
[2025-06-15T18:58:54.484+0000] {logging_mixin.py:190} INFO - [2025-06-15T18:58:54.484+0000] {dagbag.py:588} INFO - Filling up the DagBag from /opt/airflow/dags/spark_example.py
[2025-06-15T18:58:55.044+0000] {processor.py:925} INFO - DAG(s) 'spark_example' retrieved from /opt/airflow/dags/spark_example.py
[2025-06-15T18:58:55.070+0000] {logging_mixin.py:190} INFO - [2025-06-15T18:58:55.069+0000] {dag.py:3239} INFO - Sync 1 DAGs
[2025-06-15T18:58:55.086+0000] {logging_mixin.py:190} INFO - [2025-06-15T18:58:55.086+0000] {dag.py:4180} INFO - Setting next_dagrun for spark_example to None, run_after=None
[2025-06-15T18:58:55.309+0000] {processor.py:208} INFO - Processing /opt/airflow/dags/spark_example.py took 0.838 seconds
[2025-06-15T18:59:25.806+0000] {processor.py:186} INFO - Started process (PID=737) to work on /opt/airflow/dags/spark_example.py
[2025-06-15T18:59:25.808+0000] {processor.py:914} INFO - Processing file /opt/airflow/dags/spark_example.py for tasks to queue
[2025-06-15T18:59:25.811+0000] {logging_mixin.py:190} INFO - [2025-06-15T18:59:25.810+0000] {dagbag.py:588} INFO - Filling up the DagBag from /opt/airflow/dags/spark_example.py
[2025-06-15T18:59:26.360+0000] {processor.py:925} INFO - DAG(s) 'spark_example' retrieved from /opt/airflow/dags/spark_example.py
[2025-06-15T18:59:26.385+0000] {logging_mixin.py:190} INFO - [2025-06-15T18:59:26.385+0000] {dag.py:3239} INFO - Sync 1 DAGs
[2025-06-15T18:59:26.603+0000] {logging_mixin.py:190} INFO - [2025-06-15T18:59:26.603+0000] {dag.py:4180} INFO - Setting next_dagrun for spark_example to None, run_after=None
[2025-06-15T18:59:26.621+0000] {processor.py:208} INFO - Processing /opt/airflow/dags/spark_example.py took 0.822 seconds
[2025-06-15T18:59:57.006+0000] {processor.py:186} INFO - Started process (PID=750) to work on /opt/airflow/dags/spark_example.py
[2025-06-15T18:59:57.007+0000] {processor.py:914} INFO - Processing file /opt/airflow/dags/spark_example.py for tasks to queue
[2025-06-15T18:59:57.010+0000] {logging_mixin.py:190} INFO - [2025-06-15T18:59:57.010+0000] {dagbag.py:588} INFO - Filling up the DagBag from /opt/airflow/dags/spark_example.py
[2025-06-15T18:59:57.556+0000] {processor.py:925} INFO - DAG(s) 'spark_example' retrieved from /opt/airflow/dags/spark_example.py
[2025-06-15T18:59:57.583+0000] {logging_mixin.py:190} INFO - [2025-06-15T18:59:57.583+0000] {dag.py:3239} INFO - Sync 1 DAGs
[2025-06-15T18:59:57.599+0000] {logging_mixin.py:190} INFO - [2025-06-15T18:59:57.599+0000] {dag.py:4180} INFO - Setting next_dagrun for spark_example to None, run_after=None
[2025-06-15T18:59:57.619+0000] {processor.py:208} INFO - Processing /opt/airflow/dags/spark_example.py took 0.621 seconds
[2025-06-15T19:00:28.203+0000] {processor.py:186} INFO - Started process (PID=763) to work on /opt/airflow/dags/spark_example.py
[2025-06-15T19:00:28.205+0000] {processor.py:914} INFO - Processing file /opt/airflow/dags/spark_example.py for tasks to queue
[2025-06-15T19:00:28.208+0000] {logging_mixin.py:190} INFO - [2025-06-15T19:00:28.207+0000] {dagbag.py:588} INFO - Filling up the DagBag from /opt/airflow/dags/spark_example.py
[2025-06-15T19:00:28.766+0000] {processor.py:925} INFO - DAG(s) 'spark_example' retrieved from /opt/airflow/dags/spark_example.py
[2025-06-15T19:00:28.793+0000] {logging_mixin.py:190} INFO - [2025-06-15T19:00:28.792+0000] {dag.py:3239} INFO - Sync 1 DAGs
[2025-06-15T19:00:28.808+0000] {logging_mixin.py:190} INFO - [2025-06-15T19:00:28.808+0000] {dag.py:4180} INFO - Setting next_dagrun for spark_example to None, run_after=None
[2025-06-15T19:00:28.828+0000] {processor.py:208} INFO - Processing /opt/airflow/dags/spark_example.py took 0.632 seconds
[2025-06-15T19:00:59.051+0000] {processor.py:186} INFO - Started process (PID=776) to work on /opt/airflow/dags/spark_example.py
[2025-06-15T19:00:59.052+0000] {processor.py:914} INFO - Processing file /opt/airflow/dags/spark_example.py for tasks to queue
[2025-06-15T19:00:59.056+0000] {logging_mixin.py:190} INFO - [2025-06-15T19:00:59.055+0000] {dagbag.py:588} INFO - Filling up the DagBag from /opt/airflow/dags/spark_example.py
[2025-06-15T19:00:59.606+0000] {processor.py:925} INFO - DAG(s) 'spark_example' retrieved from /opt/airflow/dags/spark_example.py
[2025-06-15T19:00:59.632+0000] {logging_mixin.py:190} INFO - [2025-06-15T19:00:59.631+0000] {dag.py:3239} INFO - Sync 1 DAGs
[2025-06-15T19:00:59.647+0000] {logging_mixin.py:190} INFO - [2025-06-15T19:00:59.647+0000] {dag.py:4180} INFO - Setting next_dagrun for spark_example to None, run_after=None
[2025-06-15T19:00:59.666+0000] {processor.py:208} INFO - Processing /opt/airflow/dags/spark_example.py took 0.623 seconds
[2025-06-15T19:01:29.805+0000] {processor.py:186} INFO - Started process (PID=789) to work on /opt/airflow/dags/spark_example.py
[2025-06-15T19:01:29.807+0000] {processor.py:914} INFO - Processing file /opt/airflow/dags/spark_example.py for tasks to queue
[2025-06-15T19:01:29.810+0000] {logging_mixin.py:190} INFO - [2025-06-15T19:01:29.810+0000] {dagbag.py:588} INFO - Filling up the DagBag from /opt/airflow/dags/spark_example.py
[2025-06-15T19:01:30.378+0000] {processor.py:925} INFO - DAG(s) 'spark_example' retrieved from /opt/airflow/dags/spark_example.py
[2025-06-15T19:01:30.404+0000] {logging_mixin.py:190} INFO - [2025-06-15T19:01:30.404+0000] {dag.py:3239} INFO - Sync 1 DAGs
[2025-06-15T19:01:30.422+0000] {logging_mixin.py:190} INFO - [2025-06-15T19:01:30.422+0000] {dag.py:4180} INFO - Setting next_dagrun for spark_example to None, run_after=None
[2025-06-15T19:01:30.646+0000] {processor.py:208} INFO - Processing /opt/airflow/dags/spark_example.py took 0.848 seconds
[2025-06-15T19:02:01.441+0000] {processor.py:186} INFO - Started process (PID=802) to work on /opt/airflow/dags/spark_example.py
[2025-06-15T19:02:01.442+0000] {processor.py:914} INFO - Processing file /opt/airflow/dags/spark_example.py for tasks to queue
[2025-06-15T19:02:01.445+0000] {logging_mixin.py:190} INFO - [2025-06-15T19:02:01.445+0000] {dagbag.py:588} INFO - Filling up the DagBag from /opt/airflow/dags/spark_example.py
[2025-06-15T19:02:02.014+0000] {processor.py:925} INFO - DAG(s) 'spark_example' retrieved from /opt/airflow/dags/spark_example.py
[2025-06-15T19:02:02.040+0000] {logging_mixin.py:190} INFO - [2025-06-15T19:02:02.039+0000] {dag.py:3239} INFO - Sync 1 DAGs
[2025-06-15T19:02:02.257+0000] {logging_mixin.py:190} INFO - [2025-06-15T19:02:02.257+0000] {dag.py:4180} INFO - Setting next_dagrun for spark_example to None, run_after=None
[2025-06-15T19:02:02.275+0000] {processor.py:208} INFO - Processing /opt/airflow/dags/spark_example.py took 0.842 seconds
[2025-06-15T19:02:33.100+0000] {processor.py:186} INFO - Started process (PID=815) to work on /opt/airflow/dags/spark_example.py
[2025-06-15T19:02:33.102+0000] {processor.py:914} INFO - Processing file /opt/airflow/dags/spark_example.py for tasks to queue
[2025-06-15T19:02:33.105+0000] {logging_mixin.py:190} INFO - [2025-06-15T19:02:33.104+0000] {dagbag.py:588} INFO - Filling up the DagBag from /opt/airflow/dags/spark_example.py
[2025-06-15T19:02:33.719+0000] {processor.py:925} INFO - DAG(s) 'spark_example' retrieved from /opt/airflow/dags/spark_example.py
[2025-06-15T19:02:33.746+0000] {logging_mixin.py:190} INFO - [2025-06-15T19:02:33.746+0000] {dag.py:3239} INFO - Sync 1 DAGs
[2025-06-15T19:02:33.763+0000] {logging_mixin.py:190} INFO - [2025-06-15T19:02:33.762+0000] {dag.py:4180} INFO - Setting next_dagrun for spark_example to None, run_after=None
[2025-06-15T19:02:33.784+0000] {processor.py:208} INFO - Processing /opt/airflow/dags/spark_example.py took 0.692 seconds
[2025-06-15T19:03:04.034+0000] {processor.py:186} INFO - Started process (PID=828) to work on /opt/airflow/dags/spark_example.py
[2025-06-15T19:03:04.035+0000] {processor.py:914} INFO - Processing file /opt/airflow/dags/spark_example.py for tasks to queue
[2025-06-15T19:03:04.038+0000] {logging_mixin.py:190} INFO - [2025-06-15T19:03:04.038+0000] {dagbag.py:588} INFO - Filling up the DagBag from /opt/airflow/dags/spark_example.py
[2025-06-15T19:03:04.816+0000] {processor.py:925} INFO - DAG(s) 'spark_example' retrieved from /opt/airflow/dags/spark_example.py
[2025-06-15T19:03:04.852+0000] {logging_mixin.py:190} INFO - [2025-06-15T19:03:04.851+0000] {dag.py:3239} INFO - Sync 1 DAGs
[2025-06-15T19:03:04.875+0000] {logging_mixin.py:190} INFO - [2025-06-15T19:03:04.874+0000] {dag.py:4180} INFO - Setting next_dagrun for spark_example to None, run_after=None
[2025-06-15T19:03:04.906+0000] {processor.py:208} INFO - Processing /opt/airflow/dags/spark_example.py took 0.880 seconds
[2025-06-15T19:03:35.179+0000] {processor.py:186} INFO - Started process (PID=841) to work on /opt/airflow/dags/spark_example.py
[2025-06-15T19:03:35.180+0000] {processor.py:914} INFO - Processing file /opt/airflow/dags/spark_example.py for tasks to queue
[2025-06-15T19:03:35.183+0000] {logging_mixin.py:190} INFO - [2025-06-15T19:03:35.182+0000] {dagbag.py:588} INFO - Filling up the DagBag from /opt/airflow/dags/spark_example.py
[2025-06-15T19:03:35.744+0000] {processor.py:925} INFO - DAG(s) 'spark_example' retrieved from /opt/airflow/dags/spark_example.py
[2025-06-15T19:03:35.771+0000] {logging_mixin.py:190} INFO - [2025-06-15T19:03:35.770+0000] {dag.py:3239} INFO - Sync 1 DAGs
[2025-06-15T19:03:35.787+0000] {logging_mixin.py:190} INFO - [2025-06-15T19:03:35.787+0000] {dag.py:4180} INFO - Setting next_dagrun for spark_example to None, run_after=None
[2025-06-15T19:03:35.810+0000] {processor.py:208} INFO - Processing /opt/airflow/dags/spark_example.py took 0.639 seconds
[2025-06-15T19:04:05.980+0000] {processor.py:186} INFO - Started process (PID=855) to work on /opt/airflow/dags/spark_example.py
[2025-06-15T19:04:05.982+0000] {processor.py:914} INFO - Processing file /opt/airflow/dags/spark_example.py for tasks to queue
[2025-06-15T19:04:05.985+0000] {logging_mixin.py:190} INFO - [2025-06-15T19:04:05.985+0000] {dagbag.py:588} INFO - Filling up the DagBag from /opt/airflow/dags/spark_example.py
[2025-06-15T19:04:06.564+0000] {processor.py:925} INFO - DAG(s) 'spark_example' retrieved from /opt/airflow/dags/spark_example.py
[2025-06-15T19:04:06.592+0000] {logging_mixin.py:190} INFO - [2025-06-15T19:04:06.592+0000] {dag.py:3239} INFO - Sync 1 DAGs
[2025-06-15T19:04:06.610+0000] {logging_mixin.py:190} INFO - [2025-06-15T19:04:06.610+0000] {dag.py:4180} INFO - Setting next_dagrun for spark_example to None, run_after=None
[2025-06-15T19:04:06.829+0000] {processor.py:208} INFO - Processing /opt/airflow/dags/spark_example.py took 0.857 seconds
[2025-06-15T19:04:37.060+0000] {processor.py:186} INFO - Started process (PID=875) to work on /opt/airflow/dags/spark_example.py
[2025-06-15T19:04:37.109+0000] {processor.py:914} INFO - Processing file /opt/airflow/dags/spark_example.py for tasks to queue
[2025-06-15T19:04:37.112+0000] {logging_mixin.py:190} INFO - [2025-06-15T19:04:37.112+0000] {dagbag.py:588} INFO - Filling up the DagBag from /opt/airflow/dags/spark_example.py
[2025-06-15T19:04:37.693+0000] {processor.py:925} INFO - DAG(s) 'spark_example' retrieved from /opt/airflow/dags/spark_example.py
[2025-06-15T19:04:37.721+0000] {logging_mixin.py:190} INFO - [2025-06-15T19:04:37.720+0000] {dag.py:3239} INFO - Sync 1 DAGs
[2025-06-15T19:04:37.935+0000] {logging_mixin.py:190} INFO - [2025-06-15T19:04:37.935+0000] {dag.py:4180} INFO - Setting next_dagrun for spark_example to None, run_after=None
[2025-06-15T19:04:37.953+0000] {processor.py:208} INFO - Processing /opt/airflow/dags/spark_example.py took 0.901 seconds
[2025-06-15T19:05:08.195+0000] {processor.py:186} INFO - Started process (PID=888) to work on /opt/airflow/dags/spark_example.py
[2025-06-15T19:05:08.196+0000] {processor.py:914} INFO - Processing file /opt/airflow/dags/spark_example.py for tasks to queue
[2025-06-15T19:05:08.199+0000] {logging_mixin.py:190} INFO - [2025-06-15T19:05:08.198+0000] {dagbag.py:588} INFO - Filling up the DagBag from /opt/airflow/dags/spark_example.py
[2025-06-15T19:05:08.761+0000] {processor.py:925} INFO - DAG(s) 'spark_example' retrieved from /opt/airflow/dags/spark_example.py
[2025-06-15T19:05:08.795+0000] {logging_mixin.py:190} INFO - [2025-06-15T19:05:08.795+0000] {dag.py:3239} INFO - Sync 1 DAGs
[2025-06-15T19:05:08.813+0000] {logging_mixin.py:190} INFO - [2025-06-15T19:05:08.812+0000] {dag.py:4180} INFO - Setting next_dagrun for spark_example to None, run_after=None
[2025-06-15T19:05:08.833+0000] {processor.py:208} INFO - Processing /opt/airflow/dags/spark_example.py took 0.646 seconds
[2025-06-15T19:05:39.434+0000] {processor.py:186} INFO - Started process (PID=901) to work on /opt/airflow/dags/spark_example.py
[2025-06-15T19:05:39.442+0000] {processor.py:914} INFO - Processing file /opt/airflow/dags/spark_example.py for tasks to queue
[2025-06-15T19:05:39.447+0000] {logging_mixin.py:190} INFO - [2025-06-15T19:05:39.446+0000] {dagbag.py:588} INFO - Filling up the DagBag from /opt/airflow/dags/spark_example.py
[2025-06-15T19:05:40.184+0000] {processor.py:925} INFO - DAG(s) 'spark_example' retrieved from /opt/airflow/dags/spark_example.py
[2025-06-15T19:05:40.218+0000] {logging_mixin.py:190} INFO - [2025-06-15T19:05:40.217+0000] {dag.py:3239} INFO - Sync 1 DAGs
[2025-06-15T19:05:40.244+0000] {logging_mixin.py:190} INFO - [2025-06-15T19:05:40.244+0000] {dag.py:4180} INFO - Setting next_dagrun for spark_example to None, run_after=None
[2025-06-15T19:05:40.276+0000] {processor.py:208} INFO - Processing /opt/airflow/dags/spark_example.py took 0.855 seconds
[2025-06-15T19:06:11.119+0000] {processor.py:186} INFO - Started process (PID=914) to work on /opt/airflow/dags/spark_example.py
[2025-06-15T19:06:11.120+0000] {processor.py:914} INFO - Processing file /opt/airflow/dags/spark_example.py for tasks to queue
[2025-06-15T19:06:11.124+0000] {logging_mixin.py:190} INFO - [2025-06-15T19:06:11.123+0000] {dagbag.py:588} INFO - Filling up the DagBag from /opt/airflow/dags/spark_example.py
[2025-06-15T19:06:11.686+0000] {processor.py:925} INFO - DAG(s) 'spark_example' retrieved from /opt/airflow/dags/spark_example.py
[2025-06-15T19:06:11.713+0000] {logging_mixin.py:190} INFO - [2025-06-15T19:06:11.712+0000] {dag.py:3239} INFO - Sync 1 DAGs
[2025-06-15T19:06:11.729+0000] {logging_mixin.py:190} INFO - [2025-06-15T19:06:11.728+0000] {dag.py:4180} INFO - Setting next_dagrun for spark_example to None, run_after=None
[2025-06-15T19:06:11.750+0000] {processor.py:208} INFO - Processing /opt/airflow/dags/spark_example.py took 0.639 seconds
[2025-06-15T19:06:42.327+0000] {processor.py:186} INFO - Started process (PID=927) to work on /opt/airflow/dags/spark_example.py
[2025-06-15T19:06:42.360+0000] {processor.py:914} INFO - Processing file /opt/airflow/dags/spark_example.py for tasks to queue
[2025-06-15T19:06:42.364+0000] {logging_mixin.py:190} INFO - [2025-06-15T19:06:42.363+0000] {dagbag.py:588} INFO - Filling up the DagBag from /opt/airflow/dags/spark_example.py
[2025-06-15T19:06:42.931+0000] {processor.py:925} INFO - DAG(s) 'spark_example' retrieved from /opt/airflow/dags/spark_example.py
[2025-06-15T19:06:42.957+0000] {logging_mixin.py:190} INFO - [2025-06-15T19:06:42.957+0000] {dag.py:3239} INFO - Sync 1 DAGs
[2025-06-15T19:06:43.182+0000] {logging_mixin.py:190} INFO - [2025-06-15T19:06:43.182+0000] {dag.py:4180} INFO - Setting next_dagrun for spark_example to None, run_after=None
[2025-06-15T19:06:43.201+0000] {processor.py:208} INFO - Processing /opt/airflow/dags/spark_example.py took 0.883 seconds
[2025-06-15T19:07:13.274+0000] {processor.py:186} INFO - Started process (PID=940) to work on /opt/airflow/dags/spark_example.py
[2025-06-15T19:07:13.275+0000] {processor.py:914} INFO - Processing file /opt/airflow/dags/spark_example.py for tasks to queue
[2025-06-15T19:07:13.278+0000] {logging_mixin.py:190} INFO - [2025-06-15T19:07:13.277+0000] {dagbag.py:588} INFO - Filling up the DagBag from /opt/airflow/dags/spark_example.py
[2025-06-15T19:07:13.837+0000] {processor.py:925} INFO - DAG(s) 'spark_example' retrieved from /opt/airflow/dags/spark_example.py
[2025-06-15T19:07:13.866+0000] {logging_mixin.py:190} INFO - [2025-06-15T19:07:13.865+0000] {dag.py:3239} INFO - Sync 1 DAGs
[2025-06-15T19:07:14.083+0000] {logging_mixin.py:190} INFO - [2025-06-15T19:07:14.083+0000] {dag.py:4180} INFO - Setting next_dagrun for spark_example to None, run_after=None
[2025-06-15T19:07:14.100+0000] {processor.py:208} INFO - Processing /opt/airflow/dags/spark_example.py took 0.834 seconds
[2025-06-15T19:07:44.885+0000] {processor.py:186} INFO - Started process (PID=953) to work on /opt/airflow/dags/spark_example.py
[2025-06-15T19:07:44.886+0000] {processor.py:914} INFO - Processing file /opt/airflow/dags/spark_example.py for tasks to queue
[2025-06-15T19:07:44.890+0000] {logging_mixin.py:190} INFO - [2025-06-15T19:07:44.890+0000] {dagbag.py:588} INFO - Filling up the DagBag from /opt/airflow/dags/spark_example.py
[2025-06-15T19:07:45.442+0000] {processor.py:925} INFO - DAG(s) 'spark_example' retrieved from /opt/airflow/dags/spark_example.py
[2025-06-15T19:07:45.467+0000] {logging_mixin.py:190} INFO - [2025-06-15T19:07:45.466+0000] {dag.py:3239} INFO - Sync 1 DAGs
[2025-06-15T19:07:45.483+0000] {logging_mixin.py:190} INFO - [2025-06-15T19:07:45.482+0000] {dag.py:4180} INFO - Setting next_dagrun for spark_example to None, run_after=None
[2025-06-15T19:07:45.502+0000] {processor.py:208} INFO - Processing /opt/airflow/dags/spark_example.py took 0.625 seconds
[2025-06-15T19:08:15.694+0000] {processor.py:186} INFO - Started process (PID=966) to work on /opt/airflow/dags/spark_example.py
[2025-06-15T19:08:15.695+0000] {processor.py:914} INFO - Processing file /opt/airflow/dags/spark_example.py for tasks to queue
[2025-06-15T19:08:15.699+0000] {logging_mixin.py:190} INFO - [2025-06-15T19:08:15.699+0000] {dagbag.py:588} INFO - Filling up the DagBag from /opt/airflow/dags/spark_example.py
[2025-06-15T19:08:16.255+0000] {processor.py:925} INFO - DAG(s) 'spark_example' retrieved from /opt/airflow/dags/spark_example.py
[2025-06-15T19:08:16.280+0000] {logging_mixin.py:190} INFO - [2025-06-15T19:08:16.279+0000] {dag.py:3239} INFO - Sync 1 DAGs
[2025-06-15T19:08:16.296+0000] {logging_mixin.py:190} INFO - [2025-06-15T19:08:16.296+0000] {dag.py:4180} INFO - Setting next_dagrun for spark_example to None, run_after=None
[2025-06-15T19:08:16.314+0000] {processor.py:208} INFO - Processing /opt/airflow/dags/spark_example.py took 0.629 seconds
[2025-06-15T19:08:46.511+0000] {processor.py:186} INFO - Started process (PID=979) to work on /opt/airflow/dags/spark_example.py
[2025-06-15T19:08:46.561+0000] {processor.py:914} INFO - Processing file /opt/airflow/dags/spark_example.py for tasks to queue
[2025-06-15T19:08:46.564+0000] {logging_mixin.py:190} INFO - [2025-06-15T19:08:46.564+0000] {dagbag.py:588} INFO - Filling up the DagBag from /opt/airflow/dags/spark_example.py
[2025-06-15T19:08:47.144+0000] {processor.py:925} INFO - DAG(s) 'spark_example' retrieved from /opt/airflow/dags/spark_example.py
[2025-06-15T19:08:47.170+0000] {logging_mixin.py:190} INFO - [2025-06-15T19:08:47.170+0000] {dag.py:3239} INFO - Sync 1 DAGs
[2025-06-15T19:08:47.187+0000] {logging_mixin.py:190} INFO - [2025-06-15T19:08:47.186+0000] {dag.py:4180} INFO - Setting next_dagrun for spark_example to None, run_after=None
[2025-06-15T19:08:47.415+0000] {processor.py:208} INFO - Processing /opt/airflow/dags/spark_example.py took 0.913 seconds
[2025-06-15T19:09:17.702+0000] {processor.py:186} INFO - Started process (PID=992) to work on /opt/airflow/dags/spark_example.py
[2025-06-15T19:09:17.703+0000] {processor.py:914} INFO - Processing file /opt/airflow/dags/spark_example.py for tasks to queue
[2025-06-15T19:09:17.707+0000] {logging_mixin.py:190} INFO - [2025-06-15T19:09:17.706+0000] {dagbag.py:588} INFO - Filling up the DagBag from /opt/airflow/dags/spark_example.py
[2025-06-15T19:09:18.265+0000] {processor.py:925} INFO - DAG(s) 'spark_example' retrieved from /opt/airflow/dags/spark_example.py
[2025-06-15T19:09:18.291+0000] {logging_mixin.py:190} INFO - [2025-06-15T19:09:18.290+0000] {dag.py:3239} INFO - Sync 1 DAGs
[2025-06-15T19:09:18.508+0000] {logging_mixin.py:190} INFO - [2025-06-15T19:09:18.508+0000] {dag.py:4180} INFO - Setting next_dagrun for spark_example to None, run_after=None
[2025-06-15T19:09:18.526+0000] {processor.py:208} INFO - Processing /opt/airflow/dags/spark_example.py took 0.832 seconds
[2025-06-15T19:09:49.342+0000] {processor.py:186} INFO - Started process (PID=1005) to work on /opt/airflow/dags/spark_example.py
[2025-06-15T19:09:49.343+0000] {processor.py:914} INFO - Processing file /opt/airflow/dags/spark_example.py for tasks to queue
[2025-06-15T19:09:49.346+0000] {logging_mixin.py:190} INFO - [2025-06-15T19:09:49.346+0000] {dagbag.py:588} INFO - Filling up the DagBag from /opt/airflow/dags/spark_example.py
[2025-06-15T19:09:49.909+0000] {processor.py:925} INFO - DAG(s) 'spark_example' retrieved from /opt/airflow/dags/spark_example.py
[2025-06-15T19:09:50.141+0000] {logging_mixin.py:190} INFO - [2025-06-15T19:09:50.140+0000] {dag.py:3239} INFO - Sync 1 DAGs
[2025-06-15T19:09:50.155+0000] {logging_mixin.py:190} INFO - [2025-06-15T19:09:50.154+0000] {dag.py:4180} INFO - Setting next_dagrun for spark_example to None, run_after=None
[2025-06-15T19:09:50.173+0000] {processor.py:208} INFO - Processing /opt/airflow/dags/spark_example.py took 0.839 seconds
[2025-06-15T19:10:20.988+0000] {processor.py:186} INFO - Started process (PID=1018) to work on /opt/airflow/dags/spark_example.py
[2025-06-15T19:10:20.989+0000] {processor.py:914} INFO - Processing file /opt/airflow/dags/spark_example.py for tasks to queue
[2025-06-15T19:10:20.992+0000] {logging_mixin.py:190} INFO - [2025-06-15T19:10:20.991+0000] {dagbag.py:588} INFO - Filling up the DagBag from /opt/airflow/dags/spark_example.py
[2025-06-15T19:10:21.550+0000] {processor.py:925} INFO - DAG(s) 'spark_example' retrieved from /opt/airflow/dags/spark_example.py
[2025-06-15T19:10:21.576+0000] {logging_mixin.py:190} INFO - [2025-06-15T19:10:21.575+0000] {dag.py:3239} INFO - Sync 1 DAGs
[2025-06-15T19:10:21.595+0000] {logging_mixin.py:190} INFO - [2025-06-15T19:10:21.594+0000] {dag.py:4180} INFO - Setting next_dagrun for spark_example to None, run_after=None
[2025-06-15T19:10:21.616+0000] {processor.py:208} INFO - Processing /opt/airflow/dags/spark_example.py took 0.637 seconds
[2025-06-15T19:10:51.810+0000] {processor.py:186} INFO - Started process (PID=1031) to work on /opt/airflow/dags/spark_example.py
[2025-06-15T19:10:51.862+0000] {processor.py:914} INFO - Processing file /opt/airflow/dags/spark_example.py for tasks to queue
[2025-06-15T19:10:51.866+0000] {logging_mixin.py:190} INFO - [2025-06-15T19:10:51.865+0000] {dagbag.py:588} INFO - Filling up the DagBag from /opt/airflow/dags/spark_example.py
[2025-06-15T19:10:52.433+0000] {processor.py:925} INFO - DAG(s) 'spark_example' retrieved from /opt/airflow/dags/spark_example.py
[2025-06-15T19:10:52.459+0000] {logging_mixin.py:190} INFO - [2025-06-15T19:10:52.458+0000] {dag.py:3239} INFO - Sync 1 DAGs
[2025-06-15T19:10:52.475+0000] {logging_mixin.py:190} INFO - [2025-06-15T19:10:52.474+0000] {dag.py:4180} INFO - Setting next_dagrun for spark_example to None, run_after=None
[2025-06-15T19:10:52.707+0000] {processor.py:208} INFO - Processing /opt/airflow/dags/spark_example.py took 0.907 seconds
[2025-06-15T19:11:23.499+0000] {processor.py:186} INFO - Started process (PID=1044) to work on /opt/airflow/dags/spark_example.py
[2025-06-15T19:11:23.500+0000] {processor.py:914} INFO - Processing file /opt/airflow/dags/spark_example.py for tasks to queue
[2025-06-15T19:11:23.503+0000] {logging_mixin.py:190} INFO - [2025-06-15T19:11:23.503+0000] {dagbag.py:588} INFO - Filling up the DagBag from /opt/airflow/dags/spark_example.py
[2025-06-15T19:11:24.053+0000] {processor.py:925} INFO - DAG(s) 'spark_example' retrieved from /opt/airflow/dags/spark_example.py
[2025-06-15T19:11:24.078+0000] {logging_mixin.py:190} INFO - [2025-06-15T19:11:24.078+0000] {dag.py:3239} INFO - Sync 1 DAGs
[2025-06-15T19:11:24.297+0000] {logging_mixin.py:190} INFO - [2025-06-15T19:11:24.296+0000] {dag.py:4180} INFO - Setting next_dagrun for spark_example to None, run_after=None
[2025-06-15T19:11:24.314+0000] {processor.py:208} INFO - Processing /opt/airflow/dags/spark_example.py took 0.823 seconds
[2025-06-15T19:11:55.157+0000] {processor.py:186} INFO - Started process (PID=1057) to work on /opt/airflow/dags/spark_example.py
[2025-06-15T19:11:55.159+0000] {processor.py:914} INFO - Processing file /opt/airflow/dags/spark_example.py for tasks to queue
[2025-06-15T19:11:55.162+0000] {logging_mixin.py:190} INFO - [2025-06-15T19:11:55.162+0000] {dagbag.py:588} INFO - Filling up the DagBag from /opt/airflow/dags/spark_example.py
[2025-06-15T19:11:55.716+0000] {processor.py:925} INFO - DAG(s) 'spark_example' retrieved from /opt/airflow/dags/spark_example.py
[2025-06-15T19:11:55.952+0000] {logging_mixin.py:190} INFO - [2025-06-15T19:11:55.951+0000] {dag.py:3239} INFO - Sync 1 DAGs
[2025-06-15T19:11:55.965+0000] {logging_mixin.py:190} INFO - [2025-06-15T19:11:55.965+0000] {dag.py:4180} INFO - Setting next_dagrun for spark_example to None, run_after=None
[2025-06-15T19:11:55.982+0000] {processor.py:208} INFO - Processing /opt/airflow/dags/spark_example.py took 0.832 seconds
[2025-06-15T19:12:26.813+0000] {processor.py:186} INFO - Started process (PID=1070) to work on /opt/airflow/dags/spark_example.py
[2025-06-15T19:12:26.814+0000] {processor.py:914} INFO - Processing file /opt/airflow/dags/spark_example.py for tasks to queue
[2025-06-15T19:12:26.817+0000] {logging_mixin.py:190} INFO - [2025-06-15T19:12:26.817+0000] {dagbag.py:588} INFO - Filling up the DagBag from /opt/airflow/dags/spark_example.py
[2025-06-15T19:12:27.369+0000] {processor.py:925} INFO - DAG(s) 'spark_example' retrieved from /opt/airflow/dags/spark_example.py
[2025-06-15T19:12:27.395+0000] {logging_mixin.py:190} INFO - [2025-06-15T19:12:27.394+0000] {dag.py:3239} INFO - Sync 1 DAGs
[2025-06-15T19:12:27.411+0000] {logging_mixin.py:190} INFO - [2025-06-15T19:12:27.410+0000] {dag.py:4180} INFO - Setting next_dagrun for spark_example to None, run_after=None
[2025-06-15T19:12:27.429+0000] {processor.py:208} INFO - Processing /opt/airflow/dags/spark_example.py took 0.624 seconds
[2025-06-15T19:12:57.667+0000] {processor.py:186} INFO - Started process (PID=1083) to work on /opt/airflow/dags/spark_example.py
[2025-06-15T19:12:57.668+0000] {processor.py:914} INFO - Processing file /opt/airflow/dags/spark_example.py for tasks to queue
[2025-06-15T19:12:57.671+0000] {logging_mixin.py:190} INFO - [2025-06-15T19:12:57.671+0000] {dagbag.py:588} INFO - Filling up the DagBag from /opt/airflow/dags/spark_example.py
[2025-06-15T19:12:58.255+0000] {processor.py:925} INFO - DAG(s) 'spark_example' retrieved from /opt/airflow/dags/spark_example.py
[2025-06-15T19:12:58.282+0000] {logging_mixin.py:190} INFO - [2025-06-15T19:12:58.281+0000] {dag.py:3239} INFO - Sync 1 DAGs
[2025-06-15T19:12:58.299+0000] {logging_mixin.py:190} INFO - [2025-06-15T19:12:58.298+0000] {dag.py:4180} INFO - Setting next_dagrun for spark_example to None, run_after=None
[2025-06-15T19:12:58.520+0000] {processor.py:208} INFO - Processing /opt/airflow/dags/spark_example.py took 0.861 seconds
[2025-06-15T19:13:28.744+0000] {processor.py:186} INFO - Started process (PID=1096) to work on /opt/airflow/dags/spark_example.py
[2025-06-15T19:13:28.746+0000] {processor.py:914} INFO - Processing file /opt/airflow/dags/spark_example.py for tasks to queue
[2025-06-15T19:13:28.749+0000] {logging_mixin.py:190} INFO - [2025-06-15T19:13:28.749+0000] {dagbag.py:588} INFO - Filling up the DagBag from /opt/airflow/dags/spark_example.py
[2025-06-15T19:13:29.302+0000] {processor.py:925} INFO - DAG(s) 'spark_example' retrieved from /opt/airflow/dags/spark_example.py
[2025-06-15T19:13:29.329+0000] {logging_mixin.py:190} INFO - [2025-06-15T19:13:29.329+0000] {dag.py:3239} INFO - Sync 1 DAGs
[2025-06-15T19:13:29.558+0000] {logging_mixin.py:190} INFO - [2025-06-15T19:13:29.558+0000] {dag.py:4180} INFO - Setting next_dagrun for spark_example to None, run_after=None
[2025-06-15T19:13:29.586+0000] {processor.py:208} INFO - Processing /opt/airflow/dags/spark_example.py took 0.850 seconds
[2025-06-15T19:13:59.684+0000] {processor.py:186} INFO - Started process (PID=1109) to work on /opt/airflow/dags/spark_example.py
[2025-06-15T19:13:59.685+0000] {processor.py:914} INFO - Processing file /opt/airflow/dags/spark_example.py for tasks to queue
[2025-06-15T19:13:59.688+0000] {logging_mixin.py:190} INFO - [2025-06-15T19:13:59.688+0000] {dagbag.py:588} INFO - Filling up the DagBag from /opt/airflow/dags/spark_example.py
[2025-06-15T19:14:00.244+0000] {processor.py:925} INFO - DAG(s) 'spark_example' retrieved from /opt/airflow/dags/spark_example.py
[2025-06-15T19:14:00.472+0000] {logging_mixin.py:190} INFO - [2025-06-15T19:14:00.471+0000] {dag.py:3239} INFO - Sync 1 DAGs
[2025-06-15T19:14:00.485+0000] {logging_mixin.py:190} INFO - [2025-06-15T19:14:00.485+0000] {dag.py:4180} INFO - Setting next_dagrun for spark_example to None, run_after=None
[2025-06-15T19:14:00.503+0000] {processor.py:208} INFO - Processing /opt/airflow/dags/spark_example.py took 0.828 seconds
[2025-06-15T19:14:30.614+0000] {processor.py:186} INFO - Started process (PID=1122) to work on /opt/airflow/dags/spark_example.py
[2025-06-15T19:14:30.618+0000] {processor.py:914} INFO - Processing file /opt/airflow/dags/spark_example.py for tasks to queue
[2025-06-15T19:14:30.622+0000] {logging_mixin.py:190} INFO - [2025-06-15T19:14:30.621+0000] {dagbag.py:588} INFO - Filling up the DagBag from /opt/airflow/dags/spark_example.py
[2025-06-15T19:14:31.193+0000] {processor.py:925} INFO - DAG(s) 'spark_example' retrieved from /opt/airflow/dags/spark_example.py
[2025-06-15T19:14:31.218+0000] {logging_mixin.py:190} INFO - [2025-06-15T19:14:31.217+0000] {dag.py:3239} INFO - Sync 1 DAGs
[2025-06-15T19:14:31.234+0000] {logging_mixin.py:190} INFO - [2025-06-15T19:14:31.233+0000] {dag.py:4180} INFO - Setting next_dagrun for spark_example to None, run_after=None
[2025-06-15T19:14:31.255+0000] {processor.py:208} INFO - Processing /opt/airflow/dags/spark_example.py took 0.649 seconds
[2025-06-15T19:15:01.401+0000] {processor.py:186} INFO - Started process (PID=1135) to work on /opt/airflow/dags/spark_example.py
[2025-06-15T19:15:01.404+0000] {processor.py:914} INFO - Processing file /opt/airflow/dags/spark_example.py for tasks to queue
[2025-06-15T19:15:01.407+0000] {logging_mixin.py:190} INFO - [2025-06-15T19:15:01.407+0000] {dagbag.py:588} INFO - Filling up the DagBag from /opt/airflow/dags/spark_example.py
[2025-06-15T19:15:01.962+0000] {processor.py:925} INFO - DAG(s) 'spark_example' retrieved from /opt/airflow/dags/spark_example.py
[2025-06-15T19:15:01.989+0000] {logging_mixin.py:190} INFO - [2025-06-15T19:15:01.989+0000] {dag.py:3239} INFO - Sync 1 DAGs
[2025-06-15T19:15:02.006+0000] {logging_mixin.py:190} INFO - [2025-06-15T19:15:02.006+0000] {dag.py:4180} INFO - Setting next_dagrun for spark_example to None, run_after=None
[2025-06-15T19:15:02.224+0000] {processor.py:208} INFO - Processing /opt/airflow/dags/spark_example.py took 0.832 seconds
[2025-06-15T19:15:32.603+0000] {processor.py:186} INFO - Started process (PID=1148) to work on /opt/airflow/dags/spark_example.py
[2025-06-15T19:15:32.605+0000] {processor.py:914} INFO - Processing file /opt/airflow/dags/spark_example.py for tasks to queue
[2025-06-15T19:15:32.608+0000] {logging_mixin.py:190} INFO - [2025-06-15T19:15:32.608+0000] {dagbag.py:588} INFO - Filling up the DagBag from /opt/airflow/dags/spark_example.py
[2025-06-15T19:15:33.154+0000] {processor.py:925} INFO - DAG(s) 'spark_example' retrieved from /opt/airflow/dags/spark_example.py
[2025-06-15T19:15:33.178+0000] {logging_mixin.py:190} INFO - [2025-06-15T19:15:33.178+0000] {dag.py:3239} INFO - Sync 1 DAGs
[2025-06-15T19:15:33.389+0000] {logging_mixin.py:190} INFO - [2025-06-15T19:15:33.389+0000] {dag.py:4180} INFO - Setting next_dagrun for spark_example to None, run_after=None
[2025-06-15T19:15:33.406+0000] {processor.py:208} INFO - Processing /opt/airflow/dags/spark_example.py took 0.811 seconds
