[2025-04-16T19:20:21.642+0000] {processor.py:186} INFO - Started process (PID=52) to work on /opt/airflow/dags/bank_transactions.py
[2025-04-16T19:20:21.643+0000] {processor.py:914} INFO - Processing file /opt/airflow/dags/bank_transactions.py for tasks to queue
[2025-04-16T19:20:21.645+0000] {logging_mixin.py:190} INFO - [2025-04-16T19:20:21.645+0000] {dagbag.py:588} INFO - Filling up the DagBag from /opt/airflow/dags/bank_transactions.py
[2025-04-16T19:20:23.201+0000] {processor.py:925} INFO - DAG(s) 'pyspark_test_work' retrieved from /opt/airflow/dags/bank_transactions.py
[2025-04-16T19:20:23.228+0000] {logging_mixin.py:190} INFO - [2025-04-16T19:20:23.228+0000] {dag.py:3239} INFO - Sync 1 DAGs
[2025-04-16T19:20:23.244+0000] {logging_mixin.py:190} INFO - [2025-04-16T19:20:23.243+0000] {dag.py:4180} INFO - Setting next_dagrun for pyspark_test_work to None, run_after=None
[2025-04-16T19:20:23.261+0000] {processor.py:208} INFO - Processing /opt/airflow/dags/bank_transactions.py took 1.624 seconds
[2025-04-16T19:20:54.089+0000] {processor.py:186} INFO - Started process (PID=65) to work on /opt/airflow/dags/bank_transactions.py
[2025-04-16T19:20:54.090+0000] {processor.py:914} INFO - Processing file /opt/airflow/dags/bank_transactions.py for tasks to queue
[2025-04-16T19:20:54.094+0000] {logging_mixin.py:190} INFO - [2025-04-16T19:20:54.094+0000] {dagbag.py:588} INFO - Filling up the DagBag from /opt/airflow/dags/bank_transactions.py
[2025-04-16T19:20:54.852+0000] {processor.py:925} INFO - DAG(s) 'pyspark_test_work' retrieved from /opt/airflow/dags/bank_transactions.py
[2025-04-16T19:20:54.878+0000] {logging_mixin.py:190} INFO - [2025-04-16T19:20:54.877+0000] {dag.py:3239} INFO - Sync 1 DAGs
[2025-04-16T19:20:54.895+0000] {logging_mixin.py:190} INFO - [2025-04-16T19:20:54.895+0000] {dag.py:4180} INFO - Setting next_dagrun for pyspark_test_work to None, run_after=None
[2025-04-16T19:20:54.909+0000] {processor.py:208} INFO - Processing /opt/airflow/dags/bank_transactions.py took 0.825 seconds
[2025-04-16T19:21:25.642+0000] {processor.py:186} INFO - Started process (PID=84) to work on /opt/airflow/dags/bank_transactions.py
[2025-04-16T19:21:25.643+0000] {processor.py:914} INFO - Processing file /opt/airflow/dags/bank_transactions.py for tasks to queue
[2025-04-16T19:21:25.646+0000] {logging_mixin.py:190} INFO - [2025-04-16T19:21:25.645+0000] {dagbag.py:588} INFO - Filling up the DagBag from /opt/airflow/dags/bank_transactions.py
[2025-04-16T19:21:26.422+0000] {processor.py:925} INFO - DAG(s) 'pyspark_test_work' retrieved from /opt/airflow/dags/bank_transactions.py
[2025-04-16T19:21:26.446+0000] {logging_mixin.py:190} INFO - [2025-04-16T19:21:26.445+0000] {dag.py:3239} INFO - Sync 1 DAGs
[2025-04-16T19:21:26.462+0000] {logging_mixin.py:190} INFO - [2025-04-16T19:21:26.462+0000] {dag.py:4180} INFO - Setting next_dagrun for pyspark_test_work to None, run_after=None
[2025-04-16T19:21:26.481+0000] {processor.py:208} INFO - Processing /opt/airflow/dags/bank_transactions.py took 0.845 seconds
