[2025-04-16T19:20:23.294+0000] {processor.py:186} INFO - Started process (PID=56) to work on /opt/airflow/dags/spark_example.py
[2025-04-16T19:20:23.295+0000] {processor.py:914} INFO - Processing file /opt/airflow/dags/spark_example.py for tasks to queue
[2025-04-16T19:20:23.297+0000] {logging_mixin.py:190} INFO - [2025-04-16T19:20:23.296+0000] {dagbag.py:588} INFO - Filling up the DagBag from /opt/airflow/dags/spark_example.py
[2025-04-16T19:20:23.961+0000] {processor.py:925} INFO - DAG(s) 'spark_example' retrieved from /opt/airflow/dags/spark_example.py
[2025-04-16T19:20:23.980+0000] {logging_mixin.py:190} INFO - [2025-04-16T19:20:23.979+0000] {dag.py:3239} INFO - Sync 1 DAGs
[2025-04-16T19:20:23.991+0000] {logging_mixin.py:190} INFO - [2025-04-16T19:20:23.990+0000] {dag.py:4180} INFO - Setting next_dagrun for spark_example to None, run_after=None
[2025-04-16T19:20:24.006+0000] {processor.py:208} INFO - Processing /opt/airflow/dags/spark_example.py took 0.718 seconds
[2025-04-16T19:20:54.935+0000] {processor.py:186} INFO - Started process (PID=75) to work on /opt/airflow/dags/spark_example.py
[2025-04-16T19:20:54.936+0000] {processor.py:914} INFO - Processing file /opt/airflow/dags/spark_example.py for tasks to queue
[2025-04-16T19:20:54.937+0000] {logging_mixin.py:190} INFO - [2025-04-16T19:20:54.937+0000] {dagbag.py:588} INFO - Filling up the DagBag from /opt/airflow/dags/spark_example.py
[2025-04-16T19:20:55.532+0000] {processor.py:925} INFO - DAG(s) 'spark_example' retrieved from /opt/airflow/dags/spark_example.py
[2025-04-16T19:20:55.549+0000] {logging_mixin.py:190} INFO - [2025-04-16T19:20:55.549+0000] {dag.py:3239} INFO - Sync 1 DAGs
[2025-04-16T19:20:55.560+0000] {logging_mixin.py:190} INFO - [2025-04-16T19:20:55.560+0000] {dag.py:4180} INFO - Setting next_dagrun for spark_example to None, run_after=None
[2025-04-16T19:20:55.574+0000] {processor.py:208} INFO - Processing /opt/airflow/dags/spark_example.py took 0.644 seconds
[2025-04-16T19:21:26.495+0000] {processor.py:186} INFO - Started process (PID=88) to work on /opt/airflow/dags/spark_example.py
[2025-04-16T19:21:26.497+0000] {processor.py:914} INFO - Processing file /opt/airflow/dags/spark_example.py for tasks to queue
[2025-04-16T19:21:26.499+0000] {logging_mixin.py:190} INFO - [2025-04-16T19:21:26.499+0000] {dagbag.py:588} INFO - Filling up the DagBag from /opt/airflow/dags/spark_example.py
[2025-04-16T19:21:27.088+0000] {processor.py:925} INFO - DAG(s) 'spark_example' retrieved from /opt/airflow/dags/spark_example.py
[2025-04-16T19:21:27.105+0000] {logging_mixin.py:190} INFO - [2025-04-16T19:21:27.105+0000] {dag.py:3239} INFO - Sync 1 DAGs
[2025-04-16T19:21:27.116+0000] {logging_mixin.py:190} INFO - [2025-04-16T19:21:27.115+0000] {dag.py:4180} INFO - Setting next_dagrun for spark_example to None, run_after=None
[2025-04-16T19:21:27.131+0000] {processor.py:208} INFO - Processing /opt/airflow/dags/spark_example.py took 0.642 seconds
