[2025-01-16T20:36:12.041+0000] {local_task_job_runner.py:123} INFO - ::group::Pre task execution logs
[2025-01-16T20:36:12.053+0000] {taskinstance.py:2613} INFO - Dependencies all met for dep_context=non-requeueable deps ti=<TaskInstance: spark_example.spark_submit_job manual__2025-01-16T20:36:11.497102+00:00 [queued]>
[2025-01-16T20:36:12.059+0000] {taskinstance.py:2613} INFO - Dependencies all met for dep_context=requeueable deps ti=<TaskInstance: spark_example.spark_submit_job manual__2025-01-16T20:36:11.497102+00:00 [queued]>
[2025-01-16T20:36:12.059+0000] {taskinstance.py:2866} INFO - Starting attempt 1 of 1
[2025-01-16T20:36:12.069+0000] {taskinstance.py:2889} INFO - Executing <Task(SparkSubmitOperator): spark_submit_job> on 2025-01-16 20:36:11.497102+00:00
[2025-01-16T20:36:12.074+0000] {warnings.py:112} WARNING - /home/***/.local/lib/python3.12/site-packages/***/task/task_runner/standard_task_runner.py:70: DeprecationWarning: This process (pid=566) is multi-threaded, use of fork() may lead to deadlocks in the child.
  pid = os.fork()

[2025-01-16T20:36:12.075+0000] {standard_task_runner.py:72} INFO - Started process 567 to run task
[2025-01-16T20:36:12.076+0000] {standard_task_runner.py:104} INFO - Running: ['***', 'tasks', 'run', 'spark_example', 'spark_submit_job', 'manual__2025-01-16T20:36:11.497102+00:00', '--job-id', '8', '--raw', '--subdir', 'DAGS_FOLDER/spark_clickhouse_test.py', '--cfg-path', '/tmp/tmpy5oiy0z8']
[2025-01-16T20:36:12.077+0000] {standard_task_runner.py:105} INFO - Job 8: Subtask spark_submit_job
[2025-01-16T20:36:12.110+0000] {task_command.py:467} INFO - Running <TaskInstance: spark_example.spark_submit_job manual__2025-01-16T20:36:11.497102+00:00 [running]> on host 545a4fad7683
[2025-01-16T20:36:12.171+0000] {taskinstance.py:3132} INFO - Exporting env vars: AIRFLOW_CTX_DAG_OWNER='Smalch' AIRFLOW_CTX_DAG_ID='spark_example' AIRFLOW_CTX_TASK_ID='spark_submit_job' AIRFLOW_CTX_EXECUTION_DATE='2025-01-16T20:36:11.497102+00:00' AIRFLOW_CTX_TRY_NUMBER='1' AIRFLOW_CTX_DAG_RUN_ID='manual__2025-01-16T20:36:11.497102+00:00'
[2025-01-16T20:36:12.171+0000] {taskinstance.py:731} INFO - ::endgroup::
[2025-01-16T20:36:12.179+0000] {base.py:84} INFO - Retrieving connection 'spark'
[2025-01-16T20:36:12.180+0000] {spark_submit.py:474} INFO - Spark-Submit cmd: spark-submit --master spark://spark-master:7077 --executor-memory 25g --driver-memory 25g --name arrow-spark --verbose --deploy-mode client dags/spark_app/spark_1.py
[2025-01-16T20:36:14.434+0000] {spark_submit.py:641} INFO - Using properties file: null
[2025-01-16T20:36:14.551+0000] {spark_submit.py:641} INFO - Parsed arguments:
[2025-01-16T20:36:14.551+0000] {spark_submit.py:641} INFO - master                  spark://spark-master:7077
[2025-01-16T20:36:14.551+0000] {spark_submit.py:641} INFO - remote                  null
[2025-01-16T20:36:14.552+0000] {spark_submit.py:641} INFO - deployMode              client
[2025-01-16T20:36:14.552+0000] {spark_submit.py:641} INFO - executorMemory          25g
[2025-01-16T20:36:14.552+0000] {spark_submit.py:641} INFO - executorCores           null
[2025-01-16T20:36:14.552+0000] {spark_submit.py:641} INFO - totalExecutorCores      null
[2025-01-16T20:36:14.553+0000] {spark_submit.py:641} INFO - propertiesFile          null
[2025-01-16T20:36:14.553+0000] {spark_submit.py:641} INFO - driverMemory            25g
[2025-01-16T20:36:14.553+0000] {spark_submit.py:641} INFO - driverCores             null
[2025-01-16T20:36:14.553+0000] {spark_submit.py:641} INFO - driverExtraClassPath    null
[2025-01-16T20:36:14.553+0000] {spark_submit.py:641} INFO - driverExtraLibraryPath  null
[2025-01-16T20:36:14.554+0000] {spark_submit.py:641} INFO - driverExtraJavaOptions  null
[2025-01-16T20:36:14.554+0000] {spark_submit.py:641} INFO - supervise               false
[2025-01-16T20:36:14.554+0000] {spark_submit.py:641} INFO - queue                   null
[2025-01-16T20:36:14.554+0000] {spark_submit.py:641} INFO - numExecutors            null
[2025-01-16T20:36:14.554+0000] {spark_submit.py:641} INFO - files                   null
[2025-01-16T20:36:14.555+0000] {spark_submit.py:641} INFO - pyFiles                 null
[2025-01-16T20:36:14.555+0000] {spark_submit.py:641} INFO - archives                null
[2025-01-16T20:36:14.555+0000] {spark_submit.py:641} INFO - mainClass               null
[2025-01-16T20:36:14.555+0000] {spark_submit.py:641} INFO - primaryResource         file:/opt/***/dags/spark_app/spark_1.py
[2025-01-16T20:36:14.556+0000] {spark_submit.py:641} INFO - name                    arrow-spark
[2025-01-16T20:36:14.556+0000] {spark_submit.py:641} INFO - childArgs               []
[2025-01-16T20:36:14.556+0000] {spark_submit.py:641} INFO - jars                    null
[2025-01-16T20:36:14.556+0000] {spark_submit.py:641} INFO - packages                null
[2025-01-16T20:36:14.556+0000] {spark_submit.py:641} INFO - packagesExclusions      null
[2025-01-16T20:36:14.557+0000] {spark_submit.py:641} INFO - repositories            null
[2025-01-16T20:36:14.557+0000] {spark_submit.py:641} INFO - verbose                 true
[2025-01-16T20:36:14.557+0000] {spark_submit.py:641} INFO - 
[2025-01-16T20:36:14.557+0000] {spark_submit.py:641} INFO - Spark properties used, including those specified through
[2025-01-16T20:36:14.557+0000] {spark_submit.py:641} INFO - --conf and those from the properties file null:
[2025-01-16T20:36:14.558+0000] {spark_submit.py:641} INFO - (spark.driver.memory,25g)
[2025-01-16T20:36:14.558+0000] {spark_submit.py:641} INFO - 
[2025-01-16T20:36:14.558+0000] {spark_submit.py:641} INFO - 
[2025-01-16T20:36:14.924+0000] {spark_submit.py:641} INFO - Main class:
[2025-01-16T20:36:14.924+0000] {spark_submit.py:641} INFO - org.apache.spark.deploy.PythonRunner
[2025-01-16T20:36:14.925+0000] {spark_submit.py:641} INFO - Arguments:
[2025-01-16T20:36:14.925+0000] {spark_submit.py:641} INFO - file:/opt/***/dags/spark_app/spark_1.py
[2025-01-16T20:36:14.926+0000] {spark_submit.py:641} INFO - null
[2025-01-16T20:36:14.929+0000] {spark_submit.py:641} INFO - Spark config:
[2025-01-16T20:36:14.929+0000] {spark_submit.py:641} INFO - (spark.app.name,arrow-spark)
[2025-01-16T20:36:14.929+0000] {spark_submit.py:641} INFO - (spark.app.submitTime,1737059774901)
[2025-01-16T20:36:14.930+0000] {spark_submit.py:641} INFO - (spark.driver.memory,25g)
[2025-01-16T20:36:14.930+0000] {spark_submit.py:641} INFO - (spark.executor.memory,25g)
[2025-01-16T20:36:14.930+0000] {spark_submit.py:641} INFO - (spark.master,spark://spark-master:7077)
[2025-01-16T20:36:14.930+0000] {spark_submit.py:641} INFO - (spark.submit.deployMode,client)
[2025-01-16T20:36:14.930+0000] {spark_submit.py:641} INFO - (spark.submit.pyFiles,)
[2025-01-16T20:36:14.931+0000] {spark_submit.py:641} INFO - Classpath elements:
[2025-01-16T20:36:14.931+0000] {spark_submit.py:641} INFO - 
[2025-01-16T20:36:14.932+0000] {spark_submit.py:641} INFO - 
[2025-01-16T20:36:14.932+0000] {spark_submit.py:641} INFO - 
[2025-01-16T20:36:16.141+0000] {spark_submit.py:641} INFO - 25/01/16 20:36:16 INFO SparkContext: Running Spark version 3.5.4
[2025-01-16T20:36:16.145+0000] {spark_submit.py:641} INFO - 25/01/16 20:36:16 INFO SparkContext: OS info Linux, 5.10.0-33-cloud-amd64, amd64
[2025-01-16T20:36:16.146+0000] {spark_submit.py:641} INFO - 25/01/16 20:36:16 INFO SparkContext: Java version 17.0.13
[2025-01-16T20:36:16.239+0000] {spark_submit.py:641} INFO - 25/01/16 20:36:16 WARN NativeCodeLoader: Unable to load native-hadoop library for your platform... using builtin-java classes where applicable
[2025-01-16T20:36:16.383+0000] {spark_submit.py:641} INFO - 25/01/16 20:36:16 INFO ResourceUtils: ==============================================================
[2025-01-16T20:36:16.384+0000] {spark_submit.py:641} INFO - 25/01/16 20:36:16 INFO ResourceUtils: No custom resources configured for spark.driver.
[2025-01-16T20:36:16.385+0000] {spark_submit.py:641} INFO - 25/01/16 20:36:16 INFO ResourceUtils: ==============================================================
[2025-01-16T20:36:16.386+0000] {spark_submit.py:641} INFO - 25/01/16 20:36:16 INFO SparkContext: Submitted application: ExampleJob111
[2025-01-16T20:36:16.419+0000] {spark_submit.py:641} INFO - 25/01/16 20:36:16 INFO ResourceProfile: Default ResourceProfile created, executor resources: Map(memory -> name: memory, amount: 25600, script: , vendor: , offHeap -> name: offHeap, amount: 0, script: , vendor: ), task resources: Map(cpus -> name: cpus, amount: 1.0)
[2025-01-16T20:36:16.432+0000] {spark_submit.py:641} INFO - 25/01/16 20:36:16 INFO ResourceProfile: Limiting resource is cpu
[2025-01-16T20:36:16.433+0000] {spark_submit.py:641} INFO - 25/01/16 20:36:16 INFO ResourceProfileManager: Added ResourceProfile id: 0
[2025-01-16T20:36:16.527+0000] {spark_submit.py:641} INFO - 25/01/16 20:36:16 INFO SecurityManager: Changing view acls to: default
[2025-01-16T20:36:16.528+0000] {spark_submit.py:641} INFO - 25/01/16 20:36:16 INFO SecurityManager: Changing modify acls to: default
[2025-01-16T20:36:16.529+0000] {spark_submit.py:641} INFO - 25/01/16 20:36:16 INFO SecurityManager: Changing view acls groups to:
[2025-01-16T20:36:16.530+0000] {spark_submit.py:641} INFO - 25/01/16 20:36:16 INFO SecurityManager: Changing modify acls groups to:
[2025-01-16T20:36:16.530+0000] {spark_submit.py:641} INFO - 25/01/16 20:36:16 INFO SecurityManager: SecurityManager: authentication disabled; ui acls disabled; users with view permissions: default; groups with view permissions: EMPTY; users with modify permissions: default; groups with modify permissions: EMPTY
[2025-01-16T20:36:16.869+0000] {spark_submit.py:641} INFO - 25/01/16 20:36:16 INFO Utils: Successfully started service 'sparkDriver' on port 46313.
[2025-01-16T20:36:16.922+0000] {spark_submit.py:641} INFO - 25/01/16 20:36:16 INFO SparkEnv: Registering MapOutputTracker
[2025-01-16T20:36:16.976+0000] {spark_submit.py:641} INFO - 25/01/16 20:36:16 INFO SparkEnv: Registering BlockManagerMaster
[2025-01-16T20:36:17.003+0000] {spark_submit.py:641} INFO - 25/01/16 20:36:17 INFO BlockManagerMasterEndpoint: Using org.apache.spark.storage.DefaultTopologyMapper for getting topology information
[2025-01-16T20:36:17.004+0000] {spark_submit.py:641} INFO - 25/01/16 20:36:17 INFO BlockManagerMasterEndpoint: BlockManagerMasterEndpoint up
[2025-01-16T20:36:17.008+0000] {spark_submit.py:641} INFO - 25/01/16 20:36:17 INFO SparkEnv: Registering BlockManagerMasterHeartbeat
[2025-01-16T20:36:17.037+0000] {spark_submit.py:641} INFO - 25/01/16 20:36:17 INFO DiskBlockManager: Created local directory at /tmp/blockmgr-70b7392d-c290-4f11-abf0-8aae3c75eefe
[2025-01-16T20:36:17.050+0000] {spark_submit.py:641} INFO - 25/01/16 20:36:17 INFO MemoryStore: MemoryStore started with capacity 14.8 GiB
[2025-01-16T20:36:17.062+0000] {spark_submit.py:641} INFO - 25/01/16 20:36:17 INFO SparkEnv: Registering OutputCommitCoordinator
[2025-01-16T20:36:17.228+0000] {spark_submit.py:641} INFO - 25/01/16 20:36:17 INFO JettyUtils: Start Jetty 0.0.0.0:4040 for SparkUI
[2025-01-16T20:36:17.285+0000] {spark_submit.py:641} INFO - 25/01/16 20:36:17 INFO Utils: Successfully started service 'SparkUI' on port 4040.
[2025-01-16T20:36:17.447+0000] {spark_submit.py:641} INFO - 25/01/16 20:36:17 INFO StandaloneAppClient$ClientEndpoint: Connecting to master spark://spark-master:7077...
[2025-01-16T20:36:17.514+0000] {spark_submit.py:641} INFO - 25/01/16 20:36:17 WARN StandaloneAppClient$ClientEndpoint: Failed to connect to master spark-master:7077
[2025-01-16T20:36:17.515+0000] {spark_submit.py:641} INFO - org.apache.spark.SparkException: Exception thrown in awaitResult:
[2025-01-16T20:36:17.515+0000] {spark_submit.py:641} INFO - at org.apache.spark.util.SparkThreadUtils$.awaitResult(SparkThreadUtils.scala:56)
[2025-01-16T20:36:17.515+0000] {spark_submit.py:641} INFO - at org.apache.spark.util.ThreadUtils$.awaitResult(ThreadUtils.scala:310)
[2025-01-16T20:36:17.516+0000] {spark_submit.py:641} INFO - at org.apache.spark.rpc.RpcTimeout.awaitResult(RpcTimeout.scala:75)
[2025-01-16T20:36:17.516+0000] {spark_submit.py:641} INFO - at org.apache.spark.rpc.RpcEnv.setupEndpointRefByURI(RpcEnv.scala:102)
[2025-01-16T20:36:17.516+0000] {spark_submit.py:641} INFO - at org.apache.spark.rpc.RpcEnv.setupEndpointRef(RpcEnv.scala:110)
[2025-01-16T20:36:17.516+0000] {spark_submit.py:641} INFO - at org.apache.spark.deploy.client.StandaloneAppClient$ClientEndpoint$$anon$1.run(StandaloneAppClient.scala:108)
[2025-01-16T20:36:17.516+0000] {spark_submit.py:641} INFO - at java.base/java.util.concurrent.Executors$RunnableAdapter.call(Executors.java:539)
[2025-01-16T20:36:17.517+0000] {spark_submit.py:641} INFO - at java.base/java.util.concurrent.FutureTask.run(FutureTask.java:264)
[2025-01-16T20:36:17.517+0000] {spark_submit.py:641} INFO - at java.base/java.util.concurrent.ThreadPoolExecutor.runWorker(ThreadPoolExecutor.java:1136)
[2025-01-16T20:36:17.517+0000] {spark_submit.py:641} INFO - at java.base/java.util.concurrent.ThreadPoolExecutor$Worker.run(ThreadPoolExecutor.java:635)
[2025-01-16T20:36:17.517+0000] {spark_submit.py:641} INFO - at java.base/java.lang.Thread.run(Thread.java:840)
[2025-01-16T20:36:17.517+0000] {spark_submit.py:641} INFO - Caused by: java.io.IOException: Failed to connect to spark-master/<unresolved>:7077
[2025-01-16T20:36:17.518+0000] {spark_submit.py:641} INFO - at org.apache.spark.network.client.TransportClientFactory.createClient(TransportClientFactory.java:294)
[2025-01-16T20:36:17.518+0000] {spark_submit.py:641} INFO - at org.apache.spark.network.client.TransportClientFactory.createClient(TransportClientFactory.java:214)
[2025-01-16T20:36:17.518+0000] {spark_submit.py:641} INFO - at org.apache.spark.network.client.TransportClientFactory.createClient(TransportClientFactory.java:226)
[2025-01-16T20:36:17.518+0000] {spark_submit.py:641} INFO - at org.apache.spark.rpc.netty.NettyRpcEnv.createClient(NettyRpcEnv.scala:204)
[2025-01-16T20:36:17.518+0000] {spark_submit.py:641} INFO - at org.apache.spark.rpc.netty.Outbox$$anon$1.call(Outbox.scala:202)
[2025-01-16T20:36:17.519+0000] {spark_submit.py:641} INFO - at org.apache.spark.rpc.netty.Outbox$$anon$1.call(Outbox.scala:198)
[2025-01-16T20:36:17.519+0000] {spark_submit.py:641} INFO - ... 4 more
[2025-01-16T20:36:17.519+0000] {spark_submit.py:641} INFO - Caused by: java.net.UnknownHostException: spark-master
[2025-01-16T20:36:17.519+0000] {spark_submit.py:641} INFO - at java.base/java.net.InetAddress$CachedAddresses.get(InetAddress.java:801)
[2025-01-16T20:36:17.519+0000] {spark_submit.py:641} INFO - at java.base/java.net.InetAddress.getAllByName0(InetAddress.java:1533)
[2025-01-16T20:36:17.519+0000] {spark_submit.py:641} INFO - at java.base/java.net.InetAddress.getAllByName(InetAddress.java:1385)
[2025-01-16T20:36:17.520+0000] {spark_submit.py:641} INFO - at java.base/java.net.InetAddress.getAllByName(InetAddress.java:1306)
[2025-01-16T20:36:17.520+0000] {spark_submit.py:641} INFO - at java.base/java.net.InetAddress.getByName(InetAddress.java:1256)
[2025-01-16T20:36:17.520+0000] {spark_submit.py:641} INFO - at io.netty.util.internal.SocketUtils$8.run(SocketUtils.java:156)
[2025-01-16T20:36:17.520+0000] {spark_submit.py:641} INFO - at io.netty.util.internal.SocketUtils$8.run(SocketUtils.java:153)
[2025-01-16T20:36:17.520+0000] {spark_submit.py:641} INFO - at java.base/java.security.AccessController.doPrivileged(AccessController.java:569)
[2025-01-16T20:36:17.520+0000] {spark_submit.py:641} INFO - at io.netty.util.internal.SocketUtils.addressByName(SocketUtils.java:153)
[2025-01-16T20:36:17.520+0000] {spark_submit.py:641} INFO - at io.netty.resolver.DefaultNameResolver.doResolve(DefaultNameResolver.java:41)
[2025-01-16T20:36:17.520+0000] {spark_submit.py:641} INFO - at io.netty.resolver.SimpleNameResolver.resolve(SimpleNameResolver.java:61)
[2025-01-16T20:36:17.520+0000] {spark_submit.py:641} INFO - at io.netty.resolver.SimpleNameResolver.resolve(SimpleNameResolver.java:53)
[2025-01-16T20:36:17.521+0000] {spark_submit.py:641} INFO - at io.netty.resolver.InetSocketAddressResolver.doResolve(InetSocketAddressResolver.java:55)
[2025-01-16T20:36:17.521+0000] {spark_submit.py:641} INFO - at io.netty.resolver.InetSocketAddressResolver.doResolve(InetSocketAddressResolver.java:31)
[2025-01-16T20:36:17.521+0000] {spark_submit.py:641} INFO - at io.netty.resolver.AbstractAddressResolver.resolve(AbstractAddressResolver.java:106)
[2025-01-16T20:36:17.521+0000] {spark_submit.py:641} INFO - at io.netty.bootstrap.Bootstrap.doResolveAndConnect0(Bootstrap.java:220)
[2025-01-16T20:36:17.521+0000] {spark_submit.py:641} INFO - at io.netty.bootstrap.Bootstrap.access$000(Bootstrap.java:46)
[2025-01-16T20:36:17.521+0000] {spark_submit.py:641} INFO - at io.netty.bootstrap.Bootstrap$1.operationComplete(Bootstrap.java:189)
[2025-01-16T20:36:17.521+0000] {spark_submit.py:641} INFO - at io.netty.bootstrap.Bootstrap$1.operationComplete(Bootstrap.java:175)
[2025-01-16T20:36:17.521+0000] {spark_submit.py:641} INFO - at io.netty.util.concurrent.DefaultPromise.notifyListener0(DefaultPromise.java:590)
[2025-01-16T20:36:17.521+0000] {spark_submit.py:641} INFO - at io.netty.util.concurrent.DefaultPromise.notifyListenersNow(DefaultPromise.java:557)
[2025-01-16T20:36:17.522+0000] {spark_submit.py:641} INFO - at io.netty.util.concurrent.DefaultPromise.notifyListeners(DefaultPromise.java:492)
[2025-01-16T20:36:17.522+0000] {spark_submit.py:641} INFO - at io.netty.util.concurrent.DefaultPromise.setValue0(DefaultPromise.java:636)
[2025-01-16T20:36:17.522+0000] {spark_submit.py:641} INFO - at io.netty.util.concurrent.DefaultPromise.setSuccess0(DefaultPromise.java:625)
[2025-01-16T20:36:17.522+0000] {spark_submit.py:641} INFO - at io.netty.util.concurrent.DefaultPromise.trySuccess(DefaultPromise.java:105)
[2025-01-16T20:36:17.522+0000] {spark_submit.py:641} INFO - at io.netty.channel.DefaultChannelPromise.trySuccess(DefaultChannelPromise.java:84)
[2025-01-16T20:36:17.522+0000] {spark_submit.py:641} INFO - at io.netty.channel.AbstractChannel$AbstractUnsafe.safeSetSuccess(AbstractChannel.java:990)
[2025-01-16T20:36:17.522+0000] {spark_submit.py:641} INFO - at io.netty.channel.AbstractChannel$AbstractUnsafe.register0(AbstractChannel.java:516)
[2025-01-16T20:36:17.522+0000] {spark_submit.py:641} INFO - at io.netty.channel.AbstractChannel$AbstractUnsafe.access$200(AbstractChannel.java:429)
[2025-01-16T20:36:17.523+0000] {spark_submit.py:641} INFO - at io.netty.channel.AbstractChannel$AbstractUnsafe$1.run(AbstractChannel.java:486)
[2025-01-16T20:36:17.523+0000] {spark_submit.py:641} INFO - at io.netty.util.concurrent.AbstractEventExecutor.runTask(AbstractEventExecutor.java:174)
[2025-01-16T20:36:17.523+0000] {spark_submit.py:641} INFO - at io.netty.util.concurrent.AbstractEventExecutor.safeExecute(AbstractEventExecutor.java:167)
[2025-01-16T20:36:17.523+0000] {spark_submit.py:641} INFO - at io.netty.util.concurrent.SingleThreadEventExecutor.runAllTasks(SingleThreadEventExecutor.java:470)
[2025-01-16T20:36:17.523+0000] {spark_submit.py:641} INFO - at io.netty.channel.nio.NioEventLoop.run(NioEventLoop.java:569)
[2025-01-16T20:36:17.523+0000] {spark_submit.py:641} INFO - at io.netty.util.concurrent.SingleThreadEventExecutor$4.run(SingleThreadEventExecutor.java:997)
[2025-01-16T20:36:17.524+0000] {spark_submit.py:641} INFO - at io.netty.util.internal.ThreadExecutorMap$2.run(ThreadExecutorMap.java:74)
[2025-01-16T20:36:17.524+0000] {spark_submit.py:641} INFO - at io.netty.util.concurrent.FastThreadLocalRunnable.run(FastThreadLocalRunnable.java:30)
[2025-01-16T20:36:17.524+0000] {spark_submit.py:641} INFO - ... 1 more
[2025-01-16T20:36:37.447+0000] {spark_submit.py:641} INFO - 25/01/16 20:36:37 INFO StandaloneAppClient$ClientEndpoint: Connecting to master spark://spark-master:7077...
[2025-01-16T20:36:37.461+0000] {spark_submit.py:641} INFO - 25/01/16 20:36:37 WARN StandaloneAppClient$ClientEndpoint: Failed to connect to master spark-master:7077
[2025-01-16T20:36:37.462+0000] {spark_submit.py:641} INFO - org.apache.spark.SparkException: Exception thrown in awaitResult:
[2025-01-16T20:36:37.462+0000] {spark_submit.py:641} INFO - at org.apache.spark.util.SparkThreadUtils$.awaitResult(SparkThreadUtils.scala:56)
[2025-01-16T20:36:37.462+0000] {spark_submit.py:641} INFO - at org.apache.spark.util.ThreadUtils$.awaitResult(ThreadUtils.scala:310)
[2025-01-16T20:36:37.462+0000] {spark_submit.py:641} INFO - at org.apache.spark.rpc.RpcTimeout.awaitResult(RpcTimeout.scala:75)
[2025-01-16T20:36:37.462+0000] {spark_submit.py:641} INFO - at org.apache.spark.rpc.RpcEnv.setupEndpointRefByURI(RpcEnv.scala:102)
[2025-01-16T20:36:37.462+0000] {spark_submit.py:641} INFO - at org.apache.spark.rpc.RpcEnv.setupEndpointRef(RpcEnv.scala:110)
[2025-01-16T20:36:37.462+0000] {spark_submit.py:641} INFO - at org.apache.spark.deploy.client.StandaloneAppClient$ClientEndpoint$$anon$1.run(StandaloneAppClient.scala:108)
[2025-01-16T20:36:37.463+0000] {spark_submit.py:641} INFO - at java.base/java.util.concurrent.Executors$RunnableAdapter.call(Executors.java:539)
[2025-01-16T20:36:37.463+0000] {spark_submit.py:641} INFO - at java.base/java.util.concurrent.FutureTask.run(FutureTask.java:264)
[2025-01-16T20:36:37.463+0000] {spark_submit.py:641} INFO - at java.base/java.util.concurrent.ThreadPoolExecutor.runWorker(ThreadPoolExecutor.java:1136)
[2025-01-16T20:36:37.463+0000] {spark_submit.py:641} INFO - at java.base/java.util.concurrent.ThreadPoolExecutor$Worker.run(ThreadPoolExecutor.java:635)
[2025-01-16T20:36:37.463+0000] {spark_submit.py:641} INFO - at java.base/java.lang.Thread.run(Thread.java:840)
[2025-01-16T20:36:37.463+0000] {spark_submit.py:641} INFO - Caused by: java.io.IOException: Failed to connect to spark-master/<unresolved>:7077
[2025-01-16T20:36:37.463+0000] {spark_submit.py:641} INFO - at org.apache.spark.network.client.TransportClientFactory.createClient(TransportClientFactory.java:294)
[2025-01-16T20:36:37.464+0000] {spark_submit.py:641} INFO - at org.apache.spark.network.client.TransportClientFactory.createClient(TransportClientFactory.java:214)
[2025-01-16T20:36:37.464+0000] {spark_submit.py:641} INFO - at org.apache.spark.network.client.TransportClientFactory.createClient(TransportClientFactory.java:226)
[2025-01-16T20:36:37.464+0000] {spark_submit.py:641} INFO - at org.apache.spark.rpc.netty.NettyRpcEnv.createClient(NettyRpcEnv.scala:204)
[2025-01-16T20:36:37.464+0000] {spark_submit.py:641} INFO - at org.apache.spark.rpc.netty.Outbox$$anon$1.call(Outbox.scala:202)
[2025-01-16T20:36:37.464+0000] {spark_submit.py:641} INFO - at org.apache.spark.rpc.netty.Outbox$$anon$1.call(Outbox.scala:198)
[2025-01-16T20:36:37.464+0000] {spark_submit.py:641} INFO - ... 4 more
[2025-01-16T20:36:37.464+0000] {spark_submit.py:641} INFO - Caused by: java.net.UnknownHostException: spark-master
[2025-01-16T20:36:37.464+0000] {spark_submit.py:641} INFO - at java.base/java.net.InetAddress$CachedAddresses.get(InetAddress.java:801)
[2025-01-16T20:36:37.465+0000] {spark_submit.py:641} INFO - at java.base/java.net.InetAddress.getAllByName0(InetAddress.java:1533)
[2025-01-16T20:36:37.465+0000] {spark_submit.py:641} INFO - at java.base/java.net.InetAddress.getAllByName(InetAddress.java:1385)
[2025-01-16T20:36:37.465+0000] {spark_submit.py:641} INFO - at java.base/java.net.InetAddress.getAllByName(InetAddress.java:1306)
[2025-01-16T20:36:37.465+0000] {spark_submit.py:641} INFO - at java.base/java.net.InetAddress.getByName(InetAddress.java:1256)
[2025-01-16T20:36:37.465+0000] {spark_submit.py:641} INFO - at io.netty.util.internal.SocketUtils$8.run(SocketUtils.java:156)
[2025-01-16T20:36:37.465+0000] {spark_submit.py:641} INFO - at io.netty.util.internal.SocketUtils$8.run(SocketUtils.java:153)
[2025-01-16T20:36:37.465+0000] {spark_submit.py:641} INFO - at java.base/java.security.AccessController.doPrivileged(AccessController.java:569)
[2025-01-16T20:36:37.465+0000] {spark_submit.py:641} INFO - at io.netty.util.internal.SocketUtils.addressByName(SocketUtils.java:153)
[2025-01-16T20:36:37.466+0000] {spark_submit.py:641} INFO - at io.netty.resolver.DefaultNameResolver.doResolve(DefaultNameResolver.java:41)
[2025-01-16T20:36:37.466+0000] {spark_submit.py:641} INFO - at io.netty.resolver.SimpleNameResolver.resolve(SimpleNameResolver.java:61)
[2025-01-16T20:36:37.466+0000] {spark_submit.py:641} INFO - at io.netty.resolver.SimpleNameResolver.resolve(SimpleNameResolver.java:53)
[2025-01-16T20:36:37.466+0000] {spark_submit.py:641} INFO - at io.netty.resolver.InetSocketAddressResolver.doResolve(InetSocketAddressResolver.java:55)
[2025-01-16T20:36:37.466+0000] {spark_submit.py:641} INFO - at io.netty.resolver.InetSocketAddressResolver.doResolve(InetSocketAddressResolver.java:31)
[2025-01-16T20:36:37.466+0000] {spark_submit.py:641} INFO - at io.netty.resolver.AbstractAddressResolver.resolve(AbstractAddressResolver.java:106)
[2025-01-16T20:36:37.466+0000] {spark_submit.py:641} INFO - at io.netty.bootstrap.Bootstrap.doResolveAndConnect0(Bootstrap.java:220)
[2025-01-16T20:36:37.466+0000] {spark_submit.py:641} INFO - at io.netty.bootstrap.Bootstrap.access$000(Bootstrap.java:46)
[2025-01-16T20:36:37.466+0000] {spark_submit.py:641} INFO - at io.netty.bootstrap.Bootstrap$1.operationComplete(Bootstrap.java:189)
[2025-01-16T20:36:37.467+0000] {spark_submit.py:641} INFO - at io.netty.bootstrap.Bootstrap$1.operationComplete(Bootstrap.java:175)
[2025-01-16T20:36:37.467+0000] {spark_submit.py:641} INFO - at io.netty.util.concurrent.DefaultPromise.notifyListener0(DefaultPromise.java:590)
[2025-01-16T20:36:37.467+0000] {spark_submit.py:641} INFO - at io.netty.util.concurrent.DefaultPromise.notifyListenersNow(DefaultPromise.java:557)
[2025-01-16T20:36:37.467+0000] {spark_submit.py:641} INFO - at io.netty.util.concurrent.DefaultPromise.notifyListeners(DefaultPromise.java:492)
[2025-01-16T20:36:37.467+0000] {spark_submit.py:641} INFO - at io.netty.util.concurrent.DefaultPromise.setValue0(DefaultPromise.java:636)
[2025-01-16T20:36:37.467+0000] {spark_submit.py:641} INFO - at io.netty.util.concurrent.DefaultPromise.setSuccess0(DefaultPromise.java:625)
[2025-01-16T20:36:37.467+0000] {spark_submit.py:641} INFO - at io.netty.util.concurrent.DefaultPromise.trySuccess(DefaultPromise.java:105)
[2025-01-16T20:36:37.467+0000] {spark_submit.py:641} INFO - at io.netty.channel.DefaultChannelPromise.trySuccess(DefaultChannelPromise.java:84)
[2025-01-16T20:36:37.467+0000] {spark_submit.py:641} INFO - at io.netty.channel.AbstractChannel$AbstractUnsafe.safeSetSuccess(AbstractChannel.java:990)
[2025-01-16T20:36:37.468+0000] {spark_submit.py:641} INFO - at io.netty.channel.AbstractChannel$AbstractUnsafe.register0(AbstractChannel.java:516)
[2025-01-16T20:36:37.468+0000] {spark_submit.py:641} INFO - at io.netty.channel.AbstractChannel$AbstractUnsafe.access$200(AbstractChannel.java:429)
[2025-01-16T20:36:37.468+0000] {spark_submit.py:641} INFO - at io.netty.channel.AbstractChannel$AbstractUnsafe$1.run(AbstractChannel.java:486)
[2025-01-16T20:36:37.468+0000] {spark_submit.py:641} INFO - at io.netty.util.concurrent.AbstractEventExecutor.runTask(AbstractEventExecutor.java:174)
[2025-01-16T20:36:37.468+0000] {spark_submit.py:641} INFO - at io.netty.util.concurrent.AbstractEventExecutor.safeExecute(AbstractEventExecutor.java:167)
[2025-01-16T20:36:37.468+0000] {spark_submit.py:641} INFO - at io.netty.util.concurrent.SingleThreadEventExecutor.runAllTasks(SingleThreadEventExecutor.java:470)
[2025-01-16T20:36:37.468+0000] {spark_submit.py:641} INFO - at io.netty.channel.nio.NioEventLoop.run(NioEventLoop.java:569)
[2025-01-16T20:36:37.468+0000] {spark_submit.py:641} INFO - at io.netty.util.concurrent.SingleThreadEventExecutor$4.run(SingleThreadEventExecutor.java:997)
[2025-01-16T20:36:37.468+0000] {spark_submit.py:641} INFO - at io.netty.util.internal.ThreadExecutorMap$2.run(ThreadExecutorMap.java:74)
[2025-01-16T20:36:37.469+0000] {spark_submit.py:641} INFO - at io.netty.util.concurrent.FastThreadLocalRunnable.run(FastThreadLocalRunnable.java:30)
[2025-01-16T20:36:37.469+0000] {spark_submit.py:641} INFO - ... 1 more
[2025-01-16T20:36:57.447+0000] {spark_submit.py:641} INFO - 25/01/16 20:36:57 INFO StandaloneAppClient$ClientEndpoint: Connecting to master spark://spark-master:7077...
[2025-01-16T20:36:57.561+0000] {spark_submit.py:641} INFO - 25/01/16 20:36:57 WARN StandaloneAppClient$ClientEndpoint: Failed to connect to master spark-master:7077
[2025-01-16T20:36:57.562+0000] {spark_submit.py:641} INFO - org.apache.spark.SparkException: Exception thrown in awaitResult:
[2025-01-16T20:36:57.562+0000] {spark_submit.py:641} INFO - at org.apache.spark.util.SparkThreadUtils$.awaitResult(SparkThreadUtils.scala:56)
[2025-01-16T20:36:57.562+0000] {spark_submit.py:641} INFO - at org.apache.spark.util.ThreadUtils$.awaitResult(ThreadUtils.scala:310)
[2025-01-16T20:36:57.562+0000] {spark_submit.py:641} INFO - at org.apache.spark.rpc.RpcTimeout.awaitResult(RpcTimeout.scala:75)
[2025-01-16T20:36:57.562+0000] {spark_submit.py:641} INFO - at org.apache.spark.rpc.RpcEnv.setupEndpointRefByURI(RpcEnv.scala:102)
[2025-01-16T20:36:57.563+0000] {spark_submit.py:641} INFO - at org.apache.spark.rpc.RpcEnv.setupEndpointRef(RpcEnv.scala:110)
[2025-01-16T20:36:57.563+0000] {spark_submit.py:641} INFO - at org.apache.spark.deploy.client.StandaloneAppClient$ClientEndpoint$$anon$1.run(StandaloneAppClient.scala:108)
[2025-01-16T20:36:57.563+0000] {spark_submit.py:641} INFO - at java.base/java.util.concurrent.Executors$RunnableAdapter.call(Executors.java:539)
[2025-01-16T20:36:57.563+0000] {spark_submit.py:641} INFO - at java.base/java.util.concurrent.FutureTask.run(FutureTask.java:264)
[2025-01-16T20:36:57.563+0000] {spark_submit.py:641} INFO - at java.base/java.util.concurrent.ThreadPoolExecutor.runWorker(ThreadPoolExecutor.java:1136)
[2025-01-16T20:36:57.563+0000] {spark_submit.py:641} INFO - at java.base/java.util.concurrent.ThreadPoolExecutor$Worker.run(ThreadPoolExecutor.java:635)
[2025-01-16T20:36:57.563+0000] {spark_submit.py:641} INFO - at java.base/java.lang.Thread.run(Thread.java:840)
[2025-01-16T20:36:57.563+0000] {spark_submit.py:641} INFO - Caused by: java.io.IOException: Failed to connect to spark-master/<unresolved>:7077
[2025-01-16T20:36:57.563+0000] {spark_submit.py:641} INFO - at org.apache.spark.network.client.TransportClientFactory.createClient(TransportClientFactory.java:294)
[2025-01-16T20:36:57.564+0000] {spark_submit.py:641} INFO - at org.apache.spark.network.client.TransportClientFactory.createClient(TransportClientFactory.java:214)
[2025-01-16T20:36:57.564+0000] {spark_submit.py:641} INFO - at org.apache.spark.network.client.TransportClientFactory.createClient(TransportClientFactory.java:226)
[2025-01-16T20:36:57.564+0000] {spark_submit.py:641} INFO - at org.apache.spark.rpc.netty.NettyRpcEnv.createClient(NettyRpcEnv.scala:204)
[2025-01-16T20:36:57.564+0000] {spark_submit.py:641} INFO - at org.apache.spark.rpc.netty.Outbox$$anon$1.call(Outbox.scala:202)
[2025-01-16T20:36:57.564+0000] {spark_submit.py:641} INFO - at org.apache.spark.rpc.netty.Outbox$$anon$1.call(Outbox.scala:198)
[2025-01-16T20:36:57.564+0000] {spark_submit.py:641} INFO - ... 4 more
[2025-01-16T20:36:57.564+0000] {spark_submit.py:641} INFO - Caused by: java.net.UnknownHostException: spark-master
[2025-01-16T20:36:57.564+0000] {spark_submit.py:641} INFO - at java.base/java.net.InetAddress$CachedAddresses.get(InetAddress.java:801)
[2025-01-16T20:36:57.564+0000] {spark_submit.py:641} INFO - at java.base/java.net.InetAddress.getAllByName0(InetAddress.java:1533)
[2025-01-16T20:36:57.564+0000] {spark_submit.py:641} INFO - at java.base/java.net.InetAddress.getAllByName(InetAddress.java:1385)
[2025-01-16T20:36:57.565+0000] {spark_submit.py:641} INFO - at java.base/java.net.InetAddress.getAllByName(InetAddress.java:1306)
[2025-01-16T20:36:57.565+0000] {spark_submit.py:641} INFO - at java.base/java.net.InetAddress.getByName(InetAddress.java:1256)
[2025-01-16T20:36:57.565+0000] {spark_submit.py:641} INFO - at io.netty.util.internal.SocketUtils$8.run(SocketUtils.java:156)
[2025-01-16T20:36:57.565+0000] {spark_submit.py:641} INFO - at io.netty.util.internal.SocketUtils$8.run(SocketUtils.java:153)
[2025-01-16T20:36:57.565+0000] {spark_submit.py:641} INFO - at java.base/java.security.AccessController.doPrivileged(AccessController.java:569)
[2025-01-16T20:36:57.565+0000] {spark_submit.py:641} INFO - at io.netty.util.internal.SocketUtils.addressByName(SocketUtils.java:153)
[2025-01-16T20:36:57.565+0000] {spark_submit.py:641} INFO - at io.netty.resolver.DefaultNameResolver.doResolve(DefaultNameResolver.java:41)
[2025-01-16T20:36:57.565+0000] {spark_submit.py:641} INFO - at io.netty.resolver.SimpleNameResolver.resolve(SimpleNameResolver.java:61)
[2025-01-16T20:36:57.565+0000] {spark_submit.py:641} INFO - at io.netty.resolver.SimpleNameResolver.resolve(SimpleNameResolver.java:53)
[2025-01-16T20:36:57.566+0000] {spark_submit.py:641} INFO - at io.netty.resolver.InetSocketAddressResolver.doResolve(InetSocketAddressResolver.java:55)
[2025-01-16T20:36:57.566+0000] {spark_submit.py:641} INFO - at io.netty.resolver.InetSocketAddressResolver.doResolve(InetSocketAddressResolver.java:31)
[2025-01-16T20:36:57.566+0000] {spark_submit.py:641} INFO - at io.netty.resolver.AbstractAddressResolver.resolve(AbstractAddressResolver.java:106)
[2025-01-16T20:36:57.566+0000] {spark_submit.py:641} INFO - at io.netty.bootstrap.Bootstrap.doResolveAndConnect0(Bootstrap.java:220)
[2025-01-16T20:36:57.566+0000] {spark_submit.py:641} INFO - at io.netty.bootstrap.Bootstrap.access$000(Bootstrap.java:46)
[2025-01-16T20:36:57.566+0000] {spark_submit.py:641} INFO - at io.netty.bootstrap.Bootstrap$1.operationComplete(Bootstrap.java:189)
[2025-01-16T20:36:57.566+0000] {spark_submit.py:641} INFO - at io.netty.bootstrap.Bootstrap$1.operationComplete(Bootstrap.java:175)
[2025-01-16T20:36:57.566+0000] {spark_submit.py:641} INFO - at io.netty.util.concurrent.DefaultPromise.notifyListener0(DefaultPromise.java:590)
[2025-01-16T20:36:57.567+0000] {spark_submit.py:641} INFO - at io.netty.util.concurrent.DefaultPromise.notifyListenersNow(DefaultPromise.java:557)
[2025-01-16T20:36:57.567+0000] {spark_submit.py:641} INFO - at io.netty.util.concurrent.DefaultPromise.notifyListeners(DefaultPromise.java:492)
[2025-01-16T20:36:57.567+0000] {spark_submit.py:641} INFO - at io.netty.util.concurrent.DefaultPromise.setValue0(DefaultPromise.java:636)
[2025-01-16T20:36:57.567+0000] {spark_submit.py:641} INFO - at io.netty.util.concurrent.DefaultPromise.setSuccess0(DefaultPromise.java:625)
[2025-01-16T20:36:57.567+0000] {spark_submit.py:641} INFO - at io.netty.util.concurrent.DefaultPromise.trySuccess(DefaultPromise.java:105)
[2025-01-16T20:36:57.567+0000] {spark_submit.py:641} INFO - at io.netty.channel.DefaultChannelPromise.trySuccess(DefaultChannelPromise.java:84)
[2025-01-16T20:36:57.567+0000] {spark_submit.py:641} INFO - at io.netty.channel.AbstractChannel$AbstractUnsafe.safeSetSuccess(AbstractChannel.java:990)
[2025-01-16T20:36:57.567+0000] {spark_submit.py:641} INFO - at io.netty.channel.AbstractChannel$AbstractUnsafe.register0(AbstractChannel.java:516)
[2025-01-16T20:36:57.567+0000] {spark_submit.py:641} INFO - at io.netty.channel.AbstractChannel$AbstractUnsafe.access$200(AbstractChannel.java:429)
[2025-01-16T20:36:57.568+0000] {spark_submit.py:641} INFO - at io.netty.channel.AbstractChannel$AbstractUnsafe$1.run(AbstractChannel.java:486)
[2025-01-16T20:36:57.568+0000] {spark_submit.py:641} INFO - at io.netty.util.concurrent.AbstractEventExecutor.runTask(AbstractEventExecutor.java:174)
[2025-01-16T20:36:57.568+0000] {spark_submit.py:641} INFO - at io.netty.util.concurrent.AbstractEventExecutor.safeExecute(AbstractEventExecutor.java:167)
[2025-01-16T20:36:57.568+0000] {spark_submit.py:641} INFO - at io.netty.util.concurrent.SingleThreadEventExecutor.runAllTasks(SingleThreadEventExecutor.java:470)
[2025-01-16T20:36:57.568+0000] {spark_submit.py:641} INFO - at io.netty.channel.nio.NioEventLoop.run(NioEventLoop.java:569)
[2025-01-16T20:36:57.568+0000] {spark_submit.py:641} INFO - at io.netty.util.concurrent.SingleThreadEventExecutor$4.run(SingleThreadEventExecutor.java:997)
[2025-01-16T20:36:57.568+0000] {spark_submit.py:641} INFO - at io.netty.util.internal.ThreadExecutorMap$2.run(ThreadExecutorMap.java:74)
[2025-01-16T20:36:57.568+0000] {spark_submit.py:641} INFO - at io.netty.util.concurrent.FastThreadLocalRunnable.run(FastThreadLocalRunnable.java:30)
[2025-01-16T20:36:57.568+0000] {spark_submit.py:641} INFO - ... 1 more
[2025-01-16T20:37:17.448+0000] {spark_submit.py:641} INFO - 25/01/16 20:37:17 WARN StandaloneSchedulerBackend: Application ID is not initialized yet.
[2025-01-16T20:37:17.449+0000] {spark_submit.py:641} INFO - 25/01/16 20:37:17 ERROR StandaloneSchedulerBackend: Application has been killed. Reason: All masters are unresponsive! Giving up.
[2025-01-16T20:37:17.456+0000] {spark_submit.py:641} INFO - 25/01/16 20:37:17 INFO Utils: Successfully started service 'org.apache.spark.network.netty.NettyBlockTransferService' on port 43589.
[2025-01-16T20:37:17.456+0000] {spark_submit.py:641} INFO - 25/01/16 20:37:17 INFO NettyBlockTransferService: Server created on 545a4fad7683:43589
[2025-01-16T20:37:17.458+0000] {spark_submit.py:641} INFO - 25/01/16 20:37:17 INFO BlockManager: Using org.apache.spark.storage.RandomBlockReplicationPolicy for block replication policy
[2025-01-16T20:37:17.463+0000] {spark_submit.py:641} INFO - 25/01/16 20:37:17 INFO BlockManagerMaster: Registering BlockManager BlockManagerId(driver, 545a4fad7683, 43589, None)
[2025-01-16T20:37:17.466+0000] {spark_submit.py:641} INFO - 25/01/16 20:37:17 INFO BlockManagerMasterEndpoint: Registering block manager 545a4fad7683:43589 with 14.8 GiB RAM, BlockManagerId(driver, 545a4fad7683, 43589, None)
[2025-01-16T20:37:17.468+0000] {spark_submit.py:641} INFO - 25/01/16 20:37:17 INFO BlockManagerMaster: Registered BlockManager BlockManagerId(driver, 545a4fad7683, 43589, None)
[2025-01-16T20:37:17.469+0000] {spark_submit.py:641} INFO - 25/01/16 20:37:17 INFO BlockManager: Initialized BlockManager: BlockManagerId(driver, 545a4fad7683, 43589, None)
[2025-01-16T20:37:17.656+0000] {spark_submit.py:641} INFO - 25/01/16 20:37:17 INFO StandaloneSchedulerBackend: SchedulerBackend is ready for scheduling beginning after reached minRegisteredResourcesRatio: 0.0
[2025-01-16T20:37:17.965+0000] {spark_submit.py:641} INFO - 25/01/16 20:37:17 INFO SparkContext: SparkContext is stopping with exitCode 0.
[2025-01-16T20:37:17.976+0000] {spark_submit.py:641} INFO - 25/01/16 20:37:17 INFO SparkUI: Stopped Spark web UI at http://545a4fad7683:4040
[2025-01-16T20:37:17.982+0000] {spark_submit.py:641} INFO - 25/01/16 20:37:17 INFO StandaloneSchedulerBackend: Shutting down all executors
[2025-01-16T20:37:17.984+0000] {spark_submit.py:641} INFO - 25/01/16 20:37:17 INFO StandaloneSchedulerBackend$StandaloneDriverEndpoint: Asking each executor to shut down
[2025-01-16T20:37:17.989+0000] {spark_submit.py:641} INFO - 25/01/16 20:37:17 WARN StandaloneAppClient$ClientEndpoint: Drop UnregisterApplication(null) because has not yet connected to master
[2025-01-16T20:37:17.997+0000] {spark_submit.py:641} INFO - 25/01/16 20:37:17 INFO MapOutputTrackerMasterEndpoint: MapOutputTrackerMasterEndpoint stopped!
[2025-01-16T20:37:18.008+0000] {spark_submit.py:641} INFO - 25/01/16 20:37:18 INFO MemoryStore: MemoryStore cleared
[2025-01-16T20:37:18.008+0000] {spark_submit.py:641} INFO - 25/01/16 20:37:18 INFO BlockManager: BlockManager stopped
[2025-01-16T20:37:18.012+0000] {spark_submit.py:641} INFO - 25/01/16 20:37:18 INFO BlockManagerMaster: BlockManagerMaster stopped
[2025-01-16T20:37:18.014+0000] {spark_submit.py:641} INFO - 25/01/16 20:37:18 INFO OutputCommitCoordinator$OutputCommitCoordinatorEndpoint: OutputCommitCoordinator stopped!
[2025-01-16T20:37:18.044+0000] {spark_submit.py:641} INFO - 25/01/16 20:37:18 INFO SparkContext: Successfully stopped SparkContext
[2025-01-16T20:37:19.248+0000] {spark_submit.py:641} INFO - 25/01/16 20:37:19 INFO SharedState: Setting hive.metastore.warehouse.dir ('null') to the value of spark.sql.warehouse.dir.
[2025-01-16T20:37:19.255+0000] {spark_submit.py:641} INFO - 25/01/16 20:37:19 INFO SharedState: Warehouse path is 'file:/opt/***/spark-warehouse'.
[2025-01-16T20:37:19.287+0000] {spark_submit.py:641} INFO - Traceback (most recent call last):
[2025-01-16T20:37:19.287+0000] {spark_submit.py:641} INFO - File "/opt/***/dags/spark_app/spark_1.py", line 25, in <module>
[2025-01-16T20:37:19.287+0000] {spark_submit.py:641} INFO - run()
[2025-01-16T20:37:19.288+0000] {spark_submit.py:641} INFO - File "/opt/***/dags/spark_app/spark_1.py", line 7, in run
[2025-01-16T20:37:19.288+0000] {spark_submit.py:641} INFO - df = spark.createDataFrame(data, ["Name", "Value"])
[2025-01-16T20:37:19.288+0000] {spark_submit.py:641} INFO - ^^^^^^^^^^^^^^^^^^^^^^^^^^^^^^^^^^^^^^^^^^^^^^
[2025-01-16T20:37:19.288+0000] {spark_submit.py:641} INFO - File "/home/***/.local/lib/python3.12/site-packages/pyspark/python/lib/pyspark.zip/pyspark/sql/session.py", line 1443, in createDataFrame
[2025-01-16T20:37:19.288+0000] {spark_submit.py:641} INFO - File "/home/***/.local/lib/python3.12/site-packages/pyspark/python/lib/pyspark.zip/pyspark/sql/session.py", line 1485, in _create_dataframe
[2025-01-16T20:37:19.288+0000] {spark_submit.py:641} INFO - File "/home/***/.local/lib/python3.12/site-packages/pyspark/python/lib/pyspark.zip/pyspark/sql/session.py", line 1093, in _createFromLocal
[2025-01-16T20:37:19.289+0000] {spark_submit.py:641} INFO - File "/home/***/.local/lib/python3.12/site-packages/pyspark/python/lib/pyspark.zip/pyspark/sql/session.py", line 952, in _inferSchemaFromList
[2025-01-16T20:37:19.289+0000] {spark_submit.py:641} INFO - File "/home/***/.local/lib/python3.12/site-packages/pyspark/python/lib/pyspark.zip/pyspark/sql/session.py", line 624, in _jconf
[2025-01-16T20:37:19.289+0000] {spark_submit.py:641} INFO - File "/home/***/.local/lib/python3.12/site-packages/pyspark/python/lib/py4j-0.10.9.7-src.zip/py4j/java_gateway.py", line 1322, in __call__
[2025-01-16T20:37:19.289+0000] {spark_submit.py:641} INFO - File "/home/***/.local/lib/python3.12/site-packages/pyspark/python/lib/pyspark.zip/pyspark/errors/exceptions/captured.py", line 179, in deco
[2025-01-16T20:37:19.289+0000] {spark_submit.py:641} INFO - File "/home/***/.local/lib/python3.12/site-packages/pyspark/python/lib/py4j-0.10.9.7-src.zip/py4j/protocol.py", line 326, in get_return_value
[2025-01-16T20:37:19.290+0000] {spark_submit.py:641} INFO - py4j.protocol.Py4JJavaError: An error occurred while calling o25.sessionState.
[2025-01-16T20:37:19.290+0000] {spark_submit.py:641} INFO - : java.lang.IllegalStateException: LiveListenerBus is stopped.
[2025-01-16T20:37:19.290+0000] {spark_submit.py:641} INFO - at org.apache.spark.scheduler.LiveListenerBus.addToQueue(LiveListenerBus.scala:92)
[2025-01-16T20:37:19.290+0000] {spark_submit.py:641} INFO - at org.apache.spark.scheduler.LiveListenerBus.addToStatusQueue(LiveListenerBus.scala:75)
[2025-01-16T20:37:19.290+0000] {spark_submit.py:641} INFO - at org.apache.spark.sql.internal.SharedState.<init>(SharedState.scala:115)
[2025-01-16T20:37:19.291+0000] {spark_submit.py:641} INFO - at org.apache.spark.sql.SparkSession.$anonfun$sharedState$1(SparkSession.scala:143)
[2025-01-16T20:37:19.291+0000] {spark_submit.py:641} INFO - at scala.Option.getOrElse(Option.scala:189)
[2025-01-16T20:37:19.291+0000] {spark_submit.py:641} INFO - at org.apache.spark.sql.SparkSession.sharedState$lzycompute(SparkSession.scala:143)
[2025-01-16T20:37:19.291+0000] {spark_submit.py:641} INFO - at org.apache.spark.sql.SparkSession.sharedState(SparkSession.scala:142)
[2025-01-16T20:37:19.292+0000] {spark_submit.py:641} INFO - at org.apache.spark.sql.SparkSession.$anonfun$sessionState$2(SparkSession.scala:162)
[2025-01-16T20:37:19.292+0000] {spark_submit.py:641} INFO - at scala.Option.getOrElse(Option.scala:189)
[2025-01-16T20:37:19.292+0000] {spark_submit.py:641} INFO - at org.apache.spark.sql.SparkSession.sessionState$lzycompute(SparkSession.scala:160)
[2025-01-16T20:37:19.292+0000] {spark_submit.py:641} INFO - at org.apache.spark.sql.SparkSession.sessionState(SparkSession.scala:157)
[2025-01-16T20:37:19.292+0000] {spark_submit.py:641} INFO - at java.base/jdk.internal.reflect.NativeMethodAccessorImpl.invoke0(Native Method)
[2025-01-16T20:37:19.293+0000] {spark_submit.py:641} INFO - at java.base/jdk.internal.reflect.NativeMethodAccessorImpl.invoke(NativeMethodAccessorImpl.java:77)
[2025-01-16T20:37:19.293+0000] {spark_submit.py:641} INFO - at java.base/jdk.internal.reflect.DelegatingMethodAccessorImpl.invoke(DelegatingMethodAccessorImpl.java:43)
[2025-01-16T20:37:19.293+0000] {spark_submit.py:641} INFO - at java.base/java.lang.reflect.Method.invoke(Method.java:569)
[2025-01-16T20:37:19.293+0000] {spark_submit.py:641} INFO - at py4j.reflection.MethodInvoker.invoke(MethodInvoker.java:244)
[2025-01-16T20:37:19.293+0000] {spark_submit.py:641} INFO - at py4j.reflection.ReflectionEngine.invoke(ReflectionEngine.java:374)
[2025-01-16T20:37:19.294+0000] {spark_submit.py:641} INFO - at py4j.Gateway.invoke(Gateway.java:282)
[2025-01-16T20:37:19.294+0000] {spark_submit.py:641} INFO - at py4j.commands.AbstractCommand.invokeMethod(AbstractCommand.java:132)
[2025-01-16T20:37:19.294+0000] {spark_submit.py:641} INFO - at py4j.commands.CallCommand.execute(CallCommand.java:79)
[2025-01-16T20:37:19.294+0000] {spark_submit.py:641} INFO - at py4j.ClientServerConnection.waitForCommands(ClientServerConnection.java:182)
[2025-01-16T20:37:19.294+0000] {spark_submit.py:641} INFO - at py4j.ClientServerConnection.run(ClientServerConnection.java:106)
[2025-01-16T20:37:19.294+0000] {spark_submit.py:641} INFO - at java.base/java.lang.Thread.run(Thread.java:840)
[2025-01-16T20:37:19.295+0000] {spark_submit.py:641} INFO - 
[2025-01-16T20:37:19.388+0000] {spark_submit.py:641} INFO - 25/01/16 20:37:19 INFO ShutdownHookManager: Shutdown hook called
[2025-01-16T20:37:19.388+0000] {spark_submit.py:641} INFO - 25/01/16 20:37:19 INFO ShutdownHookManager: Deleting directory /tmp/spark-e723a887-d05b-4160-bb32-8c1642c20540
[2025-01-16T20:37:19.391+0000] {spark_submit.py:641} INFO - 25/01/16 20:37:19 INFO ShutdownHookManager: Deleting directory /tmp/spark-4bc12cb2-cda8-4f4a-9375-c190ddeef0a1
[2025-01-16T20:37:19.394+0000] {spark_submit.py:641} INFO - 25/01/16 20:37:19 INFO ShutdownHookManager: Deleting directory /tmp/spark-4bc12cb2-cda8-4f4a-9375-c190ddeef0a1/pyspark-b03ff3c4-7750-4285-b9fb-82c59ff2e446
[2025-01-16T20:37:19.424+0000] {taskinstance.py:3311} ERROR - Task failed with exception
Traceback (most recent call last):
  File "/home/airflow/.local/lib/python3.12/site-packages/airflow/models/taskinstance.py", line 767, in _execute_task
    result = _execute_callable(context=context, **execute_callable_kwargs)
             ^^^^^^^^^^^^^^^^^^^^^^^^^^^^^^^^^^^^^^^^^^^^^^^^^^^^^^^^^^^^^
  File "/home/airflow/.local/lib/python3.12/site-packages/airflow/models/taskinstance.py", line 733, in _execute_callable
    return ExecutionCallableRunner(
           ^^^^^^^^^^^^^^^^^^^^^^^^
  File "/home/airflow/.local/lib/python3.12/site-packages/airflow/utils/operator_helpers.py", line 252, in run
    return self.func(*args, **kwargs)
           ^^^^^^^^^^^^^^^^^^^^^^^^^^
  File "/home/airflow/.local/lib/python3.12/site-packages/airflow/models/baseoperator.py", line 417, in wrapper
    return func(self, *args, **kwargs)
           ^^^^^^^^^^^^^^^^^^^^^^^^^^^
  File "/home/airflow/.local/lib/python3.12/site-packages/airflow/providers/apache/spark/operators/spark_submit.py", line 177, in execute
    self._hook.submit(self.application)
  File "/home/airflow/.local/lib/python3.12/site-packages/airflow/providers/apache/spark/hooks/spark_submit.py", line 567, in submit
    raise AirflowException(
airflow.exceptions.AirflowException: Cannot execute: spark-submit --master spark://spark-master:7077 --executor-memory 25g --driver-memory 25g --name arrow-spark --verbose --deploy-mode client dags/spark_app/spark_1.py. Error code is: 1.
[2025-01-16T20:37:19.431+0000] {taskinstance.py:1225} INFO - Marking task as FAILED. dag_id=spark_example, task_id=spark_submit_job, run_id=manual__2025-01-16T20:36:11.497102+00:00, execution_date=20250116T203611, start_date=20250116T203612, end_date=20250116T203719
[2025-01-16T20:37:19.442+0000] {taskinstance.py:340} INFO - ::group::Post task execution logs
[2025-01-16T20:37:19.442+0000] {standard_task_runner.py:124} ERROR - Failed to execute job 8 for task spark_submit_job (Cannot execute: spark-submit --master spark://spark-master:7077 --executor-memory 25g --driver-memory 25g --name arrow-spark --verbose --deploy-mode client dags/spark_app/spark_1.py. Error code is: 1.; 567)
Traceback (most recent call last):
  File "/home/airflow/.local/lib/python3.12/site-packages/airflow/task/task_runner/standard_task_runner.py", line 117, in _start_by_fork
    ret = args.func(args, dag=self.dag)
          ^^^^^^^^^^^^^^^^^^^^^^^^^^^^^
  File "/home/airflow/.local/lib/python3.12/site-packages/airflow/cli/cli_config.py", line 49, in command
    return func(*args, **kwargs)
           ^^^^^^^^^^^^^^^^^^^^^
  File "/home/airflow/.local/lib/python3.12/site-packages/airflow/utils/cli.py", line 116, in wrapper
    return f(*args, **kwargs)
           ^^^^^^^^^^^^^^^^^^
  File "/home/airflow/.local/lib/python3.12/site-packages/airflow/cli/commands/task_command.py", line 483, in task_run
    task_return_code = _run_task_by_selected_method(args, _dag, ti)
                       ^^^^^^^^^^^^^^^^^^^^^^^^^^^^^^^^^^^^^^^^^^^^
  File "/home/airflow/.local/lib/python3.12/site-packages/airflow/cli/commands/task_command.py", line 256, in _run_task_by_selected_method
    return _run_raw_task(args, ti)
           ^^^^^^^^^^^^^^^^^^^^^^^
  File "/home/airflow/.local/lib/python3.12/site-packages/airflow/cli/commands/task_command.py", line 341, in _run_raw_task
    return ti._run_raw_task(
           ^^^^^^^^^^^^^^^^^
  File "/home/airflow/.local/lib/python3.12/site-packages/airflow/utils/session.py", line 97, in wrapper
    return func(*args, session=session, **kwargs)
           ^^^^^^^^^^^^^^^^^^^^^^^^^^^^^^^^^^^^^^
  File "/home/airflow/.local/lib/python3.12/site-packages/airflow/models/taskinstance.py", line 3005, in _run_raw_task
    return _run_raw_task(
           ^^^^^^^^^^^^^^
  File "/home/airflow/.local/lib/python3.12/site-packages/airflow/models/taskinstance.py", line 273, in _run_raw_task
    TaskInstance._execute_task_with_callbacks(
  File "/home/airflow/.local/lib/python3.12/site-packages/airflow/models/taskinstance.py", line 3159, in _execute_task_with_callbacks
    result = self._execute_task(context, task_orig)
             ^^^^^^^^^^^^^^^^^^^^^^^^^^^^^^^^^^^^^^
  File "/home/airflow/.local/lib/python3.12/site-packages/airflow/models/taskinstance.py", line 3183, in _execute_task
    return _execute_task(self, context, task_orig)
           ^^^^^^^^^^^^^^^^^^^^^^^^^^^^^^^^^^^^^^^
  File "/home/airflow/.local/lib/python3.12/site-packages/airflow/models/taskinstance.py", line 767, in _execute_task
    result = _execute_callable(context=context, **execute_callable_kwargs)
             ^^^^^^^^^^^^^^^^^^^^^^^^^^^^^^^^^^^^^^^^^^^^^^^^^^^^^^^^^^^^^
  File "/home/airflow/.local/lib/python3.12/site-packages/airflow/models/taskinstance.py", line 733, in _execute_callable
    return ExecutionCallableRunner(
           ^^^^^^^^^^^^^^^^^^^^^^^^
  File "/home/airflow/.local/lib/python3.12/site-packages/airflow/utils/operator_helpers.py", line 252, in run
    return self.func(*args, **kwargs)
           ^^^^^^^^^^^^^^^^^^^^^^^^^^
  File "/home/airflow/.local/lib/python3.12/site-packages/airflow/models/baseoperator.py", line 417, in wrapper
    return func(self, *args, **kwargs)
           ^^^^^^^^^^^^^^^^^^^^^^^^^^^
  File "/home/airflow/.local/lib/python3.12/site-packages/airflow/providers/apache/spark/operators/spark_submit.py", line 177, in execute
    self._hook.submit(self.application)
  File "/home/airflow/.local/lib/python3.12/site-packages/airflow/providers/apache/spark/hooks/spark_submit.py", line 567, in submit
    raise AirflowException(
airflow.exceptions.AirflowException: Cannot execute: spark-submit --master spark://spark-master:7077 --executor-memory 25g --driver-memory 25g --name arrow-spark --verbose --deploy-mode client dags/spark_app/spark_1.py. Error code is: 1.
[2025-01-16T20:37:19.478+0000] {local_task_job_runner.py:266} INFO - Task exited with return code 1
[2025-01-16T20:37:19.490+0000] {taskinstance.py:3895} INFO - 0 downstream tasks scheduled from follow-on schedule check
[2025-01-16T20:37:19.491+0000] {local_task_job_runner.py:245} INFO - ::endgroup::
