[2025-07-21T11:21:37.766+0000] {processor.py:186} INFO - Started process (PID=60) to work on /opt/airflow/dags/spark_example.py
[2025-07-21T11:21:37.767+0000] {processor.py:914} INFO - Processing file /opt/airflow/dags/spark_example.py for tasks to queue
[2025-07-21T11:21:37.770+0000] {logging_mixin.py:190} INFO - [2025-07-21T11:21:37.770+0000] {dagbag.py:588} INFO - Filling up the DagBag from /opt/airflow/dags/spark_example.py
[2025-07-21T11:21:38.442+0000] {processor.py:925} INFO - DAG(s) 'spark_example' retrieved from /opt/airflow/dags/spark_example.py
[2025-07-21T11:21:38.472+0000] {logging_mixin.py:190} INFO - [2025-07-21T11:21:38.471+0000] {dag.py:3239} INFO - Sync 1 DAGs
[2025-07-21T11:21:38.492+0000] {logging_mixin.py:190} INFO - [2025-07-21T11:21:38.492+0000] {dag.py:4180} INFO - Setting next_dagrun for spark_example to None, run_after=None
[2025-07-21T11:21:38.509+0000] {processor.py:208} INFO - Processing /opt/airflow/dags/spark_example.py took 0.749 seconds
[2025-07-21T11:22:09.390+0000] {processor.py:186} INFO - Started process (PID=73) to work on /opt/airflow/dags/spark_example.py
[2025-07-21T11:22:09.391+0000] {processor.py:914} INFO - Processing file /opt/airflow/dags/spark_example.py for tasks to queue
[2025-07-21T11:22:09.394+0000] {logging_mixin.py:190} INFO - [2025-07-21T11:22:09.393+0000] {dagbag.py:588} INFO - Filling up the DagBag from /opt/airflow/dags/spark_example.py
[2025-07-21T11:22:10.028+0000] {processor.py:925} INFO - DAG(s) 'spark_example' retrieved from /opt/airflow/dags/spark_example.py
[2025-07-21T11:22:10.049+0000] {logging_mixin.py:190} INFO - [2025-07-21T11:22:10.048+0000] {dag.py:3239} INFO - Sync 1 DAGs
[2025-07-21T11:22:10.061+0000] {logging_mixin.py:190} INFO - [2025-07-21T11:22:10.061+0000] {dag.py:4180} INFO - Setting next_dagrun for spark_example to None, run_after=None
[2025-07-21T11:22:10.076+0000] {processor.py:208} INFO - Processing /opt/airflow/dags/spark_example.py took 0.692 seconds
[2025-07-21T11:22:40.544+0000] {processor.py:186} INFO - Started process (PID=86) to work on /opt/airflow/dags/spark_example.py
[2025-07-21T11:22:40.545+0000] {processor.py:914} INFO - Processing file /opt/airflow/dags/spark_example.py for tasks to queue
[2025-07-21T11:22:40.548+0000] {logging_mixin.py:190} INFO - [2025-07-21T11:22:40.547+0000] {dagbag.py:588} INFO - Filling up the DagBag from /opt/airflow/dags/spark_example.py
[2025-07-21T11:22:41.188+0000] {processor.py:925} INFO - DAG(s) 'spark_example' retrieved from /opt/airflow/dags/spark_example.py
[2025-07-21T11:22:41.207+0000] {logging_mixin.py:190} INFO - [2025-07-21T11:22:41.207+0000] {dag.py:3239} INFO - Sync 1 DAGs
[2025-07-21T11:22:41.219+0000] {logging_mixin.py:190} INFO - [2025-07-21T11:22:41.219+0000] {dag.py:4180} INFO - Setting next_dagrun for spark_example to None, run_after=None
[2025-07-21T11:22:41.234+0000] {processor.py:208} INFO - Processing /opt/airflow/dags/spark_example.py took 0.697 seconds
[2025-07-21T11:23:12.118+0000] {processor.py:186} INFO - Started process (PID=105) to work on /opt/airflow/dags/spark_example.py
[2025-07-21T11:23:12.119+0000] {processor.py:914} INFO - Processing file /opt/airflow/dags/spark_example.py for tasks to queue
[2025-07-21T11:23:12.121+0000] {logging_mixin.py:190} INFO - [2025-07-21T11:23:12.121+0000] {dagbag.py:588} INFO - Filling up the DagBag from /opt/airflow/dags/spark_example.py
[2025-07-21T11:23:12.747+0000] {processor.py:925} INFO - DAG(s) 'spark_example' retrieved from /opt/airflow/dags/spark_example.py
[2025-07-21T11:23:12.766+0000] {logging_mixin.py:190} INFO - [2025-07-21T11:23:12.765+0000] {dag.py:3239} INFO - Sync 1 DAGs
[2025-07-21T11:23:12.778+0000] {logging_mixin.py:190} INFO - [2025-07-21T11:23:12.778+0000] {dag.py:4180} INFO - Setting next_dagrun for spark_example to None, run_after=None
[2025-07-21T11:23:12.793+0000] {processor.py:208} INFO - Processing /opt/airflow/dags/spark_example.py took 0.682 seconds
[2025-07-21T11:23:43.316+0000] {processor.py:186} INFO - Started process (PID=118) to work on /opt/airflow/dags/spark_example.py
[2025-07-21T11:23:43.317+0000] {processor.py:914} INFO - Processing file /opt/airflow/dags/spark_example.py for tasks to queue
[2025-07-21T11:23:43.320+0000] {logging_mixin.py:190} INFO - [2025-07-21T11:23:43.320+0000] {dagbag.py:588} INFO - Filling up the DagBag from /opt/airflow/dags/spark_example.py
[2025-07-21T11:23:43.966+0000] {processor.py:925} INFO - DAG(s) 'spark_example' retrieved from /opt/airflow/dags/spark_example.py
[2025-07-21T11:23:43.987+0000] {logging_mixin.py:190} INFO - [2025-07-21T11:23:43.986+0000] {dag.py:3239} INFO - Sync 1 DAGs
[2025-07-21T11:23:44.000+0000] {logging_mixin.py:190} INFO - [2025-07-21T11:23:44.000+0000] {dag.py:4180} INFO - Setting next_dagrun for spark_example to None, run_after=None
[2025-07-21T11:23:44.017+0000] {processor.py:208} INFO - Processing /opt/airflow/dags/spark_example.py took 0.709 seconds
[2025-07-21T11:24:14.314+0000] {processor.py:186} INFO - Started process (PID=131) to work on /opt/airflow/dags/spark_example.py
[2025-07-21T11:24:14.318+0000] {processor.py:914} INFO - Processing file /opt/airflow/dags/spark_example.py for tasks to queue
[2025-07-21T11:24:14.322+0000] {logging_mixin.py:190} INFO - [2025-07-21T11:24:14.321+0000] {dagbag.py:588} INFO - Filling up the DagBag from /opt/airflow/dags/spark_example.py
[2025-07-21T11:24:15.014+0000] {processor.py:925} INFO - DAG(s) 'spark_example' retrieved from /opt/airflow/dags/spark_example.py
[2025-07-21T11:24:15.048+0000] {logging_mixin.py:190} INFO - [2025-07-21T11:24:15.047+0000] {dag.py:3239} INFO - Sync 1 DAGs
[2025-07-21T11:24:15.071+0000] {logging_mixin.py:190} INFO - [2025-07-21T11:24:15.071+0000] {dag.py:4180} INFO - Setting next_dagrun for spark_example to None, run_after=None
[2025-07-21T11:24:15.094+0000] {processor.py:208} INFO - Processing /opt/airflow/dags/spark_example.py took 0.791 seconds
[2025-07-21T11:24:45.636+0000] {processor.py:186} INFO - Started process (PID=144) to work on /opt/airflow/dags/spark_example.py
[2025-07-21T11:24:45.641+0000] {processor.py:914} INFO - Processing file /opt/airflow/dags/spark_example.py for tasks to queue
[2025-07-21T11:24:45.644+0000] {logging_mixin.py:190} INFO - [2025-07-21T11:24:45.643+0000] {dagbag.py:588} INFO - Filling up the DagBag from /opt/airflow/dags/spark_example.py
[2025-07-21T11:24:46.126+0000] {processor.py:925} INFO - DAG(s) 'spark_example' retrieved from /opt/airflow/dags/spark_example.py
[2025-07-21T11:24:46.152+0000] {logging_mixin.py:190} INFO - [2025-07-21T11:24:46.151+0000] {dag.py:3239} INFO - Sync 1 DAGs
[2025-07-21T11:24:46.167+0000] {logging_mixin.py:190} INFO - [2025-07-21T11:24:46.166+0000] {dag.py:4180} INFO - Setting next_dagrun for spark_example to None, run_after=None
[2025-07-21T11:24:46.183+0000] {processor.py:208} INFO - Processing /opt/airflow/dags/spark_example.py took 0.555 seconds
[2025-07-21T11:25:16.287+0000] {processor.py:186} INFO - Started process (PID=157) to work on /opt/airflow/dags/spark_example.py
[2025-07-21T11:25:16.289+0000] {processor.py:914} INFO - Processing file /opt/airflow/dags/spark_example.py for tasks to queue
[2025-07-21T11:25:16.292+0000] {logging_mixin.py:190} INFO - [2025-07-21T11:25:16.291+0000] {dagbag.py:588} INFO - Filling up the DagBag from /opt/airflow/dags/spark_example.py
[2025-07-21T11:25:16.766+0000] {processor.py:925} INFO - DAG(s) 'spark_example' retrieved from /opt/airflow/dags/spark_example.py
[2025-07-21T11:25:16.789+0000] {logging_mixin.py:190} INFO - [2025-07-21T11:25:16.789+0000] {dag.py:3239} INFO - Sync 1 DAGs
[2025-07-21T11:25:16.804+0000] {logging_mixin.py:190} INFO - [2025-07-21T11:25:16.804+0000] {dag.py:4180} INFO - Setting next_dagrun for spark_example to None, run_after=None
[2025-07-21T11:25:16.821+0000] {processor.py:208} INFO - Processing /opt/airflow/dags/spark_example.py took 0.542 seconds
[2025-07-21T11:25:46.968+0000] {processor.py:186} INFO - Started process (PID=170) to work on /opt/airflow/dags/spark_example.py
[2025-07-21T11:25:46.970+0000] {processor.py:914} INFO - Processing file /opt/airflow/dags/spark_example.py for tasks to queue
[2025-07-21T11:25:46.973+0000] {logging_mixin.py:190} INFO - [2025-07-21T11:25:46.973+0000] {dagbag.py:588} INFO - Filling up the DagBag from /opt/airflow/dags/spark_example.py
[2025-07-21T11:25:47.449+0000] {processor.py:925} INFO - DAG(s) 'spark_example' retrieved from /opt/airflow/dags/spark_example.py
[2025-07-21T11:25:47.473+0000] {logging_mixin.py:190} INFO - [2025-07-21T11:25:47.472+0000] {dag.py:3239} INFO - Sync 1 DAGs
[2025-07-21T11:25:47.488+0000] {logging_mixin.py:190} INFO - [2025-07-21T11:25:47.488+0000] {dag.py:4180} INFO - Setting next_dagrun for spark_example to None, run_after=None
[2025-07-21T11:25:47.505+0000] {processor.py:208} INFO - Processing /opt/airflow/dags/spark_example.py took 0.544 seconds
[2025-07-21T11:26:17.642+0000] {processor.py:186} INFO - Started process (PID=183) to work on /opt/airflow/dags/spark_example.py
[2025-07-21T11:26:17.643+0000] {processor.py:914} INFO - Processing file /opt/airflow/dags/spark_example.py for tasks to queue
[2025-07-21T11:26:17.645+0000] {logging_mixin.py:190} INFO - [2025-07-21T11:26:17.645+0000] {dagbag.py:588} INFO - Filling up the DagBag from /opt/airflow/dags/spark_example.py
[2025-07-21T11:26:18.121+0000] {processor.py:925} INFO - DAG(s) 'spark_example' retrieved from /opt/airflow/dags/spark_example.py
[2025-07-21T11:26:18.149+0000] {logging_mixin.py:190} INFO - [2025-07-21T11:26:18.148+0000] {dag.py:3239} INFO - Sync 1 DAGs
[2025-07-21T11:26:18.166+0000] {logging_mixin.py:190} INFO - [2025-07-21T11:26:18.166+0000] {dag.py:4180} INFO - Setting next_dagrun for spark_example to None, run_after=None
[2025-07-21T11:26:18.185+0000] {processor.py:208} INFO - Processing /opt/airflow/dags/spark_example.py took 0.551 seconds
[2025-07-21T11:26:48.324+0000] {processor.py:186} INFO - Started process (PID=196) to work on /opt/airflow/dags/spark_example.py
[2025-07-21T11:26:48.326+0000] {processor.py:914} INFO - Processing file /opt/airflow/dags/spark_example.py for tasks to queue
[2025-07-21T11:26:48.329+0000] {logging_mixin.py:190} INFO - [2025-07-21T11:26:48.328+0000] {dagbag.py:588} INFO - Filling up the DagBag from /opt/airflow/dags/spark_example.py
[2025-07-21T11:26:48.808+0000] {processor.py:925} INFO - DAG(s) 'spark_example' retrieved from /opt/airflow/dags/spark_example.py
[2025-07-21T11:26:48.832+0000] {logging_mixin.py:190} INFO - [2025-07-21T11:26:48.831+0000] {dag.py:3239} INFO - Sync 1 DAGs
[2025-07-21T11:26:48.848+0000] {logging_mixin.py:190} INFO - [2025-07-21T11:26:48.848+0000] {dag.py:4180} INFO - Setting next_dagrun for spark_example to None, run_after=None
[2025-07-21T11:26:48.866+0000] {processor.py:208} INFO - Processing /opt/airflow/dags/spark_example.py took 0.549 seconds
[2025-07-21T11:27:19.014+0000] {processor.py:186} INFO - Started process (PID=209) to work on /opt/airflow/dags/spark_example.py
[2025-07-21T11:27:19.015+0000] {processor.py:914} INFO - Processing file /opt/airflow/dags/spark_example.py for tasks to queue
[2025-07-21T11:27:19.017+0000] {logging_mixin.py:190} INFO - [2025-07-21T11:27:19.017+0000] {dagbag.py:588} INFO - Filling up the DagBag from /opt/airflow/dags/spark_example.py
[2025-07-21T11:27:19.495+0000] {processor.py:925} INFO - DAG(s) 'spark_example' retrieved from /opt/airflow/dags/spark_example.py
[2025-07-21T11:27:19.520+0000] {logging_mixin.py:190} INFO - [2025-07-21T11:27:19.520+0000] {dag.py:3239} INFO - Sync 1 DAGs
[2025-07-21T11:27:19.536+0000] {logging_mixin.py:190} INFO - [2025-07-21T11:27:19.535+0000] {dag.py:4180} INFO - Setting next_dagrun for spark_example to None, run_after=None
[2025-07-21T11:27:19.554+0000] {processor.py:208} INFO - Processing /opt/airflow/dags/spark_example.py took 0.547 seconds
[2025-07-21T11:27:49.681+0000] {processor.py:186} INFO - Started process (PID=222) to work on /opt/airflow/dags/spark_example.py
[2025-07-21T11:27:49.683+0000] {processor.py:914} INFO - Processing file /opt/airflow/dags/spark_example.py for tasks to queue
[2025-07-21T11:27:49.686+0000] {logging_mixin.py:190} INFO - [2025-07-21T11:27:49.685+0000] {dagbag.py:588} INFO - Filling up the DagBag from /opt/airflow/dags/spark_example.py
[2025-07-21T11:27:50.168+0000] {processor.py:925} INFO - DAG(s) 'spark_example' retrieved from /opt/airflow/dags/spark_example.py
[2025-07-21T11:27:50.193+0000] {logging_mixin.py:190} INFO - [2025-07-21T11:27:50.192+0000] {dag.py:3239} INFO - Sync 1 DAGs
[2025-07-21T11:27:50.208+0000] {logging_mixin.py:190} INFO - [2025-07-21T11:27:50.208+0000] {dag.py:4180} INFO - Setting next_dagrun for spark_example to None, run_after=None
[2025-07-21T11:27:50.226+0000] {processor.py:208} INFO - Processing /opt/airflow/dags/spark_example.py took 0.552 seconds
[2025-07-21T11:28:20.373+0000] {processor.py:186} INFO - Started process (PID=235) to work on /opt/airflow/dags/spark_example.py
[2025-07-21T11:28:20.374+0000] {processor.py:914} INFO - Processing file /opt/airflow/dags/spark_example.py for tasks to queue
[2025-07-21T11:28:20.376+0000] {logging_mixin.py:190} INFO - [2025-07-21T11:28:20.376+0000] {dagbag.py:588} INFO - Filling up the DagBag from /opt/airflow/dags/spark_example.py
[2025-07-21T11:28:20.861+0000] {processor.py:925} INFO - DAG(s) 'spark_example' retrieved from /opt/airflow/dags/spark_example.py
[2025-07-21T11:28:20.886+0000] {logging_mixin.py:190} INFO - [2025-07-21T11:28:20.886+0000] {dag.py:3239} INFO - Sync 1 DAGs
[2025-07-21T11:28:20.902+0000] {logging_mixin.py:190} INFO - [2025-07-21T11:28:20.901+0000] {dag.py:4180} INFO - Setting next_dagrun for spark_example to None, run_after=None
[2025-07-21T11:28:20.919+0000] {processor.py:208} INFO - Processing /opt/airflow/dags/spark_example.py took 0.554 seconds
[2025-07-21T11:28:51.069+0000] {processor.py:186} INFO - Started process (PID=248) to work on /opt/airflow/dags/spark_example.py
[2025-07-21T11:28:51.071+0000] {processor.py:914} INFO - Processing file /opt/airflow/dags/spark_example.py for tasks to queue
[2025-07-21T11:28:51.074+0000] {logging_mixin.py:190} INFO - [2025-07-21T11:28:51.073+0000] {dagbag.py:588} INFO - Filling up the DagBag from /opt/airflow/dags/spark_example.py
[2025-07-21T11:28:51.550+0000] {processor.py:925} INFO - DAG(s) 'spark_example' retrieved from /opt/airflow/dags/spark_example.py
[2025-07-21T11:28:51.574+0000] {logging_mixin.py:190} INFO - [2025-07-21T11:28:51.573+0000] {dag.py:3239} INFO - Sync 1 DAGs
[2025-07-21T11:28:51.590+0000] {logging_mixin.py:190} INFO - [2025-07-21T11:28:51.589+0000] {dag.py:4180} INFO - Setting next_dagrun for spark_example to None, run_after=None
[2025-07-21T11:28:51.609+0000] {processor.py:208} INFO - Processing /opt/airflow/dags/spark_example.py took 0.547 seconds
[2025-07-21T11:29:21.761+0000] {processor.py:186} INFO - Started process (PID=261) to work on /opt/airflow/dags/spark_example.py
[2025-07-21T11:29:21.762+0000] {processor.py:914} INFO - Processing file /opt/airflow/dags/spark_example.py for tasks to queue
[2025-07-21T11:29:21.765+0000] {logging_mixin.py:190} INFO - [2025-07-21T11:29:21.764+0000] {dagbag.py:588} INFO - Filling up the DagBag from /opt/airflow/dags/spark_example.py
[2025-07-21T11:29:22.242+0000] {processor.py:925} INFO - DAG(s) 'spark_example' retrieved from /opt/airflow/dags/spark_example.py
[2025-07-21T11:29:22.266+0000] {logging_mixin.py:190} INFO - [2025-07-21T11:29:22.266+0000] {dag.py:3239} INFO - Sync 1 DAGs
[2025-07-21T11:29:22.286+0000] {logging_mixin.py:190} INFO - [2025-07-21T11:29:22.285+0000] {dag.py:4180} INFO - Setting next_dagrun for spark_example to None, run_after=None
[2025-07-21T11:29:22.305+0000] {processor.py:208} INFO - Processing /opt/airflow/dags/spark_example.py took 0.551 seconds
[2025-07-21T11:29:52.429+0000] {processor.py:186} INFO - Started process (PID=274) to work on /opt/airflow/dags/spark_example.py
[2025-07-21T11:29:52.431+0000] {processor.py:914} INFO - Processing file /opt/airflow/dags/spark_example.py for tasks to queue
[2025-07-21T11:29:52.434+0000] {logging_mixin.py:190} INFO - [2025-07-21T11:29:52.434+0000] {dagbag.py:588} INFO - Filling up the DagBag from /opt/airflow/dags/spark_example.py
[2025-07-21T11:29:52.909+0000] {processor.py:925} INFO - DAG(s) 'spark_example' retrieved from /opt/airflow/dags/spark_example.py
[2025-07-21T11:29:52.934+0000] {logging_mixin.py:190} INFO - [2025-07-21T11:29:52.934+0000] {dag.py:3239} INFO - Sync 1 DAGs
[2025-07-21T11:29:52.949+0000] {logging_mixin.py:190} INFO - [2025-07-21T11:29:52.949+0000] {dag.py:4180} INFO - Setting next_dagrun for spark_example to None, run_after=None
[2025-07-21T11:29:52.967+0000] {processor.py:208} INFO - Processing /opt/airflow/dags/spark_example.py took 0.545 seconds
[2025-07-21T11:30:23.101+0000] {processor.py:186} INFO - Started process (PID=287) to work on /opt/airflow/dags/spark_example.py
[2025-07-21T11:30:23.102+0000] {processor.py:914} INFO - Processing file /opt/airflow/dags/spark_example.py for tasks to queue
[2025-07-21T11:30:23.104+0000] {logging_mixin.py:190} INFO - [2025-07-21T11:30:23.104+0000] {dagbag.py:588} INFO - Filling up the DagBag from /opt/airflow/dags/spark_example.py
[2025-07-21T11:30:23.591+0000] {processor.py:925} INFO - DAG(s) 'spark_example' retrieved from /opt/airflow/dags/spark_example.py
[2025-07-21T11:30:23.615+0000] {logging_mixin.py:190} INFO - [2025-07-21T11:30:23.615+0000] {dag.py:3239} INFO - Sync 1 DAGs
[2025-07-21T11:30:23.631+0000] {logging_mixin.py:190} INFO - [2025-07-21T11:30:23.631+0000] {dag.py:4180} INFO - Setting next_dagrun for spark_example to None, run_after=None
[2025-07-21T11:30:23.648+0000] {processor.py:208} INFO - Processing /opt/airflow/dags/spark_example.py took 0.555 seconds
[2025-07-21T11:30:53.797+0000] {processor.py:186} INFO - Started process (PID=300) to work on /opt/airflow/dags/spark_example.py
[2025-07-21T11:30:53.798+0000] {processor.py:914} INFO - Processing file /opt/airflow/dags/spark_example.py for tasks to queue
[2025-07-21T11:30:53.802+0000] {logging_mixin.py:190} INFO - [2025-07-21T11:30:53.801+0000] {dagbag.py:588} INFO - Filling up the DagBag from /opt/airflow/dags/spark_example.py
[2025-07-21T11:30:54.282+0000] {processor.py:925} INFO - DAG(s) 'spark_example' retrieved from /opt/airflow/dags/spark_example.py
[2025-07-21T11:30:54.307+0000] {logging_mixin.py:190} INFO - [2025-07-21T11:30:54.306+0000] {dag.py:3239} INFO - Sync 1 DAGs
[2025-07-21T11:30:54.322+0000] {logging_mixin.py:190} INFO - [2025-07-21T11:30:54.322+0000] {dag.py:4180} INFO - Setting next_dagrun for spark_example to None, run_after=None
[2025-07-21T11:30:54.340+0000] {processor.py:208} INFO - Processing /opt/airflow/dags/spark_example.py took 0.551 seconds
[2025-07-21T11:31:24.480+0000] {processor.py:186} INFO - Started process (PID=313) to work on /opt/airflow/dags/spark_example.py
[2025-07-21T11:31:24.481+0000] {processor.py:914} INFO - Processing file /opt/airflow/dags/spark_example.py for tasks to queue
[2025-07-21T11:31:24.485+0000] {logging_mixin.py:190} INFO - [2025-07-21T11:31:24.484+0000] {dagbag.py:588} INFO - Filling up the DagBag from /opt/airflow/dags/spark_example.py
[2025-07-21T11:31:24.982+0000] {processor.py:925} INFO - DAG(s) 'spark_example' retrieved from /opt/airflow/dags/spark_example.py
[2025-07-21T11:31:25.007+0000] {logging_mixin.py:190} INFO - [2025-07-21T11:31:25.007+0000] {dag.py:3239} INFO - Sync 1 DAGs
[2025-07-21T11:31:25.023+0000] {logging_mixin.py:190} INFO - [2025-07-21T11:31:25.023+0000] {dag.py:4180} INFO - Setting next_dagrun for spark_example to None, run_after=None
[2025-07-21T11:31:25.042+0000] {processor.py:208} INFO - Processing /opt/airflow/dags/spark_example.py took 0.570 seconds
[2025-07-21T11:31:55.189+0000] {processor.py:186} INFO - Started process (PID=326) to work on /opt/airflow/dags/spark_example.py
[2025-07-21T11:31:55.190+0000] {processor.py:914} INFO - Processing file /opt/airflow/dags/spark_example.py for tasks to queue
[2025-07-21T11:31:55.193+0000] {logging_mixin.py:190} INFO - [2025-07-21T11:31:55.193+0000] {dagbag.py:588} INFO - Filling up the DagBag from /opt/airflow/dags/spark_example.py
[2025-07-21T11:31:55.677+0000] {processor.py:925} INFO - DAG(s) 'spark_example' retrieved from /opt/airflow/dags/spark_example.py
[2025-07-21T11:31:55.701+0000] {logging_mixin.py:190} INFO - [2025-07-21T11:31:55.700+0000] {dag.py:3239} INFO - Sync 1 DAGs
[2025-07-21T11:31:55.717+0000] {logging_mixin.py:190} INFO - [2025-07-21T11:31:55.717+0000] {dag.py:4180} INFO - Setting next_dagrun for spark_example to None, run_after=None
[2025-07-21T11:31:55.734+0000] {processor.py:208} INFO - Processing /opt/airflow/dags/spark_example.py took 0.553 seconds
[2025-07-21T11:32:25.868+0000] {processor.py:186} INFO - Started process (PID=339) to work on /opt/airflow/dags/spark_example.py
[2025-07-21T11:32:25.869+0000] {processor.py:914} INFO - Processing file /opt/airflow/dags/spark_example.py for tasks to queue
[2025-07-21T11:32:25.872+0000] {logging_mixin.py:190} INFO - [2025-07-21T11:32:25.872+0000] {dagbag.py:588} INFO - Filling up the DagBag from /opt/airflow/dags/spark_example.py
[2025-07-21T11:32:26.352+0000] {processor.py:925} INFO - DAG(s) 'spark_example' retrieved from /opt/airflow/dags/spark_example.py
[2025-07-21T11:32:26.378+0000] {logging_mixin.py:190} INFO - [2025-07-21T11:32:26.377+0000] {dag.py:3239} INFO - Sync 1 DAGs
[2025-07-21T11:32:26.393+0000] {logging_mixin.py:190} INFO - [2025-07-21T11:32:26.393+0000] {dag.py:4180} INFO - Setting next_dagrun for spark_example to None, run_after=None
[2025-07-21T11:32:26.410+0000] {processor.py:208} INFO - Processing /opt/airflow/dags/spark_example.py took 0.550 seconds
[2025-07-21T11:32:57.086+0000] {processor.py:186} INFO - Started process (PID=352) to work on /opt/airflow/dags/spark_example.py
[2025-07-21T11:32:57.089+0000] {processor.py:914} INFO - Processing file /opt/airflow/dags/spark_example.py for tasks to queue
[2025-07-21T11:32:57.093+0000] {logging_mixin.py:190} INFO - [2025-07-21T11:32:57.092+0000] {dagbag.py:588} INFO - Filling up the DagBag from /opt/airflow/dags/spark_example.py
[2025-07-21T11:32:57.577+0000] {processor.py:925} INFO - DAG(s) 'spark_example' retrieved from /opt/airflow/dags/spark_example.py
[2025-07-21T11:32:57.602+0000] {logging_mixin.py:190} INFO - [2025-07-21T11:32:57.602+0000] {dag.py:3239} INFO - Sync 1 DAGs
[2025-07-21T11:32:57.618+0000] {logging_mixin.py:190} INFO - [2025-07-21T11:32:57.618+0000] {dag.py:4180} INFO - Setting next_dagrun for spark_example to None, run_after=None
[2025-07-21T11:32:57.636+0000] {processor.py:208} INFO - Processing /opt/airflow/dags/spark_example.py took 0.557 seconds
[2025-07-21T11:33:28.331+0000] {processor.py:186} INFO - Started process (PID=365) to work on /opt/airflow/dags/spark_example.py
[2025-07-21T11:33:28.332+0000] {processor.py:914} INFO - Processing file /opt/airflow/dags/spark_example.py for tasks to queue
[2025-07-21T11:33:28.334+0000] {logging_mixin.py:190} INFO - [2025-07-21T11:33:28.334+0000] {dagbag.py:588} INFO - Filling up the DagBag from /opt/airflow/dags/spark_example.py
[2025-07-21T11:33:28.815+0000] {processor.py:925} INFO - DAG(s) 'spark_example' retrieved from /opt/airflow/dags/spark_example.py
[2025-07-21T11:33:28.840+0000] {logging_mixin.py:190} INFO - [2025-07-21T11:33:28.839+0000] {dag.py:3239} INFO - Sync 1 DAGs
[2025-07-21T11:33:28.856+0000] {logging_mixin.py:190} INFO - [2025-07-21T11:33:28.855+0000] {dag.py:4180} INFO - Setting next_dagrun for spark_example to None, run_after=None
[2025-07-21T11:33:28.874+0000] {processor.py:208} INFO - Processing /opt/airflow/dags/spark_example.py took 0.550 seconds
[2025-07-21T11:33:59.578+0000] {processor.py:186} INFO - Started process (PID=378) to work on /opt/airflow/dags/spark_example.py
[2025-07-21T11:33:59.580+0000] {processor.py:914} INFO - Processing file /opt/airflow/dags/spark_example.py for tasks to queue
[2025-07-21T11:33:59.583+0000] {logging_mixin.py:190} INFO - [2025-07-21T11:33:59.582+0000] {dagbag.py:588} INFO - Filling up the DagBag from /opt/airflow/dags/spark_example.py
[2025-07-21T11:34:00.062+0000] {processor.py:925} INFO - DAG(s) 'spark_example' retrieved from /opt/airflow/dags/spark_example.py
[2025-07-21T11:34:00.086+0000] {logging_mixin.py:190} INFO - [2025-07-21T11:34:00.086+0000] {dag.py:3239} INFO - Sync 1 DAGs
[2025-07-21T11:34:00.101+0000] {logging_mixin.py:190} INFO - [2025-07-21T11:34:00.101+0000] {dag.py:4180} INFO - Setting next_dagrun for spark_example to None, run_after=None
[2025-07-21T11:34:00.119+0000] {processor.py:208} INFO - Processing /opt/airflow/dags/spark_example.py took 0.548 seconds
[2025-07-21T11:34:30.343+0000] {processor.py:186} INFO - Started process (PID=391) to work on /opt/airflow/dags/spark_example.py
[2025-07-21T11:34:30.344+0000] {processor.py:914} INFO - Processing file /opt/airflow/dags/spark_example.py for tasks to queue
[2025-07-21T11:34:30.347+0000] {logging_mixin.py:190} INFO - [2025-07-21T11:34:30.347+0000] {dagbag.py:588} INFO - Filling up the DagBag from /opt/airflow/dags/spark_example.py
[2025-07-21T11:34:30.830+0000] {processor.py:925} INFO - DAG(s) 'spark_example' retrieved from /opt/airflow/dags/spark_example.py
[2025-07-21T11:34:30.853+0000] {logging_mixin.py:190} INFO - [2025-07-21T11:34:30.852+0000] {dag.py:3239} INFO - Sync 1 DAGs
[2025-07-21T11:34:30.870+0000] {logging_mixin.py:190} INFO - [2025-07-21T11:34:30.869+0000] {dag.py:4180} INFO - Setting next_dagrun for spark_example to None, run_after=None
[2025-07-21T11:34:30.887+0000] {processor.py:208} INFO - Processing /opt/airflow/dags/spark_example.py took 0.552 seconds
[2025-07-21T11:35:01.511+0000] {processor.py:186} INFO - Started process (PID=404) to work on /opt/airflow/dags/spark_example.py
[2025-07-21T11:35:01.513+0000] {processor.py:914} INFO - Processing file /opt/airflow/dags/spark_example.py for tasks to queue
[2025-07-21T11:35:01.516+0000] {logging_mixin.py:190} INFO - [2025-07-21T11:35:01.516+0000] {dagbag.py:588} INFO - Filling up the DagBag from /opt/airflow/dags/spark_example.py
[2025-07-21T11:35:02.002+0000] {processor.py:925} INFO - DAG(s) 'spark_example' retrieved from /opt/airflow/dags/spark_example.py
[2025-07-21T11:35:02.029+0000] {logging_mixin.py:190} INFO - [2025-07-21T11:35:02.029+0000] {dag.py:3239} INFO - Sync 1 DAGs
[2025-07-21T11:35:02.045+0000] {logging_mixin.py:190} INFO - [2025-07-21T11:35:02.044+0000] {dag.py:4180} INFO - Setting next_dagrun for spark_example to None, run_after=None
[2025-07-21T11:35:02.062+0000] {processor.py:208} INFO - Processing /opt/airflow/dags/spark_example.py took 0.558 seconds
[2025-07-21T11:35:32.287+0000] {processor.py:186} INFO - Started process (PID=417) to work on /opt/airflow/dags/spark_example.py
[2025-07-21T11:35:32.288+0000] {processor.py:914} INFO - Processing file /opt/airflow/dags/spark_example.py for tasks to queue
[2025-07-21T11:35:32.291+0000] {logging_mixin.py:190} INFO - [2025-07-21T11:35:32.291+0000] {dagbag.py:588} INFO - Filling up the DagBag from /opt/airflow/dags/spark_example.py
[2025-07-21T11:35:32.773+0000] {processor.py:925} INFO - DAG(s) 'spark_example' retrieved from /opt/airflow/dags/spark_example.py
[2025-07-21T11:35:32.798+0000] {logging_mixin.py:190} INFO - [2025-07-21T11:35:32.797+0000] {dag.py:3239} INFO - Sync 1 DAGs
[2025-07-21T11:35:32.813+0000] {logging_mixin.py:190} INFO - [2025-07-21T11:35:32.813+0000] {dag.py:4180} INFO - Setting next_dagrun for spark_example to None, run_after=None
[2025-07-21T11:35:32.831+0000] {processor.py:208} INFO - Processing /opt/airflow/dags/spark_example.py took 0.552 seconds
[2025-07-21T11:36:02.961+0000] {processor.py:186} INFO - Started process (PID=430) to work on /opt/airflow/dags/spark_example.py
[2025-07-21T11:36:02.963+0000] {processor.py:914} INFO - Processing file /opt/airflow/dags/spark_example.py for tasks to queue
[2025-07-21T11:36:02.966+0000] {logging_mixin.py:190} INFO - [2025-07-21T11:36:02.966+0000] {dagbag.py:588} INFO - Filling up the DagBag from /opt/airflow/dags/spark_example.py
[2025-07-21T11:36:03.456+0000] {processor.py:925} INFO - DAG(s) 'spark_example' retrieved from /opt/airflow/dags/spark_example.py
[2025-07-21T11:36:03.481+0000] {logging_mixin.py:190} INFO - [2025-07-21T11:36:03.480+0000] {dag.py:3239} INFO - Sync 1 DAGs
[2025-07-21T11:36:03.496+0000] {logging_mixin.py:190} INFO - [2025-07-21T11:36:03.496+0000] {dag.py:4180} INFO - Setting next_dagrun for spark_example to None, run_after=None
[2025-07-21T11:36:03.514+0000] {processor.py:208} INFO - Processing /opt/airflow/dags/spark_example.py took 0.561 seconds
[2025-07-21T11:36:34.156+0000] {processor.py:186} INFO - Started process (PID=443) to work on /opt/airflow/dags/spark_example.py
[2025-07-21T11:36:34.157+0000] {processor.py:914} INFO - Processing file /opt/airflow/dags/spark_example.py for tasks to queue
[2025-07-21T11:36:34.160+0000] {logging_mixin.py:190} INFO - [2025-07-21T11:36:34.159+0000] {dagbag.py:588} INFO - Filling up the DagBag from /opt/airflow/dags/spark_example.py
[2025-07-21T11:36:34.668+0000] {processor.py:925} INFO - DAG(s) 'spark_example' retrieved from /opt/airflow/dags/spark_example.py
[2025-07-21T11:36:34.692+0000] {logging_mixin.py:190} INFO - [2025-07-21T11:36:34.692+0000] {dag.py:3239} INFO - Sync 1 DAGs
[2025-07-21T11:36:34.707+0000] {logging_mixin.py:190} INFO - [2025-07-21T11:36:34.707+0000] {dag.py:4180} INFO - Setting next_dagrun for spark_example to None, run_after=None
[2025-07-21T11:36:34.727+0000] {processor.py:208} INFO - Processing /opt/airflow/dags/spark_example.py took 0.578 seconds
[2025-07-21T11:37:04.952+0000] {processor.py:186} INFO - Started process (PID=455) to work on /opt/airflow/dags/spark_example.py
[2025-07-21T11:37:04.954+0000] {processor.py:914} INFO - Processing file /opt/airflow/dags/spark_example.py for tasks to queue
[2025-07-21T11:37:04.956+0000] {logging_mixin.py:190} INFO - [2025-07-21T11:37:04.956+0000] {dagbag.py:588} INFO - Filling up the DagBag from /opt/airflow/dags/spark_example.py
[2025-07-21T11:37:05.441+0000] {processor.py:925} INFO - DAG(s) 'spark_example' retrieved from /opt/airflow/dags/spark_example.py
[2025-07-21T11:37:05.466+0000] {logging_mixin.py:190} INFO - [2025-07-21T11:37:05.465+0000] {dag.py:3239} INFO - Sync 1 DAGs
[2025-07-21T11:37:05.482+0000] {logging_mixin.py:190} INFO - [2025-07-21T11:37:05.482+0000] {dag.py:4180} INFO - Setting next_dagrun for spark_example to None, run_after=None
[2025-07-21T11:37:05.499+0000] {processor.py:208} INFO - Processing /opt/airflow/dags/spark_example.py took 0.555 seconds
[2025-07-21T11:37:35.630+0000] {processor.py:186} INFO - Started process (PID=468) to work on /opt/airflow/dags/spark_example.py
[2025-07-21T11:37:35.631+0000] {processor.py:914} INFO - Processing file /opt/airflow/dags/spark_example.py for tasks to queue
[2025-07-21T11:37:35.634+0000] {logging_mixin.py:190} INFO - [2025-07-21T11:37:35.633+0000] {dagbag.py:588} INFO - Filling up the DagBag from /opt/airflow/dags/spark_example.py
[2025-07-21T11:37:36.110+0000] {processor.py:925} INFO - DAG(s) 'spark_example' retrieved from /opt/airflow/dags/spark_example.py
[2025-07-21T11:37:36.134+0000] {logging_mixin.py:190} INFO - [2025-07-21T11:37:36.134+0000] {dag.py:3239} INFO - Sync 1 DAGs
[2025-07-21T11:37:36.149+0000] {logging_mixin.py:190} INFO - [2025-07-21T11:37:36.149+0000] {dag.py:4180} INFO - Setting next_dagrun for spark_example to None, run_after=None
[2025-07-21T11:37:36.166+0000] {processor.py:208} INFO - Processing /opt/airflow/dags/spark_example.py took 0.543 seconds
[2025-07-21T11:38:06.825+0000] {processor.py:186} INFO - Started process (PID=481) to work on /opt/airflow/dags/spark_example.py
[2025-07-21T11:38:06.826+0000] {processor.py:914} INFO - Processing file /opt/airflow/dags/spark_example.py for tasks to queue
[2025-07-21T11:38:06.829+0000] {logging_mixin.py:190} INFO - [2025-07-21T11:38:06.829+0000] {dagbag.py:588} INFO - Filling up the DagBag from /opt/airflow/dags/spark_example.py
[2025-07-21T11:38:07.299+0000] {processor.py:925} INFO - DAG(s) 'spark_example' retrieved from /opt/airflow/dags/spark_example.py
[2025-07-21T11:38:07.325+0000] {logging_mixin.py:190} INFO - [2025-07-21T11:38:07.325+0000] {dag.py:3239} INFO - Sync 1 DAGs
[2025-07-21T11:38:07.341+0000] {logging_mixin.py:190} INFO - [2025-07-21T11:38:07.341+0000] {dag.py:4180} INFO - Setting next_dagrun for spark_example to None, run_after=None
[2025-07-21T11:38:07.360+0000] {processor.py:208} INFO - Processing /opt/airflow/dags/spark_example.py took 0.542 seconds
[2025-07-21T11:38:37.580+0000] {processor.py:186} INFO - Started process (PID=494) to work on /opt/airflow/dags/spark_example.py
[2025-07-21T11:38:37.581+0000] {processor.py:914} INFO - Processing file /opt/airflow/dags/spark_example.py for tasks to queue
[2025-07-21T11:38:37.584+0000] {logging_mixin.py:190} INFO - [2025-07-21T11:38:37.583+0000] {dagbag.py:588} INFO - Filling up the DagBag from /opt/airflow/dags/spark_example.py
[2025-07-21T11:38:38.070+0000] {processor.py:925} INFO - DAG(s) 'spark_example' retrieved from /opt/airflow/dags/spark_example.py
[2025-07-21T11:38:38.095+0000] {logging_mixin.py:190} INFO - [2025-07-21T11:38:38.095+0000] {dag.py:3239} INFO - Sync 1 DAGs
[2025-07-21T11:38:38.110+0000] {logging_mixin.py:190} INFO - [2025-07-21T11:38:38.110+0000] {dag.py:4180} INFO - Setting next_dagrun for spark_example to None, run_after=None
[2025-07-21T11:38:38.127+0000] {processor.py:208} INFO - Processing /opt/airflow/dags/spark_example.py took 0.555 seconds
[2025-07-21T11:39:08.818+0000] {processor.py:186} INFO - Started process (PID=507) to work on /opt/airflow/dags/spark_example.py
[2025-07-21T11:39:08.819+0000] {processor.py:914} INFO - Processing file /opt/airflow/dags/spark_example.py for tasks to queue
[2025-07-21T11:39:08.822+0000] {logging_mixin.py:190} INFO - [2025-07-21T11:39:08.822+0000] {dagbag.py:588} INFO - Filling up the DagBag from /opt/airflow/dags/spark_example.py
[2025-07-21T11:39:09.311+0000] {processor.py:925} INFO - DAG(s) 'spark_example' retrieved from /opt/airflow/dags/spark_example.py
[2025-07-21T11:39:09.334+0000] {logging_mixin.py:190} INFO - [2025-07-21T11:39:09.334+0000] {dag.py:3239} INFO - Sync 1 DAGs
[2025-07-21T11:39:09.349+0000] {logging_mixin.py:190} INFO - [2025-07-21T11:39:09.349+0000] {dag.py:4180} INFO - Setting next_dagrun for spark_example to None, run_after=None
[2025-07-21T11:39:09.366+0000] {processor.py:208} INFO - Processing /opt/airflow/dags/spark_example.py took 0.555 seconds
[2025-07-21T11:39:39.584+0000] {processor.py:186} INFO - Started process (PID=520) to work on /opt/airflow/dags/spark_example.py
[2025-07-21T11:39:39.585+0000] {processor.py:914} INFO - Processing file /opt/airflow/dags/spark_example.py for tasks to queue
[2025-07-21T11:39:39.588+0000] {logging_mixin.py:190} INFO - [2025-07-21T11:39:39.588+0000] {dagbag.py:588} INFO - Filling up the DagBag from /opt/airflow/dags/spark_example.py
[2025-07-21T11:39:40.079+0000] {processor.py:925} INFO - DAG(s) 'spark_example' retrieved from /opt/airflow/dags/spark_example.py
[2025-07-21T11:39:40.103+0000] {logging_mixin.py:190} INFO - [2025-07-21T11:39:40.103+0000] {dag.py:3239} INFO - Sync 1 DAGs
[2025-07-21T11:39:40.118+0000] {logging_mixin.py:190} INFO - [2025-07-21T11:39:40.118+0000] {dag.py:4180} INFO - Setting next_dagrun for spark_example to None, run_after=None
[2025-07-21T11:39:40.138+0000] {processor.py:208} INFO - Processing /opt/airflow/dags/spark_example.py took 0.562 seconds
[2025-07-21T11:40:10.260+0000] {processor.py:186} INFO - Started process (PID=533) to work on /opt/airflow/dags/spark_example.py
[2025-07-21T11:40:10.281+0000] {processor.py:914} INFO - Processing file /opt/airflow/dags/spark_example.py for tasks to queue
[2025-07-21T11:40:10.284+0000] {logging_mixin.py:190} INFO - [2025-07-21T11:40:10.284+0000] {dagbag.py:588} INFO - Filling up the DagBag from /opt/airflow/dags/spark_example.py
[2025-07-21T11:40:10.766+0000] {processor.py:925} INFO - DAG(s) 'spark_example' retrieved from /opt/airflow/dags/spark_example.py
[2025-07-21T11:40:10.791+0000] {logging_mixin.py:190} INFO - [2025-07-21T11:40:10.790+0000] {dag.py:3239} INFO - Sync 1 DAGs
[2025-07-21T11:40:10.807+0000] {logging_mixin.py:190} INFO - [2025-07-21T11:40:10.807+0000] {dag.py:4180} INFO - Setting next_dagrun for spark_example to None, run_after=None
[2025-07-21T11:40:10.824+0000] {processor.py:208} INFO - Processing /opt/airflow/dags/spark_example.py took 0.572 seconds
[2025-07-21T11:40:40.931+0000] {processor.py:186} INFO - Started process (PID=546) to work on /opt/airflow/dags/spark_example.py
[2025-07-21T11:40:40.982+0000] {processor.py:914} INFO - Processing file /opt/airflow/dags/spark_example.py for tasks to queue
[2025-07-21T11:40:40.986+0000] {logging_mixin.py:190} INFO - [2025-07-21T11:40:40.985+0000] {dagbag.py:588} INFO - Filling up the DagBag from /opt/airflow/dags/spark_example.py
[2025-07-21T11:40:41.461+0000] {processor.py:925} INFO - DAG(s) 'spark_example' retrieved from /opt/airflow/dags/spark_example.py
[2025-07-21T11:40:41.487+0000] {logging_mixin.py:190} INFO - [2025-07-21T11:40:41.486+0000] {dag.py:3239} INFO - Sync 1 DAGs
[2025-07-21T11:40:41.502+0000] {logging_mixin.py:190} INFO - [2025-07-21T11:40:41.502+0000] {dag.py:4180} INFO - Setting next_dagrun for spark_example to None, run_after=None
[2025-07-21T11:40:41.520+0000] {processor.py:208} INFO - Processing /opt/airflow/dags/spark_example.py took 0.596 seconds
[2025-07-21T11:41:11.603+0000] {processor.py:186} INFO - Started process (PID=559) to work on /opt/airflow/dags/spark_example.py
[2025-07-21T11:41:11.605+0000] {processor.py:914} INFO - Processing file /opt/airflow/dags/spark_example.py for tasks to queue
[2025-07-21T11:41:11.607+0000] {logging_mixin.py:190} INFO - [2025-07-21T11:41:11.607+0000] {dagbag.py:588} INFO - Filling up the DagBag from /opt/airflow/dags/spark_example.py
[2025-07-21T11:41:12.090+0000] {processor.py:925} INFO - DAG(s) 'spark_example' retrieved from /opt/airflow/dags/spark_example.py
[2025-07-21T11:41:12.114+0000] {logging_mixin.py:190} INFO - [2025-07-21T11:41:12.113+0000] {dag.py:3239} INFO - Sync 1 DAGs
[2025-07-21T11:41:12.129+0000] {logging_mixin.py:190} INFO - [2025-07-21T11:41:12.128+0000] {dag.py:4180} INFO - Setting next_dagrun for spark_example to None, run_after=None
[2025-07-21T11:41:12.146+0000] {processor.py:208} INFO - Processing /opt/airflow/dags/spark_example.py took 0.551 seconds
[2025-07-21T11:41:42.281+0000] {processor.py:186} INFO - Started process (PID=572) to work on /opt/airflow/dags/spark_example.py
[2025-07-21T11:41:42.282+0000] {processor.py:914} INFO - Processing file /opt/airflow/dags/spark_example.py for tasks to queue
[2025-07-21T11:41:42.284+0000] {logging_mixin.py:190} INFO - [2025-07-21T11:41:42.284+0000] {dagbag.py:588} INFO - Filling up the DagBag from /opt/airflow/dags/spark_example.py
[2025-07-21T11:41:42.776+0000] {processor.py:925} INFO - DAG(s) 'spark_example' retrieved from /opt/airflow/dags/spark_example.py
[2025-07-21T11:41:42.801+0000] {logging_mixin.py:190} INFO - [2025-07-21T11:41:42.800+0000] {dag.py:3239} INFO - Sync 1 DAGs
[2025-07-21T11:41:42.815+0000] {logging_mixin.py:190} INFO - [2025-07-21T11:41:42.815+0000] {dag.py:4180} INFO - Setting next_dagrun for spark_example to None, run_after=None
[2025-07-21T11:41:42.834+0000] {processor.py:208} INFO - Processing /opt/airflow/dags/spark_example.py took 0.561 seconds
[2025-07-21T11:42:13.437+0000] {processor.py:186} INFO - Started process (PID=591) to work on /opt/airflow/dags/spark_example.py
[2025-07-21T11:42:13.440+0000] {processor.py:914} INFO - Processing file /opt/airflow/dags/spark_example.py for tasks to queue
[2025-07-21T11:42:13.443+0000] {logging_mixin.py:190} INFO - [2025-07-21T11:42:13.442+0000] {dagbag.py:588} INFO - Filling up the DagBag from /opt/airflow/dags/spark_example.py
[2025-07-21T11:42:13.915+0000] {processor.py:925} INFO - DAG(s) 'spark_example' retrieved from /opt/airflow/dags/spark_example.py
[2025-07-21T11:42:13.940+0000] {logging_mixin.py:190} INFO - [2025-07-21T11:42:13.939+0000] {dag.py:3239} INFO - Sync 1 DAGs
[2025-07-21T11:42:13.956+0000] {logging_mixin.py:190} INFO - [2025-07-21T11:42:13.956+0000] {dag.py:4180} INFO - Setting next_dagrun for spark_example to None, run_after=None
[2025-07-21T11:42:13.973+0000] {processor.py:208} INFO - Processing /opt/airflow/dags/spark_example.py took 0.543 seconds
[2025-07-21T11:42:44.203+0000] {processor.py:186} INFO - Started process (PID=604) to work on /opt/airflow/dags/spark_example.py
[2025-07-21T11:42:44.204+0000] {processor.py:914} INFO - Processing file /opt/airflow/dags/spark_example.py for tasks to queue
[2025-07-21T11:42:44.207+0000] {logging_mixin.py:190} INFO - [2025-07-21T11:42:44.207+0000] {dagbag.py:588} INFO - Filling up the DagBag from /opt/airflow/dags/spark_example.py
[2025-07-21T11:42:44.693+0000] {processor.py:925} INFO - DAG(s) 'spark_example' retrieved from /opt/airflow/dags/spark_example.py
[2025-07-21T11:42:44.717+0000] {logging_mixin.py:190} INFO - [2025-07-21T11:42:44.717+0000] {dag.py:3239} INFO - Sync 1 DAGs
[2025-07-21T11:42:44.734+0000] {logging_mixin.py:190} INFO - [2025-07-21T11:42:44.733+0000] {dag.py:4180} INFO - Setting next_dagrun for spark_example to None, run_after=None
[2025-07-21T11:42:44.751+0000] {processor.py:208} INFO - Processing /opt/airflow/dags/spark_example.py took 0.556 seconds
[2025-07-21T11:43:15.362+0000] {processor.py:186} INFO - Started process (PID=617) to work on /opt/airflow/dags/spark_example.py
[2025-07-21T11:43:15.363+0000] {processor.py:914} INFO - Processing file /opt/airflow/dags/spark_example.py for tasks to queue
[2025-07-21T11:43:15.366+0000] {logging_mixin.py:190} INFO - [2025-07-21T11:43:15.366+0000] {dagbag.py:588} INFO - Filling up the DagBag from /opt/airflow/dags/spark_example.py
[2025-07-21T11:43:15.853+0000] {processor.py:925} INFO - DAG(s) 'spark_example' retrieved from /opt/airflow/dags/spark_example.py
[2025-07-21T11:43:15.879+0000] {logging_mixin.py:190} INFO - [2025-07-21T11:43:15.878+0000] {dag.py:3239} INFO - Sync 1 DAGs
[2025-07-21T11:43:15.894+0000] {logging_mixin.py:190} INFO - [2025-07-21T11:43:15.894+0000] {dag.py:4180} INFO - Setting next_dagrun for spark_example to None, run_after=None
[2025-07-21T11:43:15.912+0000] {processor.py:208} INFO - Processing /opt/airflow/dags/spark_example.py took 0.558 seconds
[2025-07-21T11:43:46.142+0000] {processor.py:186} INFO - Started process (PID=630) to work on /opt/airflow/dags/spark_example.py
[2025-07-21T11:43:46.143+0000] {processor.py:914} INFO - Processing file /opt/airflow/dags/spark_example.py for tasks to queue
[2025-07-21T11:43:46.145+0000] {logging_mixin.py:190} INFO - [2025-07-21T11:43:46.145+0000] {dagbag.py:588} INFO - Filling up the DagBag from /opt/airflow/dags/spark_example.py
[2025-07-21T11:43:46.624+0000] {processor.py:925} INFO - DAG(s) 'spark_example' retrieved from /opt/airflow/dags/spark_example.py
[2025-07-21T11:43:46.649+0000] {logging_mixin.py:190} INFO - [2025-07-21T11:43:46.648+0000] {dag.py:3239} INFO - Sync 1 DAGs
[2025-07-21T11:43:46.664+0000] {logging_mixin.py:190} INFO - [2025-07-21T11:43:46.664+0000] {dag.py:4180} INFO - Setting next_dagrun for spark_example to None, run_after=None
[2025-07-21T11:43:46.681+0000] {processor.py:208} INFO - Processing /opt/airflow/dags/spark_example.py took 0.547 seconds
[2025-07-21T11:44:17.621+0000] {processor.py:186} INFO - Started process (PID=643) to work on /opt/airflow/dags/spark_example.py
[2025-07-21T11:44:17.623+0000] {processor.py:914} INFO - Processing file /opt/airflow/dags/spark_example.py for tasks to queue
[2025-07-21T11:44:17.626+0000] {logging_mixin.py:190} INFO - [2025-07-21T11:44:17.626+0000] {dagbag.py:588} INFO - Filling up the DagBag from /opt/airflow/dags/spark_example.py
[2025-07-21T11:44:18.126+0000] {processor.py:925} INFO - DAG(s) 'spark_example' retrieved from /opt/airflow/dags/spark_example.py
[2025-07-21T11:44:18.152+0000] {logging_mixin.py:190} INFO - [2025-07-21T11:44:18.151+0000] {dag.py:3239} INFO - Sync 1 DAGs
[2025-07-21T11:44:18.168+0000] {logging_mixin.py:190} INFO - [2025-07-21T11:44:18.167+0000] {dag.py:4180} INFO - Setting next_dagrun for spark_example to None, run_after=None
[2025-07-21T11:44:18.186+0000] {processor.py:208} INFO - Processing /opt/airflow/dags/spark_example.py took 0.572 seconds
[2025-07-21T11:44:48.393+0000] {processor.py:186} INFO - Started process (PID=656) to work on /opt/airflow/dags/spark_example.py
[2025-07-21T11:44:48.394+0000] {processor.py:914} INFO - Processing file /opt/airflow/dags/spark_example.py for tasks to queue
[2025-07-21T11:44:48.397+0000] {logging_mixin.py:190} INFO - [2025-07-21T11:44:48.397+0000] {dagbag.py:588} INFO - Filling up the DagBag from /opt/airflow/dags/spark_example.py
[2025-07-21T11:44:48.896+0000] {processor.py:925} INFO - DAG(s) 'spark_example' retrieved from /opt/airflow/dags/spark_example.py
[2025-07-21T11:44:48.920+0000] {logging_mixin.py:190} INFO - [2025-07-21T11:44:48.919+0000] {dag.py:3239} INFO - Sync 1 DAGs
[2025-07-21T11:44:48.936+0000] {logging_mixin.py:190} INFO - [2025-07-21T11:44:48.936+0000] {dag.py:4180} INFO - Setting next_dagrun for spark_example to None, run_after=None
[2025-07-21T11:44:48.954+0000] {processor.py:208} INFO - Processing /opt/airflow/dags/spark_example.py took 0.569 seconds
[2025-07-21T11:45:19.078+0000] {processor.py:186} INFO - Started process (PID=669) to work on /opt/airflow/dags/spark_example.py
[2025-07-21T11:45:19.132+0000] {processor.py:914} INFO - Processing file /opt/airflow/dags/spark_example.py for tasks to queue
[2025-07-21T11:45:19.135+0000] {logging_mixin.py:190} INFO - [2025-07-21T11:45:19.135+0000] {dagbag.py:588} INFO - Filling up the DagBag from /opt/airflow/dags/spark_example.py
[2025-07-21T11:45:19.615+0000] {processor.py:925} INFO - DAG(s) 'spark_example' retrieved from /opt/airflow/dags/spark_example.py
[2025-07-21T11:45:19.639+0000] {logging_mixin.py:190} INFO - [2025-07-21T11:45:19.639+0000] {dag.py:3239} INFO - Sync 1 DAGs
[2025-07-21T11:45:19.656+0000] {logging_mixin.py:190} INFO - [2025-07-21T11:45:19.656+0000] {dag.py:4180} INFO - Setting next_dagrun for spark_example to None, run_after=None
[2025-07-21T11:45:19.675+0000] {processor.py:208} INFO - Processing /opt/airflow/dags/spark_example.py took 0.604 seconds
[2025-07-21T11:45:49.767+0000] {processor.py:186} INFO - Started process (PID=682) to work on /opt/airflow/dags/spark_example.py
[2025-07-21T11:45:49.768+0000] {processor.py:914} INFO - Processing file /opt/airflow/dags/spark_example.py for tasks to queue
[2025-07-21T11:45:49.771+0000] {logging_mixin.py:190} INFO - [2025-07-21T11:45:49.770+0000] {dagbag.py:588} INFO - Filling up the DagBag from /opt/airflow/dags/spark_example.py
[2025-07-21T11:45:50.254+0000] {processor.py:925} INFO - DAG(s) 'spark_example' retrieved from /opt/airflow/dags/spark_example.py
[2025-07-21T11:45:50.280+0000] {logging_mixin.py:190} INFO - [2025-07-21T11:45:50.279+0000] {dag.py:3239} INFO - Sync 1 DAGs
[2025-07-21T11:45:50.295+0000] {logging_mixin.py:190} INFO - [2025-07-21T11:45:50.295+0000] {dag.py:4180} INFO - Setting next_dagrun for spark_example to None, run_after=None
[2025-07-21T11:45:50.312+0000] {processor.py:208} INFO - Processing /opt/airflow/dags/spark_example.py took 0.553 seconds
[2025-07-21T11:46:20.448+0000] {processor.py:186} INFO - Started process (PID=695) to work on /opt/airflow/dags/spark_example.py
[2025-07-21T11:46:20.450+0000] {processor.py:914} INFO - Processing file /opt/airflow/dags/spark_example.py for tasks to queue
[2025-07-21T11:46:20.453+0000] {logging_mixin.py:190} INFO - [2025-07-21T11:46:20.452+0000] {dagbag.py:588} INFO - Filling up the DagBag from /opt/airflow/dags/spark_example.py
[2025-07-21T11:46:20.948+0000] {processor.py:925} INFO - DAG(s) 'spark_example' retrieved from /opt/airflow/dags/spark_example.py
[2025-07-21T11:46:20.972+0000] {logging_mixin.py:190} INFO - [2025-07-21T11:46:20.971+0000] {dag.py:3239} INFO - Sync 1 DAGs
[2025-07-21T11:46:20.988+0000] {logging_mixin.py:190} INFO - [2025-07-21T11:46:20.987+0000] {dag.py:4180} INFO - Setting next_dagrun for spark_example to None, run_after=None
[2025-07-21T11:46:21.006+0000] {processor.py:208} INFO - Processing /opt/airflow/dags/spark_example.py took 0.565 seconds
[2025-07-21T11:46:51.126+0000] {processor.py:186} INFO - Started process (PID=708) to work on /opt/airflow/dags/spark_example.py
[2025-07-21T11:46:51.127+0000] {processor.py:914} INFO - Processing file /opt/airflow/dags/spark_example.py for tasks to queue
[2025-07-21T11:46:51.130+0000] {logging_mixin.py:190} INFO - [2025-07-21T11:46:51.130+0000] {dagbag.py:588} INFO - Filling up the DagBag from /opt/airflow/dags/spark_example.py
[2025-07-21T11:46:51.615+0000] {processor.py:925} INFO - DAG(s) 'spark_example' retrieved from /opt/airflow/dags/spark_example.py
[2025-07-21T11:46:51.639+0000] {logging_mixin.py:190} INFO - [2025-07-21T11:46:51.639+0000] {dag.py:3239} INFO - Sync 1 DAGs
[2025-07-21T11:46:51.654+0000] {logging_mixin.py:190} INFO - [2025-07-21T11:46:51.654+0000] {dag.py:4180} INFO - Setting next_dagrun for spark_example to None, run_after=None
[2025-07-21T11:46:51.671+0000] {processor.py:208} INFO - Processing /opt/airflow/dags/spark_example.py took 0.552 seconds
[2025-07-21T11:47:21.823+0000] {processor.py:186} INFO - Started process (PID=721) to work on /opt/airflow/dags/spark_example.py
[2025-07-21T11:47:21.824+0000] {processor.py:914} INFO - Processing file /opt/airflow/dags/spark_example.py for tasks to queue
[2025-07-21T11:47:21.827+0000] {logging_mixin.py:190} INFO - [2025-07-21T11:47:21.827+0000] {dagbag.py:588} INFO - Filling up the DagBag from /opt/airflow/dags/spark_example.py
[2025-07-21T11:47:22.299+0000] {processor.py:925} INFO - DAG(s) 'spark_example' retrieved from /opt/airflow/dags/spark_example.py
[2025-07-21T11:47:22.322+0000] {logging_mixin.py:190} INFO - [2025-07-21T11:47:22.322+0000] {dag.py:3239} INFO - Sync 1 DAGs
[2025-07-21T11:47:22.339+0000] {logging_mixin.py:190} INFO - [2025-07-21T11:47:22.339+0000] {dag.py:4180} INFO - Setting next_dagrun for spark_example to None, run_after=None
[2025-07-21T11:47:22.357+0000] {processor.py:208} INFO - Processing /opt/airflow/dags/spark_example.py took 0.542 seconds
[2025-07-21T11:47:52.511+0000] {processor.py:186} INFO - Started process (PID=734) to work on /opt/airflow/dags/spark_example.py
[2025-07-21T11:47:52.512+0000] {processor.py:914} INFO - Processing file /opt/airflow/dags/spark_example.py for tasks to queue
[2025-07-21T11:47:52.516+0000] {logging_mixin.py:190} INFO - [2025-07-21T11:47:52.515+0000] {dagbag.py:588} INFO - Filling up the DagBag from /opt/airflow/dags/spark_example.py
[2025-07-21T11:47:52.996+0000] {processor.py:925} INFO - DAG(s) 'spark_example' retrieved from /opt/airflow/dags/spark_example.py
[2025-07-21T11:47:53.020+0000] {logging_mixin.py:190} INFO - [2025-07-21T11:47:53.019+0000] {dag.py:3239} INFO - Sync 1 DAGs
[2025-07-21T11:47:53.036+0000] {logging_mixin.py:190} INFO - [2025-07-21T11:47:53.036+0000] {dag.py:4180} INFO - Setting next_dagrun for spark_example to None, run_after=None
[2025-07-21T11:47:53.053+0000] {processor.py:208} INFO - Processing /opt/airflow/dags/spark_example.py took 0.549 seconds
[2025-07-21T11:48:23.660+0000] {processor.py:186} INFO - Started process (PID=747) to work on /opt/airflow/dags/spark_example.py
[2025-07-21T11:48:23.661+0000] {processor.py:914} INFO - Processing file /opt/airflow/dags/spark_example.py for tasks to queue
[2025-07-21T11:48:23.664+0000] {logging_mixin.py:190} INFO - [2025-07-21T11:48:23.664+0000] {dagbag.py:588} INFO - Filling up the DagBag from /opt/airflow/dags/spark_example.py
[2025-07-21T11:48:24.135+0000] {processor.py:925} INFO - DAG(s) 'spark_example' retrieved from /opt/airflow/dags/spark_example.py
[2025-07-21T11:48:24.160+0000] {logging_mixin.py:190} INFO - [2025-07-21T11:48:24.160+0000] {dag.py:3239} INFO - Sync 1 DAGs
[2025-07-21T11:48:24.176+0000] {logging_mixin.py:190} INFO - [2025-07-21T11:48:24.176+0000] {dag.py:4180} INFO - Setting next_dagrun for spark_example to None, run_after=None
[2025-07-21T11:48:24.193+0000] {processor.py:208} INFO - Processing /opt/airflow/dags/spark_example.py took 0.541 seconds
[2025-07-21T11:48:54.410+0000] {processor.py:186} INFO - Started process (PID=760) to work on /opt/airflow/dags/spark_example.py
[2025-07-21T11:48:54.411+0000] {processor.py:914} INFO - Processing file /opt/airflow/dags/spark_example.py for tasks to queue
[2025-07-21T11:48:54.413+0000] {logging_mixin.py:190} INFO - [2025-07-21T11:48:54.413+0000] {dagbag.py:588} INFO - Filling up the DagBag from /opt/airflow/dags/spark_example.py
[2025-07-21T11:48:54.898+0000] {processor.py:925} INFO - DAG(s) 'spark_example' retrieved from /opt/airflow/dags/spark_example.py
[2025-07-21T11:48:54.921+0000] {logging_mixin.py:190} INFO - [2025-07-21T11:48:54.921+0000] {dag.py:3239} INFO - Sync 1 DAGs
[2025-07-21T11:48:54.936+0000] {logging_mixin.py:190} INFO - [2025-07-21T11:48:54.936+0000] {dag.py:4180} INFO - Setting next_dagrun for spark_example to None, run_after=None
[2025-07-21T11:48:54.955+0000] {processor.py:208} INFO - Processing /opt/airflow/dags/spark_example.py took 0.553 seconds
[2025-07-21T11:49:25.569+0000] {processor.py:186} INFO - Started process (PID=773) to work on /opt/airflow/dags/spark_example.py
[2025-07-21T11:49:25.570+0000] {processor.py:914} INFO - Processing file /opt/airflow/dags/spark_example.py for tasks to queue
[2025-07-21T11:49:25.573+0000] {logging_mixin.py:190} INFO - [2025-07-21T11:49:25.573+0000] {dagbag.py:588} INFO - Filling up the DagBag from /opt/airflow/dags/spark_example.py
[2025-07-21T11:49:26.055+0000] {processor.py:925} INFO - DAG(s) 'spark_example' retrieved from /opt/airflow/dags/spark_example.py
[2025-07-21T11:49:26.079+0000] {logging_mixin.py:190} INFO - [2025-07-21T11:49:26.078+0000] {dag.py:3239} INFO - Sync 1 DAGs
[2025-07-21T11:49:26.093+0000] {logging_mixin.py:190} INFO - [2025-07-21T11:49:26.093+0000] {dag.py:4180} INFO - Setting next_dagrun for spark_example to None, run_after=None
[2025-07-21T11:49:26.112+0000] {processor.py:208} INFO - Processing /opt/airflow/dags/spark_example.py took 0.550 seconds
[2025-07-21T11:49:56.332+0000] {processor.py:186} INFO - Started process (PID=786) to work on /opt/airflow/dags/spark_example.py
[2025-07-21T11:49:56.333+0000] {processor.py:914} INFO - Processing file /opt/airflow/dags/spark_example.py for tasks to queue
[2025-07-21T11:49:56.336+0000] {logging_mixin.py:190} INFO - [2025-07-21T11:49:56.335+0000] {dagbag.py:588} INFO - Filling up the DagBag from /opt/airflow/dags/spark_example.py
[2025-07-21T11:49:56.813+0000] {processor.py:925} INFO - DAG(s) 'spark_example' retrieved from /opt/airflow/dags/spark_example.py
[2025-07-21T11:49:56.837+0000] {logging_mixin.py:190} INFO - [2025-07-21T11:49:56.837+0000] {dag.py:3239} INFO - Sync 1 DAGs
[2025-07-21T11:49:56.854+0000] {logging_mixin.py:190} INFO - [2025-07-21T11:49:56.854+0000] {dag.py:4180} INFO - Setting next_dagrun for spark_example to None, run_after=None
[2025-07-21T11:49:56.871+0000] {processor.py:208} INFO - Processing /opt/airflow/dags/spark_example.py took 0.547 seconds
[2025-07-21T11:50:27.013+0000] {processor.py:186} INFO - Started process (PID=799) to work on /opt/airflow/dags/spark_example.py
[2025-07-21T11:50:27.014+0000] {processor.py:914} INFO - Processing file /opt/airflow/dags/spark_example.py for tasks to queue
[2025-07-21T11:50:27.017+0000] {logging_mixin.py:190} INFO - [2025-07-21T11:50:27.017+0000] {dagbag.py:588} INFO - Filling up the DagBag from /opt/airflow/dags/spark_example.py
[2025-07-21T11:50:27.499+0000] {processor.py:925} INFO - DAG(s) 'spark_example' retrieved from /opt/airflow/dags/spark_example.py
[2025-07-21T11:50:27.523+0000] {logging_mixin.py:190} INFO - [2025-07-21T11:50:27.523+0000] {dag.py:3239} INFO - Sync 1 DAGs
[2025-07-21T11:50:27.540+0000] {logging_mixin.py:190} INFO - [2025-07-21T11:50:27.539+0000] {dag.py:4180} INFO - Setting next_dagrun for spark_example to None, run_after=None
[2025-07-21T11:50:27.557+0000] {processor.py:208} INFO - Processing /opt/airflow/dags/spark_example.py took 0.552 seconds
[2025-07-21T11:50:57.690+0000] {processor.py:186} INFO - Started process (PID=812) to work on /opt/airflow/dags/spark_example.py
[2025-07-21T11:50:57.691+0000] {processor.py:914} INFO - Processing file /opt/airflow/dags/spark_example.py for tasks to queue
[2025-07-21T11:50:57.694+0000] {logging_mixin.py:190} INFO - [2025-07-21T11:50:57.693+0000] {dagbag.py:588} INFO - Filling up the DagBag from /opt/airflow/dags/spark_example.py
[2025-07-21T11:50:58.192+0000] {processor.py:925} INFO - DAG(s) 'spark_example' retrieved from /opt/airflow/dags/spark_example.py
[2025-07-21T11:50:58.217+0000] {logging_mixin.py:190} INFO - [2025-07-21T11:50:58.217+0000] {dag.py:3239} INFO - Sync 1 DAGs
[2025-07-21T11:50:58.233+0000] {logging_mixin.py:190} INFO - [2025-07-21T11:50:58.232+0000] {dag.py:4180} INFO - Setting next_dagrun for spark_example to None, run_after=None
[2025-07-21T11:50:58.250+0000] {processor.py:208} INFO - Processing /opt/airflow/dags/spark_example.py took 0.567 seconds
[2025-07-21T11:51:28.862+0000] {processor.py:186} INFO - Started process (PID=825) to work on /opt/airflow/dags/spark_example.py
[2025-07-21T11:51:28.863+0000] {processor.py:914} INFO - Processing file /opt/airflow/dags/spark_example.py for tasks to queue
[2025-07-21T11:51:28.867+0000] {logging_mixin.py:190} INFO - [2025-07-21T11:51:28.866+0000] {dagbag.py:588} INFO - Filling up the DagBag from /opt/airflow/dags/spark_example.py
[2025-07-21T11:51:29.349+0000] {processor.py:925} INFO - DAG(s) 'spark_example' retrieved from /opt/airflow/dags/spark_example.py
[2025-07-21T11:51:29.373+0000] {logging_mixin.py:190} INFO - [2025-07-21T11:51:29.372+0000] {dag.py:3239} INFO - Sync 1 DAGs
[2025-07-21T11:51:29.388+0000] {logging_mixin.py:190} INFO - [2025-07-21T11:51:29.388+0000] {dag.py:4180} INFO - Setting next_dagrun for spark_example to None, run_after=None
[2025-07-21T11:51:29.405+0000] {processor.py:208} INFO - Processing /opt/airflow/dags/spark_example.py took 0.551 seconds
[2025-07-21T11:51:59.631+0000] {processor.py:186} INFO - Started process (PID=838) to work on /opt/airflow/dags/spark_example.py
[2025-07-21T11:51:59.632+0000] {processor.py:914} INFO - Processing file /opt/airflow/dags/spark_example.py for tasks to queue
[2025-07-21T11:51:59.635+0000] {logging_mixin.py:190} INFO - [2025-07-21T11:51:59.635+0000] {dagbag.py:588} INFO - Filling up the DagBag from /opt/airflow/dags/spark_example.py
[2025-07-21T11:52:00.109+0000] {processor.py:925} INFO - DAG(s) 'spark_example' retrieved from /opt/airflow/dags/spark_example.py
[2025-07-21T11:52:00.140+0000] {logging_mixin.py:190} INFO - [2025-07-21T11:52:00.140+0000] {dag.py:3239} INFO - Sync 1 DAGs
[2025-07-21T11:52:00.156+0000] {logging_mixin.py:190} INFO - [2025-07-21T11:52:00.156+0000] {dag.py:4180} INFO - Setting next_dagrun for spark_example to None, run_after=None
[2025-07-21T11:52:00.174+0000] {processor.py:208} INFO - Processing /opt/airflow/dags/spark_example.py took 0.550 seconds
[2025-07-21T11:52:30.817+0000] {processor.py:186} INFO - Started process (PID=851) to work on /opt/airflow/dags/spark_example.py
[2025-07-21T11:52:30.819+0000] {processor.py:914} INFO - Processing file /opt/airflow/dags/spark_example.py for tasks to queue
[2025-07-21T11:52:30.822+0000] {logging_mixin.py:190} INFO - [2025-07-21T11:52:30.821+0000] {dagbag.py:588} INFO - Filling up the DagBag from /opt/airflow/dags/spark_example.py
[2025-07-21T11:52:31.302+0000] {processor.py:925} INFO - DAG(s) 'spark_example' retrieved from /opt/airflow/dags/spark_example.py
[2025-07-21T11:52:31.326+0000] {logging_mixin.py:190} INFO - [2025-07-21T11:52:31.325+0000] {dag.py:3239} INFO - Sync 1 DAGs
[2025-07-21T11:52:31.345+0000] {logging_mixin.py:190} INFO - [2025-07-21T11:52:31.345+0000] {dag.py:4180} INFO - Setting next_dagrun for spark_example to None, run_after=None
[2025-07-21T11:52:31.363+0000] {processor.py:208} INFO - Processing /opt/airflow/dags/spark_example.py took 0.553 seconds
[2025-07-21T11:53:01.578+0000] {processor.py:186} INFO - Started process (PID=864) to work on /opt/airflow/dags/spark_example.py
[2025-07-21T11:53:01.579+0000] {processor.py:914} INFO - Processing file /opt/airflow/dags/spark_example.py for tasks to queue
[2025-07-21T11:53:01.582+0000] {logging_mixin.py:190} INFO - [2025-07-21T11:53:01.581+0000] {dagbag.py:588} INFO - Filling up the DagBag from /opt/airflow/dags/spark_example.py
[2025-07-21T11:53:02.064+0000] {processor.py:925} INFO - DAG(s) 'spark_example' retrieved from /opt/airflow/dags/spark_example.py
[2025-07-21T11:53:02.088+0000] {logging_mixin.py:190} INFO - [2025-07-21T11:53:02.088+0000] {dag.py:3239} INFO - Sync 1 DAGs
[2025-07-21T11:53:02.105+0000] {logging_mixin.py:190} INFO - [2025-07-21T11:53:02.105+0000] {dag.py:4180} INFO - Setting next_dagrun for spark_example to None, run_after=None
[2025-07-21T11:53:02.124+0000] {processor.py:208} INFO - Processing /opt/airflow/dags/spark_example.py took 0.553 seconds
[2025-07-21T11:53:32.270+0000] {processor.py:186} INFO - Started process (PID=877) to work on /opt/airflow/dags/spark_example.py
[2025-07-21T11:53:32.271+0000] {processor.py:914} INFO - Processing file /opt/airflow/dags/spark_example.py for tasks to queue
[2025-07-21T11:53:32.274+0000] {logging_mixin.py:190} INFO - [2025-07-21T11:53:32.274+0000] {dagbag.py:588} INFO - Filling up the DagBag from /opt/airflow/dags/spark_example.py
[2025-07-21T11:53:32.751+0000] {processor.py:925} INFO - DAG(s) 'spark_example' retrieved from /opt/airflow/dags/spark_example.py
[2025-07-21T11:53:32.777+0000] {logging_mixin.py:190} INFO - [2025-07-21T11:53:32.776+0000] {dag.py:3239} INFO - Sync 1 DAGs
[2025-07-21T11:53:32.792+0000] {logging_mixin.py:190} INFO - [2025-07-21T11:53:32.791+0000] {dag.py:4180} INFO - Setting next_dagrun for spark_example to None, run_after=None
[2025-07-21T11:53:32.809+0000] {processor.py:208} INFO - Processing /opt/airflow/dags/spark_example.py took 0.547 seconds
[2025-07-21T11:54:02.938+0000] {processor.py:186} INFO - Started process (PID=890) to work on /opt/airflow/dags/spark_example.py
[2025-07-21T11:54:02.939+0000] {processor.py:914} INFO - Processing file /opt/airflow/dags/spark_example.py for tasks to queue
[2025-07-21T11:54:02.943+0000] {logging_mixin.py:190} INFO - [2025-07-21T11:54:02.942+0000] {dagbag.py:588} INFO - Filling up the DagBag from /opt/airflow/dags/spark_example.py
[2025-07-21T11:54:03.432+0000] {processor.py:925} INFO - DAG(s) 'spark_example' retrieved from /opt/airflow/dags/spark_example.py
[2025-07-21T11:54:03.456+0000] {logging_mixin.py:190} INFO - [2025-07-21T11:54:03.456+0000] {dag.py:3239} INFO - Sync 1 DAGs
[2025-07-21T11:54:03.471+0000] {logging_mixin.py:190} INFO - [2025-07-21T11:54:03.471+0000] {dag.py:4180} INFO - Setting next_dagrun for spark_example to None, run_after=None
[2025-07-21T11:54:03.488+0000] {processor.py:208} INFO - Processing /opt/airflow/dags/spark_example.py took 0.558 seconds
[2025-07-21T11:54:33.632+0000] {processor.py:186} INFO - Started process (PID=903) to work on /opt/airflow/dags/spark_example.py
[2025-07-21T11:54:33.633+0000] {processor.py:914} INFO - Processing file /opt/airflow/dags/spark_example.py for tasks to queue
[2025-07-21T11:54:33.636+0000] {logging_mixin.py:190} INFO - [2025-07-21T11:54:33.636+0000] {dagbag.py:588} INFO - Filling up the DagBag from /opt/airflow/dags/spark_example.py
[2025-07-21T11:54:34.113+0000] {processor.py:925} INFO - DAG(s) 'spark_example' retrieved from /opt/airflow/dags/spark_example.py
[2025-07-21T11:54:34.137+0000] {logging_mixin.py:190} INFO - [2025-07-21T11:54:34.137+0000] {dag.py:3239} INFO - Sync 1 DAGs
[2025-07-21T11:54:34.154+0000] {logging_mixin.py:190} INFO - [2025-07-21T11:54:34.154+0000] {dag.py:4180} INFO - Setting next_dagrun for spark_example to None, run_after=None
[2025-07-21T11:54:34.172+0000] {processor.py:208} INFO - Processing /opt/airflow/dags/spark_example.py took 0.548 seconds
[2025-07-21T11:55:04.308+0000] {processor.py:186} INFO - Started process (PID=916) to work on /opt/airflow/dags/spark_example.py
[2025-07-21T11:55:04.309+0000] {processor.py:914} INFO - Processing file /opt/airflow/dags/spark_example.py for tasks to queue
[2025-07-21T11:55:04.311+0000] {logging_mixin.py:190} INFO - [2025-07-21T11:55:04.311+0000] {dagbag.py:588} INFO - Filling up the DagBag from /opt/airflow/dags/spark_example.py
[2025-07-21T11:55:04.805+0000] {processor.py:925} INFO - DAG(s) 'spark_example' retrieved from /opt/airflow/dags/spark_example.py
[2025-07-21T11:55:04.829+0000] {logging_mixin.py:190} INFO - [2025-07-21T11:55:04.828+0000] {dag.py:3239} INFO - Sync 1 DAGs
[2025-07-21T11:55:04.845+0000] {logging_mixin.py:190} INFO - [2025-07-21T11:55:04.845+0000] {dag.py:4180} INFO - Setting next_dagrun for spark_example to None, run_after=None
[2025-07-21T11:55:04.863+0000] {processor.py:208} INFO - Processing /opt/airflow/dags/spark_example.py took 0.563 seconds
[2025-07-21T11:55:34.996+0000] {processor.py:186} INFO - Started process (PID=929) to work on /opt/airflow/dags/spark_example.py
[2025-07-21T11:55:34.998+0000] {processor.py:914} INFO - Processing file /opt/airflow/dags/spark_example.py for tasks to queue
[2025-07-21T11:55:35.002+0000] {logging_mixin.py:190} INFO - [2025-07-21T11:55:35.001+0000] {dagbag.py:588} INFO - Filling up the DagBag from /opt/airflow/dags/spark_example.py
[2025-07-21T11:55:35.476+0000] {processor.py:925} INFO - DAG(s) 'spark_example' retrieved from /opt/airflow/dags/spark_example.py
[2025-07-21T11:55:35.500+0000] {logging_mixin.py:190} INFO - [2025-07-21T11:55:35.500+0000] {dag.py:3239} INFO - Sync 1 DAGs
[2025-07-21T11:55:35.517+0000] {logging_mixin.py:190} INFO - [2025-07-21T11:55:35.517+0000] {dag.py:4180} INFO - Setting next_dagrun for spark_example to None, run_after=None
[2025-07-21T11:55:35.534+0000] {processor.py:208} INFO - Processing /opt/airflow/dags/spark_example.py took 0.546 seconds
[2025-07-21T11:56:05.659+0000] {processor.py:186} INFO - Started process (PID=942) to work on /opt/airflow/dags/spark_example.py
[2025-07-21T11:56:05.660+0000] {processor.py:914} INFO - Processing file /opt/airflow/dags/spark_example.py for tasks to queue
[2025-07-21T11:56:05.663+0000] {logging_mixin.py:190} INFO - [2025-07-21T11:56:05.663+0000] {dagbag.py:588} INFO - Filling up the DagBag from /opt/airflow/dags/spark_example.py
[2025-07-21T11:56:06.141+0000] {processor.py:925} INFO - DAG(s) 'spark_example' retrieved from /opt/airflow/dags/spark_example.py
[2025-07-21T11:56:06.166+0000] {logging_mixin.py:190} INFO - [2025-07-21T11:56:06.165+0000] {dag.py:3239} INFO - Sync 1 DAGs
[2025-07-21T11:56:06.181+0000] {logging_mixin.py:190} INFO - [2025-07-21T11:56:06.181+0000] {dag.py:4180} INFO - Setting next_dagrun for spark_example to None, run_after=None
[2025-07-21T11:56:06.199+0000] {processor.py:208} INFO - Processing /opt/airflow/dags/spark_example.py took 0.548 seconds
[2025-07-21T11:56:36.339+0000] {processor.py:186} INFO - Started process (PID=956) to work on /opt/airflow/dags/spark_example.py
[2025-07-21T11:56:36.341+0000] {processor.py:914} INFO - Processing file /opt/airflow/dags/spark_example.py for tasks to queue
[2025-07-21T11:56:36.344+0000] {logging_mixin.py:190} INFO - [2025-07-21T11:56:36.343+0000] {dagbag.py:588} INFO - Filling up the DagBag from /opt/airflow/dags/spark_example.py
[2025-07-21T11:56:36.828+0000] {processor.py:925} INFO - DAG(s) 'spark_example' retrieved from /opt/airflow/dags/spark_example.py
[2025-07-21T11:56:36.853+0000] {logging_mixin.py:190} INFO - [2025-07-21T11:56:36.852+0000] {dag.py:3239} INFO - Sync 1 DAGs
[2025-07-21T11:56:36.868+0000] {logging_mixin.py:190} INFO - [2025-07-21T11:56:36.868+0000] {dag.py:4180} INFO - Setting next_dagrun for spark_example to None, run_after=None
[2025-07-21T11:56:36.886+0000] {processor.py:208} INFO - Processing /opt/airflow/dags/spark_example.py took 0.555 seconds
[2025-07-21T11:57:07.013+0000] {processor.py:186} INFO - Started process (PID=969) to work on /opt/airflow/dags/spark_example.py
[2025-07-21T11:57:07.014+0000] {processor.py:914} INFO - Processing file /opt/airflow/dags/spark_example.py for tasks to queue
[2025-07-21T11:57:07.017+0000] {logging_mixin.py:190} INFO - [2025-07-21T11:57:07.016+0000] {dagbag.py:588} INFO - Filling up the DagBag from /opt/airflow/dags/spark_example.py
[2025-07-21T11:57:07.488+0000] {processor.py:925} INFO - DAG(s) 'spark_example' retrieved from /opt/airflow/dags/spark_example.py
[2025-07-21T11:57:07.512+0000] {logging_mixin.py:190} INFO - [2025-07-21T11:57:07.511+0000] {dag.py:3239} INFO - Sync 1 DAGs
[2025-07-21T11:57:07.527+0000] {logging_mixin.py:190} INFO - [2025-07-21T11:57:07.527+0000] {dag.py:4180} INFO - Setting next_dagrun for spark_example to None, run_after=None
[2025-07-21T11:57:07.544+0000] {processor.py:208} INFO - Processing /opt/airflow/dags/spark_example.py took 0.539 seconds
[2025-07-21T11:57:37.695+0000] {processor.py:186} INFO - Started process (PID=982) to work on /opt/airflow/dags/spark_example.py
[2025-07-21T11:57:37.697+0000] {processor.py:914} INFO - Processing file /opt/airflow/dags/spark_example.py for tasks to queue
[2025-07-21T11:57:37.699+0000] {logging_mixin.py:190} INFO - [2025-07-21T11:57:37.699+0000] {dagbag.py:588} INFO - Filling up the DagBag from /opt/airflow/dags/spark_example.py
[2025-07-21T11:57:38.173+0000] {processor.py:925} INFO - DAG(s) 'spark_example' retrieved from /opt/airflow/dags/spark_example.py
[2025-07-21T11:57:38.196+0000] {logging_mixin.py:190} INFO - [2025-07-21T11:57:38.196+0000] {dag.py:3239} INFO - Sync 1 DAGs
[2025-07-21T11:57:38.212+0000] {logging_mixin.py:190} INFO - [2025-07-21T11:57:38.212+0000] {dag.py:4180} INFO - Setting next_dagrun for spark_example to None, run_after=None
[2025-07-21T11:57:38.230+0000] {processor.py:208} INFO - Processing /opt/airflow/dags/spark_example.py took 0.543 seconds
[2025-07-21T11:58:08.369+0000] {processor.py:186} INFO - Started process (PID=995) to work on /opt/airflow/dags/spark_example.py
[2025-07-21T11:58:08.369+0000] {processor.py:914} INFO - Processing file /opt/airflow/dags/spark_example.py for tasks to queue
[2025-07-21T11:58:08.373+0000] {logging_mixin.py:190} INFO - [2025-07-21T11:58:08.372+0000] {dagbag.py:588} INFO - Filling up the DagBag from /opt/airflow/dags/spark_example.py
[2025-07-21T11:58:08.848+0000] {processor.py:925} INFO - DAG(s) 'spark_example' retrieved from /opt/airflow/dags/spark_example.py
[2025-07-21T11:58:08.872+0000] {logging_mixin.py:190} INFO - [2025-07-21T11:58:08.872+0000] {dag.py:3239} INFO - Sync 1 DAGs
[2025-07-21T11:58:08.888+0000] {logging_mixin.py:190} INFO - [2025-07-21T11:58:08.888+0000] {dag.py:4180} INFO - Setting next_dagrun for spark_example to None, run_after=None
[2025-07-21T11:58:08.906+0000] {processor.py:208} INFO - Processing /opt/airflow/dags/spark_example.py took 0.545 seconds
[2025-07-21T11:58:39.519+0000] {processor.py:186} INFO - Started process (PID=1008) to work on /opt/airflow/dags/spark_example.py
[2025-07-21T11:58:39.521+0000] {processor.py:914} INFO - Processing file /opt/airflow/dags/spark_example.py for tasks to queue
[2025-07-21T11:58:39.523+0000] {logging_mixin.py:190} INFO - [2025-07-21T11:58:39.523+0000] {dagbag.py:588} INFO - Filling up the DagBag from /opt/airflow/dags/spark_example.py
[2025-07-21T11:58:40.003+0000] {processor.py:925} INFO - DAG(s) 'spark_example' retrieved from /opt/airflow/dags/spark_example.py
[2025-07-21T11:58:40.028+0000] {logging_mixin.py:190} INFO - [2025-07-21T11:58:40.028+0000] {dag.py:3239} INFO - Sync 1 DAGs
[2025-07-21T11:58:40.043+0000] {logging_mixin.py:190} INFO - [2025-07-21T11:58:40.043+0000] {dag.py:4180} INFO - Setting next_dagrun for spark_example to None, run_after=None
[2025-07-21T11:58:40.060+0000] {processor.py:208} INFO - Processing /opt/airflow/dags/spark_example.py took 0.548 seconds
[2025-07-21T11:59:10.274+0000] {processor.py:186} INFO - Started process (PID=1021) to work on /opt/airflow/dags/spark_example.py
[2025-07-21T11:59:10.275+0000] {processor.py:914} INFO - Processing file /opt/airflow/dags/spark_example.py for tasks to queue
[2025-07-21T11:59:10.278+0000] {logging_mixin.py:190} INFO - [2025-07-21T11:59:10.278+0000] {dagbag.py:588} INFO - Filling up the DagBag from /opt/airflow/dags/spark_example.py
[2025-07-21T11:59:10.767+0000] {processor.py:925} INFO - DAG(s) 'spark_example' retrieved from /opt/airflow/dags/spark_example.py
[2025-07-21T11:59:10.794+0000] {logging_mixin.py:190} INFO - [2025-07-21T11:59:10.793+0000] {dag.py:3239} INFO - Sync 1 DAGs
[2025-07-21T11:59:10.810+0000] {logging_mixin.py:190} INFO - [2025-07-21T11:59:10.809+0000] {dag.py:4180} INFO - Setting next_dagrun for spark_example to None, run_after=None
[2025-07-21T11:59:10.828+0000] {processor.py:208} INFO - Processing /opt/airflow/dags/spark_example.py took 0.561 seconds
[2025-07-21T11:59:40.981+0000] {processor.py:186} INFO - Started process (PID=1034) to work on /opt/airflow/dags/spark_example.py
[2025-07-21T11:59:40.983+0000] {processor.py:914} INFO - Processing file /opt/airflow/dags/spark_example.py for tasks to queue
[2025-07-21T11:59:40.985+0000] {logging_mixin.py:190} INFO - [2025-07-21T11:59:40.985+0000] {dagbag.py:588} INFO - Filling up the DagBag from /opt/airflow/dags/spark_example.py
[2025-07-21T11:59:41.464+0000] {processor.py:925} INFO - DAG(s) 'spark_example' retrieved from /opt/airflow/dags/spark_example.py
[2025-07-21T11:59:41.493+0000] {logging_mixin.py:190} INFO - [2025-07-21T11:59:41.493+0000] {dag.py:3239} INFO - Sync 1 DAGs
[2025-07-21T11:59:41.509+0000] {logging_mixin.py:190} INFO - [2025-07-21T11:59:41.509+0000] {dag.py:4180} INFO - Setting next_dagrun for spark_example to None, run_after=None
[2025-07-21T11:59:41.528+0000] {processor.py:208} INFO - Processing /opt/airflow/dags/spark_example.py took 0.554 seconds
[2025-07-21T12:00:11.664+0000] {processor.py:186} INFO - Started process (PID=1047) to work on /opt/airflow/dags/spark_example.py
[2025-07-21T12:00:11.665+0000] {processor.py:914} INFO - Processing file /opt/airflow/dags/spark_example.py for tasks to queue
[2025-07-21T12:00:11.668+0000] {logging_mixin.py:190} INFO - [2025-07-21T12:00:11.668+0000] {dagbag.py:588} INFO - Filling up the DagBag from /opt/airflow/dags/spark_example.py
[2025-07-21T12:00:12.150+0000] {processor.py:925} INFO - DAG(s) 'spark_example' retrieved from /opt/airflow/dags/spark_example.py
[2025-07-21T12:00:12.174+0000] {logging_mixin.py:190} INFO - [2025-07-21T12:00:12.173+0000] {dag.py:3239} INFO - Sync 1 DAGs
[2025-07-21T12:00:12.191+0000] {logging_mixin.py:190} INFO - [2025-07-21T12:00:12.190+0000] {dag.py:4180} INFO - Setting next_dagrun for spark_example to None, run_after=None
[2025-07-21T12:00:12.209+0000] {processor.py:208} INFO - Processing /opt/airflow/dags/spark_example.py took 0.552 seconds
[2025-07-21T12:00:42.853+0000] {processor.py:186} INFO - Started process (PID=1060) to work on /opt/airflow/dags/spark_example.py
[2025-07-21T12:00:42.854+0000] {processor.py:914} INFO - Processing file /opt/airflow/dags/spark_example.py for tasks to queue
[2025-07-21T12:00:42.858+0000] {logging_mixin.py:190} INFO - [2025-07-21T12:00:42.857+0000] {dagbag.py:588} INFO - Filling up the DagBag from /opt/airflow/dags/spark_example.py
[2025-07-21T12:00:43.352+0000] {processor.py:925} INFO - DAG(s) 'spark_example' retrieved from /opt/airflow/dags/spark_example.py
[2025-07-21T12:00:43.378+0000] {logging_mixin.py:190} INFO - [2025-07-21T12:00:43.378+0000] {dag.py:3239} INFO - Sync 1 DAGs
[2025-07-21T12:00:43.395+0000] {logging_mixin.py:190} INFO - [2025-07-21T12:00:43.395+0000] {dag.py:4180} INFO - Setting next_dagrun for spark_example to None, run_after=None
[2025-07-21T12:00:43.415+0000] {processor.py:208} INFO - Processing /opt/airflow/dags/spark_example.py took 0.570 seconds
[2025-07-21T12:01:13.643+0000] {processor.py:186} INFO - Started process (PID=1073) to work on /opt/airflow/dags/spark_example.py
[2025-07-21T12:01:13.644+0000] {processor.py:914} INFO - Processing file /opt/airflow/dags/spark_example.py for tasks to queue
[2025-07-21T12:01:13.646+0000] {logging_mixin.py:190} INFO - [2025-07-21T12:01:13.646+0000] {dagbag.py:588} INFO - Filling up the DagBag from /opt/airflow/dags/spark_example.py
[2025-07-21T12:01:14.131+0000] {processor.py:925} INFO - DAG(s) 'spark_example' retrieved from /opt/airflow/dags/spark_example.py
[2025-07-21T12:01:14.156+0000] {logging_mixin.py:190} INFO - [2025-07-21T12:01:14.156+0000] {dag.py:3239} INFO - Sync 1 DAGs
[2025-07-21T12:01:14.171+0000] {logging_mixin.py:190} INFO - [2025-07-21T12:01:14.171+0000] {dag.py:4180} INFO - Setting next_dagrun for spark_example to None, run_after=None
[2025-07-21T12:01:14.189+0000] {processor.py:208} INFO - Processing /opt/airflow/dags/spark_example.py took 0.554 seconds
[2025-07-21T12:01:44.334+0000] {processor.py:186} INFO - Started process (PID=1086) to work on /opt/airflow/dags/spark_example.py
[2025-07-21T12:01:44.336+0000] {processor.py:914} INFO - Processing file /opt/airflow/dags/spark_example.py for tasks to queue
[2025-07-21T12:01:44.339+0000] {logging_mixin.py:190} INFO - [2025-07-21T12:01:44.338+0000] {dagbag.py:588} INFO - Filling up the DagBag from /opt/airflow/dags/spark_example.py
[2025-07-21T12:01:44.838+0000] {processor.py:925} INFO - DAG(s) 'spark_example' retrieved from /opt/airflow/dags/spark_example.py
[2025-07-21T12:01:44.864+0000] {logging_mixin.py:190} INFO - [2025-07-21T12:01:44.863+0000] {dag.py:3239} INFO - Sync 1 DAGs
[2025-07-21T12:01:44.880+0000] {logging_mixin.py:190} INFO - [2025-07-21T12:01:44.880+0000] {dag.py:4180} INFO - Setting next_dagrun for spark_example to None, run_after=None
[2025-07-21T12:01:44.898+0000] {processor.py:208} INFO - Processing /opt/airflow/dags/spark_example.py took 0.572 seconds
[2025-07-21T12:02:15.035+0000] {processor.py:186} INFO - Started process (PID=1105) to work on /opt/airflow/dags/spark_example.py
[2025-07-21T12:02:15.036+0000] {processor.py:914} INFO - Processing file /opt/airflow/dags/spark_example.py for tasks to queue
[2025-07-21T12:02:15.038+0000] {logging_mixin.py:190} INFO - [2025-07-21T12:02:15.038+0000] {dagbag.py:588} INFO - Filling up the DagBag from /opt/airflow/dags/spark_example.py
[2025-07-21T12:02:15.516+0000] {processor.py:925} INFO - DAG(s) 'spark_example' retrieved from /opt/airflow/dags/spark_example.py
[2025-07-21T12:02:15.542+0000] {logging_mixin.py:190} INFO - [2025-07-21T12:02:15.541+0000] {dag.py:3239} INFO - Sync 1 DAGs
[2025-07-21T12:02:15.559+0000] {logging_mixin.py:190} INFO - [2025-07-21T12:02:15.559+0000] {dag.py:4180} INFO - Setting next_dagrun for spark_example to None, run_after=None
[2025-07-21T12:02:15.576+0000] {processor.py:208} INFO - Processing /opt/airflow/dags/spark_example.py took 0.549 seconds
[2025-07-21T12:02:45.771+0000] {processor.py:186} INFO - Started process (PID=1118) to work on /opt/airflow/dags/spark_example.py
[2025-07-21T12:02:45.772+0000] {processor.py:914} INFO - Processing file /opt/airflow/dags/spark_example.py for tasks to queue
[2025-07-21T12:02:45.775+0000] {logging_mixin.py:190} INFO - [2025-07-21T12:02:45.775+0000] {dagbag.py:588} INFO - Filling up the DagBag from /opt/airflow/dags/spark_example.py
[2025-07-21T12:02:46.270+0000] {processor.py:925} INFO - DAG(s) 'spark_example' retrieved from /opt/airflow/dags/spark_example.py
[2025-07-21T12:02:46.295+0000] {logging_mixin.py:190} INFO - [2025-07-21T12:02:46.294+0000] {dag.py:3239} INFO - Sync 1 DAGs
[2025-07-21T12:02:46.312+0000] {logging_mixin.py:190} INFO - [2025-07-21T12:02:46.312+0000] {dag.py:4180} INFO - Setting next_dagrun for spark_example to None, run_after=None
[2025-07-21T12:02:46.331+0000] {processor.py:208} INFO - Processing /opt/airflow/dags/spark_example.py took 0.569 seconds
[2025-07-21T12:03:16.976+0000] {processor.py:186} INFO - Started process (PID=1131) to work on /opt/airflow/dags/spark_example.py
[2025-07-21T12:03:16.977+0000] {processor.py:914} INFO - Processing file /opt/airflow/dags/spark_example.py for tasks to queue
[2025-07-21T12:03:16.981+0000] {logging_mixin.py:190} INFO - [2025-07-21T12:03:16.980+0000] {dagbag.py:588} INFO - Filling up the DagBag from /opt/airflow/dags/spark_example.py
[2025-07-21T12:03:17.457+0000] {processor.py:925} INFO - DAG(s) 'spark_example' retrieved from /opt/airflow/dags/spark_example.py
[2025-07-21T12:03:17.481+0000] {logging_mixin.py:190} INFO - [2025-07-21T12:03:17.481+0000] {dag.py:3239} INFO - Sync 1 DAGs
[2025-07-21T12:03:17.497+0000] {logging_mixin.py:190} INFO - [2025-07-21T12:03:17.497+0000] {dag.py:4180} INFO - Setting next_dagrun for spark_example to None, run_after=None
[2025-07-21T12:03:17.514+0000] {processor.py:208} INFO - Processing /opt/airflow/dags/spark_example.py took 0.545 seconds
[2025-07-21T12:03:47.728+0000] {processor.py:186} INFO - Started process (PID=1144) to work on /opt/airflow/dags/spark_example.py
[2025-07-21T12:03:47.730+0000] {processor.py:914} INFO - Processing file /opt/airflow/dags/spark_example.py for tasks to queue
[2025-07-21T12:03:47.733+0000] {logging_mixin.py:190} INFO - [2025-07-21T12:03:47.732+0000] {dagbag.py:588} INFO - Filling up the DagBag from /opt/airflow/dags/spark_example.py
[2025-07-21T12:03:48.225+0000] {processor.py:925} INFO - DAG(s) 'spark_example' retrieved from /opt/airflow/dags/spark_example.py
[2025-07-21T12:03:48.251+0000] {logging_mixin.py:190} INFO - [2025-07-21T12:03:48.250+0000] {dag.py:3239} INFO - Sync 1 DAGs
[2025-07-21T12:03:48.266+0000] {logging_mixin.py:190} INFO - [2025-07-21T12:03:48.265+0000] {dag.py:4180} INFO - Setting next_dagrun for spark_example to None, run_after=None
[2025-07-21T12:03:48.283+0000] {processor.py:208} INFO - Processing /opt/airflow/dags/spark_example.py took 0.563 seconds
[2025-07-21T12:04:18.393+0000] {processor.py:186} INFO - Started process (PID=1157) to work on /opt/airflow/dags/spark_example.py
[2025-07-21T12:04:18.395+0000] {processor.py:914} INFO - Processing file /opt/airflow/dags/spark_example.py for tasks to queue
[2025-07-21T12:04:18.398+0000] {logging_mixin.py:190} INFO - [2025-07-21T12:04:18.397+0000] {dagbag.py:588} INFO - Filling up the DagBag from /opt/airflow/dags/spark_example.py
[2025-07-21T12:04:18.877+0000] {processor.py:925} INFO - DAG(s) 'spark_example' retrieved from /opt/airflow/dags/spark_example.py
[2025-07-21T12:04:18.900+0000] {logging_mixin.py:190} INFO - [2025-07-21T12:04:18.900+0000] {dag.py:3239} INFO - Sync 1 DAGs
[2025-07-21T12:04:18.915+0000] {logging_mixin.py:190} INFO - [2025-07-21T12:04:18.915+0000] {dag.py:4180} INFO - Setting next_dagrun for spark_example to None, run_after=None
[2025-07-21T12:04:18.932+0000] {processor.py:208} INFO - Processing /opt/airflow/dags/spark_example.py took 0.547 seconds
[2025-07-21T12:04:49.067+0000] {processor.py:186} INFO - Started process (PID=1170) to work on /opt/airflow/dags/spark_example.py
[2025-07-21T12:04:49.068+0000] {processor.py:914} INFO - Processing file /opt/airflow/dags/spark_example.py for tasks to queue
[2025-07-21T12:04:49.071+0000] {logging_mixin.py:190} INFO - [2025-07-21T12:04:49.070+0000] {dagbag.py:588} INFO - Filling up the DagBag from /opt/airflow/dags/spark_example.py
[2025-07-21T12:04:49.546+0000] {processor.py:925} INFO - DAG(s) 'spark_example' retrieved from /opt/airflow/dags/spark_example.py
[2025-07-21T12:04:49.569+0000] {logging_mixin.py:190} INFO - [2025-07-21T12:04:49.569+0000] {dag.py:3239} INFO - Sync 1 DAGs
[2025-07-21T12:04:49.584+0000] {logging_mixin.py:190} INFO - [2025-07-21T12:04:49.584+0000] {dag.py:4180} INFO - Setting next_dagrun for spark_example to None, run_after=None
[2025-07-21T12:04:49.602+0000] {processor.py:208} INFO - Processing /opt/airflow/dags/spark_example.py took 0.542 seconds
[2025-07-21T12:05:19.742+0000] {processor.py:186} INFO - Started process (PID=1183) to work on /opt/airflow/dags/spark_example.py
[2025-07-21T12:05:19.744+0000] {processor.py:914} INFO - Processing file /opt/airflow/dags/spark_example.py for tasks to queue
[2025-07-21T12:05:19.747+0000] {logging_mixin.py:190} INFO - [2025-07-21T12:05:19.746+0000] {dagbag.py:588} INFO - Filling up the DagBag from /opt/airflow/dags/spark_example.py
[2025-07-21T12:05:20.233+0000] {processor.py:925} INFO - DAG(s) 'spark_example' retrieved from /opt/airflow/dags/spark_example.py
[2025-07-21T12:05:20.258+0000] {logging_mixin.py:190} INFO - [2025-07-21T12:05:20.257+0000] {dag.py:3239} INFO - Sync 1 DAGs
[2025-07-21T12:05:20.274+0000] {logging_mixin.py:190} INFO - [2025-07-21T12:05:20.273+0000] {dag.py:4180} INFO - Setting next_dagrun for spark_example to None, run_after=None
[2025-07-21T12:05:20.292+0000] {processor.py:208} INFO - Processing /opt/airflow/dags/spark_example.py took 0.558 seconds
