[2025-04-28T20:12:34.379+0000] {processor.py:186} INFO - Started process (PID=59) to work on /opt/airflow/dags/bank_transactions.py
[2025-04-28T20:12:34.381+0000] {processor.py:914} INFO - Processing file /opt/airflow/dags/bank_transactions.py for tasks to queue
[2025-04-28T20:12:34.384+0000] {logging_mixin.py:190} INFO - [2025-04-28T20:12:34.384+0000] {dagbag.py:588} INFO - Filling up the DagBag from /opt/airflow/dags/bank_transactions.py
[2025-04-28T20:12:35.986+0000] {processor.py:925} INFO - DAG(s) 'pyspark_test_work' retrieved from /opt/airflow/dags/bank_transactions.py
[2025-04-28T20:12:36.020+0000] {logging_mixin.py:190} INFO - [2025-04-28T20:12:36.019+0000] {dag.py:3239} INFO - Sync 1 DAGs
[2025-04-28T20:12:36.039+0000] {logging_mixin.py:190} INFO - [2025-04-28T20:12:36.039+0000] {dag.py:4180} INFO - Setting next_dagrun for pyspark_test_work to None, run_after=None
[2025-04-28T20:12:36.061+0000] {processor.py:208} INFO - Processing /opt/airflow/dags/bank_transactions.py took 1.690 seconds
[2025-04-28T20:13:06.108+0000] {processor.py:186} INFO - Started process (PID=72) to work on /opt/airflow/dags/bank_transactions.py
[2025-04-28T20:13:06.110+0000] {processor.py:914} INFO - Processing file /opt/airflow/dags/bank_transactions.py for tasks to queue
[2025-04-28T20:13:06.116+0000] {logging_mixin.py:190} INFO - [2025-04-28T20:13:06.116+0000] {dagbag.py:588} INFO - Filling up the DagBag from /opt/airflow/dags/bank_transactions.py
[2025-04-28T20:13:07.093+0000] {processor.py:925} INFO - DAG(s) 'pyspark_test_work' retrieved from /opt/airflow/dags/bank_transactions.py
[2025-04-28T20:13:07.113+0000] {logging_mixin.py:190} INFO - [2025-04-28T20:13:07.113+0000] {dag.py:3239} INFO - Sync 1 DAGs
[2025-04-28T20:13:07.129+0000] {logging_mixin.py:190} INFO - [2025-04-28T20:13:07.128+0000] {dag.py:4180} INFO - Setting next_dagrun for pyspark_test_work to None, run_after=None
[2025-04-28T20:13:07.145+0000] {processor.py:208} INFO - Processing /opt/airflow/dags/bank_transactions.py took 1.043 seconds
[2025-04-28T20:13:37.342+0000] {processor.py:186} INFO - Started process (PID=91) to work on /opt/airflow/dags/bank_transactions.py
[2025-04-28T20:13:37.344+0000] {processor.py:914} INFO - Processing file /opt/airflow/dags/bank_transactions.py for tasks to queue
[2025-04-28T20:13:37.347+0000] {logging_mixin.py:190} INFO - [2025-04-28T20:13:37.346+0000] {dagbag.py:588} INFO - Filling up the DagBag from /opt/airflow/dags/bank_transactions.py
[2025-04-28T20:13:38.582+0000] {processor.py:925} INFO - DAG(s) 'pyspark_test_work' retrieved from /opt/airflow/dags/bank_transactions.py
[2025-04-28T20:13:38.612+0000] {logging_mixin.py:190} INFO - [2025-04-28T20:13:38.612+0000] {dag.py:3239} INFO - Sync 1 DAGs
[2025-04-28T20:13:38.629+0000] {logging_mixin.py:190} INFO - [2025-04-28T20:13:38.629+0000] {dag.py:4180} INFO - Setting next_dagrun for pyspark_test_work to None, run_after=None
[2025-04-28T20:13:38.647+0000] {processor.py:208} INFO - Processing /opt/airflow/dags/bank_transactions.py took 1.315 seconds
[2025-04-28T20:14:08.731+0000] {processor.py:186} INFO - Started process (PID=104) to work on /opt/airflow/dags/bank_transactions.py
[2025-04-28T20:14:08.732+0000] {processor.py:914} INFO - Processing file /opt/airflow/dags/bank_transactions.py for tasks to queue
[2025-04-28T20:14:08.735+0000] {logging_mixin.py:190} INFO - [2025-04-28T20:14:08.734+0000] {dagbag.py:588} INFO - Filling up the DagBag from /opt/airflow/dags/bank_transactions.py
[2025-04-28T20:14:09.689+0000] {processor.py:925} INFO - DAG(s) 'pyspark_test_work' retrieved from /opt/airflow/dags/bank_transactions.py
[2025-04-28T20:14:09.719+0000] {logging_mixin.py:190} INFO - [2025-04-28T20:14:09.718+0000] {dag.py:3239} INFO - Sync 1 DAGs
[2025-04-28T20:14:09.737+0000] {logging_mixin.py:190} INFO - [2025-04-28T20:14:09.737+0000] {dag.py:4180} INFO - Setting next_dagrun for pyspark_test_work to None, run_after=None
[2025-04-28T20:14:09.758+0000] {processor.py:208} INFO - Processing /opt/airflow/dags/bank_transactions.py took 1.034 seconds
[2025-04-28T20:14:39.947+0000] {processor.py:186} INFO - Started process (PID=117) to work on /opt/airflow/dags/bank_transactions.py
[2025-04-28T20:14:39.949+0000] {processor.py:914} INFO - Processing file /opt/airflow/dags/bank_transactions.py for tasks to queue
[2025-04-28T20:14:39.951+0000] {logging_mixin.py:190} INFO - [2025-04-28T20:14:39.951+0000] {dagbag.py:588} INFO - Filling up the DagBag from /opt/airflow/dags/bank_transactions.py
[2025-04-28T20:14:40.976+0000] {processor.py:925} INFO - DAG(s) 'pyspark_test_work' retrieved from /opt/airflow/dags/bank_transactions.py
[2025-04-28T20:14:40.998+0000] {logging_mixin.py:190} INFO - [2025-04-28T20:14:40.998+0000] {dag.py:3239} INFO - Sync 1 DAGs
[2025-04-28T20:14:41.012+0000] {logging_mixin.py:190} INFO - [2025-04-28T20:14:41.012+0000] {dag.py:4180} INFO - Setting next_dagrun for pyspark_test_work to None, run_after=None
[2025-04-28T20:14:41.034+0000] {processor.py:208} INFO - Processing /opt/airflow/dags/bank_transactions.py took 1.095 seconds
[2025-04-28T20:15:11.256+0000] {processor.py:186} INFO - Started process (PID=130) to work on /opt/airflow/dags/bank_transactions.py
[2025-04-28T20:15:11.257+0000] {processor.py:914} INFO - Processing file /opt/airflow/dags/bank_transactions.py for tasks to queue
[2025-04-28T20:15:11.260+0000] {logging_mixin.py:190} INFO - [2025-04-28T20:15:11.260+0000] {dagbag.py:588} INFO - Filling up the DagBag from /opt/airflow/dags/bank_transactions.py
[2025-04-28T20:15:12.233+0000] {processor.py:925} INFO - DAG(s) 'pyspark_test_work' retrieved from /opt/airflow/dags/bank_transactions.py
[2025-04-28T20:15:12.256+0000] {logging_mixin.py:190} INFO - [2025-04-28T20:15:12.255+0000] {dag.py:3239} INFO - Sync 1 DAGs
[2025-04-28T20:15:12.270+0000] {logging_mixin.py:190} INFO - [2025-04-28T20:15:12.269+0000] {dag.py:4180} INFO - Setting next_dagrun for pyspark_test_work to None, run_after=None
[2025-04-28T20:15:12.286+0000] {processor.py:208} INFO - Processing /opt/airflow/dags/bank_transactions.py took 1.037 seconds
[2025-04-28T20:15:42.532+0000] {processor.py:186} INFO - Started process (PID=143) to work on /opt/airflow/dags/bank_transactions.py
[2025-04-28T20:15:42.533+0000] {processor.py:914} INFO - Processing file /opt/airflow/dags/bank_transactions.py for tasks to queue
[2025-04-28T20:15:42.536+0000] {logging_mixin.py:190} INFO - [2025-04-28T20:15:42.535+0000] {dagbag.py:588} INFO - Filling up the DagBag from /opt/airflow/dags/bank_transactions.py
[2025-04-28T20:15:43.493+0000] {processor.py:925} INFO - DAG(s) 'pyspark_test_work' retrieved from /opt/airflow/dags/bank_transactions.py
[2025-04-28T20:15:43.516+0000] {logging_mixin.py:190} INFO - [2025-04-28T20:15:43.515+0000] {dag.py:3239} INFO - Sync 1 DAGs
[2025-04-28T20:15:43.704+0000] {logging_mixin.py:190} INFO - [2025-04-28T20:15:43.704+0000] {dag.py:4180} INFO - Setting next_dagrun for pyspark_test_work to None, run_after=None
[2025-04-28T20:15:43.721+0000] {processor.py:208} INFO - Processing /opt/airflow/dags/bank_transactions.py took 1.197 seconds
[2025-04-28T20:16:13.778+0000] {processor.py:186} INFO - Started process (PID=157) to work on /opt/airflow/dags/bank_transactions.py
[2025-04-28T20:16:13.779+0000] {processor.py:914} INFO - Processing file /opt/airflow/dags/bank_transactions.py for tasks to queue
[2025-04-28T20:16:13.782+0000] {logging_mixin.py:190} INFO - [2025-04-28T20:16:13.782+0000] {dagbag.py:588} INFO - Filling up the DagBag from /opt/airflow/dags/bank_transactions.py
[2025-04-28T20:16:14.536+0000] {processor.py:925} INFO - DAG(s) 'pyspark_test_work' retrieved from /opt/airflow/dags/bank_transactions.py
[2025-04-28T20:16:14.566+0000] {logging_mixin.py:190} INFO - [2025-04-28T20:16:14.566+0000] {dag.py:3239} INFO - Sync 1 DAGs
[2025-04-28T20:16:14.828+0000] {logging_mixin.py:190} INFO - [2025-04-28T20:16:14.828+0000] {dag.py:4180} INFO - Setting next_dagrun for pyspark_test_work to None, run_after=None
[2025-04-28T20:16:14.848+0000] {processor.py:208} INFO - Processing /opt/airflow/dags/bank_transactions.py took 1.077 seconds
[2025-04-28T20:16:44.986+0000] {processor.py:186} INFO - Started process (PID=170) to work on /opt/airflow/dags/bank_transactions.py
[2025-04-28T20:16:44.990+0000] {processor.py:914} INFO - Processing file /opt/airflow/dags/bank_transactions.py for tasks to queue
[2025-04-28T20:16:44.994+0000] {logging_mixin.py:190} INFO - [2025-04-28T20:16:44.993+0000] {dagbag.py:588} INFO - Filling up the DagBag from /opt/airflow/dags/bank_transactions.py
[2025-04-28T20:16:45.765+0000] {processor.py:925} INFO - DAG(s) 'pyspark_test_work' retrieved from /opt/airflow/dags/bank_transactions.py
[2025-04-28T20:16:46.032+0000] {logging_mixin.py:190} INFO - [2025-04-28T20:16:46.031+0000] {dag.py:3239} INFO - Sync 1 DAGs
[2025-04-28T20:16:46.046+0000] {logging_mixin.py:190} INFO - [2025-04-28T20:16:46.046+0000] {dag.py:4180} INFO - Setting next_dagrun for pyspark_test_work to None, run_after=None
[2025-04-28T20:16:46.064+0000] {processor.py:208} INFO - Processing /opt/airflow/dags/bank_transactions.py took 1.087 seconds
[2025-04-28T20:17:16.262+0000] {processor.py:186} INFO - Started process (PID=183) to work on /opt/airflow/dags/bank_transactions.py
[2025-04-28T20:17:16.267+0000] {processor.py:914} INFO - Processing file /opt/airflow/dags/bank_transactions.py for tasks to queue
[2025-04-28T20:17:16.271+0000] {logging_mixin.py:190} INFO - [2025-04-28T20:17:16.270+0000] {dagbag.py:588} INFO - Filling up the DagBag from /opt/airflow/dags/bank_transactions.py
[2025-04-28T20:17:17.294+0000] {processor.py:925} INFO - DAG(s) 'pyspark_test_work' retrieved from /opt/airflow/dags/bank_transactions.py
[2025-04-28T20:17:17.318+0000] {logging_mixin.py:190} INFO - [2025-04-28T20:17:17.317+0000] {dag.py:3239} INFO - Sync 1 DAGs
[2025-04-28T20:17:17.332+0000] {logging_mixin.py:190} INFO - [2025-04-28T20:17:17.332+0000] {dag.py:4180} INFO - Setting next_dagrun for pyspark_test_work to None, run_after=None
[2025-04-28T20:17:17.351+0000] {processor.py:208} INFO - Processing /opt/airflow/dags/bank_transactions.py took 1.097 seconds
[2025-04-28T20:17:47.490+0000] {processor.py:186} INFO - Started process (PID=196) to work on /opt/airflow/dags/bank_transactions.py
[2025-04-28T20:17:47.491+0000] {processor.py:914} INFO - Processing file /opt/airflow/dags/bank_transactions.py for tasks to queue
[2025-04-28T20:17:47.494+0000] {logging_mixin.py:190} INFO - [2025-04-28T20:17:47.494+0000] {dagbag.py:588} INFO - Filling up the DagBag from /opt/airflow/dags/bank_transactions.py
[2025-04-28T20:17:48.497+0000] {processor.py:925} INFO - DAG(s) 'pyspark_test_work' retrieved from /opt/airflow/dags/bank_transactions.py
[2025-04-28T20:17:48.519+0000] {logging_mixin.py:190} INFO - [2025-04-28T20:17:48.519+0000] {dag.py:3239} INFO - Sync 1 DAGs
[2025-04-28T20:17:48.533+0000] {logging_mixin.py:190} INFO - [2025-04-28T20:17:48.533+0000] {dag.py:4180} INFO - Setting next_dagrun for pyspark_test_work to None, run_after=None
[2025-04-28T20:17:48.552+0000] {processor.py:208} INFO - Processing /opt/airflow/dags/bank_transactions.py took 1.070 seconds
[2025-04-28T20:18:18.667+0000] {processor.py:186} INFO - Started process (PID=209) to work on /opt/airflow/dags/bank_transactions.py
[2025-04-28T20:18:18.669+0000] {processor.py:914} INFO - Processing file /opt/airflow/dags/bank_transactions.py for tasks to queue
[2025-04-28T20:18:18.672+0000] {logging_mixin.py:190} INFO - [2025-04-28T20:18:18.672+0000] {dagbag.py:588} INFO - Filling up the DagBag from /opt/airflow/dags/bank_transactions.py
[2025-04-28T20:18:19.454+0000] {processor.py:925} INFO - DAG(s) 'pyspark_test_work' retrieved from /opt/airflow/dags/bank_transactions.py
[2025-04-28T20:18:19.482+0000] {logging_mixin.py:190} INFO - [2025-04-28T20:18:19.481+0000] {dag.py:3239} INFO - Sync 1 DAGs
[2025-04-28T20:18:19.725+0000] {logging_mixin.py:190} INFO - [2025-04-28T20:18:19.725+0000] {dag.py:4180} INFO - Setting next_dagrun for pyspark_test_work to None, run_after=None
[2025-04-28T20:18:19.745+0000] {processor.py:208} INFO - Processing /opt/airflow/dags/bank_transactions.py took 1.085 seconds
[2025-04-28T20:18:49.919+0000] {processor.py:186} INFO - Started process (PID=222) to work on /opt/airflow/dags/bank_transactions.py
[2025-04-28T20:18:49.920+0000] {processor.py:914} INFO - Processing file /opt/airflow/dags/bank_transactions.py for tasks to queue
[2025-04-28T20:18:49.923+0000] {logging_mixin.py:190} INFO - [2025-04-28T20:18:49.923+0000] {dagbag.py:588} INFO - Filling up the DagBag from /opt/airflow/dags/bank_transactions.py
[2025-04-28T20:18:50.685+0000] {processor.py:925} INFO - DAG(s) 'pyspark_test_work' retrieved from /opt/airflow/dags/bank_transactions.py
[2025-04-28T20:18:50.712+0000] {logging_mixin.py:190} INFO - [2025-04-28T20:18:50.711+0000] {dag.py:3239} INFO - Sync 1 DAGs
[2025-04-28T20:18:50.950+0000] {logging_mixin.py:190} INFO - [2025-04-28T20:18:50.950+0000] {dag.py:4180} INFO - Setting next_dagrun for pyspark_test_work to None, run_after=None
[2025-04-28T20:18:50.971+0000] {processor.py:208} INFO - Processing /opt/airflow/dags/bank_transactions.py took 1.060 seconds
[2025-04-28T20:19:21.169+0000] {processor.py:186} INFO - Started process (PID=235) to work on /opt/airflow/dags/bank_transactions.py
[2025-04-28T20:19:21.171+0000] {processor.py:914} INFO - Processing file /opt/airflow/dags/bank_transactions.py for tasks to queue
[2025-04-28T20:19:21.174+0000] {logging_mixin.py:190} INFO - [2025-04-28T20:19:21.173+0000] {dagbag.py:588} INFO - Filling up the DagBag from /opt/airflow/dags/bank_transactions.py
[2025-04-28T20:19:21.929+0000] {processor.py:925} INFO - DAG(s) 'pyspark_test_work' retrieved from /opt/airflow/dags/bank_transactions.py
[2025-04-28T20:19:22.185+0000] {logging_mixin.py:190} INFO - [2025-04-28T20:19:22.184+0000] {dag.py:3239} INFO - Sync 1 DAGs
[2025-04-28T20:19:22.202+0000] {logging_mixin.py:190} INFO - [2025-04-28T20:19:22.201+0000] {dag.py:4180} INFO - Setting next_dagrun for pyspark_test_work to None, run_after=None
[2025-04-28T20:19:22.219+0000] {processor.py:208} INFO - Processing /opt/airflow/dags/bank_transactions.py took 1.058 seconds
[2025-04-28T20:19:52.420+0000] {processor.py:186} INFO - Started process (PID=248) to work on /opt/airflow/dags/bank_transactions.py
[2025-04-28T20:19:52.422+0000] {processor.py:914} INFO - Processing file /opt/airflow/dags/bank_transactions.py for tasks to queue
[2025-04-28T20:19:52.425+0000] {logging_mixin.py:190} INFO - [2025-04-28T20:19:52.424+0000] {dagbag.py:588} INFO - Filling up the DagBag from /opt/airflow/dags/bank_transactions.py
[2025-04-28T20:19:53.428+0000] {processor.py:925} INFO - DAG(s) 'pyspark_test_work' retrieved from /opt/airflow/dags/bank_transactions.py
[2025-04-28T20:19:53.453+0000] {logging_mixin.py:190} INFO - [2025-04-28T20:19:53.452+0000] {dag.py:3239} INFO - Sync 1 DAGs
[2025-04-28T20:19:53.467+0000] {logging_mixin.py:190} INFO - [2025-04-28T20:19:53.466+0000] {dag.py:4180} INFO - Setting next_dagrun for pyspark_test_work to None, run_after=None
[2025-04-28T20:19:53.485+0000] {processor.py:208} INFO - Processing /opt/airflow/dags/bank_transactions.py took 1.073 seconds
[2025-04-28T20:20:23.688+0000] {processor.py:186} INFO - Started process (PID=261) to work on /opt/airflow/dags/bank_transactions.py
[2025-04-28T20:20:23.690+0000] {processor.py:914} INFO - Processing file /opt/airflow/dags/bank_transactions.py for tasks to queue
[2025-04-28T20:20:23.693+0000] {logging_mixin.py:190} INFO - [2025-04-28T20:20:23.692+0000] {dagbag.py:588} INFO - Filling up the DagBag from /opt/airflow/dags/bank_transactions.py
[2025-04-28T20:20:24.683+0000] {processor.py:925} INFO - DAG(s) 'pyspark_test_work' retrieved from /opt/airflow/dags/bank_transactions.py
[2025-04-28T20:20:24.706+0000] {logging_mixin.py:190} INFO - [2025-04-28T20:20:24.705+0000] {dag.py:3239} INFO - Sync 1 DAGs
[2025-04-28T20:20:24.719+0000] {logging_mixin.py:190} INFO - [2025-04-28T20:20:24.719+0000] {dag.py:4180} INFO - Setting next_dagrun for pyspark_test_work to None, run_after=None
[2025-04-28T20:20:24.737+0000] {processor.py:208} INFO - Processing /opt/airflow/dags/bank_transactions.py took 1.056 seconds
[2025-04-28T20:20:54.871+0000] {processor.py:186} INFO - Started process (PID=274) to work on /opt/airflow/dags/bank_transactions.py
[2025-04-28T20:20:54.872+0000] {processor.py:914} INFO - Processing file /opt/airflow/dags/bank_transactions.py for tasks to queue
[2025-04-28T20:20:54.875+0000] {logging_mixin.py:190} INFO - [2025-04-28T20:20:54.874+0000] {dagbag.py:588} INFO - Filling up the DagBag from /opt/airflow/dags/bank_transactions.py
[2025-04-28T20:20:55.643+0000] {processor.py:925} INFO - DAG(s) 'pyspark_test_work' retrieved from /opt/airflow/dags/bank_transactions.py
[2025-04-28T20:20:55.670+0000] {logging_mixin.py:190} INFO - [2025-04-28T20:20:55.669+0000] {dag.py:3239} INFO - Sync 1 DAGs
[2025-04-28T20:20:55.915+0000] {logging_mixin.py:190} INFO - [2025-04-28T20:20:55.915+0000] {dag.py:4180} INFO - Setting next_dagrun for pyspark_test_work to None, run_after=None
[2025-04-28T20:20:55.934+0000] {processor.py:208} INFO - Processing /opt/airflow/dags/bank_transactions.py took 1.071 seconds
[2025-04-28T20:21:26.428+0000] {processor.py:186} INFO - Started process (PID=287) to work on /opt/airflow/dags/bank_transactions.py
[2025-04-28T20:21:26.429+0000] {processor.py:914} INFO - Processing file /opt/airflow/dags/bank_transactions.py for tasks to queue
[2025-04-28T20:21:26.432+0000] {logging_mixin.py:190} INFO - [2025-04-28T20:21:26.431+0000] {dagbag.py:588} INFO - Filling up the DagBag from /opt/airflow/dags/bank_transactions.py
[2025-04-28T20:21:27.186+0000] {processor.py:925} INFO - DAG(s) 'pyspark_test_work' retrieved from /opt/airflow/dags/bank_transactions.py
[2025-04-28T20:21:27.218+0000] {logging_mixin.py:190} INFO - [2025-04-28T20:21:27.217+0000] {dag.py:3239} INFO - Sync 1 DAGs
[2025-04-28T20:21:27.463+0000] {logging_mixin.py:190} INFO - [2025-04-28T20:21:27.462+0000] {dag.py:4180} INFO - Setting next_dagrun for pyspark_test_work to None, run_after=None
[2025-04-28T20:21:27.481+0000] {processor.py:208} INFO - Processing /opt/airflow/dags/bank_transactions.py took 1.060 seconds
[2025-04-28T20:21:57.630+0000] {processor.py:186} INFO - Started process (PID=300) to work on /opt/airflow/dags/bank_transactions.py
[2025-04-28T20:21:57.631+0000] {processor.py:914} INFO - Processing file /opt/airflow/dags/bank_transactions.py for tasks to queue
[2025-04-28T20:21:57.634+0000] {logging_mixin.py:190} INFO - [2025-04-28T20:21:57.634+0000] {dagbag.py:588} INFO - Filling up the DagBag from /opt/airflow/dags/bank_transactions.py
[2025-04-28T20:21:58.398+0000] {processor.py:925} INFO - DAG(s) 'pyspark_test_work' retrieved from /opt/airflow/dags/bank_transactions.py
[2025-04-28T20:21:58.649+0000] {logging_mixin.py:190} INFO - [2025-04-28T20:21:58.648+0000] {dag.py:3239} INFO - Sync 1 DAGs
[2025-04-28T20:21:58.663+0000] {logging_mixin.py:190} INFO - [2025-04-28T20:21:58.663+0000] {dag.py:4180} INFO - Setting next_dagrun for pyspark_test_work to None, run_after=None
[2025-04-28T20:21:58.681+0000] {processor.py:208} INFO - Processing /opt/airflow/dags/bank_transactions.py took 1.059 seconds
[2025-04-28T20:22:28.804+0000] {processor.py:186} INFO - Started process (PID=313) to work on /opt/airflow/dags/bank_transactions.py
[2025-04-28T20:22:28.806+0000] {processor.py:914} INFO - Processing file /opt/airflow/dags/bank_transactions.py for tasks to queue
[2025-04-28T20:22:28.809+0000] {logging_mixin.py:190} INFO - [2025-04-28T20:22:28.808+0000] {dagbag.py:588} INFO - Filling up the DagBag from /opt/airflow/dags/bank_transactions.py
[2025-04-28T20:22:29.811+0000] {processor.py:925} INFO - DAG(s) 'pyspark_test_work' retrieved from /opt/airflow/dags/bank_transactions.py
[2025-04-28T20:22:29.834+0000] {logging_mixin.py:190} INFO - [2025-04-28T20:22:29.833+0000] {dag.py:3239} INFO - Sync 1 DAGs
[2025-04-28T20:22:29.848+0000] {logging_mixin.py:190} INFO - [2025-04-28T20:22:29.848+0000] {dag.py:4180} INFO - Setting next_dagrun for pyspark_test_work to None, run_after=None
[2025-04-28T20:22:29.865+0000] {processor.py:208} INFO - Processing /opt/airflow/dags/bank_transactions.py took 1.069 seconds
[2025-04-28T20:23:00.020+0000] {processor.py:186} INFO - Started process (PID=326) to work on /opt/airflow/dags/bank_transactions.py
[2025-04-28T20:23:00.021+0000] {processor.py:914} INFO - Processing file /opt/airflow/dags/bank_transactions.py for tasks to queue
[2025-04-28T20:23:00.024+0000] {logging_mixin.py:190} INFO - [2025-04-28T20:23:00.024+0000] {dagbag.py:588} INFO - Filling up the DagBag from /opt/airflow/dags/bank_transactions.py
[2025-04-28T20:23:01.010+0000] {processor.py:925} INFO - DAG(s) 'pyspark_test_work' retrieved from /opt/airflow/dags/bank_transactions.py
[2025-04-28T20:23:01.032+0000] {logging_mixin.py:190} INFO - [2025-04-28T20:23:01.032+0000] {dag.py:3239} INFO - Sync 1 DAGs
[2025-04-28T20:23:01.046+0000] {logging_mixin.py:190} INFO - [2025-04-28T20:23:01.046+0000] {dag.py:4180} INFO - Setting next_dagrun for pyspark_test_work to None, run_after=None
[2025-04-28T20:23:01.065+0000] {processor.py:208} INFO - Processing /opt/airflow/dags/bank_transactions.py took 1.053 seconds
[2025-04-28T20:23:31.209+0000] {processor.py:186} INFO - Started process (PID=339) to work on /opt/airflow/dags/bank_transactions.py
[2025-04-28T20:23:31.210+0000] {processor.py:914} INFO - Processing file /opt/airflow/dags/bank_transactions.py for tasks to queue
[2025-04-28T20:23:31.213+0000] {logging_mixin.py:190} INFO - [2025-04-28T20:23:31.213+0000] {dagbag.py:588} INFO - Filling up the DagBag from /opt/airflow/dags/bank_transactions.py
[2025-04-28T20:23:31.986+0000] {processor.py:925} INFO - DAG(s) 'pyspark_test_work' retrieved from /opt/airflow/dags/bank_transactions.py
[2025-04-28T20:23:32.013+0000] {logging_mixin.py:190} INFO - [2025-04-28T20:23:32.012+0000] {dag.py:3239} INFO - Sync 1 DAGs
[2025-04-28T20:23:32.258+0000] {logging_mixin.py:190} INFO - [2025-04-28T20:23:32.258+0000] {dag.py:4180} INFO - Setting next_dagrun for pyspark_test_work to None, run_after=None
[2025-04-28T20:23:32.277+0000] {processor.py:208} INFO - Processing /opt/airflow/dags/bank_transactions.py took 1.076 seconds
[2025-04-28T20:24:02.442+0000] {processor.py:186} INFO - Started process (PID=352) to work on /opt/airflow/dags/bank_transactions.py
[2025-04-28T20:24:02.444+0000] {processor.py:914} INFO - Processing file /opt/airflow/dags/bank_transactions.py for tasks to queue
[2025-04-28T20:24:02.447+0000] {logging_mixin.py:190} INFO - [2025-04-28T20:24:02.446+0000] {dagbag.py:588} INFO - Filling up the DagBag from /opt/airflow/dags/bank_transactions.py
[2025-04-28T20:24:03.203+0000] {processor.py:925} INFO - DAG(s) 'pyspark_test_work' retrieved from /opt/airflow/dags/bank_transactions.py
[2025-04-28T20:24:03.232+0000] {logging_mixin.py:190} INFO - [2025-04-28T20:24:03.232+0000] {dag.py:3239} INFO - Sync 1 DAGs
[2025-04-28T20:24:03.479+0000] {logging_mixin.py:190} INFO - [2025-04-28T20:24:03.479+0000] {dag.py:4180} INFO - Setting next_dagrun for pyspark_test_work to None, run_after=None
[2025-04-28T20:24:03.496+0000] {processor.py:208} INFO - Processing /opt/airflow/dags/bank_transactions.py took 1.061 seconds
[2025-04-28T20:24:33.597+0000] {processor.py:186} INFO - Started process (PID=365) to work on /opt/airflow/dags/bank_transactions.py
[2025-04-28T20:24:33.598+0000] {processor.py:914} INFO - Processing file /opt/airflow/dags/bank_transactions.py for tasks to queue
[2025-04-28T20:24:33.601+0000] {logging_mixin.py:190} INFO - [2025-04-28T20:24:33.600+0000] {dagbag.py:588} INFO - Filling up the DagBag from /opt/airflow/dags/bank_transactions.py
[2025-04-28T20:24:34.359+0000] {processor.py:925} INFO - DAG(s) 'pyspark_test_work' retrieved from /opt/airflow/dags/bank_transactions.py
[2025-04-28T20:24:34.619+0000] {logging_mixin.py:190} INFO - [2025-04-28T20:24:34.619+0000] {dag.py:3239} INFO - Sync 1 DAGs
[2025-04-28T20:24:34.633+0000] {logging_mixin.py:190} INFO - [2025-04-28T20:24:34.633+0000] {dag.py:4180} INFO - Setting next_dagrun for pyspark_test_work to None, run_after=None
[2025-04-28T20:24:34.653+0000] {processor.py:208} INFO - Processing /opt/airflow/dags/bank_transactions.py took 1.064 seconds
[2025-04-28T20:25:04.862+0000] {processor.py:186} INFO - Started process (PID=378) to work on /opt/airflow/dags/bank_transactions.py
[2025-04-28T20:25:04.864+0000] {processor.py:914} INFO - Processing file /opt/airflow/dags/bank_transactions.py for tasks to queue
[2025-04-28T20:25:04.867+0000] {logging_mixin.py:190} INFO - [2025-04-28T20:25:04.867+0000] {dagbag.py:588} INFO - Filling up the DagBag from /opt/airflow/dags/bank_transactions.py
[2025-04-28T20:25:05.855+0000] {processor.py:925} INFO - DAG(s) 'pyspark_test_work' retrieved from /opt/airflow/dags/bank_transactions.py
[2025-04-28T20:25:05.880+0000] {logging_mixin.py:190} INFO - [2025-04-28T20:25:05.879+0000] {dag.py:3239} INFO - Sync 1 DAGs
[2025-04-28T20:25:05.893+0000] {logging_mixin.py:190} INFO - [2025-04-28T20:25:05.893+0000] {dag.py:4180} INFO - Setting next_dagrun for pyspark_test_work to None, run_after=None
[2025-04-28T20:25:05.910+0000] {processor.py:208} INFO - Processing /opt/airflow/dags/bank_transactions.py took 1.055 seconds
[2025-04-28T20:25:36.045+0000] {processor.py:186} INFO - Started process (PID=391) to work on /opt/airflow/dags/bank_transactions.py
[2025-04-28T20:25:36.046+0000] {processor.py:914} INFO - Processing file /opt/airflow/dags/bank_transactions.py for tasks to queue
[2025-04-28T20:25:36.048+0000] {logging_mixin.py:190} INFO - [2025-04-28T20:25:36.048+0000] {dagbag.py:588} INFO - Filling up the DagBag from /opt/airflow/dags/bank_transactions.py
[2025-04-28T20:25:37.060+0000] {processor.py:925} INFO - DAG(s) 'pyspark_test_work' retrieved from /opt/airflow/dags/bank_transactions.py
[2025-04-28T20:25:37.081+0000] {logging_mixin.py:190} INFO - [2025-04-28T20:25:37.080+0000] {dag.py:3239} INFO - Sync 1 DAGs
[2025-04-28T20:25:37.094+0000] {logging_mixin.py:190} INFO - [2025-04-28T20:25:37.094+0000] {dag.py:4180} INFO - Setting next_dagrun for pyspark_test_work to None, run_after=None
[2025-04-28T20:25:37.111+0000] {processor.py:208} INFO - Processing /opt/airflow/dags/bank_transactions.py took 1.074 seconds
[2025-04-28T20:26:07.329+0000] {processor.py:186} INFO - Started process (PID=404) to work on /opt/airflow/dags/bank_transactions.py
[2025-04-28T20:26:07.331+0000] {processor.py:914} INFO - Processing file /opt/airflow/dags/bank_transactions.py for tasks to queue
[2025-04-28T20:26:07.334+0000] {logging_mixin.py:190} INFO - [2025-04-28T20:26:07.333+0000] {dagbag.py:588} INFO - Filling up the DagBag from /opt/airflow/dags/bank_transactions.py
[2025-04-28T20:26:08.204+0000] {processor.py:925} INFO - DAG(s) 'pyspark_test_work' retrieved from /opt/airflow/dags/bank_transactions.py
[2025-04-28T20:26:08.241+0000] {logging_mixin.py:190} INFO - [2025-04-28T20:26:08.240+0000] {dag.py:3239} INFO - Sync 1 DAGs
[2025-04-28T20:26:08.515+0000] {logging_mixin.py:190} INFO - [2025-04-28T20:26:08.515+0000] {dag.py:4180} INFO - Setting next_dagrun for pyspark_test_work to None, run_after=None
[2025-04-28T20:26:08.534+0000] {processor.py:208} INFO - Processing /opt/airflow/dags/bank_transactions.py took 1.213 seconds
[2025-04-28T20:26:39.038+0000] {processor.py:186} INFO - Started process (PID=423) to work on /opt/airflow/dags/bank_transactions.py
[2025-04-28T20:26:39.039+0000] {processor.py:914} INFO - Processing file /opt/airflow/dags/bank_transactions.py for tasks to queue
[2025-04-28T20:26:39.042+0000] {logging_mixin.py:190} INFO - [2025-04-28T20:26:39.042+0000] {dagbag.py:588} INFO - Filling up the DagBag from /opt/airflow/dags/bank_transactions.py
[2025-04-28T20:26:39.810+0000] {processor.py:925} INFO - DAG(s) 'pyspark_test_work' retrieved from /opt/airflow/dags/bank_transactions.py
[2025-04-28T20:26:39.845+0000] {logging_mixin.py:190} INFO - [2025-04-28T20:26:39.844+0000] {dag.py:3239} INFO - Sync 1 DAGs
[2025-04-28T20:26:40.093+0000] {logging_mixin.py:190} INFO - [2025-04-28T20:26:40.092+0000] {dag.py:4180} INFO - Setting next_dagrun for pyspark_test_work to None, run_after=None
[2025-04-28T20:26:40.109+0000] {processor.py:208} INFO - Processing /opt/airflow/dags/bank_transactions.py took 1.078 seconds
[2025-04-28T20:27:10.307+0000] {processor.py:186} INFO - Started process (PID=436) to work on /opt/airflow/dags/bank_transactions.py
[2025-04-28T20:27:10.308+0000] {processor.py:914} INFO - Processing file /opt/airflow/dags/bank_transactions.py for tasks to queue
[2025-04-28T20:27:10.311+0000] {logging_mixin.py:190} INFO - [2025-04-28T20:27:10.311+0000] {dagbag.py:588} INFO - Filling up the DagBag from /opt/airflow/dags/bank_transactions.py
[2025-04-28T20:27:11.083+0000] {processor.py:925} INFO - DAG(s) 'pyspark_test_work' retrieved from /opt/airflow/dags/bank_transactions.py
[2025-04-28T20:27:11.338+0000] {logging_mixin.py:190} INFO - [2025-04-28T20:27:11.337+0000] {dag.py:3239} INFO - Sync 1 DAGs
[2025-04-28T20:27:11.352+0000] {logging_mixin.py:190} INFO - [2025-04-28T20:27:11.352+0000] {dag.py:4180} INFO - Setting next_dagrun for pyspark_test_work to None, run_after=None
[2025-04-28T20:27:11.370+0000] {processor.py:208} INFO - Processing /opt/airflow/dags/bank_transactions.py took 1.071 seconds
[2025-04-28T20:27:41.568+0000] {processor.py:186} INFO - Started process (PID=449) to work on /opt/airflow/dags/bank_transactions.py
[2025-04-28T20:27:41.570+0000] {processor.py:914} INFO - Processing file /opt/airflow/dags/bank_transactions.py for tasks to queue
[2025-04-28T20:27:41.573+0000] {logging_mixin.py:190} INFO - [2025-04-28T20:27:41.572+0000] {dagbag.py:588} INFO - Filling up the DagBag from /opt/airflow/dags/bank_transactions.py
[2025-04-28T20:27:42.576+0000] {processor.py:925} INFO - DAG(s) 'pyspark_test_work' retrieved from /opt/airflow/dags/bank_transactions.py
[2025-04-28T20:27:42.601+0000] {logging_mixin.py:190} INFO - [2025-04-28T20:27:42.600+0000] {dag.py:3239} INFO - Sync 1 DAGs
[2025-04-28T20:27:42.615+0000] {logging_mixin.py:190} INFO - [2025-04-28T20:27:42.614+0000] {dag.py:4180} INFO - Setting next_dagrun for pyspark_test_work to None, run_after=None
[2025-04-28T20:27:42.633+0000] {processor.py:208} INFO - Processing /opt/airflow/dags/bank_transactions.py took 1.073 seconds
[2025-04-28T20:28:12.780+0000] {processor.py:186} INFO - Started process (PID=462) to work on /opt/airflow/dags/bank_transactions.py
[2025-04-28T20:28:12.781+0000] {processor.py:914} INFO - Processing file /opt/airflow/dags/bank_transactions.py for tasks to queue
[2025-04-28T20:28:12.784+0000] {logging_mixin.py:190} INFO - [2025-04-28T20:28:12.783+0000] {dagbag.py:588} INFO - Filling up the DagBag from /opt/airflow/dags/bank_transactions.py
[2025-04-28T20:28:13.804+0000] {processor.py:925} INFO - DAG(s) 'pyspark_test_work' retrieved from /opt/airflow/dags/bank_transactions.py
[2025-04-28T20:28:13.828+0000] {logging_mixin.py:190} INFO - [2025-04-28T20:28:13.828+0000] {dag.py:3239} INFO - Sync 1 DAGs
[2025-04-28T20:28:13.844+0000] {logging_mixin.py:190} INFO - [2025-04-28T20:28:13.843+0000] {dag.py:4180} INFO - Setting next_dagrun for pyspark_test_work to None, run_after=None
[2025-04-28T20:28:13.861+0000] {processor.py:208} INFO - Processing /opt/airflow/dags/bank_transactions.py took 1.089 seconds
[2025-04-28T20:28:44.034+0000] {processor.py:186} INFO - Started process (PID=475) to work on /opt/airflow/dags/bank_transactions.py
[2025-04-28T20:28:44.037+0000] {processor.py:914} INFO - Processing file /opt/airflow/dags/bank_transactions.py for tasks to queue
[2025-04-28T20:28:44.040+0000] {logging_mixin.py:190} INFO - [2025-04-28T20:28:44.040+0000] {dagbag.py:588} INFO - Filling up the DagBag from /opt/airflow/dags/bank_transactions.py
[2025-04-28T20:28:44.808+0000] {processor.py:925} INFO - DAG(s) 'pyspark_test_work' retrieved from /opt/airflow/dags/bank_transactions.py
[2025-04-28T20:28:44.835+0000] {logging_mixin.py:190} INFO - [2025-04-28T20:28:44.834+0000] {dag.py:3239} INFO - Sync 1 DAGs
[2025-04-28T20:28:45.075+0000] {logging_mixin.py:190} INFO - [2025-04-28T20:28:45.075+0000] {dag.py:4180} INFO - Setting next_dagrun for pyspark_test_work to None, run_after=None
[2025-04-28T20:28:45.094+0000] {processor.py:208} INFO - Processing /opt/airflow/dags/bank_transactions.py took 1.068 seconds
[2025-04-28T20:29:15.293+0000] {processor.py:186} INFO - Started process (PID=488) to work on /opt/airflow/dags/bank_transactions.py
[2025-04-28T20:29:15.294+0000] {processor.py:914} INFO - Processing file /opt/airflow/dags/bank_transactions.py for tasks to queue
[2025-04-28T20:29:15.298+0000] {logging_mixin.py:190} INFO - [2025-04-28T20:29:15.297+0000] {dagbag.py:588} INFO - Filling up the DagBag from /opt/airflow/dags/bank_transactions.py
[2025-04-28T20:29:16.324+0000] {processor.py:925} INFO - DAG(s) 'pyspark_test_work' retrieved from /opt/airflow/dags/bank_transactions.py
[2025-04-28T20:29:16.362+0000] {logging_mixin.py:190} INFO - [2025-04-28T20:29:16.361+0000] {dag.py:3239} INFO - Sync 1 DAGs
[2025-04-28T20:29:16.688+0000] {logging_mixin.py:190} INFO - [2025-04-28T20:29:16.687+0000] {dag.py:4180} INFO - Setting next_dagrun for pyspark_test_work to None, run_after=None
[2025-04-28T20:29:16.715+0000] {processor.py:208} INFO - Processing /opt/airflow/dags/bank_transactions.py took 1.432 seconds
[2025-04-28T20:29:46.929+0000] {processor.py:186} INFO - Started process (PID=501) to work on /opt/airflow/dags/bank_transactions.py
[2025-04-28T20:29:46.976+0000] {processor.py:914} INFO - Processing file /opt/airflow/dags/bank_transactions.py for tasks to queue
[2025-04-28T20:29:46.980+0000] {logging_mixin.py:190} INFO - [2025-04-28T20:29:46.980+0000] {dagbag.py:588} INFO - Filling up the DagBag from /opt/airflow/dags/bank_transactions.py
[2025-04-28T20:29:47.865+0000] {processor.py:925} INFO - DAG(s) 'pyspark_test_work' retrieved from /opt/airflow/dags/bank_transactions.py
[2025-04-28T20:29:48.142+0000] {logging_mixin.py:190} INFO - [2025-04-28T20:29:48.142+0000] {dag.py:3239} INFO - Sync 1 DAGs
[2025-04-28T20:29:48.162+0000] {logging_mixin.py:190} INFO - [2025-04-28T20:29:48.162+0000] {dag.py:4180} INFO - Setting next_dagrun for pyspark_test_work to None, run_after=None
[2025-04-28T20:29:48.186+0000] {processor.py:208} INFO - Processing /opt/airflow/dags/bank_transactions.py took 1.264 seconds
[2025-04-28T20:30:18.335+0000] {processor.py:186} INFO - Started process (PID=514) to work on /opt/airflow/dags/bank_transactions.py
[2025-04-28T20:30:18.336+0000] {processor.py:914} INFO - Processing file /opt/airflow/dags/bank_transactions.py for tasks to queue
[2025-04-28T20:30:18.339+0000] {logging_mixin.py:190} INFO - [2025-04-28T20:30:18.338+0000] {dagbag.py:588} INFO - Filling up the DagBag from /opt/airflow/dags/bank_transactions.py
[2025-04-28T20:30:19.341+0000] {processor.py:925} INFO - DAG(s) 'pyspark_test_work' retrieved from /opt/airflow/dags/bank_transactions.py
[2025-04-28T20:30:19.368+0000] {logging_mixin.py:190} INFO - [2025-04-28T20:30:19.368+0000] {dag.py:3239} INFO - Sync 1 DAGs
[2025-04-28T20:30:19.386+0000] {logging_mixin.py:190} INFO - [2025-04-28T20:30:19.385+0000] {dag.py:4180} INFO - Setting next_dagrun for pyspark_test_work to None, run_after=None
[2025-04-28T20:30:19.408+0000] {processor.py:208} INFO - Processing /opt/airflow/dags/bank_transactions.py took 1.080 seconds
[2025-04-28T20:30:49.609+0000] {processor.py:186} INFO - Started process (PID=527) to work on /opt/airflow/dags/bank_transactions.py
[2025-04-28T20:30:49.611+0000] {processor.py:914} INFO - Processing file /opt/airflow/dags/bank_transactions.py for tasks to queue
[2025-04-28T20:30:49.614+0000] {logging_mixin.py:190} INFO - [2025-04-28T20:30:49.613+0000] {dagbag.py:588} INFO - Filling up the DagBag from /opt/airflow/dags/bank_transactions.py
[2025-04-28T20:30:50.596+0000] {processor.py:925} INFO - DAG(s) 'pyspark_test_work' retrieved from /opt/airflow/dags/bank_transactions.py
[2025-04-28T20:30:50.618+0000] {logging_mixin.py:190} INFO - [2025-04-28T20:30:50.617+0000] {dag.py:3239} INFO - Sync 1 DAGs
[2025-04-28T20:30:50.631+0000] {logging_mixin.py:190} INFO - [2025-04-28T20:30:50.630+0000] {dag.py:4180} INFO - Setting next_dagrun for pyspark_test_work to None, run_after=None
[2025-04-28T20:30:50.649+0000] {processor.py:208} INFO - Processing /opt/airflow/dags/bank_transactions.py took 1.047 seconds
[2025-04-28T20:31:20.780+0000] {processor.py:186} INFO - Started process (PID=540) to work on /opt/airflow/dags/bank_transactions.py
[2025-04-28T20:31:20.781+0000] {processor.py:914} INFO - Processing file /opt/airflow/dags/bank_transactions.py for tasks to queue
[2025-04-28T20:31:20.784+0000] {logging_mixin.py:190} INFO - [2025-04-28T20:31:20.784+0000] {dagbag.py:588} INFO - Filling up the DagBag from /opt/airflow/dags/bank_transactions.py
[2025-04-28T20:31:21.563+0000] {processor.py:925} INFO - DAG(s) 'pyspark_test_work' retrieved from /opt/airflow/dags/bank_transactions.py
[2025-04-28T20:31:21.588+0000] {logging_mixin.py:190} INFO - [2025-04-28T20:31:21.587+0000] {dag.py:3239} INFO - Sync 1 DAGs
[2025-04-28T20:31:21.829+0000] {logging_mixin.py:190} INFO - [2025-04-28T20:31:21.829+0000] {dag.py:4180} INFO - Setting next_dagrun for pyspark_test_work to None, run_after=None
[2025-04-28T20:31:21.847+0000] {processor.py:208} INFO - Processing /opt/airflow/dags/bank_transactions.py took 1.074 seconds
[2025-04-28T20:31:52.022+0000] {processor.py:186} INFO - Started process (PID=553) to work on /opt/airflow/dags/bank_transactions.py
[2025-04-28T20:31:52.023+0000] {processor.py:914} INFO - Processing file /opt/airflow/dags/bank_transactions.py for tasks to queue
[2025-04-28T20:31:52.026+0000] {logging_mixin.py:190} INFO - [2025-04-28T20:31:52.026+0000] {dagbag.py:588} INFO - Filling up the DagBag from /opt/airflow/dags/bank_transactions.py
[2025-04-28T20:31:52.782+0000] {processor.py:925} INFO - DAG(s) 'pyspark_test_work' retrieved from /opt/airflow/dags/bank_transactions.py
[2025-04-28T20:31:53.037+0000] {logging_mixin.py:190} INFO - [2025-04-28T20:31:53.036+0000] {dag.py:3239} INFO - Sync 1 DAGs
[2025-04-28T20:31:53.051+0000] {logging_mixin.py:190} INFO - [2025-04-28T20:31:53.051+0000] {dag.py:4180} INFO - Setting next_dagrun for pyspark_test_work to None, run_after=None
[2025-04-28T20:31:53.070+0000] {processor.py:208} INFO - Processing /opt/airflow/dags/bank_transactions.py took 1.055 seconds
[2025-04-28T20:32:23.201+0000] {processor.py:186} INFO - Started process (PID=566) to work on /opt/airflow/dags/bank_transactions.py
[2025-04-28T20:32:23.203+0000] {processor.py:914} INFO - Processing file /opt/airflow/dags/bank_transactions.py for tasks to queue
[2025-04-28T20:32:23.206+0000] {logging_mixin.py:190} INFO - [2025-04-28T20:32:23.206+0000] {dagbag.py:588} INFO - Filling up the DagBag from /opt/airflow/dags/bank_transactions.py
[2025-04-28T20:32:23.974+0000] {processor.py:925} INFO - DAG(s) 'pyspark_test_work' retrieved from /opt/airflow/dags/bank_transactions.py
[2025-04-28T20:32:24.228+0000] {logging_mixin.py:190} INFO - [2025-04-28T20:32:24.227+0000] {dag.py:3239} INFO - Sync 1 DAGs
[2025-04-28T20:32:24.241+0000] {logging_mixin.py:190} INFO - [2025-04-28T20:32:24.241+0000] {dag.py:4180} INFO - Setting next_dagrun for pyspark_test_work to None, run_after=None
[2025-04-28T20:32:24.259+0000] {processor.py:208} INFO - Processing /opt/airflow/dags/bank_transactions.py took 1.065 seconds
[2025-04-28T20:32:54.379+0000] {processor.py:186} INFO - Started process (PID=579) to work on /opt/airflow/dags/bank_transactions.py
[2025-04-28T20:32:54.431+0000] {processor.py:914} INFO - Processing file /opt/airflow/dags/bank_transactions.py for tasks to queue
[2025-04-28T20:32:54.435+0000] {logging_mixin.py:190} INFO - [2025-04-28T20:32:54.434+0000] {dagbag.py:588} INFO - Filling up the DagBag from /opt/airflow/dags/bank_transactions.py
[2025-04-28T20:32:55.416+0000] {processor.py:925} INFO - DAG(s) 'pyspark_test_work' retrieved from /opt/airflow/dags/bank_transactions.py
[2025-04-28T20:32:55.439+0000] {logging_mixin.py:190} INFO - [2025-04-28T20:32:55.439+0000] {dag.py:3239} INFO - Sync 1 DAGs
[2025-04-28T20:32:55.453+0000] {logging_mixin.py:190} INFO - [2025-04-28T20:32:55.453+0000] {dag.py:4180} INFO - Setting next_dagrun for pyspark_test_work to None, run_after=None
[2025-04-28T20:32:55.473+0000] {processor.py:208} INFO - Processing /opt/airflow/dags/bank_transactions.py took 1.101 seconds
[2025-04-28T20:33:25.671+0000] {processor.py:186} INFO - Started process (PID=592) to work on /opt/airflow/dags/bank_transactions.py
[2025-04-28T20:33:25.673+0000] {processor.py:914} INFO - Processing file /opt/airflow/dags/bank_transactions.py for tasks to queue
[2025-04-28T20:33:25.676+0000] {logging_mixin.py:190} INFO - [2025-04-28T20:33:25.675+0000] {dagbag.py:588} INFO - Filling up the DagBag from /opt/airflow/dags/bank_transactions.py
[2025-04-28T20:33:26.665+0000] {processor.py:925} INFO - DAG(s) 'pyspark_test_work' retrieved from /opt/airflow/dags/bank_transactions.py
[2025-04-28T20:33:26.689+0000] {logging_mixin.py:190} INFO - [2025-04-28T20:33:26.688+0000] {dag.py:3239} INFO - Sync 1 DAGs
[2025-04-28T20:33:26.703+0000] {logging_mixin.py:190} INFO - [2025-04-28T20:33:26.702+0000] {dag.py:4180} INFO - Setting next_dagrun for pyspark_test_work to None, run_after=None
[2025-04-28T20:33:26.721+0000] {processor.py:208} INFO - Processing /opt/airflow/dags/bank_transactions.py took 1.059 seconds
[2025-04-28T20:33:56.840+0000] {processor.py:186} INFO - Started process (PID=605) to work on /opt/airflow/dags/bank_transactions.py
[2025-04-28T20:33:56.841+0000] {processor.py:914} INFO - Processing file /opt/airflow/dags/bank_transactions.py for tasks to queue
[2025-04-28T20:33:56.844+0000] {logging_mixin.py:190} INFO - [2025-04-28T20:33:56.844+0000] {dagbag.py:588} INFO - Filling up the DagBag from /opt/airflow/dags/bank_transactions.py
[2025-04-28T20:33:57.616+0000] {processor.py:925} INFO - DAG(s) 'pyspark_test_work' retrieved from /opt/airflow/dags/bank_transactions.py
[2025-04-28T20:33:57.644+0000] {logging_mixin.py:190} INFO - [2025-04-28T20:33:57.643+0000] {dag.py:3239} INFO - Sync 1 DAGs
[2025-04-28T20:33:57.898+0000] {logging_mixin.py:190} INFO - [2025-04-28T20:33:57.898+0000] {dag.py:4180} INFO - Setting next_dagrun for pyspark_test_work to None, run_after=None
[2025-04-28T20:33:57.916+0000] {processor.py:208} INFO - Processing /opt/airflow/dags/bank_transactions.py took 1.085 seconds
[2025-04-28T20:34:28.102+0000] {processor.py:186} INFO - Started process (PID=618) to work on /opt/airflow/dags/bank_transactions.py
[2025-04-28T20:34:28.127+0000] {processor.py:914} INFO - Processing file /opt/airflow/dags/bank_transactions.py for tasks to queue
[2025-04-28T20:34:28.130+0000] {logging_mixin.py:190} INFO - [2025-04-28T20:34:28.130+0000] {dagbag.py:588} INFO - Filling up the DagBag from /opt/airflow/dags/bank_transactions.py
[2025-04-28T20:34:28.887+0000] {processor.py:925} INFO - DAG(s) 'pyspark_test_work' retrieved from /opt/airflow/dags/bank_transactions.py
[2025-04-28T20:34:29.144+0000] {logging_mixin.py:190} INFO - [2025-04-28T20:34:29.143+0000] {dag.py:3239} INFO - Sync 1 DAGs
[2025-04-28T20:34:29.158+0000] {logging_mixin.py:190} INFO - [2025-04-28T20:34:29.157+0000] {dag.py:4180} INFO - Setting next_dagrun for pyspark_test_work to None, run_after=None
[2025-04-28T20:34:29.175+0000] {processor.py:208} INFO - Processing /opt/airflow/dags/bank_transactions.py took 1.080 seconds
[2025-04-28T20:34:59.320+0000] {processor.py:186} INFO - Started process (PID=631) to work on /opt/airflow/dags/bank_transactions.py
[2025-04-28T20:34:59.321+0000] {processor.py:914} INFO - Processing file /opt/airflow/dags/bank_transactions.py for tasks to queue
[2025-04-28T20:34:59.324+0000] {logging_mixin.py:190} INFO - [2025-04-28T20:34:59.323+0000] {dagbag.py:588} INFO - Filling up the DagBag from /opt/airflow/dags/bank_transactions.py
[2025-04-28T20:35:00.311+0000] {processor.py:925} INFO - DAG(s) 'pyspark_test_work' retrieved from /opt/airflow/dags/bank_transactions.py
[2025-04-28T20:35:00.335+0000] {logging_mixin.py:190} INFO - [2025-04-28T20:35:00.335+0000] {dag.py:3239} INFO - Sync 1 DAGs
[2025-04-28T20:35:00.350+0000] {logging_mixin.py:190} INFO - [2025-04-28T20:35:00.349+0000] {dag.py:4180} INFO - Setting next_dagrun for pyspark_test_work to None, run_after=None
[2025-04-28T20:35:00.368+0000] {processor.py:208} INFO - Processing /opt/airflow/dags/bank_transactions.py took 1.056 seconds
[2025-04-28T20:35:30.540+0000] {processor.py:186} INFO - Started process (PID=644) to work on /opt/airflow/dags/bank_transactions.py
[2025-04-28T20:35:30.542+0000] {processor.py:914} INFO - Processing file /opt/airflow/dags/bank_transactions.py for tasks to queue
[2025-04-28T20:35:30.545+0000] {logging_mixin.py:190} INFO - [2025-04-28T20:35:30.544+0000] {dagbag.py:588} INFO - Filling up the DagBag from /opt/airflow/dags/bank_transactions.py
[2025-04-28T20:35:31.550+0000] {processor.py:925} INFO - DAG(s) 'pyspark_test_work' retrieved from /opt/airflow/dags/bank_transactions.py
[2025-04-28T20:35:31.573+0000] {logging_mixin.py:190} INFO - [2025-04-28T20:35:31.572+0000] {dag.py:3239} INFO - Sync 1 DAGs
[2025-04-28T20:35:31.587+0000] {logging_mixin.py:190} INFO - [2025-04-28T20:35:31.587+0000] {dag.py:4180} INFO - Setting next_dagrun for pyspark_test_work to None, run_after=None
[2025-04-28T20:35:31.605+0000] {processor.py:208} INFO - Processing /opt/airflow/dags/bank_transactions.py took 1.073 seconds
[2025-04-28T20:36:01.731+0000] {processor.py:186} INFO - Started process (PID=657) to work on /opt/airflow/dags/bank_transactions.py
[2025-04-28T20:36:01.733+0000] {processor.py:914} INFO - Processing file /opt/airflow/dags/bank_transactions.py for tasks to queue
[2025-04-28T20:36:01.736+0000] {logging_mixin.py:190} INFO - [2025-04-28T20:36:01.736+0000] {dagbag.py:588} INFO - Filling up the DagBag from /opt/airflow/dags/bank_transactions.py
[2025-04-28T20:36:02.877+0000] {processor.py:925} INFO - DAG(s) 'pyspark_test_work' retrieved from /opt/airflow/dags/bank_transactions.py
[2025-04-28T20:36:02.910+0000] {logging_mixin.py:190} INFO - [2025-04-28T20:36:02.909+0000] {dag.py:3239} INFO - Sync 1 DAGs
[2025-04-28T20:36:02.935+0000] {logging_mixin.py:190} INFO - [2025-04-28T20:36:02.934+0000] {dag.py:4180} INFO - Setting next_dagrun for pyspark_test_work to None, run_after=None
[2025-04-28T20:36:02.954+0000] {processor.py:208} INFO - Processing /opt/airflow/dags/bank_transactions.py took 1.230 seconds
[2025-04-28T20:36:33.179+0000] {processor.py:186} INFO - Started process (PID=670) to work on /opt/airflow/dags/bank_transactions.py
[2025-04-28T20:36:33.181+0000] {processor.py:914} INFO - Processing file /opt/airflow/dags/bank_transactions.py for tasks to queue
[2025-04-28T20:36:33.184+0000] {logging_mixin.py:190} INFO - [2025-04-28T20:36:33.183+0000] {dagbag.py:588} INFO - Filling up the DagBag from /opt/airflow/dags/bank_transactions.py
[2025-04-28T20:36:33.963+0000] {processor.py:925} INFO - DAG(s) 'pyspark_test_work' retrieved from /opt/airflow/dags/bank_transactions.py
[2025-04-28T20:36:33.993+0000] {logging_mixin.py:190} INFO - [2025-04-28T20:36:33.992+0000] {dag.py:3239} INFO - Sync 1 DAGs
[2025-04-28T20:36:34.245+0000] {logging_mixin.py:190} INFO - [2025-04-28T20:36:34.245+0000] {dag.py:4180} INFO - Setting next_dagrun for pyspark_test_work to None, run_after=None
[2025-04-28T20:36:34.264+0000] {processor.py:208} INFO - Processing /opt/airflow/dags/bank_transactions.py took 1.092 seconds
[2025-04-28T20:37:04.471+0000] {processor.py:186} INFO - Started process (PID=683) to work on /opt/airflow/dags/bank_transactions.py
[2025-04-28T20:37:04.472+0000] {processor.py:914} INFO - Processing file /opt/airflow/dags/bank_transactions.py for tasks to queue
[2025-04-28T20:37:04.476+0000] {logging_mixin.py:190} INFO - [2025-04-28T20:37:04.475+0000] {dagbag.py:588} INFO - Filling up the DagBag from /opt/airflow/dags/bank_transactions.py
[2025-04-28T20:37:05.241+0000] {processor.py:925} INFO - DAG(s) 'pyspark_test_work' retrieved from /opt/airflow/dags/bank_transactions.py
[2025-04-28T20:37:05.505+0000] {logging_mixin.py:190} INFO - [2025-04-28T20:37:05.504+0000] {dag.py:3239} INFO - Sync 1 DAGs
[2025-04-28T20:37:05.519+0000] {logging_mixin.py:190} INFO - [2025-04-28T20:37:05.519+0000] {dag.py:4180} INFO - Setting next_dagrun for pyspark_test_work to None, run_after=None
[2025-04-28T20:37:05.536+0000] {processor.py:208} INFO - Processing /opt/airflow/dags/bank_transactions.py took 1.073 seconds
[2025-04-28T20:37:35.709+0000] {processor.py:186} INFO - Started process (PID=696) to work on /opt/airflow/dags/bank_transactions.py
[2025-04-28T20:37:35.728+0000] {processor.py:914} INFO - Processing file /opt/airflow/dags/bank_transactions.py for tasks to queue
[2025-04-28T20:37:35.732+0000] {logging_mixin.py:190} INFO - [2025-04-28T20:37:35.732+0000] {dagbag.py:588} INFO - Filling up the DagBag from /opt/airflow/dags/bank_transactions.py
[2025-04-28T20:37:36.764+0000] {processor.py:925} INFO - DAG(s) 'pyspark_test_work' retrieved from /opt/airflow/dags/bank_transactions.py
[2025-04-28T20:37:36.794+0000] {logging_mixin.py:190} INFO - [2025-04-28T20:37:36.793+0000] {dag.py:3239} INFO - Sync 1 DAGs
[2025-04-28T20:37:36.814+0000] {logging_mixin.py:190} INFO - [2025-04-28T20:37:36.813+0000] {dag.py:4180} INFO - Setting next_dagrun for pyspark_test_work to None, run_after=None
[2025-04-28T20:37:36.837+0000] {processor.py:208} INFO - Processing /opt/airflow/dags/bank_transactions.py took 1.140 seconds
