[2025-04-28T20:12:36.098+0000] {processor.py:186} INFO - Started process (PID=63) to work on /opt/airflow/dags/spark_example.py
[2025-04-28T20:12:36.099+0000] {processor.py:914} INFO - Processing file /opt/airflow/dags/spark_example.py for tasks to queue
[2025-04-28T20:12:36.102+0000] {logging_mixin.py:190} INFO - [2025-04-28T20:12:36.101+0000] {dagbag.py:588} INFO - Filling up the DagBag from /opt/airflow/dags/spark_example.py
[2025-04-28T20:12:36.895+0000] {processor.py:925} INFO - DAG(s) 'spark_example' retrieved from /opt/airflow/dags/spark_example.py
[2025-04-28T20:12:36.919+0000] {logging_mixin.py:190} INFO - [2025-04-28T20:12:36.918+0000] {dag.py:3239} INFO - Sync 1 DAGs
[2025-04-28T20:12:36.933+0000] {logging_mixin.py:190} INFO - [2025-04-28T20:12:36.933+0000] {dag.py:4180} INFO - Setting next_dagrun for spark_example to None, run_after=None
[2025-04-28T20:12:36.950+0000] {processor.py:208} INFO - Processing /opt/airflow/dags/spark_example.py took 0.859 seconds
[2025-04-28T20:13:07.660+0000] {processor.py:186} INFO - Started process (PID=83) to work on /opt/airflow/dags/spark_example.py
[2025-04-28T20:13:07.661+0000] {processor.py:914} INFO - Processing file /opt/airflow/dags/spark_example.py for tasks to queue
[2025-04-28T20:13:07.663+0000] {logging_mixin.py:190} INFO - [2025-04-28T20:13:07.663+0000] {dagbag.py:588} INFO - Filling up the DagBag from /opt/airflow/dags/spark_example.py
[2025-04-28T20:13:08.416+0000] {processor.py:925} INFO - DAG(s) 'spark_example' retrieved from /opt/airflow/dags/spark_example.py
[2025-04-28T20:13:08.437+0000] {logging_mixin.py:190} INFO - [2025-04-28T20:13:08.437+0000] {dag.py:3239} INFO - Sync 1 DAGs
[2025-04-28T20:13:08.451+0000] {logging_mixin.py:190} INFO - [2025-04-28T20:13:08.450+0000] {dag.py:4180} INFO - Setting next_dagrun for spark_example to None, run_after=None
[2025-04-28T20:13:08.467+0000] {processor.py:208} INFO - Processing /opt/airflow/dags/spark_example.py took 0.815 seconds
[2025-04-28T20:13:38.690+0000] {processor.py:186} INFO - Started process (PID=96) to work on /opt/airflow/dags/spark_example.py
[2025-04-28T20:13:38.690+0000] {processor.py:914} INFO - Processing file /opt/airflow/dags/spark_example.py for tasks to queue
[2025-04-28T20:13:38.694+0000] {logging_mixin.py:190} INFO - [2025-04-28T20:13:38.693+0000] {dagbag.py:588} INFO - Filling up the DagBag from /opt/airflow/dags/spark_example.py
[2025-04-28T20:13:39.483+0000] {processor.py:925} INFO - DAG(s) 'spark_example' retrieved from /opt/airflow/dags/spark_example.py
[2025-04-28T20:13:39.505+0000] {logging_mixin.py:190} INFO - [2025-04-28T20:13:39.504+0000] {dag.py:3239} INFO - Sync 1 DAGs
[2025-04-28T20:13:39.518+0000] {logging_mixin.py:190} INFO - [2025-04-28T20:13:39.518+0000] {dag.py:4180} INFO - Setting next_dagrun for spark_example to None, run_after=None
[2025-04-28T20:13:39.536+0000] {processor.py:208} INFO - Processing /opt/airflow/dags/spark_example.py took 0.854 seconds
[2025-04-28T20:14:10.283+0000] {processor.py:186} INFO - Started process (PID=109) to work on /opt/airflow/dags/spark_example.py
[2025-04-28T20:14:10.285+0000] {processor.py:914} INFO - Processing file /opt/airflow/dags/spark_example.py for tasks to queue
[2025-04-28T20:14:10.287+0000] {logging_mixin.py:190} INFO - [2025-04-28T20:14:10.287+0000] {dagbag.py:588} INFO - Filling up the DagBag from /opt/airflow/dags/spark_example.py
[2025-04-28T20:14:11.067+0000] {processor.py:925} INFO - DAG(s) 'spark_example' retrieved from /opt/airflow/dags/spark_example.py
[2025-04-28T20:14:11.089+0000] {logging_mixin.py:190} INFO - [2025-04-28T20:14:11.088+0000] {dag.py:3239} INFO - Sync 1 DAGs
[2025-04-28T20:14:11.103+0000] {logging_mixin.py:190} INFO - [2025-04-28T20:14:11.103+0000] {dag.py:4180} INFO - Setting next_dagrun for spark_example to None, run_after=None
[2025-04-28T20:14:11.120+0000] {processor.py:208} INFO - Processing /opt/airflow/dags/spark_example.py took 0.845 seconds
[2025-04-28T20:14:41.584+0000] {processor.py:186} INFO - Started process (PID=122) to work on /opt/airflow/dags/spark_example.py
[2025-04-28T20:14:41.586+0000] {processor.py:914} INFO - Processing file /opt/airflow/dags/spark_example.py for tasks to queue
[2025-04-28T20:14:41.588+0000] {logging_mixin.py:190} INFO - [2025-04-28T20:14:41.588+0000] {dagbag.py:588} INFO - Filling up the DagBag from /opt/airflow/dags/spark_example.py
[2025-04-28T20:14:42.368+0000] {processor.py:925} INFO - DAG(s) 'spark_example' retrieved from /opt/airflow/dags/spark_example.py
[2025-04-28T20:14:42.390+0000] {logging_mixin.py:190} INFO - [2025-04-28T20:14:42.390+0000] {dag.py:3239} INFO - Sync 1 DAGs
[2025-04-28T20:14:42.406+0000] {logging_mixin.py:190} INFO - [2025-04-28T20:14:42.405+0000] {dag.py:4180} INFO - Setting next_dagrun for spark_example to None, run_after=None
[2025-04-28T20:14:42.422+0000] {processor.py:208} INFO - Processing /opt/airflow/dags/spark_example.py took 0.846 seconds
[2025-04-28T20:15:12.501+0000] {processor.py:186} INFO - Started process (PID=135) to work on /opt/airflow/dags/spark_example.py
[2025-04-28T20:15:12.503+0000] {processor.py:914} INFO - Processing file /opt/airflow/dags/spark_example.py for tasks to queue
[2025-04-28T20:15:12.506+0000] {logging_mixin.py:190} INFO - [2025-04-28T20:15:12.505+0000] {dagbag.py:588} INFO - Filling up the DagBag from /opt/airflow/dags/spark_example.py
[2025-04-28T20:15:13.299+0000] {processor.py:925} INFO - DAG(s) 'spark_example' retrieved from /opt/airflow/dags/spark_example.py
[2025-04-28T20:15:13.324+0000] {logging_mixin.py:190} INFO - [2025-04-28T20:15:13.323+0000] {dag.py:3239} INFO - Sync 1 DAGs
[2025-04-28T20:15:13.337+0000] {logging_mixin.py:190} INFO - [2025-04-28T20:15:13.337+0000] {dag.py:4180} INFO - Setting next_dagrun for spark_example to None, run_after=None
[2025-04-28T20:15:13.354+0000] {processor.py:208} INFO - Processing /opt/airflow/dags/spark_example.py took 0.861 seconds
[2025-04-28T20:15:43.772+0000] {processor.py:186} INFO - Started process (PID=148) to work on /opt/airflow/dags/spark_example.py
[2025-04-28T20:15:43.776+0000] {processor.py:914} INFO - Processing file /opt/airflow/dags/spark_example.py for tasks to queue
[2025-04-28T20:15:43.778+0000] {logging_mixin.py:190} INFO - [2025-04-28T20:15:43.778+0000] {dagbag.py:588} INFO - Filling up the DagBag from /opt/airflow/dags/spark_example.py
[2025-04-28T20:15:44.555+0000] {processor.py:925} INFO - DAG(s) 'spark_example' retrieved from /opt/airflow/dags/spark_example.py
[2025-04-28T20:15:44.577+0000] {logging_mixin.py:190} INFO - [2025-04-28T20:15:44.576+0000] {dag.py:3239} INFO - Sync 1 DAGs
[2025-04-28T20:15:44.591+0000] {logging_mixin.py:190} INFO - [2025-04-28T20:15:44.591+0000] {dag.py:4180} INFO - Setting next_dagrun for spark_example to None, run_after=None
[2025-04-28T20:15:44.608+0000] {processor.py:208} INFO - Processing /opt/airflow/dags/spark_example.py took 0.843 seconds
[2025-04-28T20:16:14.915+0000] {processor.py:186} INFO - Started process (PID=162) to work on /opt/airflow/dags/spark_example.py
[2025-04-28T20:16:14.916+0000] {processor.py:914} INFO - Processing file /opt/airflow/dags/spark_example.py for tasks to queue
[2025-04-28T20:16:14.920+0000] {logging_mixin.py:190} INFO - [2025-04-28T20:16:14.919+0000] {dagbag.py:588} INFO - Filling up the DagBag from /opt/airflow/dags/spark_example.py
[2025-04-28T20:16:15.514+0000] {processor.py:925} INFO - DAG(s) 'spark_example' retrieved from /opt/airflow/dags/spark_example.py
[2025-04-28T20:16:15.540+0000] {logging_mixin.py:190} INFO - [2025-04-28T20:16:15.540+0000] {dag.py:3239} INFO - Sync 1 DAGs
[2025-04-28T20:16:15.559+0000] {logging_mixin.py:190} INFO - [2025-04-28T20:16:15.559+0000] {dag.py:4180} INFO - Setting next_dagrun for spark_example to None, run_after=None
[2025-04-28T20:16:15.803+0000] {processor.py:208} INFO - Processing /opt/airflow/dags/spark_example.py took 0.895 seconds
[2025-04-28T20:16:46.401+0000] {processor.py:186} INFO - Started process (PID=175) to work on /opt/airflow/dags/spark_example.py
[2025-04-28T20:16:46.403+0000] {processor.py:914} INFO - Processing file /opt/airflow/dags/spark_example.py for tasks to queue
[2025-04-28T20:16:46.406+0000] {logging_mixin.py:190} INFO - [2025-04-28T20:16:46.406+0000] {dagbag.py:588} INFO - Filling up the DagBag from /opt/airflow/dags/spark_example.py
[2025-04-28T20:16:46.994+0000] {processor.py:925} INFO - DAG(s) 'spark_example' retrieved from /opt/airflow/dags/spark_example.py
[2025-04-28T20:16:47.024+0000] {logging_mixin.py:190} INFO - [2025-04-28T20:16:47.023+0000] {dag.py:3239} INFO - Sync 1 DAGs
[2025-04-28T20:16:47.278+0000] {logging_mixin.py:190} INFO - [2025-04-28T20:16:47.277+0000] {dag.py:4180} INFO - Setting next_dagrun for spark_example to None, run_after=None
[2025-04-28T20:16:47.298+0000] {processor.py:208} INFO - Processing /opt/airflow/dags/spark_example.py took 0.905 seconds
[2025-04-28T20:17:17.411+0000] {processor.py:186} INFO - Started process (PID=188) to work on /opt/airflow/dags/spark_example.py
[2025-04-28T20:17:17.412+0000] {processor.py:914} INFO - Processing file /opt/airflow/dags/spark_example.py for tasks to queue
[2025-04-28T20:17:17.415+0000] {logging_mixin.py:190} INFO - [2025-04-28T20:17:17.415+0000] {dagbag.py:588} INFO - Filling up the DagBag from /opt/airflow/dags/spark_example.py
[2025-04-28T20:17:18.017+0000] {processor.py:925} INFO - DAG(s) 'spark_example' retrieved from /opt/airflow/dags/spark_example.py
[2025-04-28T20:17:18.045+0000] {logging_mixin.py:190} INFO - [2025-04-28T20:17:18.044+0000] {dag.py:3239} INFO - Sync 1 DAGs
[2025-04-28T20:17:18.281+0000] {logging_mixin.py:190} INFO - [2025-04-28T20:17:18.281+0000] {dag.py:4180} INFO - Setting next_dagrun for spark_example to None, run_after=None
[2025-04-28T20:17:18.298+0000] {processor.py:208} INFO - Processing /opt/airflow/dags/spark_example.py took 0.896 seconds
[2025-04-28T20:17:48.609+0000] {processor.py:186} INFO - Started process (PID=201) to work on /opt/airflow/dags/spark_example.py
[2025-04-28T20:17:48.611+0000] {processor.py:914} INFO - Processing file /opt/airflow/dags/spark_example.py for tasks to queue
[2025-04-28T20:17:48.614+0000] {logging_mixin.py:190} INFO - [2025-04-28T20:17:48.613+0000] {dagbag.py:588} INFO - Filling up the DagBag from /opt/airflow/dags/spark_example.py
[2025-04-28T20:17:49.208+0000] {processor.py:925} INFO - DAG(s) 'spark_example' retrieved from /opt/airflow/dags/spark_example.py
[2025-04-28T20:17:49.458+0000] {logging_mixin.py:190} INFO - [2025-04-28T20:17:49.457+0000] {dag.py:3239} INFO - Sync 1 DAGs
[2025-04-28T20:17:49.472+0000] {logging_mixin.py:190} INFO - [2025-04-28T20:17:49.472+0000] {dag.py:4180} INFO - Setting next_dagrun for spark_example to None, run_after=None
[2025-04-28T20:17:49.490+0000] {processor.py:208} INFO - Processing /opt/airflow/dags/spark_example.py took 0.889 seconds
[2025-04-28T20:18:20.075+0000] {processor.py:186} INFO - Started process (PID=214) to work on /opt/airflow/dags/spark_example.py
[2025-04-28T20:18:20.076+0000] {processor.py:914} INFO - Processing file /opt/airflow/dags/spark_example.py for tasks to queue
[2025-04-28T20:18:20.080+0000] {logging_mixin.py:190} INFO - [2025-04-28T20:18:20.079+0000] {dagbag.py:588} INFO - Filling up the DagBag from /opt/airflow/dags/spark_example.py
[2025-04-28T20:18:20.669+0000] {processor.py:925} INFO - DAG(s) 'spark_example' retrieved from /opt/airflow/dags/spark_example.py
[2025-04-28T20:18:20.698+0000] {logging_mixin.py:190} INFO - [2025-04-28T20:18:20.697+0000] {dag.py:3239} INFO - Sync 1 DAGs
[2025-04-28T20:18:20.714+0000] {logging_mixin.py:190} INFO - [2025-04-28T20:18:20.714+0000] {dag.py:4180} INFO - Setting next_dagrun for spark_example to None, run_after=None
[2025-04-28T20:18:20.734+0000] {processor.py:208} INFO - Processing /opt/airflow/dags/spark_example.py took 0.666 seconds
[2025-04-28T20:18:51.309+0000] {processor.py:186} INFO - Started process (PID=227) to work on /opt/airflow/dags/spark_example.py
[2025-04-28T20:18:51.311+0000] {processor.py:914} INFO - Processing file /opt/airflow/dags/spark_example.py for tasks to queue
[2025-04-28T20:18:51.314+0000] {logging_mixin.py:190} INFO - [2025-04-28T20:18:51.314+0000] {dagbag.py:588} INFO - Filling up the DagBag from /opt/airflow/dags/spark_example.py
[2025-04-28T20:18:51.889+0000] {processor.py:925} INFO - DAG(s) 'spark_example' retrieved from /opt/airflow/dags/spark_example.py
[2025-04-28T20:18:51.916+0000] {logging_mixin.py:190} INFO - [2025-04-28T20:18:51.915+0000] {dag.py:3239} INFO - Sync 1 DAGs
[2025-04-28T20:18:51.932+0000] {logging_mixin.py:190} INFO - [2025-04-28T20:18:51.932+0000] {dag.py:4180} INFO - Setting next_dagrun for spark_example to None, run_after=None
[2025-04-28T20:18:52.174+0000] {processor.py:208} INFO - Processing /opt/airflow/dags/spark_example.py took 0.873 seconds
[2025-04-28T20:19:22.556+0000] {processor.py:186} INFO - Started process (PID=240) to work on /opt/airflow/dags/spark_example.py
[2025-04-28T20:19:22.557+0000] {processor.py:914} INFO - Processing file /opt/airflow/dags/spark_example.py for tasks to queue
[2025-04-28T20:19:22.560+0000] {logging_mixin.py:190} INFO - [2025-04-28T20:19:22.560+0000] {dagbag.py:588} INFO - Filling up the DagBag from /opt/airflow/dags/spark_example.py
[2025-04-28T20:19:23.140+0000] {processor.py:925} INFO - DAG(s) 'spark_example' retrieved from /opt/airflow/dags/spark_example.py
[2025-04-28T20:19:23.168+0000] {logging_mixin.py:190} INFO - [2025-04-28T20:19:23.167+0000] {dag.py:3239} INFO - Sync 1 DAGs
[2025-04-28T20:19:23.407+0000] {logging_mixin.py:190} INFO - [2025-04-28T20:19:23.407+0000] {dag.py:4180} INFO - Setting next_dagrun for spark_example to None, run_after=None
[2025-04-28T20:19:23.427+0000] {processor.py:208} INFO - Processing /opt/airflow/dags/spark_example.py took 0.879 seconds
[2025-04-28T20:19:53.818+0000] {processor.py:186} INFO - Started process (PID=253) to work on /opt/airflow/dags/spark_example.py
[2025-04-28T20:19:53.821+0000] {processor.py:914} INFO - Processing file /opt/airflow/dags/spark_example.py for tasks to queue
[2025-04-28T20:19:53.824+0000] {logging_mixin.py:190} INFO - [2025-04-28T20:19:53.823+0000] {dagbag.py:588} INFO - Filling up the DagBag from /opt/airflow/dags/spark_example.py
[2025-04-28T20:19:54.413+0000] {processor.py:925} INFO - DAG(s) 'spark_example' retrieved from /opt/airflow/dags/spark_example.py
[2025-04-28T20:19:54.665+0000] {logging_mixin.py:190} INFO - [2025-04-28T20:19:54.664+0000] {dag.py:3239} INFO - Sync 1 DAGs
[2025-04-28T20:19:54.679+0000] {logging_mixin.py:190} INFO - [2025-04-28T20:19:54.679+0000] {dag.py:4180} INFO - Setting next_dagrun for spark_example to None, run_after=None
[2025-04-28T20:19:54.696+0000] {processor.py:208} INFO - Processing /opt/airflow/dags/spark_example.py took 0.886 seconds
[2025-04-28T20:20:24.793+0000] {processor.py:186} INFO - Started process (PID=266) to work on /opt/airflow/dags/spark_example.py
[2025-04-28T20:20:24.795+0000] {processor.py:914} INFO - Processing file /opt/airflow/dags/spark_example.py for tasks to queue
[2025-04-28T20:20:24.798+0000] {logging_mixin.py:190} INFO - [2025-04-28T20:20:24.797+0000] {dagbag.py:588} INFO - Filling up the DagBag from /opt/airflow/dags/spark_example.py
[2025-04-28T20:20:25.405+0000] {processor.py:925} INFO - DAG(s) 'spark_example' retrieved from /opt/airflow/dags/spark_example.py
[2025-04-28T20:20:25.653+0000] {logging_mixin.py:190} INFO - [2025-04-28T20:20:25.652+0000] {dag.py:3239} INFO - Sync 1 DAGs
[2025-04-28T20:20:25.667+0000] {logging_mixin.py:190} INFO - [2025-04-28T20:20:25.667+0000] {dag.py:4180} INFO - Setting next_dagrun for spark_example to None, run_after=None
[2025-04-28T20:20:25.687+0000] {processor.py:208} INFO - Processing /opt/airflow/dags/spark_example.py took 0.902 seconds
[2025-04-28T20:20:55.998+0000] {processor.py:186} INFO - Started process (PID=279) to work on /opt/airflow/dags/spark_example.py
[2025-04-28T20:20:55.999+0000] {processor.py:914} INFO - Processing file /opt/airflow/dags/spark_example.py for tasks to queue
[2025-04-28T20:20:56.002+0000] {logging_mixin.py:190} INFO - [2025-04-28T20:20:56.002+0000] {dagbag.py:588} INFO - Filling up the DagBag from /opt/airflow/dags/spark_example.py
[2025-04-28T20:20:56.604+0000] {processor.py:925} INFO - DAG(s) 'spark_example' retrieved from /opt/airflow/dags/spark_example.py
[2025-04-28T20:20:56.629+0000] {logging_mixin.py:190} INFO - [2025-04-28T20:20:56.628+0000] {dag.py:3239} INFO - Sync 1 DAGs
[2025-04-28T20:20:56.644+0000] {logging_mixin.py:190} INFO - [2025-04-28T20:20:56.644+0000] {dag.py:4180} INFO - Setting next_dagrun for spark_example to None, run_after=None
[2025-04-28T20:20:56.663+0000] {processor.py:208} INFO - Processing /opt/airflow/dags/spark_example.py took 0.674 seconds
[2025-04-28T20:21:27.549+0000] {processor.py:186} INFO - Started process (PID=292) to work on /opt/airflow/dags/spark_example.py
[2025-04-28T20:21:27.551+0000] {processor.py:914} INFO - Processing file /opt/airflow/dags/spark_example.py for tasks to queue
[2025-04-28T20:21:27.554+0000] {logging_mixin.py:190} INFO - [2025-04-28T20:21:27.554+0000] {dagbag.py:588} INFO - Filling up the DagBag from /opt/airflow/dags/spark_example.py
[2025-04-28T20:21:28.155+0000] {processor.py:925} INFO - DAG(s) 'spark_example' retrieved from /opt/airflow/dags/spark_example.py
[2025-04-28T20:21:28.182+0000] {logging_mixin.py:190} INFO - [2025-04-28T20:21:28.181+0000] {dag.py:3239} INFO - Sync 1 DAGs
[2025-04-28T20:21:28.200+0000] {logging_mixin.py:190} INFO - [2025-04-28T20:21:28.199+0000] {dag.py:4180} INFO - Setting next_dagrun for spark_example to None, run_after=None
[2025-04-28T20:21:28.450+0000] {processor.py:208} INFO - Processing /opt/airflow/dags/spark_example.py took 0.910 seconds
[2025-04-28T20:21:58.735+0000] {processor.py:186} INFO - Started process (PID=305) to work on /opt/airflow/dags/spark_example.py
[2025-04-28T20:21:58.736+0000] {processor.py:914} INFO - Processing file /opt/airflow/dags/spark_example.py for tasks to queue
[2025-04-28T20:21:58.739+0000] {logging_mixin.py:190} INFO - [2025-04-28T20:21:58.738+0000] {dagbag.py:588} INFO - Filling up the DagBag from /opt/airflow/dags/spark_example.py
[2025-04-28T20:21:59.340+0000] {processor.py:925} INFO - DAG(s) 'spark_example' retrieved from /opt/airflow/dags/spark_example.py
[2025-04-28T20:21:59.366+0000] {logging_mixin.py:190} INFO - [2025-04-28T20:21:59.365+0000] {dag.py:3239} INFO - Sync 1 DAGs
[2025-04-28T20:21:59.606+0000] {logging_mixin.py:190} INFO - [2025-04-28T20:21:59.605+0000] {dag.py:4180} INFO - Setting next_dagrun for spark_example to None, run_after=None
[2025-04-28T20:21:59.623+0000] {processor.py:208} INFO - Processing /opt/airflow/dags/spark_example.py took 0.896 seconds
[2025-04-28T20:22:29.939+0000] {processor.py:186} INFO - Started process (PID=318) to work on /opt/airflow/dags/spark_example.py
[2025-04-28T20:22:29.941+0000] {processor.py:914} INFO - Processing file /opt/airflow/dags/spark_example.py for tasks to queue
[2025-04-28T20:22:29.944+0000] {logging_mixin.py:190} INFO - [2025-04-28T20:22:29.943+0000] {dagbag.py:588} INFO - Filling up the DagBag from /opt/airflow/dags/spark_example.py
[2025-04-28T20:22:30.544+0000] {processor.py:925} INFO - DAG(s) 'spark_example' retrieved from /opt/airflow/dags/spark_example.py
[2025-04-28T20:22:30.571+0000] {logging_mixin.py:190} INFO - [2025-04-28T20:22:30.571+0000] {dag.py:3239} INFO - Sync 1 DAGs
[2025-04-28T20:22:30.810+0000] {logging_mixin.py:190} INFO - [2025-04-28T20:22:30.809+0000] {dag.py:4180} INFO - Setting next_dagrun for spark_example to None, run_after=None
[2025-04-28T20:22:30.828+0000] {processor.py:208} INFO - Processing /opt/airflow/dags/spark_example.py took 0.896 seconds
[2025-04-28T20:23:01.122+0000] {processor.py:186} INFO - Started process (PID=331) to work on /opt/airflow/dags/spark_example.py
[2025-04-28T20:23:01.123+0000] {processor.py:914} INFO - Processing file /opt/airflow/dags/spark_example.py for tasks to queue
[2025-04-28T20:23:01.126+0000] {logging_mixin.py:190} INFO - [2025-04-28T20:23:01.125+0000] {dagbag.py:588} INFO - Filling up the DagBag from /opt/airflow/dags/spark_example.py
[2025-04-28T20:23:01.738+0000] {processor.py:925} INFO - DAG(s) 'spark_example' retrieved from /opt/airflow/dags/spark_example.py
[2025-04-28T20:23:01.992+0000] {logging_mixin.py:190} INFO - [2025-04-28T20:23:01.991+0000] {dag.py:3239} INFO - Sync 1 DAGs
[2025-04-28T20:23:02.006+0000] {logging_mixin.py:190} INFO - [2025-04-28T20:23:02.006+0000] {dag.py:4180} INFO - Setting next_dagrun for spark_example to None, run_after=None
[2025-04-28T20:23:02.023+0000] {processor.py:208} INFO - Processing /opt/airflow/dags/spark_example.py took 0.910 seconds
[2025-04-28T20:23:32.606+0000] {processor.py:186} INFO - Started process (PID=344) to work on /opt/airflow/dags/spark_example.py
[2025-04-28T20:23:32.608+0000] {processor.py:914} INFO - Processing file /opt/airflow/dags/spark_example.py for tasks to queue
[2025-04-28T20:23:32.610+0000] {logging_mixin.py:190} INFO - [2025-04-28T20:23:32.610+0000] {dagbag.py:588} INFO - Filling up the DagBag from /opt/airflow/dags/spark_example.py
[2025-04-28T20:23:33.201+0000] {processor.py:925} INFO - DAG(s) 'spark_example' retrieved from /opt/airflow/dags/spark_example.py
[2025-04-28T20:23:33.227+0000] {logging_mixin.py:190} INFO - [2025-04-28T20:23:33.226+0000] {dag.py:3239} INFO - Sync 1 DAGs
[2025-04-28T20:23:33.243+0000] {logging_mixin.py:190} INFO - [2025-04-28T20:23:33.243+0000] {dag.py:4180} INFO - Setting next_dagrun for spark_example to None, run_after=None
[2025-04-28T20:23:33.261+0000] {processor.py:208} INFO - Processing /opt/airflow/dags/spark_example.py took 0.663 seconds
[2025-04-28T20:24:03.551+0000] {processor.py:186} INFO - Started process (PID=357) to work on /opt/airflow/dags/spark_example.py
[2025-04-28T20:24:03.552+0000] {processor.py:914} INFO - Processing file /opt/airflow/dags/spark_example.py for tasks to queue
[2025-04-28T20:24:03.554+0000] {logging_mixin.py:190} INFO - [2025-04-28T20:24:03.554+0000] {dagbag.py:588} INFO - Filling up the DagBag from /opt/airflow/dags/spark_example.py
[2025-04-28T20:24:04.134+0000] {processor.py:925} INFO - DAG(s) 'spark_example' retrieved from /opt/airflow/dags/spark_example.py
[2025-04-28T20:24:04.159+0000] {logging_mixin.py:190} INFO - [2025-04-28T20:24:04.158+0000] {dag.py:3239} INFO - Sync 1 DAGs
[2025-04-28T20:24:04.174+0000] {logging_mixin.py:190} INFO - [2025-04-28T20:24:04.174+0000] {dag.py:4180} INFO - Setting next_dagrun for spark_example to None, run_after=None
[2025-04-28T20:24:04.417+0000] {processor.py:208} INFO - Processing /opt/airflow/dags/spark_example.py took 0.875 seconds
[2025-04-28T20:24:34.982+0000] {processor.py:186} INFO - Started process (PID=370) to work on /opt/airflow/dags/spark_example.py
[2025-04-28T20:24:34.984+0000] {processor.py:914} INFO - Processing file /opt/airflow/dags/spark_example.py for tasks to queue
[2025-04-28T20:24:34.987+0000] {logging_mixin.py:190} INFO - [2025-04-28T20:24:34.986+0000] {dagbag.py:588} INFO - Filling up the DagBag from /opt/airflow/dags/spark_example.py
[2025-04-28T20:24:35.572+0000] {processor.py:925} INFO - DAG(s) 'spark_example' retrieved from /opt/airflow/dags/spark_example.py
[2025-04-28T20:24:35.601+0000] {logging_mixin.py:190} INFO - [2025-04-28T20:24:35.601+0000] {dag.py:3239} INFO - Sync 1 DAGs
[2025-04-28T20:24:35.859+0000] {logging_mixin.py:190} INFO - [2025-04-28T20:24:35.859+0000] {dag.py:4180} INFO - Setting next_dagrun for spark_example to None, run_after=None
[2025-04-28T20:24:35.877+0000] {processor.py:208} INFO - Processing /opt/airflow/dags/spark_example.py took 0.902 seconds
[2025-04-28T20:25:05.983+0000] {processor.py:186} INFO - Started process (PID=383) to work on /opt/airflow/dags/spark_example.py
[2025-04-28T20:25:05.984+0000] {processor.py:914} INFO - Processing file /opt/airflow/dags/spark_example.py for tasks to queue
[2025-04-28T20:25:05.986+0000] {logging_mixin.py:190} INFO - [2025-04-28T20:25:05.986+0000] {dagbag.py:588} INFO - Filling up the DagBag from /opt/airflow/dags/spark_example.py
[2025-04-28T20:25:06.584+0000] {processor.py:925} INFO - DAG(s) 'spark_example' retrieved from /opt/airflow/dags/spark_example.py
[2025-04-28T20:25:06.836+0000] {logging_mixin.py:190} INFO - [2025-04-28T20:25:06.835+0000] {dag.py:3239} INFO - Sync 1 DAGs
[2025-04-28T20:25:06.850+0000] {logging_mixin.py:190} INFO - [2025-04-28T20:25:06.849+0000] {dag.py:4180} INFO - Setting next_dagrun for spark_example to None, run_after=None
[2025-04-28T20:25:06.867+0000] {processor.py:208} INFO - Processing /opt/airflow/dags/spark_example.py took 0.892 seconds
[2025-04-28T20:25:37.440+0000] {processor.py:186} INFO - Started process (PID=396) to work on /opt/airflow/dags/spark_example.py
[2025-04-28T20:25:37.442+0000] {processor.py:914} INFO - Processing file /opt/airflow/dags/spark_example.py for tasks to queue
[2025-04-28T20:25:37.445+0000] {logging_mixin.py:190} INFO - [2025-04-28T20:25:37.444+0000] {dagbag.py:588} INFO - Filling up the DagBag from /opt/airflow/dags/spark_example.py
[2025-04-28T20:25:38.049+0000] {processor.py:925} INFO - DAG(s) 'spark_example' retrieved from /opt/airflow/dags/spark_example.py
[2025-04-28T20:25:38.312+0000] {logging_mixin.py:190} INFO - [2025-04-28T20:25:38.311+0000] {dag.py:3239} INFO - Sync 1 DAGs
[2025-04-28T20:25:38.328+0000] {logging_mixin.py:190} INFO - [2025-04-28T20:25:38.327+0000] {dag.py:4180} INFO - Setting next_dagrun for spark_example to None, run_after=None
[2025-04-28T20:25:38.349+0000] {processor.py:208} INFO - Processing /opt/airflow/dags/spark_example.py took 0.918 seconds
[2025-04-28T20:26:08.618+0000] {processor.py:186} INFO - Started process (PID=415) to work on /opt/airflow/dags/spark_example.py
[2025-04-28T20:26:08.619+0000] {processor.py:914} INFO - Processing file /opt/airflow/dags/spark_example.py for tasks to queue
[2025-04-28T20:26:08.622+0000] {logging_mixin.py:190} INFO - [2025-04-28T20:26:08.621+0000] {dagbag.py:588} INFO - Filling up the DagBag from /opt/airflow/dags/spark_example.py
[2025-04-28T20:26:09.240+0000] {processor.py:925} INFO - DAG(s) 'spark_example' retrieved from /opt/airflow/dags/spark_example.py
[2025-04-28T20:26:09.266+0000] {logging_mixin.py:190} INFO - [2025-04-28T20:26:09.265+0000] {dag.py:3239} INFO - Sync 1 DAGs
[2025-04-28T20:26:09.282+0000] {logging_mixin.py:190} INFO - [2025-04-28T20:26:09.282+0000] {dag.py:4180} INFO - Setting next_dagrun for spark_example to None, run_after=None
[2025-04-28T20:26:09.301+0000] {processor.py:208} INFO - Processing /opt/airflow/dags/spark_example.py took 0.692 seconds
[2025-04-28T20:26:40.445+0000] {processor.py:186} INFO - Started process (PID=428) to work on /opt/airflow/dags/spark_example.py
[2025-04-28T20:26:40.447+0000] {processor.py:914} INFO - Processing file /opt/airflow/dags/spark_example.py for tasks to queue
[2025-04-28T20:26:40.450+0000] {logging_mixin.py:190} INFO - [2025-04-28T20:26:40.450+0000] {dagbag.py:588} INFO - Filling up the DagBag from /opt/airflow/dags/spark_example.py
[2025-04-28T20:26:41.027+0000] {processor.py:925} INFO - DAG(s) 'spark_example' retrieved from /opt/airflow/dags/spark_example.py
[2025-04-28T20:26:41.055+0000] {logging_mixin.py:190} INFO - [2025-04-28T20:26:41.054+0000] {dag.py:3239} INFO - Sync 1 DAGs
[2025-04-28T20:26:41.072+0000] {logging_mixin.py:190} INFO - [2025-04-28T20:26:41.071+0000] {dag.py:4180} INFO - Setting next_dagrun for spark_example to None, run_after=None
[2025-04-28T20:26:41.307+0000] {processor.py:208} INFO - Processing /opt/airflow/dags/spark_example.py took 0.869 seconds
[2025-04-28T20:27:11.446+0000] {processor.py:186} INFO - Started process (PID=441) to work on /opt/airflow/dags/spark_example.py
[2025-04-28T20:27:11.448+0000] {processor.py:914} INFO - Processing file /opt/airflow/dags/spark_example.py for tasks to queue
[2025-04-28T20:27:11.451+0000] {logging_mixin.py:190} INFO - [2025-04-28T20:27:11.451+0000] {dagbag.py:588} INFO - Filling up the DagBag from /opt/airflow/dags/spark_example.py
[2025-04-28T20:27:12.052+0000] {processor.py:925} INFO - DAG(s) 'spark_example' retrieved from /opt/airflow/dags/spark_example.py
[2025-04-28T20:27:12.079+0000] {logging_mixin.py:190} INFO - [2025-04-28T20:27:12.078+0000] {dag.py:3239} INFO - Sync 1 DAGs
[2025-04-28T20:27:12.329+0000] {logging_mixin.py:190} INFO - [2025-04-28T20:27:12.329+0000] {dag.py:4180} INFO - Setting next_dagrun for spark_example to None, run_after=None
[2025-04-28T20:27:12.348+0000] {processor.py:208} INFO - Processing /opt/airflow/dags/spark_example.py took 0.911 seconds
[2025-04-28T20:27:42.701+0000] {processor.py:186} INFO - Started process (PID=454) to work on /opt/airflow/dags/spark_example.py
[2025-04-28T20:27:42.703+0000] {processor.py:914} INFO - Processing file /opt/airflow/dags/spark_example.py for tasks to queue
[2025-04-28T20:27:42.706+0000] {logging_mixin.py:190} INFO - [2025-04-28T20:27:42.705+0000] {dagbag.py:588} INFO - Filling up the DagBag from /opt/airflow/dags/spark_example.py
[2025-04-28T20:27:43.301+0000] {processor.py:925} INFO - DAG(s) 'spark_example' retrieved from /opt/airflow/dags/spark_example.py
[2025-04-28T20:27:43.562+0000] {logging_mixin.py:190} INFO - [2025-04-28T20:27:43.562+0000] {dag.py:3239} INFO - Sync 1 DAGs
[2025-04-28T20:27:43.576+0000] {logging_mixin.py:190} INFO - [2025-04-28T20:27:43.576+0000] {dag.py:4180} INFO - Setting next_dagrun for spark_example to None, run_after=None
[2025-04-28T20:27:43.593+0000] {processor.py:208} INFO - Processing /opt/airflow/dags/spark_example.py took 0.901 seconds
[2025-04-28T20:28:13.942+0000] {processor.py:186} INFO - Started process (PID=467) to work on /opt/airflow/dags/spark_example.py
[2025-04-28T20:28:13.943+0000] {processor.py:914} INFO - Processing file /opt/airflow/dags/spark_example.py for tasks to queue
[2025-04-28T20:28:13.947+0000] {logging_mixin.py:190} INFO - [2025-04-28T20:28:13.946+0000] {dagbag.py:588} INFO - Filling up the DagBag from /opt/airflow/dags/spark_example.py
[2025-04-28T20:28:14.785+0000] {processor.py:925} INFO - DAG(s) 'spark_example' retrieved from /opt/airflow/dags/spark_example.py
[2025-04-28T20:28:14.808+0000] {logging_mixin.py:190} INFO - [2025-04-28T20:28:14.807+0000] {dag.py:3239} INFO - Sync 1 DAGs
[2025-04-28T20:28:14.821+0000] {logging_mixin.py:190} INFO - [2025-04-28T20:28:14.821+0000] {dag.py:4180} INFO - Setting next_dagrun for spark_example to None, run_after=None
[2025-04-28T20:28:14.839+0000] {processor.py:208} INFO - Processing /opt/airflow/dags/spark_example.py took 0.905 seconds
[2025-04-28T20:28:45.433+0000] {processor.py:186} INFO - Started process (PID=480) to work on /opt/airflow/dags/spark_example.py
[2025-04-28T20:28:45.435+0000] {processor.py:914} INFO - Processing file /opt/airflow/dags/spark_example.py for tasks to queue
[2025-04-28T20:28:45.438+0000] {logging_mixin.py:190} INFO - [2025-04-28T20:28:45.437+0000] {dagbag.py:588} INFO - Filling up the DagBag from /opt/airflow/dags/spark_example.py
[2025-04-28T20:28:46.029+0000] {processor.py:925} INFO - DAG(s) 'spark_example' retrieved from /opt/airflow/dags/spark_example.py
[2025-04-28T20:28:46.056+0000] {logging_mixin.py:190} INFO - [2025-04-28T20:28:46.056+0000] {dag.py:3239} INFO - Sync 1 DAGs
[2025-04-28T20:28:46.073+0000] {logging_mixin.py:190} INFO - [2025-04-28T20:28:46.073+0000] {dag.py:4180} INFO - Setting next_dagrun for spark_example to None, run_after=None
[2025-04-28T20:28:46.091+0000] {processor.py:208} INFO - Processing /opt/airflow/dags/spark_example.py took 0.666 seconds
[2025-04-28T20:29:16.761+0000] {processor.py:186} INFO - Started process (PID=493) to work on /opt/airflow/dags/spark_example.py
[2025-04-28T20:29:16.762+0000] {processor.py:914} INFO - Processing file /opt/airflow/dags/spark_example.py for tasks to queue
[2025-04-28T20:29:16.765+0000] {logging_mixin.py:190} INFO - [2025-04-28T20:29:16.765+0000] {dagbag.py:588} INFO - Filling up the DagBag from /opt/airflow/dags/spark_example.py
[2025-04-28T20:29:17.474+0000] {processor.py:925} INFO - DAG(s) 'spark_example' retrieved from /opt/airflow/dags/spark_example.py
[2025-04-28T20:29:17.505+0000] {logging_mixin.py:190} INFO - [2025-04-28T20:29:17.504+0000] {dag.py:3239} INFO - Sync 1 DAGs
[2025-04-28T20:29:17.526+0000] {logging_mixin.py:190} INFO - [2025-04-28T20:29:17.526+0000] {dag.py:4180} INFO - Setting next_dagrun for spark_example to None, run_after=None
[2025-04-28T20:29:17.800+0000] {processor.py:208} INFO - Processing /opt/airflow/dags/spark_example.py took 1.048 seconds
[2025-04-28T20:29:48.222+0000] {processor.py:186} INFO - Started process (PID=505) to work on /opt/airflow/dags/spark_example.py
[2025-04-28T20:29:48.224+0000] {processor.py:914} INFO - Processing file /opt/airflow/dags/spark_example.py for tasks to queue
[2025-04-28T20:29:48.227+0000] {logging_mixin.py:190} INFO - [2025-04-28T20:29:48.226+0000] {dagbag.py:588} INFO - Filling up the DagBag from /opt/airflow/dags/spark_example.py
[2025-04-28T20:29:48.863+0000] {processor.py:925} INFO - DAG(s) 'spark_example' retrieved from /opt/airflow/dags/spark_example.py
[2025-04-28T20:29:48.890+0000] {logging_mixin.py:190} INFO - [2025-04-28T20:29:48.890+0000] {dag.py:3239} INFO - Sync 1 DAGs
[2025-04-28T20:29:49.134+0000] {logging_mixin.py:190} INFO - [2025-04-28T20:29:49.134+0000] {dag.py:4180} INFO - Setting next_dagrun for spark_example to None, run_after=None
[2025-04-28T20:29:49.153+0000] {processor.py:208} INFO - Processing /opt/airflow/dags/spark_example.py took 0.939 seconds
[2025-04-28T20:30:19.761+0000] {processor.py:186} INFO - Started process (PID=519) to work on /opt/airflow/dags/spark_example.py
[2025-04-28T20:30:19.778+0000] {processor.py:914} INFO - Processing file /opt/airflow/dags/spark_example.py for tasks to queue
[2025-04-28T20:30:19.781+0000] {logging_mixin.py:190} INFO - [2025-04-28T20:30:19.781+0000] {dagbag.py:588} INFO - Filling up the DagBag from /opt/airflow/dags/spark_example.py
[2025-04-28T20:30:20.390+0000] {processor.py:925} INFO - DAG(s) 'spark_example' retrieved from /opt/airflow/dags/spark_example.py
[2025-04-28T20:30:20.639+0000] {logging_mixin.py:190} INFO - [2025-04-28T20:30:20.639+0000] {dag.py:3239} INFO - Sync 1 DAGs
[2025-04-28T20:30:20.653+0000] {logging_mixin.py:190} INFO - [2025-04-28T20:30:20.653+0000] {dag.py:4180} INFO - Setting next_dagrun for spark_example to None, run_after=None
[2025-04-28T20:30:20.670+0000] {processor.py:208} INFO - Processing /opt/airflow/dags/spark_example.py took 0.919 seconds
[2025-04-28T20:30:50.707+0000] {processor.py:186} INFO - Started process (PID=532) to work on /opt/airflow/dags/spark_example.py
[2025-04-28T20:30:50.731+0000] {processor.py:914} INFO - Processing file /opt/airflow/dags/spark_example.py for tasks to queue
[2025-04-28T20:30:50.734+0000] {logging_mixin.py:190} INFO - [2025-04-28T20:30:50.733+0000] {dagbag.py:588} INFO - Filling up the DagBag from /opt/airflow/dags/spark_example.py
[2025-04-28T20:30:51.316+0000] {processor.py:925} INFO - DAG(s) 'spark_example' retrieved from /opt/airflow/dags/spark_example.py
[2025-04-28T20:30:51.573+0000] {logging_mixin.py:190} INFO - [2025-04-28T20:30:51.572+0000] {dag.py:3239} INFO - Sync 1 DAGs
[2025-04-28T20:30:51.586+0000] {logging_mixin.py:190} INFO - [2025-04-28T20:30:51.586+0000] {dag.py:4180} INFO - Setting next_dagrun for spark_example to None, run_after=None
[2025-04-28T20:30:51.603+0000] {processor.py:208} INFO - Processing /opt/airflow/dags/spark_example.py took 0.903 seconds
[2025-04-28T20:31:22.179+0000] {processor.py:186} INFO - Started process (PID=545) to work on /opt/airflow/dags/spark_example.py
[2025-04-28T20:31:22.181+0000] {processor.py:914} INFO - Processing file /opt/airflow/dags/spark_example.py for tasks to queue
[2025-04-28T20:31:22.184+0000] {logging_mixin.py:190} INFO - [2025-04-28T20:31:22.183+0000] {dagbag.py:588} INFO - Filling up the DagBag from /opt/airflow/dags/spark_example.py
[2025-04-28T20:31:22.784+0000] {processor.py:925} INFO - DAG(s) 'spark_example' retrieved from /opt/airflow/dags/spark_example.py
[2025-04-28T20:31:22.810+0000] {logging_mixin.py:190} INFO - [2025-04-28T20:31:22.810+0000] {dag.py:3239} INFO - Sync 1 DAGs
[2025-04-28T20:31:22.826+0000] {logging_mixin.py:190} INFO - [2025-04-28T20:31:22.826+0000] {dag.py:4180} INFO - Setting next_dagrun for spark_example to None, run_after=None
[2025-04-28T20:31:22.844+0000] {processor.py:208} INFO - Processing /opt/airflow/dags/spark_example.py took 0.673 seconds
[2025-04-28T20:31:53.140+0000] {processor.py:186} INFO - Started process (PID=558) to work on /opt/airflow/dags/spark_example.py
[2025-04-28T20:31:53.141+0000] {processor.py:914} INFO - Processing file /opt/airflow/dags/spark_example.py for tasks to queue
[2025-04-28T20:31:53.144+0000] {logging_mixin.py:190} INFO - [2025-04-28T20:31:53.144+0000] {dagbag.py:588} INFO - Filling up the DagBag from /opt/airflow/dags/spark_example.py
[2025-04-28T20:31:53.738+0000] {processor.py:925} INFO - DAG(s) 'spark_example' retrieved from /opt/airflow/dags/spark_example.py
[2025-04-28T20:31:53.763+0000] {logging_mixin.py:190} INFO - [2025-04-28T20:31:53.763+0000] {dag.py:3239} INFO - Sync 1 DAGs
[2025-04-28T20:31:53.781+0000] {logging_mixin.py:190} INFO - [2025-04-28T20:31:53.781+0000] {dag.py:4180} INFO - Setting next_dagrun for spark_example to None, run_after=None
[2025-04-28T20:31:54.019+0000] {processor.py:208} INFO - Processing /opt/airflow/dags/spark_example.py took 0.888 seconds
[2025-04-28T20:32:24.316+0000] {processor.py:186} INFO - Started process (PID=571) to work on /opt/airflow/dags/spark_example.py
[2025-04-28T20:32:24.317+0000] {processor.py:914} INFO - Processing file /opt/airflow/dags/spark_example.py for tasks to queue
[2025-04-28T20:32:24.320+0000] {logging_mixin.py:190} INFO - [2025-04-28T20:32:24.319+0000] {dagbag.py:588} INFO - Filling up the DagBag from /opt/airflow/dags/spark_example.py
[2025-04-28T20:32:24.907+0000] {processor.py:925} INFO - DAG(s) 'spark_example' retrieved from /opt/airflow/dags/spark_example.py
[2025-04-28T20:32:24.932+0000] {logging_mixin.py:190} INFO - [2025-04-28T20:32:24.931+0000] {dag.py:3239} INFO - Sync 1 DAGs
[2025-04-28T20:32:25.173+0000] {logging_mixin.py:190} INFO - [2025-04-28T20:32:25.173+0000] {dag.py:4180} INFO - Setting next_dagrun for spark_example to None, run_after=None
[2025-04-28T20:32:25.191+0000] {processor.py:208} INFO - Processing /opt/airflow/dags/spark_example.py took 0.883 seconds
[2025-04-28T20:32:55.824+0000] {processor.py:186} INFO - Started process (PID=584) to work on /opt/airflow/dags/spark_example.py
[2025-04-28T20:32:55.826+0000] {processor.py:914} INFO - Processing file /opt/airflow/dags/spark_example.py for tasks to queue
[2025-04-28T20:32:55.829+0000] {logging_mixin.py:190} INFO - [2025-04-28T20:32:55.828+0000] {dagbag.py:588} INFO - Filling up the DagBag from /opt/airflow/dags/spark_example.py
[2025-04-28T20:32:56.418+0000] {processor.py:925} INFO - DAG(s) 'spark_example' retrieved from /opt/airflow/dags/spark_example.py
[2025-04-28T20:32:56.670+0000] {logging_mixin.py:190} INFO - [2025-04-28T20:32:56.669+0000] {dag.py:3239} INFO - Sync 1 DAGs
[2025-04-28T20:32:56.685+0000] {logging_mixin.py:190} INFO - [2025-04-28T20:32:56.685+0000] {dag.py:4180} INFO - Setting next_dagrun for spark_example to None, run_after=None
[2025-04-28T20:32:56.703+0000] {processor.py:208} INFO - Processing /opt/airflow/dags/spark_example.py took 0.887 seconds
[2025-04-28T20:33:26.784+0000] {processor.py:186} INFO - Started process (PID=597) to work on /opt/airflow/dags/spark_example.py
[2025-04-28T20:33:26.785+0000] {processor.py:914} INFO - Processing file /opt/airflow/dags/spark_example.py for tasks to queue
[2025-04-28T20:33:26.788+0000] {logging_mixin.py:190} INFO - [2025-04-28T20:33:26.787+0000] {dagbag.py:588} INFO - Filling up the DagBag from /opt/airflow/dags/spark_example.py
[2025-04-28T20:33:27.603+0000] {processor.py:925} INFO - DAG(s) 'spark_example' retrieved from /opt/airflow/dags/spark_example.py
[2025-04-28T20:33:27.625+0000] {logging_mixin.py:190} INFO - [2025-04-28T20:33:27.624+0000] {dag.py:3239} INFO - Sync 1 DAGs
[2025-04-28T20:33:27.639+0000] {logging_mixin.py:190} INFO - [2025-04-28T20:33:27.638+0000] {dag.py:4180} INFO - Setting next_dagrun for spark_example to None, run_after=None
[2025-04-28T20:33:27.655+0000] {processor.py:208} INFO - Processing /opt/airflow/dags/spark_example.py took 0.880 seconds
[2025-04-28T20:33:58.245+0000] {processor.py:186} INFO - Started process (PID=610) to work on /opt/airflow/dags/spark_example.py
[2025-04-28T20:33:58.247+0000] {processor.py:914} INFO - Processing file /opt/airflow/dags/spark_example.py for tasks to queue
[2025-04-28T20:33:58.250+0000] {logging_mixin.py:190} INFO - [2025-04-28T20:33:58.250+0000] {dagbag.py:588} INFO - Filling up the DagBag from /opt/airflow/dags/spark_example.py
[2025-04-28T20:33:58.850+0000] {processor.py:925} INFO - DAG(s) 'spark_example' retrieved from /opt/airflow/dags/spark_example.py
[2025-04-28T20:33:58.880+0000] {logging_mixin.py:190} INFO - [2025-04-28T20:33:58.879+0000] {dag.py:3239} INFO - Sync 1 DAGs
[2025-04-28T20:33:58.898+0000] {logging_mixin.py:190} INFO - [2025-04-28T20:33:58.897+0000] {dag.py:4180} INFO - Setting next_dagrun for spark_example to None, run_after=None
[2025-04-28T20:33:58.921+0000] {processor.py:208} INFO - Processing /opt/airflow/dags/spark_example.py took 0.684 seconds
[2025-04-28T20:34:29.242+0000] {processor.py:186} INFO - Started process (PID=623) to work on /opt/airflow/dags/spark_example.py
[2025-04-28T20:34:29.243+0000] {processor.py:914} INFO - Processing file /opt/airflow/dags/spark_example.py for tasks to queue
[2025-04-28T20:34:29.246+0000] {logging_mixin.py:190} INFO - [2025-04-28T20:34:29.246+0000] {dagbag.py:588} INFO - Filling up the DagBag from /opt/airflow/dags/spark_example.py
[2025-04-28T20:34:29.844+0000] {processor.py:925} INFO - DAG(s) 'spark_example' retrieved from /opt/airflow/dags/spark_example.py
[2025-04-28T20:34:29.871+0000] {logging_mixin.py:190} INFO - [2025-04-28T20:34:29.870+0000] {dag.py:3239} INFO - Sync 1 DAGs
[2025-04-28T20:34:29.890+0000] {logging_mixin.py:190} INFO - [2025-04-28T20:34:29.889+0000] {dag.py:4180} INFO - Setting next_dagrun for spark_example to None, run_after=None
[2025-04-28T20:34:30.132+0000] {processor.py:208} INFO - Processing /opt/airflow/dags/spark_example.py took 0.899 seconds
[2025-04-28T20:35:00.450+0000] {processor.py:186} INFO - Started process (PID=636) to work on /opt/airflow/dags/spark_example.py
[2025-04-28T20:35:00.452+0000] {processor.py:914} INFO - Processing file /opt/airflow/dags/spark_example.py for tasks to queue
[2025-04-28T20:35:00.455+0000] {logging_mixin.py:190} INFO - [2025-04-28T20:35:00.455+0000] {dagbag.py:588} INFO - Filling up the DagBag from /opt/airflow/dags/spark_example.py
[2025-04-28T20:35:01.057+0000] {processor.py:925} INFO - DAG(s) 'spark_example' retrieved from /opt/airflow/dags/spark_example.py
[2025-04-28T20:35:01.084+0000] {logging_mixin.py:190} INFO - [2025-04-28T20:35:01.084+0000] {dag.py:3239} INFO - Sync 1 DAGs
[2025-04-28T20:35:01.331+0000] {logging_mixin.py:190} INFO - [2025-04-28T20:35:01.330+0000] {dag.py:4180} INFO - Setting next_dagrun for spark_example to None, run_after=None
[2025-04-28T20:35:01.350+0000] {processor.py:208} INFO - Processing /opt/airflow/dags/spark_example.py took 0.908 seconds
[2025-04-28T20:35:31.672+0000] {processor.py:186} INFO - Started process (PID=649) to work on /opt/airflow/dags/spark_example.py
[2025-04-28T20:35:31.673+0000] {processor.py:914} INFO - Processing file /opt/airflow/dags/spark_example.py for tasks to queue
[2025-04-28T20:35:31.676+0000] {logging_mixin.py:190} INFO - [2025-04-28T20:35:31.676+0000] {dagbag.py:588} INFO - Filling up the DagBag from /opt/airflow/dags/spark_example.py
[2025-04-28T20:35:32.259+0000] {processor.py:925} INFO - DAG(s) 'spark_example' retrieved from /opt/airflow/dags/spark_example.py
[2025-04-28T20:35:32.513+0000] {logging_mixin.py:190} INFO - [2025-04-28T20:35:32.512+0000] {dag.py:3239} INFO - Sync 1 DAGs
[2025-04-28T20:35:32.527+0000] {logging_mixin.py:190} INFO - [2025-04-28T20:35:32.527+0000] {dag.py:4180} INFO - Setting next_dagrun for spark_example to None, run_after=None
[2025-04-28T20:35:32.544+0000] {processor.py:208} INFO - Processing /opt/airflow/dags/spark_example.py took 0.880 seconds
[2025-04-28T20:36:03.003+0000] {processor.py:186} INFO - Started process (PID=662) to work on /opt/airflow/dags/spark_example.py
[2025-04-28T20:36:03.004+0000] {processor.py:914} INFO - Processing file /opt/airflow/dags/spark_example.py for tasks to queue
[2025-04-28T20:36:03.007+0000] {logging_mixin.py:190} INFO - [2025-04-28T20:36:03.007+0000] {dagbag.py:588} INFO - Filling up the DagBag from /opt/airflow/dags/spark_example.py
[2025-04-28T20:36:03.916+0000] {processor.py:925} INFO - DAG(s) 'spark_example' retrieved from /opt/airflow/dags/spark_example.py
[2025-04-28T20:36:03.946+0000] {logging_mixin.py:190} INFO - [2025-04-28T20:36:03.945+0000] {dag.py:3239} INFO - Sync 1 DAGs
[2025-04-28T20:36:03.967+0000] {logging_mixin.py:190} INFO - [2025-04-28T20:36:03.966+0000] {dag.py:4180} INFO - Setting next_dagrun for spark_example to None, run_after=None
[2025-04-28T20:36:03.991+0000] {processor.py:208} INFO - Processing /opt/airflow/dags/spark_example.py took 0.996 seconds
[2025-04-28T20:36:34.300+0000] {processor.py:186} INFO - Started process (PID=674) to work on /opt/airflow/dags/spark_example.py
[2025-04-28T20:36:34.329+0000] {processor.py:914} INFO - Processing file /opt/airflow/dags/spark_example.py for tasks to queue
[2025-04-28T20:36:34.332+0000] {logging_mixin.py:190} INFO - [2025-04-28T20:36:34.331+0000] {dagbag.py:588} INFO - Filling up the DagBag from /opt/airflow/dags/spark_example.py
[2025-04-28T20:36:34.931+0000] {processor.py:925} INFO - DAG(s) 'spark_example' retrieved from /opt/airflow/dags/spark_example.py
[2025-04-28T20:36:34.960+0000] {logging_mixin.py:190} INFO - [2025-04-28T20:36:34.959+0000] {dag.py:3239} INFO - Sync 1 DAGs
[2025-04-28T20:36:34.976+0000] {logging_mixin.py:190} INFO - [2025-04-28T20:36:34.976+0000] {dag.py:4180} INFO - Setting next_dagrun for spark_example to None, run_after=None
[2025-04-28T20:36:34.997+0000] {processor.py:208} INFO - Processing /opt/airflow/dags/spark_example.py took 0.706 seconds
[2025-04-28T20:37:05.574+0000] {processor.py:186} INFO - Started process (PID=687) to work on /opt/airflow/dags/spark_example.py
[2025-04-28T20:37:05.628+0000] {processor.py:914} INFO - Processing file /opt/airflow/dags/spark_example.py for tasks to queue
[2025-04-28T20:37:05.631+0000] {logging_mixin.py:190} INFO - [2025-04-28T20:37:05.631+0000] {dagbag.py:588} INFO - Filling up the DagBag from /opt/airflow/dags/spark_example.py
[2025-04-28T20:37:06.224+0000] {processor.py:925} INFO - DAG(s) 'spark_example' retrieved from /opt/airflow/dags/spark_example.py
[2025-04-28T20:37:06.250+0000] {logging_mixin.py:190} INFO - [2025-04-28T20:37:06.250+0000] {dag.py:3239} INFO - Sync 1 DAGs
[2025-04-28T20:37:06.268+0000] {logging_mixin.py:190} INFO - [2025-04-28T20:37:06.268+0000] {dag.py:4180} INFO - Setting next_dagrun for spark_example to None, run_after=None
[2025-04-28T20:37:06.509+0000] {processor.py:208} INFO - Processing /opt/airflow/dags/spark_example.py took 0.944 seconds
[2025-04-28T20:37:36.958+0000] {processor.py:186} INFO - Started process (PID=701) to work on /opt/airflow/dags/spark_example.py
[2025-04-28T20:37:36.959+0000] {processor.py:914} INFO - Processing file /opt/airflow/dags/spark_example.py for tasks to queue
[2025-04-28T20:37:36.962+0000] {logging_mixin.py:190} INFO - [2025-04-28T20:37:36.962+0000] {dagbag.py:588} INFO - Filling up the DagBag from /opt/airflow/dags/spark_example.py
[2025-04-28T20:37:37.646+0000] {processor.py:925} INFO - DAG(s) 'spark_example' retrieved from /opt/airflow/dags/spark_example.py
[2025-04-28T20:37:37.673+0000] {logging_mixin.py:190} INFO - [2025-04-28T20:37:37.673+0000] {dag.py:3239} INFO - Sync 1 DAGs
[2025-04-28T20:37:37.915+0000] {logging_mixin.py:190} INFO - [2025-04-28T20:37:37.914+0000] {dag.py:4180} INFO - Setting next_dagrun for spark_example to None, run_after=None
[2025-04-28T20:37:37.931+0000] {processor.py:208} INFO - Processing /opt/airflow/dags/spark_example.py took 0.981 seconds
