[2025-05-31T18:00:07.139+0000] {processor.py:186} INFO - Started process (PID=67) to work on /opt/airflow/dags/spark_example.py
[2025-05-31T18:00:07.140+0000] {processor.py:914} INFO - Processing file /opt/airflow/dags/spark_example.py for tasks to queue
[2025-05-31T18:00:07.144+0000] {logging_mixin.py:190} INFO - [2025-05-31T18:00:07.143+0000] {dagbag.py:588} INFO - Filling up the DagBag from /opt/airflow/dags/spark_example.py
[2025-05-31T18:00:08.133+0000] {processor.py:925} INFO - DAG(s) 'spark_example' retrieved from /opt/airflow/dags/spark_example.py
[2025-05-31T18:00:08.175+0000] {logging_mixin.py:190} INFO - [2025-05-31T18:00:08.174+0000] {dag.py:3239} INFO - Sync 1 DAGs
[2025-05-31T18:00:08.199+0000] {logging_mixin.py:190} INFO - [2025-05-31T18:00:08.198+0000] {dag.py:4180} INFO - Setting next_dagrun for spark_example to None, run_after=None
[2025-05-31T18:00:08.226+0000] {processor.py:208} INFO - Processing /opt/airflow/dags/spark_example.py took 1.097 seconds
[2025-05-31T18:00:38.381+0000] {processor.py:186} INFO - Started process (PID=80) to work on /opt/airflow/dags/spark_example.py
[2025-05-31T18:00:38.383+0000] {processor.py:914} INFO - Processing file /opt/airflow/dags/spark_example.py for tasks to queue
[2025-05-31T18:00:38.385+0000] {logging_mixin.py:190} INFO - [2025-05-31T18:00:38.385+0000] {dagbag.py:588} INFO - Filling up the DagBag from /opt/airflow/dags/spark_example.py
[2025-05-31T18:00:39.100+0000] {processor.py:925} INFO - DAG(s) 'spark_example' retrieved from /opt/airflow/dags/spark_example.py
[2025-05-31T18:00:39.122+0000] {logging_mixin.py:190} INFO - [2025-05-31T18:00:39.121+0000] {dag.py:3239} INFO - Sync 1 DAGs
[2025-05-31T18:00:39.136+0000] {logging_mixin.py:190} INFO - [2025-05-31T18:00:39.136+0000] {dag.py:4180} INFO - Setting next_dagrun for spark_example to None, run_after=None
[2025-05-31T18:00:39.151+0000] {processor.py:208} INFO - Processing /opt/airflow/dags/spark_example.py took 0.777 seconds
[2025-05-31T18:01:10.037+0000] {processor.py:186} INFO - Started process (PID=93) to work on /opt/airflow/dags/spark_example.py
[2025-05-31T18:01:10.038+0000] {processor.py:914} INFO - Processing file /opt/airflow/dags/spark_example.py for tasks to queue
[2025-05-31T18:01:10.041+0000] {logging_mixin.py:190} INFO - [2025-05-31T18:01:10.041+0000] {dagbag.py:588} INFO - Filling up the DagBag from /opt/airflow/dags/spark_example.py
[2025-05-31T18:01:10.748+0000] {processor.py:925} INFO - DAG(s) 'spark_example' retrieved from /opt/airflow/dags/spark_example.py
[2025-05-31T18:01:10.769+0000] {logging_mixin.py:190} INFO - [2025-05-31T18:01:10.769+0000] {dag.py:3239} INFO - Sync 1 DAGs
[2025-05-31T18:01:10.782+0000] {logging_mixin.py:190} INFO - [2025-05-31T18:01:10.782+0000] {dag.py:4180} INFO - Setting next_dagrun for spark_example to None, run_after=None
[2025-05-31T18:01:10.799+0000] {processor.py:208} INFO - Processing /opt/airflow/dags/spark_example.py took 0.769 seconds
[2025-05-31T18:01:41.734+0000] {processor.py:186} INFO - Started process (PID=106) to work on /opt/airflow/dags/spark_example.py
[2025-05-31T18:01:41.735+0000] {processor.py:914} INFO - Processing file /opt/airflow/dags/spark_example.py for tasks to queue
[2025-05-31T18:01:41.737+0000] {logging_mixin.py:190} INFO - [2025-05-31T18:01:41.737+0000] {dagbag.py:588} INFO - Filling up the DagBag from /opt/airflow/dags/spark_example.py
[2025-05-31T18:01:42.431+0000] {processor.py:925} INFO - DAG(s) 'spark_example' retrieved from /opt/airflow/dags/spark_example.py
[2025-05-31T18:01:42.453+0000] {logging_mixin.py:190} INFO - [2025-05-31T18:01:42.453+0000] {dag.py:3239} INFO - Sync 1 DAGs
[2025-05-31T18:01:42.466+0000] {logging_mixin.py:190} INFO - [2025-05-31T18:01:42.466+0000] {dag.py:4180} INFO - Setting next_dagrun for spark_example to None, run_after=None
[2025-05-31T18:01:42.482+0000] {processor.py:208} INFO - Processing /opt/airflow/dags/spark_example.py took 0.754 seconds
[2025-05-31T18:02:12.695+0000] {processor.py:186} INFO - Started process (PID=119) to work on /opt/airflow/dags/spark_example.py
[2025-05-31T18:02:12.697+0000] {processor.py:914} INFO - Processing file /opt/airflow/dags/spark_example.py for tasks to queue
[2025-05-31T18:02:12.699+0000] {logging_mixin.py:190} INFO - [2025-05-31T18:02:12.699+0000] {dagbag.py:588} INFO - Filling up the DagBag from /opt/airflow/dags/spark_example.py
[2025-05-31T18:02:13.389+0000] {processor.py:925} INFO - DAG(s) 'spark_example' retrieved from /opt/airflow/dags/spark_example.py
[2025-05-31T18:02:13.409+0000] {logging_mixin.py:190} INFO - [2025-05-31T18:02:13.408+0000] {dag.py:3239} INFO - Sync 1 DAGs
[2025-05-31T18:02:13.422+0000] {logging_mixin.py:190} INFO - [2025-05-31T18:02:13.422+0000] {dag.py:4180} INFO - Setting next_dagrun for spark_example to None, run_after=None
[2025-05-31T18:02:13.439+0000] {processor.py:208} INFO - Processing /opt/airflow/dags/spark_example.py took 0.750 seconds
[2025-05-31T18:02:44.318+0000] {processor.py:186} INFO - Started process (PID=132) to work on /opt/airflow/dags/spark_example.py
[2025-05-31T18:02:44.319+0000] {processor.py:914} INFO - Processing file /opt/airflow/dags/spark_example.py for tasks to queue
[2025-05-31T18:02:44.322+0000] {logging_mixin.py:190} INFO - [2025-05-31T18:02:44.322+0000] {dagbag.py:588} INFO - Filling up the DagBag from /opt/airflow/dags/spark_example.py
[2025-05-31T18:02:44.864+0000] {processor.py:925} INFO - DAG(s) 'spark_example' retrieved from /opt/airflow/dags/spark_example.py
[2025-05-31T18:02:44.888+0000] {logging_mixin.py:190} INFO - [2025-05-31T18:02:44.887+0000] {dag.py:3239} INFO - Sync 1 DAGs
[2025-05-31T18:02:44.903+0000] {logging_mixin.py:190} INFO - [2025-05-31T18:02:44.903+0000] {dag.py:4180} INFO - Setting next_dagrun for spark_example to None, run_after=None
[2025-05-31T18:02:44.923+0000] {processor.py:208} INFO - Processing /opt/airflow/dags/spark_example.py took 0.613 seconds
[2025-05-31T18:03:15.141+0000] {processor.py:186} INFO - Started process (PID=146) to work on /opt/airflow/dags/spark_example.py
[2025-05-31T18:03:15.142+0000] {processor.py:914} INFO - Processing file /opt/airflow/dags/spark_example.py for tasks to queue
[2025-05-31T18:03:15.145+0000] {logging_mixin.py:190} INFO - [2025-05-31T18:03:15.145+0000] {dagbag.py:588} INFO - Filling up the DagBag from /opt/airflow/dags/spark_example.py
[2025-05-31T18:03:15.670+0000] {processor.py:925} INFO - DAG(s) 'spark_example' retrieved from /opt/airflow/dags/spark_example.py
[2025-05-31T18:03:15.694+0000] {logging_mixin.py:190} INFO - [2025-05-31T18:03:15.694+0000] {dag.py:3239} INFO - Sync 1 DAGs
[2025-05-31T18:03:15.711+0000] {logging_mixin.py:190} INFO - [2025-05-31T18:03:15.710+0000] {dag.py:4180} INFO - Setting next_dagrun for spark_example to None, run_after=None
[2025-05-31T18:03:15.727+0000] {processor.py:208} INFO - Processing /opt/airflow/dags/spark_example.py took 0.594 seconds
[2025-05-31T18:03:46.393+0000] {processor.py:186} INFO - Started process (PID=159) to work on /opt/airflow/dags/spark_example.py
[2025-05-31T18:03:46.394+0000] {processor.py:914} INFO - Processing file /opt/airflow/dags/spark_example.py for tasks to queue
[2025-05-31T18:03:46.398+0000] {logging_mixin.py:190} INFO - [2025-05-31T18:03:46.397+0000] {dagbag.py:588} INFO - Filling up the DagBag from /opt/airflow/dags/spark_example.py
[2025-05-31T18:03:46.934+0000] {processor.py:925} INFO - DAG(s) 'spark_example' retrieved from /opt/airflow/dags/spark_example.py
[2025-05-31T18:03:46.959+0000] {logging_mixin.py:190} INFO - [2025-05-31T18:03:46.958+0000] {dag.py:3239} INFO - Sync 1 DAGs
[2025-05-31T18:03:46.973+0000] {logging_mixin.py:190} INFO - [2025-05-31T18:03:46.973+0000] {dag.py:4180} INFO - Setting next_dagrun for spark_example to None, run_after=None
[2025-05-31T18:03:46.989+0000] {processor.py:208} INFO - Processing /opt/airflow/dags/spark_example.py took 0.604 seconds
[2025-05-31T18:04:17.208+0000] {processor.py:186} INFO - Started process (PID=172) to work on /opt/airflow/dags/spark_example.py
[2025-05-31T18:04:17.209+0000] {processor.py:914} INFO - Processing file /opt/airflow/dags/spark_example.py for tasks to queue
[2025-05-31T18:04:17.212+0000] {logging_mixin.py:190} INFO - [2025-05-31T18:04:17.212+0000] {dagbag.py:588} INFO - Filling up the DagBag from /opt/airflow/dags/spark_example.py
[2025-05-31T18:04:17.755+0000] {processor.py:925} INFO - DAG(s) 'spark_example' retrieved from /opt/airflow/dags/spark_example.py
[2025-05-31T18:04:17.780+0000] {logging_mixin.py:190} INFO - [2025-05-31T18:04:17.780+0000] {dag.py:3239} INFO - Sync 1 DAGs
[2025-05-31T18:04:17.797+0000] {logging_mixin.py:190} INFO - [2025-05-31T18:04:17.796+0000] {dag.py:4180} INFO - Setting next_dagrun for spark_example to None, run_after=None
[2025-05-31T18:04:17.815+0000] {processor.py:208} INFO - Processing /opt/airflow/dags/spark_example.py took 0.614 seconds
[2025-05-31T18:04:47.925+0000] {processor.py:186} INFO - Started process (PID=185) to work on /opt/airflow/dags/spark_example.py
[2025-05-31T18:04:47.926+0000] {processor.py:914} INFO - Processing file /opt/airflow/dags/spark_example.py for tasks to queue
[2025-05-31T18:04:47.928+0000] {logging_mixin.py:190} INFO - [2025-05-31T18:04:47.928+0000] {dagbag.py:588} INFO - Filling up the DagBag from /opt/airflow/dags/spark_example.py
[2025-05-31T18:04:48.450+0000] {processor.py:925} INFO - DAG(s) 'spark_example' retrieved from /opt/airflow/dags/spark_example.py
[2025-05-31T18:04:48.473+0000] {logging_mixin.py:190} INFO - [2025-05-31T18:04:48.473+0000] {dag.py:3239} INFO - Sync 1 DAGs
[2025-05-31T18:04:48.488+0000] {logging_mixin.py:190} INFO - [2025-05-31T18:04:48.487+0000] {dag.py:4180} INFO - Setting next_dagrun for spark_example to None, run_after=None
[2025-05-31T18:04:48.504+0000] {processor.py:208} INFO - Processing /opt/airflow/dags/spark_example.py took 0.587 seconds
[2025-05-31T18:05:18.652+0000] {processor.py:186} INFO - Started process (PID=198) to work on /opt/airflow/dags/spark_example.py
[2025-05-31T18:05:18.683+0000] {processor.py:914} INFO - Processing file /opt/airflow/dags/spark_example.py for tasks to queue
[2025-05-31T18:05:18.686+0000] {logging_mixin.py:190} INFO - [2025-05-31T18:05:18.686+0000] {dagbag.py:588} INFO - Filling up the DagBag from /opt/airflow/dags/spark_example.py
[2025-05-31T18:05:19.220+0000] {processor.py:925} INFO - DAG(s) 'spark_example' retrieved from /opt/airflow/dags/spark_example.py
[2025-05-31T18:05:19.243+0000] {logging_mixin.py:190} INFO - [2025-05-31T18:05:19.243+0000] {dag.py:3239} INFO - Sync 1 DAGs
[2025-05-31T18:05:19.258+0000] {logging_mixin.py:190} INFO - [2025-05-31T18:05:19.258+0000] {dag.py:4180} INFO - Setting next_dagrun for spark_example to None, run_after=None
[2025-05-31T18:05:19.465+0000] {processor.py:208} INFO - Processing /opt/airflow/dags/spark_example.py took 0.821 seconds
[2025-05-31T18:05:49.906+0000] {processor.py:186} INFO - Started process (PID=211) to work on /opt/airflow/dags/spark_example.py
[2025-05-31T18:05:49.907+0000] {processor.py:914} INFO - Processing file /opt/airflow/dags/spark_example.py for tasks to queue
[2025-05-31T18:05:49.910+0000] {logging_mixin.py:190} INFO - [2025-05-31T18:05:49.909+0000] {dagbag.py:588} INFO - Filling up the DagBag from /opt/airflow/dags/spark_example.py
[2025-05-31T18:05:50.440+0000] {processor.py:925} INFO - DAG(s) 'spark_example' retrieved from /opt/airflow/dags/spark_example.py
[2025-05-31T18:05:50.463+0000] {logging_mixin.py:190} INFO - [2025-05-31T18:05:50.462+0000] {dag.py:3239} INFO - Sync 1 DAGs
[2025-05-31T18:05:50.479+0000] {logging_mixin.py:190} INFO - [2025-05-31T18:05:50.479+0000] {dag.py:4180} INFO - Setting next_dagrun for spark_example to None, run_after=None
[2025-05-31T18:05:50.495+0000] {processor.py:208} INFO - Processing /opt/airflow/dags/spark_example.py took 0.597 seconds
[2025-05-31T18:06:20.591+0000] {processor.py:186} INFO - Started process (PID=224) to work on /opt/airflow/dags/spark_example.py
[2025-05-31T18:06:20.592+0000] {processor.py:914} INFO - Processing file /opt/airflow/dags/spark_example.py for tasks to queue
[2025-05-31T18:06:20.595+0000] {logging_mixin.py:190} INFO - [2025-05-31T18:06:20.595+0000] {dagbag.py:588} INFO - Filling up the DagBag from /opt/airflow/dags/spark_example.py
[2025-05-31T18:06:21.123+0000] {processor.py:925} INFO - DAG(s) 'spark_example' retrieved from /opt/airflow/dags/spark_example.py
[2025-05-31T18:06:21.148+0000] {logging_mixin.py:190} INFO - [2025-05-31T18:06:21.147+0000] {dag.py:3239} INFO - Sync 1 DAGs
[2025-05-31T18:06:21.163+0000] {logging_mixin.py:190} INFO - [2025-05-31T18:06:21.163+0000] {dag.py:4180} INFO - Setting next_dagrun for spark_example to None, run_after=None
[2025-05-31T18:06:21.179+0000] {processor.py:208} INFO - Processing /opt/airflow/dags/spark_example.py took 0.596 seconds
[2025-05-31T18:06:51.304+0000] {processor.py:186} INFO - Started process (PID=237) to work on /opt/airflow/dags/spark_example.py
[2025-05-31T18:06:51.305+0000] {processor.py:914} INFO - Processing file /opt/airflow/dags/spark_example.py for tasks to queue
[2025-05-31T18:06:51.308+0000] {logging_mixin.py:190} INFO - [2025-05-31T18:06:51.307+0000] {dagbag.py:588} INFO - Filling up the DagBag from /opt/airflow/dags/spark_example.py
[2025-05-31T18:06:51.835+0000] {processor.py:925} INFO - DAG(s) 'spark_example' retrieved from /opt/airflow/dags/spark_example.py
[2025-05-31T18:06:51.860+0000] {logging_mixin.py:190} INFO - [2025-05-31T18:06:51.859+0000] {dag.py:3239} INFO - Sync 1 DAGs
[2025-05-31T18:06:51.875+0000] {logging_mixin.py:190} INFO - [2025-05-31T18:06:51.874+0000] {dag.py:4180} INFO - Setting next_dagrun for spark_example to None, run_after=None
[2025-05-31T18:06:51.891+0000] {processor.py:208} INFO - Processing /opt/airflow/dags/spark_example.py took 0.595 seconds
[2025-05-31T18:07:22.548+0000] {processor.py:186} INFO - Started process (PID=250) to work on /opt/airflow/dags/spark_example.py
[2025-05-31T18:07:22.549+0000] {processor.py:914} INFO - Processing file /opt/airflow/dags/spark_example.py for tasks to queue
[2025-05-31T18:07:22.552+0000] {logging_mixin.py:190} INFO - [2025-05-31T18:07:22.552+0000] {dagbag.py:588} INFO - Filling up the DagBag from /opt/airflow/dags/spark_example.py
[2025-05-31T18:07:23.083+0000] {processor.py:925} INFO - DAG(s) 'spark_example' retrieved from /opt/airflow/dags/spark_example.py
[2025-05-31T18:07:23.107+0000] {logging_mixin.py:190} INFO - [2025-05-31T18:07:23.107+0000] {dag.py:3239} INFO - Sync 1 DAGs
[2025-05-31T18:07:23.123+0000] {logging_mixin.py:190} INFO - [2025-05-31T18:07:23.122+0000] {dag.py:4180} INFO - Setting next_dagrun for spark_example to None, run_after=None
[2025-05-31T18:07:23.140+0000] {processor.py:208} INFO - Processing /opt/airflow/dags/spark_example.py took 0.599 seconds
[2025-05-31T18:07:53.357+0000] {processor.py:186} INFO - Started process (PID=263) to work on /opt/airflow/dags/spark_example.py
[2025-05-31T18:07:53.383+0000] {processor.py:914} INFO - Processing file /opt/airflow/dags/spark_example.py for tasks to queue
[2025-05-31T18:07:53.386+0000] {logging_mixin.py:190} INFO - [2025-05-31T18:07:53.386+0000] {dagbag.py:588} INFO - Filling up the DagBag from /opt/airflow/dags/spark_example.py
[2025-05-31T18:07:53.937+0000] {processor.py:925} INFO - DAG(s) 'spark_example' retrieved from /opt/airflow/dags/spark_example.py
[2025-05-31T18:07:53.961+0000] {logging_mixin.py:190} INFO - [2025-05-31T18:07:53.961+0000] {dag.py:3239} INFO - Sync 1 DAGs
[2025-05-31T18:07:53.976+0000] {logging_mixin.py:190} INFO - [2025-05-31T18:07:53.976+0000] {dag.py:4180} INFO - Setting next_dagrun for spark_example to None, run_after=None
[2025-05-31T18:07:53.995+0000] {processor.py:208} INFO - Processing /opt/airflow/dags/spark_example.py took 0.645 seconds
[2025-05-31T18:08:24.606+0000] {processor.py:186} INFO - Started process (PID=276) to work on /opt/airflow/dags/spark_example.py
[2025-05-31T18:08:24.608+0000] {processor.py:914} INFO - Processing file /opt/airflow/dags/spark_example.py for tasks to queue
[2025-05-31T18:08:24.611+0000] {logging_mixin.py:190} INFO - [2025-05-31T18:08:24.610+0000] {dagbag.py:588} INFO - Filling up the DagBag from /opt/airflow/dags/spark_example.py
[2025-05-31T18:08:25.138+0000] {processor.py:925} INFO - DAG(s) 'spark_example' retrieved from /opt/airflow/dags/spark_example.py
[2025-05-31T18:08:25.163+0000] {logging_mixin.py:190} INFO - [2025-05-31T18:08:25.162+0000] {dag.py:3239} INFO - Sync 1 DAGs
[2025-05-31T18:08:25.179+0000] {logging_mixin.py:190} INFO - [2025-05-31T18:08:25.179+0000] {dag.py:4180} INFO - Setting next_dagrun for spark_example to None, run_after=None
[2025-05-31T18:08:25.197+0000] {processor.py:208} INFO - Processing /opt/airflow/dags/spark_example.py took 0.598 seconds
[2025-05-31T18:08:55.414+0000] {processor.py:186} INFO - Started process (PID=289) to work on /opt/airflow/dags/spark_example.py
[2025-05-31T18:08:55.415+0000] {processor.py:914} INFO - Processing file /opt/airflow/dags/spark_example.py for tasks to queue
[2025-05-31T18:08:55.418+0000] {logging_mixin.py:190} INFO - [2025-05-31T18:08:55.418+0000] {dagbag.py:588} INFO - Filling up the DagBag from /opt/airflow/dags/spark_example.py
[2025-05-31T18:08:55.939+0000] {processor.py:925} INFO - DAG(s) 'spark_example' retrieved from /opt/airflow/dags/spark_example.py
[2025-05-31T18:08:55.964+0000] {logging_mixin.py:190} INFO - [2025-05-31T18:08:55.963+0000] {dag.py:3239} INFO - Sync 1 DAGs
[2025-05-31T18:08:55.978+0000] {logging_mixin.py:190} INFO - [2025-05-31T18:08:55.978+0000] {dag.py:4180} INFO - Setting next_dagrun for spark_example to None, run_after=None
[2025-05-31T18:08:55.995+0000] {processor.py:208} INFO - Processing /opt/airflow/dags/spark_example.py took 0.588 seconds
[2025-05-31T18:09:26.674+0000] {processor.py:186} INFO - Started process (PID=302) to work on /opt/airflow/dags/spark_example.py
[2025-05-31T18:09:26.676+0000] {processor.py:914} INFO - Processing file /opt/airflow/dags/spark_example.py for tasks to queue
[2025-05-31T18:09:26.679+0000] {logging_mixin.py:190} INFO - [2025-05-31T18:09:26.678+0000] {dagbag.py:588} INFO - Filling up the DagBag from /opt/airflow/dags/spark_example.py
[2025-05-31T18:09:27.203+0000] {processor.py:925} INFO - DAG(s) 'spark_example' retrieved from /opt/airflow/dags/spark_example.py
[2025-05-31T18:09:27.226+0000] {logging_mixin.py:190} INFO - [2025-05-31T18:09:27.226+0000] {dag.py:3239} INFO - Sync 1 DAGs
[2025-05-31T18:09:27.241+0000] {logging_mixin.py:190} INFO - [2025-05-31T18:09:27.241+0000] {dag.py:4180} INFO - Setting next_dagrun for spark_example to None, run_after=None
[2025-05-31T18:09:27.258+0000] {processor.py:208} INFO - Processing /opt/airflow/dags/spark_example.py took 0.591 seconds
[2025-05-31T18:09:58.004+0000] {processor.py:186} INFO - Started process (PID=315) to work on /opt/airflow/dags/spark_example.py
[2025-05-31T18:09:58.005+0000] {processor.py:914} INFO - Processing file /opt/airflow/dags/spark_example.py for tasks to queue
[2025-05-31T18:09:58.008+0000] {logging_mixin.py:190} INFO - [2025-05-31T18:09:58.007+0000] {dagbag.py:588} INFO - Filling up the DagBag from /opt/airflow/dags/spark_example.py
[2025-05-31T18:09:58.566+0000] {processor.py:925} INFO - DAG(s) 'spark_example' retrieved from /opt/airflow/dags/spark_example.py
[2025-05-31T18:09:58.591+0000] {logging_mixin.py:190} INFO - [2025-05-31T18:09:58.590+0000] {dag.py:3239} INFO - Sync 1 DAGs
[2025-05-31T18:09:58.606+0000] {logging_mixin.py:190} INFO - [2025-05-31T18:09:58.605+0000] {dag.py:4180} INFO - Setting next_dagrun for spark_example to None, run_after=None
[2025-05-31T18:09:58.623+0000] {processor.py:208} INFO - Processing /opt/airflow/dags/spark_example.py took 0.627 seconds
[2025-05-31T18:10:28.846+0000] {processor.py:186} INFO - Started process (PID=328) to work on /opt/airflow/dags/spark_example.py
[2025-05-31T18:10:28.847+0000] {processor.py:914} INFO - Processing file /opt/airflow/dags/spark_example.py for tasks to queue
[2025-05-31T18:10:28.850+0000] {logging_mixin.py:190} INFO - [2025-05-31T18:10:28.850+0000] {dagbag.py:588} INFO - Filling up the DagBag from /opt/airflow/dags/spark_example.py
[2025-05-31T18:10:29.388+0000] {processor.py:925} INFO - DAG(s) 'spark_example' retrieved from /opt/airflow/dags/spark_example.py
[2025-05-31T18:10:29.412+0000] {logging_mixin.py:190} INFO - [2025-05-31T18:10:29.411+0000] {dag.py:3239} INFO - Sync 1 DAGs
[2025-05-31T18:10:29.426+0000] {logging_mixin.py:190} INFO - [2025-05-31T18:10:29.426+0000] {dag.py:4180} INFO - Setting next_dagrun for spark_example to None, run_after=None
[2025-05-31T18:10:29.445+0000] {processor.py:208} INFO - Processing /opt/airflow/dags/spark_example.py took 0.606 seconds
[2025-05-31T18:10:59.576+0000] {processor.py:186} INFO - Started process (PID=341) to work on /opt/airflow/dags/spark_example.py
[2025-05-31T18:10:59.577+0000] {processor.py:914} INFO - Processing file /opt/airflow/dags/spark_example.py for tasks to queue
[2025-05-31T18:10:59.580+0000] {logging_mixin.py:190} INFO - [2025-05-31T18:10:59.580+0000] {dagbag.py:588} INFO - Filling up the DagBag from /opt/airflow/dags/spark_example.py
[2025-05-31T18:11:00.121+0000] {processor.py:925} INFO - DAG(s) 'spark_example' retrieved from /opt/airflow/dags/spark_example.py
[2025-05-31T18:11:00.145+0000] {logging_mixin.py:190} INFO - [2025-05-31T18:11:00.145+0000] {dag.py:3239} INFO - Sync 1 DAGs
[2025-05-31T18:11:00.163+0000] {logging_mixin.py:190} INFO - [2025-05-31T18:11:00.163+0000] {dag.py:4180} INFO - Setting next_dagrun for spark_example to None, run_after=None
[2025-05-31T18:11:00.182+0000] {processor.py:208} INFO - Processing /opt/airflow/dags/spark_example.py took 0.613 seconds
[2025-05-31T18:11:30.306+0000] {processor.py:186} INFO - Started process (PID=354) to work on /opt/airflow/dags/spark_example.py
[2025-05-31T18:11:30.308+0000] {processor.py:914} INFO - Processing file /opt/airflow/dags/spark_example.py for tasks to queue
[2025-05-31T18:11:30.312+0000] {logging_mixin.py:190} INFO - [2025-05-31T18:11:30.311+0000] {dagbag.py:588} INFO - Filling up the DagBag from /opt/airflow/dags/spark_example.py
[2025-05-31T18:11:30.840+0000] {processor.py:925} INFO - DAG(s) 'spark_example' retrieved from /opt/airflow/dags/spark_example.py
[2025-05-31T18:11:30.865+0000] {logging_mixin.py:190} INFO - [2025-05-31T18:11:30.865+0000] {dag.py:3239} INFO - Sync 1 DAGs
[2025-05-31T18:11:30.880+0000] {logging_mixin.py:190} INFO - [2025-05-31T18:11:30.880+0000] {dag.py:4180} INFO - Setting next_dagrun for spark_example to None, run_after=None
[2025-05-31T18:11:30.897+0000] {processor.py:208} INFO - Processing /opt/airflow/dags/spark_example.py took 0.600 seconds
[2025-05-31T18:12:01.569+0000] {processor.py:186} INFO - Started process (PID=367) to work on /opt/airflow/dags/spark_example.py
[2025-05-31T18:12:01.570+0000] {processor.py:914} INFO - Processing file /opt/airflow/dags/spark_example.py for tasks to queue
[2025-05-31T18:12:01.574+0000] {logging_mixin.py:190} INFO - [2025-05-31T18:12:01.573+0000] {dagbag.py:588} INFO - Filling up the DagBag from /opt/airflow/dags/spark_example.py
[2025-05-31T18:12:02.131+0000] {processor.py:925} INFO - DAG(s) 'spark_example' retrieved from /opt/airflow/dags/spark_example.py
[2025-05-31T18:12:02.155+0000] {logging_mixin.py:190} INFO - [2025-05-31T18:12:02.155+0000] {dag.py:3239} INFO - Sync 1 DAGs
[2025-05-31T18:12:02.171+0000] {logging_mixin.py:190} INFO - [2025-05-31T18:12:02.170+0000] {dag.py:4180} INFO - Setting next_dagrun for spark_example to None, run_after=None
[2025-05-31T18:12:02.188+0000] {processor.py:208} INFO - Processing /opt/airflow/dags/spark_example.py took 0.627 seconds
[2025-05-31T18:12:32.408+0000] {processor.py:186} INFO - Started process (PID=380) to work on /opt/airflow/dags/spark_example.py
[2025-05-31T18:12:32.410+0000] {processor.py:914} INFO - Processing file /opt/airflow/dags/spark_example.py for tasks to queue
[2025-05-31T18:12:32.412+0000] {logging_mixin.py:190} INFO - [2025-05-31T18:12:32.412+0000] {dagbag.py:588} INFO - Filling up the DagBag from /opt/airflow/dags/spark_example.py
[2025-05-31T18:12:32.942+0000] {processor.py:925} INFO - DAG(s) 'spark_example' retrieved from /opt/airflow/dags/spark_example.py
[2025-05-31T18:12:32.966+0000] {logging_mixin.py:190} INFO - [2025-05-31T18:12:32.965+0000] {dag.py:3239} INFO - Sync 1 DAGs
[2025-05-31T18:12:32.981+0000] {logging_mixin.py:190} INFO - [2025-05-31T18:12:32.981+0000] {dag.py:4180} INFO - Setting next_dagrun for spark_example to None, run_after=None
[2025-05-31T18:12:32.999+0000] {processor.py:208} INFO - Processing /opt/airflow/dags/spark_example.py took 0.599 seconds
[2025-05-31T18:13:03.679+0000] {processor.py:186} INFO - Started process (PID=393) to work on /opt/airflow/dags/spark_example.py
[2025-05-31T18:13:03.680+0000] {processor.py:914} INFO - Processing file /opt/airflow/dags/spark_example.py for tasks to queue
[2025-05-31T18:13:03.682+0000] {logging_mixin.py:190} INFO - [2025-05-31T18:13:03.682+0000] {dagbag.py:588} INFO - Filling up the DagBag from /opt/airflow/dags/spark_example.py
[2025-05-31T18:13:04.221+0000] {processor.py:925} INFO - DAG(s) 'spark_example' retrieved from /opt/airflow/dags/spark_example.py
[2025-05-31T18:13:04.245+0000] {logging_mixin.py:190} INFO - [2025-05-31T18:13:04.244+0000] {dag.py:3239} INFO - Sync 1 DAGs
[2025-05-31T18:13:04.260+0000] {logging_mixin.py:190} INFO - [2025-05-31T18:13:04.260+0000] {dag.py:4180} INFO - Setting next_dagrun for spark_example to None, run_after=None
[2025-05-31T18:13:04.465+0000] {processor.py:208} INFO - Processing /opt/airflow/dags/spark_example.py took 0.793 seconds
[2025-05-31T18:13:34.697+0000] {processor.py:186} INFO - Started process (PID=406) to work on /opt/airflow/dags/spark_example.py
[2025-05-31T18:13:34.698+0000] {processor.py:914} INFO - Processing file /opt/airflow/dags/spark_example.py for tasks to queue
[2025-05-31T18:13:34.701+0000] {logging_mixin.py:190} INFO - [2025-05-31T18:13:34.701+0000] {dagbag.py:588} INFO - Filling up the DagBag from /opt/airflow/dags/spark_example.py
[2025-05-31T18:13:35.234+0000] {processor.py:925} INFO - DAG(s) 'spark_example' retrieved from /opt/airflow/dags/spark_example.py
[2025-05-31T18:13:35.257+0000] {logging_mixin.py:190} INFO - [2025-05-31T18:13:35.257+0000] {dag.py:3239} INFO - Sync 1 DAGs
[2025-05-31T18:13:35.274+0000] {logging_mixin.py:190} INFO - [2025-05-31T18:13:35.273+0000] {dag.py:4180} INFO - Setting next_dagrun for spark_example to None, run_after=None
[2025-05-31T18:13:35.290+0000] {processor.py:208} INFO - Processing /opt/airflow/dags/spark_example.py took 0.601 seconds
[2025-05-31T18:14:05.538+0000] {processor.py:186} INFO - Started process (PID=419) to work on /opt/airflow/dags/spark_example.py
[2025-05-31T18:14:05.539+0000] {processor.py:914} INFO - Processing file /opt/airflow/dags/spark_example.py for tasks to queue
[2025-05-31T18:14:05.542+0000] {logging_mixin.py:190} INFO - [2025-05-31T18:14:05.541+0000] {dagbag.py:588} INFO - Filling up the DagBag from /opt/airflow/dags/spark_example.py
[2025-05-31T18:14:06.079+0000] {processor.py:925} INFO - DAG(s) 'spark_example' retrieved from /opt/airflow/dags/spark_example.py
[2025-05-31T18:14:06.104+0000] {logging_mixin.py:190} INFO - [2025-05-31T18:14:06.104+0000] {dag.py:3239} INFO - Sync 1 DAGs
[2025-05-31T18:14:06.119+0000] {logging_mixin.py:190} INFO - [2025-05-31T18:14:06.119+0000] {dag.py:4180} INFO - Setting next_dagrun for spark_example to None, run_after=None
[2025-05-31T18:14:06.136+0000] {processor.py:208} INFO - Processing /opt/airflow/dags/spark_example.py took 0.606 seconds
[2025-05-31T18:14:36.199+0000] {processor.py:186} INFO - Started process (PID=432) to work on /opt/airflow/dags/spark_example.py
[2025-05-31T18:14:36.203+0000] {processor.py:914} INFO - Processing file /opt/airflow/dags/spark_example.py for tasks to queue
[2025-05-31T18:14:36.206+0000] {logging_mixin.py:190} INFO - [2025-05-31T18:14:36.206+0000] {dagbag.py:588} INFO - Filling up the DagBag from /opt/airflow/dags/spark_example.py
[2025-05-31T18:14:36.747+0000] {processor.py:925} INFO - DAG(s) 'spark_example' retrieved from /opt/airflow/dags/spark_example.py
[2025-05-31T18:14:36.771+0000] {logging_mixin.py:190} INFO - [2025-05-31T18:14:36.771+0000] {dag.py:3239} INFO - Sync 1 DAGs
[2025-05-31T18:14:36.787+0000] {logging_mixin.py:190} INFO - [2025-05-31T18:14:36.787+0000] {dag.py:4180} INFO - Setting next_dagrun for spark_example to None, run_after=None
[2025-05-31T18:14:36.806+0000] {processor.py:208} INFO - Processing /opt/airflow/dags/spark_example.py took 0.614 seconds
[2025-05-31T18:15:06.919+0000] {processor.py:186} INFO - Started process (PID=445) to work on /opt/airflow/dags/spark_example.py
[2025-05-31T18:15:06.920+0000] {processor.py:914} INFO - Processing file /opt/airflow/dags/spark_example.py for tasks to queue
[2025-05-31T18:15:06.923+0000] {logging_mixin.py:190} INFO - [2025-05-31T18:15:06.922+0000] {dagbag.py:588} INFO - Filling up the DagBag from /opt/airflow/dags/spark_example.py
[2025-05-31T18:15:07.452+0000] {processor.py:925} INFO - DAG(s) 'spark_example' retrieved from /opt/airflow/dags/spark_example.py
[2025-05-31T18:15:07.475+0000] {logging_mixin.py:190} INFO - [2025-05-31T18:15:07.474+0000] {dag.py:3239} INFO - Sync 1 DAGs
[2025-05-31T18:15:07.491+0000] {logging_mixin.py:190} INFO - [2025-05-31T18:15:07.490+0000] {dag.py:4180} INFO - Setting next_dagrun for spark_example to None, run_after=None
[2025-05-31T18:15:07.508+0000] {processor.py:208} INFO - Processing /opt/airflow/dags/spark_example.py took 0.597 seconds
[2025-05-31T18:15:37.662+0000] {processor.py:186} INFO - Started process (PID=458) to work on /opt/airflow/dags/spark_example.py
[2025-05-31T18:15:37.663+0000] {processor.py:914} INFO - Processing file /opt/airflow/dags/spark_example.py for tasks to queue
[2025-05-31T18:15:37.666+0000] {logging_mixin.py:190} INFO - [2025-05-31T18:15:37.666+0000] {dagbag.py:588} INFO - Filling up the DagBag from /opt/airflow/dags/spark_example.py
[2025-05-31T18:15:38.191+0000] {processor.py:925} INFO - DAG(s) 'spark_example' retrieved from /opt/airflow/dags/spark_example.py
[2025-05-31T18:15:38.216+0000] {logging_mixin.py:190} INFO - [2025-05-31T18:15:38.215+0000] {dag.py:3239} INFO - Sync 1 DAGs
[2025-05-31T18:15:38.230+0000] {logging_mixin.py:190} INFO - [2025-05-31T18:15:38.230+0000] {dag.py:4180} INFO - Setting next_dagrun for spark_example to None, run_after=None
[2025-05-31T18:15:38.434+0000] {processor.py:208} INFO - Processing /opt/airflow/dags/spark_example.py took 0.780 seconds
[2025-05-31T18:16:08.943+0000] {processor.py:186} INFO - Started process (PID=477) to work on /opt/airflow/dags/spark_example.py
[2025-05-31T18:16:08.944+0000] {processor.py:914} INFO - Processing file /opt/airflow/dags/spark_example.py for tasks to queue
[2025-05-31T18:16:08.947+0000] {logging_mixin.py:190} INFO - [2025-05-31T18:16:08.947+0000] {dagbag.py:588} INFO - Filling up the DagBag from /opt/airflow/dags/spark_example.py
[2025-05-31T18:16:09.476+0000] {processor.py:925} INFO - DAG(s) 'spark_example' retrieved from /opt/airflow/dags/spark_example.py
[2025-05-31T18:16:09.499+0000] {logging_mixin.py:190} INFO - [2025-05-31T18:16:09.499+0000] {dag.py:3239} INFO - Sync 1 DAGs
[2025-05-31T18:16:09.516+0000] {logging_mixin.py:190} INFO - [2025-05-31T18:16:09.516+0000] {dag.py:4180} INFO - Setting next_dagrun for spark_example to None, run_after=None
[2025-05-31T18:16:09.533+0000] {processor.py:208} INFO - Processing /opt/airflow/dags/spark_example.py took 0.598 seconds
[2025-05-31T18:16:40.141+0000] {processor.py:186} INFO - Started process (PID=490) to work on /opt/airflow/dags/spark_example.py
[2025-05-31T18:16:40.142+0000] {processor.py:914} INFO - Processing file /opt/airflow/dags/spark_example.py for tasks to queue
[2025-05-31T18:16:40.145+0000] {logging_mixin.py:190} INFO - [2025-05-31T18:16:40.145+0000] {dagbag.py:588} INFO - Filling up the DagBag from /opt/airflow/dags/spark_example.py
[2025-05-31T18:16:40.676+0000] {processor.py:925} INFO - DAG(s) 'spark_example' retrieved from /opt/airflow/dags/spark_example.py
[2025-05-31T18:16:40.702+0000] {logging_mixin.py:190} INFO - [2025-05-31T18:16:40.702+0000] {dag.py:3239} INFO - Sync 1 DAGs
[2025-05-31T18:16:40.718+0000] {logging_mixin.py:190} INFO - [2025-05-31T18:16:40.717+0000] {dag.py:4180} INFO - Setting next_dagrun for spark_example to None, run_after=None
[2025-05-31T18:16:40.738+0000] {processor.py:208} INFO - Processing /opt/airflow/dags/spark_example.py took 0.604 seconds
[2025-05-31T18:17:10.951+0000] {processor.py:186} INFO - Started process (PID=504) to work on /opt/airflow/dags/spark_example.py
[2025-05-31T18:17:10.952+0000] {processor.py:914} INFO - Processing file /opt/airflow/dags/spark_example.py for tasks to queue
[2025-05-31T18:17:10.955+0000] {logging_mixin.py:190} INFO - [2025-05-31T18:17:10.955+0000] {dagbag.py:588} INFO - Filling up the DagBag from /opt/airflow/dags/spark_example.py
[2025-05-31T18:17:11.499+0000] {processor.py:925} INFO - DAG(s) 'spark_example' retrieved from /opt/airflow/dags/spark_example.py
[2025-05-31T18:17:11.525+0000] {logging_mixin.py:190} INFO - [2025-05-31T18:17:11.524+0000] {dag.py:3239} INFO - Sync 1 DAGs
[2025-05-31T18:17:11.540+0000] {logging_mixin.py:190} INFO - [2025-05-31T18:17:11.540+0000] {dag.py:4180} INFO - Setting next_dagrun for spark_example to None, run_after=None
[2025-05-31T18:17:11.557+0000] {processor.py:208} INFO - Processing /opt/airflow/dags/spark_example.py took 0.614 seconds
[2025-05-31T18:17:41.684+0000] {processor.py:186} INFO - Started process (PID=518) to work on /opt/airflow/dags/spark_example.py
[2025-05-31T18:17:41.686+0000] {processor.py:914} INFO - Processing file /opt/airflow/dags/spark_example.py for tasks to queue
[2025-05-31T18:17:41.688+0000] {logging_mixin.py:190} INFO - [2025-05-31T18:17:41.688+0000] {dagbag.py:588} INFO - Filling up the DagBag from /opt/airflow/dags/spark_example.py
[2025-05-31T18:17:42.219+0000] {processor.py:925} INFO - DAG(s) 'spark_example' retrieved from /opt/airflow/dags/spark_example.py
[2025-05-31T18:17:42.244+0000] {logging_mixin.py:190} INFO - [2025-05-31T18:17:42.244+0000] {dag.py:3239} INFO - Sync 1 DAGs
[2025-05-31T18:17:42.260+0000] {logging_mixin.py:190} INFO - [2025-05-31T18:17:42.260+0000] {dag.py:4180} INFO - Setting next_dagrun for spark_example to None, run_after=None
[2025-05-31T18:17:42.278+0000] {processor.py:208} INFO - Processing /opt/airflow/dags/spark_example.py took 0.601 seconds
[2025-05-31T18:18:12.424+0000] {processor.py:186} INFO - Started process (PID=531) to work on /opt/airflow/dags/spark_example.py
[2025-05-31T18:18:12.425+0000] {processor.py:914} INFO - Processing file /opt/airflow/dags/spark_example.py for tasks to queue
[2025-05-31T18:18:12.427+0000] {logging_mixin.py:190} INFO - [2025-05-31T18:18:12.427+0000] {dagbag.py:588} INFO - Filling up the DagBag from /opt/airflow/dags/spark_example.py
[2025-05-31T18:18:12.969+0000] {processor.py:925} INFO - DAG(s) 'spark_example' retrieved from /opt/airflow/dags/spark_example.py
[2025-05-31T18:18:12.994+0000] {logging_mixin.py:190} INFO - [2025-05-31T18:18:12.993+0000] {dag.py:3239} INFO - Sync 1 DAGs
[2025-05-31T18:18:13.010+0000] {logging_mixin.py:190} INFO - [2025-05-31T18:18:13.010+0000] {dag.py:4180} INFO - Setting next_dagrun for spark_example to None, run_after=None
[2025-05-31T18:18:13.029+0000] {processor.py:208} INFO - Processing /opt/airflow/dags/spark_example.py took 0.613 seconds
[2025-05-31T18:18:43.170+0000] {processor.py:186} INFO - Started process (PID=544) to work on /opt/airflow/dags/spark_example.py
[2025-05-31T18:18:43.171+0000] {processor.py:914} INFO - Processing file /opt/airflow/dags/spark_example.py for tasks to queue
[2025-05-31T18:18:43.175+0000] {logging_mixin.py:190} INFO - [2025-05-31T18:18:43.174+0000] {dagbag.py:588} INFO - Filling up the DagBag from /opt/airflow/dags/spark_example.py
[2025-05-31T18:18:43.708+0000] {processor.py:925} INFO - DAG(s) 'spark_example' retrieved from /opt/airflow/dags/spark_example.py
[2025-05-31T18:18:43.732+0000] {logging_mixin.py:190} INFO - [2025-05-31T18:18:43.731+0000] {dag.py:3239} INFO - Sync 1 DAGs
[2025-05-31T18:18:43.748+0000] {logging_mixin.py:190} INFO - [2025-05-31T18:18:43.748+0000] {dag.py:4180} INFO - Setting next_dagrun for spark_example to None, run_after=None
[2025-05-31T18:18:43.955+0000] {processor.py:208} INFO - Processing /opt/airflow/dags/spark_example.py took 0.793 seconds
[2025-05-31T18:19:14.431+0000] {processor.py:186} INFO - Started process (PID=557) to work on /opt/airflow/dags/spark_example.py
[2025-05-31T18:19:14.432+0000] {processor.py:914} INFO - Processing file /opt/airflow/dags/spark_example.py for tasks to queue
[2025-05-31T18:19:14.435+0000] {logging_mixin.py:190} INFO - [2025-05-31T18:19:14.434+0000] {dagbag.py:588} INFO - Filling up the DagBag from /opt/airflow/dags/spark_example.py
[2025-05-31T18:19:14.981+0000] {processor.py:925} INFO - DAG(s) 'spark_example' retrieved from /opt/airflow/dags/spark_example.py
[2025-05-31T18:19:15.006+0000] {logging_mixin.py:190} INFO - [2025-05-31T18:19:15.006+0000] {dag.py:3239} INFO - Sync 1 DAGs
[2025-05-31T18:19:15.022+0000] {logging_mixin.py:190} INFO - [2025-05-31T18:19:15.022+0000] {dag.py:4180} INFO - Setting next_dagrun for spark_example to None, run_after=None
[2025-05-31T18:19:15.039+0000] {processor.py:208} INFO - Processing /opt/airflow/dags/spark_example.py took 0.616 seconds
[2025-05-31T18:19:45.619+0000] {processor.py:186} INFO - Started process (PID=570) to work on /opt/airflow/dags/spark_example.py
[2025-05-31T18:19:45.621+0000] {processor.py:914} INFO - Processing file /opt/airflow/dags/spark_example.py for tasks to queue
[2025-05-31T18:19:45.623+0000] {logging_mixin.py:190} INFO - [2025-05-31T18:19:45.623+0000] {dagbag.py:588} INFO - Filling up the DagBag from /opt/airflow/dags/spark_example.py
[2025-05-31T18:19:46.146+0000] {processor.py:925} INFO - DAG(s) 'spark_example' retrieved from /opt/airflow/dags/spark_example.py
[2025-05-31T18:19:46.170+0000] {logging_mixin.py:190} INFO - [2025-05-31T18:19:46.169+0000] {dag.py:3239} INFO - Sync 1 DAGs
[2025-05-31T18:19:46.185+0000] {logging_mixin.py:190} INFO - [2025-05-31T18:19:46.184+0000] {dag.py:4180} INFO - Setting next_dagrun for spark_example to None, run_after=None
[2025-05-31T18:19:46.202+0000] {processor.py:208} INFO - Processing /opt/airflow/dags/spark_example.py took 0.591 seconds
[2025-05-31T18:20:16.500+0000] {processor.py:186} INFO - Started process (PID=583) to work on /opt/airflow/dags/spark_example.py
[2025-05-31T18:20:16.501+0000] {processor.py:914} INFO - Processing file /opt/airflow/dags/spark_example.py for tasks to queue
[2025-05-31T18:20:16.504+0000] {logging_mixin.py:190} INFO - [2025-05-31T18:20:16.503+0000] {dagbag.py:588} INFO - Filling up the DagBag from /opt/airflow/dags/spark_example.py
[2025-05-31T18:20:17.039+0000] {processor.py:925} INFO - DAG(s) 'spark_example' retrieved from /opt/airflow/dags/spark_example.py
[2025-05-31T18:20:17.062+0000] {logging_mixin.py:190} INFO - [2025-05-31T18:20:17.062+0000] {dag.py:3239} INFO - Sync 1 DAGs
[2025-05-31T18:20:17.077+0000] {logging_mixin.py:190} INFO - [2025-05-31T18:20:17.077+0000] {dag.py:4180} INFO - Setting next_dagrun for spark_example to None, run_after=None
[2025-05-31T18:20:17.095+0000] {processor.py:208} INFO - Processing /opt/airflow/dags/spark_example.py took 0.602 seconds
[2025-05-31T18:20:47.676+0000] {processor.py:186} INFO - Started process (PID=596) to work on /opt/airflow/dags/spark_example.py
[2025-05-31T18:20:47.677+0000] {processor.py:914} INFO - Processing file /opt/airflow/dags/spark_example.py for tasks to queue
[2025-05-31T18:20:47.680+0000] {logging_mixin.py:190} INFO - [2025-05-31T18:20:47.680+0000] {dagbag.py:588} INFO - Filling up the DagBag from /opt/airflow/dags/spark_example.py
[2025-05-31T18:20:48.227+0000] {processor.py:925} INFO - DAG(s) 'spark_example' retrieved from /opt/airflow/dags/spark_example.py
[2025-05-31T18:20:48.252+0000] {logging_mixin.py:190} INFO - [2025-05-31T18:20:48.251+0000] {dag.py:3239} INFO - Sync 1 DAGs
[2025-05-31T18:20:48.266+0000] {logging_mixin.py:190} INFO - [2025-05-31T18:20:48.266+0000] {dag.py:4180} INFO - Setting next_dagrun for spark_example to None, run_after=None
[2025-05-31T18:20:48.285+0000] {processor.py:208} INFO - Processing /opt/airflow/dags/spark_example.py took 0.617 seconds
[2025-05-31T18:21:18.501+0000] {processor.py:186} INFO - Started process (PID=609) to work on /opt/airflow/dags/spark_example.py
[2025-05-31T18:21:18.502+0000] {processor.py:914} INFO - Processing file /opt/airflow/dags/spark_example.py for tasks to queue
[2025-05-31T18:21:18.505+0000] {logging_mixin.py:190} INFO - [2025-05-31T18:21:18.504+0000] {dagbag.py:588} INFO - Filling up the DagBag from /opt/airflow/dags/spark_example.py
[2025-05-31T18:21:19.032+0000] {processor.py:925} INFO - DAG(s) 'spark_example' retrieved from /opt/airflow/dags/spark_example.py
[2025-05-31T18:21:19.056+0000] {logging_mixin.py:190} INFO - [2025-05-31T18:21:19.055+0000] {dag.py:3239} INFO - Sync 1 DAGs
[2025-05-31T18:21:19.073+0000] {logging_mixin.py:190} INFO - [2025-05-31T18:21:19.072+0000] {dag.py:4180} INFO - Setting next_dagrun for spark_example to None, run_after=None
[2025-05-31T18:21:19.275+0000] {processor.py:208} INFO - Processing /opt/airflow/dags/spark_example.py took 0.782 seconds
[2025-05-31T18:21:49.773+0000] {processor.py:186} INFO - Started process (PID=622) to work on /opt/airflow/dags/spark_example.py
[2025-05-31T18:21:49.775+0000] {processor.py:914} INFO - Processing file /opt/airflow/dags/spark_example.py for tasks to queue
[2025-05-31T18:21:49.778+0000] {logging_mixin.py:190} INFO - [2025-05-31T18:21:49.777+0000] {dagbag.py:588} INFO - Filling up the DagBag from /opt/airflow/dags/spark_example.py
[2025-05-31T18:21:50.308+0000] {processor.py:925} INFO - DAG(s) 'spark_example' retrieved from /opt/airflow/dags/spark_example.py
[2025-05-31T18:21:50.333+0000] {logging_mixin.py:190} INFO - [2025-05-31T18:21:50.332+0000] {dag.py:3239} INFO - Sync 1 DAGs
[2025-05-31T18:21:50.348+0000] {logging_mixin.py:190} INFO - [2025-05-31T18:21:50.348+0000] {dag.py:4180} INFO - Setting next_dagrun for spark_example to None, run_after=None
[2025-05-31T18:21:50.365+0000] {processor.py:208} INFO - Processing /opt/airflow/dags/spark_example.py took 0.599 seconds
[2025-05-31T18:22:20.966+0000] {processor.py:186} INFO - Started process (PID=635) to work on /opt/airflow/dags/spark_example.py
[2025-05-31T18:22:20.967+0000] {processor.py:914} INFO - Processing file /opt/airflow/dags/spark_example.py for tasks to queue
[2025-05-31T18:22:20.970+0000] {logging_mixin.py:190} INFO - [2025-05-31T18:22:20.970+0000] {dagbag.py:588} INFO - Filling up the DagBag from /opt/airflow/dags/spark_example.py
[2025-05-31T18:22:21.497+0000] {processor.py:925} INFO - DAG(s) 'spark_example' retrieved from /opt/airflow/dags/spark_example.py
[2025-05-31T18:22:21.522+0000] {logging_mixin.py:190} INFO - [2025-05-31T18:22:21.522+0000] {dag.py:3239} INFO - Sync 1 DAGs
[2025-05-31T18:22:21.537+0000] {logging_mixin.py:190} INFO - [2025-05-31T18:22:21.537+0000] {dag.py:4180} INFO - Setting next_dagrun for spark_example to None, run_after=None
[2025-05-31T18:22:21.555+0000] {processor.py:208} INFO - Processing /opt/airflow/dags/spark_example.py took 0.596 seconds
[2025-05-31T18:22:51.763+0000] {processor.py:186} INFO - Started process (PID=648) to work on /opt/airflow/dags/spark_example.py
[2025-05-31T18:22:51.764+0000] {processor.py:914} INFO - Processing file /opt/airflow/dags/spark_example.py for tasks to queue
[2025-05-31T18:22:51.766+0000] {logging_mixin.py:190} INFO - [2025-05-31T18:22:51.766+0000] {dagbag.py:588} INFO - Filling up the DagBag from /opt/airflow/dags/spark_example.py
[2025-05-31T18:22:52.304+0000] {processor.py:925} INFO - DAG(s) 'spark_example' retrieved from /opt/airflow/dags/spark_example.py
[2025-05-31T18:22:52.329+0000] {logging_mixin.py:190} INFO - [2025-05-31T18:22:52.329+0000] {dag.py:3239} INFO - Sync 1 DAGs
[2025-05-31T18:22:52.344+0000] {logging_mixin.py:190} INFO - [2025-05-31T18:22:52.344+0000] {dag.py:4180} INFO - Setting next_dagrun for spark_example to None, run_after=None
[2025-05-31T18:22:52.362+0000] {processor.py:208} INFO - Processing /opt/airflow/dags/spark_example.py took 0.607 seconds
[2025-05-31T18:23:22.500+0000] {processor.py:186} INFO - Started process (PID=661) to work on /opt/airflow/dags/spark_example.py
[2025-05-31T18:23:22.501+0000] {processor.py:914} INFO - Processing file /opt/airflow/dags/spark_example.py for tasks to queue
[2025-05-31T18:23:22.504+0000] {logging_mixin.py:190} INFO - [2025-05-31T18:23:22.504+0000] {dagbag.py:588} INFO - Filling up the DagBag from /opt/airflow/dags/spark_example.py
[2025-05-31T18:23:23.047+0000] {processor.py:925} INFO - DAG(s) 'spark_example' retrieved from /opt/airflow/dags/spark_example.py
[2025-05-31T18:23:23.071+0000] {logging_mixin.py:190} INFO - [2025-05-31T18:23:23.070+0000] {dag.py:3239} INFO - Sync 1 DAGs
[2025-05-31T18:23:23.086+0000] {logging_mixin.py:190} INFO - [2025-05-31T18:23:23.086+0000] {dag.py:4180} INFO - Setting next_dagrun for spark_example to None, run_after=None
[2025-05-31T18:23:23.105+0000] {processor.py:208} INFO - Processing /opt/airflow/dags/spark_example.py took 0.614 seconds
[2025-05-31T18:23:53.766+0000] {processor.py:186} INFO - Started process (PID=674) to work on /opt/airflow/dags/spark_example.py
[2025-05-31T18:23:53.767+0000] {processor.py:914} INFO - Processing file /opt/airflow/dags/spark_example.py for tasks to queue
[2025-05-31T18:23:53.770+0000] {logging_mixin.py:190} INFO - [2025-05-31T18:23:53.770+0000] {dagbag.py:588} INFO - Filling up the DagBag from /opt/airflow/dags/spark_example.py
[2025-05-31T18:23:54.294+0000] {processor.py:925} INFO - DAG(s) 'spark_example' retrieved from /opt/airflow/dags/spark_example.py
[2025-05-31T18:23:54.317+0000] {logging_mixin.py:190} INFO - [2025-05-31T18:23:54.317+0000] {dag.py:3239} INFO - Sync 1 DAGs
[2025-05-31T18:23:54.333+0000] {logging_mixin.py:190} INFO - [2025-05-31T18:23:54.333+0000] {dag.py:4180} INFO - Setting next_dagrun for spark_example to None, run_after=None
[2025-05-31T18:23:54.536+0000] {processor.py:208} INFO - Processing /opt/airflow/dags/spark_example.py took 0.777 seconds
[2025-05-31T18:24:25.283+0000] {processor.py:186} INFO - Started process (PID=687) to work on /opt/airflow/dags/spark_example.py
[2025-05-31T18:24:25.285+0000] {processor.py:914} INFO - Processing file /opt/airflow/dags/spark_example.py for tasks to queue
[2025-05-31T18:24:25.287+0000] {logging_mixin.py:190} INFO - [2025-05-31T18:24:25.287+0000] {dagbag.py:588} INFO - Filling up the DagBag from /opt/airflow/dags/spark_example.py
[2025-05-31T18:24:25.815+0000] {processor.py:925} INFO - DAG(s) 'spark_example' retrieved from /opt/airflow/dags/spark_example.py
[2025-05-31T18:24:25.839+0000] {logging_mixin.py:190} INFO - [2025-05-31T18:24:25.838+0000] {dag.py:3239} INFO - Sync 1 DAGs
[2025-05-31T18:24:26.040+0000] {logging_mixin.py:190} INFO - [2025-05-31T18:24:26.040+0000] {dag.py:4180} INFO - Setting next_dagrun for spark_example to None, run_after=None
[2025-05-31T18:24:26.055+0000] {processor.py:208} INFO - Processing /opt/airflow/dags/spark_example.py took 0.779 seconds
[2025-05-31T18:24:56.273+0000] {processor.py:186} INFO - Started process (PID=700) to work on /opt/airflow/dags/spark_example.py
[2025-05-31T18:24:56.274+0000] {processor.py:914} INFO - Processing file /opt/airflow/dags/spark_example.py for tasks to queue
[2025-05-31T18:24:56.277+0000] {logging_mixin.py:190} INFO - [2025-05-31T18:24:56.276+0000] {dagbag.py:588} INFO - Filling up the DagBag from /opt/airflow/dags/spark_example.py
[2025-05-31T18:24:56.805+0000] {processor.py:925} INFO - DAG(s) 'spark_example' retrieved from /opt/airflow/dags/spark_example.py
[2025-05-31T18:24:56.831+0000] {logging_mixin.py:190} INFO - [2025-05-31T18:24:56.830+0000] {dag.py:3239} INFO - Sync 1 DAGs
[2025-05-31T18:24:56.846+0000] {logging_mixin.py:190} INFO - [2025-05-31T18:24:56.846+0000] {dag.py:4180} INFO - Setting next_dagrun for spark_example to None, run_after=None
[2025-05-31T18:24:56.864+0000] {processor.py:208} INFO - Processing /opt/airflow/dags/spark_example.py took 0.598 seconds
[2025-05-31T18:25:27.062+0000] {processor.py:186} INFO - Started process (PID=713) to work on /opt/airflow/dags/spark_example.py
[2025-05-31T18:25:27.064+0000] {processor.py:914} INFO - Processing file /opt/airflow/dags/spark_example.py for tasks to queue
[2025-05-31T18:25:27.067+0000] {logging_mixin.py:190} INFO - [2025-05-31T18:25:27.066+0000] {dagbag.py:588} INFO - Filling up the DagBag from /opt/airflow/dags/spark_example.py
[2025-05-31T18:25:27.601+0000] {processor.py:925} INFO - DAG(s) 'spark_example' retrieved from /opt/airflow/dags/spark_example.py
[2025-05-31T18:25:27.632+0000] {logging_mixin.py:190} INFO - [2025-05-31T18:25:27.631+0000] {dag.py:3239} INFO - Sync 1 DAGs
[2025-05-31T18:25:27.648+0000] {logging_mixin.py:190} INFO - [2025-05-31T18:25:27.647+0000] {dag.py:4180} INFO - Setting next_dagrun for spark_example to None, run_after=None
[2025-05-31T18:25:27.665+0000] {processor.py:208} INFO - Processing /opt/airflow/dags/spark_example.py took 0.611 seconds
[2025-05-31T18:25:57.790+0000] {processor.py:186} INFO - Started process (PID=726) to work on /opt/airflow/dags/spark_example.py
[2025-05-31T18:25:57.791+0000] {processor.py:914} INFO - Processing file /opt/airflow/dags/spark_example.py for tasks to queue
[2025-05-31T18:25:57.794+0000] {logging_mixin.py:190} INFO - [2025-05-31T18:25:57.793+0000] {dagbag.py:588} INFO - Filling up the DagBag from /opt/airflow/dags/spark_example.py
[2025-05-31T18:25:58.321+0000] {processor.py:925} INFO - DAG(s) 'spark_example' retrieved from /opt/airflow/dags/spark_example.py
[2025-05-31T18:25:58.346+0000] {logging_mixin.py:190} INFO - [2025-05-31T18:25:58.346+0000] {dag.py:3239} INFO - Sync 1 DAGs
[2025-05-31T18:25:58.362+0000] {logging_mixin.py:190} INFO - [2025-05-31T18:25:58.361+0000] {dag.py:4180} INFO - Setting next_dagrun for spark_example to None, run_after=None
[2025-05-31T18:25:58.380+0000] {processor.py:208} INFO - Processing /opt/airflow/dags/spark_example.py took 0.598 seconds
[2025-05-31T18:26:28.527+0000] {processor.py:186} INFO - Started process (PID=739) to work on /opt/airflow/dags/spark_example.py
[2025-05-31T18:26:28.528+0000] {processor.py:914} INFO - Processing file /opt/airflow/dags/spark_example.py for tasks to queue
[2025-05-31T18:26:28.532+0000] {logging_mixin.py:190} INFO - [2025-05-31T18:26:28.532+0000] {dagbag.py:588} INFO - Filling up the DagBag from /opt/airflow/dags/spark_example.py
[2025-05-31T18:26:29.076+0000] {processor.py:925} INFO - DAG(s) 'spark_example' retrieved from /opt/airflow/dags/spark_example.py
[2025-05-31T18:26:29.100+0000] {logging_mixin.py:190} INFO - [2025-05-31T18:26:29.099+0000] {dag.py:3239} INFO - Sync 1 DAGs
[2025-05-31T18:26:29.117+0000] {logging_mixin.py:190} INFO - [2025-05-31T18:26:29.116+0000] {dag.py:4180} INFO - Setting next_dagrun for spark_example to None, run_after=None
[2025-05-31T18:26:29.323+0000] {processor.py:208} INFO - Processing /opt/airflow/dags/spark_example.py took 0.804 seconds
[2025-05-31T18:26:59.800+0000] {processor.py:186} INFO - Started process (PID=752) to work on /opt/airflow/dags/spark_example.py
[2025-05-31T18:26:59.800+0000] {processor.py:914} INFO - Processing file /opt/airflow/dags/spark_example.py for tasks to queue
[2025-05-31T18:26:59.803+0000] {logging_mixin.py:190} INFO - [2025-05-31T18:26:59.803+0000] {dagbag.py:588} INFO - Filling up the DagBag from /opt/airflow/dags/spark_example.py
[2025-05-31T18:27:00.346+0000] {processor.py:925} INFO - DAG(s) 'spark_example' retrieved from /opt/airflow/dags/spark_example.py
[2025-05-31T18:27:00.371+0000] {logging_mixin.py:190} INFO - [2025-05-31T18:27:00.370+0000] {dag.py:3239} INFO - Sync 1 DAGs
[2025-05-31T18:27:00.571+0000] {logging_mixin.py:190} INFO - [2025-05-31T18:27:00.571+0000] {dag.py:4180} INFO - Setting next_dagrun for spark_example to None, run_after=None
[2025-05-31T18:27:00.587+0000] {processor.py:208} INFO - Processing /opt/airflow/dags/spark_example.py took 0.795 seconds
[2025-05-31T18:27:30.989+0000] {processor.py:186} INFO - Started process (PID=765) to work on /opt/airflow/dags/spark_example.py
[2025-05-31T18:27:30.991+0000] {processor.py:914} INFO - Processing file /opt/airflow/dags/spark_example.py for tasks to queue
[2025-05-31T18:27:30.993+0000] {logging_mixin.py:190} INFO - [2025-05-31T18:27:30.993+0000] {dagbag.py:588} INFO - Filling up the DagBag from /opt/airflow/dags/spark_example.py
[2025-05-31T18:27:31.522+0000] {processor.py:925} INFO - DAG(s) 'spark_example' retrieved from /opt/airflow/dags/spark_example.py
[2025-05-31T18:27:31.546+0000] {logging_mixin.py:190} INFO - [2025-05-31T18:27:31.546+0000] {dag.py:3239} INFO - Sync 1 DAGs
[2025-05-31T18:27:31.561+0000] {logging_mixin.py:190} INFO - [2025-05-31T18:27:31.561+0000] {dag.py:4180} INFO - Setting next_dagrun for spark_example to None, run_after=None
[2025-05-31T18:27:31.578+0000] {processor.py:208} INFO - Processing /opt/airflow/dags/spark_example.py took 0.596 seconds
[2025-05-31T18:28:01.784+0000] {processor.py:186} INFO - Started process (PID=778) to work on /opt/airflow/dags/spark_example.py
[2025-05-31T18:28:01.785+0000] {processor.py:914} INFO - Processing file /opt/airflow/dags/spark_example.py for tasks to queue
[2025-05-31T18:28:01.788+0000] {logging_mixin.py:190} INFO - [2025-05-31T18:28:01.787+0000] {dagbag.py:588} INFO - Filling up the DagBag from /opt/airflow/dags/spark_example.py
[2025-05-31T18:28:02.328+0000] {processor.py:925} INFO - DAG(s) 'spark_example' retrieved from /opt/airflow/dags/spark_example.py
[2025-05-31T18:28:02.352+0000] {logging_mixin.py:190} INFO - [2025-05-31T18:28:02.352+0000] {dag.py:3239} INFO - Sync 1 DAGs
[2025-05-31T18:28:02.367+0000] {logging_mixin.py:190} INFO - [2025-05-31T18:28:02.367+0000] {dag.py:4180} INFO - Setting next_dagrun for spark_example to None, run_after=None
[2025-05-31T18:28:02.385+0000] {processor.py:208} INFO - Processing /opt/airflow/dags/spark_example.py took 0.609 seconds
[2025-05-31T18:28:33.050+0000] {processor.py:186} INFO - Started process (PID=791) to work on /opt/airflow/dags/spark_example.py
[2025-05-31T18:28:33.052+0000] {processor.py:914} INFO - Processing file /opt/airflow/dags/spark_example.py for tasks to queue
[2025-05-31T18:28:33.055+0000] {logging_mixin.py:190} INFO - [2025-05-31T18:28:33.054+0000] {dagbag.py:588} INFO - Filling up the DagBag from /opt/airflow/dags/spark_example.py
[2025-05-31T18:28:33.585+0000] {processor.py:925} INFO - DAG(s) 'spark_example' retrieved from /opt/airflow/dags/spark_example.py
[2025-05-31T18:28:33.608+0000] {logging_mixin.py:190} INFO - [2025-05-31T18:28:33.607+0000] {dag.py:3239} INFO - Sync 1 DAGs
[2025-05-31T18:28:33.623+0000] {logging_mixin.py:190} INFO - [2025-05-31T18:28:33.623+0000] {dag.py:4180} INFO - Setting next_dagrun for spark_example to None, run_after=None
[2025-05-31T18:28:33.642+0000] {processor.py:208} INFO - Processing /opt/airflow/dags/spark_example.py took 0.599 seconds
[2025-05-31T18:29:04.405+0000] {processor.py:186} INFO - Started process (PID=804) to work on /opt/airflow/dags/spark_example.py
[2025-05-31T18:29:04.406+0000] {processor.py:914} INFO - Processing file /opt/airflow/dags/spark_example.py for tasks to queue
[2025-05-31T18:29:04.409+0000] {logging_mixin.py:190} INFO - [2025-05-31T18:29:04.408+0000] {dagbag.py:588} INFO - Filling up the DagBag from /opt/airflow/dags/spark_example.py
[2025-05-31T18:29:04.938+0000] {processor.py:925} INFO - DAG(s) 'spark_example' retrieved from /opt/airflow/dags/spark_example.py
[2025-05-31T18:29:04.963+0000] {logging_mixin.py:190} INFO - [2025-05-31T18:29:04.962+0000] {dag.py:3239} INFO - Sync 1 DAGs
[2025-05-31T18:29:05.174+0000] {logging_mixin.py:190} INFO - [2025-05-31T18:29:05.174+0000] {dag.py:4180} INFO - Setting next_dagrun for spark_example to None, run_after=None
[2025-05-31T18:29:05.191+0000] {processor.py:208} INFO - Processing /opt/airflow/dags/spark_example.py took 0.793 seconds
[2025-05-31T18:29:35.403+0000] {processor.py:186} INFO - Started process (PID=817) to work on /opt/airflow/dags/spark_example.py
[2025-05-31T18:29:35.404+0000] {processor.py:914} INFO - Processing file /opt/airflow/dags/spark_example.py for tasks to queue
[2025-05-31T18:29:35.407+0000] {logging_mixin.py:190} INFO - [2025-05-31T18:29:35.407+0000] {dagbag.py:588} INFO - Filling up the DagBag from /opt/airflow/dags/spark_example.py
[2025-05-31T18:29:35.940+0000] {processor.py:925} INFO - DAG(s) 'spark_example' retrieved from /opt/airflow/dags/spark_example.py
[2025-05-31T18:29:35.965+0000] {logging_mixin.py:190} INFO - [2025-05-31T18:29:35.964+0000] {dag.py:3239} INFO - Sync 1 DAGs
[2025-05-31T18:29:36.168+0000] {logging_mixin.py:190} INFO - [2025-05-31T18:29:36.168+0000] {dag.py:4180} INFO - Setting next_dagrun for spark_example to None, run_after=None
[2025-05-31T18:29:36.184+0000] {processor.py:208} INFO - Processing /opt/airflow/dags/spark_example.py took 0.789 seconds
[2025-05-31T18:30:06.686+0000] {processor.py:186} INFO - Started process (PID=830) to work on /opt/airflow/dags/spark_example.py
[2025-05-31T18:30:06.687+0000] {processor.py:914} INFO - Processing file /opt/airflow/dags/spark_example.py for tasks to queue
[2025-05-31T18:30:06.690+0000] {logging_mixin.py:190} INFO - [2025-05-31T18:30:06.690+0000] {dagbag.py:588} INFO - Filling up the DagBag from /opt/airflow/dags/spark_example.py
[2025-05-31T18:30:07.227+0000] {processor.py:925} INFO - DAG(s) 'spark_example' retrieved from /opt/airflow/dags/spark_example.py
[2025-05-31T18:30:07.250+0000] {logging_mixin.py:190} INFO - [2025-05-31T18:30:07.250+0000] {dag.py:3239} INFO - Sync 1 DAGs
[2025-05-31T18:30:07.265+0000] {logging_mixin.py:190} INFO - [2025-05-31T18:30:07.265+0000] {dag.py:4180} INFO - Setting next_dagrun for spark_example to None, run_after=None
[2025-05-31T18:30:07.282+0000] {processor.py:208} INFO - Processing /opt/airflow/dags/spark_example.py took 0.603 seconds
[2025-05-31T18:30:37.874+0000] {processor.py:186} INFO - Started process (PID=843) to work on /opt/airflow/dags/spark_example.py
[2025-05-31T18:30:37.875+0000] {processor.py:914} INFO - Processing file /opt/airflow/dags/spark_example.py for tasks to queue
[2025-05-31T18:30:37.877+0000] {logging_mixin.py:190} INFO - [2025-05-31T18:30:37.877+0000] {dagbag.py:588} INFO - Filling up the DagBag from /opt/airflow/dags/spark_example.py
[2025-05-31T18:30:38.404+0000] {processor.py:925} INFO - DAG(s) 'spark_example' retrieved from /opt/airflow/dags/spark_example.py
[2025-05-31T18:30:38.428+0000] {logging_mixin.py:190} INFO - [2025-05-31T18:30:38.428+0000] {dag.py:3239} INFO - Sync 1 DAGs
[2025-05-31T18:30:38.443+0000] {logging_mixin.py:190} INFO - [2025-05-31T18:30:38.443+0000] {dag.py:4180} INFO - Setting next_dagrun for spark_example to None, run_after=None
[2025-05-31T18:30:38.460+0000] {processor.py:208} INFO - Processing /opt/airflow/dags/spark_example.py took 0.594 seconds
