[2025-04-02T20:43:15.917+0000] {processor.py:186} INFO - Started process (PID=66) to work on /opt/airflow/dags/bank_transactions.py
[2025-04-02T20:43:15.919+0000] {processor.py:914} INFO - Processing file /opt/airflow/dags/bank_transactions.py for tasks to queue
[2025-04-02T20:43:15.924+0000] {logging_mixin.py:190} INFO - [2025-04-02T20:43:15.923+0000] {dagbag.py:588} INFO - Filling up the DagBag from /opt/airflow/dags/bank_transactions.py
[2025-04-02T20:43:17.889+0000] {processor.py:925} INFO - DAG(s) 'pyspark_test_work' retrieved from /opt/airflow/dags/bank_transactions.py
[2025-04-02T20:43:17.944+0000] {logging_mixin.py:190} INFO - [2025-04-02T20:43:17.943+0000] {dag.py:3239} INFO - Sync 1 DAGs
[2025-04-02T20:43:17.969+0000] {logging_mixin.py:190} INFO - [2025-04-02T20:43:17.969+0000] {dag.py:4180} INFO - Setting next_dagrun for pyspark_test_work to None, run_after=None
[2025-04-02T20:43:18.027+0000] {processor.py:208} INFO - Processing /opt/airflow/dags/bank_transactions.py took 2.120 seconds
[2025-04-02T20:43:48.242+0000] {processor.py:186} INFO - Started process (PID=79) to work on /opt/airflow/dags/bank_transactions.py
[2025-04-02T20:43:48.243+0000] {processor.py:914} INFO - Processing file /opt/airflow/dags/bank_transactions.py for tasks to queue
[2025-04-02T20:43:48.250+0000] {logging_mixin.py:190} INFO - [2025-04-02T20:43:48.250+0000] {dagbag.py:588} INFO - Filling up the DagBag from /opt/airflow/dags/bank_transactions.py
[2025-04-02T20:43:49.183+0000] {processor.py:925} INFO - DAG(s) 'pyspark_test_work' retrieved from /opt/airflow/dags/bank_transactions.py
[2025-04-02T20:43:49.205+0000] {logging_mixin.py:190} INFO - [2025-04-02T20:43:49.205+0000] {dag.py:3239} INFO - Sync 1 DAGs
[2025-04-02T20:43:49.222+0000] {logging_mixin.py:190} INFO - [2025-04-02T20:43:49.221+0000] {dag.py:4180} INFO - Setting next_dagrun for pyspark_test_work to None, run_after=None
[2025-04-02T20:43:49.242+0000] {processor.py:208} INFO - Processing /opt/airflow/dags/bank_transactions.py took 1.007 seconds
[2025-04-02T20:44:19.474+0000] {processor.py:186} INFO - Started process (PID=92) to work on /opt/airflow/dags/bank_transactions.py
[2025-04-02T20:44:19.525+0000] {processor.py:914} INFO - Processing file /opt/airflow/dags/bank_transactions.py for tasks to queue
[2025-04-02T20:44:19.528+0000] {logging_mixin.py:190} INFO - [2025-04-02T20:44:19.527+0000] {dagbag.py:588} INFO - Filling up the DagBag from /opt/airflow/dags/bank_transactions.py
[2025-04-02T20:44:20.450+0000] {processor.py:925} INFO - DAG(s) 'pyspark_test_work' retrieved from /opt/airflow/dags/bank_transactions.py
[2025-04-02T20:44:20.472+0000] {logging_mixin.py:190} INFO - [2025-04-02T20:44:20.472+0000] {dag.py:3239} INFO - Sync 1 DAGs
[2025-04-02T20:44:20.493+0000] {logging_mixin.py:190} INFO - [2025-04-02T20:44:20.492+0000] {dag.py:4180} INFO - Setting next_dagrun for pyspark_test_work to None, run_after=None
[2025-04-02T20:44:20.509+0000] {processor.py:208} INFO - Processing /opt/airflow/dags/bank_transactions.py took 1.042 seconds
[2025-04-02T20:44:50.706+0000] {processor.py:186} INFO - Started process (PID=105) to work on /opt/airflow/dags/bank_transactions.py
[2025-04-02T20:44:50.709+0000] {processor.py:914} INFO - Processing file /opt/airflow/dags/bank_transactions.py for tasks to queue
[2025-04-02T20:44:50.713+0000] {logging_mixin.py:190} INFO - [2025-04-02T20:44:50.712+0000] {dagbag.py:588} INFO - Filling up the DagBag from /opt/airflow/dags/bank_transactions.py
[2025-04-02T20:44:52.183+0000] {processor.py:925} INFO - DAG(s) 'pyspark_test_work' retrieved from /opt/airflow/dags/bank_transactions.py
[2025-04-02T20:44:52.215+0000] {logging_mixin.py:190} INFO - [2025-04-02T20:44:52.215+0000] {dag.py:3239} INFO - Sync 1 DAGs
[2025-04-02T20:44:52.234+0000] {logging_mixin.py:190} INFO - [2025-04-02T20:44:52.234+0000] {dag.py:4180} INFO - Setting next_dagrun for pyspark_test_work to None, run_after=None
[2025-04-02T20:44:52.259+0000] {processor.py:208} INFO - Processing /opt/airflow/dags/bank_transactions.py took 1.562 seconds
[2025-04-02T20:45:22.560+0000] {processor.py:186} INFO - Started process (PID=118) to work on /opt/airflow/dags/bank_transactions.py
[2025-04-02T20:45:22.562+0000] {processor.py:914} INFO - Processing file /opt/airflow/dags/bank_transactions.py for tasks to queue
[2025-04-02T20:45:22.566+0000] {logging_mixin.py:190} INFO - [2025-04-02T20:45:22.565+0000] {dagbag.py:588} INFO - Filling up the DagBag from /opt/airflow/dags/bank_transactions.py
[2025-04-02T20:45:24.028+0000] {processor.py:925} INFO - DAG(s) 'pyspark_test_work' retrieved from /opt/airflow/dags/bank_transactions.py
[2025-04-02T20:45:24.059+0000] {logging_mixin.py:190} INFO - [2025-04-02T20:45:24.058+0000] {dag.py:3239} INFO - Sync 1 DAGs
[2025-04-02T20:45:24.079+0000] {logging_mixin.py:190} INFO - [2025-04-02T20:45:24.079+0000] {dag.py:4180} INFO - Setting next_dagrun for pyspark_test_work to None, run_after=None
[2025-04-02T20:45:24.104+0000] {processor.py:208} INFO - Processing /opt/airflow/dags/bank_transactions.py took 1.553 seconds
[2025-04-02T20:45:54.366+0000] {processor.py:186} INFO - Started process (PID=132) to work on /opt/airflow/dags/bank_transactions.py
[2025-04-02T20:45:54.372+0000] {processor.py:914} INFO - Processing file /opt/airflow/dags/bank_transactions.py for tasks to queue
[2025-04-02T20:45:54.376+0000] {logging_mixin.py:190} INFO - [2025-04-02T20:45:54.375+0000] {dagbag.py:588} INFO - Filling up the DagBag from /opt/airflow/dags/bank_transactions.py
[2025-04-02T20:45:57.521+0000] {processor.py:925} INFO - DAG(s) 'pyspark_test_work' retrieved from /opt/airflow/dags/bank_transactions.py
[2025-04-02T20:45:57.665+0000] {logging_mixin.py:190} INFO - [2025-04-02T20:45:57.664+0000] {dag.py:3239} INFO - Sync 1 DAGs
[2025-04-02T20:45:57.776+0000] {logging_mixin.py:190} INFO - [2025-04-02T20:45:57.759+0000] {dag.py:4180} INFO - Setting next_dagrun for pyspark_test_work to None, run_after=None
[2025-04-02T20:45:57.885+0000] {processor.py:208} INFO - Processing /opt/airflow/dags/bank_transactions.py took 3.548 seconds
[2025-04-02T20:46:28.659+0000] {processor.py:186} INFO - Started process (PID=145) to work on /opt/airflow/dags/bank_transactions.py
[2025-04-02T20:46:28.660+0000] {processor.py:914} INFO - Processing file /opt/airflow/dags/bank_transactions.py for tasks to queue
[2025-04-02T20:46:28.852+0000] {logging_mixin.py:190} INFO - [2025-04-02T20:46:28.662+0000] {dagbag.py:588} INFO - Filling up the DagBag from /opt/airflow/dags/bank_transactions.py
[2025-04-02T20:46:29.600+0000] {processor.py:925} INFO - DAG(s) 'pyspark_test_work' retrieved from /opt/airflow/dags/bank_transactions.py
[2025-04-02T20:46:29.620+0000] {logging_mixin.py:190} INFO - [2025-04-02T20:46:29.620+0000] {dag.py:3239} INFO - Sync 1 DAGs
[2025-04-02T20:46:29.786+0000] {logging_mixin.py:190} INFO - [2025-04-02T20:46:29.785+0000] {dag.py:4180} INFO - Setting next_dagrun for pyspark_test_work to None, run_after=None
[2025-04-02T20:46:29.805+0000] {processor.py:208} INFO - Processing /opt/airflow/dags/bank_transactions.py took 1.153 seconds
[2025-04-02T20:47:00.315+0000] {processor.py:186} INFO - Started process (PID=158) to work on /opt/airflow/dags/bank_transactions.py
[2025-04-02T20:47:00.317+0000] {processor.py:914} INFO - Processing file /opt/airflow/dags/bank_transactions.py for tasks to queue
[2025-04-02T20:47:00.321+0000] {logging_mixin.py:190} INFO - [2025-04-02T20:47:00.319+0000] {dagbag.py:588} INFO - Filling up the DagBag from /opt/airflow/dags/bank_transactions.py
[2025-04-02T20:47:01.092+0000] {processor.py:925} INFO - DAG(s) 'pyspark_test_work' retrieved from /opt/airflow/dags/bank_transactions.py
[2025-04-02T20:47:01.323+0000] {logging_mixin.py:190} INFO - [2025-04-02T20:47:01.323+0000] {dag.py:3239} INFO - Sync 1 DAGs
[2025-04-02T20:47:01.339+0000] {logging_mixin.py:190} INFO - [2025-04-02T20:47:01.339+0000] {dag.py:4180} INFO - Setting next_dagrun for pyspark_test_work to None, run_after=None
[2025-04-02T20:47:01.357+0000] {processor.py:208} INFO - Processing /opt/airflow/dags/bank_transactions.py took 1.049 seconds
[2025-04-02T20:47:31.428+0000] {processor.py:186} INFO - Started process (PID=171) to work on /opt/airflow/dags/bank_transactions.py
[2025-04-02T20:47:31.431+0000] {processor.py:914} INFO - Processing file /opt/airflow/dags/bank_transactions.py for tasks to queue
[2025-04-02T20:47:31.434+0000] {logging_mixin.py:190} INFO - [2025-04-02T20:47:31.434+0000] {dagbag.py:588} INFO - Filling up the DagBag from /opt/airflow/dags/bank_transactions.py
[2025-04-02T20:47:32.203+0000] {processor.py:925} INFO - DAG(s) 'pyspark_test_work' retrieved from /opt/airflow/dags/bank_transactions.py
[2025-04-02T20:47:32.435+0000] {logging_mixin.py:190} INFO - [2025-04-02T20:47:32.435+0000] {dag.py:3239} INFO - Sync 1 DAGs
[2025-04-02T20:47:32.450+0000] {logging_mixin.py:190} INFO - [2025-04-02T20:47:32.450+0000] {dag.py:4180} INFO - Setting next_dagrun for pyspark_test_work to None, run_after=None
[2025-04-02T20:47:32.469+0000] {processor.py:208} INFO - Processing /opt/airflow/dags/bank_transactions.py took 1.049 seconds
[2025-04-02T20:48:02.772+0000] {processor.py:186} INFO - Started process (PID=184) to work on /opt/airflow/dags/bank_transactions.py
[2025-04-02T20:48:02.773+0000] {processor.py:914} INFO - Processing file /opt/airflow/dags/bank_transactions.py for tasks to queue
[2025-04-02T20:48:02.776+0000] {logging_mixin.py:190} INFO - [2025-04-02T20:48:02.775+0000] {dagbag.py:588} INFO - Filling up the DagBag from /opt/airflow/dags/bank_transactions.py
[2025-04-02T20:48:03.764+0000] {processor.py:925} INFO - DAG(s) 'pyspark_test_work' retrieved from /opt/airflow/dags/bank_transactions.py
[2025-04-02T20:48:03.785+0000] {logging_mixin.py:190} INFO - [2025-04-02T20:48:03.784+0000] {dag.py:3239} INFO - Sync 1 DAGs
[2025-04-02T20:48:03.798+0000] {logging_mixin.py:190} INFO - [2025-04-02T20:48:03.798+0000] {dag.py:4180} INFO - Setting next_dagrun for pyspark_test_work to None, run_after=None
[2025-04-02T20:48:03.815+0000] {processor.py:208} INFO - Processing /opt/airflow/dags/bank_transactions.py took 1.052 seconds
[2025-04-02T20:48:33.883+0000] {processor.py:186} INFO - Started process (PID=197) to work on /opt/airflow/dags/bank_transactions.py
[2025-04-02T20:48:33.885+0000] {processor.py:914} INFO - Processing file /opt/airflow/dags/bank_transactions.py for tasks to queue
[2025-04-02T20:48:33.888+0000] {logging_mixin.py:190} INFO - [2025-04-02T20:48:33.887+0000] {dagbag.py:588} INFO - Filling up the DagBag from /opt/airflow/dags/bank_transactions.py
[2025-04-02T20:48:34.678+0000] {processor.py:925} INFO - DAG(s) 'pyspark_test_work' retrieved from /opt/airflow/dags/bank_transactions.py
[2025-04-02T20:48:34.704+0000] {logging_mixin.py:190} INFO - [2025-04-02T20:48:34.704+0000] {dag.py:3239} INFO - Sync 1 DAGs
[2025-04-02T20:48:34.927+0000] {logging_mixin.py:190} INFO - [2025-04-02T20:48:34.927+0000] {dag.py:4180} INFO - Setting next_dagrun for pyspark_test_work to None, run_after=None
[2025-04-02T20:48:34.946+0000] {processor.py:208} INFO - Processing /opt/airflow/dags/bank_transactions.py took 1.071 seconds
[2025-04-02T20:49:05.103+0000] {processor.py:186} INFO - Started process (PID=211) to work on /opt/airflow/dags/bank_transactions.py
[2025-04-02T20:49:05.104+0000] {processor.py:914} INFO - Processing file /opt/airflow/dags/bank_transactions.py for tasks to queue
[2025-04-02T20:49:05.107+0000] {logging_mixin.py:190} INFO - [2025-04-02T20:49:05.106+0000] {dagbag.py:588} INFO - Filling up the DagBag from /opt/airflow/dags/bank_transactions.py
[2025-04-02T20:49:05.882+0000] {processor.py:925} INFO - DAG(s) 'pyspark_test_work' retrieved from /opt/airflow/dags/bank_transactions.py
[2025-04-02T20:49:05.911+0000] {logging_mixin.py:190} INFO - [2025-04-02T20:49:05.910+0000] {dag.py:3239} INFO - Sync 1 DAGs
[2025-04-02T20:49:06.130+0000] {logging_mixin.py:190} INFO - [2025-04-02T20:49:06.129+0000] {dag.py:4180} INFO - Setting next_dagrun for pyspark_test_work to None, run_after=None
[2025-04-02T20:49:06.148+0000] {processor.py:208} INFO - Processing /opt/airflow/dags/bank_transactions.py took 1.053 seconds
[2025-04-02T20:49:36.331+0000] {processor.py:186} INFO - Started process (PID=224) to work on /opt/airflow/dags/bank_transactions.py
[2025-04-02T20:49:36.334+0000] {processor.py:914} INFO - Processing file /opt/airflow/dags/bank_transactions.py for tasks to queue
[2025-04-02T20:49:36.338+0000] {logging_mixin.py:190} INFO - [2025-04-02T20:49:36.337+0000] {dagbag.py:588} INFO - Filling up the DagBag from /opt/airflow/dags/bank_transactions.py
[2025-04-02T20:49:37.110+0000] {processor.py:925} INFO - DAG(s) 'pyspark_test_work' retrieved from /opt/airflow/dags/bank_transactions.py
[2025-04-02T20:49:37.341+0000] {logging_mixin.py:190} INFO - [2025-04-02T20:49:37.340+0000] {dag.py:3239} INFO - Sync 1 DAGs
[2025-04-02T20:49:37.356+0000] {logging_mixin.py:190} INFO - [2025-04-02T20:49:37.355+0000] {dag.py:4180} INFO - Setting next_dagrun for pyspark_test_work to None, run_after=None
[2025-04-02T20:49:37.374+0000] {processor.py:208} INFO - Processing /opt/airflow/dags/bank_transactions.py took 1.051 seconds
[2025-04-02T20:50:07.556+0000] {processor.py:186} INFO - Started process (PID=237) to work on /opt/airflow/dags/bank_transactions.py
[2025-04-02T20:50:07.557+0000] {processor.py:914} INFO - Processing file /opt/airflow/dags/bank_transactions.py for tasks to queue
[2025-04-02T20:50:07.559+0000] {logging_mixin.py:190} INFO - [2025-04-02T20:50:07.559+0000] {dagbag.py:588} INFO - Filling up the DagBag from /opt/airflow/dags/bank_transactions.py
[2025-04-02T20:50:08.515+0000] {processor.py:925} INFO - DAG(s) 'pyspark_test_work' retrieved from /opt/airflow/dags/bank_transactions.py
[2025-04-02T20:50:08.538+0000] {logging_mixin.py:190} INFO - [2025-04-02T20:50:08.537+0000] {dag.py:3239} INFO - Sync 1 DAGs
[2025-04-02T20:50:08.552+0000] {logging_mixin.py:190} INFO - [2025-04-02T20:50:08.552+0000] {dag.py:4180} INFO - Setting next_dagrun for pyspark_test_work to None, run_after=None
[2025-04-02T20:50:08.570+0000] {processor.py:208} INFO - Processing /opt/airflow/dags/bank_transactions.py took 1.022 seconds
[2025-04-02T20:50:38.773+0000] {processor.py:186} INFO - Started process (PID=250) to work on /opt/airflow/dags/bank_transactions.py
[2025-04-02T20:50:38.775+0000] {processor.py:914} INFO - Processing file /opt/airflow/dags/bank_transactions.py for tasks to queue
[2025-04-02T20:50:38.778+0000] {logging_mixin.py:190} INFO - [2025-04-02T20:50:38.778+0000] {dagbag.py:588} INFO - Filling up the DagBag from /opt/airflow/dags/bank_transactions.py
[2025-04-02T20:50:39.744+0000] {processor.py:925} INFO - DAG(s) 'pyspark_test_work' retrieved from /opt/airflow/dags/bank_transactions.py
[2025-04-02T20:50:39.766+0000] {logging_mixin.py:190} INFO - [2025-04-02T20:50:39.765+0000] {dag.py:3239} INFO - Sync 1 DAGs
[2025-04-02T20:50:39.780+0000] {logging_mixin.py:190} INFO - [2025-04-02T20:50:39.779+0000] {dag.py:4180} INFO - Setting next_dagrun for pyspark_test_work to None, run_after=None
[2025-04-02T20:50:39.797+0000] {processor.py:208} INFO - Processing /opt/airflow/dags/bank_transactions.py took 1.031 seconds
[2025-04-02T20:51:09.994+0000] {processor.py:186} INFO - Started process (PID=263) to work on /opt/airflow/dags/bank_transactions.py
[2025-04-02T20:51:09.995+0000] {processor.py:914} INFO - Processing file /opt/airflow/dags/bank_transactions.py for tasks to queue
[2025-04-02T20:51:09.998+0000] {logging_mixin.py:190} INFO - [2025-04-02T20:51:09.998+0000] {dagbag.py:588} INFO - Filling up the DagBag from /opt/airflow/dags/bank_transactions.py
[2025-04-02T20:51:10.762+0000] {processor.py:925} INFO - DAG(s) 'pyspark_test_work' retrieved from /opt/airflow/dags/bank_transactions.py
[2025-04-02T20:51:10.788+0000] {logging_mixin.py:190} INFO - [2025-04-02T20:51:10.787+0000] {dag.py:3239} INFO - Sync 1 DAGs
[2025-04-02T20:51:11.005+0000] {logging_mixin.py:190} INFO - [2025-04-02T20:51:11.005+0000] {dag.py:4180} INFO - Setting next_dagrun for pyspark_test_work to None, run_after=None
[2025-04-02T20:51:11.024+0000] {processor.py:208} INFO - Processing /opt/airflow/dags/bank_transactions.py took 1.038 seconds
[2025-04-02T20:51:41.229+0000] {processor.py:186} INFO - Started process (PID=276) to work on /opt/airflow/dags/bank_transactions.py
[2025-04-02T20:51:41.230+0000] {processor.py:914} INFO - Processing file /opt/airflow/dags/bank_transactions.py for tasks to queue
[2025-04-02T20:51:41.233+0000] {logging_mixin.py:190} INFO - [2025-04-02T20:51:41.232+0000] {dagbag.py:588} INFO - Filling up the DagBag from /opt/airflow/dags/bank_transactions.py
[2025-04-02T20:51:42.002+0000] {processor.py:925} INFO - DAG(s) 'pyspark_test_work' retrieved from /opt/airflow/dags/bank_transactions.py
[2025-04-02T20:51:42.027+0000] {logging_mixin.py:190} INFO - [2025-04-02T20:51:42.026+0000] {dag.py:3239} INFO - Sync 1 DAGs
[2025-04-02T20:51:42.247+0000] {logging_mixin.py:190} INFO - [2025-04-02T20:51:42.246+0000] {dag.py:4180} INFO - Setting next_dagrun for pyspark_test_work to None, run_after=None
[2025-04-02T20:51:42.266+0000] {processor.py:208} INFO - Processing /opt/airflow/dags/bank_transactions.py took 1.045 seconds
[2025-04-02T20:52:12.465+0000] {processor.py:186} INFO - Started process (PID=289) to work on /opt/airflow/dags/bank_transactions.py
[2025-04-02T20:52:12.466+0000] {processor.py:914} INFO - Processing file /opt/airflow/dags/bank_transactions.py for tasks to queue
[2025-04-02T20:52:12.469+0000] {logging_mixin.py:190} INFO - [2025-04-02T20:52:12.469+0000] {dagbag.py:588} INFO - Filling up the DagBag from /opt/airflow/dags/bank_transactions.py
[2025-04-02T20:52:13.376+0000] {processor.py:925} INFO - DAG(s) 'pyspark_test_work' retrieved from /opt/airflow/dags/bank_transactions.py
[2025-04-02T20:52:13.661+0000] {logging_mixin.py:190} INFO - [2025-04-02T20:52:13.660+0000] {dag.py:3239} INFO - Sync 1 DAGs
[2025-04-02T20:52:13.674+0000] {logging_mixin.py:190} INFO - [2025-04-02T20:52:13.674+0000] {dag.py:4180} INFO - Setting next_dagrun for pyspark_test_work to None, run_after=None
[2025-04-02T20:52:13.692+0000] {processor.py:208} INFO - Processing /opt/airflow/dags/bank_transactions.py took 1.234 seconds
[2025-04-02T20:52:43.898+0000] {processor.py:186} INFO - Started process (PID=302) to work on /opt/airflow/dags/bank_transactions.py
[2025-04-02T20:52:43.912+0000] {processor.py:914} INFO - Processing file /opt/airflow/dags/bank_transactions.py for tasks to queue
[2025-04-02T20:52:43.915+0000] {logging_mixin.py:190} INFO - [2025-04-02T20:52:43.915+0000] {dagbag.py:588} INFO - Filling up the DagBag from /opt/airflow/dags/bank_transactions.py
[2025-04-02T20:52:45.331+0000] {processor.py:925} INFO - DAG(s) 'pyspark_test_work' retrieved from /opt/airflow/dags/bank_transactions.py
[2025-04-02T20:52:45.362+0000] {logging_mixin.py:190} INFO - [2025-04-02T20:52:45.361+0000] {dag.py:3239} INFO - Sync 1 DAGs
[2025-04-02T20:52:45.383+0000] {logging_mixin.py:190} INFO - [2025-04-02T20:52:45.382+0000] {dag.py:4180} INFO - Setting next_dagrun for pyspark_test_work to None, run_after=None
[2025-04-02T20:52:45.408+0000] {processor.py:208} INFO - Processing /opt/airflow/dags/bank_transactions.py took 1.532 seconds
[2025-04-02T20:53:15.708+0000] {processor.py:186} INFO - Started process (PID=320) to work on /opt/airflow/dags/bank_transactions.py
[2025-04-02T20:53:15.709+0000] {processor.py:914} INFO - Processing file /opt/airflow/dags/bank_transactions.py for tasks to queue
[2025-04-02T20:53:15.712+0000] {logging_mixin.py:190} INFO - [2025-04-02T20:53:15.712+0000] {dagbag.py:588} INFO - Filling up the DagBag from /opt/airflow/dags/bank_transactions.py
[2025-04-02T20:53:16.694+0000] {processor.py:925} INFO - DAG(s) 'pyspark_test_work' retrieved from /opt/airflow/dags/bank_transactions.py
[2025-04-02T20:53:16.719+0000] {logging_mixin.py:190} INFO - [2025-04-02T20:53:16.718+0000] {dag.py:3239} INFO - Sync 1 DAGs
[2025-04-02T20:53:16.739+0000] {logging_mixin.py:190} INFO - [2025-04-02T20:53:16.739+0000] {dag.py:4180} INFO - Setting next_dagrun for pyspark_test_work to None, run_after=None
[2025-04-02T20:53:16.763+0000] {processor.py:208} INFO - Processing /opt/airflow/dags/bank_transactions.py took 1.063 seconds
[2025-04-02T20:53:46.936+0000] {processor.py:186} INFO - Started process (PID=333) to work on /opt/airflow/dags/bank_transactions.py
[2025-04-02T20:53:46.937+0000] {processor.py:914} INFO - Processing file /opt/airflow/dags/bank_transactions.py for tasks to queue
[2025-04-02T20:53:46.940+0000] {logging_mixin.py:190} INFO - [2025-04-02T20:53:46.940+0000] {dagbag.py:588} INFO - Filling up the DagBag from /opt/airflow/dags/bank_transactions.py
[2025-04-02T20:53:47.708+0000] {processor.py:925} INFO - DAG(s) 'pyspark_test_work' retrieved from /opt/airflow/dags/bank_transactions.py
[2025-04-02T20:53:47.741+0000] {logging_mixin.py:190} INFO - [2025-04-02T20:53:47.740+0000] {dag.py:3239} INFO - Sync 1 DAGs
[2025-04-02T20:53:48.017+0000] {logging_mixin.py:190} INFO - [2025-04-02T20:53:48.017+0000] {dag.py:4180} INFO - Setting next_dagrun for pyspark_test_work to None, run_after=None
[2025-04-02T20:53:48.040+0000] {processor.py:208} INFO - Processing /opt/airflow/dags/bank_transactions.py took 1.112 seconds
[2025-04-02T20:54:18.176+0000] {processor.py:186} INFO - Started process (PID=346) to work on /opt/airflow/dags/bank_transactions.py
[2025-04-02T20:54:18.177+0000] {processor.py:914} INFO - Processing file /opt/airflow/dags/bank_transactions.py for tasks to queue
[2025-04-02T20:54:18.180+0000] {logging_mixin.py:190} INFO - [2025-04-02T20:54:18.180+0000] {dagbag.py:588} INFO - Filling up the DagBag from /opt/airflow/dags/bank_transactions.py
[2025-04-02T20:54:18.952+0000] {processor.py:925} INFO - DAG(s) 'pyspark_test_work' retrieved from /opt/airflow/dags/bank_transactions.py
[2025-04-02T20:54:18.979+0000] {logging_mixin.py:190} INFO - [2025-04-02T20:54:18.978+0000] {dag.py:3239} INFO - Sync 1 DAGs
[2025-04-02T20:54:19.194+0000] {logging_mixin.py:190} INFO - [2025-04-02T20:54:19.194+0000] {dag.py:4180} INFO - Setting next_dagrun for pyspark_test_work to None, run_after=None
[2025-04-02T20:54:19.212+0000] {processor.py:208} INFO - Processing /opt/airflow/dags/bank_transactions.py took 1.044 seconds
[2025-04-02T20:54:49.407+0000] {processor.py:186} INFO - Started process (PID=359) to work on /opt/airflow/dags/bank_transactions.py
[2025-04-02T20:54:49.408+0000] {processor.py:914} INFO - Processing file /opt/airflow/dags/bank_transactions.py for tasks to queue
[2025-04-02T20:54:49.411+0000] {logging_mixin.py:190} INFO - [2025-04-02T20:54:49.410+0000] {dagbag.py:588} INFO - Filling up the DagBag from /opt/airflow/dags/bank_transactions.py
[2025-04-02T20:54:50.183+0000] {processor.py:925} INFO - DAG(s) 'pyspark_test_work' retrieved from /opt/airflow/dags/bank_transactions.py
[2025-04-02T20:54:50.411+0000] {logging_mixin.py:190} INFO - [2025-04-02T20:54:50.411+0000] {dag.py:3239} INFO - Sync 1 DAGs
[2025-04-02T20:54:50.426+0000] {logging_mixin.py:190} INFO - [2025-04-02T20:54:50.426+0000] {dag.py:4180} INFO - Setting next_dagrun for pyspark_test_work to None, run_after=None
[2025-04-02T20:54:50.445+0000] {processor.py:208} INFO - Processing /opt/airflow/dags/bank_transactions.py took 1.046 seconds
[2025-04-02T20:55:20.642+0000] {processor.py:186} INFO - Started process (PID=372) to work on /opt/airflow/dags/bank_transactions.py
[2025-04-02T20:55:20.643+0000] {processor.py:914} INFO - Processing file /opt/airflow/dags/bank_transactions.py for tasks to queue
[2025-04-02T20:55:20.646+0000] {logging_mixin.py:190} INFO - [2025-04-02T20:55:20.646+0000] {dagbag.py:588} INFO - Filling up the DagBag from /opt/airflow/dags/bank_transactions.py
[2025-04-02T20:55:21.650+0000] {processor.py:925} INFO - DAG(s) 'pyspark_test_work' retrieved from /opt/airflow/dags/bank_transactions.py
[2025-04-02T20:55:21.673+0000] {logging_mixin.py:190} INFO - [2025-04-02T20:55:21.673+0000] {dag.py:3239} INFO - Sync 1 DAGs
[2025-04-02T20:55:21.688+0000] {logging_mixin.py:190} INFO - [2025-04-02T20:55:21.687+0000] {dag.py:4180} INFO - Setting next_dagrun for pyspark_test_work to None, run_after=None
[2025-04-02T20:55:21.706+0000] {processor.py:208} INFO - Processing /opt/airflow/dags/bank_transactions.py took 1.073 seconds
[2025-04-02T20:55:51.871+0000] {processor.py:186} INFO - Started process (PID=385) to work on /opt/airflow/dags/bank_transactions.py
[2025-04-02T20:55:51.872+0000] {processor.py:914} INFO - Processing file /opt/airflow/dags/bank_transactions.py for tasks to queue
[2025-04-02T20:55:51.875+0000] {logging_mixin.py:190} INFO - [2025-04-02T20:55:51.874+0000] {dagbag.py:588} INFO - Filling up the DagBag from /opt/airflow/dags/bank_transactions.py
[2025-04-02T20:55:52.839+0000] {processor.py:925} INFO - DAG(s) 'pyspark_test_work' retrieved from /opt/airflow/dags/bank_transactions.py
[2025-04-02T20:55:52.861+0000] {logging_mixin.py:190} INFO - [2025-04-02T20:55:52.860+0000] {dag.py:3239} INFO - Sync 1 DAGs
[2025-04-02T20:55:52.875+0000] {logging_mixin.py:190} INFO - [2025-04-02T20:55:52.875+0000] {dag.py:4180} INFO - Setting next_dagrun for pyspark_test_work to None, run_after=None
[2025-04-02T20:55:52.894+0000] {processor.py:208} INFO - Processing /opt/airflow/dags/bank_transactions.py took 1.030 seconds
[2025-04-02T20:56:23.099+0000] {processor.py:186} INFO - Started process (PID=398) to work on /opt/airflow/dags/bank_transactions.py
[2025-04-02T20:56:23.101+0000] {processor.py:914} INFO - Processing file /opt/airflow/dags/bank_transactions.py for tasks to queue
[2025-04-02T20:56:23.104+0000] {logging_mixin.py:190} INFO - [2025-04-02T20:56:23.104+0000] {dagbag.py:588} INFO - Filling up the DagBag from /opt/airflow/dags/bank_transactions.py
[2025-04-02T20:56:23.863+0000] {processor.py:925} INFO - DAG(s) 'pyspark_test_work' retrieved from /opt/airflow/dags/bank_transactions.py
[2025-04-02T20:56:23.889+0000] {logging_mixin.py:190} INFO - [2025-04-02T20:56:23.888+0000] {dag.py:3239} INFO - Sync 1 DAGs
[2025-04-02T20:56:24.108+0000] {logging_mixin.py:190} INFO - [2025-04-02T20:56:24.108+0000] {dag.py:4180} INFO - Setting next_dagrun for pyspark_test_work to None, run_after=None
[2025-04-02T20:56:24.126+0000] {processor.py:208} INFO - Processing /opt/airflow/dags/bank_transactions.py took 1.035 seconds
[2025-04-02T20:56:54.285+0000] {processor.py:186} INFO - Started process (PID=411) to work on /opt/airflow/dags/bank_transactions.py
[2025-04-02T20:56:54.286+0000] {processor.py:914} INFO - Processing file /opt/airflow/dags/bank_transactions.py for tasks to queue
[2025-04-02T20:56:54.289+0000] {logging_mixin.py:190} INFO - [2025-04-02T20:56:54.288+0000] {dagbag.py:588} INFO - Filling up the DagBag from /opt/airflow/dags/bank_transactions.py
[2025-04-02T20:56:55.065+0000] {processor.py:925} INFO - DAG(s) 'pyspark_test_work' retrieved from /opt/airflow/dags/bank_transactions.py
[2025-04-02T20:56:55.092+0000] {logging_mixin.py:190} INFO - [2025-04-02T20:56:55.092+0000] {dag.py:3239} INFO - Sync 1 DAGs
[2025-04-02T20:56:55.309+0000] {logging_mixin.py:190} INFO - [2025-04-02T20:56:55.309+0000] {dag.py:4180} INFO - Setting next_dagrun for pyspark_test_work to None, run_after=None
[2025-04-02T20:56:55.327+0000] {processor.py:208} INFO - Processing /opt/airflow/dags/bank_transactions.py took 1.050 seconds
[2025-04-02T20:57:25.497+0000] {processor.py:186} INFO - Started process (PID=424) to work on /opt/airflow/dags/bank_transactions.py
[2025-04-02T20:57:25.498+0000] {processor.py:914} INFO - Processing file /opt/airflow/dags/bank_transactions.py for tasks to queue
[2025-04-02T20:57:25.501+0000] {logging_mixin.py:190} INFO - [2025-04-02T20:57:25.501+0000] {dagbag.py:588} INFO - Filling up the DagBag from /opt/airflow/dags/bank_transactions.py
[2025-04-02T20:57:26.263+0000] {processor.py:925} INFO - DAG(s) 'pyspark_test_work' retrieved from /opt/airflow/dags/bank_transactions.py
[2025-04-02T20:57:26.489+0000] {logging_mixin.py:190} INFO - [2025-04-02T20:57:26.489+0000] {dag.py:3239} INFO - Sync 1 DAGs
[2025-04-02T20:57:26.504+0000] {logging_mixin.py:190} INFO - [2025-04-02T20:57:26.503+0000] {dag.py:4180} INFO - Setting next_dagrun for pyspark_test_work to None, run_after=None
[2025-04-02T20:57:26.522+0000] {processor.py:208} INFO - Processing /opt/airflow/dags/bank_transactions.py took 1.033 seconds
[2025-04-02T20:57:56.710+0000] {processor.py:186} INFO - Started process (PID=437) to work on /opt/airflow/dags/bank_transactions.py
[2025-04-02T20:57:56.712+0000] {processor.py:914} INFO - Processing file /opt/airflow/dags/bank_transactions.py for tasks to queue
[2025-04-02T20:57:56.715+0000] {logging_mixin.py:190} INFO - [2025-04-02T20:57:56.715+0000] {dagbag.py:588} INFO - Filling up the DagBag from /opt/airflow/dags/bank_transactions.py
[2025-04-02T20:57:57.670+0000] {processor.py:925} INFO - DAG(s) 'pyspark_test_work' retrieved from /opt/airflow/dags/bank_transactions.py
[2025-04-02T20:57:57.692+0000] {logging_mixin.py:190} INFO - [2025-04-02T20:57:57.691+0000] {dag.py:3239} INFO - Sync 1 DAGs
[2025-04-02T20:57:57.706+0000] {logging_mixin.py:190} INFO - [2025-04-02T20:57:57.706+0000] {dag.py:4180} INFO - Setting next_dagrun for pyspark_test_work to None, run_after=None
[2025-04-02T20:57:57.726+0000] {processor.py:208} INFO - Processing /opt/airflow/dags/bank_transactions.py took 1.024 seconds
[2025-04-02T20:58:27.923+0000] {processor.py:186} INFO - Started process (PID=450) to work on /opt/airflow/dags/bank_transactions.py
[2025-04-02T20:58:27.924+0000] {processor.py:914} INFO - Processing file /opt/airflow/dags/bank_transactions.py for tasks to queue
[2025-04-02T20:58:27.928+0000] {logging_mixin.py:190} INFO - [2025-04-02T20:58:27.927+0000] {dagbag.py:588} INFO - Filling up the DagBag from /opt/airflow/dags/bank_transactions.py
[2025-04-02T20:58:28.876+0000] {processor.py:925} INFO - DAG(s) 'pyspark_test_work' retrieved from /opt/airflow/dags/bank_transactions.py
[2025-04-02T20:58:28.898+0000] {logging_mixin.py:190} INFO - [2025-04-02T20:58:28.897+0000] {dag.py:3239} INFO - Sync 1 DAGs
[2025-04-02T20:58:28.914+0000] {logging_mixin.py:190} INFO - [2025-04-02T20:58:28.914+0000] {dag.py:4180} INFO - Setting next_dagrun for pyspark_test_work to None, run_after=None
[2025-04-02T20:58:28.934+0000] {processor.py:208} INFO - Processing /opt/airflow/dags/bank_transactions.py took 1.019 seconds
[2025-04-02T20:58:59.136+0000] {processor.py:186} INFO - Started process (PID=463) to work on /opt/airflow/dags/bank_transactions.py
[2025-04-02T20:58:59.137+0000] {processor.py:914} INFO - Processing file /opt/airflow/dags/bank_transactions.py for tasks to queue
[2025-04-02T20:58:59.140+0000] {logging_mixin.py:190} INFO - [2025-04-02T20:58:59.140+0000] {dagbag.py:588} INFO - Filling up the DagBag from /opt/airflow/dags/bank_transactions.py
[2025-04-02T20:59:00.111+0000] {processor.py:925} INFO - DAG(s) 'pyspark_test_work' retrieved from /opt/airflow/dags/bank_transactions.py
[2025-04-02T20:59:00.135+0000] {logging_mixin.py:190} INFO - [2025-04-02T20:59:00.134+0000] {dag.py:3239} INFO - Sync 1 DAGs
[2025-04-02T20:59:00.152+0000] {logging_mixin.py:190} INFO - [2025-04-02T20:59:00.152+0000] {dag.py:4180} INFO - Setting next_dagrun for pyspark_test_work to None, run_after=None
[2025-04-02T20:59:00.172+0000] {processor.py:208} INFO - Processing /opt/airflow/dags/bank_transactions.py took 1.044 seconds
[2025-04-02T20:59:30.371+0000] {processor.py:186} INFO - Started process (PID=476) to work on /opt/airflow/dags/bank_transactions.py
[2025-04-02T20:59:30.372+0000] {processor.py:914} INFO - Processing file /opt/airflow/dags/bank_transactions.py for tasks to queue
[2025-04-02T20:59:30.376+0000] {logging_mixin.py:190} INFO - [2025-04-02T20:59:30.375+0000] {dagbag.py:588} INFO - Filling up the DagBag from /opt/airflow/dags/bank_transactions.py
[2025-04-02T20:59:31.136+0000] {processor.py:925} INFO - DAG(s) 'pyspark_test_work' retrieved from /opt/airflow/dags/bank_transactions.py
[2025-04-02T20:59:31.163+0000] {logging_mixin.py:190} INFO - [2025-04-02T20:59:31.163+0000] {dag.py:3239} INFO - Sync 1 DAGs
[2025-04-02T20:59:31.382+0000] {logging_mixin.py:190} INFO - [2025-04-02T20:59:31.382+0000] {dag.py:4180} INFO - Setting next_dagrun for pyspark_test_work to None, run_after=None
[2025-04-02T20:59:31.400+0000] {processor.py:208} INFO - Processing /opt/airflow/dags/bank_transactions.py took 1.037 seconds
[2025-04-02T21:00:01.604+0000] {processor.py:186} INFO - Started process (PID=489) to work on /opt/airflow/dags/bank_transactions.py
[2025-04-02T21:00:01.605+0000] {processor.py:914} INFO - Processing file /opt/airflow/dags/bank_transactions.py for tasks to queue
[2025-04-02T21:00:01.608+0000] {logging_mixin.py:190} INFO - [2025-04-02T21:00:01.608+0000] {dagbag.py:588} INFO - Filling up the DagBag from /opt/airflow/dags/bank_transactions.py
[2025-04-02T21:00:02.395+0000] {processor.py:925} INFO - DAG(s) 'pyspark_test_work' retrieved from /opt/airflow/dags/bank_transactions.py
[2025-04-02T21:00:02.621+0000] {logging_mixin.py:190} INFO - [2025-04-02T21:00:02.620+0000] {dag.py:3239} INFO - Sync 1 DAGs
[2025-04-02T21:00:02.636+0000] {logging_mixin.py:190} INFO - [2025-04-02T21:00:02.635+0000] {dag.py:4180} INFO - Setting next_dagrun for pyspark_test_work to None, run_after=None
[2025-04-02T21:00:02.653+0000] {processor.py:208} INFO - Processing /opt/airflow/dags/bank_transactions.py took 1.058 seconds
[2025-04-02T21:00:32.840+0000] {processor.py:186} INFO - Started process (PID=502) to work on /opt/airflow/dags/bank_transactions.py
[2025-04-02T21:00:32.841+0000] {processor.py:914} INFO - Processing file /opt/airflow/dags/bank_transactions.py for tasks to queue
[2025-04-02T21:00:32.844+0000] {logging_mixin.py:190} INFO - [2025-04-02T21:00:32.844+0000] {dagbag.py:588} INFO - Filling up the DagBag from /opt/airflow/dags/bank_transactions.py
[2025-04-02T21:00:34.039+0000] {processor.py:925} INFO - DAG(s) 'pyspark_test_work' retrieved from /opt/airflow/dags/bank_transactions.py
[2025-04-02T21:00:34.061+0000] {logging_mixin.py:190} INFO - [2025-04-02T21:00:34.061+0000] {dag.py:3239} INFO - Sync 1 DAGs
[2025-04-02T21:00:34.076+0000] {logging_mixin.py:190} INFO - [2025-04-02T21:00:34.076+0000] {dag.py:4180} INFO - Setting next_dagrun for pyspark_test_work to None, run_after=None
[2025-04-02T21:00:34.093+0000] {processor.py:208} INFO - Processing /opt/airflow/dags/bank_transactions.py took 1.261 seconds
[2025-04-02T21:01:04.227+0000] {processor.py:186} INFO - Started process (PID=515) to work on /opt/airflow/dags/bank_transactions.py
[2025-04-02T21:01:04.228+0000] {processor.py:914} INFO - Processing file /opt/airflow/dags/bank_transactions.py for tasks to queue
[2025-04-02T21:01:04.231+0000] {logging_mixin.py:190} INFO - [2025-04-02T21:01:04.231+0000] {dagbag.py:588} INFO - Filling up the DagBag from /opt/airflow/dags/bank_transactions.py
[2025-04-02T21:01:05.214+0000] {processor.py:925} INFO - DAG(s) 'pyspark_test_work' retrieved from /opt/airflow/dags/bank_transactions.py
[2025-04-02T21:01:05.241+0000] {logging_mixin.py:190} INFO - [2025-04-02T21:01:05.241+0000] {dag.py:3239} INFO - Sync 1 DAGs
[2025-04-02T21:01:05.262+0000] {logging_mixin.py:190} INFO - [2025-04-02T21:01:05.262+0000] {dag.py:4180} INFO - Setting next_dagrun for pyspark_test_work to None, run_after=None
[2025-04-02T21:01:05.286+0000] {processor.py:208} INFO - Processing /opt/airflow/dags/bank_transactions.py took 1.068 seconds
[2025-04-02T21:01:35.492+0000] {processor.py:186} INFO - Started process (PID=528) to work on /opt/airflow/dags/bank_transactions.py
[2025-04-02T21:01:35.493+0000] {processor.py:914} INFO - Processing file /opt/airflow/dags/bank_transactions.py for tasks to queue
[2025-04-02T21:01:35.496+0000] {logging_mixin.py:190} INFO - [2025-04-02T21:01:35.496+0000] {dagbag.py:588} INFO - Filling up the DagBag from /opt/airflow/dags/bank_transactions.py
[2025-04-02T21:01:36.468+0000] {processor.py:925} INFO - DAG(s) 'pyspark_test_work' retrieved from /opt/airflow/dags/bank_transactions.py
[2025-04-02T21:01:36.491+0000] {logging_mixin.py:190} INFO - [2025-04-02T21:01:36.490+0000] {dag.py:3239} INFO - Sync 1 DAGs
[2025-04-02T21:01:36.506+0000] {logging_mixin.py:190} INFO - [2025-04-02T21:01:36.506+0000] {dag.py:4180} INFO - Setting next_dagrun for pyspark_test_work to None, run_after=None
[2025-04-02T21:01:36.525+0000] {processor.py:208} INFO - Processing /opt/airflow/dags/bank_transactions.py took 1.041 seconds
[2025-04-02T21:02:06.714+0000] {processor.py:186} INFO - Started process (PID=541) to work on /opt/airflow/dags/bank_transactions.py
[2025-04-02T21:02:06.716+0000] {processor.py:914} INFO - Processing file /opt/airflow/dags/bank_transactions.py for tasks to queue
[2025-04-02T21:02:06.718+0000] {logging_mixin.py:190} INFO - [2025-04-02T21:02:06.718+0000] {dagbag.py:588} INFO - Filling up the DagBag from /opt/airflow/dags/bank_transactions.py
[2025-04-02T21:02:07.503+0000] {processor.py:925} INFO - DAG(s) 'pyspark_test_work' retrieved from /opt/airflow/dags/bank_transactions.py
[2025-04-02T21:02:07.736+0000] {logging_mixin.py:190} INFO - [2025-04-02T21:02:07.735+0000] {dag.py:3239} INFO - Sync 1 DAGs
[2025-04-02T21:02:07.801+0000] {logging_mixin.py:190} INFO - [2025-04-02T21:02:07.801+0000] {dag.py:4180} INFO - Setting next_dagrun for pyspark_test_work to None, run_after=None
[2025-04-02T21:02:07.826+0000] {processor.py:208} INFO - Processing /opt/airflow/dags/bank_transactions.py took 1.120 seconds
[2025-04-02T21:02:37.985+0000] {processor.py:186} INFO - Started process (PID=554) to work on /opt/airflow/dags/bank_transactions.py
[2025-04-02T21:02:37.986+0000] {processor.py:914} INFO - Processing file /opt/airflow/dags/bank_transactions.py for tasks to queue
[2025-04-02T21:02:37.989+0000] {logging_mixin.py:190} INFO - [2025-04-02T21:02:37.989+0000] {dagbag.py:588} INFO - Filling up the DagBag from /opt/airflow/dags/bank_transactions.py
[2025-04-02T21:02:38.761+0000] {processor.py:925} INFO - DAG(s) 'pyspark_test_work' retrieved from /opt/airflow/dags/bank_transactions.py
[2025-04-02T21:02:38.997+0000] {logging_mixin.py:190} INFO - [2025-04-02T21:02:38.996+0000] {dag.py:3239} INFO - Sync 1 DAGs
[2025-04-02T21:02:39.018+0000] {logging_mixin.py:190} INFO - [2025-04-02T21:02:39.018+0000] {dag.py:4180} INFO - Setting next_dagrun for pyspark_test_work to None, run_after=None
[2025-04-02T21:02:39.043+0000] {processor.py:208} INFO - Processing /opt/airflow/dags/bank_transactions.py took 1.065 seconds
[2025-04-02T21:03:09.320+0000] {processor.py:186} INFO - Started process (PID=568) to work on /opt/airflow/dags/bank_transactions.py
[2025-04-02T21:03:09.321+0000] {processor.py:914} INFO - Processing file /opt/airflow/dags/bank_transactions.py for tasks to queue
[2025-04-02T21:03:09.324+0000] {logging_mixin.py:190} INFO - [2025-04-02T21:03:09.324+0000] {dagbag.py:588} INFO - Filling up the DagBag from /opt/airflow/dags/bank_transactions.py
[2025-04-02T21:03:10.284+0000] {processor.py:925} INFO - DAG(s) 'pyspark_test_work' retrieved from /opt/airflow/dags/bank_transactions.py
[2025-04-02T21:03:10.306+0000] {logging_mixin.py:190} INFO - [2025-04-02T21:03:10.305+0000] {dag.py:3239} INFO - Sync 1 DAGs
[2025-04-02T21:03:10.320+0000] {logging_mixin.py:190} INFO - [2025-04-02T21:03:10.320+0000] {dag.py:4180} INFO - Setting next_dagrun for pyspark_test_work to None, run_after=None
[2025-04-02T21:03:10.338+0000] {processor.py:208} INFO - Processing /opt/airflow/dags/bank_transactions.py took 1.026 seconds
[2025-04-02T21:03:40.543+0000] {processor.py:186} INFO - Started process (PID=581) to work on /opt/airflow/dags/bank_transactions.py
[2025-04-02T21:03:40.544+0000] {processor.py:914} INFO - Processing file /opt/airflow/dags/bank_transactions.py for tasks to queue
[2025-04-02T21:03:40.548+0000] {logging_mixin.py:190} INFO - [2025-04-02T21:03:40.548+0000] {dagbag.py:588} INFO - Filling up the DagBag from /opt/airflow/dags/bank_transactions.py
[2025-04-02T21:03:41.502+0000] {processor.py:925} INFO - DAG(s) 'pyspark_test_work' retrieved from /opt/airflow/dags/bank_transactions.py
[2025-04-02T21:03:41.523+0000] {logging_mixin.py:190} INFO - [2025-04-02T21:03:41.523+0000] {dag.py:3239} INFO - Sync 1 DAGs
[2025-04-02T21:03:41.536+0000] {logging_mixin.py:190} INFO - [2025-04-02T21:03:41.536+0000] {dag.py:4180} INFO - Setting next_dagrun for pyspark_test_work to None, run_after=None
[2025-04-02T21:03:41.554+0000] {processor.py:208} INFO - Processing /opt/airflow/dags/bank_transactions.py took 1.020 seconds
[2025-04-02T21:04:11.766+0000] {processor.py:186} INFO - Started process (PID=594) to work on /opt/airflow/dags/bank_transactions.py
[2025-04-02T21:04:11.768+0000] {processor.py:914} INFO - Processing file /opt/airflow/dags/bank_transactions.py for tasks to queue
[2025-04-02T21:04:11.771+0000] {logging_mixin.py:190} INFO - [2025-04-02T21:04:11.770+0000] {dagbag.py:588} INFO - Filling up the DagBag from /opt/airflow/dags/bank_transactions.py
[2025-04-02T21:04:12.735+0000] {processor.py:925} INFO - DAG(s) 'pyspark_test_work' retrieved from /opt/airflow/dags/bank_transactions.py
[2025-04-02T21:04:12.758+0000] {logging_mixin.py:190} INFO - [2025-04-02T21:04:12.757+0000] {dag.py:3239} INFO - Sync 1 DAGs
[2025-04-02T21:04:12.773+0000] {logging_mixin.py:190} INFO - [2025-04-02T21:04:12.773+0000] {dag.py:4180} INFO - Setting next_dagrun for pyspark_test_work to None, run_after=None
[2025-04-02T21:04:12.791+0000] {processor.py:208} INFO - Processing /opt/airflow/dags/bank_transactions.py took 1.033 seconds
[2025-04-02T21:04:43.003+0000] {processor.py:186} INFO - Started process (PID=607) to work on /opt/airflow/dags/bank_transactions.py
[2025-04-02T21:04:43.004+0000] {processor.py:914} INFO - Processing file /opt/airflow/dags/bank_transactions.py for tasks to queue
[2025-04-02T21:04:43.007+0000] {logging_mixin.py:190} INFO - [2025-04-02T21:04:43.007+0000] {dagbag.py:588} INFO - Filling up the DagBag from /opt/airflow/dags/bank_transactions.py
[2025-04-02T21:04:43.782+0000] {processor.py:925} INFO - DAG(s) 'pyspark_test_work' retrieved from /opt/airflow/dags/bank_transactions.py
[2025-04-02T21:04:44.015+0000] {logging_mixin.py:190} INFO - [2025-04-02T21:04:44.014+0000] {dag.py:3239} INFO - Sync 1 DAGs
[2025-04-02T21:04:44.030+0000] {logging_mixin.py:190} INFO - [2025-04-02T21:04:44.029+0000] {dag.py:4180} INFO - Setting next_dagrun for pyspark_test_work to None, run_after=None
[2025-04-02T21:04:44.047+0000] {processor.py:208} INFO - Processing /opt/airflow/dags/bank_transactions.py took 1.053 seconds
[2025-04-02T21:05:14.238+0000] {processor.py:186} INFO - Started process (PID=620) to work on /opt/airflow/dags/bank_transactions.py
[2025-04-02T21:05:14.240+0000] {processor.py:914} INFO - Processing file /opt/airflow/dags/bank_transactions.py for tasks to queue
[2025-04-02T21:05:14.243+0000] {logging_mixin.py:190} INFO - [2025-04-02T21:05:14.243+0000] {dagbag.py:588} INFO - Filling up the DagBag from /opt/airflow/dags/bank_transactions.py
[2025-04-02T21:05:15.201+0000] {processor.py:925} INFO - DAG(s) 'pyspark_test_work' retrieved from /opt/airflow/dags/bank_transactions.py
[2025-04-02T21:05:15.222+0000] {logging_mixin.py:190} INFO - [2025-04-02T21:05:15.222+0000] {dag.py:3239} INFO - Sync 1 DAGs
[2025-04-02T21:05:15.237+0000] {logging_mixin.py:190} INFO - [2025-04-02T21:05:15.237+0000] {dag.py:4180} INFO - Setting next_dagrun for pyspark_test_work to None, run_after=None
[2025-04-02T21:05:15.253+0000] {processor.py:208} INFO - Processing /opt/airflow/dags/bank_transactions.py took 1.023 seconds
[2025-04-02T21:05:45.456+0000] {processor.py:186} INFO - Started process (PID=633) to work on /opt/airflow/dags/bank_transactions.py
[2025-04-02T21:05:45.457+0000] {processor.py:914} INFO - Processing file /opt/airflow/dags/bank_transactions.py for tasks to queue
[2025-04-02T21:05:45.460+0000] {logging_mixin.py:190} INFO - [2025-04-02T21:05:45.460+0000] {dagbag.py:588} INFO - Filling up the DagBag from /opt/airflow/dags/bank_transactions.py
[2025-04-02T21:05:46.437+0000] {processor.py:925} INFO - DAG(s) 'pyspark_test_work' retrieved from /opt/airflow/dags/bank_transactions.py
[2025-04-02T21:05:46.459+0000] {logging_mixin.py:190} INFO - [2025-04-02T21:05:46.458+0000] {dag.py:3239} INFO - Sync 1 DAGs
[2025-04-02T21:05:46.473+0000] {logging_mixin.py:190} INFO - [2025-04-02T21:05:46.473+0000] {dag.py:4180} INFO - Setting next_dagrun for pyspark_test_work to None, run_after=None
[2025-04-02T21:05:46.491+0000] {processor.py:208} INFO - Processing /opt/airflow/dags/bank_transactions.py took 1.043 seconds
[2025-04-02T21:06:16.677+0000] {processor.py:186} INFO - Started process (PID=652) to work on /opt/airflow/dags/bank_transactions.py
[2025-04-02T21:06:16.679+0000] {processor.py:914} INFO - Processing file /opt/airflow/dags/bank_transactions.py for tasks to queue
[2025-04-02T21:06:16.682+0000] {logging_mixin.py:190} INFO - [2025-04-02T21:06:16.681+0000] {dagbag.py:588} INFO - Filling up the DagBag from /opt/airflow/dags/bank_transactions.py
[2025-04-02T21:06:17.629+0000] {processor.py:925} INFO - DAG(s) 'pyspark_test_work' retrieved from /opt/airflow/dags/bank_transactions.py
[2025-04-02T21:06:17.651+0000] {logging_mixin.py:190} INFO - [2025-04-02T21:06:17.651+0000] {dag.py:3239} INFO - Sync 1 DAGs
[2025-04-02T21:06:17.666+0000] {logging_mixin.py:190} INFO - [2025-04-02T21:06:17.666+0000] {dag.py:4180} INFO - Setting next_dagrun for pyspark_test_work to None, run_after=None
[2025-04-02T21:06:17.687+0000] {processor.py:208} INFO - Processing /opt/airflow/dags/bank_transactions.py took 1.017 seconds
[2025-04-02T21:06:47.895+0000] {processor.py:186} INFO - Started process (PID=665) to work on /opt/airflow/dags/bank_transactions.py
[2025-04-02T21:06:47.896+0000] {processor.py:914} INFO - Processing file /opt/airflow/dags/bank_transactions.py for tasks to queue
[2025-04-02T21:06:47.899+0000] {logging_mixin.py:190} INFO - [2025-04-02T21:06:47.898+0000] {dagbag.py:588} INFO - Filling up the DagBag from /opt/airflow/dags/bank_transactions.py
[2025-04-02T21:06:48.872+0000] {processor.py:925} INFO - DAG(s) 'pyspark_test_work' retrieved from /opt/airflow/dags/bank_transactions.py
[2025-04-02T21:06:48.896+0000] {logging_mixin.py:190} INFO - [2025-04-02T21:06:48.895+0000] {dag.py:3239} INFO - Sync 1 DAGs
[2025-04-02T21:06:48.912+0000] {logging_mixin.py:190} INFO - [2025-04-02T21:06:48.912+0000] {dag.py:4180} INFO - Setting next_dagrun for pyspark_test_work to None, run_after=None
[2025-04-02T21:06:48.930+0000] {processor.py:208} INFO - Processing /opt/airflow/dags/bank_transactions.py took 1.043 seconds
[2025-04-02T21:07:19.135+0000] {processor.py:186} INFO - Started process (PID=678) to work on /opt/airflow/dags/bank_transactions.py
[2025-04-02T21:07:19.137+0000] {processor.py:914} INFO - Processing file /opt/airflow/dags/bank_transactions.py for tasks to queue
[2025-04-02T21:07:19.140+0000] {logging_mixin.py:190} INFO - [2025-04-02T21:07:19.140+0000] {dagbag.py:588} INFO - Filling up the DagBag from /opt/airflow/dags/bank_transactions.py
[2025-04-02T21:07:19.930+0000] {processor.py:925} INFO - DAG(s) 'pyspark_test_work' retrieved from /opt/airflow/dags/bank_transactions.py
[2025-04-02T21:07:20.154+0000] {logging_mixin.py:190} INFO - [2025-04-02T21:07:20.154+0000] {dag.py:3239} INFO - Sync 1 DAGs
[2025-04-02T21:07:20.168+0000] {logging_mixin.py:190} INFO - [2025-04-02T21:07:20.167+0000] {dag.py:4180} INFO - Setting next_dagrun for pyspark_test_work to None, run_after=None
[2025-04-02T21:07:20.188+0000] {processor.py:208} INFO - Processing /opt/airflow/dags/bank_transactions.py took 1.061 seconds
[2025-04-02T21:07:50.347+0000] {processor.py:186} INFO - Started process (PID=691) to work on /opt/airflow/dags/bank_transactions.py
[2025-04-02T21:07:50.348+0000] {processor.py:914} INFO - Processing file /opt/airflow/dags/bank_transactions.py for tasks to queue
[2025-04-02T21:07:50.350+0000] {logging_mixin.py:190} INFO - [2025-04-02T21:07:50.350+0000] {dagbag.py:588} INFO - Filling up the DagBag from /opt/airflow/dags/bank_transactions.py
[2025-04-02T21:07:51.303+0000] {processor.py:925} INFO - DAG(s) 'pyspark_test_work' retrieved from /opt/airflow/dags/bank_transactions.py
[2025-04-02T21:07:51.325+0000] {logging_mixin.py:190} INFO - [2025-04-02T21:07:51.325+0000] {dag.py:3239} INFO - Sync 1 DAGs
[2025-04-02T21:07:51.339+0000] {logging_mixin.py:190} INFO - [2025-04-02T21:07:51.339+0000] {dag.py:4180} INFO - Setting next_dagrun for pyspark_test_work to None, run_after=None
[2025-04-02T21:07:51.356+0000] {processor.py:208} INFO - Processing /opt/airflow/dags/bank_transactions.py took 1.017 seconds
[2025-04-02T21:08:21.574+0000] {processor.py:186} INFO - Started process (PID=704) to work on /opt/airflow/dags/bank_transactions.py
[2025-04-02T21:08:21.576+0000] {processor.py:914} INFO - Processing file /opt/airflow/dags/bank_transactions.py for tasks to queue
[2025-04-02T21:08:21.579+0000] {logging_mixin.py:190} INFO - [2025-04-02T21:08:21.578+0000] {dagbag.py:588} INFO - Filling up the DagBag from /opt/airflow/dags/bank_transactions.py
[2025-04-02T21:08:22.544+0000] {processor.py:925} INFO - DAG(s) 'pyspark_test_work' retrieved from /opt/airflow/dags/bank_transactions.py
[2025-04-02T21:08:22.566+0000] {logging_mixin.py:190} INFO - [2025-04-02T21:08:22.565+0000] {dag.py:3239} INFO - Sync 1 DAGs
[2025-04-02T21:08:22.584+0000] {logging_mixin.py:190} INFO - [2025-04-02T21:08:22.584+0000] {dag.py:4180} INFO - Setting next_dagrun for pyspark_test_work to None, run_after=None
[2025-04-02T21:08:22.604+0000] {processor.py:208} INFO - Processing /opt/airflow/dags/bank_transactions.py took 1.037 seconds
[2025-04-02T21:08:52.789+0000] {processor.py:186} INFO - Started process (PID=718) to work on /opt/airflow/dags/bank_transactions.py
[2025-04-02T21:08:52.790+0000] {processor.py:914} INFO - Processing file /opt/airflow/dags/bank_transactions.py for tasks to queue
[2025-04-02T21:08:52.792+0000] {logging_mixin.py:190} INFO - [2025-04-02T21:08:52.792+0000] {dagbag.py:588} INFO - Filling up the DagBag from /opt/airflow/dags/bank_transactions.py
[2025-04-02T21:08:53.762+0000] {processor.py:925} INFO - DAG(s) 'pyspark_test_work' retrieved from /opt/airflow/dags/bank_transactions.py
[2025-04-02T21:08:53.788+0000] {logging_mixin.py:190} INFO - [2025-04-02T21:08:53.787+0000] {dag.py:3239} INFO - Sync 1 DAGs
[2025-04-02T21:08:53.804+0000] {logging_mixin.py:190} INFO - [2025-04-02T21:08:53.804+0000] {dag.py:4180} INFO - Setting next_dagrun for pyspark_test_work to None, run_after=None
[2025-04-02T21:08:53.822+0000] {processor.py:208} INFO - Processing /opt/airflow/dags/bank_transactions.py took 1.041 seconds
[2025-04-02T21:09:24.090+0000] {processor.py:186} INFO - Started process (PID=731) to work on /opt/airflow/dags/bank_transactions.py
[2025-04-02T21:09:24.091+0000] {processor.py:914} INFO - Processing file /opt/airflow/dags/bank_transactions.py for tasks to queue
[2025-04-02T21:09:24.094+0000] {logging_mixin.py:190} INFO - [2025-04-02T21:09:24.093+0000] {dagbag.py:588} INFO - Filling up the DagBag from /opt/airflow/dags/bank_transactions.py
[2025-04-02T21:09:25.048+0000] {processor.py:925} INFO - DAG(s) 'pyspark_test_work' retrieved from /opt/airflow/dags/bank_transactions.py
[2025-04-02T21:09:25.069+0000] {logging_mixin.py:190} INFO - [2025-04-02T21:09:25.069+0000] {dag.py:3239} INFO - Sync 1 DAGs
[2025-04-02T21:09:25.084+0000] {logging_mixin.py:190} INFO - [2025-04-02T21:09:25.084+0000] {dag.py:4180} INFO - Setting next_dagrun for pyspark_test_work to None, run_after=None
[2025-04-02T21:09:25.105+0000] {processor.py:208} INFO - Processing /opt/airflow/dags/bank_transactions.py took 1.023 seconds
[2025-04-02T21:09:55.336+0000] {processor.py:186} INFO - Started process (PID=744) to work on /opt/airflow/dags/bank_transactions.py
[2025-04-02T21:09:55.337+0000] {processor.py:914} INFO - Processing file /opt/airflow/dags/bank_transactions.py for tasks to queue
[2025-04-02T21:09:55.339+0000] {logging_mixin.py:190} INFO - [2025-04-02T21:09:55.339+0000] {dagbag.py:588} INFO - Filling up the DagBag from /opt/airflow/dags/bank_transactions.py
[2025-04-02T21:09:56.094+0000] {processor.py:925} INFO - DAG(s) 'pyspark_test_work' retrieved from /opt/airflow/dags/bank_transactions.py
[2025-04-02T21:09:56.316+0000] {logging_mixin.py:190} INFO - [2025-04-02T21:09:56.315+0000] {dag.py:3239} INFO - Sync 1 DAGs
[2025-04-02T21:09:56.330+0000] {logging_mixin.py:190} INFO - [2025-04-02T21:09:56.330+0000] {dag.py:4180} INFO - Setting next_dagrun for pyspark_test_work to None, run_after=None
[2025-04-02T21:09:56.347+0000] {processor.py:208} INFO - Processing /opt/airflow/dags/bank_transactions.py took 1.020 seconds
[2025-04-02T21:10:26.555+0000] {processor.py:186} INFO - Started process (PID=757) to work on /opt/airflow/dags/bank_transactions.py
[2025-04-02T21:10:26.557+0000] {processor.py:914} INFO - Processing file /opt/airflow/dags/bank_transactions.py for tasks to queue
[2025-04-02T21:10:26.560+0000] {logging_mixin.py:190} INFO - [2025-04-02T21:10:26.560+0000] {dagbag.py:588} INFO - Filling up the DagBag from /opt/airflow/dags/bank_transactions.py
[2025-04-02T21:10:27.510+0000] {processor.py:925} INFO - DAG(s) 'pyspark_test_work' retrieved from /opt/airflow/dags/bank_transactions.py
[2025-04-02T21:10:27.532+0000] {logging_mixin.py:190} INFO - [2025-04-02T21:10:27.531+0000] {dag.py:3239} INFO - Sync 1 DAGs
[2025-04-02T21:10:27.545+0000] {logging_mixin.py:190} INFO - [2025-04-02T21:10:27.545+0000] {dag.py:4180} INFO - Setting next_dagrun for pyspark_test_work to None, run_after=None
[2025-04-02T21:10:27.563+0000] {processor.py:208} INFO - Processing /opt/airflow/dags/bank_transactions.py took 1.015 seconds
[2025-04-02T21:10:57.765+0000] {processor.py:186} INFO - Started process (PID=770) to work on /opt/airflow/dags/bank_transactions.py
[2025-04-02T21:10:57.767+0000] {processor.py:914} INFO - Processing file /opt/airflow/dags/bank_transactions.py for tasks to queue
[2025-04-02T21:10:57.770+0000] {logging_mixin.py:190} INFO - [2025-04-02T21:10:57.769+0000] {dagbag.py:588} INFO - Filling up the DagBag from /opt/airflow/dags/bank_transactions.py
[2025-04-02T21:10:58.770+0000] {processor.py:925} INFO - DAG(s) 'pyspark_test_work' retrieved from /opt/airflow/dags/bank_transactions.py
[2025-04-02T21:10:58.793+0000] {logging_mixin.py:190} INFO - [2025-04-02T21:10:58.792+0000] {dag.py:3239} INFO - Sync 1 DAGs
[2025-04-02T21:10:58.806+0000] {logging_mixin.py:190} INFO - [2025-04-02T21:10:58.806+0000] {dag.py:4180} INFO - Setting next_dagrun for pyspark_test_work to None, run_after=None
[2025-04-02T21:10:58.823+0000] {processor.py:208} INFO - Processing /opt/airflow/dags/bank_transactions.py took 1.066 seconds
[2025-04-02T21:11:28.996+0000] {processor.py:186} INFO - Started process (PID=783) to work on /opt/airflow/dags/bank_transactions.py
[2025-04-02T21:11:28.997+0000] {processor.py:914} INFO - Processing file /opt/airflow/dags/bank_transactions.py for tasks to queue
[2025-04-02T21:11:29.000+0000] {logging_mixin.py:190} INFO - [2025-04-02T21:11:29.000+0000] {dagbag.py:588} INFO - Filling up the DagBag from /opt/airflow/dags/bank_transactions.py
[2025-04-02T21:11:29.966+0000] {processor.py:925} INFO - DAG(s) 'pyspark_test_work' retrieved from /opt/airflow/dags/bank_transactions.py
[2025-04-02T21:11:29.988+0000] {logging_mixin.py:190} INFO - [2025-04-02T21:11:29.988+0000] {dag.py:3239} INFO - Sync 1 DAGs
[2025-04-02T21:11:30.005+0000] {logging_mixin.py:190} INFO - [2025-04-02T21:11:30.005+0000] {dag.py:4180} INFO - Setting next_dagrun for pyspark_test_work to None, run_after=None
[2025-04-02T21:11:30.029+0000] {processor.py:208} INFO - Processing /opt/airflow/dags/bank_transactions.py took 1.041 seconds
[2025-04-02T21:12:00.237+0000] {processor.py:186} INFO - Started process (PID=796) to work on /opt/airflow/dags/bank_transactions.py
[2025-04-02T21:12:00.238+0000] {processor.py:914} INFO - Processing file /opt/airflow/dags/bank_transactions.py for tasks to queue
[2025-04-02T21:12:00.241+0000] {logging_mixin.py:190} INFO - [2025-04-02T21:12:00.240+0000] {dagbag.py:588} INFO - Filling up the DagBag from /opt/airflow/dags/bank_transactions.py
[2025-04-02T21:12:01.201+0000] {processor.py:925} INFO - DAG(s) 'pyspark_test_work' retrieved from /opt/airflow/dags/bank_transactions.py
[2025-04-02T21:12:01.223+0000] {logging_mixin.py:190} INFO - [2025-04-02T21:12:01.222+0000] {dag.py:3239} INFO - Sync 1 DAGs
[2025-04-02T21:12:01.240+0000] {logging_mixin.py:190} INFO - [2025-04-02T21:12:01.240+0000] {dag.py:4180} INFO - Setting next_dagrun for pyspark_test_work to None, run_after=None
[2025-04-02T21:12:01.263+0000] {processor.py:208} INFO - Processing /opt/airflow/dags/bank_transactions.py took 1.034 seconds
[2025-04-02T21:12:31.581+0000] {processor.py:186} INFO - Started process (PID=809) to work on /opt/airflow/dags/bank_transactions.py
[2025-04-02T21:12:31.582+0000] {processor.py:914} INFO - Processing file /opt/airflow/dags/bank_transactions.py for tasks to queue
[2025-04-02T21:12:31.585+0000] {logging_mixin.py:190} INFO - [2025-04-02T21:12:31.585+0000] {dagbag.py:588} INFO - Filling up the DagBag from /opt/airflow/dags/bank_transactions.py
[2025-04-02T21:12:32.341+0000] {processor.py:925} INFO - DAG(s) 'pyspark_test_work' retrieved from /opt/airflow/dags/bank_transactions.py
[2025-04-02T21:12:32.566+0000] {logging_mixin.py:190} INFO - [2025-04-02T21:12:32.565+0000] {dag.py:3239} INFO - Sync 1 DAGs
[2025-04-02T21:12:32.579+0000] {logging_mixin.py:190} INFO - [2025-04-02T21:12:32.579+0000] {dag.py:4180} INFO - Setting next_dagrun for pyspark_test_work to None, run_after=None
[2025-04-02T21:12:32.598+0000] {processor.py:208} INFO - Processing /opt/airflow/dags/bank_transactions.py took 1.027 seconds
[2025-04-02T21:13:02.796+0000] {processor.py:186} INFO - Started process (PID=822) to work on /opt/airflow/dags/bank_transactions.py
[2025-04-02T21:13:02.797+0000] {processor.py:914} INFO - Processing file /opt/airflow/dags/bank_transactions.py for tasks to queue
[2025-04-02T21:13:02.800+0000] {logging_mixin.py:190} INFO - [2025-04-02T21:13:02.799+0000] {dagbag.py:588} INFO - Filling up the DagBag from /opt/airflow/dags/bank_transactions.py
[2025-04-02T21:13:03.761+0000] {processor.py:925} INFO - DAG(s) 'pyspark_test_work' retrieved from /opt/airflow/dags/bank_transactions.py
[2025-04-02T21:13:03.783+0000] {logging_mixin.py:190} INFO - [2025-04-02T21:13:03.782+0000] {dag.py:3239} INFO - Sync 1 DAGs
[2025-04-02T21:13:03.799+0000] {logging_mixin.py:190} INFO - [2025-04-02T21:13:03.799+0000] {dag.py:4180} INFO - Setting next_dagrun for pyspark_test_work to None, run_after=None
[2025-04-02T21:13:03.816+0000] {processor.py:208} INFO - Processing /opt/airflow/dags/bank_transactions.py took 1.028 seconds
[2025-04-02T21:13:34.025+0000] {processor.py:186} INFO - Started process (PID=835) to work on /opt/airflow/dags/bank_transactions.py
[2025-04-02T21:13:34.027+0000] {processor.py:914} INFO - Processing file /opt/airflow/dags/bank_transactions.py for tasks to queue
[2025-04-02T21:13:34.031+0000] {logging_mixin.py:190} INFO - [2025-04-02T21:13:34.030+0000] {dagbag.py:588} INFO - Filling up the DagBag from /opt/airflow/dags/bank_transactions.py
[2025-04-02T21:13:34.989+0000] {processor.py:925} INFO - DAG(s) 'pyspark_test_work' retrieved from /opt/airflow/dags/bank_transactions.py
[2025-04-02T21:13:35.011+0000] {logging_mixin.py:190} INFO - [2025-04-02T21:13:35.010+0000] {dag.py:3239} INFO - Sync 1 DAGs
[2025-04-02T21:13:35.027+0000] {logging_mixin.py:190} INFO - [2025-04-02T21:13:35.027+0000] {dag.py:4180} INFO - Setting next_dagrun for pyspark_test_work to None, run_after=None
[2025-04-02T21:13:35.049+0000] {processor.py:208} INFO - Processing /opt/airflow/dags/bank_transactions.py took 1.031 seconds
[2025-04-02T21:14:05.264+0000] {processor.py:186} INFO - Started process (PID=848) to work on /opt/airflow/dags/bank_transactions.py
[2025-04-02T21:14:05.265+0000] {processor.py:914} INFO - Processing file /opt/airflow/dags/bank_transactions.py for tasks to queue
[2025-04-02T21:14:05.268+0000] {logging_mixin.py:190} INFO - [2025-04-02T21:14:05.267+0000] {dagbag.py:588} INFO - Filling up the DagBag from /opt/airflow/dags/bank_transactions.py
[2025-04-02T21:14:06.240+0000] {processor.py:925} INFO - DAG(s) 'pyspark_test_work' retrieved from /opt/airflow/dags/bank_transactions.py
[2025-04-02T21:14:06.265+0000] {logging_mixin.py:190} INFO - [2025-04-02T21:14:06.264+0000] {dag.py:3239} INFO - Sync 1 DAGs
[2025-04-02T21:14:06.281+0000] {logging_mixin.py:190} INFO - [2025-04-02T21:14:06.281+0000] {dag.py:4180} INFO - Setting next_dagrun for pyspark_test_work to None, run_after=None
[2025-04-02T21:14:06.300+0000] {processor.py:208} INFO - Processing /opt/airflow/dags/bank_transactions.py took 1.045 seconds
