[2025-01-14T21:02:49.638+0000] {processor.py:186} INFO - Started process (PID=33) to work on /opt/airflow/dags/spark_example.py
[2025-01-14T21:02:49.639+0000] {processor.py:914} INFO - Processing file /opt/airflow/dags/spark_example.py for tasks to queue
[2025-01-14T21:02:49.645+0000] {logging_mixin.py:190} INFO - [2025-01-14T21:02:49.645+0000] {dagbag.py:588} INFO - Filling up the DagBag from /opt/airflow/dags/spark_example.py
[2025-01-14T21:02:49.652+0000] {processor.py:925} INFO - DAG(s) 'spark_example' retrieved from /opt/airflow/dags/spark_example.py
[2025-01-14T21:02:49.755+0000] {logging_mixin.py:190} INFO - [2025-01-14T21:02:49.754+0000] {override.py:1911} INFO - Created Permission View: can edit on DAG:spark_example
[2025-01-14T21:02:49.766+0000] {logging_mixin.py:190} INFO - [2025-01-14T21:02:49.765+0000] {override.py:1911} INFO - Created Permission View: can delete on DAG:spark_example
[2025-01-14T21:02:49.773+0000] {logging_mixin.py:190} INFO - [2025-01-14T21:02:49.773+0000] {override.py:1911} INFO - Created Permission View: can read on DAG:spark_example
[2025-01-14T21:02:49.780+0000] {logging_mixin.py:190} INFO - [2025-01-14T21:02:49.780+0000] {override.py:1911} INFO - Created Permission View: menu access on DAG Run:spark_example
[2025-01-14T21:02:49.787+0000] {logging_mixin.py:190} INFO - [2025-01-14T21:02:49.787+0000] {override.py:1911} INFO - Created Permission View: can delete on DAG Run:spark_example
[2025-01-14T21:02:49.794+0000] {logging_mixin.py:190} INFO - [2025-01-14T21:02:49.793+0000] {override.py:1911} INFO - Created Permission View: can read on DAG Run:spark_example
[2025-01-14T21:02:49.801+0000] {logging_mixin.py:190} INFO - [2025-01-14T21:02:49.800+0000] {override.py:1911} INFO - Created Permission View: can create on DAG Run:spark_example
[2025-01-14T21:02:49.801+0000] {logging_mixin.py:190} INFO - [2025-01-14T21:02:49.801+0000] {dag.py:3239} INFO - Sync 1 DAGs
[2025-01-14T21:02:49.817+0000] {logging_mixin.py:190} INFO - [2025-01-14T21:02:49.817+0000] {dag.py:3262} INFO - Creating ORM DAG for spark_example
[2025-01-14T21:02:49.818+0000] {logging_mixin.py:190} INFO - [2025-01-14T21:02:49.818+0000] {dag.py:4180} INFO - Setting next_dagrun for spark_example to None, run_after=None
[2025-01-14T21:02:49.835+0000] {processor.py:208} INFO - Processing /opt/airflow/dags/spark_example.py took 0.204 seconds
[2025-01-14T21:03:20.245+0000] {processor.py:186} INFO - Started process (PID=41) to work on /opt/airflow/dags/spark_example.py
[2025-01-14T21:03:20.254+0000] {processor.py:914} INFO - Processing file /opt/airflow/dags/spark_example.py for tasks to queue
[2025-01-14T21:03:20.256+0000] {logging_mixin.py:190} INFO - [2025-01-14T21:03:20.256+0000] {dagbag.py:588} INFO - Filling up the DagBag from /opt/airflow/dags/spark_example.py
[2025-01-14T21:03:20.263+0000] {processor.py:925} INFO - DAG(s) 'spark_example' retrieved from /opt/airflow/dags/spark_example.py
[2025-01-14T21:03:20.286+0000] {logging_mixin.py:190} INFO - [2025-01-14T21:03:20.285+0000] {dag.py:3239} INFO - Sync 1 DAGs
[2025-01-14T21:03:20.299+0000] {logging_mixin.py:190} INFO - [2025-01-14T21:03:20.299+0000] {dag.py:4180} INFO - Setting next_dagrun for spark_example to None, run_after=None
[2025-01-14T21:03:20.316+0000] {processor.py:208} INFO - Processing /opt/airflow/dags/spark_example.py took 0.076 seconds
[2025-01-14T21:03:50.638+0000] {processor.py:186} INFO - Started process (PID=50) to work on /opt/airflow/dags/spark_example.py
[2025-01-14T21:03:50.639+0000] {processor.py:914} INFO - Processing file /opt/airflow/dags/spark_example.py for tasks to queue
[2025-01-14T21:03:50.641+0000] {logging_mixin.py:190} INFO - [2025-01-14T21:03:50.641+0000] {dagbag.py:588} INFO - Filling up the DagBag from /opt/airflow/dags/spark_example.py
[2025-01-14T21:03:50.647+0000] {processor.py:925} INFO - DAG(s) 'spark_example' retrieved from /opt/airflow/dags/spark_example.py
[2025-01-14T21:03:50.671+0000] {logging_mixin.py:190} INFO - [2025-01-14T21:03:50.671+0000] {dag.py:3239} INFO - Sync 1 DAGs
[2025-01-14T21:03:50.685+0000] {logging_mixin.py:190} INFO - [2025-01-14T21:03:50.685+0000] {dag.py:4180} INFO - Setting next_dagrun for spark_example to None, run_after=None
[2025-01-14T21:03:50.702+0000] {processor.py:208} INFO - Processing /opt/airflow/dags/spark_example.py took 0.070 seconds
[2025-01-14T21:04:21.121+0000] {processor.py:186} INFO - Started process (PID=59) to work on /opt/airflow/dags/spark_example.py
[2025-01-14T21:04:21.122+0000] {processor.py:914} INFO - Processing file /opt/airflow/dags/spark_example.py for tasks to queue
[2025-01-14T21:04:21.124+0000] {logging_mixin.py:190} INFO - [2025-01-14T21:04:21.124+0000] {dagbag.py:588} INFO - Filling up the DagBag from /opt/airflow/dags/spark_example.py
[2025-01-14T21:04:21.130+0000] {processor.py:925} INFO - DAG(s) 'spark_example' retrieved from /opt/airflow/dags/spark_example.py
[2025-01-14T21:04:21.152+0000] {logging_mixin.py:190} INFO - [2025-01-14T21:04:21.152+0000] {dag.py:3239} INFO - Sync 1 DAGs
[2025-01-14T21:04:21.166+0000] {logging_mixin.py:190} INFO - [2025-01-14T21:04:21.166+0000] {dag.py:4180} INFO - Setting next_dagrun for spark_example to None, run_after=None
[2025-01-14T21:04:21.182+0000] {processor.py:208} INFO - Processing /opt/airflow/dags/spark_example.py took 0.067 seconds
[2025-01-14T21:04:51.528+0000] {processor.py:186} INFO - Started process (PID=68) to work on /opt/airflow/dags/spark_example.py
[2025-01-14T21:04:51.528+0000] {processor.py:914} INFO - Processing file /opt/airflow/dags/spark_example.py for tasks to queue
[2025-01-14T21:04:51.530+0000] {logging_mixin.py:190} INFO - [2025-01-14T21:04:51.530+0000] {dagbag.py:588} INFO - Filling up the DagBag from /opt/airflow/dags/spark_example.py
[2025-01-14T21:04:51.536+0000] {processor.py:925} INFO - DAG(s) 'spark_example' retrieved from /opt/airflow/dags/spark_example.py
[2025-01-14T21:04:51.559+0000] {logging_mixin.py:190} INFO - [2025-01-14T21:04:51.559+0000] {dag.py:3239} INFO - Sync 1 DAGs
[2025-01-14T21:04:51.573+0000] {logging_mixin.py:190} INFO - [2025-01-14T21:04:51.573+0000] {dag.py:4180} INFO - Setting next_dagrun for spark_example to None, run_after=None
[2025-01-14T21:04:51.588+0000] {processor.py:208} INFO - Processing /opt/airflow/dags/spark_example.py took 0.067 seconds
[2025-01-14T21:05:21.923+0000] {processor.py:186} INFO - Started process (PID=77) to work on /opt/airflow/dags/spark_example.py
[2025-01-14T21:05:21.924+0000] {processor.py:914} INFO - Processing file /opt/airflow/dags/spark_example.py for tasks to queue
[2025-01-14T21:05:21.926+0000] {logging_mixin.py:190} INFO - [2025-01-14T21:05:21.926+0000] {dagbag.py:588} INFO - Filling up the DagBag from /opt/airflow/dags/spark_example.py
[2025-01-14T21:05:21.932+0000] {processor.py:925} INFO - DAG(s) 'spark_example' retrieved from /opt/airflow/dags/spark_example.py
[2025-01-14T21:05:21.956+0000] {logging_mixin.py:190} INFO - [2025-01-14T21:05:21.956+0000] {dag.py:3239} INFO - Sync 1 DAGs
[2025-01-14T21:05:21.970+0000] {logging_mixin.py:190} INFO - [2025-01-14T21:05:21.970+0000] {dag.py:4180} INFO - Setting next_dagrun for spark_example to None, run_after=None
[2025-01-14T21:05:21.987+0000] {processor.py:208} INFO - Processing /opt/airflow/dags/spark_example.py took 0.070 seconds
[2025-01-14T21:05:52.476+0000] {processor.py:186} INFO - Started process (PID=86) to work on /opt/airflow/dags/spark_example.py
[2025-01-14T21:05:52.477+0000] {processor.py:914} INFO - Processing file /opt/airflow/dags/spark_example.py for tasks to queue
[2025-01-14T21:05:52.479+0000] {logging_mixin.py:190} INFO - [2025-01-14T21:05:52.479+0000] {dagbag.py:588} INFO - Filling up the DagBag from /opt/airflow/dags/spark_example.py
[2025-01-14T21:05:52.486+0000] {processor.py:925} INFO - DAG(s) 'spark_example' retrieved from /opt/airflow/dags/spark_example.py
[2025-01-14T21:05:52.512+0000] {logging_mixin.py:190} INFO - [2025-01-14T21:05:52.511+0000] {dag.py:3239} INFO - Sync 1 DAGs
[2025-01-14T21:05:52.526+0000] {logging_mixin.py:190} INFO - [2025-01-14T21:05:52.526+0000] {dag.py:4180} INFO - Setting next_dagrun for spark_example to None, run_after=None
[2025-01-14T21:05:52.544+0000] {processor.py:208} INFO - Processing /opt/airflow/dags/spark_example.py took 0.075 seconds
[2025-01-14T21:06:23.043+0000] {processor.py:186} INFO - Started process (PID=101) to work on /opt/airflow/dags/spark_example.py
[2025-01-14T21:06:23.047+0000] {processor.py:914} INFO - Processing file /opt/airflow/dags/spark_example.py for tasks to queue
[2025-01-14T21:06:23.049+0000] {logging_mixin.py:190} INFO - [2025-01-14T21:06:23.048+0000] {dagbag.py:588} INFO - Filling up the DagBag from /opt/airflow/dags/spark_example.py
[2025-01-14T21:06:23.055+0000] {processor.py:925} INFO - DAG(s) 'spark_example' retrieved from /opt/airflow/dags/spark_example.py
[2025-01-14T21:06:23.078+0000] {logging_mixin.py:190} INFO - [2025-01-14T21:06:23.078+0000] {dag.py:3239} INFO - Sync 1 DAGs
[2025-01-14T21:06:23.091+0000] {logging_mixin.py:190} INFO - [2025-01-14T21:06:23.091+0000] {dag.py:4180} INFO - Setting next_dagrun for spark_example to None, run_after=None
[2025-01-14T21:06:23.108+0000] {processor.py:208} INFO - Processing /opt/airflow/dags/spark_example.py took 0.072 seconds
[2025-01-14T21:06:53.591+0000] {processor.py:186} INFO - Started process (PID=111) to work on /opt/airflow/dags/spark_example.py
[2025-01-14T21:06:53.591+0000] {processor.py:914} INFO - Processing file /opt/airflow/dags/spark_example.py for tasks to queue
[2025-01-14T21:06:53.594+0000] {logging_mixin.py:190} INFO - [2025-01-14T21:06:53.594+0000] {dagbag.py:588} INFO - Filling up the DagBag from /opt/airflow/dags/spark_example.py
[2025-01-14T21:06:53.600+0000] {processor.py:925} INFO - DAG(s) 'spark_example' retrieved from /opt/airflow/dags/spark_example.py
[2025-01-14T21:06:53.622+0000] {logging_mixin.py:190} INFO - [2025-01-14T21:06:53.622+0000] {dag.py:3239} INFO - Sync 1 DAGs
[2025-01-14T21:06:53.635+0000] {logging_mixin.py:190} INFO - [2025-01-14T21:06:53.635+0000] {dag.py:4180} INFO - Setting next_dagrun for spark_example to None, run_after=None
[2025-01-14T21:06:53.793+0000] {processor.py:208} INFO - Processing /opt/airflow/dags/spark_example.py took 0.209 seconds
[2025-01-14T21:07:24.166+0000] {processor.py:186} INFO - Started process (PID=120) to work on /opt/airflow/dags/spark_example.py
[2025-01-14T21:07:24.167+0000] {processor.py:914} INFO - Processing file /opt/airflow/dags/spark_example.py for tasks to queue
[2025-01-14T21:07:24.170+0000] {logging_mixin.py:190} INFO - [2025-01-14T21:07:24.169+0000] {dagbag.py:588} INFO - Filling up the DagBag from /opt/airflow/dags/spark_example.py
[2025-01-14T21:07:24.176+0000] {processor.py:925} INFO - DAG(s) 'spark_example' retrieved from /opt/airflow/dags/spark_example.py
[2025-01-14T21:07:24.198+0000] {logging_mixin.py:190} INFO - [2025-01-14T21:07:24.198+0000] {dag.py:3239} INFO - Sync 1 DAGs
[2025-01-14T21:07:24.354+0000] {logging_mixin.py:190} INFO - [2025-01-14T21:07:24.354+0000] {dag.py:4180} INFO - Setting next_dagrun for spark_example to None, run_after=None
[2025-01-14T21:07:24.369+0000] {processor.py:208} INFO - Processing /opt/airflow/dags/spark_example.py took 0.209 seconds
[2025-01-14T21:07:54.715+0000] {processor.py:186} INFO - Started process (PID=130) to work on /opt/airflow/dags/spark_example.py
[2025-01-14T21:07:54.715+0000] {processor.py:914} INFO - Processing file /opt/airflow/dags/spark_example.py for tasks to queue
[2025-01-14T21:07:54.717+0000] {logging_mixin.py:190} INFO - [2025-01-14T21:07:54.717+0000] {dagbag.py:588} INFO - Filling up the DagBag from /opt/airflow/dags/spark_example.py
[2025-01-14T21:07:54.724+0000] {processor.py:925} INFO - DAG(s) 'spark_example' retrieved from /opt/airflow/dags/spark_example.py
[2025-01-14T21:07:54.893+0000] {logging_mixin.py:190} INFO - [2025-01-14T21:07:54.893+0000] {dag.py:3239} INFO - Sync 1 DAGs
[2025-01-14T21:07:54.905+0000] {logging_mixin.py:190} INFO - [2025-01-14T21:07:54.905+0000] {dag.py:4180} INFO - Setting next_dagrun for spark_example to None, run_after=None
[2025-01-14T21:07:54.921+0000] {processor.py:208} INFO - Processing /opt/airflow/dags/spark_example.py took 0.212 seconds
[2025-01-14T21:08:25.256+0000] {processor.py:186} INFO - Started process (PID=139) to work on /opt/airflow/dags/spark_example.py
[2025-01-14T21:08:25.259+0000] {processor.py:914} INFO - Processing file /opt/airflow/dags/spark_example.py for tasks to queue
[2025-01-14T21:08:25.261+0000] {logging_mixin.py:190} INFO - [2025-01-14T21:08:25.261+0000] {dagbag.py:588} INFO - Filling up the DagBag from /opt/airflow/dags/spark_example.py
[2025-01-14T21:08:25.267+0000] {processor.py:925} INFO - DAG(s) 'spark_example' retrieved from /opt/airflow/dags/spark_example.py
[2025-01-14T21:08:25.290+0000] {logging_mixin.py:190} INFO - [2025-01-14T21:08:25.290+0000] {dag.py:3239} INFO - Sync 1 DAGs
[2025-01-14T21:08:25.306+0000] {logging_mixin.py:190} INFO - [2025-01-14T21:08:25.306+0000] {dag.py:4180} INFO - Setting next_dagrun for spark_example to None, run_after=None
[2025-01-14T21:08:25.331+0000] {processor.py:208} INFO - Processing /opt/airflow/dags/spark_example.py took 0.082 seconds
[2025-01-14T21:08:55.992+0000] {processor.py:186} INFO - Started process (PID=148) to work on /opt/airflow/dags/spark_example.py
[2025-01-14T21:08:55.992+0000] {processor.py:914} INFO - Processing file /opt/airflow/dags/spark_example.py for tasks to queue
[2025-01-14T21:08:55.995+0000] {logging_mixin.py:190} INFO - [2025-01-14T21:08:55.995+0000] {dagbag.py:588} INFO - Filling up the DagBag from /opt/airflow/dags/spark_example.py
[2025-01-14T21:08:56.001+0000] {processor.py:925} INFO - DAG(s) 'spark_example' retrieved from /opt/airflow/dags/spark_example.py
[2025-01-14T21:08:56.024+0000] {logging_mixin.py:190} INFO - [2025-01-14T21:08:56.024+0000] {dag.py:3239} INFO - Sync 1 DAGs
[2025-01-14T21:08:56.039+0000] {logging_mixin.py:190} INFO - [2025-01-14T21:08:56.039+0000] {dag.py:4180} INFO - Setting next_dagrun for spark_example to None, run_after=None
[2025-01-14T21:08:56.056+0000] {processor.py:208} INFO - Processing /opt/airflow/dags/spark_example.py took 0.071 seconds
[2025-01-14T21:09:26.694+0000] {processor.py:186} INFO - Started process (PID=157) to work on /opt/airflow/dags/spark_example.py
[2025-01-14T21:09:26.696+0000] {processor.py:914} INFO - Processing file /opt/airflow/dags/spark_example.py for tasks to queue
[2025-01-14T21:09:26.698+0000] {logging_mixin.py:190} INFO - [2025-01-14T21:09:26.698+0000] {dagbag.py:588} INFO - Filling up the DagBag from /opt/airflow/dags/spark_example.py
[2025-01-14T21:09:26.704+0000] {processor.py:925} INFO - DAG(s) 'spark_example' retrieved from /opt/airflow/dags/spark_example.py
[2025-01-14T21:09:26.735+0000] {logging_mixin.py:190} INFO - [2025-01-14T21:09:26.735+0000] {dag.py:3239} INFO - Sync 1 DAGs
[2025-01-14T21:09:26.754+0000] {logging_mixin.py:190} INFO - [2025-01-14T21:09:26.753+0000] {dag.py:4180} INFO - Setting next_dagrun for spark_example to None, run_after=None
[2025-01-14T21:09:26.775+0000] {processor.py:208} INFO - Processing /opt/airflow/dags/spark_example.py took 0.087 seconds
[2025-01-14T21:09:57.264+0000] {processor.py:186} INFO - Started process (PID=166) to work on /opt/airflow/dags/spark_example.py
[2025-01-14T21:09:57.266+0000] {processor.py:914} INFO - Processing file /opt/airflow/dags/spark_example.py for tasks to queue
[2025-01-14T21:09:57.268+0000] {logging_mixin.py:190} INFO - [2025-01-14T21:09:57.267+0000] {dagbag.py:588} INFO - Filling up the DagBag from /opt/airflow/dags/spark_example.py
[2025-01-14T21:09:57.273+0000] {processor.py:925} INFO - DAG(s) 'spark_example' retrieved from /opt/airflow/dags/spark_example.py
[2025-01-14T21:09:57.296+0000] {logging_mixin.py:190} INFO - [2025-01-14T21:09:57.296+0000] {dag.py:3239} INFO - Sync 1 DAGs
[2025-01-14T21:09:57.450+0000] {logging_mixin.py:190} INFO - [2025-01-14T21:09:57.449+0000] {dag.py:4180} INFO - Setting next_dagrun for spark_example to None, run_after=None
[2025-01-14T21:09:57.465+0000] {processor.py:208} INFO - Processing /opt/airflow/dags/spark_example.py took 0.206 seconds
[2025-01-14T21:10:27.838+0000] {processor.py:186} INFO - Started process (PID=175) to work on /opt/airflow/dags/spark_example.py
[2025-01-14T21:10:27.845+0000] {processor.py:914} INFO - Processing file /opt/airflow/dags/spark_example.py for tasks to queue
[2025-01-14T21:10:27.847+0000] {logging_mixin.py:190} INFO - [2025-01-14T21:10:27.846+0000] {dagbag.py:588} INFO - Filling up the DagBag from /opt/airflow/dags/spark_example.py
[2025-01-14T21:10:27.853+0000] {processor.py:925} INFO - DAG(s) 'spark_example' retrieved from /opt/airflow/dags/spark_example.py
[2025-01-14T21:10:27.875+0000] {logging_mixin.py:190} INFO - [2025-01-14T21:10:27.875+0000] {dag.py:3239} INFO - Sync 1 DAGs
[2025-01-14T21:10:28.027+0000] {logging_mixin.py:190} INFO - [2025-01-14T21:10:28.027+0000] {dag.py:4180} INFO - Setting next_dagrun for spark_example to None, run_after=None
[2025-01-14T21:10:28.042+0000] {processor.py:208} INFO - Processing /opt/airflow/dags/spark_example.py took 0.212 seconds
[2025-01-14T21:10:58.244+0000] {processor.py:186} INFO - Started process (PID=184) to work on /opt/airflow/dags/spark_example.py
[2025-01-14T21:10:58.245+0000] {processor.py:914} INFO - Processing file /opt/airflow/dags/spark_example.py for tasks to queue
[2025-01-14T21:10:58.247+0000] {logging_mixin.py:190} INFO - [2025-01-14T21:10:58.246+0000] {dagbag.py:588} INFO - Filling up the DagBag from /opt/airflow/dags/spark_example.py
[2025-01-14T21:10:58.253+0000] {processor.py:925} INFO - DAG(s) 'spark_example' retrieved from /opt/airflow/dags/spark_example.py
[2025-01-14T21:10:58.275+0000] {logging_mixin.py:190} INFO - [2025-01-14T21:10:58.275+0000] {dag.py:3239} INFO - Sync 1 DAGs
[2025-01-14T21:10:58.289+0000] {logging_mixin.py:190} INFO - [2025-01-14T21:10:58.288+0000] {dag.py:4180} INFO - Setting next_dagrun for spark_example to None, run_after=None
[2025-01-14T21:10:58.306+0000] {processor.py:208} INFO - Processing /opt/airflow/dags/spark_example.py took 0.068 seconds
[2025-01-14T21:11:28.794+0000] {processor.py:186} INFO - Started process (PID=193) to work on /opt/airflow/dags/spark_example.py
[2025-01-14T21:11:28.795+0000] {processor.py:914} INFO - Processing file /opt/airflow/dags/spark_example.py for tasks to queue
[2025-01-14T21:11:28.797+0000] {logging_mixin.py:190} INFO - [2025-01-14T21:11:28.797+0000] {dagbag.py:588} INFO - Filling up the DagBag from /opt/airflow/dags/spark_example.py
[2025-01-14T21:11:28.803+0000] {processor.py:925} INFO - DAG(s) 'spark_example' retrieved from /opt/airflow/dags/spark_example.py
[2025-01-14T21:11:28.826+0000] {logging_mixin.py:190} INFO - [2025-01-14T21:11:28.826+0000] {dag.py:3239} INFO - Sync 1 DAGs
[2025-01-14T21:11:28.839+0000] {logging_mixin.py:190} INFO - [2025-01-14T21:11:28.839+0000] {dag.py:4180} INFO - Setting next_dagrun for spark_example to None, run_after=None
[2025-01-14T21:11:28.856+0000] {processor.py:208} INFO - Processing /opt/airflow/dags/spark_example.py took 0.067 seconds
[2025-01-14T21:11:59.359+0000] {processor.py:186} INFO - Started process (PID=202) to work on /opt/airflow/dags/spark_example.py
[2025-01-14T21:11:59.360+0000] {processor.py:914} INFO - Processing file /opt/airflow/dags/spark_example.py for tasks to queue
[2025-01-14T21:11:59.363+0000] {logging_mixin.py:190} INFO - [2025-01-14T21:11:59.362+0000] {dagbag.py:588} INFO - Filling up the DagBag from /opt/airflow/dags/spark_example.py
[2025-01-14T21:11:59.369+0000] {processor.py:925} INFO - DAG(s) 'spark_example' retrieved from /opt/airflow/dags/spark_example.py
[2025-01-14T21:11:59.390+0000] {logging_mixin.py:190} INFO - [2025-01-14T21:11:59.390+0000] {dag.py:3239} INFO - Sync 1 DAGs
[2025-01-14T21:11:59.403+0000] {logging_mixin.py:190} INFO - [2025-01-14T21:11:59.403+0000] {dag.py:4180} INFO - Setting next_dagrun for spark_example to None, run_after=None
[2025-01-14T21:11:59.420+0000] {processor.py:208} INFO - Processing /opt/airflow/dags/spark_example.py took 0.066 seconds
[2025-01-14T21:12:29.902+0000] {processor.py:186} INFO - Started process (PID=211) to work on /opt/airflow/dags/spark_example.py
[2025-01-14T21:12:29.903+0000] {processor.py:914} INFO - Processing file /opt/airflow/dags/spark_example.py for tasks to queue
[2025-01-14T21:12:29.905+0000] {logging_mixin.py:190} INFO - [2025-01-14T21:12:29.905+0000] {dagbag.py:588} INFO - Filling up the DagBag from /opt/airflow/dags/spark_example.py
[2025-01-14T21:12:29.911+0000] {processor.py:925} INFO - DAG(s) 'spark_example' retrieved from /opt/airflow/dags/spark_example.py
[2025-01-14T21:12:29.934+0000] {logging_mixin.py:190} INFO - [2025-01-14T21:12:29.934+0000] {dag.py:3239} INFO - Sync 1 DAGs
[2025-01-14T21:12:29.948+0000] {logging_mixin.py:190} INFO - [2025-01-14T21:12:29.947+0000] {dag.py:4180} INFO - Setting next_dagrun for spark_example to None, run_after=None
[2025-01-14T21:12:30.104+0000] {processor.py:208} INFO - Processing /opt/airflow/dags/spark_example.py took 0.207 seconds
[2025-01-14T21:13:00.651+0000] {processor.py:186} INFO - Started process (PID=221) to work on /opt/airflow/dags/spark_example.py
[2025-01-14T21:13:00.651+0000] {processor.py:914} INFO - Processing file /opt/airflow/dags/spark_example.py for tasks to queue
[2025-01-14T21:13:00.653+0000] {logging_mixin.py:190} INFO - [2025-01-14T21:13:00.653+0000] {dagbag.py:588} INFO - Filling up the DagBag from /opt/airflow/dags/spark_example.py
[2025-01-14T21:13:00.659+0000] {processor.py:925} INFO - DAG(s) 'spark_example' retrieved from /opt/airflow/dags/spark_example.py
[2025-01-14T21:13:00.669+0000] {logging_mixin.py:190} INFO - [2025-01-14T21:13:00.669+0000] {dag.py:3239} INFO - Sync 1 DAGs
[2025-01-14T21:13:00.684+0000] {logging_mixin.py:190} INFO - [2025-01-14T21:13:00.683+0000] {dag.py:4180} INFO - Setting next_dagrun for spark_example to None, run_after=None
[2025-01-14T21:13:00.843+0000] {processor.py:208} INFO - Processing /opt/airflow/dags/spark_example.py took 0.198 seconds
[2025-01-14T21:13:31.384+0000] {processor.py:186} INFO - Started process (PID=231) to work on /opt/airflow/dags/spark_example.py
[2025-01-14T21:13:31.385+0000] {processor.py:914} INFO - Processing file /opt/airflow/dags/spark_example.py for tasks to queue
[2025-01-14T21:13:31.387+0000] {logging_mixin.py:190} INFO - [2025-01-14T21:13:31.386+0000] {dagbag.py:588} INFO - Filling up the DagBag from /opt/airflow/dags/spark_example.py
[2025-01-14T21:13:31.392+0000] {processor.py:925} INFO - DAG(s) 'spark_example' retrieved from /opt/airflow/dags/spark_example.py
[2025-01-14T21:13:31.627+0000] {logging_mixin.py:190} INFO - [2025-01-14T21:13:31.626+0000] {dag.py:3239} INFO - Sync 1 DAGs
[2025-01-14T21:13:31.637+0000] {logging_mixin.py:190} INFO - [2025-01-14T21:13:31.637+0000] {dag.py:4180} INFO - Setting next_dagrun for spark_example to None, run_after=None
[2025-01-14T21:13:31.652+0000] {processor.py:208} INFO - Processing /opt/airflow/dags/spark_example.py took 0.273 seconds
[2025-01-14T21:14:01.791+0000] {processor.py:186} INFO - Started process (PID=242) to work on /opt/airflow/dags/spark_example.py
[2025-01-14T21:14:01.794+0000] {processor.py:914} INFO - Processing file /opt/airflow/dags/spark_example.py for tasks to queue
[2025-01-14T21:14:01.796+0000] {logging_mixin.py:190} INFO - [2025-01-14T21:14:01.795+0000] {dagbag.py:588} INFO - Filling up the DagBag from /opt/airflow/dags/spark_example.py
[2025-01-14T21:14:01.802+0000] {processor.py:925} INFO - DAG(s) 'spark_example' retrieved from /opt/airflow/dags/spark_example.py
[2025-01-14T21:14:01.824+0000] {logging_mixin.py:190} INFO - [2025-01-14T21:14:01.824+0000] {dag.py:3239} INFO - Sync 1 DAGs
[2025-01-14T21:14:01.838+0000] {logging_mixin.py:190} INFO - [2025-01-14T21:14:01.838+0000] {dag.py:4180} INFO - Setting next_dagrun for spark_example to None, run_after=None
[2025-01-14T21:14:01.855+0000] {processor.py:208} INFO - Processing /opt/airflow/dags/spark_example.py took 0.070 seconds
[2025-01-14T21:14:32.402+0000] {processor.py:186} INFO - Started process (PID=252) to work on /opt/airflow/dags/spark_example.py
[2025-01-14T21:14:32.403+0000] {processor.py:914} INFO - Processing file /opt/airflow/dags/spark_example.py for tasks to queue
[2025-01-14T21:14:32.405+0000] {logging_mixin.py:190} INFO - [2025-01-14T21:14:32.405+0000] {dagbag.py:588} INFO - Filling up the DagBag from /opt/airflow/dags/spark_example.py
[2025-01-14T21:14:32.411+0000] {processor.py:925} INFO - DAG(s) 'spark_example' retrieved from /opt/airflow/dags/spark_example.py
[2025-01-14T21:14:32.421+0000] {logging_mixin.py:190} INFO - [2025-01-14T21:14:32.420+0000] {dag.py:3239} INFO - Sync 1 DAGs
[2025-01-14T21:14:32.435+0000] {logging_mixin.py:190} INFO - [2025-01-14T21:14:32.435+0000] {dag.py:4180} INFO - Setting next_dagrun for spark_example to None, run_after=None
[2025-01-14T21:14:32.452+0000] {processor.py:208} INFO - Processing /opt/airflow/dags/spark_example.py took 0.056 seconds
[2025-01-14T21:15:03.078+0000] {processor.py:186} INFO - Started process (PID=262) to work on /opt/airflow/dags/spark_example.py
[2025-01-14T21:15:03.079+0000] {processor.py:914} INFO - Processing file /opt/airflow/dags/spark_example.py for tasks to queue
[2025-01-14T21:15:03.082+0000] {logging_mixin.py:190} INFO - [2025-01-14T21:15:03.081+0000] {dagbag.py:588} INFO - Filling up the DagBag from /opt/airflow/dags/spark_example.py
[2025-01-14T21:15:03.088+0000] {processor.py:925} INFO - DAG(s) 'spark_example' retrieved from /opt/airflow/dags/spark_example.py
[2025-01-14T21:15:03.346+0000] {logging_mixin.py:190} INFO - [2025-01-14T21:15:03.346+0000] {dag.py:3239} INFO - Sync 1 DAGs
[2025-01-14T21:15:03.357+0000] {logging_mixin.py:190} INFO - [2025-01-14T21:15:03.357+0000] {dag.py:4180} INFO - Setting next_dagrun for spark_example to None, run_after=None
[2025-01-14T21:15:03.376+0000] {processor.py:208} INFO - Processing /opt/airflow/dags/spark_example.py took 0.304 seconds
[2025-01-14T21:15:33.913+0000] {processor.py:186} INFO - Started process (PID=272) to work on /opt/airflow/dags/spark_example.py
[2025-01-14T21:15:33.915+0000] {processor.py:914} INFO - Processing file /opt/airflow/dags/spark_example.py for tasks to queue
[2025-01-14T21:15:33.916+0000] {logging_mixin.py:190} INFO - [2025-01-14T21:15:33.916+0000] {dagbag.py:588} INFO - Filling up the DagBag from /opt/airflow/dags/spark_example.py
[2025-01-14T21:15:33.922+0000] {processor.py:925} INFO - DAG(s) 'spark_example' retrieved from /opt/airflow/dags/spark_example.py
[2025-01-14T21:15:33.945+0000] {logging_mixin.py:190} INFO - [2025-01-14T21:15:33.945+0000] {dag.py:3239} INFO - Sync 1 DAGs
[2025-01-14T21:15:34.102+0000] {logging_mixin.py:190} INFO - [2025-01-14T21:15:34.101+0000] {dag.py:4180} INFO - Setting next_dagrun for spark_example to None, run_after=None
[2025-01-14T21:15:34.116+0000] {processor.py:208} INFO - Processing /opt/airflow/dags/spark_example.py took 0.209 seconds
[2025-01-14T21:16:04.655+0000] {processor.py:186} INFO - Started process (PID=282) to work on /opt/airflow/dags/spark_example.py
[2025-01-14T21:16:04.656+0000] {processor.py:914} INFO - Processing file /opt/airflow/dags/spark_example.py for tasks to queue
[2025-01-14T21:16:04.658+0000] {logging_mixin.py:190} INFO - [2025-01-14T21:16:04.657+0000] {dagbag.py:588} INFO - Filling up the DagBag from /opt/airflow/dags/spark_example.py
[2025-01-14T21:16:04.664+0000] {processor.py:925} INFO - DAG(s) 'spark_example' retrieved from /opt/airflow/dags/spark_example.py
[2025-01-14T21:16:04.674+0000] {logging_mixin.py:190} INFO - [2025-01-14T21:16:04.673+0000] {dag.py:3239} INFO - Sync 1 DAGs
[2025-01-14T21:16:04.837+0000] {logging_mixin.py:190} INFO - [2025-01-14T21:16:04.837+0000] {dag.py:4180} INFO - Setting next_dagrun for spark_example to None, run_after=None
[2025-01-14T21:16:04.856+0000] {processor.py:208} INFO - Processing /opt/airflow/dags/spark_example.py took 0.207 seconds
[2025-01-14T21:16:35.401+0000] {processor.py:186} INFO - Started process (PID=292) to work on /opt/airflow/dags/spark_example.py
[2025-01-14T21:16:35.402+0000] {processor.py:914} INFO - Processing file /opt/airflow/dags/spark_example.py for tasks to queue
[2025-01-14T21:16:35.404+0000] {logging_mixin.py:190} INFO - [2025-01-14T21:16:35.404+0000] {dagbag.py:588} INFO - Filling up the DagBag from /opt/airflow/dags/spark_example.py
[2025-01-14T21:16:35.410+0000] {processor.py:925} INFO - DAG(s) 'spark_example' retrieved from /opt/airflow/dags/spark_example.py
[2025-01-14T21:16:35.654+0000] {logging_mixin.py:190} INFO - [2025-01-14T21:16:35.654+0000] {dag.py:3239} INFO - Sync 1 DAGs
[2025-01-14T21:16:35.665+0000] {logging_mixin.py:190} INFO - [2025-01-14T21:16:35.664+0000] {dag.py:4180} INFO - Setting next_dagrun for spark_example to None, run_after=None
[2025-01-14T21:16:35.681+0000] {processor.py:208} INFO - Processing /opt/airflow/dags/spark_example.py took 0.285 seconds
[2025-01-14T21:17:05.942+0000] {processor.py:186} INFO - Started process (PID=302) to work on /opt/airflow/dags/spark_example.py
[2025-01-14T21:17:05.943+0000] {processor.py:914} INFO - Processing file /opt/airflow/dags/spark_example.py for tasks to queue
[2025-01-14T21:17:05.945+0000] {logging_mixin.py:190} INFO - [2025-01-14T21:17:05.945+0000] {dagbag.py:588} INFO - Filling up the DagBag from /opt/airflow/dags/spark_example.py
[2025-01-14T21:17:05.951+0000] {processor.py:925} INFO - DAG(s) 'spark_example' retrieved from /opt/airflow/dags/spark_example.py
[2025-01-14T21:17:05.974+0000] {logging_mixin.py:190} INFO - [2025-01-14T21:17:05.974+0000] {dag.py:3239} INFO - Sync 1 DAGs
[2025-01-14T21:17:05.988+0000] {logging_mixin.py:190} INFO - [2025-01-14T21:17:05.988+0000] {dag.py:4180} INFO - Setting next_dagrun for spark_example to None, run_after=None
[2025-01-14T21:17:06.005+0000] {processor.py:208} INFO - Processing /opt/airflow/dags/spark_example.py took 0.069 seconds
[2025-01-14T21:17:36.661+0000] {processor.py:186} INFO - Started process (PID=312) to work on /opt/airflow/dags/spark_example.py
[2025-01-14T21:17:36.662+0000] {processor.py:914} INFO - Processing file /opt/airflow/dags/spark_example.py for tasks to queue
[2025-01-14T21:17:36.665+0000] {logging_mixin.py:190} INFO - [2025-01-14T21:17:36.664+0000] {dagbag.py:588} INFO - Filling up the DagBag from /opt/airflow/dags/spark_example.py
[2025-01-14T21:17:36.671+0000] {processor.py:925} INFO - DAG(s) 'spark_example' retrieved from /opt/airflow/dags/spark_example.py
[2025-01-14T21:17:36.681+0000] {logging_mixin.py:190} INFO - [2025-01-14T21:17:36.681+0000] {dag.py:3239} INFO - Sync 1 DAGs
[2025-01-14T21:17:36.696+0000] {logging_mixin.py:190} INFO - [2025-01-14T21:17:36.696+0000] {dag.py:4180} INFO - Setting next_dagrun for spark_example to None, run_after=None
[2025-01-14T21:17:36.713+0000] {processor.py:208} INFO - Processing /opt/airflow/dags/spark_example.py took 0.058 seconds
[2025-01-14T21:18:07.260+0000] {processor.py:186} INFO - Started process (PID=322) to work on /opt/airflow/dags/spark_example.py
[2025-01-14T21:18:07.261+0000] {processor.py:914} INFO - Processing file /opt/airflow/dags/spark_example.py for tasks to queue
[2025-01-14T21:18:07.263+0000] {logging_mixin.py:190} INFO - [2025-01-14T21:18:07.262+0000] {dagbag.py:588} INFO - Filling up the DagBag from /opt/airflow/dags/spark_example.py
[2025-01-14T21:18:07.269+0000] {processor.py:925} INFO - DAG(s) 'spark_example' retrieved from /opt/airflow/dags/spark_example.py
[2025-01-14T21:18:07.516+0000] {logging_mixin.py:190} INFO - [2025-01-14T21:18:07.516+0000] {dag.py:3239} INFO - Sync 1 DAGs
[2025-01-14T21:18:07.528+0000] {logging_mixin.py:190} INFO - [2025-01-14T21:18:07.528+0000] {dag.py:4180} INFO - Setting next_dagrun for spark_example to None, run_after=None
[2025-01-14T21:18:07.545+0000] {processor.py:208} INFO - Processing /opt/airflow/dags/spark_example.py took 0.291 seconds
[2025-01-14T21:18:37.798+0000] {processor.py:186} INFO - Started process (PID=332) to work on /opt/airflow/dags/spark_example.py
[2025-01-14T21:18:37.799+0000] {processor.py:914} INFO - Processing file /opt/airflow/dags/spark_example.py for tasks to queue
[2025-01-14T21:18:37.801+0000] {logging_mixin.py:190} INFO - [2025-01-14T21:18:37.801+0000] {dagbag.py:588} INFO - Filling up the DagBag from /opt/airflow/dags/spark_example.py
[2025-01-14T21:18:37.807+0000] {processor.py:925} INFO - DAG(s) 'spark_example' retrieved from /opt/airflow/dags/spark_example.py
[2025-01-14T21:18:37.830+0000] {logging_mixin.py:190} INFO - [2025-01-14T21:18:37.830+0000] {dag.py:3239} INFO - Sync 1 DAGs
[2025-01-14T21:18:37.985+0000] {logging_mixin.py:190} INFO - [2025-01-14T21:18:37.984+0000] {dag.py:4180} INFO - Setting next_dagrun for spark_example to None, run_after=None
[2025-01-14T21:18:38.001+0000] {processor.py:208} INFO - Processing /opt/airflow/dags/spark_example.py took 0.208 seconds
[2025-01-14T21:19:08.548+0000] {processor.py:186} INFO - Started process (PID=342) to work on /opt/airflow/dags/spark_example.py
[2025-01-14T21:19:08.548+0000] {processor.py:914} INFO - Processing file /opt/airflow/dags/spark_example.py for tasks to queue
[2025-01-14T21:19:08.551+0000] {logging_mixin.py:190} INFO - [2025-01-14T21:19:08.550+0000] {dagbag.py:588} INFO - Filling up the DagBag from /opt/airflow/dags/spark_example.py
[2025-01-14T21:19:08.558+0000] {processor.py:925} INFO - DAG(s) 'spark_example' retrieved from /opt/airflow/dags/spark_example.py
[2025-01-14T21:19:08.568+0000] {logging_mixin.py:190} INFO - [2025-01-14T21:19:08.568+0000] {dag.py:3239} INFO - Sync 1 DAGs
[2025-01-14T21:19:08.721+0000] {logging_mixin.py:190} INFO - [2025-01-14T21:19:08.721+0000] {dag.py:4180} INFO - Setting next_dagrun for spark_example to None, run_after=None
[2025-01-14T21:19:08.740+0000] {processor.py:208} INFO - Processing /opt/airflow/dags/spark_example.py took 0.199 seconds
[2025-01-14T21:19:38.948+0000] {processor.py:186} INFO - Started process (PID=351) to work on /opt/airflow/dags/spark_example.py
[2025-01-14T21:19:38.949+0000] {processor.py:914} INFO - Processing file /opt/airflow/dags/spark_example.py for tasks to queue
[2025-01-14T21:19:38.951+0000] {logging_mixin.py:190} INFO - [2025-01-14T21:19:38.951+0000] {dagbag.py:588} INFO - Filling up the DagBag from /opt/airflow/dags/spark_example.py
[2025-01-14T21:19:38.957+0000] {processor.py:925} INFO - DAG(s) 'spark_example' retrieved from /opt/airflow/dags/spark_example.py
[2025-01-14T21:19:39.204+0000] {logging_mixin.py:190} INFO - [2025-01-14T21:19:39.204+0000] {dag.py:3239} INFO - Sync 1 DAGs
[2025-01-14T21:19:39.215+0000] {logging_mixin.py:190} INFO - [2025-01-14T21:19:39.215+0000] {dag.py:4180} INFO - Setting next_dagrun for spark_example to None, run_after=None
[2025-01-14T21:19:39.231+0000] {processor.py:208} INFO - Processing /opt/airflow/dags/spark_example.py took 0.288 seconds
[2025-01-14T21:20:09.642+0000] {processor.py:186} INFO - Started process (PID=362) to work on /opt/airflow/dags/spark_example.py
[2025-01-14T21:20:09.643+0000] {processor.py:914} INFO - Processing file /opt/airflow/dags/spark_example.py for tasks to queue
[2025-01-14T21:20:09.645+0000] {logging_mixin.py:190} INFO - [2025-01-14T21:20:09.645+0000] {dagbag.py:588} INFO - Filling up the DagBag from /opt/airflow/dags/spark_example.py
[2025-01-14T21:20:09.651+0000] {processor.py:925} INFO - DAG(s) 'spark_example' retrieved from /opt/airflow/dags/spark_example.py
[2025-01-14T21:20:09.673+0000] {logging_mixin.py:190} INFO - [2025-01-14T21:20:09.672+0000] {dag.py:3239} INFO - Sync 1 DAGs
[2025-01-14T21:20:09.687+0000] {logging_mixin.py:190} INFO - [2025-01-14T21:20:09.687+0000] {dag.py:4180} INFO - Setting next_dagrun for spark_example to None, run_after=None
[2025-01-14T21:20:09.704+0000] {processor.py:208} INFO - Processing /opt/airflow/dags/spark_example.py took 0.068 seconds
[2025-01-14T21:20:40.265+0000] {processor.py:186} INFO - Started process (PID=372) to work on /opt/airflow/dags/spark_example.py
[2025-01-14T21:20:40.265+0000] {processor.py:914} INFO - Processing file /opt/airflow/dags/spark_example.py for tasks to queue
[2025-01-14T21:20:40.267+0000] {logging_mixin.py:190} INFO - [2025-01-14T21:20:40.267+0000] {dagbag.py:588} INFO - Filling up the DagBag from /opt/airflow/dags/spark_example.py
[2025-01-14T21:20:40.273+0000] {processor.py:925} INFO - DAG(s) 'spark_example' retrieved from /opt/airflow/dags/spark_example.py
[2025-01-14T21:20:40.283+0000] {logging_mixin.py:190} INFO - [2025-01-14T21:20:40.283+0000] {dag.py:3239} INFO - Sync 1 DAGs
[2025-01-14T21:20:40.298+0000] {logging_mixin.py:190} INFO - [2025-01-14T21:20:40.298+0000] {dag.py:4180} INFO - Setting next_dagrun for spark_example to None, run_after=None
[2025-01-14T21:20:40.316+0000] {processor.py:208} INFO - Processing /opt/airflow/dags/spark_example.py took 0.057 seconds
[2025-01-14T21:21:10.855+0000] {processor.py:186} INFO - Started process (PID=382) to work on /opt/airflow/dags/spark_example.py
[2025-01-14T21:21:10.857+0000] {processor.py:914} INFO - Processing file /opt/airflow/dags/spark_example.py for tasks to queue
[2025-01-14T21:21:10.859+0000] {logging_mixin.py:190} INFO - [2025-01-14T21:21:10.858+0000] {dagbag.py:588} INFO - Filling up the DagBag from /opt/airflow/dags/spark_example.py
[2025-01-14T21:21:10.865+0000] {processor.py:925} INFO - DAG(s) 'spark_example' retrieved from /opt/airflow/dags/spark_example.py
[2025-01-14T21:21:11.107+0000] {logging_mixin.py:190} INFO - [2025-01-14T21:21:11.107+0000] {dag.py:3239} INFO - Sync 1 DAGs
[2025-01-14T21:21:11.119+0000] {logging_mixin.py:190} INFO - [2025-01-14T21:21:11.119+0000] {dag.py:4180} INFO - Setting next_dagrun for spark_example to None, run_after=None
[2025-01-14T21:21:11.136+0000] {processor.py:208} INFO - Processing /opt/airflow/dags/spark_example.py took 0.286 seconds
[2025-01-14T21:21:41.468+0000] {processor.py:186} INFO - Started process (PID=391) to work on /opt/airflow/dags/spark_example.py
[2025-01-14T21:21:41.468+0000] {processor.py:914} INFO - Processing file /opt/airflow/dags/spark_example.py for tasks to queue
[2025-01-14T21:21:41.470+0000] {logging_mixin.py:190} INFO - [2025-01-14T21:21:41.470+0000] {dagbag.py:588} INFO - Filling up the DagBag from /opt/airflow/dags/spark_example.py
[2025-01-14T21:21:41.477+0000] {processor.py:925} INFO - DAG(s) 'spark_example' retrieved from /opt/airflow/dags/spark_example.py
[2025-01-14T21:21:41.501+0000] {logging_mixin.py:190} INFO - [2025-01-14T21:21:41.500+0000] {dag.py:3239} INFO - Sync 1 DAGs
[2025-01-14T21:21:41.662+0000] {logging_mixin.py:190} INFO - [2025-01-14T21:21:41.662+0000] {dag.py:4180} INFO - Setting next_dagrun for spark_example to None, run_after=None
[2025-01-14T21:21:41.681+0000] {processor.py:208} INFO - Processing /opt/airflow/dags/spark_example.py took 0.219 seconds
[2025-01-14T21:22:12.240+0000] {processor.py:186} INFO - Started process (PID=401) to work on /opt/airflow/dags/spark_example.py
[2025-01-14T21:22:12.242+0000] {processor.py:914} INFO - Processing file /opt/airflow/dags/spark_example.py for tasks to queue
[2025-01-14T21:22:12.244+0000] {logging_mixin.py:190} INFO - [2025-01-14T21:22:12.243+0000] {dagbag.py:588} INFO - Filling up the DagBag from /opt/airflow/dags/spark_example.py
[2025-01-14T21:22:12.250+0000] {processor.py:925} INFO - DAG(s) 'spark_example' retrieved from /opt/airflow/dags/spark_example.py
[2025-01-14T21:22:12.259+0000] {logging_mixin.py:190} INFO - [2025-01-14T21:22:12.259+0000] {dag.py:3239} INFO - Sync 1 DAGs
[2025-01-14T21:22:12.414+0000] {logging_mixin.py:190} INFO - [2025-01-14T21:22:12.414+0000] {dag.py:4180} INFO - Setting next_dagrun for spark_example to None, run_after=None
[2025-01-14T21:22:12.430+0000] {processor.py:208} INFO - Processing /opt/airflow/dags/spark_example.py took 0.195 seconds
[2025-01-14T21:22:42.993+0000] {processor.py:186} INFO - Started process (PID=412) to work on /opt/airflow/dags/spark_example.py
[2025-01-14T21:22:42.993+0000] {processor.py:914} INFO - Processing file /opt/airflow/dags/spark_example.py for tasks to queue
[2025-01-14T21:22:42.996+0000] {logging_mixin.py:190} INFO - [2025-01-14T21:22:42.995+0000] {dagbag.py:588} INFO - Filling up the DagBag from /opt/airflow/dags/spark_example.py
[2025-01-14T21:22:43.002+0000] {processor.py:925} INFO - DAG(s) 'spark_example' retrieved from /opt/airflow/dags/spark_example.py
[2025-01-14T21:22:43.254+0000] {logging_mixin.py:190} INFO - [2025-01-14T21:22:43.254+0000] {dag.py:3239} INFO - Sync 1 DAGs
[2025-01-14T21:22:43.266+0000] {logging_mixin.py:190} INFO - [2025-01-14T21:22:43.266+0000] {dag.py:4180} INFO - Setting next_dagrun for spark_example to None, run_after=None
[2025-01-14T21:22:43.282+0000] {processor.py:208} INFO - Processing /opt/airflow/dags/spark_example.py took 0.295 seconds
[2025-01-14T21:23:13.607+0000] {processor.py:186} INFO - Started process (PID=422) to work on /opt/airflow/dags/spark_example.py
[2025-01-14T21:23:13.608+0000] {processor.py:914} INFO - Processing file /opt/airflow/dags/spark_example.py for tasks to queue
[2025-01-14T21:23:13.611+0000] {logging_mixin.py:190} INFO - [2025-01-14T21:23:13.610+0000] {dagbag.py:588} INFO - Filling up the DagBag from /opt/airflow/dags/spark_example.py
[2025-01-14T21:23:13.619+0000] {processor.py:925} INFO - DAG(s) 'spark_example' retrieved from /opt/airflow/dags/spark_example.py
[2025-01-14T21:23:13.653+0000] {logging_mixin.py:190} INFO - [2025-01-14T21:23:13.653+0000] {dag.py:3239} INFO - Sync 1 DAGs
[2025-01-14T21:23:13.671+0000] {logging_mixin.py:190} INFO - [2025-01-14T21:23:13.670+0000] {dag.py:4180} INFO - Setting next_dagrun for spark_example to None, run_after=None
[2025-01-14T21:23:13.691+0000] {processor.py:208} INFO - Processing /opt/airflow/dags/spark_example.py took 0.092 seconds
[2025-01-14T21:23:44.239+0000] {processor.py:186} INFO - Started process (PID=431) to work on /opt/airflow/dags/spark_example.py
[2025-01-14T21:23:44.239+0000] {processor.py:914} INFO - Processing file /opt/airflow/dags/spark_example.py for tasks to queue
[2025-01-14T21:23:44.241+0000] {logging_mixin.py:190} INFO - [2025-01-14T21:23:44.241+0000] {dagbag.py:588} INFO - Filling up the DagBag from /opt/airflow/dags/spark_example.py
[2025-01-14T21:23:44.247+0000] {processor.py:925} INFO - DAG(s) 'spark_example' retrieved from /opt/airflow/dags/spark_example.py
[2025-01-14T21:23:44.257+0000] {logging_mixin.py:190} INFO - [2025-01-14T21:23:44.257+0000] {dag.py:3239} INFO - Sync 1 DAGs
[2025-01-14T21:23:44.271+0000] {logging_mixin.py:190} INFO - [2025-01-14T21:23:44.271+0000] {dag.py:4180} INFO - Setting next_dagrun for spark_example to None, run_after=None
[2025-01-14T21:23:44.288+0000] {processor.py:208} INFO - Processing /opt/airflow/dags/spark_example.py took 0.056 seconds
[2025-01-14T21:24:14.836+0000] {processor.py:186} INFO - Started process (PID=443) to work on /opt/airflow/dags/spark_example.py
[2025-01-14T21:24:14.837+0000] {processor.py:914} INFO - Processing file /opt/airflow/dags/spark_example.py for tasks to queue
[2025-01-14T21:24:14.839+0000] {logging_mixin.py:190} INFO - [2025-01-14T21:24:14.839+0000] {dagbag.py:588} INFO - Filling up the DagBag from /opt/airflow/dags/spark_example.py
[2025-01-14T21:24:14.845+0000] {processor.py:925} INFO - DAG(s) 'spark_example' retrieved from /opt/airflow/dags/spark_example.py
[2025-01-14T21:24:15.086+0000] {logging_mixin.py:190} INFO - [2025-01-14T21:24:15.086+0000] {dag.py:3239} INFO - Sync 1 DAGs
[2025-01-14T21:24:15.097+0000] {logging_mixin.py:190} INFO - [2025-01-14T21:24:15.097+0000] {dag.py:4180} INFO - Setting next_dagrun for spark_example to None, run_after=None
[2025-01-14T21:24:15.112+0000] {processor.py:208} INFO - Processing /opt/airflow/dags/spark_example.py took 0.282 seconds
[2025-01-14T21:24:45.373+0000] {processor.py:186} INFO - Started process (PID=453) to work on /opt/airflow/dags/spark_example.py
[2025-01-14T21:24:45.374+0000] {processor.py:914} INFO - Processing file /opt/airflow/dags/spark_example.py for tasks to queue
[2025-01-14T21:24:45.376+0000] {logging_mixin.py:190} INFO - [2025-01-14T21:24:45.376+0000] {dagbag.py:588} INFO - Filling up the DagBag from /opt/airflow/dags/spark_example.py
[2025-01-14T21:24:45.382+0000] {processor.py:925} INFO - DAG(s) 'spark_example' retrieved from /opt/airflow/dags/spark_example.py
[2025-01-14T21:24:45.543+0000] {logging_mixin.py:190} INFO - [2025-01-14T21:24:45.543+0000] {dag.py:3239} INFO - Sync 1 DAGs
[2025-01-14T21:24:45.555+0000] {logging_mixin.py:190} INFO - [2025-01-14T21:24:45.555+0000] {dag.py:4180} INFO - Setting next_dagrun for spark_example to None, run_after=None
[2025-01-14T21:24:45.571+0000] {processor.py:208} INFO - Processing /opt/airflow/dags/spark_example.py took 0.203 seconds
[2025-01-14T21:25:15.978+0000] {processor.py:186} INFO - Started process (PID=463) to work on /opt/airflow/dags/spark_example.py
[2025-01-14T21:25:15.979+0000] {processor.py:914} INFO - Processing file /opt/airflow/dags/spark_example.py for tasks to queue
[2025-01-14T21:25:15.981+0000] {logging_mixin.py:190} INFO - [2025-01-14T21:25:15.981+0000] {dagbag.py:588} INFO - Filling up the DagBag from /opt/airflow/dags/spark_example.py
[2025-01-14T21:25:15.987+0000] {processor.py:925} INFO - DAG(s) 'spark_example' retrieved from /opt/airflow/dags/spark_example.py
[2025-01-14T21:25:15.997+0000] {logging_mixin.py:190} INFO - [2025-01-14T21:25:15.997+0000] {dag.py:3239} INFO - Sync 1 DAGs
[2025-01-14T21:25:16.011+0000] {logging_mixin.py:190} INFO - [2025-01-14T21:25:16.011+0000] {dag.py:4180} INFO - Setting next_dagrun for spark_example to None, run_after=None
[2025-01-14T21:25:16.029+0000] {processor.py:208} INFO - Processing /opt/airflow/dags/spark_example.py took 0.057 seconds
[2025-01-14T21:25:46.198+0000] {processor.py:186} INFO - Started process (PID=472) to work on /opt/airflow/dags/spark_example.py
[2025-01-14T21:25:46.199+0000] {processor.py:914} INFO - Processing file /opt/airflow/dags/spark_example.py for tasks to queue
[2025-01-14T21:25:46.201+0000] {logging_mixin.py:190} INFO - [2025-01-14T21:25:46.200+0000] {dagbag.py:588} INFO - Filling up the DagBag from /opt/airflow/dags/spark_example.py
[2025-01-14T21:25:46.207+0000] {processor.py:925} INFO - DAG(s) 'spark_example' retrieved from /opt/airflow/dags/spark_example.py
[2025-01-14T21:25:46.489+0000] {logging_mixin.py:190} INFO - [2025-01-14T21:25:46.488+0000] {dag.py:3239} INFO - Sync 1 DAGs
[2025-01-14T21:25:46.504+0000] {logging_mixin.py:190} INFO - [2025-01-14T21:25:46.504+0000] {dag.py:4180} INFO - Setting next_dagrun for spark_example to None, run_after=None
[2025-01-14T21:25:46.524+0000] {processor.py:208} INFO - Processing /opt/airflow/dags/spark_example.py took 0.333 seconds
[2025-01-14T21:26:16.781+0000] {processor.py:186} INFO - Started process (PID=482) to work on /opt/airflow/dags/spark_example.py
[2025-01-14T21:26:16.783+0000] {processor.py:914} INFO - Processing file /opt/airflow/dags/spark_example.py for tasks to queue
[2025-01-14T21:26:16.785+0000] {logging_mixin.py:190} INFO - [2025-01-14T21:26:16.785+0000] {dagbag.py:588} INFO - Filling up the DagBag from /opt/airflow/dags/spark_example.py
[2025-01-14T21:26:16.792+0000] {processor.py:925} INFO - DAG(s) 'spark_example' retrieved from /opt/airflow/dags/spark_example.py
[2025-01-14T21:26:16.815+0000] {logging_mixin.py:190} INFO - [2025-01-14T21:26:16.815+0000] {dag.py:3239} INFO - Sync 1 DAGs
[2025-01-14T21:26:16.830+0000] {logging_mixin.py:190} INFO - [2025-01-14T21:26:16.830+0000] {dag.py:4180} INFO - Setting next_dagrun for spark_example to None, run_after=None
[2025-01-14T21:26:16.848+0000] {processor.py:208} INFO - Processing /opt/airflow/dags/spark_example.py took 0.072 seconds
[2025-01-14T21:26:47.311+0000] {processor.py:186} INFO - Started process (PID=492) to work on /opt/airflow/dags/spark_example.py
[2025-01-14T21:26:47.312+0000] {processor.py:914} INFO - Processing file /opt/airflow/dags/spark_example.py for tasks to queue
[2025-01-14T21:26:47.313+0000] {logging_mixin.py:190} INFO - [2025-01-14T21:26:47.313+0000] {dagbag.py:588} INFO - Filling up the DagBag from /opt/airflow/dags/spark_example.py
[2025-01-14T21:26:47.320+0000] {processor.py:925} INFO - DAG(s) 'spark_example' retrieved from /opt/airflow/dags/spark_example.py
[2025-01-14T21:26:47.330+0000] {logging_mixin.py:190} INFO - [2025-01-14T21:26:47.329+0000] {dag.py:3239} INFO - Sync 1 DAGs
[2025-01-14T21:26:47.344+0000] {logging_mixin.py:190} INFO - [2025-01-14T21:26:47.344+0000] {dag.py:4180} INFO - Setting next_dagrun for spark_example to None, run_after=None
[2025-01-14T21:26:47.361+0000] {processor.py:208} INFO - Processing /opt/airflow/dags/spark_example.py took 0.056 seconds
[2025-01-14T21:27:17.830+0000] {processor.py:186} INFO - Started process (PID=502) to work on /opt/airflow/dags/spark_example.py
[2025-01-14T21:27:17.833+0000] {processor.py:914} INFO - Processing file /opt/airflow/dags/spark_example.py for tasks to queue
[2025-01-14T21:27:17.835+0000] {logging_mixin.py:190} INFO - [2025-01-14T21:27:17.835+0000] {dagbag.py:588} INFO - Filling up the DagBag from /opt/airflow/dags/spark_example.py
[2025-01-14T21:27:17.841+0000] {processor.py:925} INFO - DAG(s) 'spark_example' retrieved from /opt/airflow/dags/spark_example.py
[2025-01-14T21:27:18.088+0000] {logging_mixin.py:190} INFO - [2025-01-14T21:27:18.088+0000] {dag.py:3239} INFO - Sync 1 DAGs
[2025-01-14T21:27:18.099+0000] {logging_mixin.py:190} INFO - [2025-01-14T21:27:18.098+0000] {dag.py:4180} INFO - Setting next_dagrun for spark_example to None, run_after=None
[2025-01-14T21:27:18.115+0000] {processor.py:208} INFO - Processing /opt/airflow/dags/spark_example.py took 0.291 seconds
[2025-01-14T21:27:48.373+0000] {processor.py:186} INFO - Started process (PID=512) to work on /opt/airflow/dags/spark_example.py
[2025-01-14T21:27:48.374+0000] {processor.py:914} INFO - Processing file /opt/airflow/dags/spark_example.py for tasks to queue
[2025-01-14T21:27:48.377+0000] {logging_mixin.py:190} INFO - [2025-01-14T21:27:48.376+0000] {dagbag.py:588} INFO - Filling up the DagBag from /opt/airflow/dags/spark_example.py
[2025-01-14T21:27:48.384+0000] {processor.py:925} INFO - DAG(s) 'spark_example' retrieved from /opt/airflow/dags/spark_example.py
[2025-01-14T21:27:48.555+0000] {logging_mixin.py:190} INFO - [2025-01-14T21:27:48.555+0000] {dag.py:3239} INFO - Sync 1 DAGs
[2025-01-14T21:27:48.568+0000] {logging_mixin.py:190} INFO - [2025-01-14T21:27:48.568+0000] {dag.py:4180} INFO - Setting next_dagrun for spark_example to None, run_after=None
[2025-01-14T21:27:48.583+0000] {processor.py:208} INFO - Processing /opt/airflow/dags/spark_example.py took 0.217 seconds
[2025-01-14T21:28:19.546+0000] {processor.py:186} INFO - Started process (PID=523) to work on /opt/airflow/dags/spark_example.py
[2025-01-14T21:28:19.547+0000] {processor.py:914} INFO - Processing file /opt/airflow/dags/spark_example.py for tasks to queue
[2025-01-14T21:28:19.549+0000] {logging_mixin.py:190} INFO - [2025-01-14T21:28:19.548+0000] {dagbag.py:588} INFO - Filling up the DagBag from /opt/airflow/dags/spark_example.py
[2025-01-14T21:28:19.555+0000] {processor.py:925} INFO - DAG(s) 'spark_example' retrieved from /opt/airflow/dags/spark_example.py
[2025-01-14T21:28:19.564+0000] {logging_mixin.py:190} INFO - [2025-01-14T21:28:19.564+0000] {dag.py:3239} INFO - Sync 1 DAGs
[2025-01-14T21:28:19.578+0000] {logging_mixin.py:190} INFO - [2025-01-14T21:28:19.578+0000] {dag.py:4180} INFO - Setting next_dagrun for spark_example to None, run_after=None
[2025-01-14T21:28:19.595+0000] {processor.py:208} INFO - Processing /opt/airflow/dags/spark_example.py took 0.056 seconds
[2025-01-14T21:28:50.018+0000] {processor.py:186} INFO - Started process (PID=534) to work on /opt/airflow/dags/spark_example.py
[2025-01-14T21:28:50.019+0000] {processor.py:914} INFO - Processing file /opt/airflow/dags/spark_example.py for tasks to queue
[2025-01-14T21:28:50.021+0000] {logging_mixin.py:190} INFO - [2025-01-14T21:28:50.020+0000] {dagbag.py:588} INFO - Filling up the DagBag from /opt/airflow/dags/spark_example.py
[2025-01-14T21:28:50.027+0000] {processor.py:925} INFO - DAG(s) 'spark_example' retrieved from /opt/airflow/dags/spark_example.py
[2025-01-14T21:28:50.129+0000] {logging_mixin.py:190} INFO - [2025-01-14T21:28:50.129+0000] {dag.py:3239} INFO - Sync 1 DAGs
[2025-01-14T21:28:50.142+0000] {logging_mixin.py:190} INFO - [2025-01-14T21:28:50.141+0000] {dag.py:4180} INFO - Setting next_dagrun for spark_example to None, run_after=None
[2025-01-14T21:28:50.158+0000] {processor.py:208} INFO - Processing /opt/airflow/dags/spark_example.py took 0.146 seconds
[2025-01-14T21:29:20.436+0000] {processor.py:186} INFO - Started process (PID=544) to work on /opt/airflow/dags/spark_example.py
[2025-01-14T21:29:20.438+0000] {processor.py:914} INFO - Processing file /opt/airflow/dags/spark_example.py for tasks to queue
[2025-01-14T21:29:20.440+0000] {logging_mixin.py:190} INFO - [2025-01-14T21:29:20.440+0000] {dagbag.py:588} INFO - Filling up the DagBag from /opt/airflow/dags/spark_example.py
[2025-01-14T21:29:20.446+0000] {processor.py:925} INFO - DAG(s) 'spark_example' retrieved from /opt/airflow/dags/spark_example.py
[2025-01-14T21:29:20.469+0000] {logging_mixin.py:190} INFO - [2025-01-14T21:29:20.468+0000] {dag.py:3239} INFO - Sync 1 DAGs
[2025-01-14T21:29:20.485+0000] {logging_mixin.py:190} INFO - [2025-01-14T21:29:20.485+0000] {dag.py:4180} INFO - Setting next_dagrun for spark_example to None, run_after=None
[2025-01-14T21:29:20.502+0000] {processor.py:208} INFO - Processing /opt/airflow/dags/spark_example.py took 0.073 seconds
[2025-01-14T21:29:51.066+0000] {processor.py:186} INFO - Started process (PID=558) to work on /opt/airflow/dags/spark_example.py
[2025-01-14T21:29:51.067+0000] {processor.py:914} INFO - Processing file /opt/airflow/dags/spark_example.py for tasks to queue
[2025-01-14T21:29:51.069+0000] {logging_mixin.py:190} INFO - [2025-01-14T21:29:51.069+0000] {dagbag.py:588} INFO - Filling up the DagBag from /opt/airflow/dags/spark_example.py
[2025-01-14T21:29:51.075+0000] {processor.py:925} INFO - DAG(s) 'spark_example' retrieved from /opt/airflow/dags/spark_example.py
[2025-01-14T21:29:51.085+0000] {logging_mixin.py:190} INFO - [2025-01-14T21:29:51.084+0000] {dag.py:3239} INFO - Sync 1 DAGs
[2025-01-14T21:29:51.099+0000] {logging_mixin.py:190} INFO - [2025-01-14T21:29:51.099+0000] {dag.py:4180} INFO - Setting next_dagrun for spark_example to None, run_after=None
[2025-01-14T21:29:51.116+0000] {processor.py:208} INFO - Processing /opt/airflow/dags/spark_example.py took 0.055 seconds
[2025-01-14T21:30:21.692+0000] {processor.py:186} INFO - Started process (PID=568) to work on /opt/airflow/dags/spark_example.py
[2025-01-14T21:30:21.694+0000] {processor.py:914} INFO - Processing file /opt/airflow/dags/spark_example.py for tasks to queue
[2025-01-14T21:30:21.696+0000] {logging_mixin.py:190} INFO - [2025-01-14T21:30:21.695+0000] {dagbag.py:588} INFO - Filling up the DagBag from /opt/airflow/dags/spark_example.py
[2025-01-14T21:30:21.702+0000] {processor.py:925} INFO - DAG(s) 'spark_example' retrieved from /opt/airflow/dags/spark_example.py
[2025-01-14T21:30:21.818+0000] {logging_mixin.py:190} INFO - [2025-01-14T21:30:21.818+0000] {dag.py:3239} INFO - Sync 1 DAGs
[2025-01-14T21:30:21.831+0000] {logging_mixin.py:190} INFO - [2025-01-14T21:30:21.831+0000] {dag.py:4180} INFO - Setting next_dagrun for spark_example to None, run_after=None
[2025-01-14T21:30:21.849+0000] {processor.py:208} INFO - Processing /opt/airflow/dags/spark_example.py took 0.164 seconds
[2025-01-14T21:30:52.114+0000] {processor.py:186} INFO - Started process (PID=578) to work on /opt/airflow/dags/spark_example.py
[2025-01-14T21:30:52.114+0000] {processor.py:914} INFO - Processing file /opt/airflow/dags/spark_example.py for tasks to queue
[2025-01-14T21:30:52.117+0000] {logging_mixin.py:190} INFO - [2025-01-14T21:30:52.117+0000] {dagbag.py:588} INFO - Filling up the DagBag from /opt/airflow/dags/spark_example.py
[2025-01-14T21:30:52.123+0000] {processor.py:925} INFO - DAG(s) 'spark_example' retrieved from /opt/airflow/dags/spark_example.py
[2025-01-14T21:30:52.146+0000] {logging_mixin.py:190} INFO - [2025-01-14T21:30:52.146+0000] {dag.py:3239} INFO - Sync 1 DAGs
[2025-01-14T21:30:52.160+0000] {logging_mixin.py:190} INFO - [2025-01-14T21:30:52.159+0000] {dag.py:4180} INFO - Setting next_dagrun for spark_example to None, run_after=None
[2025-01-14T21:30:52.176+0000] {processor.py:208} INFO - Processing /opt/airflow/dags/spark_example.py took 0.069 seconds
[2025-01-14T21:31:22.585+0000] {processor.py:186} INFO - Started process (PID=588) to work on /opt/airflow/dags/spark_example.py
[2025-01-14T21:31:22.586+0000] {processor.py:914} INFO - Processing file /opt/airflow/dags/spark_example.py for tasks to queue
[2025-01-14T21:31:22.588+0000] {logging_mixin.py:190} INFO - [2025-01-14T21:31:22.588+0000] {dagbag.py:588} INFO - Filling up the DagBag from /opt/airflow/dags/spark_example.py
[2025-01-14T21:31:22.595+0000] {processor.py:925} INFO - DAG(s) 'spark_example' retrieved from /opt/airflow/dags/spark_example.py
[2025-01-14T21:31:22.605+0000] {logging_mixin.py:190} INFO - [2025-01-14T21:31:22.604+0000] {dag.py:3239} INFO - Sync 1 DAGs
[2025-01-14T21:31:22.619+0000] {logging_mixin.py:190} INFO - [2025-01-14T21:31:22.619+0000] {dag.py:4180} INFO - Setting next_dagrun for spark_example to None, run_after=None
[2025-01-14T21:31:22.637+0000] {processor.py:208} INFO - Processing /opt/airflow/dags/spark_example.py took 0.058 seconds
[2025-01-14T21:31:53.090+0000] {processor.py:186} INFO - Started process (PID=600) to work on /opt/airflow/dags/spark_example.py
[2025-01-14T21:31:53.091+0000] {processor.py:914} INFO - Processing file /opt/airflow/dags/spark_example.py for tasks to queue
[2025-01-14T21:31:53.093+0000] {logging_mixin.py:190} INFO - [2025-01-14T21:31:53.093+0000] {dagbag.py:588} INFO - Filling up the DagBag from /opt/airflow/dags/spark_example.py
[2025-01-14T21:31:53.099+0000] {processor.py:925} INFO - DAG(s) 'spark_example' retrieved from /opt/airflow/dags/spark_example.py
[2025-01-14T21:31:53.202+0000] {logging_mixin.py:190} INFO - [2025-01-14T21:31:53.201+0000] {dag.py:3239} INFO - Sync 1 DAGs
[2025-01-14T21:31:53.214+0000] {logging_mixin.py:190} INFO - [2025-01-14T21:31:53.214+0000] {dag.py:4180} INFO - Setting next_dagrun for spark_example to None, run_after=None
[2025-01-14T21:31:53.232+0000] {processor.py:208} INFO - Processing /opt/airflow/dags/spark_example.py took 0.148 seconds
[2025-01-14T21:32:23.506+0000] {processor.py:186} INFO - Started process (PID=610) to work on /opt/airflow/dags/spark_example.py
[2025-01-14T21:32:23.507+0000] {processor.py:914} INFO - Processing file /opt/airflow/dags/spark_example.py for tasks to queue
[2025-01-14T21:32:23.509+0000] {logging_mixin.py:190} INFO - [2025-01-14T21:32:23.509+0000] {dagbag.py:588} INFO - Filling up the DagBag from /opt/airflow/dags/spark_example.py
[2025-01-14T21:32:23.515+0000] {processor.py:925} INFO - DAG(s) 'spark_example' retrieved from /opt/airflow/dags/spark_example.py
[2025-01-14T21:32:23.538+0000] {logging_mixin.py:190} INFO - [2025-01-14T21:32:23.538+0000] {dag.py:3239} INFO - Sync 1 DAGs
[2025-01-14T21:32:23.552+0000] {logging_mixin.py:190} INFO - [2025-01-14T21:32:23.552+0000] {dag.py:4180} INFO - Setting next_dagrun for spark_example to None, run_after=None
[2025-01-14T21:32:23.568+0000] {processor.py:208} INFO - Processing /opt/airflow/dags/spark_example.py took 0.068 seconds
[2025-01-14T21:32:53.969+0000] {processor.py:186} INFO - Started process (PID=620) to work on /opt/airflow/dags/spark_example.py
[2025-01-14T21:32:53.970+0000] {processor.py:914} INFO - Processing file /opt/airflow/dags/spark_example.py for tasks to queue
[2025-01-14T21:32:53.973+0000] {logging_mixin.py:190} INFO - [2025-01-14T21:32:53.972+0000] {dagbag.py:588} INFO - Filling up the DagBag from /opt/airflow/dags/spark_example.py
[2025-01-14T21:32:53.980+0000] {processor.py:925} INFO - DAG(s) 'spark_example' retrieved from /opt/airflow/dags/spark_example.py
[2025-01-14T21:32:53.991+0000] {logging_mixin.py:190} INFO - [2025-01-14T21:32:53.990+0000] {dag.py:3239} INFO - Sync 1 DAGs
[2025-01-14T21:32:54.005+0000] {logging_mixin.py:190} INFO - [2025-01-14T21:32:54.005+0000] {dag.py:4180} INFO - Setting next_dagrun for spark_example to None, run_after=None
[2025-01-14T21:32:54.021+0000] {processor.py:208} INFO - Processing /opt/airflow/dags/spark_example.py took 0.060 seconds
[2025-01-14T21:33:24.466+0000] {processor.py:186} INFO - Started process (PID=630) to work on /opt/airflow/dags/spark_example.py
[2025-01-14T21:33:24.468+0000] {processor.py:914} INFO - Processing file /opt/airflow/dags/spark_example.py for tasks to queue
[2025-01-14T21:33:24.470+0000] {logging_mixin.py:190} INFO - [2025-01-14T21:33:24.469+0000] {dagbag.py:588} INFO - Filling up the DagBag from /opt/airflow/dags/spark_example.py
[2025-01-14T21:33:24.476+0000] {processor.py:925} INFO - DAG(s) 'spark_example' retrieved from /opt/airflow/dags/spark_example.py
[2025-01-14T21:33:24.578+0000] {logging_mixin.py:190} INFO - [2025-01-14T21:33:24.577+0000] {dag.py:3239} INFO - Sync 1 DAGs
[2025-01-14T21:33:24.589+0000] {logging_mixin.py:190} INFO - [2025-01-14T21:33:24.588+0000] {dag.py:4180} INFO - Setting next_dagrun for spark_example to None, run_after=None
[2025-01-14T21:33:24.604+0000] {processor.py:208} INFO - Processing /opt/airflow/dags/spark_example.py took 0.145 seconds
[2025-01-14T21:33:54.873+0000] {processor.py:186} INFO - Started process (PID=640) to work on /opt/airflow/dags/spark_example.py
[2025-01-14T21:33:54.873+0000] {processor.py:914} INFO - Processing file /opt/airflow/dags/spark_example.py for tasks to queue
[2025-01-14T21:33:54.876+0000] {logging_mixin.py:190} INFO - [2025-01-14T21:33:54.875+0000] {dagbag.py:588} INFO - Filling up the DagBag from /opt/airflow/dags/spark_example.py
[2025-01-14T21:33:54.881+0000] {processor.py:925} INFO - DAG(s) 'spark_example' retrieved from /opt/airflow/dags/spark_example.py
[2025-01-14T21:33:54.904+0000] {logging_mixin.py:190} INFO - [2025-01-14T21:33:54.903+0000] {dag.py:3239} INFO - Sync 1 DAGs
[2025-01-14T21:33:54.917+0000] {logging_mixin.py:190} INFO - [2025-01-14T21:33:54.917+0000] {dag.py:4180} INFO - Setting next_dagrun for spark_example to None, run_after=None
[2025-01-14T21:33:54.934+0000] {processor.py:208} INFO - Processing /opt/airflow/dags/spark_example.py took 0.067 seconds
[2025-01-14T21:34:25.353+0000] {processor.py:186} INFO - Started process (PID=655) to work on /opt/airflow/dags/spark_example.py
[2025-01-14T21:34:25.355+0000] {processor.py:914} INFO - Processing file /opt/airflow/dags/spark_example.py for tasks to queue
[2025-01-14T21:34:25.358+0000] {logging_mixin.py:190} INFO - [2025-01-14T21:34:25.358+0000] {dagbag.py:588} INFO - Filling up the DagBag from /opt/airflow/dags/spark_example.py
[2025-01-14T21:34:25.366+0000] {processor.py:925} INFO - DAG(s) 'spark_example' retrieved from /opt/airflow/dags/spark_example.py
[2025-01-14T21:34:25.376+0000] {logging_mixin.py:190} INFO - [2025-01-14T21:34:25.376+0000] {dag.py:3239} INFO - Sync 1 DAGs
[2025-01-14T21:34:25.390+0000] {logging_mixin.py:190} INFO - [2025-01-14T21:34:25.390+0000] {dag.py:4180} INFO - Setting next_dagrun for spark_example to None, run_after=None
[2025-01-14T21:34:25.406+0000] {processor.py:208} INFO - Processing /opt/airflow/dags/spark_example.py took 0.059 seconds
[2025-01-14T21:34:55.788+0000] {processor.py:186} INFO - Started process (PID=665) to work on /opt/airflow/dags/spark_example.py
[2025-01-14T21:34:55.788+0000] {processor.py:914} INFO - Processing file /opt/airflow/dags/spark_example.py for tasks to queue
[2025-01-14T21:34:55.790+0000] {logging_mixin.py:190} INFO - [2025-01-14T21:34:55.790+0000] {dagbag.py:588} INFO - Filling up the DagBag from /opt/airflow/dags/spark_example.py
[2025-01-14T21:34:55.796+0000] {processor.py:925} INFO - DAG(s) 'spark_example' retrieved from /opt/airflow/dags/spark_example.py
[2025-01-14T21:34:55.896+0000] {logging_mixin.py:190} INFO - [2025-01-14T21:34:55.896+0000] {dag.py:3239} INFO - Sync 1 DAGs
[2025-01-14T21:34:55.908+0000] {logging_mixin.py:190} INFO - [2025-01-14T21:34:55.908+0000] {dag.py:4180} INFO - Setting next_dagrun for spark_example to None, run_after=None
[2025-01-14T21:34:55.925+0000] {processor.py:208} INFO - Processing /opt/airflow/dags/spark_example.py took 0.144 seconds
