[2025-04-11T21:01:48.637+0000] {processor.py:186} INFO - Started process (PID=58) to work on /opt/airflow/dags/bank_transactions.py
[2025-04-11T21:01:48.639+0000] {processor.py:914} INFO - Processing file /opt/airflow/dags/bank_transactions.py for tasks to queue
[2025-04-11T21:01:48.643+0000] {logging_mixin.py:190} INFO - [2025-04-11T21:01:48.643+0000] {dagbag.py:588} INFO - Filling up the DagBag from /opt/airflow/dags/bank_transactions.py
[2025-04-11T21:01:50.545+0000] {processor.py:925} INFO - DAG(s) 'pyspark_test_work' retrieved from /opt/airflow/dags/bank_transactions.py
[2025-04-11T21:01:50.575+0000] {logging_mixin.py:190} INFO - [2025-04-11T21:01:50.575+0000] {dag.py:3239} INFO - Sync 1 DAGs
[2025-04-11T21:01:50.594+0000] {logging_mixin.py:190} INFO - [2025-04-11T21:01:50.594+0000] {dag.py:4180} INFO - Setting next_dagrun for pyspark_test_work to None, run_after=None
[2025-04-11T21:01:50.612+0000] {processor.py:208} INFO - Processing /opt/airflow/dags/bank_transactions.py took 1.986 seconds
[2025-04-11T21:02:20.677+0000] {processor.py:186} INFO - Started process (PID=71) to work on /opt/airflow/dags/bank_transactions.py
[2025-04-11T21:02:20.678+0000] {processor.py:914} INFO - Processing file /opt/airflow/dags/bank_transactions.py for tasks to queue
[2025-04-11T21:02:20.680+0000] {logging_mixin.py:190} INFO - [2025-04-11T21:02:20.680+0000] {dagbag.py:588} INFO - Filling up the DagBag from /opt/airflow/dags/bank_transactions.py
[2025-04-11T21:02:21.684+0000] {processor.py:925} INFO - DAG(s) 'pyspark_test_work' retrieved from /opt/airflow/dags/bank_transactions.py
[2025-04-11T21:02:21.715+0000] {logging_mixin.py:190} INFO - [2025-04-11T21:02:21.714+0000] {dag.py:3239} INFO - Sync 1 DAGs
[2025-04-11T21:02:21.738+0000] {logging_mixin.py:190} INFO - [2025-04-11T21:02:21.738+0000] {dag.py:4180} INFO - Setting next_dagrun for pyspark_test_work to None, run_after=None
[2025-04-11T21:02:21.763+0000] {processor.py:208} INFO - Processing /opt/airflow/dags/bank_transactions.py took 1.097 seconds
[2025-04-11T21:02:52.587+0000] {processor.py:186} INFO - Started process (PID=84) to work on /opt/airflow/dags/bank_transactions.py
[2025-04-11T21:02:52.588+0000] {processor.py:914} INFO - Processing file /opt/airflow/dags/bank_transactions.py for tasks to queue
[2025-04-11T21:02:52.591+0000] {logging_mixin.py:190} INFO - [2025-04-11T21:02:52.590+0000] {dagbag.py:588} INFO - Filling up the DagBag from /opt/airflow/dags/bank_transactions.py
[2025-04-11T21:02:53.569+0000] {processor.py:925} INFO - DAG(s) 'pyspark_test_work' retrieved from /opt/airflow/dags/bank_transactions.py
[2025-04-11T21:02:53.591+0000] {logging_mixin.py:190} INFO - [2025-04-11T21:02:53.591+0000] {dag.py:3239} INFO - Sync 1 DAGs
[2025-04-11T21:02:53.606+0000] {logging_mixin.py:190} INFO - [2025-04-11T21:02:53.606+0000] {dag.py:4180} INFO - Setting next_dagrun for pyspark_test_work to None, run_after=None
[2025-04-11T21:02:53.622+0000] {processor.py:208} INFO - Processing /opt/airflow/dags/bank_transactions.py took 1.041 seconds
[2025-04-11T21:03:23.684+0000] {processor.py:186} INFO - Started process (PID=103) to work on /opt/airflow/dags/bank_transactions.py
[2025-04-11T21:03:23.687+0000] {processor.py:914} INFO - Processing file /opt/airflow/dags/bank_transactions.py for tasks to queue
[2025-04-11T21:03:23.690+0000] {logging_mixin.py:190} INFO - [2025-04-11T21:03:23.689+0000] {dagbag.py:588} INFO - Filling up the DagBag from /opt/airflow/dags/bank_transactions.py
[2025-04-11T21:03:24.676+0000] {processor.py:925} INFO - DAG(s) 'pyspark_test_work' retrieved from /opt/airflow/dags/bank_transactions.py
[2025-04-11T21:03:24.702+0000] {logging_mixin.py:190} INFO - [2025-04-11T21:03:24.701+0000] {dag.py:3239} INFO - Sync 1 DAGs
[2025-04-11T21:03:24.716+0000] {logging_mixin.py:190} INFO - [2025-04-11T21:03:24.715+0000] {dag.py:4180} INFO - Setting next_dagrun for pyspark_test_work to None, run_after=None
[2025-04-11T21:03:24.734+0000] {processor.py:208} INFO - Processing /opt/airflow/dags/bank_transactions.py took 1.058 seconds
[2025-04-11T21:03:55.302+0000] {processor.py:186} INFO - Started process (PID=116) to work on /opt/airflow/dags/bank_transactions.py
[2025-04-11T21:03:55.303+0000] {processor.py:914} INFO - Processing file /opt/airflow/dags/bank_transactions.py for tasks to queue
[2025-04-11T21:03:55.306+0000] {logging_mixin.py:190} INFO - [2025-04-11T21:03:55.305+0000] {dagbag.py:588} INFO - Filling up the DagBag from /opt/airflow/dags/bank_transactions.py
[2025-04-11T21:03:56.271+0000] {processor.py:925} INFO - DAG(s) 'pyspark_test_work' retrieved from /opt/airflow/dags/bank_transactions.py
[2025-04-11T21:03:56.294+0000] {logging_mixin.py:190} INFO - [2025-04-11T21:03:56.293+0000] {dag.py:3239} INFO - Sync 1 DAGs
[2025-04-11T21:03:56.309+0000] {logging_mixin.py:190} INFO - [2025-04-11T21:03:56.308+0000] {dag.py:4180} INFO - Setting next_dagrun for pyspark_test_work to None, run_after=None
[2025-04-11T21:03:56.327+0000] {processor.py:208} INFO - Processing /opt/airflow/dags/bank_transactions.py took 1.032 seconds
[2025-04-11T21:04:26.396+0000] {processor.py:186} INFO - Started process (PID=130) to work on /opt/airflow/dags/bank_transactions.py
[2025-04-11T21:04:26.397+0000] {processor.py:914} INFO - Processing file /opt/airflow/dags/bank_transactions.py for tasks to queue
[2025-04-11T21:04:26.400+0000] {logging_mixin.py:190} INFO - [2025-04-11T21:04:26.400+0000] {dagbag.py:588} INFO - Filling up the DagBag from /opt/airflow/dags/bank_transactions.py
[2025-04-11T21:04:27.372+0000] {processor.py:925} INFO - DAG(s) 'pyspark_test_work' retrieved from /opt/airflow/dags/bank_transactions.py
[2025-04-11T21:04:27.394+0000] {logging_mixin.py:190} INFO - [2025-04-11T21:04:27.394+0000] {dag.py:3239} INFO - Sync 1 DAGs
[2025-04-11T21:04:27.408+0000] {logging_mixin.py:190} INFO - [2025-04-11T21:04:27.407+0000] {dag.py:4180} INFO - Setting next_dagrun for pyspark_test_work to None, run_after=None
[2025-04-11T21:04:27.424+0000] {processor.py:208} INFO - Processing /opt/airflow/dags/bank_transactions.py took 1.035 seconds
