[2025-03-18T21:03:21.469+0000] {processor.py:186} INFO - Started process (PID=67) to work on /opt/airflow/dags/bank_transactions.py
[2025-03-18T21:03:21.471+0000] {processor.py:914} INFO - Processing file /opt/airflow/dags/bank_transactions.py for tasks to queue
[2025-03-18T21:03:21.476+0000] {logging_mixin.py:190} INFO - [2025-03-18T21:03:21.476+0000] {dagbag.py:588} INFO - Filling up the DagBag from /opt/airflow/dags/bank_transactions.py
[2025-03-18T21:03:24.675+0000] {processor.py:925} INFO - DAG(s) 'pyspark_test_work' retrieved from /opt/airflow/dags/bank_transactions.py
[2025-03-18T21:03:24.828+0000] {logging_mixin.py:190} INFO - [2025-03-18T21:03:24.827+0000] {override.py:1911} INFO - Created Permission View: can delete on DAG:pyspark_test_work
[2025-03-18T21:03:24.842+0000] {logging_mixin.py:190} INFO - [2025-03-18T21:03:24.841+0000] {override.py:1911} INFO - Created Permission View: can read on DAG:pyspark_test_work
[2025-03-18T21:03:24.848+0000] {logging_mixin.py:190} INFO - [2025-03-18T21:03:24.848+0000] {override.py:1911} INFO - Created Permission View: can edit on DAG:pyspark_test_work
[2025-03-18T21:03:24.856+0000] {logging_mixin.py:190} INFO - [2025-03-18T21:03:24.855+0000] {override.py:1911} INFO - Created Permission View: menu access on DAG Run:pyspark_test_work
[2025-03-18T21:03:24.863+0000] {logging_mixin.py:190} INFO - [2025-03-18T21:03:24.863+0000] {override.py:1911} INFO - Created Permission View: can delete on DAG Run:pyspark_test_work
[2025-03-18T21:03:24.871+0000] {logging_mixin.py:190} INFO - [2025-03-18T21:03:24.870+0000] {override.py:1911} INFO - Created Permission View: can create on DAG Run:pyspark_test_work
[2025-03-18T21:03:24.879+0000] {logging_mixin.py:190} INFO - [2025-03-18T21:03:24.878+0000] {override.py:1911} INFO - Created Permission View: can read on DAG Run:pyspark_test_work
[2025-03-18T21:03:24.880+0000] {logging_mixin.py:190} INFO - [2025-03-18T21:03:24.879+0000] {dag.py:3239} INFO - Sync 1 DAGs
[2025-03-18T21:03:24.901+0000] {logging_mixin.py:190} INFO - [2025-03-18T21:03:24.900+0000] {dag.py:3262} INFO - Creating ORM DAG for pyspark_test_work
[2025-03-18T21:03:24.902+0000] {logging_mixin.py:190} INFO - [2025-03-18T21:03:24.902+0000] {dag.py:4180} INFO - Setting next_dagrun for pyspark_test_work to None, run_after=None
[2025-03-18T21:03:24.925+0000] {processor.py:208} INFO - Processing /opt/airflow/dags/bank_transactions.py took 3.472 seconds
[2025-03-18T21:03:55.096+0000] {processor.py:186} INFO - Started process (PID=80) to work on /opt/airflow/dags/bank_transactions.py
[2025-03-18T21:03:55.112+0000] {processor.py:914} INFO - Processing file /opt/airflow/dags/bank_transactions.py for tasks to queue
[2025-03-18T21:03:55.115+0000] {logging_mixin.py:190} INFO - [2025-03-18T21:03:55.115+0000] {dagbag.py:588} INFO - Filling up the DagBag from /opt/airflow/dags/bank_transactions.py
[2025-03-18T21:03:56.217+0000] {processor.py:925} INFO - DAG(s) 'pyspark_test_work' retrieved from /opt/airflow/dags/bank_transactions.py
[2025-03-18T21:03:56.245+0000] {logging_mixin.py:190} INFO - [2025-03-18T21:03:56.244+0000] {dag.py:3239} INFO - Sync 1 DAGs
[2025-03-18T21:03:56.263+0000] {logging_mixin.py:190} INFO - [2025-03-18T21:03:56.263+0000] {dag.py:4180} INFO - Setting next_dagrun for pyspark_test_work to None, run_after=None
[2025-03-18T21:03:56.281+0000] {processor.py:208} INFO - Processing /opt/airflow/dags/bank_transactions.py took 1.193 seconds
[2025-03-18T21:04:26.471+0000] {processor.py:186} INFO - Started process (PID=93) to work on /opt/airflow/dags/bank_transactions.py
[2025-03-18T21:04:26.515+0000] {processor.py:914} INFO - Processing file /opt/airflow/dags/bank_transactions.py for tasks to queue
[2025-03-18T21:04:26.517+0000] {logging_mixin.py:190} INFO - [2025-03-18T21:04:26.517+0000] {dagbag.py:588} INFO - Filling up the DagBag from /opt/airflow/dags/bank_transactions.py
[2025-03-18T21:04:27.538+0000] {processor.py:925} INFO - DAG(s) 'pyspark_test_work' retrieved from /opt/airflow/dags/bank_transactions.py
[2025-03-18T21:04:27.561+0000] {logging_mixin.py:190} INFO - [2025-03-18T21:04:27.561+0000] {dag.py:3239} INFO - Sync 1 DAGs
[2025-03-18T21:04:27.574+0000] {logging_mixin.py:190} INFO - [2025-03-18T21:04:27.574+0000] {dag.py:4180} INFO - Setting next_dagrun for pyspark_test_work to None, run_after=None
[2025-03-18T21:04:27.591+0000] {processor.py:208} INFO - Processing /opt/airflow/dags/bank_transactions.py took 1.128 seconds
[2025-03-18T21:04:57.779+0000] {processor.py:186} INFO - Started process (PID=106) to work on /opt/airflow/dags/bank_transactions.py
[2025-03-18T21:04:57.781+0000] {processor.py:914} INFO - Processing file /opt/airflow/dags/bank_transactions.py for tasks to queue
[2025-03-18T21:04:57.784+0000] {logging_mixin.py:190} INFO - [2025-03-18T21:04:57.783+0000] {dagbag.py:588} INFO - Filling up the DagBag from /opt/airflow/dags/bank_transactions.py
[2025-03-18T21:04:58.802+0000] {processor.py:925} INFO - DAG(s) 'pyspark_test_work' retrieved from /opt/airflow/dags/bank_transactions.py
[2025-03-18T21:04:58.824+0000] {logging_mixin.py:190} INFO - [2025-03-18T21:04:58.824+0000] {dag.py:3239} INFO - Sync 1 DAGs
[2025-03-18T21:04:58.839+0000] {logging_mixin.py:190} INFO - [2025-03-18T21:04:58.838+0000] {dag.py:4180} INFO - Setting next_dagrun for pyspark_test_work to None, run_after=None
[2025-03-18T21:04:58.856+0000] {processor.py:208} INFO - Processing /opt/airflow/dags/bank_transactions.py took 1.085 seconds
[2025-03-18T21:05:29.047+0000] {processor.py:186} INFO - Started process (PID=119) to work on /opt/airflow/dags/bank_transactions.py
[2025-03-18T21:05:29.049+0000] {processor.py:914} INFO - Processing file /opt/airflow/dags/bank_transactions.py for tasks to queue
[2025-03-18T21:05:29.053+0000] {logging_mixin.py:190} INFO - [2025-03-18T21:05:29.052+0000] {dagbag.py:588} INFO - Filling up the DagBag from /opt/airflow/dags/bank_transactions.py
[2025-03-18T21:05:30.708+0000] {processor.py:925} INFO - DAG(s) 'pyspark_test_work' retrieved from /opt/airflow/dags/bank_transactions.py
[2025-03-18T21:05:30.736+0000] {logging_mixin.py:190} INFO - [2025-03-18T21:05:30.735+0000] {dag.py:3239} INFO - Sync 1 DAGs
[2025-03-18T21:05:30.755+0000] {logging_mixin.py:190} INFO - [2025-03-18T21:05:30.755+0000] {dag.py:4180} INFO - Setting next_dagrun for pyspark_test_work to None, run_after=None
[2025-03-18T21:05:30.783+0000] {processor.py:208} INFO - Processing /opt/airflow/dags/bank_transactions.py took 1.746 seconds
[2025-03-18T21:06:01.231+0000] {processor.py:186} INFO - Started process (PID=132) to work on /opt/airflow/dags/bank_transactions.py
[2025-03-18T21:06:01.264+0000] {processor.py:914} INFO - Processing file /opt/airflow/dags/bank_transactions.py for tasks to queue
[2025-03-18T21:06:01.267+0000] {logging_mixin.py:190} INFO - [2025-03-18T21:06:01.267+0000] {dagbag.py:588} INFO - Filling up the DagBag from /opt/airflow/dags/bank_transactions.py
[2025-03-18T21:06:03.420+0000] {processor.py:925} INFO - DAG(s) 'pyspark_test_work' retrieved from /opt/airflow/dags/bank_transactions.py
[2025-03-18T21:06:03.455+0000] {logging_mixin.py:190} INFO - [2025-03-18T21:06:03.453+0000] {dag.py:3239} INFO - Sync 1 DAGs
[2025-03-18T21:06:03.480+0000] {logging_mixin.py:190} INFO - [2025-03-18T21:06:03.480+0000] {dag.py:4180} INFO - Setting next_dagrun for pyspark_test_work to None, run_after=None
[2025-03-18T21:06:03.507+0000] {processor.py:208} INFO - Processing /opt/airflow/dags/bank_transactions.py took 2.285 seconds
[2025-03-18T21:06:33.730+0000] {processor.py:186} INFO - Started process (PID=147) to work on /opt/airflow/dags/bank_transactions.py
[2025-03-18T21:06:33.732+0000] {processor.py:914} INFO - Processing file /opt/airflow/dags/bank_transactions.py for tasks to queue
[2025-03-18T21:06:33.735+0000] {logging_mixin.py:190} INFO - [2025-03-18T21:06:33.734+0000] {dagbag.py:588} INFO - Filling up the DagBag from /opt/airflow/dags/bank_transactions.py
[2025-03-18T21:06:34.696+0000] {processor.py:925} INFO - DAG(s) 'pyspark_test_work' retrieved from /opt/airflow/dags/bank_transactions.py
[2025-03-18T21:06:34.718+0000] {logging_mixin.py:190} INFO - [2025-03-18T21:06:34.717+0000] {dag.py:3239} INFO - Sync 1 DAGs
[2025-03-18T21:06:34.731+0000] {logging_mixin.py:190} INFO - [2025-03-18T21:06:34.731+0000] {dag.py:4180} INFO - Setting next_dagrun for pyspark_test_work to None, run_after=None
[2025-03-18T21:06:34.747+0000] {processor.py:208} INFO - Processing /opt/airflow/dags/bank_transactions.py took 1.025 seconds
[2025-03-18T21:07:04.934+0000] {processor.py:186} INFO - Started process (PID=160) to work on /opt/airflow/dags/bank_transactions.py
[2025-03-18T21:07:04.936+0000] {processor.py:914} INFO - Processing file /opt/airflow/dags/bank_transactions.py for tasks to queue
[2025-03-18T21:07:04.939+0000] {logging_mixin.py:190} INFO - [2025-03-18T21:07:04.938+0000] {dagbag.py:588} INFO - Filling up the DagBag from /opt/airflow/dags/bank_transactions.py
[2025-03-18T21:07:06.155+0000] {processor.py:925} INFO - DAG(s) 'pyspark_test_work' retrieved from /opt/airflow/dags/bank_transactions.py
[2025-03-18T21:07:06.180+0000] {logging_mixin.py:190} INFO - [2025-03-18T21:07:06.179+0000] {dag.py:3239} INFO - Sync 1 DAGs
[2025-03-18T21:07:06.194+0000] {logging_mixin.py:190} INFO - [2025-03-18T21:07:06.193+0000] {dag.py:4180} INFO - Setting next_dagrun for pyspark_test_work to None, run_after=None
[2025-03-18T21:07:06.212+0000] {processor.py:208} INFO - Processing /opt/airflow/dags/bank_transactions.py took 1.287 seconds
[2025-03-18T21:07:36.424+0000] {processor.py:186} INFO - Started process (PID=173) to work on /opt/airflow/dags/bank_transactions.py
[2025-03-18T21:07:36.426+0000] {processor.py:914} INFO - Processing file /opt/airflow/dags/bank_transactions.py for tasks to queue
[2025-03-18T21:07:36.429+0000] {logging_mixin.py:190} INFO - [2025-03-18T21:07:36.429+0000] {dagbag.py:588} INFO - Filling up the DagBag from /opt/airflow/dags/bank_transactions.py
[2025-03-18T21:07:37.445+0000] {processor.py:925} INFO - DAG(s) 'pyspark_test_work' retrieved from /opt/airflow/dags/bank_transactions.py
[2025-03-18T21:07:37.467+0000] {logging_mixin.py:190} INFO - [2025-03-18T21:07:37.467+0000] {dag.py:3239} INFO - Sync 1 DAGs
[2025-03-18T21:07:37.481+0000] {logging_mixin.py:190} INFO - [2025-03-18T21:07:37.481+0000] {dag.py:4180} INFO - Setting next_dagrun for pyspark_test_work to None, run_after=None
[2025-03-18T21:07:37.498+0000] {processor.py:208} INFO - Processing /opt/airflow/dags/bank_transactions.py took 1.081 seconds
[2025-03-18T21:08:07.612+0000] {processor.py:186} INFO - Started process (PID=186) to work on /opt/airflow/dags/bank_transactions.py
[2025-03-18T21:08:07.613+0000] {processor.py:914} INFO - Processing file /opt/airflow/dags/bank_transactions.py for tasks to queue
[2025-03-18T21:08:07.616+0000] {logging_mixin.py:190} INFO - [2025-03-18T21:08:07.616+0000] {dagbag.py:588} INFO - Filling up the DagBag from /opt/airflow/dags/bank_transactions.py
[2025-03-18T21:08:08.598+0000] {processor.py:925} INFO - DAG(s) 'pyspark_test_work' retrieved from /opt/airflow/dags/bank_transactions.py
[2025-03-18T21:08:08.620+0000] {logging_mixin.py:190} INFO - [2025-03-18T21:08:08.619+0000] {dag.py:3239} INFO - Sync 1 DAGs
[2025-03-18T21:08:08.634+0000] {logging_mixin.py:190} INFO - [2025-03-18T21:08:08.634+0000] {dag.py:4180} INFO - Setting next_dagrun for pyspark_test_work to None, run_after=None
[2025-03-18T21:08:08.653+0000] {processor.py:208} INFO - Processing /opt/airflow/dags/bank_transactions.py took 1.049 seconds
[2025-03-18T21:08:38.709+0000] {processor.py:186} INFO - Started process (PID=199) to work on /opt/airflow/dags/bank_transactions.py
[2025-03-18T21:08:38.711+0000] {processor.py:914} INFO - Processing file /opt/airflow/dags/bank_transactions.py for tasks to queue
[2025-03-18T21:08:38.713+0000] {logging_mixin.py:190} INFO - [2025-03-18T21:08:38.713+0000] {dagbag.py:588} INFO - Filling up the DagBag from /opt/airflow/dags/bank_transactions.py
[2025-03-18T21:08:39.669+0000] {processor.py:925} INFO - DAG(s) 'pyspark_test_work' retrieved from /opt/airflow/dags/bank_transactions.py
[2025-03-18T21:08:39.691+0000] {logging_mixin.py:190} INFO - [2025-03-18T21:08:39.690+0000] {dag.py:3239} INFO - Sync 1 DAGs
[2025-03-18T21:08:39.706+0000] {logging_mixin.py:190} INFO - [2025-03-18T21:08:39.706+0000] {dag.py:4180} INFO - Setting next_dagrun for pyspark_test_work to None, run_after=None
[2025-03-18T21:08:39.723+0000] {processor.py:208} INFO - Processing /opt/airflow/dags/bank_transactions.py took 1.022 seconds
[2025-03-18T21:09:09.862+0000] {processor.py:186} INFO - Started process (PID=213) to work on /opt/airflow/dags/bank_transactions.py
[2025-03-18T21:09:09.863+0000] {processor.py:914} INFO - Processing file /opt/airflow/dags/bank_transactions.py for tasks to queue
[2025-03-18T21:09:09.866+0000] {logging_mixin.py:190} INFO - [2025-03-18T21:09:09.866+0000] {dagbag.py:588} INFO - Filling up the DagBag from /opt/airflow/dags/bank_transactions.py
[2025-03-18T21:09:10.803+0000] {processor.py:925} INFO - DAG(s) 'pyspark_test_work' retrieved from /opt/airflow/dags/bank_transactions.py
[2025-03-18T21:09:10.826+0000] {logging_mixin.py:190} INFO - [2025-03-18T21:09:10.826+0000] {dag.py:3239} INFO - Sync 1 DAGs
[2025-03-18T21:09:10.840+0000] {logging_mixin.py:190} INFO - [2025-03-18T21:09:10.840+0000] {dag.py:4180} INFO - Setting next_dagrun for pyspark_test_work to None, run_after=None
[2025-03-18T21:09:10.857+0000] {processor.py:208} INFO - Processing /opt/airflow/dags/bank_transactions.py took 1.002 seconds
[2025-03-18T21:09:41.076+0000] {processor.py:186} INFO - Started process (PID=226) to work on /opt/airflow/dags/bank_transactions.py
[2025-03-18T21:09:41.077+0000] {processor.py:914} INFO - Processing file /opt/airflow/dags/bank_transactions.py for tasks to queue
[2025-03-18T21:09:41.080+0000] {logging_mixin.py:190} INFO - [2025-03-18T21:09:41.079+0000] {dagbag.py:588} INFO - Filling up the DagBag from /opt/airflow/dags/bank_transactions.py
[2025-03-18T21:09:42.021+0000] {processor.py:925} INFO - DAG(s) 'pyspark_test_work' retrieved from /opt/airflow/dags/bank_transactions.py
[2025-03-18T21:09:42.044+0000] {logging_mixin.py:190} INFO - [2025-03-18T21:09:42.043+0000] {dag.py:3239} INFO - Sync 1 DAGs
[2025-03-18T21:09:42.059+0000] {logging_mixin.py:190} INFO - [2025-03-18T21:09:42.059+0000] {dag.py:4180} INFO - Setting next_dagrun for pyspark_test_work to None, run_after=None
[2025-03-18T21:09:42.077+0000] {processor.py:208} INFO - Processing /opt/airflow/dags/bank_transactions.py took 1.009 seconds
[2025-03-18T21:10:12.279+0000] {processor.py:186} INFO - Started process (PID=239) to work on /opt/airflow/dags/bank_transactions.py
[2025-03-18T21:10:12.281+0000] {processor.py:914} INFO - Processing file /opt/airflow/dags/bank_transactions.py for tasks to queue
[2025-03-18T21:10:12.283+0000] {logging_mixin.py:190} INFO - [2025-03-18T21:10:12.283+0000] {dagbag.py:588} INFO - Filling up the DagBag from /opt/airflow/dags/bank_transactions.py
[2025-03-18T21:10:13.218+0000] {processor.py:925} INFO - DAG(s) 'pyspark_test_work' retrieved from /opt/airflow/dags/bank_transactions.py
[2025-03-18T21:10:13.239+0000] {logging_mixin.py:190} INFO - [2025-03-18T21:10:13.239+0000] {dag.py:3239} INFO - Sync 1 DAGs
[2025-03-18T21:10:13.253+0000] {logging_mixin.py:190} INFO - [2025-03-18T21:10:13.253+0000] {dag.py:4180} INFO - Setting next_dagrun for pyspark_test_work to None, run_after=None
[2025-03-18T21:10:13.271+0000] {processor.py:208} INFO - Processing /opt/airflow/dags/bank_transactions.py took 0.999 seconds
[2025-03-18T21:10:43.463+0000] {processor.py:186} INFO - Started process (PID=252) to work on /opt/airflow/dags/bank_transactions.py
[2025-03-18T21:10:43.465+0000] {processor.py:914} INFO - Processing file /opt/airflow/dags/bank_transactions.py for tasks to queue
[2025-03-18T21:10:43.468+0000] {logging_mixin.py:190} INFO - [2025-03-18T21:10:43.467+0000] {dagbag.py:588} INFO - Filling up the DagBag from /opt/airflow/dags/bank_transactions.py
[2025-03-18T21:10:44.413+0000] {processor.py:925} INFO - DAG(s) 'pyspark_test_work' retrieved from /opt/airflow/dags/bank_transactions.py
[2025-03-18T21:10:44.435+0000] {logging_mixin.py:190} INFO - [2025-03-18T21:10:44.434+0000] {dag.py:3239} INFO - Sync 1 DAGs
[2025-03-18T21:10:44.450+0000] {logging_mixin.py:190} INFO - [2025-03-18T21:10:44.450+0000] {dag.py:4180} INFO - Setting next_dagrun for pyspark_test_work to None, run_after=None
[2025-03-18T21:10:44.618+0000] {processor.py:208} INFO - Processing /opt/airflow/dags/bank_transactions.py took 1.163 seconds
[2025-03-18T21:11:14.984+0000] {processor.py:186} INFO - Started process (PID=265) to work on /opt/airflow/dags/bank_transactions.py
[2025-03-18T21:11:14.985+0000] {processor.py:914} INFO - Processing file /opt/airflow/dags/bank_transactions.py for tasks to queue
[2025-03-18T21:11:14.988+0000] {logging_mixin.py:190} INFO - [2025-03-18T21:11:14.988+0000] {dagbag.py:588} INFO - Filling up the DagBag from /opt/airflow/dags/bank_transactions.py
[2025-03-18T21:11:15.946+0000] {processor.py:925} INFO - DAG(s) 'pyspark_test_work' retrieved from /opt/airflow/dags/bank_transactions.py
[2025-03-18T21:11:15.968+0000] {logging_mixin.py:190} INFO - [2025-03-18T21:11:15.968+0000] {dag.py:3239} INFO - Sync 1 DAGs
[2025-03-18T21:11:15.984+0000] {logging_mixin.py:190} INFO - [2025-03-18T21:11:15.984+0000] {dag.py:4180} INFO - Setting next_dagrun for pyspark_test_work to None, run_after=None
[2025-03-18T21:11:16.001+0000] {processor.py:208} INFO - Processing /opt/airflow/dags/bank_transactions.py took 1.025 seconds
[2025-03-18T21:11:46.620+0000] {processor.py:186} INFO - Started process (PID=278) to work on /opt/airflow/dags/bank_transactions.py
[2025-03-18T21:11:46.620+0000] {processor.py:914} INFO - Processing file /opt/airflow/dags/bank_transactions.py for tasks to queue
[2025-03-18T21:11:46.623+0000] {logging_mixin.py:190} INFO - [2025-03-18T21:11:46.623+0000] {dagbag.py:588} INFO - Filling up the DagBag from /opt/airflow/dags/bank_transactions.py
[2025-03-18T21:11:47.566+0000] {processor.py:925} INFO - DAG(s) 'pyspark_test_work' retrieved from /opt/airflow/dags/bank_transactions.py
[2025-03-18T21:11:47.589+0000] {logging_mixin.py:190} INFO - [2025-03-18T21:11:47.588+0000] {dag.py:3239} INFO - Sync 1 DAGs
[2025-03-18T21:11:47.602+0000] {logging_mixin.py:190} INFO - [2025-03-18T21:11:47.602+0000] {dag.py:4180} INFO - Setting next_dagrun for pyspark_test_work to None, run_after=None
[2025-03-18T21:11:47.620+0000] {processor.py:208} INFO - Processing /opt/airflow/dags/bank_transactions.py took 1.008 seconds
[2025-03-18T21:12:17.801+0000] {processor.py:186} INFO - Started process (PID=291) to work on /opt/airflow/dags/bank_transactions.py
[2025-03-18T21:12:17.803+0000] {processor.py:914} INFO - Processing file /opt/airflow/dags/bank_transactions.py for tasks to queue
[2025-03-18T21:12:17.807+0000] {logging_mixin.py:190} INFO - [2025-03-18T21:12:17.807+0000] {dagbag.py:588} INFO - Filling up the DagBag from /opt/airflow/dags/bank_transactions.py
[2025-03-18T21:12:18.804+0000] {processor.py:925} INFO - DAG(s) 'pyspark_test_work' retrieved from /opt/airflow/dags/bank_transactions.py
[2025-03-18T21:12:18.827+0000] {logging_mixin.py:190} INFO - [2025-03-18T21:12:18.827+0000] {dag.py:3239} INFO - Sync 1 DAGs
[2025-03-18T21:12:18.842+0000] {logging_mixin.py:190} INFO - [2025-03-18T21:12:18.842+0000] {dag.py:4180} INFO - Setting next_dagrun for pyspark_test_work to None, run_after=None
[2025-03-18T21:12:18.860+0000] {processor.py:208} INFO - Processing /opt/airflow/dags/bank_transactions.py took 1.067 seconds
[2025-03-18T21:12:49.017+0000] {processor.py:186} INFO - Started process (PID=304) to work on /opt/airflow/dags/bank_transactions.py
[2025-03-18T21:12:49.018+0000] {processor.py:914} INFO - Processing file /opt/airflow/dags/bank_transactions.py for tasks to queue
[2025-03-18T21:12:49.021+0000] {logging_mixin.py:190} INFO - [2025-03-18T21:12:49.021+0000] {dagbag.py:588} INFO - Filling up the DagBag from /opt/airflow/dags/bank_transactions.py
[2025-03-18T21:12:50.040+0000] {processor.py:925} INFO - DAG(s) 'pyspark_test_work' retrieved from /opt/airflow/dags/bank_transactions.py
[2025-03-18T21:12:50.062+0000] {logging_mixin.py:190} INFO - [2025-03-18T21:12:50.061+0000] {dag.py:3239} INFO - Sync 1 DAGs
[2025-03-18T21:12:50.076+0000] {logging_mixin.py:190} INFO - [2025-03-18T21:12:50.075+0000] {dag.py:4180} INFO - Setting next_dagrun for pyspark_test_work to None, run_after=None
[2025-03-18T21:12:50.092+0000] {processor.py:208} INFO - Processing /opt/airflow/dags/bank_transactions.py took 1.083 seconds
[2025-03-18T21:13:20.798+0000] {processor.py:186} INFO - Started process (PID=323) to work on /opt/airflow/dags/bank_transactions.py
[2025-03-18T21:13:20.800+0000] {processor.py:914} INFO - Processing file /opt/airflow/dags/bank_transactions.py for tasks to queue
[2025-03-18T21:13:20.802+0000] {logging_mixin.py:190} INFO - [2025-03-18T21:13:20.802+0000] {dagbag.py:588} INFO - Filling up the DagBag from /opt/airflow/dags/bank_transactions.py
[2025-03-18T21:13:21.782+0000] {processor.py:925} INFO - DAG(s) 'pyspark_test_work' retrieved from /opt/airflow/dags/bank_transactions.py
[2025-03-18T21:13:21.804+0000] {logging_mixin.py:190} INFO - [2025-03-18T21:13:21.804+0000] {dag.py:3239} INFO - Sync 1 DAGs
[2025-03-18T21:13:21.963+0000] {logging_mixin.py:190} INFO - [2025-03-18T21:13:21.963+0000] {dag.py:4180} INFO - Setting next_dagrun for pyspark_test_work to None, run_after=None
[2025-03-18T21:13:21.980+0000] {processor.py:208} INFO - Processing /opt/airflow/dags/bank_transactions.py took 1.190 seconds
[2025-03-18T21:13:52.138+0000] {processor.py:186} INFO - Started process (PID=336) to work on /opt/airflow/dags/bank_transactions.py
[2025-03-18T21:13:52.139+0000] {processor.py:914} INFO - Processing file /opt/airflow/dags/bank_transactions.py for tasks to queue
[2025-03-18T21:13:52.143+0000] {logging_mixin.py:190} INFO - [2025-03-18T21:13:52.142+0000] {dagbag.py:588} INFO - Filling up the DagBag from /opt/airflow/dags/bank_transactions.py
[2025-03-18T21:13:53.350+0000] {processor.py:925} INFO - DAG(s) 'pyspark_test_work' retrieved from /opt/airflow/dags/bank_transactions.py
[2025-03-18T21:13:53.594+0000] {logging_mixin.py:190} INFO - [2025-03-18T21:13:53.593+0000] {dag.py:3239} INFO - Sync 1 DAGs
[2025-03-18T21:13:53.608+0000] {logging_mixin.py:190} INFO - [2025-03-18T21:13:53.608+0000] {dag.py:4180} INFO - Setting next_dagrun for pyspark_test_work to None, run_after=None
[2025-03-18T21:13:53.628+0000] {processor.py:208} INFO - Processing /opt/airflow/dags/bank_transactions.py took 1.501 seconds
[2025-03-18T21:14:23.929+0000] {processor.py:186} INFO - Started process (PID=349) to work on /opt/airflow/dags/bank_transactions.py
[2025-03-18T21:14:23.931+0000] {processor.py:914} INFO - Processing file /opt/airflow/dags/bank_transactions.py for tasks to queue
[2025-03-18T21:14:23.934+0000] {logging_mixin.py:190} INFO - [2025-03-18T21:14:23.933+0000] {dagbag.py:588} INFO - Filling up the DagBag from /opt/airflow/dags/bank_transactions.py
[2025-03-18T21:14:24.714+0000] {processor.py:925} INFO - DAG(s) 'pyspark_test_work' retrieved from /opt/airflow/dags/bank_transactions.py
[2025-03-18T21:14:24.999+0000] {logging_mixin.py:190} INFO - [2025-03-18T21:14:24.998+0000] {dag.py:3239} INFO - Sync 1 DAGs
[2025-03-18T21:14:25.020+0000] {logging_mixin.py:190} INFO - [2025-03-18T21:14:25.019+0000] {dag.py:4180} INFO - Setting next_dagrun for pyspark_test_work to None, run_after=None
[2025-03-18T21:14:25.045+0000] {processor.py:208} INFO - Processing /opt/airflow/dags/bank_transactions.py took 1.124 seconds
[2025-03-18T21:14:55.209+0000] {processor.py:186} INFO - Started process (PID=362) to work on /opt/airflow/dags/bank_transactions.py
[2025-03-18T21:14:55.265+0000] {processor.py:914} INFO - Processing file /opt/airflow/dags/bank_transactions.py for tasks to queue
[2025-03-18T21:14:55.269+0000] {logging_mixin.py:190} INFO - [2025-03-18T21:14:55.268+0000] {dagbag.py:588} INFO - Filling up the DagBag from /opt/airflow/dags/bank_transactions.py
[2025-03-18T21:14:56.460+0000] {processor.py:925} INFO - DAG(s) 'pyspark_test_work' retrieved from /opt/airflow/dags/bank_transactions.py
[2025-03-18T21:14:56.491+0000] {logging_mixin.py:190} INFO - [2025-03-18T21:14:56.490+0000] {dag.py:3239} INFO - Sync 1 DAGs
[2025-03-18T21:14:56.512+0000] {logging_mixin.py:190} INFO - [2025-03-18T21:14:56.512+0000] {dag.py:4180} INFO - Setting next_dagrun for pyspark_test_work to None, run_after=None
[2025-03-18T21:14:56.538+0000] {processor.py:208} INFO - Processing /opt/airflow/dags/bank_transactions.py took 1.340 seconds
[2025-03-18T21:15:26.698+0000] {processor.py:186} INFO - Started process (PID=376) to work on /opt/airflow/dags/bank_transactions.py
[2025-03-18T21:15:26.699+0000] {processor.py:914} INFO - Processing file /opt/airflow/dags/bank_transactions.py for tasks to queue
[2025-03-18T21:15:26.702+0000] {logging_mixin.py:190} INFO - [2025-03-18T21:15:26.701+0000] {dagbag.py:588} INFO - Filling up the DagBag from /opt/airflow/dags/bank_transactions.py
[2025-03-18T21:15:27.564+0000] {processor.py:925} INFO - DAG(s) 'pyspark_test_work' retrieved from /opt/airflow/dags/bank_transactions.py
[2025-03-18T21:15:27.588+0000] {logging_mixin.py:190} INFO - [2025-03-18T21:15:27.588+0000] {dag.py:3239} INFO - Sync 1 DAGs
[2025-03-18T21:15:27.807+0000] {logging_mixin.py:190} INFO - [2025-03-18T21:15:27.806+0000] {dag.py:4180} INFO - Setting next_dagrun for pyspark_test_work to None, run_after=None
[2025-03-18T21:15:27.826+0000] {processor.py:208} INFO - Processing /opt/airflow/dags/bank_transactions.py took 1.137 seconds
[2025-03-18T21:15:57.927+0000] {processor.py:186} INFO - Started process (PID=389) to work on /opt/airflow/dags/bank_transactions.py
[2025-03-18T21:15:57.929+0000] {processor.py:914} INFO - Processing file /opt/airflow/dags/bank_transactions.py for tasks to queue
[2025-03-18T21:15:57.932+0000] {logging_mixin.py:190} INFO - [2025-03-18T21:15:57.932+0000] {dagbag.py:588} INFO - Filling up the DagBag from /opt/airflow/dags/bank_transactions.py
[2025-03-18T21:15:58.726+0000] {processor.py:925} INFO - DAG(s) 'pyspark_test_work' retrieved from /opt/airflow/dags/bank_transactions.py
[2025-03-18T21:15:58.753+0000] {logging_mixin.py:190} INFO - [2025-03-18T21:15:58.752+0000] {dag.py:3239} INFO - Sync 1 DAGs
[2025-03-18T21:15:58.974+0000] {logging_mixin.py:190} INFO - [2025-03-18T21:15:58.974+0000] {dag.py:4180} INFO - Setting next_dagrun for pyspark_test_work to None, run_after=None
[2025-03-18T21:15:58.992+0000] {processor.py:208} INFO - Processing /opt/airflow/dags/bank_transactions.py took 1.073 seconds
[2025-03-18T21:16:29.093+0000] {processor.py:186} INFO - Started process (PID=403) to work on /opt/airflow/dags/bank_transactions.py
[2025-03-18T21:16:29.094+0000] {processor.py:914} INFO - Processing file /opt/airflow/dags/bank_transactions.py for tasks to queue
[2025-03-18T21:16:29.097+0000] {logging_mixin.py:190} INFO - [2025-03-18T21:16:29.097+0000] {dagbag.py:588} INFO - Filling up the DagBag from /opt/airflow/dags/bank_transactions.py
[2025-03-18T21:16:29.887+0000] {processor.py:925} INFO - DAG(s) 'pyspark_test_work' retrieved from /opt/airflow/dags/bank_transactions.py
[2025-03-18T21:16:30.111+0000] {logging_mixin.py:190} INFO - [2025-03-18T21:16:30.110+0000] {dag.py:3239} INFO - Sync 1 DAGs
[2025-03-18T21:16:30.125+0000] {logging_mixin.py:190} INFO - [2025-03-18T21:16:30.124+0000] {dag.py:4180} INFO - Setting next_dagrun for pyspark_test_work to None, run_after=None
[2025-03-18T21:16:30.142+0000] {processor.py:208} INFO - Processing /opt/airflow/dags/bank_transactions.py took 1.057 seconds
[2025-03-18T21:17:00.272+0000] {processor.py:186} INFO - Started process (PID=416) to work on /opt/airflow/dags/bank_transactions.py
[2025-03-18T21:17:00.273+0000] {processor.py:914} INFO - Processing file /opt/airflow/dags/bank_transactions.py for tasks to queue
[2025-03-18T21:17:00.277+0000] {logging_mixin.py:190} INFO - [2025-03-18T21:17:00.276+0000] {dagbag.py:588} INFO - Filling up the DagBag from /opt/airflow/dags/bank_transactions.py
[2025-03-18T21:17:01.286+0000] {processor.py:925} INFO - DAG(s) 'pyspark_test_work' retrieved from /opt/airflow/dags/bank_transactions.py
[2025-03-18T21:17:01.315+0000] {logging_mixin.py:190} INFO - [2025-03-18T21:17:01.314+0000] {dag.py:3239} INFO - Sync 1 DAGs
[2025-03-18T21:17:01.329+0000] {logging_mixin.py:190} INFO - [2025-03-18T21:17:01.329+0000] {dag.py:4180} INFO - Setting next_dagrun for pyspark_test_work to None, run_after=None
[2025-03-18T21:17:01.347+0000] {processor.py:208} INFO - Processing /opt/airflow/dags/bank_transactions.py took 1.084 seconds
[2025-03-18T21:17:31.847+0000] {processor.py:186} INFO - Started process (PID=429) to work on /opt/airflow/dags/bank_transactions.py
[2025-03-18T21:17:31.849+0000] {processor.py:914} INFO - Processing file /opt/airflow/dags/bank_transactions.py for tasks to queue
[2025-03-18T21:17:31.852+0000] {logging_mixin.py:190} INFO - [2025-03-18T21:17:31.852+0000] {dagbag.py:588} INFO - Filling up the DagBag from /opt/airflow/dags/bank_transactions.py
[2025-03-18T21:17:32.656+0000] {processor.py:925} INFO - DAG(s) 'pyspark_test_work' retrieved from /opt/airflow/dags/bank_transactions.py
[2025-03-18T21:17:32.681+0000] {logging_mixin.py:190} INFO - [2025-03-18T21:17:32.681+0000] {dag.py:3239} INFO - Sync 1 DAGs
[2025-03-18T21:17:32.917+0000] {logging_mixin.py:190} INFO - [2025-03-18T21:17:32.917+0000] {dag.py:4180} INFO - Setting next_dagrun for pyspark_test_work to None, run_after=None
[2025-03-18T21:17:32.938+0000] {processor.py:208} INFO - Processing /opt/airflow/dags/bank_transactions.py took 1.100 seconds
[2025-03-18T21:18:03.097+0000] {processor.py:186} INFO - Started process (PID=442) to work on /opt/airflow/dags/bank_transactions.py
[2025-03-18T21:18:03.099+0000] {processor.py:914} INFO - Processing file /opt/airflow/dags/bank_transactions.py for tasks to queue
[2025-03-18T21:18:03.102+0000] {logging_mixin.py:190} INFO - [2025-03-18T21:18:03.102+0000] {dagbag.py:588} INFO - Filling up the DagBag from /opt/airflow/dags/bank_transactions.py
[2025-03-18T21:18:03.884+0000] {processor.py:925} INFO - DAG(s) 'pyspark_test_work' retrieved from /opt/airflow/dags/bank_transactions.py
[2025-03-18T21:18:03.910+0000] {logging_mixin.py:190} INFO - [2025-03-18T21:18:03.910+0000] {dag.py:3239} INFO - Sync 1 DAGs
[2025-03-18T21:18:04.123+0000] {logging_mixin.py:190} INFO - [2025-03-18T21:18:04.123+0000] {dag.py:4180} INFO - Setting next_dagrun for pyspark_test_work to None, run_after=None
[2025-03-18T21:18:04.140+0000] {processor.py:208} INFO - Processing /opt/airflow/dags/bank_transactions.py took 1.052 seconds
[2025-03-18T21:18:34.299+0000] {processor.py:186} INFO - Started process (PID=455) to work on /opt/airflow/dags/bank_transactions.py
[2025-03-18T21:18:34.300+0000] {processor.py:914} INFO - Processing file /opt/airflow/dags/bank_transactions.py for tasks to queue
[2025-03-18T21:18:34.303+0000] {logging_mixin.py:190} INFO - [2025-03-18T21:18:34.303+0000] {dagbag.py:588} INFO - Filling up the DagBag from /opt/airflow/dags/bank_transactions.py
[2025-03-18T21:18:35.090+0000] {processor.py:925} INFO - DAG(s) 'pyspark_test_work' retrieved from /opt/airflow/dags/bank_transactions.py
[2025-03-18T21:18:35.315+0000] {logging_mixin.py:190} INFO - [2025-03-18T21:18:35.314+0000] {dag.py:3239} INFO - Sync 1 DAGs
[2025-03-18T21:18:35.329+0000] {logging_mixin.py:190} INFO - [2025-03-18T21:18:35.328+0000] {dag.py:4180} INFO - Setting next_dagrun for pyspark_test_work to None, run_after=None
[2025-03-18T21:18:35.347+0000] {processor.py:208} INFO - Processing /opt/airflow/dags/bank_transactions.py took 1.057 seconds
[2025-03-18T21:19:05.498+0000] {processor.py:186} INFO - Started process (PID=468) to work on /opt/airflow/dags/bank_transactions.py
[2025-03-18T21:19:05.500+0000] {processor.py:914} INFO - Processing file /opt/airflow/dags/bank_transactions.py for tasks to queue
[2025-03-18T21:19:05.503+0000] {logging_mixin.py:190} INFO - [2025-03-18T21:19:05.503+0000] {dagbag.py:588} INFO - Filling up the DagBag from /opt/airflow/dags/bank_transactions.py
[2025-03-18T21:19:06.483+0000] {processor.py:925} INFO - DAG(s) 'pyspark_test_work' retrieved from /opt/airflow/dags/bank_transactions.py
[2025-03-18T21:19:06.507+0000] {logging_mixin.py:190} INFO - [2025-03-18T21:19:06.506+0000] {dag.py:3239} INFO - Sync 1 DAGs
[2025-03-18T21:19:06.521+0000] {logging_mixin.py:190} INFO - [2025-03-18T21:19:06.521+0000] {dag.py:4180} INFO - Setting next_dagrun for pyspark_test_work to None, run_after=None
[2025-03-18T21:19:06.537+0000] {processor.py:208} INFO - Processing /opt/airflow/dags/bank_transactions.py took 1.048 seconds
[2025-03-18T21:19:36.686+0000] {processor.py:186} INFO - Started process (PID=481) to work on /opt/airflow/dags/bank_transactions.py
[2025-03-18T21:19:36.687+0000] {processor.py:914} INFO - Processing file /opt/airflow/dags/bank_transactions.py for tasks to queue
[2025-03-18T21:19:36.690+0000] {logging_mixin.py:190} INFO - [2025-03-18T21:19:36.690+0000] {dagbag.py:588} INFO - Filling up the DagBag from /opt/airflow/dags/bank_transactions.py
[2025-03-18T21:19:37.700+0000] {processor.py:925} INFO - DAG(s) 'pyspark_test_work' retrieved from /opt/airflow/dags/bank_transactions.py
[2025-03-18T21:19:37.722+0000] {logging_mixin.py:190} INFO - [2025-03-18T21:19:37.721+0000] {dag.py:3239} INFO - Sync 1 DAGs
[2025-03-18T21:19:37.737+0000] {logging_mixin.py:190} INFO - [2025-03-18T21:19:37.737+0000] {dag.py:4180} INFO - Setting next_dagrun for pyspark_test_work to None, run_after=None
[2025-03-18T21:19:37.754+0000] {processor.py:208} INFO - Processing /opt/airflow/dags/bank_transactions.py took 1.077 seconds
[2025-03-18T21:20:08.169+0000] {processor.py:186} INFO - Started process (PID=494) to work on /opt/airflow/dags/bank_transactions.py
[2025-03-18T21:20:08.170+0000] {processor.py:914} INFO - Processing file /opt/airflow/dags/bank_transactions.py for tasks to queue
[2025-03-18T21:20:08.173+0000] {logging_mixin.py:190} INFO - [2025-03-18T21:20:08.173+0000] {dagbag.py:588} INFO - Filling up the DagBag from /opt/airflow/dags/bank_transactions.py
[2025-03-18T21:20:08.977+0000] {processor.py:925} INFO - DAG(s) 'pyspark_test_work' retrieved from /opt/airflow/dags/bank_transactions.py
[2025-03-18T21:20:09.005+0000] {logging_mixin.py:190} INFO - [2025-03-18T21:20:09.005+0000] {dag.py:3239} INFO - Sync 1 DAGs
[2025-03-18T21:20:09.227+0000] {logging_mixin.py:190} INFO - [2025-03-18T21:20:09.226+0000] {dag.py:4180} INFO - Setting next_dagrun for pyspark_test_work to None, run_after=None
[2025-03-18T21:20:09.243+0000] {processor.py:208} INFO - Processing /opt/airflow/dags/bank_transactions.py took 1.082 seconds
[2025-03-18T21:20:39.428+0000] {processor.py:186} INFO - Started process (PID=507) to work on /opt/airflow/dags/bank_transactions.py
[2025-03-18T21:20:39.429+0000] {processor.py:914} INFO - Processing file /opt/airflow/dags/bank_transactions.py for tasks to queue
[2025-03-18T21:20:39.432+0000] {logging_mixin.py:190} INFO - [2025-03-18T21:20:39.432+0000] {dagbag.py:588} INFO - Filling up the DagBag from /opt/airflow/dags/bank_transactions.py
[2025-03-18T21:20:40.214+0000] {processor.py:925} INFO - DAG(s) 'pyspark_test_work' retrieved from /opt/airflow/dags/bank_transactions.py
[2025-03-18T21:20:40.444+0000] {logging_mixin.py:190} INFO - [2025-03-18T21:20:40.444+0000] {dag.py:3239} INFO - Sync 1 DAGs
[2025-03-18T21:20:40.458+0000] {logging_mixin.py:190} INFO - [2025-03-18T21:20:40.457+0000] {dag.py:4180} INFO - Setting next_dagrun for pyspark_test_work to None, run_after=None
[2025-03-18T21:20:40.475+0000] {processor.py:208} INFO - Processing /opt/airflow/dags/bank_transactions.py took 1.056 seconds
[2025-03-18T21:21:10.642+0000] {processor.py:186} INFO - Started process (PID=520) to work on /opt/airflow/dags/bank_transactions.py
[2025-03-18T21:21:10.643+0000] {processor.py:914} INFO - Processing file /opt/airflow/dags/bank_transactions.py for tasks to queue
[2025-03-18T21:21:10.646+0000] {logging_mixin.py:190} INFO - [2025-03-18T21:21:10.646+0000] {dagbag.py:588} INFO - Filling up the DagBag from /opt/airflow/dags/bank_transactions.py
[2025-03-18T21:21:11.659+0000] {processor.py:925} INFO - DAG(s) 'pyspark_test_work' retrieved from /opt/airflow/dags/bank_transactions.py
[2025-03-18T21:21:11.681+0000] {logging_mixin.py:190} INFO - [2025-03-18T21:21:11.680+0000] {dag.py:3239} INFO - Sync 1 DAGs
[2025-03-18T21:21:11.695+0000] {logging_mixin.py:190} INFO - [2025-03-18T21:21:11.694+0000] {dag.py:4180} INFO - Setting next_dagrun for pyspark_test_work to None, run_after=None
[2025-03-18T21:21:11.711+0000] {processor.py:208} INFO - Processing /opt/airflow/dags/bank_transactions.py took 1.077 seconds
[2025-03-18T21:21:41.836+0000] {processor.py:186} INFO - Started process (PID=533) to work on /opt/airflow/dags/bank_transactions.py
[2025-03-18T21:21:41.838+0000] {processor.py:914} INFO - Processing file /opt/airflow/dags/bank_transactions.py for tasks to queue
[2025-03-18T21:21:41.841+0000] {logging_mixin.py:190} INFO - [2025-03-18T21:21:41.841+0000] {dagbag.py:588} INFO - Filling up the DagBag from /opt/airflow/dags/bank_transactions.py
[2025-03-18T21:21:42.834+0000] {processor.py:925} INFO - DAG(s) 'pyspark_test_work' retrieved from /opt/airflow/dags/bank_transactions.py
[2025-03-18T21:21:42.864+0000] {logging_mixin.py:190} INFO - [2025-03-18T21:21:42.863+0000] {dag.py:3239} INFO - Sync 1 DAGs
[2025-03-18T21:21:42.886+0000] {logging_mixin.py:190} INFO - [2025-03-18T21:21:42.886+0000] {dag.py:4180} INFO - Setting next_dagrun for pyspark_test_work to None, run_after=None
[2025-03-18T21:21:42.910+0000] {processor.py:208} INFO - Processing /opt/airflow/dags/bank_transactions.py took 1.082 seconds
[2025-03-18T21:22:12.984+0000] {processor.py:186} INFO - Started process (PID=546) to work on /opt/airflow/dags/bank_transactions.py
[2025-03-18T21:22:12.986+0000] {processor.py:914} INFO - Processing file /opt/airflow/dags/bank_transactions.py for tasks to queue
[2025-03-18T21:22:12.989+0000] {logging_mixin.py:190} INFO - [2025-03-18T21:22:12.989+0000] {dagbag.py:588} INFO - Filling up the DagBag from /opt/airflow/dags/bank_transactions.py
[2025-03-18T21:22:13.793+0000] {processor.py:925} INFO - DAG(s) 'pyspark_test_work' retrieved from /opt/airflow/dags/bank_transactions.py
[2025-03-18T21:22:13.820+0000] {logging_mixin.py:190} INFO - [2025-03-18T21:22:13.820+0000] {dag.py:3239} INFO - Sync 1 DAGs
[2025-03-18T21:22:14.040+0000] {logging_mixin.py:190} INFO - [2025-03-18T21:22:14.040+0000] {dag.py:4180} INFO - Setting next_dagrun for pyspark_test_work to None, run_after=None
[2025-03-18T21:22:14.059+0000] {processor.py:208} INFO - Processing /opt/airflow/dags/bank_transactions.py took 1.083 seconds
[2025-03-18T21:22:44.191+0000] {processor.py:186} INFO - Started process (PID=559) to work on /opt/airflow/dags/bank_transactions.py
[2025-03-18T21:22:44.192+0000] {processor.py:914} INFO - Processing file /opt/airflow/dags/bank_transactions.py for tasks to queue
[2025-03-18T21:22:44.195+0000] {logging_mixin.py:190} INFO - [2025-03-18T21:22:44.195+0000] {dagbag.py:588} INFO - Filling up the DagBag from /opt/airflow/dags/bank_transactions.py
[2025-03-18T21:22:45.038+0000] {processor.py:925} INFO - DAG(s) 'pyspark_test_work' retrieved from /opt/airflow/dags/bank_transactions.py
[2025-03-18T21:22:45.320+0000] {logging_mixin.py:190} INFO - [2025-03-18T21:22:45.319+0000] {dag.py:3239} INFO - Sync 1 DAGs
[2025-03-18T21:22:45.334+0000] {logging_mixin.py:190} INFO - [2025-03-18T21:22:45.334+0000] {dag.py:4180} INFO - Setting next_dagrun for pyspark_test_work to None, run_after=None
[2025-03-18T21:22:45.354+0000] {processor.py:208} INFO - Processing /opt/airflow/dags/bank_transactions.py took 1.170 seconds
[2025-03-18T21:23:15.661+0000] {processor.py:186} INFO - Started process (PID=572) to work on /opt/airflow/dags/bank_transactions.py
[2025-03-18T21:23:15.663+0000] {processor.py:914} INFO - Processing file /opt/airflow/dags/bank_transactions.py for tasks to queue
[2025-03-18T21:23:15.666+0000] {logging_mixin.py:190} INFO - [2025-03-18T21:23:15.666+0000] {dagbag.py:588} INFO - Filling up the DagBag from /opt/airflow/dags/bank_transactions.py
[2025-03-18T21:23:16.684+0000] {processor.py:925} INFO - DAG(s) 'pyspark_test_work' retrieved from /opt/airflow/dags/bank_transactions.py
[2025-03-18T21:23:16.707+0000] {logging_mixin.py:190} INFO - [2025-03-18T21:23:16.706+0000] {dag.py:3239} INFO - Sync 1 DAGs
[2025-03-18T21:23:16.721+0000] {logging_mixin.py:190} INFO - [2025-03-18T21:23:16.721+0000] {dag.py:4180} INFO - Setting next_dagrun for pyspark_test_work to None, run_after=None
[2025-03-18T21:23:16.739+0000] {processor.py:208} INFO - Processing /opt/airflow/dags/bank_transactions.py took 1.086 seconds
[2025-03-18T21:23:46.816+0000] {processor.py:186} INFO - Started process (PID=586) to work on /opt/airflow/dags/bank_transactions.py
[2025-03-18T21:23:46.817+0000] {processor.py:914} INFO - Processing file /opt/airflow/dags/bank_transactions.py for tasks to queue
[2025-03-18T21:23:46.821+0000] {logging_mixin.py:190} INFO - [2025-03-18T21:23:46.820+0000] {dagbag.py:588} INFO - Filling up the DagBag from /opt/airflow/dags/bank_transactions.py
[2025-03-18T21:23:47.817+0000] {processor.py:925} INFO - DAG(s) 'pyspark_test_work' retrieved from /opt/airflow/dags/bank_transactions.py
[2025-03-18T21:23:47.840+0000] {logging_mixin.py:190} INFO - [2025-03-18T21:23:47.839+0000] {dag.py:3239} INFO - Sync 1 DAGs
[2025-03-18T21:23:47.854+0000] {logging_mixin.py:190} INFO - [2025-03-18T21:23:47.854+0000] {dag.py:4180} INFO - Setting next_dagrun for pyspark_test_work to None, run_after=None
[2025-03-18T21:23:47.875+0000] {processor.py:208} INFO - Processing /opt/airflow/dags/bank_transactions.py took 1.068 seconds
[2025-03-18T21:24:18.036+0000] {processor.py:186} INFO - Started process (PID=599) to work on /opt/airflow/dags/bank_transactions.py
[2025-03-18T21:24:18.037+0000] {processor.py:914} INFO - Processing file /opt/airflow/dags/bank_transactions.py for tasks to queue
[2025-03-18T21:24:18.040+0000] {logging_mixin.py:190} INFO - [2025-03-18T21:24:18.040+0000] {dagbag.py:588} INFO - Filling up the DagBag from /opt/airflow/dags/bank_transactions.py
[2025-03-18T21:24:19.020+0000] {processor.py:925} INFO - DAG(s) 'pyspark_test_work' retrieved from /opt/airflow/dags/bank_transactions.py
[2025-03-18T21:24:19.044+0000] {logging_mixin.py:190} INFO - [2025-03-18T21:24:19.043+0000] {dag.py:3239} INFO - Sync 1 DAGs
[2025-03-18T21:24:19.060+0000] {logging_mixin.py:190} INFO - [2025-03-18T21:24:19.060+0000] {dag.py:4180} INFO - Setting next_dagrun for pyspark_test_work to None, run_after=None
[2025-03-18T21:24:19.078+0000] {processor.py:208} INFO - Processing /opt/airflow/dags/bank_transactions.py took 1.051 seconds
[2025-03-18T21:24:49.304+0000] {processor.py:186} INFO - Started process (PID=613) to work on /opt/airflow/dags/bank_transactions.py
[2025-03-18T21:24:49.305+0000] {processor.py:914} INFO - Processing file /opt/airflow/dags/bank_transactions.py for tasks to queue
[2025-03-18T21:24:49.308+0000] {logging_mixin.py:190} INFO - [2025-03-18T21:24:49.308+0000] {dagbag.py:588} INFO - Filling up the DagBag from /opt/airflow/dags/bank_transactions.py
[2025-03-18T21:24:50.086+0000] {processor.py:925} INFO - DAG(s) 'pyspark_test_work' retrieved from /opt/airflow/dags/bank_transactions.py
[2025-03-18T21:24:50.317+0000] {logging_mixin.py:190} INFO - [2025-03-18T21:24:50.316+0000] {dag.py:3239} INFO - Sync 1 DAGs
[2025-03-18T21:24:50.331+0000] {logging_mixin.py:190} INFO - [2025-03-18T21:24:50.330+0000] {dag.py:4180} INFO - Setting next_dagrun for pyspark_test_work to None, run_after=None
[2025-03-18T21:24:50.348+0000] {processor.py:208} INFO - Processing /opt/airflow/dags/bank_transactions.py took 1.053 seconds
[2025-03-18T21:25:20.447+0000] {processor.py:186} INFO - Started process (PID=626) to work on /opt/airflow/dags/bank_transactions.py
[2025-03-18T21:25:20.449+0000] {processor.py:914} INFO - Processing file /opt/airflow/dags/bank_transactions.py for tasks to queue
[2025-03-18T21:25:20.453+0000] {logging_mixin.py:190} INFO - [2025-03-18T21:25:20.452+0000] {dagbag.py:588} INFO - Filling up the DagBag from /opt/airflow/dags/bank_transactions.py
[2025-03-18T21:25:21.472+0000] {processor.py:925} INFO - DAG(s) 'pyspark_test_work' retrieved from /opt/airflow/dags/bank_transactions.py
[2025-03-18T21:25:21.494+0000] {logging_mixin.py:190} INFO - [2025-03-18T21:25:21.494+0000] {dag.py:3239} INFO - Sync 1 DAGs
[2025-03-18T21:25:21.510+0000] {logging_mixin.py:190} INFO - [2025-03-18T21:25:21.509+0000] {dag.py:4180} INFO - Setting next_dagrun for pyspark_test_work to None, run_after=None
[2025-03-18T21:25:21.527+0000] {processor.py:208} INFO - Processing /opt/airflow/dags/bank_transactions.py took 1.089 seconds
[2025-03-18T21:25:51.590+0000] {processor.py:186} INFO - Started process (PID=645) to work on /opt/airflow/dags/bank_transactions.py
[2025-03-18T21:25:51.591+0000] {processor.py:914} INFO - Processing file /opt/airflow/dags/bank_transactions.py for tasks to queue
[2025-03-18T21:25:51.594+0000] {logging_mixin.py:190} INFO - [2025-03-18T21:25:51.594+0000] {dagbag.py:588} INFO - Filling up the DagBag from /opt/airflow/dags/bank_transactions.py
[2025-03-18T21:25:52.586+0000] {processor.py:925} INFO - DAG(s) 'pyspark_test_work' retrieved from /opt/airflow/dags/bank_transactions.py
[2025-03-18T21:25:52.609+0000] {logging_mixin.py:190} INFO - [2025-03-18T21:25:52.608+0000] {dag.py:3239} INFO - Sync 1 DAGs
[2025-03-18T21:25:52.622+0000] {logging_mixin.py:190} INFO - [2025-03-18T21:25:52.622+0000] {dag.py:4180} INFO - Setting next_dagrun for pyspark_test_work to None, run_after=None
[2025-03-18T21:25:52.641+0000] {processor.py:208} INFO - Processing /opt/airflow/dags/bank_transactions.py took 1.059 seconds
[2025-03-18T21:26:22.704+0000] {processor.py:186} INFO - Started process (PID=658) to work on /opt/airflow/dags/bank_transactions.py
[2025-03-18T21:26:22.705+0000] {processor.py:914} INFO - Processing file /opt/airflow/dags/bank_transactions.py for tasks to queue
[2025-03-18T21:26:22.708+0000] {logging_mixin.py:190} INFO - [2025-03-18T21:26:22.708+0000] {dagbag.py:588} INFO - Filling up the DagBag from /opt/airflow/dags/bank_transactions.py
[2025-03-18T21:26:23.675+0000] {processor.py:925} INFO - DAG(s) 'pyspark_test_work' retrieved from /opt/airflow/dags/bank_transactions.py
[2025-03-18T21:26:23.697+0000] {logging_mixin.py:190} INFO - [2025-03-18T21:26:23.696+0000] {dag.py:3239} INFO - Sync 1 DAGs
[2025-03-18T21:26:23.712+0000] {logging_mixin.py:190} INFO - [2025-03-18T21:26:23.712+0000] {dag.py:4180} INFO - Setting next_dagrun for pyspark_test_work to None, run_after=None
[2025-03-18T21:26:23.730+0000] {processor.py:208} INFO - Processing /opt/airflow/dags/bank_transactions.py took 1.035 seconds
[2025-03-18T21:26:53.832+0000] {processor.py:186} INFO - Started process (PID=671) to work on /opt/airflow/dags/bank_transactions.py
[2025-03-18T21:26:53.834+0000] {processor.py:914} INFO - Processing file /opt/airflow/dags/bank_transactions.py for tasks to queue
[2025-03-18T21:26:53.837+0000] {logging_mixin.py:190} INFO - [2025-03-18T21:26:53.836+0000] {dagbag.py:588} INFO - Filling up the DagBag from /opt/airflow/dags/bank_transactions.py
[2025-03-18T21:26:54.804+0000] {processor.py:925} INFO - DAG(s) 'pyspark_test_work' retrieved from /opt/airflow/dags/bank_transactions.py
[2025-03-18T21:26:54.830+0000] {logging_mixin.py:190} INFO - [2025-03-18T21:26:54.829+0000] {dag.py:3239} INFO - Sync 1 DAGs
[2025-03-18T21:26:54.844+0000] {logging_mixin.py:190} INFO - [2025-03-18T21:26:54.843+0000] {dag.py:4180} INFO - Setting next_dagrun for pyspark_test_work to None, run_after=None
[2025-03-18T21:26:54.861+0000] {processor.py:208} INFO - Processing /opt/airflow/dags/bank_transactions.py took 1.038 seconds
[2025-03-18T21:27:25.050+0000] {processor.py:186} INFO - Started process (PID=684) to work on /opt/airflow/dags/bank_transactions.py
[2025-03-18T21:27:25.052+0000] {processor.py:914} INFO - Processing file /opt/airflow/dags/bank_transactions.py for tasks to queue
[2025-03-18T21:27:25.055+0000] {logging_mixin.py:190} INFO - [2025-03-18T21:27:25.055+0000] {dagbag.py:588} INFO - Filling up the DagBag from /opt/airflow/dags/bank_transactions.py
[2025-03-18T21:27:26.084+0000] {processor.py:925} INFO - DAG(s) 'pyspark_test_work' retrieved from /opt/airflow/dags/bank_transactions.py
[2025-03-18T21:27:26.109+0000] {logging_mixin.py:190} INFO - [2025-03-18T21:27:26.108+0000] {dag.py:3239} INFO - Sync 1 DAGs
[2025-03-18T21:27:26.123+0000] {logging_mixin.py:190} INFO - [2025-03-18T21:27:26.123+0000] {dag.py:4180} INFO - Setting next_dagrun for pyspark_test_work to None, run_after=None
[2025-03-18T21:27:26.142+0000] {processor.py:208} INFO - Processing /opt/airflow/dags/bank_transactions.py took 1.101 seconds
[2025-03-18T21:27:56.212+0000] {processor.py:186} INFO - Started process (PID=697) to work on /opt/airflow/dags/bank_transactions.py
[2025-03-18T21:27:56.219+0000] {processor.py:914} INFO - Processing file /opt/airflow/dags/bank_transactions.py for tasks to queue
[2025-03-18T21:27:56.222+0000] {logging_mixin.py:190} INFO - [2025-03-18T21:27:56.221+0000] {dagbag.py:588} INFO - Filling up the DagBag from /opt/airflow/dags/bank_transactions.py
[2025-03-18T21:27:57.204+0000] {processor.py:925} INFO - DAG(s) 'pyspark_test_work' retrieved from /opt/airflow/dags/bank_transactions.py
[2025-03-18T21:27:57.227+0000] {logging_mixin.py:190} INFO - [2025-03-18T21:27:57.226+0000] {dag.py:3239} INFO - Sync 1 DAGs
[2025-03-18T21:27:57.241+0000] {logging_mixin.py:190} INFO - [2025-03-18T21:27:57.240+0000] {dag.py:4180} INFO - Setting next_dagrun for pyspark_test_work to None, run_after=None
[2025-03-18T21:27:57.263+0000] {processor.py:208} INFO - Processing /opt/airflow/dags/bank_transactions.py took 1.059 seconds
[2025-03-18T21:28:27.338+0000] {processor.py:186} INFO - Started process (PID=710) to work on /opt/airflow/dags/bank_transactions.py
[2025-03-18T21:28:27.338+0000] {processor.py:914} INFO - Processing file /opt/airflow/dags/bank_transactions.py for tasks to queue
[2025-03-18T21:28:27.341+0000] {logging_mixin.py:190} INFO - [2025-03-18T21:28:27.341+0000] {dagbag.py:588} INFO - Filling up the DagBag from /opt/airflow/dags/bank_transactions.py
[2025-03-18T21:28:28.338+0000] {processor.py:925} INFO - DAG(s) 'pyspark_test_work' retrieved from /opt/airflow/dags/bank_transactions.py
[2025-03-18T21:28:28.360+0000] {logging_mixin.py:190} INFO - [2025-03-18T21:28:28.360+0000] {dag.py:3239} INFO - Sync 1 DAGs
[2025-03-18T21:28:28.376+0000] {logging_mixin.py:190} INFO - [2025-03-18T21:28:28.376+0000] {dag.py:4180} INFO - Setting next_dagrun for pyspark_test_work to None, run_after=None
[2025-03-18T21:28:28.394+0000] {processor.py:208} INFO - Processing /opt/airflow/dags/bank_transactions.py took 1.065 seconds
[2025-03-18T21:28:58.570+0000] {processor.py:186} INFO - Started process (PID=723) to work on /opt/airflow/dags/bank_transactions.py
[2025-03-18T21:28:58.575+0000] {processor.py:914} INFO - Processing file /opt/airflow/dags/bank_transactions.py for tasks to queue
[2025-03-18T21:28:58.579+0000] {logging_mixin.py:190} INFO - [2025-03-18T21:28:58.578+0000] {dagbag.py:588} INFO - Filling up the DagBag from /opt/airflow/dags/bank_transactions.py
[2025-03-18T21:28:59.534+0000] {processor.py:925} INFO - DAG(s) 'pyspark_test_work' retrieved from /opt/airflow/dags/bank_transactions.py
[2025-03-18T21:28:59.557+0000] {logging_mixin.py:190} INFO - [2025-03-18T21:28:59.557+0000] {dag.py:3239} INFO - Sync 1 DAGs
[2025-03-18T21:28:59.571+0000] {logging_mixin.py:190} INFO - [2025-03-18T21:28:59.571+0000] {dag.py:4180} INFO - Setting next_dagrun for pyspark_test_work to None, run_after=None
[2025-03-18T21:28:59.588+0000] {processor.py:208} INFO - Processing /opt/airflow/dags/bank_transactions.py took 1.026 seconds
[2025-03-18T21:29:29.723+0000] {processor.py:186} INFO - Started process (PID=736) to work on /opt/airflow/dags/bank_transactions.py
[2025-03-18T21:29:29.724+0000] {processor.py:914} INFO - Processing file /opt/airflow/dags/bank_transactions.py for tasks to queue
[2025-03-18T21:29:29.727+0000] {logging_mixin.py:190} INFO - [2025-03-18T21:29:29.726+0000] {dagbag.py:588} INFO - Filling up the DagBag from /opt/airflow/dags/bank_transactions.py
[2025-03-18T21:29:30.768+0000] {processor.py:925} INFO - DAG(s) 'pyspark_test_work' retrieved from /opt/airflow/dags/bank_transactions.py
[2025-03-18T21:29:30.791+0000] {logging_mixin.py:190} INFO - [2025-03-18T21:29:30.791+0000] {dag.py:3239} INFO - Sync 1 DAGs
[2025-03-18T21:29:30.805+0000] {logging_mixin.py:190} INFO - [2025-03-18T21:29:30.805+0000] {dag.py:4180} INFO - Setting next_dagrun for pyspark_test_work to None, run_after=None
[2025-03-18T21:29:30.823+0000] {processor.py:208} INFO - Processing /opt/airflow/dags/bank_transactions.py took 1.108 seconds
[2025-03-18T21:30:01.315+0000] {processor.py:186} INFO - Started process (PID=749) to work on /opt/airflow/dags/bank_transactions.py
[2025-03-18T21:30:01.318+0000] {processor.py:914} INFO - Processing file /opt/airflow/dags/bank_transactions.py for tasks to queue
[2025-03-18T21:30:01.322+0000] {logging_mixin.py:190} INFO - [2025-03-18T21:30:01.321+0000] {dagbag.py:588} INFO - Filling up the DagBag from /opt/airflow/dags/bank_transactions.py
[2025-03-18T21:30:02.900+0000] {processor.py:925} INFO - DAG(s) 'pyspark_test_work' retrieved from /opt/airflow/dags/bank_transactions.py
[2025-03-18T21:30:02.941+0000] {logging_mixin.py:190} INFO - [2025-03-18T21:30:02.940+0000] {dag.py:3239} INFO - Sync 1 DAGs
[2025-03-18T21:30:02.968+0000] {logging_mixin.py:190} INFO - [2025-03-18T21:30:02.968+0000] {dag.py:4180} INFO - Setting next_dagrun for pyspark_test_work to None, run_after=None
[2025-03-18T21:30:02.997+0000] {processor.py:208} INFO - Processing /opt/airflow/dags/bank_transactions.py took 1.691 seconds
[2025-03-18T21:30:33.345+0000] {processor.py:186} INFO - Started process (PID=762) to work on /opt/airflow/dags/bank_transactions.py
[2025-03-18T21:30:33.346+0000] {processor.py:914} INFO - Processing file /opt/airflow/dags/bank_transactions.py for tasks to queue
[2025-03-18T21:30:33.350+0000] {logging_mixin.py:190} INFO - [2025-03-18T21:30:33.349+0000] {dagbag.py:588} INFO - Filling up the DagBag from /opt/airflow/dags/bank_transactions.py
[2025-03-18T21:30:34.350+0000] {processor.py:925} INFO - DAG(s) 'pyspark_test_work' retrieved from /opt/airflow/dags/bank_transactions.py
[2025-03-18T21:30:34.371+0000] {logging_mixin.py:190} INFO - [2025-03-18T21:30:34.371+0000] {dag.py:3239} INFO - Sync 1 DAGs
[2025-03-18T21:30:34.386+0000] {logging_mixin.py:190} INFO - [2025-03-18T21:30:34.386+0000] {dag.py:4180} INFO - Setting next_dagrun for pyspark_test_work to None, run_after=None
[2025-03-18T21:30:34.404+0000] {processor.py:208} INFO - Processing /opt/airflow/dags/bank_transactions.py took 1.068 seconds
[2025-03-18T21:31:04.519+0000] {processor.py:186} INFO - Started process (PID=775) to work on /opt/airflow/dags/bank_transactions.py
[2025-03-18T21:31:04.520+0000] {processor.py:914} INFO - Processing file /opt/airflow/dags/bank_transactions.py for tasks to queue
[2025-03-18T21:31:04.523+0000] {logging_mixin.py:190} INFO - [2025-03-18T21:31:04.523+0000] {dagbag.py:588} INFO - Filling up the DagBag from /opt/airflow/dags/bank_transactions.py
[2025-03-18T21:31:05.521+0000] {processor.py:925} INFO - DAG(s) 'pyspark_test_work' retrieved from /opt/airflow/dags/bank_transactions.py
[2025-03-18T21:31:05.546+0000] {logging_mixin.py:190} INFO - [2025-03-18T21:31:05.545+0000] {dag.py:3239} INFO - Sync 1 DAGs
[2025-03-18T21:31:05.559+0000] {logging_mixin.py:190} INFO - [2025-03-18T21:31:05.559+0000] {dag.py:4180} INFO - Setting next_dagrun for pyspark_test_work to None, run_after=None
[2025-03-18T21:31:05.575+0000] {processor.py:208} INFO - Processing /opt/airflow/dags/bank_transactions.py took 1.063 seconds
[2025-03-18T21:31:35.643+0000] {processor.py:186} INFO - Started process (PID=788) to work on /opt/airflow/dags/bank_transactions.py
[2025-03-18T21:31:35.644+0000] {processor.py:914} INFO - Processing file /opt/airflow/dags/bank_transactions.py for tasks to queue
[2025-03-18T21:31:35.647+0000] {logging_mixin.py:190} INFO - [2025-03-18T21:31:35.646+0000] {dagbag.py:588} INFO - Filling up the DagBag from /opt/airflow/dags/bank_transactions.py
[2025-03-18T21:31:36.640+0000] {processor.py:925} INFO - DAG(s) 'pyspark_test_work' retrieved from /opt/airflow/dags/bank_transactions.py
[2025-03-18T21:31:36.662+0000] {logging_mixin.py:190} INFO - [2025-03-18T21:31:36.662+0000] {dag.py:3239} INFO - Sync 1 DAGs
[2025-03-18T21:31:36.675+0000] {logging_mixin.py:190} INFO - [2025-03-18T21:31:36.675+0000] {dag.py:4180} INFO - Setting next_dagrun for pyspark_test_work to None, run_after=None
[2025-03-18T21:31:36.693+0000] {processor.py:208} INFO - Processing /opt/airflow/dags/bank_transactions.py took 1.058 seconds
[2025-03-18T21:32:06.824+0000] {processor.py:186} INFO - Started process (PID=801) to work on /opt/airflow/dags/bank_transactions.py
[2025-03-18T21:32:06.825+0000] {processor.py:914} INFO - Processing file /opt/airflow/dags/bank_transactions.py for tasks to queue
[2025-03-18T21:32:06.829+0000] {logging_mixin.py:190} INFO - [2025-03-18T21:32:06.828+0000] {dagbag.py:588} INFO - Filling up the DagBag from /opt/airflow/dags/bank_transactions.py
[2025-03-18T21:32:07.880+0000] {processor.py:925} INFO - DAG(s) 'pyspark_test_work' retrieved from /opt/airflow/dags/bank_transactions.py
[2025-03-18T21:32:07.902+0000] {logging_mixin.py:190} INFO - [2025-03-18T21:32:07.901+0000] {dag.py:3239} INFO - Sync 1 DAGs
[2025-03-18T21:32:07.915+0000] {logging_mixin.py:190} INFO - [2025-03-18T21:32:07.915+0000] {dag.py:4180} INFO - Setting next_dagrun for pyspark_test_work to None, run_after=None
[2025-03-18T21:32:07.933+0000] {processor.py:208} INFO - Processing /opt/airflow/dags/bank_transactions.py took 1.117 seconds
[2025-03-18T21:32:38.022+0000] {processor.py:186} INFO - Started process (PID=817) to work on /opt/airflow/dags/bank_transactions.py
[2025-03-18T21:32:38.023+0000] {processor.py:914} INFO - Processing file /opt/airflow/dags/bank_transactions.py for tasks to queue
[2025-03-18T21:32:38.026+0000] {logging_mixin.py:190} INFO - [2025-03-18T21:32:38.025+0000] {dagbag.py:588} INFO - Filling up the DagBag from /opt/airflow/dags/bank_transactions.py
[2025-03-18T21:32:38.994+0000] {processor.py:925} INFO - DAG(s) 'pyspark_test_work' retrieved from /opt/airflow/dags/bank_transactions.py
[2025-03-18T21:32:39.016+0000] {logging_mixin.py:190} INFO - [2025-03-18T21:32:39.015+0000] {dag.py:3239} INFO - Sync 1 DAGs
[2025-03-18T21:32:39.034+0000] {logging_mixin.py:190} INFO - [2025-03-18T21:32:39.034+0000] {dag.py:4180} INFO - Setting next_dagrun for pyspark_test_work to None, run_after=None
[2025-03-18T21:32:39.055+0000] {processor.py:208} INFO - Processing /opt/airflow/dags/bank_transactions.py took 1.042 seconds
[2025-03-18T21:33:09.174+0000] {processor.py:186} INFO - Started process (PID=830) to work on /opt/airflow/dags/bank_transactions.py
[2025-03-18T21:33:09.177+0000] {processor.py:914} INFO - Processing file /opt/airflow/dags/bank_transactions.py for tasks to queue
[2025-03-18T21:33:09.180+0000] {logging_mixin.py:190} INFO - [2025-03-18T21:33:09.180+0000] {dagbag.py:588} INFO - Filling up the DagBag from /opt/airflow/dags/bank_transactions.py
[2025-03-18T21:33:10.216+0000] {processor.py:925} INFO - DAG(s) 'pyspark_test_work' retrieved from /opt/airflow/dags/bank_transactions.py
[2025-03-18T21:33:10.240+0000] {logging_mixin.py:190} INFO - [2025-03-18T21:33:10.239+0000] {dag.py:3239} INFO - Sync 1 DAGs
[2025-03-18T21:33:10.253+0000] {logging_mixin.py:190} INFO - [2025-03-18T21:33:10.253+0000] {dag.py:4180} INFO - Setting next_dagrun for pyspark_test_work to None, run_after=None
[2025-03-18T21:33:10.271+0000] {processor.py:208} INFO - Processing /opt/airflow/dags/bank_transactions.py took 1.105 seconds
[2025-03-18T21:33:40.407+0000] {processor.py:186} INFO - Started process (PID=843) to work on /opt/airflow/dags/bank_transactions.py
[2025-03-18T21:33:40.409+0000] {processor.py:914} INFO - Processing file /opt/airflow/dags/bank_transactions.py for tasks to queue
[2025-03-18T21:33:40.412+0000] {logging_mixin.py:190} INFO - [2025-03-18T21:33:40.412+0000] {dagbag.py:588} INFO - Filling up the DagBag from /opt/airflow/dags/bank_transactions.py
[2025-03-18T21:33:41.379+0000] {processor.py:925} INFO - DAG(s) 'pyspark_test_work' retrieved from /opt/airflow/dags/bank_transactions.py
[2025-03-18T21:33:41.401+0000] {logging_mixin.py:190} INFO - [2025-03-18T21:33:41.400+0000] {dag.py:3239} INFO - Sync 1 DAGs
[2025-03-18T21:33:41.414+0000] {logging_mixin.py:190} INFO - [2025-03-18T21:33:41.414+0000] {dag.py:4180} INFO - Setting next_dagrun for pyspark_test_work to None, run_after=None
[2025-03-18T21:33:41.430+0000] {processor.py:208} INFO - Processing /opt/airflow/dags/bank_transactions.py took 1.031 seconds
[2025-03-18T21:34:11.533+0000] {processor.py:186} INFO - Started process (PID=856) to work on /opt/airflow/dags/bank_transactions.py
[2025-03-18T21:34:11.534+0000] {processor.py:914} INFO - Processing file /opt/airflow/dags/bank_transactions.py for tasks to queue
[2025-03-18T21:34:11.539+0000] {logging_mixin.py:190} INFO - [2025-03-18T21:34:11.538+0000] {dagbag.py:588} INFO - Filling up the DagBag from /opt/airflow/dags/bank_transactions.py
[2025-03-18T21:34:12.529+0000] {processor.py:925} INFO - DAG(s) 'pyspark_test_work' retrieved from /opt/airflow/dags/bank_transactions.py
[2025-03-18T21:34:12.551+0000] {logging_mixin.py:190} INFO - [2025-03-18T21:34:12.551+0000] {dag.py:3239} INFO - Sync 1 DAGs
[2025-03-18T21:34:12.565+0000] {logging_mixin.py:190} INFO - [2025-03-18T21:34:12.564+0000] {dag.py:4180} INFO - Setting next_dagrun for pyspark_test_work to None, run_after=None
[2025-03-18T21:34:12.582+0000] {processor.py:208} INFO - Processing /opt/airflow/dags/bank_transactions.py took 1.058 seconds
