[2025-03-18T21:03:21.493+0000] {processor.py:186} INFO - Started process (PID=68) to work on /opt/airflow/dags/spark_example.py
[2025-03-18T21:03:21.494+0000] {processor.py:914} INFO - Processing file /opt/airflow/dags/spark_example.py for tasks to queue
[2025-03-18T21:03:21.507+0000] {logging_mixin.py:190} INFO - [2025-03-18T21:03:21.506+0000] {dagbag.py:588} INFO - Filling up the DagBag from /opt/airflow/dags/spark_example.py
[2025-03-18T21:03:24.337+0000] {processor.py:925} INFO - DAG(s) 'spark_example' retrieved from /opt/airflow/dags/spark_example.py
[2025-03-18T21:03:24.693+0000] {logging_mixin.py:190} INFO - [2025-03-18T21:03:24.692+0000] {override.py:1911} INFO - Created Permission View: can delete on DAG:spark_example
[2025-03-18T21:03:24.707+0000] {logging_mixin.py:190} INFO - [2025-03-18T21:03:24.706+0000] {override.py:1911} INFO - Created Permission View: can read on DAG:spark_example
[2025-03-18T21:03:24.715+0000] {logging_mixin.py:190} INFO - [2025-03-18T21:03:24.715+0000] {override.py:1911} INFO - Created Permission View: can edit on DAG:spark_example
[2025-03-18T21:03:24.724+0000] {logging_mixin.py:190} INFO - [2025-03-18T21:03:24.724+0000] {override.py:1911} INFO - Created Permission View: menu access on DAG Run:spark_example
[2025-03-18T21:03:24.733+0000] {logging_mixin.py:190} INFO - [2025-03-18T21:03:24.733+0000] {override.py:1911} INFO - Created Permission View: can delete on DAG Run:spark_example
[2025-03-18T21:03:24.743+0000] {logging_mixin.py:190} INFO - [2025-03-18T21:03:24.743+0000] {override.py:1911} INFO - Created Permission View: can create on DAG Run:spark_example
[2025-03-18T21:03:24.751+0000] {logging_mixin.py:190} INFO - [2025-03-18T21:03:24.751+0000] {override.py:1911} INFO - Created Permission View: can read on DAG Run:spark_example
[2025-03-18T21:03:24.753+0000] {logging_mixin.py:190} INFO - [2025-03-18T21:03:24.752+0000] {dag.py:3239} INFO - Sync 1 DAGs
[2025-03-18T21:03:24.775+0000] {logging_mixin.py:190} INFO - [2025-03-18T21:03:24.774+0000] {dag.py:3262} INFO - Creating ORM DAG for spark_example
[2025-03-18T21:03:24.776+0000] {logging_mixin.py:190} INFO - [2025-03-18T21:03:24.776+0000] {dag.py:4180} INFO - Setting next_dagrun for spark_example to None, run_after=None
[2025-03-18T21:03:24.803+0000] {processor.py:208} INFO - Processing /opt/airflow/dags/spark_example.py took 3.331 seconds
[2025-03-18T21:03:55.103+0000] {processor.py:186} INFO - Started process (PID=81) to work on /opt/airflow/dags/spark_example.py
[2025-03-18T21:03:55.112+0000] {processor.py:914} INFO - Processing file /opt/airflow/dags/spark_example.py for tasks to queue
[2025-03-18T21:03:55.115+0000] {logging_mixin.py:190} INFO - [2025-03-18T21:03:55.115+0000] {dagbag.py:588} INFO - Filling up the DagBag from /opt/airflow/dags/spark_example.py
[2025-03-18T21:03:55.954+0000] {processor.py:925} INFO - DAG(s) 'spark_example' retrieved from /opt/airflow/dags/spark_example.py
[2025-03-18T21:03:55.984+0000] {logging_mixin.py:190} INFO - [2025-03-18T21:03:55.983+0000] {dag.py:3239} INFO - Sync 1 DAGs
[2025-03-18T21:03:56.004+0000] {logging_mixin.py:190} INFO - [2025-03-18T21:03:56.003+0000] {dag.py:4180} INFO - Setting next_dagrun for spark_example to None, run_after=None
[2025-03-18T21:03:56.029+0000] {processor.py:208} INFO - Processing /opt/airflow/dags/spark_example.py took 0.934 seconds
[2025-03-18T21:04:26.480+0000] {processor.py:186} INFO - Started process (PID=94) to work on /opt/airflow/dags/spark_example.py
[2025-03-18T21:04:26.515+0000] {processor.py:914} INFO - Processing file /opt/airflow/dags/spark_example.py for tasks to queue
[2025-03-18T21:04:26.517+0000] {logging_mixin.py:190} INFO - [2025-03-18T21:04:26.517+0000] {dagbag.py:588} INFO - Filling up the DagBag from /opt/airflow/dags/spark_example.py
[2025-03-18T21:04:27.290+0000] {processor.py:925} INFO - DAG(s) 'spark_example' retrieved from /opt/airflow/dags/spark_example.py
[2025-03-18T21:04:27.313+0000] {logging_mixin.py:190} INFO - [2025-03-18T21:04:27.312+0000] {dag.py:3239} INFO - Sync 1 DAGs
[2025-03-18T21:04:27.329+0000] {logging_mixin.py:190} INFO - [2025-03-18T21:04:27.328+0000] {dag.py:4180} INFO - Setting next_dagrun for spark_example to None, run_after=None
[2025-03-18T21:04:27.348+0000] {processor.py:208} INFO - Processing /opt/airflow/dags/spark_example.py took 0.876 seconds
[2025-03-18T21:04:57.791+0000] {processor.py:186} INFO - Started process (PID=107) to work on /opt/airflow/dags/spark_example.py
[2025-03-18T21:04:57.792+0000] {processor.py:914} INFO - Processing file /opt/airflow/dags/spark_example.py for tasks to queue
[2025-03-18T21:04:57.795+0000] {logging_mixin.py:190} INFO - [2025-03-18T21:04:57.794+0000] {dagbag.py:588} INFO - Filling up the DagBag from /opt/airflow/dags/spark_example.py
[2025-03-18T21:04:58.593+0000] {processor.py:925} INFO - DAG(s) 'spark_example' retrieved from /opt/airflow/dags/spark_example.py
[2025-03-18T21:04:58.623+0000] {logging_mixin.py:190} INFO - [2025-03-18T21:04:58.622+0000] {dag.py:3239} INFO - Sync 1 DAGs
[2025-03-18T21:04:58.645+0000] {logging_mixin.py:190} INFO - [2025-03-18T21:04:58.644+0000] {dag.py:4180} INFO - Setting next_dagrun for spark_example to None, run_after=None
[2025-03-18T21:04:58.663+0000] {processor.py:208} INFO - Processing /opt/airflow/dags/spark_example.py took 0.882 seconds
[2025-03-18T21:05:29.070+0000] {processor.py:186} INFO - Started process (PID=120) to work on /opt/airflow/dags/spark_example.py
[2025-03-18T21:05:29.072+0000] {processor.py:914} INFO - Processing file /opt/airflow/dags/spark_example.py for tasks to queue
[2025-03-18T21:05:29.075+0000] {logging_mixin.py:190} INFO - [2025-03-18T21:05:29.075+0000] {dagbag.py:588} INFO - Filling up the DagBag from /opt/airflow/dags/spark_example.py
[2025-03-18T21:05:30.284+0000] {processor.py:925} INFO - DAG(s) 'spark_example' retrieved from /opt/airflow/dags/spark_example.py
[2025-03-18T21:05:30.320+0000] {logging_mixin.py:190} INFO - [2025-03-18T21:05:30.319+0000] {dag.py:3239} INFO - Sync 1 DAGs
[2025-03-18T21:05:30.369+0000] {logging_mixin.py:190} INFO - [2025-03-18T21:05:30.369+0000] {dag.py:4180} INFO - Setting next_dagrun for spark_example to None, run_after=None
[2025-03-18T21:05:30.442+0000] {processor.py:208} INFO - Processing /opt/airflow/dags/spark_example.py took 1.381 seconds
[2025-03-18T21:06:01.241+0000] {processor.py:186} INFO - Started process (PID=133) to work on /opt/airflow/dags/spark_example.py
[2025-03-18T21:06:01.264+0000] {processor.py:914} INFO - Processing file /opt/airflow/dags/spark_example.py for tasks to queue
[2025-03-18T21:06:01.268+0000] {logging_mixin.py:190} INFO - [2025-03-18T21:06:01.267+0000] {dagbag.py:588} INFO - Filling up the DagBag from /opt/airflow/dags/spark_example.py
[2025-03-18T21:06:02.952+0000] {processor.py:925} INFO - DAG(s) 'spark_example' retrieved from /opt/airflow/dags/spark_example.py
[2025-03-18T21:06:02.992+0000] {logging_mixin.py:190} INFO - [2025-03-18T21:06:02.991+0000] {dag.py:3239} INFO - Sync 1 DAGs
[2025-03-18T21:06:03.013+0000] {logging_mixin.py:190} INFO - [2025-03-18T21:06:03.013+0000] {dag.py:4180} INFO - Setting next_dagrun for spark_example to None, run_after=None
[2025-03-18T21:06:03.037+0000] {processor.py:208} INFO - Processing /opt/airflow/dags/spark_example.py took 1.806 seconds
[2025-03-18T21:06:33.254+0000] {processor.py:186} INFO - Started process (PID=145) to work on /opt/airflow/dags/spark_example.py
[2025-03-18T21:06:33.256+0000] {processor.py:914} INFO - Processing file /opt/airflow/dags/spark_example.py for tasks to queue
[2025-03-18T21:06:33.258+0000] {logging_mixin.py:190} INFO - [2025-03-18T21:06:33.258+0000] {dagbag.py:588} INFO - Filling up the DagBag from /opt/airflow/dags/spark_example.py
[2025-03-18T21:06:34.039+0000] {processor.py:925} INFO - DAG(s) 'spark_example' retrieved from /opt/airflow/dags/spark_example.py
[2025-03-18T21:06:34.062+0000] {logging_mixin.py:190} INFO - [2025-03-18T21:06:34.062+0000] {dag.py:3239} INFO - Sync 1 DAGs
[2025-03-18T21:06:34.078+0000] {logging_mixin.py:190} INFO - [2025-03-18T21:06:34.077+0000] {dag.py:4180} INFO - Setting next_dagrun for spark_example to None, run_after=None
[2025-03-18T21:06:34.097+0000] {processor.py:208} INFO - Processing /opt/airflow/dags/spark_example.py took 0.851 seconds
[2025-03-18T21:07:04.339+0000] {processor.py:186} INFO - Started process (PID=158) to work on /opt/airflow/dags/spark_example.py
[2025-03-18T21:07:04.340+0000] {processor.py:914} INFO - Processing file /opt/airflow/dags/spark_example.py for tasks to queue
[2025-03-18T21:07:04.343+0000] {logging_mixin.py:190} INFO - [2025-03-18T21:07:04.342+0000] {dagbag.py:588} INFO - Filling up the DagBag from /opt/airflow/dags/spark_example.py
[2025-03-18T21:07:05.136+0000] {processor.py:925} INFO - DAG(s) 'spark_example' retrieved from /opt/airflow/dags/spark_example.py
[2025-03-18T21:07:05.160+0000] {logging_mixin.py:190} INFO - [2025-03-18T21:07:05.160+0000] {dag.py:3239} INFO - Sync 1 DAGs
[2025-03-18T21:07:05.176+0000] {logging_mixin.py:190} INFO - [2025-03-18T21:07:05.176+0000] {dag.py:4180} INFO - Setting next_dagrun for spark_example to None, run_after=None
[2025-03-18T21:07:05.195+0000] {processor.py:208} INFO - Processing /opt/airflow/dags/spark_example.py took 0.864 seconds
[2025-03-18T21:07:35.414+0000] {processor.py:186} INFO - Started process (PID=171) to work on /opt/airflow/dags/spark_example.py
[2025-03-18T21:07:35.416+0000] {processor.py:914} INFO - Processing file /opt/airflow/dags/spark_example.py for tasks to queue
[2025-03-18T21:07:35.420+0000] {logging_mixin.py:190} INFO - [2025-03-18T21:07:35.419+0000] {dagbag.py:588} INFO - Filling up the DagBag from /opt/airflow/dags/spark_example.py
[2025-03-18T21:07:36.191+0000] {processor.py:925} INFO - DAG(s) 'spark_example' retrieved from /opt/airflow/dags/spark_example.py
[2025-03-18T21:07:36.214+0000] {logging_mixin.py:190} INFO - [2025-03-18T21:07:36.213+0000] {dag.py:3239} INFO - Sync 1 DAGs
[2025-03-18T21:07:36.375+0000] {logging_mixin.py:190} INFO - [2025-03-18T21:07:36.375+0000] {dag.py:4180} INFO - Setting next_dagrun for spark_example to None, run_after=None
[2025-03-18T21:07:36.395+0000] {processor.py:208} INFO - Processing /opt/airflow/dags/spark_example.py took 0.990 seconds
[2025-03-18T21:08:06.694+0000] {processor.py:186} INFO - Started process (PID=184) to work on /opt/airflow/dags/spark_example.py
[2025-03-18T21:08:06.695+0000] {processor.py:914} INFO - Processing file /opt/airflow/dags/spark_example.py for tasks to queue
[2025-03-18T21:08:06.698+0000] {logging_mixin.py:190} INFO - [2025-03-18T21:08:06.697+0000] {dagbag.py:588} INFO - Filling up the DagBag from /opt/airflow/dags/spark_example.py
[2025-03-18T21:08:07.523+0000] {processor.py:925} INFO - DAG(s) 'spark_example' retrieved from /opt/airflow/dags/spark_example.py
[2025-03-18T21:08:07.548+0000] {logging_mixin.py:190} INFO - [2025-03-18T21:08:07.547+0000] {dag.py:3239} INFO - Sync 1 DAGs
[2025-03-18T21:08:07.561+0000] {logging_mixin.py:190} INFO - [2025-03-18T21:08:07.561+0000] {dag.py:4180} INFO - Setting next_dagrun for spark_example to None, run_after=None
[2025-03-18T21:08:07.578+0000] {processor.py:208} INFO - Processing /opt/airflow/dags/spark_example.py took 0.893 seconds
[2025-03-18T21:08:37.854+0000] {processor.py:186} INFO - Started process (PID=197) to work on /opt/airflow/dags/spark_example.py
[2025-03-18T21:08:37.856+0000] {processor.py:914} INFO - Processing file /opt/airflow/dags/spark_example.py for tasks to queue
[2025-03-18T21:08:37.859+0000] {logging_mixin.py:190} INFO - [2025-03-18T21:08:37.858+0000] {dagbag.py:588} INFO - Filling up the DagBag from /opt/airflow/dags/spark_example.py
[2025-03-18T21:08:38.625+0000] {processor.py:925} INFO - DAG(s) 'spark_example' retrieved from /opt/airflow/dags/spark_example.py
[2025-03-18T21:08:38.647+0000] {logging_mixin.py:190} INFO - [2025-03-18T21:08:38.646+0000] {dag.py:3239} INFO - Sync 1 DAGs
[2025-03-18T21:08:38.661+0000] {logging_mixin.py:190} INFO - [2025-03-18T21:08:38.660+0000] {dag.py:4180} INFO - Setting next_dagrun for spark_example to None, run_after=None
[2025-03-18T21:08:38.678+0000] {processor.py:208} INFO - Processing /opt/airflow/dags/spark_example.py took 0.832 seconds
[2025-03-18T21:09:09.359+0000] {processor.py:186} INFO - Started process (PID=210) to work on /opt/airflow/dags/spark_example.py
[2025-03-18T21:09:09.361+0000] {processor.py:914} INFO - Processing file /opt/airflow/dags/spark_example.py for tasks to queue
[2025-03-18T21:09:09.364+0000] {logging_mixin.py:190} INFO - [2025-03-18T21:09:09.364+0000] {dagbag.py:588} INFO - Filling up the DagBag from /opt/airflow/dags/spark_example.py
[2025-03-18T21:09:10.164+0000] {processor.py:925} INFO - DAG(s) 'spark_example' retrieved from /opt/airflow/dags/spark_example.py
[2025-03-18T21:09:10.186+0000] {logging_mixin.py:190} INFO - [2025-03-18T21:09:10.185+0000] {dag.py:3239} INFO - Sync 1 DAGs
[2025-03-18T21:09:10.199+0000] {logging_mixin.py:190} INFO - [2025-03-18T21:09:10.199+0000] {dag.py:4180} INFO - Setting next_dagrun for spark_example to None, run_after=None
[2025-03-18T21:09:10.219+0000] {processor.py:208} INFO - Processing /opt/airflow/dags/spark_example.py took 0.868 seconds
[2025-03-18T21:09:40.513+0000] {processor.py:186} INFO - Started process (PID=224) to work on /opt/airflow/dags/spark_example.py
[2025-03-18T21:09:40.515+0000] {processor.py:914} INFO - Processing file /opt/airflow/dags/spark_example.py for tasks to queue
[2025-03-18T21:09:40.518+0000] {logging_mixin.py:190} INFO - [2025-03-18T21:09:40.518+0000] {dagbag.py:588} INFO - Filling up the DagBag from /opt/airflow/dags/spark_example.py
[2025-03-18T21:09:41.297+0000] {processor.py:925} INFO - DAG(s) 'spark_example' retrieved from /opt/airflow/dags/spark_example.py
[2025-03-18T21:09:41.321+0000] {logging_mixin.py:190} INFO - [2025-03-18T21:09:41.320+0000] {dag.py:3239} INFO - Sync 1 DAGs
[2025-03-18T21:09:41.337+0000] {logging_mixin.py:190} INFO - [2025-03-18T21:09:41.336+0000] {dag.py:4180} INFO - Setting next_dagrun for spark_example to None, run_after=None
[2025-03-18T21:09:41.356+0000] {processor.py:208} INFO - Processing /opt/airflow/dags/spark_example.py took 0.852 seconds
[2025-03-18T21:10:11.730+0000] {processor.py:186} INFO - Started process (PID=237) to work on /opt/airflow/dags/spark_example.py
[2025-03-18T21:10:11.731+0000] {processor.py:914} INFO - Processing file /opt/airflow/dags/spark_example.py for tasks to queue
[2025-03-18T21:10:11.734+0000] {logging_mixin.py:190} INFO - [2025-03-18T21:10:11.733+0000] {dagbag.py:588} INFO - Filling up the DagBag from /opt/airflow/dags/spark_example.py
[2025-03-18T21:10:12.500+0000] {processor.py:925} INFO - DAG(s) 'spark_example' retrieved from /opt/airflow/dags/spark_example.py
[2025-03-18T21:10:12.523+0000] {logging_mixin.py:190} INFO - [2025-03-18T21:10:12.523+0000] {dag.py:3239} INFO - Sync 1 DAGs
[2025-03-18T21:10:12.537+0000] {logging_mixin.py:190} INFO - [2025-03-18T21:10:12.537+0000] {dag.py:4180} INFO - Setting next_dagrun for spark_example to None, run_after=None
[2025-03-18T21:10:12.555+0000] {processor.py:208} INFO - Processing /opt/airflow/dags/spark_example.py took 0.834 seconds
[2025-03-18T21:10:42.918+0000] {processor.py:186} INFO - Started process (PID=250) to work on /opt/airflow/dags/spark_example.py
[2025-03-18T21:10:42.919+0000] {processor.py:914} INFO - Processing file /opt/airflow/dags/spark_example.py for tasks to queue
[2025-03-18T21:10:42.922+0000] {logging_mixin.py:190} INFO - [2025-03-18T21:10:42.922+0000] {dagbag.py:588} INFO - Filling up the DagBag from /opt/airflow/dags/spark_example.py
[2025-03-18T21:10:43.720+0000] {processor.py:925} INFO - DAG(s) 'spark_example' retrieved from /opt/airflow/dags/spark_example.py
[2025-03-18T21:10:43.744+0000] {logging_mixin.py:190} INFO - [2025-03-18T21:10:43.744+0000] {dag.py:3239} INFO - Sync 1 DAGs
[2025-03-18T21:10:43.758+0000] {logging_mixin.py:190} INFO - [2025-03-18T21:10:43.758+0000] {dag.py:4180} INFO - Setting next_dagrun for spark_example to None, run_after=None
[2025-03-18T21:10:43.777+0000] {processor.py:208} INFO - Processing /opt/airflow/dags/spark_example.py took 0.868 seconds
[2025-03-18T21:11:14.118+0000] {processor.py:186} INFO - Started process (PID=263) to work on /opt/airflow/dags/spark_example.py
[2025-03-18T21:11:14.119+0000] {processor.py:914} INFO - Processing file /opt/airflow/dags/spark_example.py for tasks to queue
[2025-03-18T21:11:14.123+0000] {logging_mixin.py:190} INFO - [2025-03-18T21:11:14.122+0000] {dagbag.py:588} INFO - Filling up the DagBag from /opt/airflow/dags/spark_example.py
[2025-03-18T21:11:14.895+0000] {processor.py:925} INFO - DAG(s) 'spark_example' retrieved from /opt/airflow/dags/spark_example.py
[2025-03-18T21:11:14.917+0000] {logging_mixin.py:190} INFO - [2025-03-18T21:11:14.916+0000] {dag.py:3239} INFO - Sync 1 DAGs
[2025-03-18T21:11:14.931+0000] {logging_mixin.py:190} INFO - [2025-03-18T21:11:14.930+0000] {dag.py:4180} INFO - Setting next_dagrun for spark_example to None, run_after=None
[2025-03-18T21:11:14.950+0000] {processor.py:208} INFO - Processing /opt/airflow/dags/spark_example.py took 0.841 seconds
[2025-03-18T21:11:45.162+0000] {processor.py:186} INFO - Started process (PID=276) to work on /opt/airflow/dags/spark_example.py
[2025-03-18T21:11:45.165+0000] {processor.py:914} INFO - Processing file /opt/airflow/dags/spark_example.py for tasks to queue
[2025-03-18T21:11:45.167+0000] {logging_mixin.py:190} INFO - [2025-03-18T21:11:45.167+0000] {dagbag.py:588} INFO - Filling up the DagBag from /opt/airflow/dags/spark_example.py
[2025-03-18T21:11:45.925+0000] {processor.py:925} INFO - DAG(s) 'spark_example' retrieved from /opt/airflow/dags/spark_example.py
[2025-03-18T21:11:45.946+0000] {logging_mixin.py:190} INFO - [2025-03-18T21:11:45.945+0000] {dag.py:3239} INFO - Sync 1 DAGs
[2025-03-18T21:11:45.959+0000] {logging_mixin.py:190} INFO - [2025-03-18T21:11:45.959+0000] {dag.py:4180} INFO - Setting next_dagrun for spark_example to None, run_after=None
[2025-03-18T21:11:45.980+0000] {processor.py:208} INFO - Processing /opt/airflow/dags/spark_example.py took 0.826 seconds
[2025-03-18T21:12:16.254+0000] {processor.py:186} INFO - Started process (PID=289) to work on /opt/airflow/dags/spark_example.py
[2025-03-18T21:12:16.255+0000] {processor.py:914} INFO - Processing file /opt/airflow/dags/spark_example.py for tasks to queue
[2025-03-18T21:12:16.258+0000] {logging_mixin.py:190} INFO - [2025-03-18T21:12:16.258+0000] {dagbag.py:588} INFO - Filling up the DagBag from /opt/airflow/dags/spark_example.py
[2025-03-18T21:12:17.026+0000] {processor.py:925} INFO - DAG(s) 'spark_example' retrieved from /opt/airflow/dags/spark_example.py
[2025-03-18T21:12:17.047+0000] {logging_mixin.py:190} INFO - [2025-03-18T21:12:17.046+0000] {dag.py:3239} INFO - Sync 1 DAGs
[2025-03-18T21:12:17.062+0000] {logging_mixin.py:190} INFO - [2025-03-18T21:12:17.061+0000] {dag.py:4180} INFO - Setting next_dagrun for spark_example to None, run_after=None
[2025-03-18T21:12:17.078+0000] {processor.py:208} INFO - Processing /opt/airflow/dags/spark_example.py took 0.832 seconds
[2025-03-18T21:12:47.580+0000] {processor.py:186} INFO - Started process (PID=302) to work on /opt/airflow/dags/spark_example.py
[2025-03-18T21:12:47.582+0000] {processor.py:914} INFO - Processing file /opt/airflow/dags/spark_example.py for tasks to queue
[2025-03-18T21:12:47.585+0000] {logging_mixin.py:190} INFO - [2025-03-18T21:12:47.584+0000] {dagbag.py:588} INFO - Filling up the DagBag from /opt/airflow/dags/spark_example.py
[2025-03-18T21:12:48.358+0000] {processor.py:925} INFO - DAG(s) 'spark_example' retrieved from /opt/airflow/dags/spark_example.py
[2025-03-18T21:12:48.382+0000] {logging_mixin.py:190} INFO - [2025-03-18T21:12:48.381+0000] {dag.py:3239} INFO - Sync 1 DAGs
[2025-03-18T21:12:48.395+0000] {logging_mixin.py:190} INFO - [2025-03-18T21:12:48.395+0000] {dag.py:4180} INFO - Setting next_dagrun for spark_example to None, run_after=None
[2025-03-18T21:12:48.412+0000] {processor.py:208} INFO - Processing /opt/airflow/dags/spark_example.py took 0.840 seconds
[2025-03-18T21:13:18.786+0000] {processor.py:186} INFO - Started process (PID=315) to work on /opt/airflow/dags/spark_example.py
[2025-03-18T21:13:18.787+0000] {processor.py:914} INFO - Processing file /opt/airflow/dags/spark_example.py for tasks to queue
[2025-03-18T21:13:18.790+0000] {logging_mixin.py:190} INFO - [2025-03-18T21:13:18.790+0000] {dagbag.py:588} INFO - Filling up the DagBag from /opt/airflow/dags/spark_example.py
[2025-03-18T21:13:19.936+0000] {processor.py:925} INFO - DAG(s) 'spark_example' retrieved from /opt/airflow/dags/spark_example.py
[2025-03-18T21:13:19.959+0000] {logging_mixin.py:190} INFO - [2025-03-18T21:13:19.959+0000] {dag.py:3239} INFO - Sync 1 DAGs
[2025-03-18T21:13:19.973+0000] {logging_mixin.py:190} INFO - [2025-03-18T21:13:19.972+0000] {dag.py:4180} INFO - Setting next_dagrun for spark_example to None, run_after=None
[2025-03-18T21:13:19.990+0000] {processor.py:208} INFO - Processing /opt/airflow/dags/spark_example.py took 1.215 seconds
[2025-03-18T21:13:50.193+0000] {processor.py:186} INFO - Started process (PID=334) to work on /opt/airflow/dags/spark_example.py
[2025-03-18T21:13:50.195+0000] {processor.py:914} INFO - Processing file /opt/airflow/dags/spark_example.py for tasks to queue
[2025-03-18T21:13:50.198+0000] {logging_mixin.py:190} INFO - [2025-03-18T21:13:50.197+0000] {dagbag.py:588} INFO - Filling up the DagBag from /opt/airflow/dags/spark_example.py
[2025-03-18T21:13:50.826+0000] {processor.py:925} INFO - DAG(s) 'spark_example' retrieved from /opt/airflow/dags/spark_example.py
[2025-03-18T21:13:50.854+0000] {logging_mixin.py:190} INFO - [2025-03-18T21:13:50.853+0000] {dag.py:3239} INFO - Sync 1 DAGs
[2025-03-18T21:13:50.874+0000] {logging_mixin.py:190} INFO - [2025-03-18T21:13:50.873+0000] {dag.py:4180} INFO - Setting next_dagrun for spark_example to None, run_after=None
[2025-03-18T21:13:51.088+0000] {processor.py:208} INFO - Processing /opt/airflow/dags/spark_example.py took 0.903 seconds
[2025-03-18T21:14:21.655+0000] {processor.py:186} INFO - Started process (PID=347) to work on /opt/airflow/dags/spark_example.py
[2025-03-18T21:14:21.656+0000] {processor.py:914} INFO - Processing file /opt/airflow/dags/spark_example.py for tasks to queue
[2025-03-18T21:14:21.659+0000] {logging_mixin.py:190} INFO - [2025-03-18T21:14:21.659+0000] {dagbag.py:588} INFO - Filling up the DagBag from /opt/airflow/dags/spark_example.py
[2025-03-18T21:14:22.259+0000] {processor.py:925} INFO - DAG(s) 'spark_example' retrieved from /opt/airflow/dags/spark_example.py
[2025-03-18T21:14:22.285+0000] {logging_mixin.py:190} INFO - [2025-03-18T21:14:22.284+0000] {dag.py:3239} INFO - Sync 1 DAGs
[2025-03-18T21:14:22.496+0000] {logging_mixin.py:190} INFO - [2025-03-18T21:14:22.495+0000] {dag.py:4180} INFO - Setting next_dagrun for spark_example to None, run_after=None
[2025-03-18T21:14:22.512+0000] {processor.py:208} INFO - Processing /opt/airflow/dags/spark_example.py took 0.866 seconds
[2025-03-18T21:14:53.192+0000] {processor.py:186} INFO - Started process (PID=360) to work on /opt/airflow/dags/spark_example.py
[2025-03-18T21:14:53.194+0000] {processor.py:914} INFO - Processing file /opt/airflow/dags/spark_example.py for tasks to queue
[2025-03-18T21:14:53.198+0000] {logging_mixin.py:190} INFO - [2025-03-18T21:14:53.197+0000] {dagbag.py:588} INFO - Filling up the DagBag from /opt/airflow/dags/spark_example.py
[2025-03-18T21:14:53.924+0000] {processor.py:925} INFO - DAG(s) 'spark_example' retrieved from /opt/airflow/dags/spark_example.py
[2025-03-18T21:14:54.162+0000] {logging_mixin.py:190} INFO - [2025-03-18T21:14:54.161+0000] {dag.py:3239} INFO - Sync 1 DAGs
[2025-03-18T21:14:54.179+0000] {logging_mixin.py:190} INFO - [2025-03-18T21:14:54.179+0000] {dag.py:4180} INFO - Setting next_dagrun for spark_example to None, run_after=None
[2025-03-18T21:14:54.203+0000] {processor.py:208} INFO - Processing /opt/airflow/dags/spark_example.py took 1.021 seconds
[2025-03-18T21:15:25.005+0000] {processor.py:186} INFO - Started process (PID=374) to work on /opt/airflow/dags/spark_example.py
[2025-03-18T21:15:25.006+0000] {processor.py:914} INFO - Processing file /opt/airflow/dags/spark_example.py for tasks to queue
[2025-03-18T21:15:25.009+0000] {logging_mixin.py:190} INFO - [2025-03-18T21:15:25.009+0000] {dagbag.py:588} INFO - Filling up the DagBag from /opt/airflow/dags/spark_example.py
[2025-03-18T21:15:25.596+0000] {processor.py:925} INFO - DAG(s) 'spark_example' retrieved from /opt/airflow/dags/spark_example.py
[2025-03-18T21:15:25.625+0000] {logging_mixin.py:190} INFO - [2025-03-18T21:15:25.624+0000] {dag.py:3239} INFO - Sync 1 DAGs
[2025-03-18T21:15:25.640+0000] {logging_mixin.py:190} INFO - [2025-03-18T21:15:25.640+0000] {dag.py:4180} INFO - Setting next_dagrun for spark_example to None, run_after=None
[2025-03-18T21:15:25.659+0000] {processor.py:208} INFO - Processing /opt/airflow/dags/spark_example.py took 0.663 seconds
[2025-03-18T21:15:56.022+0000] {processor.py:186} INFO - Started process (PID=387) to work on /opt/airflow/dags/spark_example.py
[2025-03-18T21:15:56.024+0000] {processor.py:914} INFO - Processing file /opt/airflow/dags/spark_example.py for tasks to queue
[2025-03-18T21:15:56.027+0000] {logging_mixin.py:190} INFO - [2025-03-18T21:15:56.027+0000] {dagbag.py:588} INFO - Filling up the DagBag from /opt/airflow/dags/spark_example.py
[2025-03-18T21:15:56.628+0000] {processor.py:925} INFO - DAG(s) 'spark_example' retrieved from /opt/airflow/dags/spark_example.py
[2025-03-18T21:15:56.654+0000] {logging_mixin.py:190} INFO - [2025-03-18T21:15:56.654+0000] {dag.py:3239} INFO - Sync 1 DAGs
[2025-03-18T21:15:56.672+0000] {logging_mixin.py:190} INFO - [2025-03-18T21:15:56.672+0000] {dag.py:4180} INFO - Setting next_dagrun for spark_example to None, run_after=None
[2025-03-18T21:15:56.888+0000] {processor.py:208} INFO - Processing /opt/airflow/dags/spark_example.py took 0.875 seconds
[2025-03-18T21:16:27.185+0000] {processor.py:186} INFO - Started process (PID=401) to work on /opt/airflow/dags/spark_example.py
[2025-03-18T21:16:27.190+0000] {processor.py:914} INFO - Processing file /opt/airflow/dags/spark_example.py for tasks to queue
[2025-03-18T21:16:27.193+0000] {logging_mixin.py:190} INFO - [2025-03-18T21:16:27.193+0000] {dagbag.py:588} INFO - Filling up the DagBag from /opt/airflow/dags/spark_example.py
[2025-03-18T21:16:27.789+0000] {processor.py:925} INFO - DAG(s) 'spark_example' retrieved from /opt/airflow/dags/spark_example.py
[2025-03-18T21:16:27.814+0000] {logging_mixin.py:190} INFO - [2025-03-18T21:16:27.813+0000] {dag.py:3239} INFO - Sync 1 DAGs
[2025-03-18T21:16:28.035+0000] {logging_mixin.py:190} INFO - [2025-03-18T21:16:28.034+0000] {dag.py:4180} INFO - Setting next_dagrun for spark_example to None, run_after=None
[2025-03-18T21:16:28.054+0000] {processor.py:208} INFO - Processing /opt/airflow/dags/spark_example.py took 0.877 seconds
[2025-03-18T21:16:58.347+0000] {processor.py:186} INFO - Started process (PID=414) to work on /opt/airflow/dags/spark_example.py
[2025-03-18T21:16:58.365+0000] {processor.py:914} INFO - Processing file /opt/airflow/dags/spark_example.py for tasks to queue
[2025-03-18T21:16:58.368+0000] {logging_mixin.py:190} INFO - [2025-03-18T21:16:58.367+0000] {dagbag.py:588} INFO - Filling up the DagBag from /opt/airflow/dags/spark_example.py
[2025-03-18T21:16:58.973+0000] {processor.py:925} INFO - DAG(s) 'spark_example' retrieved from /opt/airflow/dags/spark_example.py
[2025-03-18T21:16:59.199+0000] {logging_mixin.py:190} INFO - [2025-03-18T21:16:59.199+0000] {dag.py:3239} INFO - Sync 1 DAGs
[2025-03-18T21:16:59.214+0000] {logging_mixin.py:190} INFO - [2025-03-18T21:16:59.213+0000] {dag.py:4180} INFO - Setting next_dagrun for spark_example to None, run_after=None
[2025-03-18T21:16:59.232+0000] {processor.py:208} INFO - Processing /opt/airflow/dags/spark_example.py took 0.893 seconds
[2025-03-18T21:17:29.583+0000] {processor.py:186} INFO - Started process (PID=427) to work on /opt/airflow/dags/spark_example.py
[2025-03-18T21:17:29.584+0000] {processor.py:914} INFO - Processing file /opt/airflow/dags/spark_example.py for tasks to queue
[2025-03-18T21:17:29.588+0000] {logging_mixin.py:190} INFO - [2025-03-18T21:17:29.587+0000] {dagbag.py:588} INFO - Filling up the DagBag from /opt/airflow/dags/spark_example.py
[2025-03-18T21:17:30.191+0000] {processor.py:925} INFO - DAG(s) 'spark_example' retrieved from /opt/airflow/dags/spark_example.py
[2025-03-18T21:17:30.216+0000] {logging_mixin.py:190} INFO - [2025-03-18T21:17:30.216+0000] {dag.py:3239} INFO - Sync 1 DAGs
[2025-03-18T21:17:30.233+0000] {logging_mixin.py:190} INFO - [2025-03-18T21:17:30.232+0000] {dag.py:4180} INFO - Setting next_dagrun for spark_example to None, run_after=None
[2025-03-18T21:17:30.252+0000] {processor.py:208} INFO - Processing /opt/airflow/dags/spark_example.py took 0.678 seconds
[2025-03-18T21:18:00.308+0000] {processor.py:186} INFO - Started process (PID=440) to work on /opt/airflow/dags/spark_example.py
[2025-03-18T21:18:00.311+0000] {processor.py:914} INFO - Processing file /opt/airflow/dags/spark_example.py for tasks to queue
[2025-03-18T21:18:00.314+0000] {logging_mixin.py:190} INFO - [2025-03-18T21:18:00.314+0000] {dagbag.py:588} INFO - Filling up the DagBag from /opt/airflow/dags/spark_example.py
[2025-03-18T21:18:00.923+0000] {processor.py:925} INFO - DAG(s) 'spark_example' retrieved from /opt/airflow/dags/spark_example.py
[2025-03-18T21:18:00.951+0000] {logging_mixin.py:190} INFO - [2025-03-18T21:18:00.950+0000] {dag.py:3239} INFO - Sync 1 DAGs
[2025-03-18T21:18:00.967+0000] {logging_mixin.py:190} INFO - [2025-03-18T21:18:00.967+0000] {dag.py:4180} INFO - Setting next_dagrun for spark_example to None, run_after=None
[2025-03-18T21:18:01.188+0000] {processor.py:208} INFO - Processing /opt/airflow/dags/spark_example.py took 0.888 seconds
[2025-03-18T21:18:31.369+0000] {processor.py:186} INFO - Started process (PID=453) to work on /opt/airflow/dags/spark_example.py
[2025-03-18T21:18:31.371+0000] {processor.py:914} INFO - Processing file /opt/airflow/dags/spark_example.py for tasks to queue
[2025-03-18T21:18:31.374+0000] {logging_mixin.py:190} INFO - [2025-03-18T21:18:31.374+0000] {dagbag.py:588} INFO - Filling up the DagBag from /opt/airflow/dags/spark_example.py
[2025-03-18T21:18:31.986+0000] {processor.py:925} INFO - DAG(s) 'spark_example' retrieved from /opt/airflow/dags/spark_example.py
[2025-03-18T21:18:32.013+0000] {logging_mixin.py:190} INFO - [2025-03-18T21:18:32.012+0000] {dag.py:3239} INFO - Sync 1 DAGs
[2025-03-18T21:18:32.233+0000] {logging_mixin.py:190} INFO - [2025-03-18T21:18:32.233+0000] {dag.py:4180} INFO - Setting next_dagrun for spark_example to None, run_after=None
[2025-03-18T21:18:32.253+0000] {processor.py:208} INFO - Processing /opt/airflow/dags/spark_example.py took 0.892 seconds
[2025-03-18T21:19:02.555+0000] {processor.py:186} INFO - Started process (PID=466) to work on /opt/airflow/dags/spark_example.py
[2025-03-18T21:19:02.556+0000] {processor.py:914} INFO - Processing file /opt/airflow/dags/spark_example.py for tasks to queue
[2025-03-18T21:19:02.559+0000] {logging_mixin.py:190} INFO - [2025-03-18T21:19:02.559+0000] {dagbag.py:588} INFO - Filling up the DagBag from /opt/airflow/dags/spark_example.py
[2025-03-18T21:19:03.191+0000] {processor.py:925} INFO - DAG(s) 'spark_example' retrieved from /opt/airflow/dags/spark_example.py
[2025-03-18T21:19:03.421+0000] {logging_mixin.py:190} INFO - [2025-03-18T21:19:03.421+0000] {dag.py:3239} INFO - Sync 1 DAGs
[2025-03-18T21:19:03.435+0000] {logging_mixin.py:190} INFO - [2025-03-18T21:19:03.435+0000] {dag.py:4180} INFO - Setting next_dagrun for spark_example to None, run_after=None
[2025-03-18T21:19:03.453+0000] {processor.py:208} INFO - Processing /opt/airflow/dags/spark_example.py took 0.907 seconds
[2025-03-18T21:19:33.741+0000] {processor.py:186} INFO - Started process (PID=479) to work on /opt/airflow/dags/spark_example.py
[2025-03-18T21:19:33.744+0000] {processor.py:914} INFO - Processing file /opt/airflow/dags/spark_example.py for tasks to queue
[2025-03-18T21:19:33.747+0000] {logging_mixin.py:190} INFO - [2025-03-18T21:19:33.747+0000] {dagbag.py:588} INFO - Filling up the DagBag from /opt/airflow/dags/spark_example.py
[2025-03-18T21:19:34.589+0000] {processor.py:925} INFO - DAG(s) 'spark_example' retrieved from /opt/airflow/dags/spark_example.py
[2025-03-18T21:19:34.611+0000] {logging_mixin.py:190} INFO - [2025-03-18T21:19:34.610+0000] {dag.py:3239} INFO - Sync 1 DAGs
[2025-03-18T21:19:34.624+0000] {logging_mixin.py:190} INFO - [2025-03-18T21:19:34.624+0000] {dag.py:4180} INFO - Setting next_dagrun for spark_example to None, run_after=None
[2025-03-18T21:19:34.641+0000] {processor.py:208} INFO - Processing /opt/airflow/dags/spark_example.py took 0.910 seconds
[2025-03-18T21:20:04.921+0000] {processor.py:186} INFO - Started process (PID=492) to work on /opt/airflow/dags/spark_example.py
[2025-03-18T21:20:04.922+0000] {processor.py:914} INFO - Processing file /opt/airflow/dags/spark_example.py for tasks to queue
[2025-03-18T21:20:04.925+0000] {logging_mixin.py:190} INFO - [2025-03-18T21:20:04.925+0000] {dagbag.py:588} INFO - Filling up the DagBag from /opt/airflow/dags/spark_example.py
[2025-03-18T21:20:05.521+0000] {processor.py:925} INFO - DAG(s) 'spark_example' retrieved from /opt/airflow/dags/spark_example.py
[2025-03-18T21:20:05.546+0000] {logging_mixin.py:190} INFO - [2025-03-18T21:20:05.546+0000] {dag.py:3239} INFO - Sync 1 DAGs
[2025-03-18T21:20:05.562+0000] {logging_mixin.py:190} INFO - [2025-03-18T21:20:05.562+0000] {dag.py:4180} INFO - Setting next_dagrun for spark_example to None, run_after=None
[2025-03-18T21:20:05.581+0000] {processor.py:208} INFO - Processing /opt/airflow/dags/spark_example.py took 0.669 seconds
[2025-03-18T21:20:35.625+0000] {processor.py:186} INFO - Started process (PID=505) to work on /opt/airflow/dags/spark_example.py
[2025-03-18T21:20:35.627+0000] {processor.py:914} INFO - Processing file /opt/airflow/dags/spark_example.py for tasks to queue
[2025-03-18T21:20:35.630+0000] {logging_mixin.py:190} INFO - [2025-03-18T21:20:35.630+0000] {dagbag.py:588} INFO - Filling up the DagBag from /opt/airflow/dags/spark_example.py
[2025-03-18T21:20:36.234+0000] {processor.py:925} INFO - DAG(s) 'spark_example' retrieved from /opt/airflow/dags/spark_example.py
[2025-03-18T21:20:36.262+0000] {logging_mixin.py:190} INFO - [2025-03-18T21:20:36.262+0000] {dag.py:3239} INFO - Sync 1 DAGs
[2025-03-18T21:20:36.485+0000] {logging_mixin.py:190} INFO - [2025-03-18T21:20:36.485+0000] {dag.py:4180} INFO - Setting next_dagrun for spark_example to None, run_after=None
[2025-03-18T21:20:36.505+0000] {processor.py:208} INFO - Processing /opt/airflow/dags/spark_example.py took 0.888 seconds
[2025-03-18T21:21:06.690+0000] {processor.py:186} INFO - Started process (PID=518) to work on /opt/airflow/dags/spark_example.py
[2025-03-18T21:21:06.692+0000] {processor.py:914} INFO - Processing file /opt/airflow/dags/spark_example.py for tasks to queue
[2025-03-18T21:21:06.695+0000] {logging_mixin.py:190} INFO - [2025-03-18T21:21:06.695+0000] {dagbag.py:588} INFO - Filling up the DagBag from /opt/airflow/dags/spark_example.py
[2025-03-18T21:21:07.315+0000] {processor.py:925} INFO - DAG(s) 'spark_example' retrieved from /opt/airflow/dags/spark_example.py
[2025-03-18T21:21:07.553+0000] {logging_mixin.py:190} INFO - [2025-03-18T21:21:07.552+0000] {dag.py:3239} INFO - Sync 1 DAGs
[2025-03-18T21:21:07.567+0000] {logging_mixin.py:190} INFO - [2025-03-18T21:21:07.567+0000] {dag.py:4180} INFO - Setting next_dagrun for spark_example to None, run_after=None
[2025-03-18T21:21:07.585+0000] {processor.py:208} INFO - Processing /opt/airflow/dags/spark_example.py took 0.904 seconds
[2025-03-18T21:21:37.899+0000] {processor.py:186} INFO - Started process (PID=531) to work on /opt/airflow/dags/spark_example.py
[2025-03-18T21:21:37.901+0000] {processor.py:914} INFO - Processing file /opt/airflow/dags/spark_example.py for tasks to queue
[2025-03-18T21:21:37.904+0000] {logging_mixin.py:190} INFO - [2025-03-18T21:21:37.903+0000] {dagbag.py:588} INFO - Filling up the DagBag from /opt/airflow/dags/spark_example.py
[2025-03-18T21:21:38.722+0000] {processor.py:925} INFO - DAG(s) 'spark_example' retrieved from /opt/airflow/dags/spark_example.py
[2025-03-18T21:21:38.746+0000] {logging_mixin.py:190} INFO - [2025-03-18T21:21:38.745+0000] {dag.py:3239} INFO - Sync 1 DAGs
[2025-03-18T21:21:38.761+0000] {logging_mixin.py:190} INFO - [2025-03-18T21:21:38.761+0000] {dag.py:4180} INFO - Setting next_dagrun for spark_example to None, run_after=None
[2025-03-18T21:21:38.780+0000] {processor.py:208} INFO - Processing /opt/airflow/dags/spark_example.py took 0.889 seconds
[2025-03-18T21:22:09.043+0000] {processor.py:186} INFO - Started process (PID=544) to work on /opt/airflow/dags/spark_example.py
[2025-03-18T21:22:09.045+0000] {processor.py:914} INFO - Processing file /opt/airflow/dags/spark_example.py for tasks to queue
[2025-03-18T21:22:09.048+0000] {logging_mixin.py:190} INFO - [2025-03-18T21:22:09.047+0000] {dagbag.py:588} INFO - Filling up the DagBag from /opt/airflow/dags/spark_example.py
[2025-03-18T21:22:09.871+0000] {processor.py:925} INFO - DAG(s) 'spark_example' retrieved from /opt/airflow/dags/spark_example.py
[2025-03-18T21:22:09.894+0000] {logging_mixin.py:190} INFO - [2025-03-18T21:22:09.893+0000] {dag.py:3239} INFO - Sync 1 DAGs
[2025-03-18T21:22:09.909+0000] {logging_mixin.py:190} INFO - [2025-03-18T21:22:09.908+0000] {dag.py:4180} INFO - Setting next_dagrun for spark_example to None, run_after=None
[2025-03-18T21:22:09.927+0000] {processor.py:208} INFO - Processing /opt/airflow/dags/spark_example.py took 0.892 seconds
[2025-03-18T21:22:40.248+0000] {processor.py:186} INFO - Started process (PID=557) to work on /opt/airflow/dags/spark_example.py
[2025-03-18T21:22:40.249+0000] {processor.py:914} INFO - Processing file /opt/airflow/dags/spark_example.py for tasks to queue
[2025-03-18T21:22:40.252+0000] {logging_mixin.py:190} INFO - [2025-03-18T21:22:40.252+0000] {dagbag.py:588} INFO - Filling up the DagBag from /opt/airflow/dags/spark_example.py
[2025-03-18T21:22:40.877+0000] {processor.py:925} INFO - DAG(s) 'spark_example' retrieved from /opt/airflow/dags/spark_example.py
[2025-03-18T21:22:40.903+0000] {logging_mixin.py:190} INFO - [2025-03-18T21:22:40.902+0000] {dag.py:3239} INFO - Sync 1 DAGs
[2025-03-18T21:22:41.124+0000] {logging_mixin.py:190} INFO - [2025-03-18T21:22:41.124+0000] {dag.py:4180} INFO - Setting next_dagrun for spark_example to None, run_after=None
[2025-03-18T21:22:41.142+0000] {processor.py:208} INFO - Processing /opt/airflow/dags/spark_example.py took 0.904 seconds
[2025-03-18T21:23:11.433+0000] {processor.py:186} INFO - Started process (PID=570) to work on /opt/airflow/dags/spark_example.py
[2025-03-18T21:23:11.434+0000] {processor.py:914} INFO - Processing file /opt/airflow/dags/spark_example.py for tasks to queue
[2025-03-18T21:23:11.438+0000] {logging_mixin.py:190} INFO - [2025-03-18T21:23:11.437+0000] {dagbag.py:588} INFO - Filling up the DagBag from /opt/airflow/dags/spark_example.py
[2025-03-18T21:23:12.050+0000] {processor.py:925} INFO - DAG(s) 'spark_example' retrieved from /opt/airflow/dags/spark_example.py
[2025-03-18T21:23:12.285+0000] {logging_mixin.py:190} INFO - [2025-03-18T21:23:12.284+0000] {dag.py:3239} INFO - Sync 1 DAGs
[2025-03-18T21:23:12.299+0000] {logging_mixin.py:190} INFO - [2025-03-18T21:23:12.298+0000] {dag.py:4180} INFO - Setting next_dagrun for spark_example to None, run_after=None
[2025-03-18T21:23:12.315+0000] {processor.py:208} INFO - Processing /opt/airflow/dags/spark_example.py took 0.891 seconds
[2025-03-18T21:23:42.901+0000] {processor.py:186} INFO - Started process (PID=584) to work on /opt/airflow/dags/spark_example.py
[2025-03-18T21:23:42.902+0000] {processor.py:914} INFO - Processing file /opt/airflow/dags/spark_example.py for tasks to queue
[2025-03-18T21:23:42.906+0000] {logging_mixin.py:190} INFO - [2025-03-18T21:23:42.905+0000] {dagbag.py:588} INFO - Filling up the DagBag from /opt/airflow/dags/spark_example.py
[2025-03-18T21:23:43.712+0000] {processor.py:925} INFO - DAG(s) 'spark_example' retrieved from /opt/airflow/dags/spark_example.py
[2025-03-18T21:23:43.734+0000] {logging_mixin.py:190} INFO - [2025-03-18T21:23:43.733+0000] {dag.py:3239} INFO - Sync 1 DAGs
[2025-03-18T21:23:43.747+0000] {logging_mixin.py:190} INFO - [2025-03-18T21:23:43.747+0000] {dag.py:4180} INFO - Setting next_dagrun for spark_example to None, run_after=None
[2025-03-18T21:23:43.764+0000] {processor.py:208} INFO - Processing /opt/airflow/dags/spark_example.py took 0.872 seconds
[2025-03-18T21:24:14.122+0000] {processor.py:186} INFO - Started process (PID=597) to work on /opt/airflow/dags/spark_example.py
[2025-03-18T21:24:14.123+0000] {processor.py:914} INFO - Processing file /opt/airflow/dags/spark_example.py for tasks to queue
[2025-03-18T21:24:14.126+0000] {logging_mixin.py:190} INFO - [2025-03-18T21:24:14.125+0000] {dagbag.py:588} INFO - Filling up the DagBag from /opt/airflow/dags/spark_example.py
[2025-03-18T21:24:14.932+0000] {processor.py:925} INFO - DAG(s) 'spark_example' retrieved from /opt/airflow/dags/spark_example.py
[2025-03-18T21:24:14.954+0000] {logging_mixin.py:190} INFO - [2025-03-18T21:24:14.953+0000] {dag.py:3239} INFO - Sync 1 DAGs
[2025-03-18T21:24:14.967+0000] {logging_mixin.py:190} INFO - [2025-03-18T21:24:14.967+0000] {dag.py:4180} INFO - Setting next_dagrun for spark_example to None, run_after=None
[2025-03-18T21:24:14.985+0000] {processor.py:208} INFO - Processing /opt/airflow/dags/spark_example.py took 0.872 seconds
[2025-03-18T21:24:45.313+0000] {processor.py:186} INFO - Started process (PID=611) to work on /opt/airflow/dags/spark_example.py
[2025-03-18T21:24:45.314+0000] {processor.py:914} INFO - Processing file /opt/airflow/dags/spark_example.py for tasks to queue
[2025-03-18T21:24:45.317+0000] {logging_mixin.py:190} INFO - [2025-03-18T21:24:45.317+0000] {dagbag.py:588} INFO - Filling up the DagBag from /opt/airflow/dags/spark_example.py
[2025-03-18T21:24:45.967+0000] {processor.py:925} INFO - DAG(s) 'spark_example' retrieved from /opt/airflow/dags/spark_example.py
[2025-03-18T21:24:45.994+0000] {logging_mixin.py:190} INFO - [2025-03-18T21:24:45.993+0000] {dag.py:3239} INFO - Sync 1 DAGs
[2025-03-18T21:24:46.228+0000] {logging_mixin.py:190} INFO - [2025-03-18T21:24:46.227+0000] {dag.py:4180} INFO - Setting next_dagrun for spark_example to None, run_after=None
[2025-03-18T21:24:46.251+0000] {processor.py:208} INFO - Processing /opt/airflow/dags/spark_example.py took 0.947 seconds
[2025-03-18T21:25:16.535+0000] {processor.py:186} INFO - Started process (PID=624) to work on /opt/airflow/dags/spark_example.py
[2025-03-18T21:25:16.536+0000] {processor.py:914} INFO - Processing file /opt/airflow/dags/spark_example.py for tasks to queue
[2025-03-18T21:25:16.539+0000] {logging_mixin.py:190} INFO - [2025-03-18T21:25:16.539+0000] {dagbag.py:588} INFO - Filling up the DagBag from /opt/airflow/dags/spark_example.py
[2025-03-18T21:25:17.136+0000] {processor.py:925} INFO - DAG(s) 'spark_example' retrieved from /opt/airflow/dags/spark_example.py
[2025-03-18T21:25:17.365+0000] {logging_mixin.py:190} INFO - [2025-03-18T21:25:17.365+0000] {dag.py:3239} INFO - Sync 1 DAGs
[2025-03-18T21:25:17.379+0000] {logging_mixin.py:190} INFO - [2025-03-18T21:25:17.379+0000] {dag.py:4180} INFO - Setting next_dagrun for spark_example to None, run_after=None
[2025-03-18T21:25:17.397+0000] {processor.py:208} INFO - Processing /opt/airflow/dags/spark_example.py took 0.871 seconds
[2025-03-18T21:25:47.668+0000] {processor.py:186} INFO - Started process (PID=637) to work on /opt/airflow/dags/spark_example.py
[2025-03-18T21:25:47.669+0000] {processor.py:914} INFO - Processing file /opt/airflow/dags/spark_example.py for tasks to queue
[2025-03-18T21:25:47.672+0000] {logging_mixin.py:190} INFO - [2025-03-18T21:25:47.672+0000] {dagbag.py:588} INFO - Filling up the DagBag from /opt/airflow/dags/spark_example.py
[2025-03-18T21:25:48.490+0000] {processor.py:925} INFO - DAG(s) 'spark_example' retrieved from /opt/airflow/dags/spark_example.py
[2025-03-18T21:25:48.512+0000] {logging_mixin.py:190} INFO - [2025-03-18T21:25:48.511+0000] {dag.py:3239} INFO - Sync 1 DAGs
[2025-03-18T21:25:48.525+0000] {logging_mixin.py:190} INFO - [2025-03-18T21:25:48.525+0000] {dag.py:4180} INFO - Setting next_dagrun for spark_example to None, run_after=None
[2025-03-18T21:25:48.542+0000] {processor.py:208} INFO - Processing /opt/airflow/dags/spark_example.py took 0.883 seconds
[2025-03-18T21:26:18.805+0000] {processor.py:186} INFO - Started process (PID=650) to work on /opt/airflow/dags/spark_example.py
[2025-03-18T21:26:18.806+0000] {processor.py:914} INFO - Processing file /opt/airflow/dags/spark_example.py for tasks to queue
[2025-03-18T21:26:18.810+0000] {logging_mixin.py:190} INFO - [2025-03-18T21:26:18.809+0000] {dagbag.py:588} INFO - Filling up the DagBag from /opt/airflow/dags/spark_example.py
[2025-03-18T21:26:19.605+0000] {processor.py:925} INFO - DAG(s) 'spark_example' retrieved from /opt/airflow/dags/spark_example.py
[2025-03-18T21:26:19.626+0000] {logging_mixin.py:190} INFO - [2025-03-18T21:26:19.626+0000] {dag.py:3239} INFO - Sync 1 DAGs
[2025-03-18T21:26:19.640+0000] {logging_mixin.py:190} INFO - [2025-03-18T21:26:19.639+0000] {dag.py:4180} INFO - Setting next_dagrun for spark_example to None, run_after=None
[2025-03-18T21:26:19.656+0000] {processor.py:208} INFO - Processing /opt/airflow/dags/spark_example.py took 0.860 seconds
[2025-03-18T21:26:49.917+0000] {processor.py:186} INFO - Started process (PID=663) to work on /opt/airflow/dags/spark_example.py
[2025-03-18T21:26:49.918+0000] {processor.py:914} INFO - Processing file /opt/airflow/dags/spark_example.py for tasks to queue
[2025-03-18T21:26:49.921+0000] {logging_mixin.py:190} INFO - [2025-03-18T21:26:49.921+0000] {dagbag.py:588} INFO - Filling up the DagBag from /opt/airflow/dags/spark_example.py
[2025-03-18T21:26:50.728+0000] {processor.py:925} INFO - DAG(s) 'spark_example' retrieved from /opt/airflow/dags/spark_example.py
[2025-03-18T21:26:50.750+0000] {logging_mixin.py:190} INFO - [2025-03-18T21:26:50.749+0000] {dag.py:3239} INFO - Sync 1 DAGs
[2025-03-18T21:26:50.764+0000] {logging_mixin.py:190} INFO - [2025-03-18T21:26:50.763+0000] {dag.py:4180} INFO - Setting next_dagrun for spark_example to None, run_after=None
[2025-03-18T21:26:50.782+0000] {processor.py:208} INFO - Processing /opt/airflow/dags/spark_example.py took 0.874 seconds
[2025-03-18T21:27:21.078+0000] {processor.py:186} INFO - Started process (PID=676) to work on /opt/airflow/dags/spark_example.py
[2025-03-18T21:27:21.080+0000] {processor.py:914} INFO - Processing file /opt/airflow/dags/spark_example.py for tasks to queue
[2025-03-18T21:27:21.083+0000] {logging_mixin.py:190} INFO - [2025-03-18T21:27:21.083+0000] {dagbag.py:588} INFO - Filling up the DagBag from /opt/airflow/dags/spark_example.py
[2025-03-18T21:27:21.721+0000] {processor.py:925} INFO - DAG(s) 'spark_example' retrieved from /opt/airflow/dags/spark_example.py
[2025-03-18T21:27:21.756+0000] {logging_mixin.py:190} INFO - [2025-03-18T21:27:21.756+0000] {dag.py:3239} INFO - Sync 1 DAGs
[2025-03-18T21:27:21.981+0000] {logging_mixin.py:190} INFO - [2025-03-18T21:27:21.981+0000] {dag.py:4180} INFO - Setting next_dagrun for spark_example to None, run_after=None
[2025-03-18T21:27:21.999+0000] {processor.py:208} INFO - Processing /opt/airflow/dags/spark_example.py took 0.929 seconds
[2025-03-18T21:27:52.308+0000] {processor.py:186} INFO - Started process (PID=695) to work on /opt/airflow/dags/spark_example.py
[2025-03-18T21:27:52.309+0000] {processor.py:914} INFO - Processing file /opt/airflow/dags/spark_example.py for tasks to queue
[2025-03-18T21:27:52.312+0000] {logging_mixin.py:190} INFO - [2025-03-18T21:27:52.312+0000] {dagbag.py:588} INFO - Filling up the DagBag from /opt/airflow/dags/spark_example.py
[2025-03-18T21:27:52.905+0000] {processor.py:925} INFO - DAG(s) 'spark_example' retrieved from /opt/airflow/dags/spark_example.py
[2025-03-18T21:27:53.128+0000] {logging_mixin.py:190} INFO - [2025-03-18T21:27:53.127+0000] {dag.py:3239} INFO - Sync 1 DAGs
[2025-03-18T21:27:53.141+0000] {logging_mixin.py:190} INFO - [2025-03-18T21:27:53.141+0000] {dag.py:4180} INFO - Setting next_dagrun for spark_example to None, run_after=None
[2025-03-18T21:27:53.162+0000] {processor.py:208} INFO - Processing /opt/airflow/dags/spark_example.py took 0.863 seconds
[2025-03-18T21:28:23.429+0000] {processor.py:186} INFO - Started process (PID=708) to work on /opt/airflow/dags/spark_example.py
[2025-03-18T21:28:23.431+0000] {processor.py:914} INFO - Processing file /opt/airflow/dags/spark_example.py for tasks to queue
[2025-03-18T21:28:23.434+0000] {logging_mixin.py:190} INFO - [2025-03-18T21:28:23.434+0000] {dagbag.py:588} INFO - Filling up the DagBag from /opt/airflow/dags/spark_example.py
[2025-03-18T21:28:24.234+0000] {processor.py:925} INFO - DAG(s) 'spark_example' retrieved from /opt/airflow/dags/spark_example.py
[2025-03-18T21:28:24.257+0000] {logging_mixin.py:190} INFO - [2025-03-18T21:28:24.257+0000] {dag.py:3239} INFO - Sync 1 DAGs
[2025-03-18T21:28:24.271+0000] {logging_mixin.py:190} INFO - [2025-03-18T21:28:24.270+0000] {dag.py:4180} INFO - Setting next_dagrun for spark_example to None, run_after=None
[2025-03-18T21:28:24.288+0000] {processor.py:208} INFO - Processing /opt/airflow/dags/spark_example.py took 0.867 seconds
[2025-03-18T21:28:54.547+0000] {processor.py:186} INFO - Started process (PID=721) to work on /opt/airflow/dags/spark_example.py
[2025-03-18T21:28:54.548+0000] {processor.py:914} INFO - Processing file /opt/airflow/dags/spark_example.py for tasks to queue
[2025-03-18T21:28:54.551+0000] {logging_mixin.py:190} INFO - [2025-03-18T21:28:54.551+0000] {dagbag.py:588} INFO - Filling up the DagBag from /opt/airflow/dags/spark_example.py
[2025-03-18T21:28:55.458+0000] {processor.py:925} INFO - DAG(s) 'spark_example' retrieved from /opt/airflow/dags/spark_example.py
[2025-03-18T21:28:55.480+0000] {logging_mixin.py:190} INFO - [2025-03-18T21:28:55.480+0000] {dag.py:3239} INFO - Sync 1 DAGs
[2025-03-18T21:28:55.494+0000] {logging_mixin.py:190} INFO - [2025-03-18T21:28:55.493+0000] {dag.py:4180} INFO - Setting next_dagrun for spark_example to None, run_after=None
[2025-03-18T21:28:55.513+0000] {processor.py:208} INFO - Processing /opt/airflow/dags/spark_example.py took 0.975 seconds
[2025-03-18T21:29:25.797+0000] {processor.py:186} INFO - Started process (PID=734) to work on /opt/airflow/dags/spark_example.py
[2025-03-18T21:29:25.798+0000] {processor.py:914} INFO - Processing file /opt/airflow/dags/spark_example.py for tasks to queue
[2025-03-18T21:29:25.802+0000] {logging_mixin.py:190} INFO - [2025-03-18T21:29:25.802+0000] {dagbag.py:588} INFO - Filling up the DagBag from /opt/airflow/dags/spark_example.py
[2025-03-18T21:29:26.615+0000] {processor.py:925} INFO - DAG(s) 'spark_example' retrieved from /opt/airflow/dags/spark_example.py
[2025-03-18T21:29:26.639+0000] {logging_mixin.py:190} INFO - [2025-03-18T21:29:26.639+0000] {dag.py:3239} INFO - Sync 1 DAGs
[2025-03-18T21:29:26.653+0000] {logging_mixin.py:190} INFO - [2025-03-18T21:29:26.653+0000] {dag.py:4180} INFO - Setting next_dagrun for spark_example to None, run_after=None
[2025-03-18T21:29:26.671+0000] {processor.py:208} INFO - Processing /opt/airflow/dags/spark_example.py took 0.883 seconds
[2025-03-18T21:29:57.025+0000] {processor.py:186} INFO - Started process (PID=747) to work on /opt/airflow/dags/spark_example.py
[2025-03-18T21:29:57.026+0000] {processor.py:914} INFO - Processing file /opt/airflow/dags/spark_example.py for tasks to queue
[2025-03-18T21:29:57.031+0000] {logging_mixin.py:190} INFO - [2025-03-18T21:29:57.030+0000] {dagbag.py:588} INFO - Filling up the DagBag from /opt/airflow/dags/spark_example.py
[2025-03-18T21:29:57.956+0000] {processor.py:925} INFO - DAG(s) 'spark_example' retrieved from /opt/airflow/dags/spark_example.py
[2025-03-18T21:29:58.293+0000] {logging_mixin.py:190} INFO - [2025-03-18T21:29:58.291+0000] {dag.py:3239} INFO - Sync 1 DAGs
[2025-03-18T21:29:58.316+0000] {logging_mixin.py:190} INFO - [2025-03-18T21:29:58.315+0000] {dag.py:4180} INFO - Setting next_dagrun for spark_example to None, run_after=None
[2025-03-18T21:29:58.343+0000] {processor.py:208} INFO - Processing /opt/airflow/dags/spark_example.py took 1.330 seconds
[2025-03-18T21:30:28.604+0000] {processor.py:186} INFO - Started process (PID=760) to work on /opt/airflow/dags/spark_example.py
[2025-03-18T21:30:28.607+0000] {processor.py:914} INFO - Processing file /opt/airflow/dags/spark_example.py for tasks to queue
[2025-03-18T21:30:28.610+0000] {logging_mixin.py:190} INFO - [2025-03-18T21:30:28.609+0000] {dagbag.py:588} INFO - Filling up the DagBag from /opt/airflow/dags/spark_example.py
[2025-03-18T21:30:29.436+0000] {processor.py:925} INFO - DAG(s) 'spark_example' retrieved from /opt/airflow/dags/spark_example.py
[2025-03-18T21:30:29.464+0000] {logging_mixin.py:190} INFO - [2025-03-18T21:30:29.463+0000] {dag.py:3239} INFO - Sync 1 DAGs
[2025-03-18T21:30:29.483+0000] {logging_mixin.py:190} INFO - [2025-03-18T21:30:29.483+0000] {dag.py:4180} INFO - Setting next_dagrun for spark_example to None, run_after=None
[2025-03-18T21:30:29.506+0000] {processor.py:208} INFO - Processing /opt/airflow/dags/spark_example.py took 0.910 seconds
[2025-03-18T21:30:59.586+0000] {processor.py:186} INFO - Started process (PID=773) to work on /opt/airflow/dags/spark_example.py
[2025-03-18T21:30:59.587+0000] {processor.py:914} INFO - Processing file /opt/airflow/dags/spark_example.py for tasks to queue
[2025-03-18T21:30:59.590+0000] {logging_mixin.py:190} INFO - [2025-03-18T21:30:59.590+0000] {dagbag.py:588} INFO - Filling up the DagBag from /opt/airflow/dags/spark_example.py
[2025-03-18T21:31:00.412+0000] {processor.py:925} INFO - DAG(s) 'spark_example' retrieved from /opt/airflow/dags/spark_example.py
[2025-03-18T21:31:00.434+0000] {logging_mixin.py:190} INFO - [2025-03-18T21:31:00.433+0000] {dag.py:3239} INFO - Sync 1 DAGs
[2025-03-18T21:31:00.447+0000] {logging_mixin.py:190} INFO - [2025-03-18T21:31:00.447+0000] {dag.py:4180} INFO - Setting next_dagrun for spark_example to None, run_after=None
[2025-03-18T21:31:00.466+0000] {processor.py:208} INFO - Processing /opt/airflow/dags/spark_example.py took 0.888 seconds
[2025-03-18T21:31:30.723+0000] {processor.py:186} INFO - Started process (PID=786) to work on /opt/airflow/dags/spark_example.py
[2025-03-18T21:31:30.724+0000] {processor.py:914} INFO - Processing file /opt/airflow/dags/spark_example.py for tasks to queue
[2025-03-18T21:31:30.728+0000] {logging_mixin.py:190} INFO - [2025-03-18T21:31:30.727+0000] {dagbag.py:588} INFO - Filling up the DagBag from /opt/airflow/dags/spark_example.py
[2025-03-18T21:31:31.534+0000] {processor.py:925} INFO - DAG(s) 'spark_example' retrieved from /opt/airflow/dags/spark_example.py
[2025-03-18T21:31:31.556+0000] {logging_mixin.py:190} INFO - [2025-03-18T21:31:31.556+0000] {dag.py:3239} INFO - Sync 1 DAGs
[2025-03-18T21:31:31.569+0000] {logging_mixin.py:190} INFO - [2025-03-18T21:31:31.569+0000] {dag.py:4180} INFO - Setting next_dagrun for spark_example to None, run_after=None
[2025-03-18T21:31:31.586+0000] {processor.py:208} INFO - Processing /opt/airflow/dags/spark_example.py took 0.873 seconds
[2025-03-18T21:32:01.877+0000] {processor.py:186} INFO - Started process (PID=799) to work on /opt/airflow/dags/spark_example.py
[2025-03-18T21:32:01.878+0000] {processor.py:914} INFO - Processing file /opt/airflow/dags/spark_example.py for tasks to queue
[2025-03-18T21:32:01.881+0000] {logging_mixin.py:190} INFO - [2025-03-18T21:32:01.881+0000] {dagbag.py:588} INFO - Filling up the DagBag from /opt/airflow/dags/spark_example.py
[2025-03-18T21:32:02.511+0000] {processor.py:925} INFO - DAG(s) 'spark_example' retrieved from /opt/airflow/dags/spark_example.py
[2025-03-18T21:32:02.740+0000] {logging_mixin.py:190} INFO - [2025-03-18T21:32:02.739+0000] {dag.py:3239} INFO - Sync 1 DAGs
[2025-03-18T21:32:02.753+0000] {logging_mixin.py:190} INFO - [2025-03-18T21:32:02.753+0000] {dag.py:4180} INFO - Setting next_dagrun for spark_example to None, run_after=None
[2025-03-18T21:32:02.770+0000] {processor.py:208} INFO - Processing /opt/airflow/dags/spark_example.py took 0.902 seconds
[2025-03-18T21:32:33.071+0000] {processor.py:186} INFO - Started process (PID=813) to work on /opt/airflow/dags/spark_example.py
[2025-03-18T21:32:33.072+0000] {processor.py:914} INFO - Processing file /opt/airflow/dags/spark_example.py for tasks to queue
[2025-03-18T21:32:33.075+0000] {logging_mixin.py:190} INFO - [2025-03-18T21:32:33.075+0000] {dagbag.py:588} INFO - Filling up the DagBag from /opt/airflow/dags/spark_example.py
[2025-03-18T21:32:33.905+0000] {processor.py:925} INFO - DAG(s) 'spark_example' retrieved from /opt/airflow/dags/spark_example.py
[2025-03-18T21:32:33.926+0000] {logging_mixin.py:190} INFO - [2025-03-18T21:32:33.926+0000] {dag.py:3239} INFO - Sync 1 DAGs
[2025-03-18T21:32:33.940+0000] {logging_mixin.py:190} INFO - [2025-03-18T21:32:33.939+0000] {dag.py:4180} INFO - Setting next_dagrun for spark_example to None, run_after=None
[2025-03-18T21:32:33.957+0000] {processor.py:208} INFO - Processing /opt/airflow/dags/spark_example.py took 0.895 seconds
[2025-03-18T21:33:04.213+0000] {processor.py:186} INFO - Started process (PID=826) to work on /opt/airflow/dags/spark_example.py
[2025-03-18T21:33:04.214+0000] {processor.py:914} INFO - Processing file /opt/airflow/dags/spark_example.py for tasks to queue
[2025-03-18T21:33:04.218+0000] {logging_mixin.py:190} INFO - [2025-03-18T21:33:04.218+0000] {dagbag.py:588} INFO - Filling up the DagBag from /opt/airflow/dags/spark_example.py
[2025-03-18T21:33:05.036+0000] {processor.py:925} INFO - DAG(s) 'spark_example' retrieved from /opt/airflow/dags/spark_example.py
[2025-03-18T21:33:05.064+0000] {logging_mixin.py:190} INFO - [2025-03-18T21:33:05.063+0000] {dag.py:3239} INFO - Sync 1 DAGs
[2025-03-18T21:33:05.082+0000] {logging_mixin.py:190} INFO - [2025-03-18T21:33:05.082+0000] {dag.py:4180} INFO - Setting next_dagrun for spark_example to None, run_after=None
[2025-03-18T21:33:05.104+0000] {processor.py:208} INFO - Processing /opt/airflow/dags/spark_example.py took 0.900 seconds
[2025-03-18T21:33:35.454+0000] {processor.py:186} INFO - Started process (PID=839) to work on /opt/airflow/dags/spark_example.py
[2025-03-18T21:33:35.455+0000] {processor.py:914} INFO - Processing file /opt/airflow/dags/spark_example.py for tasks to queue
[2025-03-18T21:33:35.459+0000] {logging_mixin.py:190} INFO - [2025-03-18T21:33:35.458+0000] {dagbag.py:588} INFO - Filling up the DagBag from /opt/airflow/dags/spark_example.py
[2025-03-18T21:33:36.290+0000] {processor.py:925} INFO - DAG(s) 'spark_example' retrieved from /opt/airflow/dags/spark_example.py
[2025-03-18T21:33:36.312+0000] {logging_mixin.py:190} INFO - [2025-03-18T21:33:36.311+0000] {dag.py:3239} INFO - Sync 1 DAGs
[2025-03-18T21:33:36.327+0000] {logging_mixin.py:190} INFO - [2025-03-18T21:33:36.327+0000] {dag.py:4180} INFO - Setting next_dagrun for spark_example to None, run_after=None
[2025-03-18T21:33:36.345+0000] {processor.py:208} INFO - Processing /opt/airflow/dags/spark_example.py took 0.900 seconds
[2025-03-18T21:34:06.583+0000] {processor.py:186} INFO - Started process (PID=852) to work on /opt/airflow/dags/spark_example.py
[2025-03-18T21:34:06.584+0000] {processor.py:914} INFO - Processing file /opt/airflow/dags/spark_example.py for tasks to queue
[2025-03-18T21:34:06.588+0000] {logging_mixin.py:190} INFO - [2025-03-18T21:34:06.588+0000] {dagbag.py:588} INFO - Filling up the DagBag from /opt/airflow/dags/spark_example.py
[2025-03-18T21:34:07.212+0000] {processor.py:925} INFO - DAG(s) 'spark_example' retrieved from /opt/airflow/dags/spark_example.py
[2025-03-18T21:34:07.441+0000] {logging_mixin.py:190} INFO - [2025-03-18T21:34:07.441+0000] {dag.py:3239} INFO - Sync 1 DAGs
[2025-03-18T21:34:07.455+0000] {logging_mixin.py:190} INFO - [2025-03-18T21:34:07.455+0000] {dag.py:4180} INFO - Setting next_dagrun for spark_example to None, run_after=None
[2025-03-18T21:34:07.473+0000] {processor.py:208} INFO - Processing /opt/airflow/dags/spark_example.py took 0.899 seconds
