[2025-04-19T19:30:43.401+0000] {processor.py:186} INFO - Started process (PID=62) to work on /opt/airflow/dags/spark_example.py
[2025-04-19T19:30:43.402+0000] {processor.py:914} INFO - Processing file /opt/airflow/dags/spark_example.py for tasks to queue
[2025-04-19T19:30:43.405+0000] {logging_mixin.py:190} INFO - [2025-04-19T19:30:43.404+0000] {dagbag.py:588} INFO - Filling up the DagBag from /opt/airflow/dags/spark_example.py
[2025-04-19T19:30:44.157+0000] {processor.py:925} INFO - DAG(s) 'spark_example' retrieved from /opt/airflow/dags/spark_example.py
[2025-04-19T19:30:44.181+0000] {logging_mixin.py:190} INFO - [2025-04-19T19:30:44.181+0000] {dag.py:3239} INFO - Sync 1 DAGs
[2025-04-19T19:30:44.194+0000] {logging_mixin.py:190} INFO - [2025-04-19T19:30:44.194+0000] {dag.py:4180} INFO - Setting next_dagrun for spark_example to None, run_after=None
[2025-04-19T19:30:44.212+0000] {processor.py:208} INFO - Processing /opt/airflow/dags/spark_example.py took 0.818 seconds
[2025-04-19T19:31:15.108+0000] {processor.py:186} INFO - Started process (PID=75) to work on /opt/airflow/dags/spark_example.py
[2025-04-19T19:31:15.109+0000] {processor.py:914} INFO - Processing file /opt/airflow/dags/spark_example.py for tasks to queue
[2025-04-19T19:31:15.113+0000] {logging_mixin.py:190} INFO - [2025-04-19T19:31:15.112+0000] {dagbag.py:588} INFO - Filling up the DagBag from /opt/airflow/dags/spark_example.py
[2025-04-19T19:31:16.243+0000] {processor.py:925} INFO - DAG(s) 'spark_example' retrieved from /opt/airflow/dags/spark_example.py
[2025-04-19T19:31:16.276+0000] {logging_mixin.py:190} INFO - [2025-04-19T19:31:16.275+0000] {dag.py:3239} INFO - Sync 1 DAGs
[2025-04-19T19:31:16.296+0000] {logging_mixin.py:190} INFO - [2025-04-19T19:31:16.295+0000] {dag.py:4180} INFO - Setting next_dagrun for spark_example to None, run_after=None
[2025-04-19T19:31:16.322+0000] {processor.py:208} INFO - Processing /opt/airflow/dags/spark_example.py took 1.224 seconds
[2025-04-19T19:31:46.438+0000] {processor.py:186} INFO - Started process (PID=93) to work on /opt/airflow/dags/spark_example.py
[2025-04-19T19:31:46.458+0000] {processor.py:914} INFO - Processing file /opt/airflow/dags/spark_example.py for tasks to queue
[2025-04-19T19:31:46.461+0000] {logging_mixin.py:190} INFO - [2025-04-19T19:31:46.460+0000] {dagbag.py:588} INFO - Filling up the DagBag from /opt/airflow/dags/spark_example.py
[2025-04-19T19:31:47.248+0000] {processor.py:925} INFO - DAG(s) 'spark_example' retrieved from /opt/airflow/dags/spark_example.py
[2025-04-19T19:31:47.269+0000] {logging_mixin.py:190} INFO - [2025-04-19T19:31:47.269+0000] {dag.py:3239} INFO - Sync 1 DAGs
[2025-04-19T19:31:47.282+0000] {logging_mixin.py:190} INFO - [2025-04-19T19:31:47.282+0000] {dag.py:4180} INFO - Setting next_dagrun for spark_example to None, run_after=None
[2025-04-19T19:31:47.301+0000] {processor.py:208} INFO - Processing /opt/airflow/dags/spark_example.py took 0.870 seconds
[2025-04-19T19:32:18.026+0000] {processor.py:186} INFO - Started process (PID=107) to work on /opt/airflow/dags/spark_example.py
[2025-04-19T19:32:18.027+0000] {processor.py:914} INFO - Processing file /opt/airflow/dags/spark_example.py for tasks to queue
[2025-04-19T19:32:18.029+0000] {logging_mixin.py:190} INFO - [2025-04-19T19:32:18.029+0000] {dagbag.py:588} INFO - Filling up the DagBag from /opt/airflow/dags/spark_example.py
[2025-04-19T19:32:18.793+0000] {processor.py:925} INFO - DAG(s) 'spark_example' retrieved from /opt/airflow/dags/spark_example.py
[2025-04-19T19:32:18.816+0000] {logging_mixin.py:190} INFO - [2025-04-19T19:32:18.815+0000] {dag.py:3239} INFO - Sync 1 DAGs
[2025-04-19T19:32:18.832+0000] {logging_mixin.py:190} INFO - [2025-04-19T19:32:18.831+0000] {dag.py:4180} INFO - Setting next_dagrun for spark_example to None, run_after=None
[2025-04-19T19:32:18.849+0000] {processor.py:208} INFO - Processing /opt/airflow/dags/spark_example.py took 0.831 seconds
[2025-04-19T19:32:49.196+0000] {processor.py:186} INFO - Started process (PID=120) to work on /opt/airflow/dags/spark_example.py
[2025-04-19T19:32:49.198+0000] {processor.py:914} INFO - Processing file /opt/airflow/dags/spark_example.py for tasks to queue
[2025-04-19T19:32:49.200+0000] {logging_mixin.py:190} INFO - [2025-04-19T19:32:49.200+0000] {dagbag.py:588} INFO - Filling up the DagBag from /opt/airflow/dags/spark_example.py
[2025-04-19T19:32:49.971+0000] {processor.py:925} INFO - DAG(s) 'spark_example' retrieved from /opt/airflow/dags/spark_example.py
[2025-04-19T19:32:49.996+0000] {logging_mixin.py:190} INFO - [2025-04-19T19:32:49.995+0000] {dag.py:3239} INFO - Sync 1 DAGs
[2025-04-19T19:32:50.172+0000] {logging_mixin.py:190} INFO - [2025-04-19T19:32:50.172+0000] {dag.py:4180} INFO - Setting next_dagrun for spark_example to None, run_after=None
[2025-04-19T19:32:50.191+0000] {processor.py:208} INFO - Processing /opt/airflow/dags/spark_example.py took 1.002 seconds
[2025-04-19T19:33:20.582+0000] {processor.py:186} INFO - Started process (PID=133) to work on /opt/airflow/dags/spark_example.py
[2025-04-19T19:33:20.584+0000] {processor.py:914} INFO - Processing file /opt/airflow/dags/spark_example.py for tasks to queue
[2025-04-19T19:33:20.587+0000] {logging_mixin.py:190} INFO - [2025-04-19T19:33:20.587+0000] {dagbag.py:588} INFO - Filling up the DagBag from /opt/airflow/dags/spark_example.py
[2025-04-19T19:33:21.381+0000] {processor.py:925} INFO - DAG(s) 'spark_example' retrieved from /opt/airflow/dags/spark_example.py
[2025-04-19T19:33:21.403+0000] {logging_mixin.py:190} INFO - [2025-04-19T19:33:21.402+0000] {dag.py:3239} INFO - Sync 1 DAGs
[2025-04-19T19:33:21.416+0000] {logging_mixin.py:190} INFO - [2025-04-19T19:33:21.416+0000] {dag.py:4180} INFO - Setting next_dagrun for spark_example to None, run_after=None
[2025-04-19T19:33:21.433+0000] {processor.py:208} INFO - Processing /opt/airflow/dags/spark_example.py took 0.859 seconds
[2025-04-19T19:33:51.919+0000] {processor.py:186} INFO - Started process (PID=146) to work on /opt/airflow/dags/spark_example.py
[2025-04-19T19:33:51.920+0000] {processor.py:914} INFO - Processing file /opt/airflow/dags/spark_example.py for tasks to queue
[2025-04-19T19:33:51.923+0000] {logging_mixin.py:190} INFO - [2025-04-19T19:33:51.922+0000] {dagbag.py:588} INFO - Filling up the DagBag from /opt/airflow/dags/spark_example.py
[2025-04-19T19:33:52.524+0000] {processor.py:925} INFO - DAG(s) 'spark_example' retrieved from /opt/airflow/dags/spark_example.py
[2025-04-19T19:33:52.549+0000] {logging_mixin.py:190} INFO - [2025-04-19T19:33:52.549+0000] {dag.py:3239} INFO - Sync 1 DAGs
[2025-04-19T19:33:52.565+0000] {logging_mixin.py:190} INFO - [2025-04-19T19:33:52.565+0000] {dag.py:4180} INFO - Setting next_dagrun for spark_example to None, run_after=None
[2025-04-19T19:33:52.583+0000] {processor.py:208} INFO - Processing /opt/airflow/dags/spark_example.py took 0.671 seconds
[2025-04-19T19:34:23.660+0000] {processor.py:186} INFO - Started process (PID=159) to work on /opt/airflow/dags/spark_example.py
[2025-04-19T19:34:23.662+0000] {processor.py:914} INFO - Processing file /opt/airflow/dags/spark_example.py for tasks to queue
[2025-04-19T19:34:23.665+0000] {logging_mixin.py:190} INFO - [2025-04-19T19:34:23.664+0000] {dagbag.py:588} INFO - Filling up the DagBag from /opt/airflow/dags/spark_example.py
[2025-04-19T19:34:24.246+0000] {processor.py:925} INFO - DAG(s) 'spark_example' retrieved from /opt/airflow/dags/spark_example.py
[2025-04-19T19:34:24.273+0000] {logging_mixin.py:190} INFO - [2025-04-19T19:34:24.272+0000] {dag.py:3239} INFO - Sync 1 DAGs
[2025-04-19T19:34:24.290+0000] {logging_mixin.py:190} INFO - [2025-04-19T19:34:24.290+0000] {dag.py:4180} INFO - Setting next_dagrun for spark_example to None, run_after=None
[2025-04-19T19:34:24.513+0000] {processor.py:208} INFO - Processing /opt/airflow/dags/spark_example.py took 0.861 seconds
[2025-04-19T19:34:54.940+0000] {processor.py:186} INFO - Started process (PID=172) to work on /opt/airflow/dags/spark_example.py
[2025-04-19T19:34:54.941+0000] {processor.py:914} INFO - Processing file /opt/airflow/dags/spark_example.py for tasks to queue
[2025-04-19T19:34:54.945+0000] {logging_mixin.py:190} INFO - [2025-04-19T19:34:54.944+0000] {dagbag.py:588} INFO - Filling up the DagBag from /opt/airflow/dags/spark_example.py
[2025-04-19T19:34:55.539+0000] {processor.py:925} INFO - DAG(s) 'spark_example' retrieved from /opt/airflow/dags/spark_example.py
[2025-04-19T19:34:55.566+0000] {logging_mixin.py:190} INFO - [2025-04-19T19:34:55.565+0000] {dag.py:3239} INFO - Sync 1 DAGs
[2025-04-19T19:34:55.795+0000] {logging_mixin.py:190} INFO - [2025-04-19T19:34:55.794+0000] {dag.py:4180} INFO - Setting next_dagrun for spark_example to None, run_after=None
[2025-04-19T19:34:55.814+0000] {processor.py:208} INFO - Processing /opt/airflow/dags/spark_example.py took 0.881 seconds
[2025-04-19T19:35:26.173+0000] {processor.py:186} INFO - Started process (PID=185) to work on /opt/airflow/dags/spark_example.py
[2025-04-19T19:35:26.175+0000] {processor.py:914} INFO - Processing file /opt/airflow/dags/spark_example.py for tasks to queue
[2025-04-19T19:35:26.178+0000] {logging_mixin.py:190} INFO - [2025-04-19T19:35:26.178+0000] {dagbag.py:588} INFO - Filling up the DagBag from /opt/airflow/dags/spark_example.py
[2025-04-19T19:35:26.776+0000] {processor.py:925} INFO - DAG(s) 'spark_example' retrieved from /opt/airflow/dags/spark_example.py
[2025-04-19T19:35:27.014+0000] {logging_mixin.py:190} INFO - [2025-04-19T19:35:27.013+0000] {dag.py:3239} INFO - Sync 1 DAGs
[2025-04-19T19:35:27.028+0000] {logging_mixin.py:190} INFO - [2025-04-19T19:35:27.027+0000] {dag.py:4180} INFO - Setting next_dagrun for spark_example to None, run_after=None
[2025-04-19T19:35:27.043+0000] {processor.py:208} INFO - Processing /opt/airflow/dags/spark_example.py took 0.877 seconds
[2025-04-19T19:35:57.431+0000] {processor.py:186} INFO - Started process (PID=198) to work on /opt/airflow/dags/spark_example.py
[2025-04-19T19:35:57.432+0000] {processor.py:914} INFO - Processing file /opt/airflow/dags/spark_example.py for tasks to queue
[2025-04-19T19:35:57.435+0000] {logging_mixin.py:190} INFO - [2025-04-19T19:35:57.435+0000] {dagbag.py:588} INFO - Filling up the DagBag from /opt/airflow/dags/spark_example.py
[2025-04-19T19:35:58.043+0000] {processor.py:925} INFO - DAG(s) 'spark_example' retrieved from /opt/airflow/dags/spark_example.py
[2025-04-19T19:35:58.070+0000] {logging_mixin.py:190} INFO - [2025-04-19T19:35:58.069+0000] {dag.py:3239} INFO - Sync 1 DAGs
[2025-04-19T19:35:58.085+0000] {logging_mixin.py:190} INFO - [2025-04-19T19:35:58.085+0000] {dag.py:4180} INFO - Setting next_dagrun for spark_example to None, run_after=None
[2025-04-19T19:35:58.103+0000] {processor.py:208} INFO - Processing /opt/airflow/dags/spark_example.py took 0.680 seconds
[2025-04-19T19:36:28.669+0000] {processor.py:186} INFO - Started process (PID=211) to work on /opt/airflow/dags/spark_example.py
[2025-04-19T19:36:28.671+0000] {processor.py:914} INFO - Processing file /opt/airflow/dags/spark_example.py for tasks to queue
[2025-04-19T19:36:28.674+0000] {logging_mixin.py:190} INFO - [2025-04-19T19:36:28.673+0000] {dagbag.py:588} INFO - Filling up the DagBag from /opt/airflow/dags/spark_example.py
[2025-04-19T19:36:29.265+0000] {processor.py:925} INFO - DAG(s) 'spark_example' retrieved from /opt/airflow/dags/spark_example.py
[2025-04-19T19:36:29.293+0000] {logging_mixin.py:190} INFO - [2025-04-19T19:36:29.292+0000] {dag.py:3239} INFO - Sync 1 DAGs
[2025-04-19T19:36:29.309+0000] {logging_mixin.py:190} INFO - [2025-04-19T19:36:29.308+0000] {dag.py:4180} INFO - Setting next_dagrun for spark_example to None, run_after=None
[2025-04-19T19:36:29.327+0000] {processor.py:208} INFO - Processing /opt/airflow/dags/spark_example.py took 0.666 seconds
[2025-04-19T19:36:59.883+0000] {processor.py:186} INFO - Started process (PID=224) to work on /opt/airflow/dags/spark_example.py
[2025-04-19T19:36:59.884+0000] {processor.py:914} INFO - Processing file /opt/airflow/dags/spark_example.py for tasks to queue
[2025-04-19T19:36:59.887+0000] {logging_mixin.py:190} INFO - [2025-04-19T19:36:59.886+0000] {dagbag.py:588} INFO - Filling up the DagBag from /opt/airflow/dags/spark_example.py
[2025-04-19T19:37:00.472+0000] {processor.py:925} INFO - DAG(s) 'spark_example' retrieved from /opt/airflow/dags/spark_example.py
[2025-04-19T19:37:00.499+0000] {logging_mixin.py:190} INFO - [2025-04-19T19:37:00.498+0000] {dag.py:3239} INFO - Sync 1 DAGs
[2025-04-19T19:37:00.516+0000] {logging_mixin.py:190} INFO - [2025-04-19T19:37:00.515+0000] {dag.py:4180} INFO - Setting next_dagrun for spark_example to None, run_after=None
[2025-04-19T19:37:00.745+0000] {processor.py:208} INFO - Processing /opt/airflow/dags/spark_example.py took 0.870 seconds
[2025-04-19T19:37:31.112+0000] {processor.py:186} INFO - Started process (PID=237) to work on /opt/airflow/dags/spark_example.py
[2025-04-19T19:37:31.114+0000] {processor.py:914} INFO - Processing file /opt/airflow/dags/spark_example.py for tasks to queue
[2025-04-19T19:37:31.117+0000] {logging_mixin.py:190} INFO - [2025-04-19T19:37:31.116+0000] {dagbag.py:588} INFO - Filling up the DagBag from /opt/airflow/dags/spark_example.py
[2025-04-19T19:37:31.702+0000] {processor.py:925} INFO - DAG(s) 'spark_example' retrieved from /opt/airflow/dags/spark_example.py
[2025-04-19T19:37:31.729+0000] {logging_mixin.py:190} INFO - [2025-04-19T19:37:31.728+0000] {dag.py:3239} INFO - Sync 1 DAGs
[2025-04-19T19:37:31.957+0000] {logging_mixin.py:190} INFO - [2025-04-19T19:37:31.957+0000] {dag.py:4180} INFO - Setting next_dagrun for spark_example to None, run_after=None
[2025-04-19T19:37:31.974+0000] {processor.py:208} INFO - Processing /opt/airflow/dags/spark_example.py took 0.870 seconds
[2025-04-19T19:38:02.081+0000] {processor.py:186} INFO - Started process (PID=250) to work on /opt/airflow/dags/spark_example.py
[2025-04-19T19:38:02.082+0000] {processor.py:914} INFO - Processing file /opt/airflow/dags/spark_example.py for tasks to queue
[2025-04-19T19:38:02.085+0000] {logging_mixin.py:190} INFO - [2025-04-19T19:38:02.085+0000] {dagbag.py:588} INFO - Filling up the DagBag from /opt/airflow/dags/spark_example.py
[2025-04-19T19:38:02.693+0000] {processor.py:925} INFO - DAG(s) 'spark_example' retrieved from /opt/airflow/dags/spark_example.py
[2025-04-19T19:38:02.936+0000] {logging_mixin.py:190} INFO - [2025-04-19T19:38:02.935+0000] {dag.py:3239} INFO - Sync 1 DAGs
[2025-04-19T19:38:02.949+0000] {logging_mixin.py:190} INFO - [2025-04-19T19:38:02.949+0000] {dag.py:4180} INFO - Setting next_dagrun for spark_example to None, run_after=None
[2025-04-19T19:38:02.967+0000] {processor.py:208} INFO - Processing /opt/airflow/dags/spark_example.py took 0.894 seconds
[2025-04-19T19:38:33.519+0000] {processor.py:186} INFO - Started process (PID=263) to work on /opt/airflow/dags/spark_example.py
[2025-04-19T19:38:33.521+0000] {processor.py:914} INFO - Processing file /opt/airflow/dags/spark_example.py for tasks to queue
[2025-04-19T19:38:33.524+0000] {logging_mixin.py:190} INFO - [2025-04-19T19:38:33.524+0000] {dagbag.py:588} INFO - Filling up the DagBag from /opt/airflow/dags/spark_example.py
[2025-04-19T19:38:34.112+0000] {processor.py:925} INFO - DAG(s) 'spark_example' retrieved from /opt/airflow/dags/spark_example.py
[2025-04-19T19:38:34.139+0000] {logging_mixin.py:190} INFO - [2025-04-19T19:38:34.138+0000] {dag.py:3239} INFO - Sync 1 DAGs
[2025-04-19T19:38:34.154+0000] {logging_mixin.py:190} INFO - [2025-04-19T19:38:34.154+0000] {dag.py:4180} INFO - Setting next_dagrun for spark_example to None, run_after=None
[2025-04-19T19:38:34.172+0000] {processor.py:208} INFO - Processing /opt/airflow/dags/spark_example.py took 0.660 seconds
[2025-04-19T19:39:04.471+0000] {processor.py:186} INFO - Started process (PID=276) to work on /opt/airflow/dags/spark_example.py
[2025-04-19T19:39:04.472+0000] {processor.py:914} INFO - Processing file /opt/airflow/dags/spark_example.py for tasks to queue
[2025-04-19T19:39:04.475+0000] {logging_mixin.py:190} INFO - [2025-04-19T19:39:04.474+0000] {dagbag.py:588} INFO - Filling up the DagBag from /opt/airflow/dags/spark_example.py
[2025-04-19T19:39:05.090+0000] {processor.py:925} INFO - DAG(s) 'spark_example' retrieved from /opt/airflow/dags/spark_example.py
[2025-04-19T19:39:05.115+0000] {logging_mixin.py:190} INFO - [2025-04-19T19:39:05.114+0000] {dag.py:3239} INFO - Sync 1 DAGs
[2025-04-19T19:39:05.131+0000] {logging_mixin.py:190} INFO - [2025-04-19T19:39:05.131+0000] {dag.py:4180} INFO - Setting next_dagrun for spark_example to None, run_after=None
[2025-04-19T19:39:05.150+0000] {processor.py:208} INFO - Processing /opt/airflow/dags/spark_example.py took 0.688 seconds
[2025-04-19T19:39:36.040+0000] {processor.py:186} INFO - Started process (PID=289) to work on /opt/airflow/dags/spark_example.py
[2025-04-19T19:39:36.041+0000] {processor.py:914} INFO - Processing file /opt/airflow/dags/spark_example.py for tasks to queue
[2025-04-19T19:39:36.045+0000] {logging_mixin.py:190} INFO - [2025-04-19T19:39:36.044+0000] {dagbag.py:588} INFO - Filling up the DagBag from /opt/airflow/dags/spark_example.py
[2025-04-19T19:39:36.632+0000] {processor.py:925} INFO - DAG(s) 'spark_example' retrieved from /opt/airflow/dags/spark_example.py
[2025-04-19T19:39:36.657+0000] {logging_mixin.py:190} INFO - [2025-04-19T19:39:36.657+0000] {dag.py:3239} INFO - Sync 1 DAGs
[2025-04-19T19:39:36.674+0000] {logging_mixin.py:190} INFO - [2025-04-19T19:39:36.674+0000] {dag.py:4180} INFO - Setting next_dagrun for spark_example to None, run_after=None
[2025-04-19T19:39:36.900+0000] {processor.py:208} INFO - Processing /opt/airflow/dags/spark_example.py took 0.868 seconds
[2025-04-19T19:40:07.452+0000] {processor.py:186} INFO - Started process (PID=302) to work on /opt/airflow/dags/spark_example.py
[2025-04-19T19:40:07.453+0000] {processor.py:914} INFO - Processing file /opt/airflow/dags/spark_example.py for tasks to queue
[2025-04-19T19:40:07.456+0000] {logging_mixin.py:190} INFO - [2025-04-19T19:40:07.456+0000] {dagbag.py:588} INFO - Filling up the DagBag from /opt/airflow/dags/spark_example.py
[2025-04-19T19:40:08.054+0000] {processor.py:925} INFO - DAG(s) 'spark_example' retrieved from /opt/airflow/dags/spark_example.py
[2025-04-19T19:40:08.081+0000] {logging_mixin.py:190} INFO - [2025-04-19T19:40:08.081+0000] {dag.py:3239} INFO - Sync 1 DAGs
[2025-04-19T19:40:08.309+0000] {logging_mixin.py:190} INFO - [2025-04-19T19:40:08.309+0000] {dag.py:4180} INFO - Setting next_dagrun for spark_example to None, run_after=None
[2025-04-19T19:40:08.326+0000] {processor.py:208} INFO - Processing /opt/airflow/dags/spark_example.py took 0.882 seconds
[2025-04-19T19:40:38.727+0000] {processor.py:186} INFO - Started process (PID=315) to work on /opt/airflow/dags/spark_example.py
[2025-04-19T19:40:38.729+0000] {processor.py:914} INFO - Processing file /opt/airflow/dags/spark_example.py for tasks to queue
[2025-04-19T19:40:38.732+0000] {logging_mixin.py:190} INFO - [2025-04-19T19:40:38.732+0000] {dagbag.py:588} INFO - Filling up the DagBag from /opt/airflow/dags/spark_example.py
[2025-04-19T19:40:39.316+0000] {processor.py:925} INFO - DAG(s) 'spark_example' retrieved from /opt/airflow/dags/spark_example.py
[2025-04-19T19:40:39.553+0000] {logging_mixin.py:190} INFO - [2025-04-19T19:40:39.552+0000] {dag.py:3239} INFO - Sync 1 DAGs
[2025-04-19T19:40:39.567+0000] {logging_mixin.py:190} INFO - [2025-04-19T19:40:39.567+0000] {dag.py:4180} INFO - Setting next_dagrun for spark_example to None, run_after=None
[2025-04-19T19:40:39.587+0000] {processor.py:208} INFO - Processing /opt/airflow/dags/spark_example.py took 0.868 seconds
[2025-04-19T19:41:09.697+0000] {processor.py:186} INFO - Started process (PID=328) to work on /opt/airflow/dags/spark_example.py
[2025-04-19T19:41:09.698+0000] {processor.py:914} INFO - Processing file /opt/airflow/dags/spark_example.py for tasks to queue
[2025-04-19T19:41:09.700+0000] {logging_mixin.py:190} INFO - [2025-04-19T19:41:09.700+0000] {dagbag.py:588} INFO - Filling up the DagBag from /opt/airflow/dags/spark_example.py
[2025-04-19T19:41:10.515+0000] {processor.py:925} INFO - DAG(s) 'spark_example' retrieved from /opt/airflow/dags/spark_example.py
[2025-04-19T19:41:10.537+0000] {logging_mixin.py:190} INFO - [2025-04-19T19:41:10.536+0000] {dag.py:3239} INFO - Sync 1 DAGs
[2025-04-19T19:41:10.550+0000] {logging_mixin.py:190} INFO - [2025-04-19T19:41:10.550+0000] {dag.py:4180} INFO - Setting next_dagrun for spark_example to None, run_after=None
[2025-04-19T19:41:10.567+0000] {processor.py:208} INFO - Processing /opt/airflow/dags/spark_example.py took 0.879 seconds
[2025-04-19T19:41:40.866+0000] {processor.py:186} INFO - Started process (PID=341) to work on /opt/airflow/dags/spark_example.py
[2025-04-19T19:41:40.868+0000] {processor.py:914} INFO - Processing file /opt/airflow/dags/spark_example.py for tasks to queue
[2025-04-19T19:41:40.871+0000] {logging_mixin.py:190} INFO - [2025-04-19T19:41:40.870+0000] {dagbag.py:588} INFO - Filling up the DagBag from /opt/airflow/dags/spark_example.py
[2025-04-19T19:41:41.465+0000] {processor.py:925} INFO - DAG(s) 'spark_example' retrieved from /opt/airflow/dags/spark_example.py
[2025-04-19T19:41:41.490+0000] {logging_mixin.py:190} INFO - [2025-04-19T19:41:41.489+0000] {dag.py:3239} INFO - Sync 1 DAGs
[2025-04-19T19:41:41.506+0000] {logging_mixin.py:190} INFO - [2025-04-19T19:41:41.505+0000] {dag.py:4180} INFO - Setting next_dagrun for spark_example to None, run_after=None
[2025-04-19T19:41:41.524+0000] {processor.py:208} INFO - Processing /opt/airflow/dags/spark_example.py took 0.666 seconds
[2025-04-19T19:42:12.659+0000] {processor.py:186} INFO - Started process (PID=354) to work on /opt/airflow/dags/spark_example.py
[2025-04-19T19:42:12.660+0000] {processor.py:914} INFO - Processing file /opt/airflow/dags/spark_example.py for tasks to queue
[2025-04-19T19:42:12.663+0000] {logging_mixin.py:190} INFO - [2025-04-19T19:42:12.662+0000] {dagbag.py:588} INFO - Filling up the DagBag from /opt/airflow/dags/spark_example.py
[2025-04-19T19:42:13.249+0000] {processor.py:925} INFO - DAG(s) 'spark_example' retrieved from /opt/airflow/dags/spark_example.py
[2025-04-19T19:42:13.275+0000] {logging_mixin.py:190} INFO - [2025-04-19T19:42:13.275+0000] {dag.py:3239} INFO - Sync 1 DAGs
[2025-04-19T19:42:13.293+0000] {logging_mixin.py:190} INFO - [2025-04-19T19:42:13.293+0000] {dag.py:4180} INFO - Setting next_dagrun for spark_example to None, run_after=None
[2025-04-19T19:42:13.519+0000] {processor.py:208} INFO - Processing /opt/airflow/dags/spark_example.py took 0.868 seconds
[2025-04-19T19:42:43.914+0000] {processor.py:186} INFO - Started process (PID=367) to work on /opt/airflow/dags/spark_example.py
[2025-04-19T19:42:43.916+0000] {processor.py:914} INFO - Processing file /opt/airflow/dags/spark_example.py for tasks to queue
[2025-04-19T19:42:43.918+0000] {logging_mixin.py:190} INFO - [2025-04-19T19:42:43.918+0000] {dagbag.py:588} INFO - Filling up the DagBag from /opt/airflow/dags/spark_example.py
[2025-04-19T19:42:44.493+0000] {processor.py:925} INFO - DAG(s) 'spark_example' retrieved from /opt/airflow/dags/spark_example.py
[2025-04-19T19:42:44.519+0000] {logging_mixin.py:190} INFO - [2025-04-19T19:42:44.519+0000] {dag.py:3239} INFO - Sync 1 DAGs
[2025-04-19T19:42:44.740+0000] {logging_mixin.py:190} INFO - [2025-04-19T19:42:44.740+0000] {dag.py:4180} INFO - Setting next_dagrun for spark_example to None, run_after=None
[2025-04-19T19:42:44.756+0000] {processor.py:208} INFO - Processing /opt/airflow/dags/spark_example.py took 0.850 seconds
[2025-04-19T19:43:14.898+0000] {processor.py:186} INFO - Started process (PID=379) to work on /opt/airflow/dags/spark_example.py
[2025-04-19T19:43:14.901+0000] {processor.py:914} INFO - Processing file /opt/airflow/dags/spark_example.py for tasks to queue
[2025-04-19T19:43:14.904+0000] {logging_mixin.py:190} INFO - [2025-04-19T19:43:14.904+0000] {dagbag.py:588} INFO - Filling up the DagBag from /opt/airflow/dags/spark_example.py
[2025-04-19T19:43:15.480+0000] {processor.py:925} INFO - DAG(s) 'spark_example' retrieved from /opt/airflow/dags/spark_example.py
[2025-04-19T19:43:15.719+0000] {logging_mixin.py:190} INFO - [2025-04-19T19:43:15.718+0000] {dag.py:3239} INFO - Sync 1 DAGs
[2025-04-19T19:43:15.732+0000] {logging_mixin.py:190} INFO - [2025-04-19T19:43:15.731+0000] {dag.py:4180} INFO - Setting next_dagrun for spark_example to None, run_after=None
[2025-04-19T19:43:15.747+0000] {processor.py:208} INFO - Processing /opt/airflow/dags/spark_example.py took 0.857 seconds
[2025-04-19T19:43:46.277+0000] {processor.py:186} INFO - Started process (PID=393) to work on /opt/airflow/dags/spark_example.py
[2025-04-19T19:43:46.279+0000] {processor.py:914} INFO - Processing file /opt/airflow/dags/spark_example.py for tasks to queue
[2025-04-19T19:43:46.282+0000] {logging_mixin.py:190} INFO - [2025-04-19T19:43:46.282+0000] {dagbag.py:588} INFO - Filling up the DagBag from /opt/airflow/dags/spark_example.py
[2025-04-19T19:43:47.084+0000] {processor.py:925} INFO - DAG(s) 'spark_example' retrieved from /opt/airflow/dags/spark_example.py
[2025-04-19T19:43:47.105+0000] {logging_mixin.py:190} INFO - [2025-04-19T19:43:47.105+0000] {dag.py:3239} INFO - Sync 1 DAGs
[2025-04-19T19:43:47.119+0000] {logging_mixin.py:190} INFO - [2025-04-19T19:43:47.118+0000] {dag.py:4180} INFO - Setting next_dagrun for spark_example to None, run_after=None
[2025-04-19T19:43:47.134+0000] {processor.py:208} INFO - Processing /opt/airflow/dags/spark_example.py took 0.865 seconds
[2025-04-19T19:44:17.222+0000] {processor.py:186} INFO - Started process (PID=412) to work on /opt/airflow/dags/spark_example.py
[2025-04-19T19:44:17.224+0000] {processor.py:914} INFO - Processing file /opt/airflow/dags/spark_example.py for tasks to queue
[2025-04-19T19:44:17.227+0000] {logging_mixin.py:190} INFO - [2025-04-19T19:44:17.226+0000] {dagbag.py:588} INFO - Filling up the DagBag from /opt/airflow/dags/spark_example.py
[2025-04-19T19:44:17.816+0000] {processor.py:925} INFO - DAG(s) 'spark_example' retrieved from /opt/airflow/dags/spark_example.py
[2025-04-19T19:44:17.842+0000] {logging_mixin.py:190} INFO - [2025-04-19T19:44:17.842+0000] {dag.py:3239} INFO - Sync 1 DAGs
[2025-04-19T19:44:17.858+0000] {logging_mixin.py:190} INFO - [2025-04-19T19:44:17.858+0000] {dag.py:4180} INFO - Setting next_dagrun for spark_example to None, run_after=None
[2025-04-19T19:44:17.877+0000] {processor.py:208} INFO - Processing /opt/airflow/dags/spark_example.py took 0.662 seconds
[2025-04-19T19:44:49.004+0000] {processor.py:186} INFO - Started process (PID=425) to work on /opt/airflow/dags/spark_example.py
[2025-04-19T19:44:49.005+0000] {processor.py:914} INFO - Processing file /opt/airflow/dags/spark_example.py for tasks to queue
[2025-04-19T19:44:49.008+0000] {logging_mixin.py:190} INFO - [2025-04-19T19:44:49.008+0000] {dagbag.py:588} INFO - Filling up the DagBag from /opt/airflow/dags/spark_example.py
[2025-04-19T19:44:49.589+0000] {processor.py:925} INFO - DAG(s) 'spark_example' retrieved from /opt/airflow/dags/spark_example.py
[2025-04-19T19:44:49.615+0000] {logging_mixin.py:190} INFO - [2025-04-19T19:44:49.615+0000] {dag.py:3239} INFO - Sync 1 DAGs
[2025-04-19T19:44:49.632+0000] {logging_mixin.py:190} INFO - [2025-04-19T19:44:49.632+0000] {dag.py:4180} INFO - Setting next_dagrun for spark_example to None, run_after=None
[2025-04-19T19:44:49.858+0000] {processor.py:208} INFO - Processing /opt/airflow/dags/spark_example.py took 0.863 seconds
[2025-04-19T19:45:19.961+0000] {processor.py:186} INFO - Started process (PID=438) to work on /opt/airflow/dags/spark_example.py
[2025-04-19T19:45:19.962+0000] {processor.py:914} INFO - Processing file /opt/airflow/dags/spark_example.py for tasks to queue
[2025-04-19T19:45:19.965+0000] {logging_mixin.py:190} INFO - [2025-04-19T19:45:19.965+0000] {dagbag.py:588} INFO - Filling up the DagBag from /opt/airflow/dags/spark_example.py
[2025-04-19T19:45:20.543+0000] {processor.py:925} INFO - DAG(s) 'spark_example' retrieved from /opt/airflow/dags/spark_example.py
[2025-04-19T19:45:20.569+0000] {logging_mixin.py:190} INFO - [2025-04-19T19:45:20.569+0000] {dag.py:3239} INFO - Sync 1 DAGs
[2025-04-19T19:45:20.806+0000] {logging_mixin.py:190} INFO - [2025-04-19T19:45:20.806+0000] {dag.py:4180} INFO - Setting next_dagrun for spark_example to None, run_after=None
[2025-04-19T19:45:20.824+0000] {processor.py:208} INFO - Processing /opt/airflow/dags/spark_example.py took 0.870 seconds
[2025-04-19T19:45:51.092+0000] {processor.py:186} INFO - Started process (PID=451) to work on /opt/airflow/dags/spark_example.py
[2025-04-19T19:45:51.094+0000] {processor.py:914} INFO - Processing file /opt/airflow/dags/spark_example.py for tasks to queue
[2025-04-19T19:45:51.097+0000] {logging_mixin.py:190} INFO - [2025-04-19T19:45:51.096+0000] {dagbag.py:588} INFO - Filling up the DagBag from /opt/airflow/dags/spark_example.py
[2025-04-19T19:45:51.675+0000] {processor.py:925} INFO - DAG(s) 'spark_example' retrieved from /opt/airflow/dags/spark_example.py
[2025-04-19T19:45:51.908+0000] {logging_mixin.py:190} INFO - [2025-04-19T19:45:51.908+0000] {dag.py:3239} INFO - Sync 1 DAGs
[2025-04-19T19:45:51.922+0000] {logging_mixin.py:190} INFO - [2025-04-19T19:45:51.921+0000] {dag.py:4180} INFO - Setting next_dagrun for spark_example to None, run_after=None
[2025-04-19T19:45:51.938+0000] {processor.py:208} INFO - Processing /opt/airflow/dags/spark_example.py took 0.855 seconds
[2025-04-19T19:46:22.556+0000] {processor.py:186} INFO - Started process (PID=464) to work on /opt/airflow/dags/spark_example.py
[2025-04-19T19:46:22.557+0000] {processor.py:914} INFO - Processing file /opt/airflow/dags/spark_example.py for tasks to queue
[2025-04-19T19:46:22.560+0000] {logging_mixin.py:190} INFO - [2025-04-19T19:46:22.560+0000] {dagbag.py:588} INFO - Filling up the DagBag from /opt/airflow/dags/spark_example.py
[2025-04-19T19:46:23.145+0000] {processor.py:925} INFO - DAG(s) 'spark_example' retrieved from /opt/airflow/dags/spark_example.py
[2025-04-19T19:46:23.170+0000] {logging_mixin.py:190} INFO - [2025-04-19T19:46:23.169+0000] {dag.py:3239} INFO - Sync 1 DAGs
[2025-04-19T19:46:23.185+0000] {logging_mixin.py:190} INFO - [2025-04-19T19:46:23.185+0000] {dag.py:4180} INFO - Setting next_dagrun for spark_example to None, run_after=None
[2025-04-19T19:46:23.202+0000] {processor.py:208} INFO - Processing /opt/airflow/dags/spark_example.py took 0.654 seconds
[2025-04-19T19:46:53.504+0000] {processor.py:186} INFO - Started process (PID=476) to work on /opt/airflow/dags/spark_example.py
[2025-04-19T19:46:53.506+0000] {processor.py:914} INFO - Processing file /opt/airflow/dags/spark_example.py for tasks to queue
[2025-04-19T19:46:53.509+0000] {logging_mixin.py:190} INFO - [2025-04-19T19:46:53.509+0000] {dagbag.py:588} INFO - Filling up the DagBag from /opt/airflow/dags/spark_example.py
[2025-04-19T19:46:54.103+0000] {processor.py:925} INFO - DAG(s) 'spark_example' retrieved from /opt/airflow/dags/spark_example.py
[2025-04-19T19:46:54.128+0000] {logging_mixin.py:190} INFO - [2025-04-19T19:46:54.127+0000] {dag.py:3239} INFO - Sync 1 DAGs
[2025-04-19T19:46:54.144+0000] {logging_mixin.py:190} INFO - [2025-04-19T19:46:54.143+0000] {dag.py:4180} INFO - Setting next_dagrun for spark_example to None, run_after=None
[2025-04-19T19:46:54.164+0000] {processor.py:208} INFO - Processing /opt/airflow/dags/spark_example.py took 0.667 seconds
[2025-04-19T19:47:25.961+0000] {processor.py:186} INFO - Started process (PID=490) to work on /opt/airflow/dags/spark_example.py
[2025-04-19T19:47:25.963+0000] {processor.py:914} INFO - Processing file /opt/airflow/dags/spark_example.py for tasks to queue
[2025-04-19T19:47:25.967+0000] {logging_mixin.py:190} INFO - [2025-04-19T19:47:25.967+0000] {dagbag.py:588} INFO - Filling up the DagBag from /opt/airflow/dags/spark_example.py
[2025-04-19T19:47:26.736+0000] {processor.py:925} INFO - DAG(s) 'spark_example' retrieved from /opt/airflow/dags/spark_example.py
[2025-04-19T19:47:26.762+0000] {logging_mixin.py:190} INFO - [2025-04-19T19:47:26.761+0000] {dag.py:3239} INFO - Sync 1 DAGs
[2025-04-19T19:47:26.990+0000] {logging_mixin.py:190} INFO - [2025-04-19T19:47:26.989+0000] {dag.py:4180} INFO - Setting next_dagrun for spark_example to None, run_after=None
[2025-04-19T19:47:27.008+0000] {processor.py:208} INFO - Processing /opt/airflow/dags/spark_example.py took 1.057 seconds
[2025-04-19T19:47:57.224+0000] {processor.py:186} INFO - Started process (PID=502) to work on /opt/airflow/dags/spark_example.py
[2025-04-19T19:47:57.225+0000] {processor.py:914} INFO - Processing file /opt/airflow/dags/spark_example.py for tasks to queue
[2025-04-19T19:47:57.228+0000] {logging_mixin.py:190} INFO - [2025-04-19T19:47:57.228+0000] {dagbag.py:588} INFO - Filling up the DagBag from /opt/airflow/dags/spark_example.py
[2025-04-19T19:47:57.809+0000] {processor.py:925} INFO - DAG(s) 'spark_example' retrieved from /opt/airflow/dags/spark_example.py
[2025-04-19T19:47:57.842+0000] {logging_mixin.py:190} INFO - [2025-04-19T19:47:57.841+0000] {dag.py:3239} INFO - Sync 1 DAGs
[2025-04-19T19:47:58.058+0000] {logging_mixin.py:190} INFO - [2025-04-19T19:47:58.058+0000] {dag.py:4180} INFO - Setting next_dagrun for spark_example to None, run_after=None
[2025-04-19T19:47:58.074+0000] {processor.py:208} INFO - Processing /opt/airflow/dags/spark_example.py took 0.859 seconds
[2025-04-19T19:48:28.489+0000] {processor.py:186} INFO - Started process (PID=515) to work on /opt/airflow/dags/spark_example.py
[2025-04-19T19:48:28.490+0000] {processor.py:914} INFO - Processing file /opt/airflow/dags/spark_example.py for tasks to queue
[2025-04-19T19:48:28.494+0000] {logging_mixin.py:190} INFO - [2025-04-19T19:48:28.493+0000] {dagbag.py:588} INFO - Filling up the DagBag from /opt/airflow/dags/spark_example.py
[2025-04-19T19:48:29.094+0000] {processor.py:925} INFO - DAG(s) 'spark_example' retrieved from /opt/airflow/dags/spark_example.py
[2025-04-19T19:48:29.336+0000] {logging_mixin.py:190} INFO - [2025-04-19T19:48:29.335+0000] {dag.py:3239} INFO - Sync 1 DAGs
[2025-04-19T19:48:29.350+0000] {logging_mixin.py:190} INFO - [2025-04-19T19:48:29.349+0000] {dag.py:4180} INFO - Setting next_dagrun for spark_example to None, run_after=None
[2025-04-19T19:48:29.367+0000] {processor.py:208} INFO - Processing /opt/airflow/dags/spark_example.py took 0.886 seconds
[2025-04-19T19:48:59.714+0000] {processor.py:186} INFO - Started process (PID=529) to work on /opt/airflow/dags/spark_example.py
[2025-04-19T19:48:59.716+0000] {processor.py:914} INFO - Processing file /opt/airflow/dags/spark_example.py for tasks to queue
[2025-04-19T19:48:59.719+0000] {logging_mixin.py:190} INFO - [2025-04-19T19:48:59.718+0000] {dagbag.py:588} INFO - Filling up the DagBag from /opt/airflow/dags/spark_example.py
[2025-04-19T19:49:00.571+0000] {processor.py:925} INFO - DAG(s) 'spark_example' retrieved from /opt/airflow/dags/spark_example.py
[2025-04-19T19:49:00.593+0000] {logging_mixin.py:190} INFO - [2025-04-19T19:49:00.592+0000] {dag.py:3239} INFO - Sync 1 DAGs
[2025-04-19T19:49:00.607+0000] {logging_mixin.py:190} INFO - [2025-04-19T19:49:00.606+0000] {dag.py:4180} INFO - Setting next_dagrun for spark_example to None, run_after=None
[2025-04-19T19:49:00.623+0000] {processor.py:208} INFO - Processing /opt/airflow/dags/spark_example.py took 0.918 seconds
[2025-04-19T19:49:30.937+0000] {processor.py:186} INFO - Started process (PID=542) to work on /opt/airflow/dags/spark_example.py
[2025-04-19T19:49:30.938+0000] {processor.py:914} INFO - Processing file /opt/airflow/dags/spark_example.py for tasks to queue
[2025-04-19T19:49:30.941+0000] {logging_mixin.py:190} INFO - [2025-04-19T19:49:30.940+0000] {dagbag.py:588} INFO - Filling up the DagBag from /opt/airflow/dags/spark_example.py
[2025-04-19T19:49:31.535+0000] {processor.py:925} INFO - DAG(s) 'spark_example' retrieved from /opt/airflow/dags/spark_example.py
[2025-04-19T19:49:31.560+0000] {logging_mixin.py:190} INFO - [2025-04-19T19:49:31.559+0000] {dag.py:3239} INFO - Sync 1 DAGs
[2025-04-19T19:49:31.577+0000] {logging_mixin.py:190} INFO - [2025-04-19T19:49:31.577+0000] {dag.py:4180} INFO - Setting next_dagrun for spark_example to None, run_after=None
[2025-04-19T19:49:31.599+0000] {processor.py:208} INFO - Processing /opt/airflow/dags/spark_example.py took 0.670 seconds
[2025-04-19T19:50:03.087+0000] {processor.py:186} INFO - Started process (PID=555) to work on /opt/airflow/dags/spark_example.py
[2025-04-19T19:50:03.089+0000] {processor.py:914} INFO - Processing file /opt/airflow/dags/spark_example.py for tasks to queue
[2025-04-19T19:50:03.092+0000] {logging_mixin.py:190} INFO - [2025-04-19T19:50:03.092+0000] {dagbag.py:588} INFO - Filling up the DagBag from /opt/airflow/dags/spark_example.py
[2025-04-19T19:50:03.707+0000] {processor.py:925} INFO - DAG(s) 'spark_example' retrieved from /opt/airflow/dags/spark_example.py
[2025-04-19T19:50:03.733+0000] {logging_mixin.py:190} INFO - [2025-04-19T19:50:03.732+0000] {dag.py:3239} INFO - Sync 1 DAGs
[2025-04-19T19:50:03.757+0000] {logging_mixin.py:190} INFO - [2025-04-19T19:50:03.756+0000] {dag.py:4180} INFO - Setting next_dagrun for spark_example to None, run_after=None
[2025-04-19T19:50:04.040+0000] {processor.py:208} INFO - Processing /opt/airflow/dags/spark_example.py took 0.961 seconds
[2025-04-19T19:50:34.246+0000] {processor.py:186} INFO - Started process (PID=568) to work on /opt/airflow/dags/spark_example.py
[2025-04-19T19:50:34.248+0000] {processor.py:914} INFO - Processing file /opt/airflow/dags/spark_example.py for tasks to queue
[2025-04-19T19:50:34.251+0000] {logging_mixin.py:190} INFO - [2025-04-19T19:50:34.250+0000] {dagbag.py:588} INFO - Filling up the DagBag from /opt/airflow/dags/spark_example.py
[2025-04-19T19:50:34.832+0000] {processor.py:925} INFO - DAG(s) 'spark_example' retrieved from /opt/airflow/dags/spark_example.py
[2025-04-19T19:50:34.860+0000] {logging_mixin.py:190} INFO - [2025-04-19T19:50:34.860+0000] {dag.py:3239} INFO - Sync 1 DAGs
[2025-04-19T19:50:35.080+0000] {logging_mixin.py:190} INFO - [2025-04-19T19:50:35.079+0000] {dag.py:4180} INFO - Setting next_dagrun for spark_example to None, run_after=None
[2025-04-19T19:50:35.096+0000] {processor.py:208} INFO - Processing /opt/airflow/dags/spark_example.py took 0.857 seconds
[2025-04-19T19:51:05.208+0000] {processor.py:186} INFO - Started process (PID=581) to work on /opt/airflow/dags/spark_example.py
[2025-04-19T19:51:05.209+0000] {processor.py:914} INFO - Processing file /opt/airflow/dags/spark_example.py for tasks to queue
[2025-04-19T19:51:05.212+0000] {logging_mixin.py:190} INFO - [2025-04-19T19:51:05.212+0000] {dagbag.py:588} INFO - Filling up the DagBag from /opt/airflow/dags/spark_example.py
[2025-04-19T19:51:05.800+0000] {processor.py:925} INFO - DAG(s) 'spark_example' retrieved from /opt/airflow/dags/spark_example.py
[2025-04-19T19:51:06.030+0000] {logging_mixin.py:190} INFO - [2025-04-19T19:51:06.029+0000] {dag.py:3239} INFO - Sync 1 DAGs
[2025-04-19T19:51:06.042+0000] {logging_mixin.py:190} INFO - [2025-04-19T19:51:06.042+0000] {dag.py:4180} INFO - Setting next_dagrun for spark_example to None, run_after=None
[2025-04-19T19:51:06.057+0000] {processor.py:208} INFO - Processing /opt/airflow/dags/spark_example.py took 0.857 seconds
[2025-04-19T19:51:36.649+0000] {processor.py:186} INFO - Started process (PID=594) to work on /opt/airflow/dags/spark_example.py
[2025-04-19T19:51:36.651+0000] {processor.py:914} INFO - Processing file /opt/airflow/dags/spark_example.py for tasks to queue
[2025-04-19T19:51:36.653+0000] {logging_mixin.py:190} INFO - [2025-04-19T19:51:36.653+0000] {dagbag.py:588} INFO - Filling up the DagBag from /opt/airflow/dags/spark_example.py
[2025-04-19T19:51:37.437+0000] {processor.py:925} INFO - DAG(s) 'spark_example' retrieved from /opt/airflow/dags/spark_example.py
[2025-04-19T19:51:37.458+0000] {logging_mixin.py:190} INFO - [2025-04-19T19:51:37.457+0000] {dag.py:3239} INFO - Sync 1 DAGs
[2025-04-19T19:51:37.471+0000] {logging_mixin.py:190} INFO - [2025-04-19T19:51:37.471+0000] {dag.py:4180} INFO - Setting next_dagrun for spark_example to None, run_after=None
[2025-04-19T19:51:37.488+0000] {processor.py:208} INFO - Processing /opt/airflow/dags/spark_example.py took 0.847 seconds
[2025-04-19T19:52:07.928+0000] {processor.py:186} INFO - Started process (PID=607) to work on /opt/airflow/dags/spark_example.py
[2025-04-19T19:52:07.929+0000] {processor.py:914} INFO - Processing file /opt/airflow/dags/spark_example.py for tasks to queue
[2025-04-19T19:52:07.932+0000] {logging_mixin.py:190} INFO - [2025-04-19T19:52:07.932+0000] {dagbag.py:588} INFO - Filling up the DagBag from /opt/airflow/dags/spark_example.py
[2025-04-19T19:52:08.538+0000] {processor.py:925} INFO - DAG(s) 'spark_example' retrieved from /opt/airflow/dags/spark_example.py
[2025-04-19T19:52:08.566+0000] {logging_mixin.py:190} INFO - [2025-04-19T19:52:08.565+0000] {dag.py:3239} INFO - Sync 1 DAGs
[2025-04-19T19:52:08.582+0000] {logging_mixin.py:190} INFO - [2025-04-19T19:52:08.581+0000] {dag.py:4180} INFO - Setting next_dagrun for spark_example to None, run_after=None
[2025-04-19T19:52:08.602+0000] {processor.py:208} INFO - Processing /opt/airflow/dags/spark_example.py took 0.682 seconds
[2025-04-19T19:52:39.174+0000] {processor.py:186} INFO - Started process (PID=620) to work on /opt/airflow/dags/spark_example.py
[2025-04-19T19:52:39.176+0000] {processor.py:914} INFO - Processing file /opt/airflow/dags/spark_example.py for tasks to queue
[2025-04-19T19:52:39.178+0000] {logging_mixin.py:190} INFO - [2025-04-19T19:52:39.178+0000] {dagbag.py:588} INFO - Filling up the DagBag from /opt/airflow/dags/spark_example.py
[2025-04-19T19:52:39.752+0000] {processor.py:925} INFO - DAG(s) 'spark_example' retrieved from /opt/airflow/dags/spark_example.py
[2025-04-19T19:52:39.778+0000] {logging_mixin.py:190} INFO - [2025-04-19T19:52:39.777+0000] {dag.py:3239} INFO - Sync 1 DAGs
[2025-04-19T19:52:40.001+0000] {logging_mixin.py:190} INFO - [2025-04-19T19:52:40.001+0000] {dag.py:4180} INFO - Setting next_dagrun for spark_example to None, run_after=None
[2025-04-19T19:52:40.018+0000] {processor.py:208} INFO - Processing /opt/airflow/dags/spark_example.py took 0.852 seconds
[2025-04-19T19:53:10.161+0000] {processor.py:186} INFO - Started process (PID=633) to work on /opt/airflow/dags/spark_example.py
[2025-04-19T19:53:10.163+0000] {processor.py:914} INFO - Processing file /opt/airflow/dags/spark_example.py for tasks to queue
[2025-04-19T19:53:10.166+0000] {logging_mixin.py:190} INFO - [2025-04-19T19:53:10.165+0000] {dagbag.py:588} INFO - Filling up the DagBag from /opt/airflow/dags/spark_example.py
[2025-04-19T19:53:10.750+0000] {processor.py:925} INFO - DAG(s) 'spark_example' retrieved from /opt/airflow/dags/spark_example.py
[2025-04-19T19:53:10.776+0000] {logging_mixin.py:190} INFO - [2025-04-19T19:53:10.776+0000] {dag.py:3239} INFO - Sync 1 DAGs
[2025-04-19T19:53:11.005+0000] {logging_mixin.py:190} INFO - [2025-04-19T19:53:11.005+0000] {dag.py:4180} INFO - Setting next_dagrun for spark_example to None, run_after=None
[2025-04-19T19:53:11.022+0000] {processor.py:208} INFO - Processing /opt/airflow/dags/spark_example.py took 0.868 seconds
[2025-04-19T19:53:41.276+0000] {processor.py:186} INFO - Started process (PID=646) to work on /opt/airflow/dags/spark_example.py
[2025-04-19T19:53:41.278+0000] {processor.py:914} INFO - Processing file /opt/airflow/dags/spark_example.py for tasks to queue
[2025-04-19T19:53:41.281+0000] {logging_mixin.py:190} INFO - [2025-04-19T19:53:41.280+0000] {dagbag.py:588} INFO - Filling up the DagBag from /opt/airflow/dags/spark_example.py
[2025-04-19T19:53:41.867+0000] {processor.py:925} INFO - DAG(s) 'spark_example' retrieved from /opt/airflow/dags/spark_example.py
[2025-04-19T19:53:42.099+0000] {logging_mixin.py:190} INFO - [2025-04-19T19:53:42.099+0000] {dag.py:3239} INFO - Sync 1 DAGs
[2025-04-19T19:53:42.113+0000] {logging_mixin.py:190} INFO - [2025-04-19T19:53:42.113+0000] {dag.py:4180} INFO - Setting next_dagrun for spark_example to None, run_after=None
[2025-04-19T19:53:42.130+0000] {processor.py:208} INFO - Processing /opt/airflow/dags/spark_example.py took 0.861 seconds
[2025-04-19T19:54:12.385+0000] {processor.py:186} INFO - Started process (PID=659) to work on /opt/airflow/dags/spark_example.py
[2025-04-19T19:54:12.388+0000] {processor.py:914} INFO - Processing file /opt/airflow/dags/spark_example.py for tasks to queue
[2025-04-19T19:54:12.391+0000] {logging_mixin.py:190} INFO - [2025-04-19T19:54:12.391+0000] {dagbag.py:588} INFO - Filling up the DagBag from /opt/airflow/dags/spark_example.py
[2025-04-19T19:54:13.180+0000] {processor.py:925} INFO - DAG(s) 'spark_example' retrieved from /opt/airflow/dags/spark_example.py
[2025-04-19T19:54:13.200+0000] {logging_mixin.py:190} INFO - [2025-04-19T19:54:13.200+0000] {dag.py:3239} INFO - Sync 1 DAGs
[2025-04-19T19:54:13.213+0000] {logging_mixin.py:190} INFO - [2025-04-19T19:54:13.213+0000] {dag.py:4180} INFO - Setting next_dagrun for spark_example to None, run_after=None
[2025-04-19T19:54:13.229+0000] {processor.py:208} INFO - Processing /opt/airflow/dags/spark_example.py took 0.852 seconds
[2025-04-19T19:54:43.769+0000] {processor.py:186} INFO - Started process (PID=672) to work on /opt/airflow/dags/spark_example.py
[2025-04-19T19:54:43.770+0000] {processor.py:914} INFO - Processing file /opt/airflow/dags/spark_example.py for tasks to queue
[2025-04-19T19:54:43.773+0000] {logging_mixin.py:190} INFO - [2025-04-19T19:54:43.773+0000] {dagbag.py:588} INFO - Filling up the DagBag from /opt/airflow/dags/spark_example.py
[2025-04-19T19:54:44.357+0000] {processor.py:925} INFO - DAG(s) 'spark_example' retrieved from /opt/airflow/dags/spark_example.py
[2025-04-19T19:54:44.383+0000] {logging_mixin.py:190} INFO - [2025-04-19T19:54:44.382+0000] {dag.py:3239} INFO - Sync 1 DAGs
[2025-04-19T19:54:44.398+0000] {logging_mixin.py:190} INFO - [2025-04-19T19:54:44.398+0000] {dag.py:4180} INFO - Setting next_dagrun for spark_example to None, run_after=None
[2025-04-19T19:54:44.630+0000] {processor.py:208} INFO - Processing /opt/airflow/dags/spark_example.py took 0.869 seconds
[2025-04-19T19:55:15.007+0000] {processor.py:186} INFO - Started process (PID=685) to work on /opt/airflow/dags/spark_example.py
[2025-04-19T19:55:15.008+0000] {processor.py:914} INFO - Processing file /opt/airflow/dags/spark_example.py for tasks to queue
[2025-04-19T19:55:15.011+0000] {logging_mixin.py:190} INFO - [2025-04-19T19:55:15.011+0000] {dagbag.py:588} INFO - Filling up the DagBag from /opt/airflow/dags/spark_example.py
[2025-04-19T19:55:15.588+0000] {processor.py:925} INFO - DAG(s) 'spark_example' retrieved from /opt/airflow/dags/spark_example.py
[2025-04-19T19:55:15.614+0000] {logging_mixin.py:190} INFO - [2025-04-19T19:55:15.613+0000] {dag.py:3239} INFO - Sync 1 DAGs
[2025-04-19T19:55:15.839+0000] {logging_mixin.py:190} INFO - [2025-04-19T19:55:15.839+0000] {dag.py:4180} INFO - Setting next_dagrun for spark_example to None, run_after=None
[2025-04-19T19:55:15.856+0000] {processor.py:208} INFO - Processing /opt/airflow/dags/spark_example.py took 0.857 seconds
[2025-04-19T19:55:46.210+0000] {processor.py:186} INFO - Started process (PID=698) to work on /opt/airflow/dags/spark_example.py
[2025-04-19T19:55:46.211+0000] {processor.py:914} INFO - Processing file /opt/airflow/dags/spark_example.py for tasks to queue
[2025-04-19T19:55:46.214+0000] {logging_mixin.py:190} INFO - [2025-04-19T19:55:46.214+0000] {dagbag.py:588} INFO - Filling up the DagBag from /opt/airflow/dags/spark_example.py
[2025-04-19T19:55:46.793+0000] {processor.py:925} INFO - DAG(s) 'spark_example' retrieved from /opt/airflow/dags/spark_example.py
[2025-04-19T19:55:47.024+0000] {logging_mixin.py:190} INFO - [2025-04-19T19:55:47.023+0000] {dag.py:3239} INFO - Sync 1 DAGs
[2025-04-19T19:55:47.037+0000] {logging_mixin.py:190} INFO - [2025-04-19T19:55:47.037+0000] {dag.py:4180} INFO - Setting next_dagrun for spark_example to None, run_after=None
[2025-04-19T19:55:47.053+0000] {processor.py:208} INFO - Processing /opt/airflow/dags/spark_example.py took 0.851 seconds
[2025-04-19T19:56:17.435+0000] {processor.py:186} INFO - Started process (PID=711) to work on /opt/airflow/dags/spark_example.py
[2025-04-19T19:56:17.436+0000] {processor.py:914} INFO - Processing file /opt/airflow/dags/spark_example.py for tasks to queue
[2025-04-19T19:56:17.439+0000] {logging_mixin.py:190} INFO - [2025-04-19T19:56:17.439+0000] {dagbag.py:588} INFO - Filling up the DagBag from /opt/airflow/dags/spark_example.py
[2025-04-19T19:56:18.235+0000] {processor.py:925} INFO - DAG(s) 'spark_example' retrieved from /opt/airflow/dags/spark_example.py
[2025-04-19T19:56:18.257+0000] {logging_mixin.py:190} INFO - [2025-04-19T19:56:18.256+0000] {dag.py:3239} INFO - Sync 1 DAGs
[2025-04-19T19:56:18.270+0000] {logging_mixin.py:190} INFO - [2025-04-19T19:56:18.270+0000] {dag.py:4180} INFO - Setting next_dagrun for spark_example to None, run_after=None
[2025-04-19T19:56:18.286+0000] {processor.py:208} INFO - Processing /opt/airflow/dags/spark_example.py took 0.859 seconds
[2025-04-19T19:56:48.391+0000] {processor.py:186} INFO - Started process (PID=730) to work on /opt/airflow/dags/spark_example.py
[2025-04-19T19:56:48.393+0000] {processor.py:914} INFO - Processing file /opt/airflow/dags/spark_example.py for tasks to queue
[2025-04-19T19:56:48.396+0000] {logging_mixin.py:190} INFO - [2025-04-19T19:56:48.396+0000] {dagbag.py:588} INFO - Filling up the DagBag from /opt/airflow/dags/spark_example.py
[2025-04-19T19:56:49.173+0000] {processor.py:925} INFO - DAG(s) 'spark_example' retrieved from /opt/airflow/dags/spark_example.py
[2025-04-19T19:56:49.194+0000] {logging_mixin.py:190} INFO - [2025-04-19T19:56:49.194+0000] {dag.py:3239} INFO - Sync 1 DAGs
[2025-04-19T19:56:49.207+0000] {logging_mixin.py:190} INFO - [2025-04-19T19:56:49.207+0000] {dag.py:4180} INFO - Setting next_dagrun for spark_example to None, run_after=None
[2025-04-19T19:56:49.223+0000] {processor.py:208} INFO - Processing /opt/airflow/dags/spark_example.py took 0.840 seconds
[2025-04-19T19:57:19.786+0000] {processor.py:186} INFO - Started process (PID=743) to work on /opt/airflow/dags/spark_example.py
[2025-04-19T19:57:19.787+0000] {processor.py:914} INFO - Processing file /opt/airflow/dags/spark_example.py for tasks to queue
[2025-04-19T19:57:19.790+0000] {logging_mixin.py:190} INFO - [2025-04-19T19:57:19.790+0000] {dagbag.py:588} INFO - Filling up the DagBag from /opt/airflow/dags/spark_example.py
[2025-04-19T19:57:20.380+0000] {processor.py:925} INFO - DAG(s) 'spark_example' retrieved from /opt/airflow/dags/spark_example.py
[2025-04-19T19:57:20.407+0000] {logging_mixin.py:190} INFO - [2025-04-19T19:57:20.407+0000] {dag.py:3239} INFO - Sync 1 DAGs
[2025-04-19T19:57:20.425+0000] {logging_mixin.py:190} INFO - [2025-04-19T19:57:20.424+0000] {dag.py:4180} INFO - Setting next_dagrun for spark_example to None, run_after=None
[2025-04-19T19:57:20.651+0000] {processor.py:208} INFO - Processing /opt/airflow/dags/spark_example.py took 0.874 seconds
[2025-04-19T19:57:51.061+0000] {processor.py:186} INFO - Started process (PID=756) to work on /opt/airflow/dags/spark_example.py
[2025-04-19T19:57:51.063+0000] {processor.py:914} INFO - Processing file /opt/airflow/dags/spark_example.py for tasks to queue
[2025-04-19T19:57:51.066+0000] {logging_mixin.py:190} INFO - [2025-04-19T19:57:51.066+0000] {dagbag.py:588} INFO - Filling up the DagBag from /opt/airflow/dags/spark_example.py
[2025-04-19T19:57:51.647+0000] {processor.py:925} INFO - DAG(s) 'spark_example' retrieved from /opt/airflow/dags/spark_example.py
[2025-04-19T19:57:51.675+0000] {logging_mixin.py:190} INFO - [2025-04-19T19:57:51.674+0000] {dag.py:3239} INFO - Sync 1 DAGs
[2025-04-19T19:57:51.897+0000] {logging_mixin.py:190} INFO - [2025-04-19T19:57:51.897+0000] {dag.py:4180} INFO - Setting next_dagrun for spark_example to None, run_after=None
[2025-04-19T19:57:51.914+0000] {processor.py:208} INFO - Processing /opt/airflow/dags/spark_example.py took 0.861 seconds
[2025-04-19T19:58:22.300+0000] {processor.py:186} INFO - Started process (PID=769) to work on /opt/airflow/dags/spark_example.py
[2025-04-19T19:58:22.301+0000] {processor.py:914} INFO - Processing file /opt/airflow/dags/spark_example.py for tasks to queue
[2025-04-19T19:58:22.304+0000] {logging_mixin.py:190} INFO - [2025-04-19T19:58:22.304+0000] {dagbag.py:588} INFO - Filling up the DagBag from /opt/airflow/dags/spark_example.py
[2025-04-19T19:58:22.909+0000] {processor.py:925} INFO - DAG(s) 'spark_example' retrieved from /opt/airflow/dags/spark_example.py
[2025-04-19T19:58:23.148+0000] {logging_mixin.py:190} INFO - [2025-04-19T19:58:23.148+0000] {dag.py:3239} INFO - Sync 1 DAGs
[2025-04-19T19:58:23.162+0000] {logging_mixin.py:190} INFO - [2025-04-19T19:58:23.161+0000] {dag.py:4180} INFO - Setting next_dagrun for spark_example to None, run_after=None
[2025-04-19T19:58:23.181+0000] {processor.py:208} INFO - Processing /opt/airflow/dags/spark_example.py took 0.890 seconds
[2025-04-19T19:58:53.554+0000] {processor.py:186} INFO - Started process (PID=783) to work on /opt/airflow/dags/spark_example.py
[2025-04-19T19:58:53.555+0000] {processor.py:914} INFO - Processing file /opt/airflow/dags/spark_example.py for tasks to queue
[2025-04-19T19:58:53.558+0000] {logging_mixin.py:190} INFO - [2025-04-19T19:58:53.558+0000] {dagbag.py:588} INFO - Filling up the DagBag from /opt/airflow/dags/spark_example.py
[2025-04-19T19:58:54.367+0000] {processor.py:925} INFO - DAG(s) 'spark_example' retrieved from /opt/airflow/dags/spark_example.py
[2025-04-19T19:58:54.388+0000] {logging_mixin.py:190} INFO - [2025-04-19T19:58:54.388+0000] {dag.py:3239} INFO - Sync 1 DAGs
[2025-04-19T19:58:54.402+0000] {logging_mixin.py:190} INFO - [2025-04-19T19:58:54.401+0000] {dag.py:4180} INFO - Setting next_dagrun for spark_example to None, run_after=None
[2025-04-19T19:58:54.417+0000] {processor.py:208} INFO - Processing /opt/airflow/dags/spark_example.py took 0.871 seconds
[2025-04-19T19:59:24.503+0000] {processor.py:186} INFO - Started process (PID=796) to work on /opt/airflow/dags/spark_example.py
[2025-04-19T19:59:24.504+0000] {processor.py:914} INFO - Processing file /opt/airflow/dags/spark_example.py for tasks to queue
[2025-04-19T19:59:24.507+0000] {logging_mixin.py:190} INFO - [2025-04-19T19:59:24.506+0000] {dagbag.py:588} INFO - Filling up the DagBag from /opt/airflow/dags/spark_example.py
[2025-04-19T19:59:25.297+0000] {processor.py:925} INFO - DAG(s) 'spark_example' retrieved from /opt/airflow/dags/spark_example.py
[2025-04-19T19:59:25.318+0000] {logging_mixin.py:190} INFO - [2025-04-19T19:59:25.317+0000] {dag.py:3239} INFO - Sync 1 DAGs
[2025-04-19T19:59:25.331+0000] {logging_mixin.py:190} INFO - [2025-04-19T19:59:25.330+0000] {dag.py:4180} INFO - Setting next_dagrun for spark_example to None, run_after=None
[2025-04-19T19:59:25.347+0000] {processor.py:208} INFO - Processing /opt/airflow/dags/spark_example.py took 0.852 seconds
[2025-04-19T19:59:55.914+0000] {processor.py:186} INFO - Started process (PID=809) to work on /opt/airflow/dags/spark_example.py
[2025-04-19T19:59:55.915+0000] {processor.py:914} INFO - Processing file /opt/airflow/dags/spark_example.py for tasks to queue
[2025-04-19T19:59:55.918+0000] {logging_mixin.py:190} INFO - [2025-04-19T19:59:55.918+0000] {dagbag.py:588} INFO - Filling up the DagBag from /opt/airflow/dags/spark_example.py
[2025-04-19T19:59:56.498+0000] {processor.py:925} INFO - DAG(s) 'spark_example' retrieved from /opt/airflow/dags/spark_example.py
[2025-04-19T19:59:56.524+0000] {logging_mixin.py:190} INFO - [2025-04-19T19:59:56.524+0000] {dag.py:3239} INFO - Sync 1 DAGs
[2025-04-19T19:59:56.542+0000] {logging_mixin.py:190} INFO - [2025-04-19T19:59:56.541+0000] {dag.py:4180} INFO - Setting next_dagrun for spark_example to None, run_after=None
[2025-04-19T19:59:56.767+0000] {processor.py:208} INFO - Processing /opt/airflow/dags/spark_example.py took 0.861 seconds
[2025-04-19T20:00:27.155+0000] {processor.py:186} INFO - Started process (PID=822) to work on /opt/airflow/dags/spark_example.py
[2025-04-19T20:00:27.156+0000] {processor.py:914} INFO - Processing file /opt/airflow/dags/spark_example.py for tasks to queue
[2025-04-19T20:00:27.159+0000] {logging_mixin.py:190} INFO - [2025-04-19T20:00:27.159+0000] {dagbag.py:588} INFO - Filling up the DagBag from /opt/airflow/dags/spark_example.py
[2025-04-19T20:00:27.739+0000] {processor.py:925} INFO - DAG(s) 'spark_example' retrieved from /opt/airflow/dags/spark_example.py
[2025-04-19T20:00:27.770+0000] {logging_mixin.py:190} INFO - [2025-04-19T20:00:27.769+0000] {dag.py:3239} INFO - Sync 1 DAGs
[2025-04-19T20:00:27.994+0000] {logging_mixin.py:190} INFO - [2025-04-19T20:00:27.994+0000] {dag.py:4180} INFO - Setting next_dagrun for spark_example to None, run_after=None
[2025-04-19T20:00:28.011+0000] {processor.py:208} INFO - Processing /opt/airflow/dags/spark_example.py took 0.864 seconds
[2025-04-19T20:00:58.097+0000] {processor.py:186} INFO - Started process (PID=835) to work on /opt/airflow/dags/spark_example.py
[2025-04-19T20:00:58.099+0000] {processor.py:914} INFO - Processing file /opt/airflow/dags/spark_example.py for tasks to queue
[2025-04-19T20:00:58.102+0000] {logging_mixin.py:190} INFO - [2025-04-19T20:00:58.102+0000] {dagbag.py:588} INFO - Filling up the DagBag from /opt/airflow/dags/spark_example.py
[2025-04-19T20:00:58.698+0000] {processor.py:925} INFO - DAG(s) 'spark_example' retrieved from /opt/airflow/dags/spark_example.py
[2025-04-19T20:00:58.935+0000] {logging_mixin.py:190} INFO - [2025-04-19T20:00:58.934+0000] {dag.py:3239} INFO - Sync 1 DAGs
[2025-04-19T20:00:58.948+0000] {logging_mixin.py:190} INFO - [2025-04-19T20:00:58.948+0000] {dag.py:4180} INFO - Setting next_dagrun for spark_example to None, run_after=None
[2025-04-19T20:00:58.964+0000] {processor.py:208} INFO - Processing /opt/airflow/dags/spark_example.py took 0.875 seconds
[2025-04-19T20:01:29.556+0000] {processor.py:186} INFO - Started process (PID=848) to work on /opt/airflow/dags/spark_example.py
[2025-04-19T20:01:29.557+0000] {processor.py:914} INFO - Processing file /opt/airflow/dags/spark_example.py for tasks to queue
[2025-04-19T20:01:29.560+0000] {logging_mixin.py:190} INFO - [2025-04-19T20:01:29.560+0000] {dagbag.py:588} INFO - Filling up the DagBag from /opt/airflow/dags/spark_example.py
[2025-04-19T20:01:30.361+0000] {processor.py:925} INFO - DAG(s) 'spark_example' retrieved from /opt/airflow/dags/spark_example.py
[2025-04-19T20:01:30.383+0000] {logging_mixin.py:190} INFO - [2025-04-19T20:01:30.382+0000] {dag.py:3239} INFO - Sync 1 DAGs
[2025-04-19T20:01:30.396+0000] {logging_mixin.py:190} INFO - [2025-04-19T20:01:30.395+0000] {dag.py:4180} INFO - Setting next_dagrun for spark_example to None, run_after=None
[2025-04-19T20:01:30.411+0000] {processor.py:208} INFO - Processing /opt/airflow/dags/spark_example.py took 0.864 seconds
[2025-04-19T20:02:00.754+0000] {processor.py:186} INFO - Started process (PID=861) to work on /opt/airflow/dags/spark_example.py
[2025-04-19T20:02:00.755+0000] {processor.py:914} INFO - Processing file /opt/airflow/dags/spark_example.py for tasks to queue
[2025-04-19T20:02:00.758+0000] {logging_mixin.py:190} INFO - [2025-04-19T20:02:00.758+0000] {dagbag.py:588} INFO - Filling up the DagBag from /opt/airflow/dags/spark_example.py
[2025-04-19T20:02:01.557+0000] {processor.py:925} INFO - DAG(s) 'spark_example' retrieved from /opt/airflow/dags/spark_example.py
[2025-04-19T20:02:01.580+0000] {logging_mixin.py:190} INFO - [2025-04-19T20:02:01.579+0000] {dag.py:3239} INFO - Sync 1 DAGs
[2025-04-19T20:02:01.593+0000] {logging_mixin.py:190} INFO - [2025-04-19T20:02:01.593+0000] {dag.py:4180} INFO - Setting next_dagrun for spark_example to None, run_after=None
[2025-04-19T20:02:01.609+0000] {processor.py:208} INFO - Processing /opt/airflow/dags/spark_example.py took 0.863 seconds
[2025-04-19T20:02:31.959+0000] {processor.py:186} INFO - Started process (PID=874) to work on /opt/airflow/dags/spark_example.py
[2025-04-19T20:02:31.961+0000] {processor.py:914} INFO - Processing file /opt/airflow/dags/spark_example.py for tasks to queue
[2025-04-19T20:02:31.964+0000] {logging_mixin.py:190} INFO - [2025-04-19T20:02:31.963+0000] {dagbag.py:588} INFO - Filling up the DagBag from /opt/airflow/dags/spark_example.py
[2025-04-19T20:02:32.540+0000] {processor.py:925} INFO - DAG(s) 'spark_example' retrieved from /opt/airflow/dags/spark_example.py
[2025-04-19T20:02:32.566+0000] {logging_mixin.py:190} INFO - [2025-04-19T20:02:32.565+0000] {dag.py:3239} INFO - Sync 1 DAGs
[2025-04-19T20:02:32.792+0000] {logging_mixin.py:190} INFO - [2025-04-19T20:02:32.792+0000] {dag.py:4180} INFO - Setting next_dagrun for spark_example to None, run_after=None
[2025-04-19T20:02:32.810+0000] {processor.py:208} INFO - Processing /opt/airflow/dags/spark_example.py took 0.859 seconds
[2025-04-19T20:03:02.906+0000] {processor.py:186} INFO - Started process (PID=887) to work on /opt/airflow/dags/spark_example.py
[2025-04-19T20:03:02.907+0000] {processor.py:914} INFO - Processing file /opt/airflow/dags/spark_example.py for tasks to queue
[2025-04-19T20:03:02.910+0000] {logging_mixin.py:190} INFO - [2025-04-19T20:03:02.909+0000] {dagbag.py:588} INFO - Filling up the DagBag from /opt/airflow/dags/spark_example.py
[2025-04-19T20:03:03.499+0000] {processor.py:925} INFO - DAG(s) 'spark_example' retrieved from /opt/airflow/dags/spark_example.py
[2025-04-19T20:03:03.525+0000] {logging_mixin.py:190} INFO - [2025-04-19T20:03:03.524+0000] {dag.py:3239} INFO - Sync 1 DAGs
[2025-04-19T20:03:03.746+0000] {logging_mixin.py:190} INFO - [2025-04-19T20:03:03.745+0000] {dag.py:4180} INFO - Setting next_dagrun for spark_example to None, run_after=None
[2025-04-19T20:03:03.762+0000] {processor.py:208} INFO - Processing /opt/airflow/dags/spark_example.py took 0.864 seconds
