[2025-08-23T19:08:24.464+0000] {processor.py:186} INFO - Started process (PID=58) to work on /opt/airflow/dags/bank_transactions.py
[2025-08-23T19:08:24.465+0000] {processor.py:914} INFO - Processing file /opt/airflow/dags/bank_transactions.py for tasks to queue
[2025-08-23T19:08:24.469+0000] {logging_mixin.py:190} INFO - [2025-08-23T19:08:24.469+0000] {dagbag.py:588} INFO - Filling up the DagBag from /opt/airflow/dags/bank_transactions.py
[2025-08-23T19:08:25.918+0000] {logging_mixin.py:190} INFO - [2025-08-23T19:08:25.917+0000] {dagbag.py:387} ERROR - Failed to import: /opt/airflow/dags/bank_transactions.py
Traceback (most recent call last):
  File "/home/airflow/.local/lib/python3.12/site-packages/airflow/models/dagbag.py", line 383, in parse
    loader.exec_module(new_module)
  File "<frozen importlib._bootstrap_external>", line 995, in exec_module
  File "<frozen importlib._bootstrap>", line 488, in _call_with_frames_removed
  File "/opt/airflow/dags/bank_transactions.py", line 14, in <module>
    from lib.clickhouse_operator_extended import ClickHouseOperatorExtended
ModuleNotFoundError: No module named 'lib'
[2025-08-23T19:08:25.919+0000] {processor.py:927} WARNING - No viable dags retrieved from /opt/airflow/dags/bank_transactions.py
[2025-08-23T19:08:25.938+0000] {processor.py:208} INFO - Processing /opt/airflow/dags/bank_transactions.py took 1.483 seconds
[2025-08-23T19:08:56.694+0000] {processor.py:186} INFO - Started process (PID=71) to work on /opt/airflow/dags/bank_transactions.py
[2025-08-23T19:08:56.701+0000] {processor.py:914} INFO - Processing file /opt/airflow/dags/bank_transactions.py for tasks to queue
[2025-08-23T19:08:56.705+0000] {logging_mixin.py:190} INFO - [2025-08-23T19:08:56.704+0000] {dagbag.py:588} INFO - Filling up the DagBag from /opt/airflow/dags/bank_transactions.py
[2025-08-23T19:08:57.663+0000] {logging_mixin.py:190} INFO - [2025-08-23T19:08:57.662+0000] {dagbag.py:387} ERROR - Failed to import: /opt/airflow/dags/bank_transactions.py
Traceback (most recent call last):
  File "/home/airflow/.local/lib/python3.12/site-packages/airflow/models/dagbag.py", line 383, in parse
    loader.exec_module(new_module)
  File "<frozen importlib._bootstrap_external>", line 995, in exec_module
  File "<frozen importlib._bootstrap>", line 488, in _call_with_frames_removed
  File "/opt/airflow/dags/bank_transactions.py", line 14, in <module>
    from lib.clickhouse_operator_extended import ClickHouseOperatorExtended
ModuleNotFoundError: No module named 'lib'
[2025-08-23T19:08:57.664+0000] {processor.py:927} WARNING - No viable dags retrieved from /opt/airflow/dags/bank_transactions.py
[2025-08-23T19:08:57.684+0000] {processor.py:208} INFO - Processing /opt/airflow/dags/bank_transactions.py took 0.999 seconds
[2025-08-23T19:09:27.932+0000] {processor.py:186} INFO - Started process (PID=83) to work on /opt/airflow/dags/bank_transactions.py
[2025-08-23T19:09:27.933+0000] {processor.py:914} INFO - Processing file /opt/airflow/dags/bank_transactions.py for tasks to queue
[2025-08-23T19:09:27.935+0000] {logging_mixin.py:190} INFO - [2025-08-23T19:09:27.935+0000] {dagbag.py:588} INFO - Filling up the DagBag from /opt/airflow/dags/bank_transactions.py
[2025-08-23T19:09:28.578+0000] {logging_mixin.py:190} INFO - [2025-08-23T19:09:28.577+0000] {dagbag.py:387} ERROR - Failed to import: /opt/airflow/dags/bank_transactions.py
Traceback (most recent call last):
  File "/home/airflow/.local/lib/python3.12/site-packages/airflow/models/dagbag.py", line 383, in parse
    loader.exec_module(new_module)
  File "<frozen importlib._bootstrap_external>", line 995, in exec_module
  File "<frozen importlib._bootstrap>", line 488, in _call_with_frames_removed
  File "/opt/airflow/dags/bank_transactions.py", line 14, in <module>
    from lib.clickhouse_operator_extended import ClickHouseOperatorExtended
ModuleNotFoundError: No module named 'lib'
[2025-08-23T19:09:28.579+0000] {processor.py:927} WARNING - No viable dags retrieved from /opt/airflow/dags/bank_transactions.py
[2025-08-23T19:09:28.598+0000] {processor.py:208} INFO - Processing /opt/airflow/dags/bank_transactions.py took 0.672 seconds
[2025-08-23T19:09:58.972+0000] {processor.py:186} INFO - Started process (PID=96) to work on /opt/airflow/dags/bank_transactions.py
[2025-08-23T19:09:58.974+0000] {processor.py:914} INFO - Processing file /opt/airflow/dags/bank_transactions.py for tasks to queue
[2025-08-23T19:09:58.976+0000] {logging_mixin.py:190} INFO - [2025-08-23T19:09:58.976+0000] {dagbag.py:588} INFO - Filling up the DagBag from /opt/airflow/dags/bank_transactions.py
[2025-08-23T19:09:59.639+0000] {logging_mixin.py:190} INFO - [2025-08-23T19:09:59.638+0000] {dagbag.py:387} ERROR - Failed to import: /opt/airflow/dags/bank_transactions.py
Traceback (most recent call last):
  File "/home/airflow/.local/lib/python3.12/site-packages/airflow/models/dagbag.py", line 383, in parse
    loader.exec_module(new_module)
  File "<frozen importlib._bootstrap_external>", line 995, in exec_module
  File "<frozen importlib._bootstrap>", line 488, in _call_with_frames_removed
  File "/opt/airflow/dags/bank_transactions.py", line 14, in <module>
    from lib.clickhouse_operator_extended import ClickHouseOperatorExtended
ModuleNotFoundError: No module named 'lib'
[2025-08-23T19:09:59.640+0000] {processor.py:927} WARNING - No viable dags retrieved from /opt/airflow/dags/bank_transactions.py
[2025-08-23T19:09:59.657+0000] {processor.py:208} INFO - Processing /opt/airflow/dags/bank_transactions.py took 0.691 seconds
[2025-08-23T19:10:30.571+0000] {processor.py:186} INFO - Started process (PID=115) to work on /opt/airflow/dags/bank_transactions.py
[2025-08-23T19:10:30.572+0000] {processor.py:914} INFO - Processing file /opt/airflow/dags/bank_transactions.py for tasks to queue
[2025-08-23T19:10:30.574+0000] {logging_mixin.py:190} INFO - [2025-08-23T19:10:30.574+0000] {dagbag.py:588} INFO - Filling up the DagBag from /opt/airflow/dags/bank_transactions.py
[2025-08-23T19:10:31.221+0000] {logging_mixin.py:190} INFO - [2025-08-23T19:10:31.220+0000] {dagbag.py:387} ERROR - Failed to import: /opt/airflow/dags/bank_transactions.py
Traceback (most recent call last):
  File "/home/airflow/.local/lib/python3.12/site-packages/airflow/models/dagbag.py", line 383, in parse
    loader.exec_module(new_module)
  File "<frozen importlib._bootstrap_external>", line 995, in exec_module
  File "<frozen importlib._bootstrap>", line 488, in _call_with_frames_removed
  File "/opt/airflow/dags/bank_transactions.py", line 14, in <module>
    from lib.clickhouse_operator_extended import ClickHouseOperatorExtended
ModuleNotFoundError: No module named 'lib'
[2025-08-23T19:10:31.222+0000] {processor.py:927} WARNING - No viable dags retrieved from /opt/airflow/dags/bank_transactions.py
[2025-08-23T19:10:31.237+0000] {processor.py:208} INFO - Processing /opt/airflow/dags/bank_transactions.py took 0.673 seconds
[2025-08-23T19:11:01.489+0000] {processor.py:186} INFO - Started process (PID=128) to work on /opt/airflow/dags/bank_transactions.py
[2025-08-23T19:11:01.490+0000] {processor.py:914} INFO - Processing file /opt/airflow/dags/bank_transactions.py for tasks to queue
[2025-08-23T19:11:01.688+0000] {logging_mixin.py:190} INFO - [2025-08-23T19:11:01.493+0000] {dagbag.py:588} INFO - Filling up the DagBag from /opt/airflow/dags/bank_transactions.py
[2025-08-23T19:11:02.151+0000] {logging_mixin.py:190} INFO - [2025-08-23T19:11:02.149+0000] {dagbag.py:387} ERROR - Failed to import: /opt/airflow/dags/bank_transactions.py
Traceback (most recent call last):
  File "/home/airflow/.local/lib/python3.12/site-packages/airflow/models/dagbag.py", line 383, in parse
    loader.exec_module(new_module)
  File "<frozen importlib._bootstrap_external>", line 995, in exec_module
  File "<frozen importlib._bootstrap>", line 488, in _call_with_frames_removed
  File "/opt/airflow/dags/bank_transactions.py", line 14, in <module>
    from lib.clickhouse_operator_extended import ClickHouseOperatorExtended
ModuleNotFoundError: No module named 'lib'
[2025-08-23T19:11:02.151+0000] {processor.py:927} WARNING - No viable dags retrieved from /opt/airflow/dags/bank_transactions.py
[2025-08-23T19:11:02.169+0000] {processor.py:208} INFO - Processing /opt/airflow/dags/bank_transactions.py took 0.689 seconds
[2025-08-23T19:11:32.925+0000] {processor.py:186} INFO - Started process (PID=141) to work on /opt/airflow/dags/bank_transactions.py
[2025-08-23T19:11:32.927+0000] {processor.py:914} INFO - Processing file /opt/airflow/dags/bank_transactions.py for tasks to queue
[2025-08-23T19:11:32.929+0000] {logging_mixin.py:190} INFO - [2025-08-23T19:11:32.929+0000] {dagbag.py:588} INFO - Filling up the DagBag from /opt/airflow/dags/bank_transactions.py
[2025-08-23T19:11:33.394+0000] {logging_mixin.py:190} INFO - [2025-08-23T19:11:33.393+0000] {dagbag.py:387} ERROR - Failed to import: /opt/airflow/dags/bank_transactions.py
Traceback (most recent call last):
  File "/home/airflow/.local/lib/python3.12/site-packages/airflow/models/dagbag.py", line 383, in parse
    loader.exec_module(new_module)
  File "<frozen importlib._bootstrap_external>", line 995, in exec_module
  File "<frozen importlib._bootstrap>", line 488, in _call_with_frames_removed
  File "/opt/airflow/dags/bank_transactions.py", line 14, in <module>
    from lib.clickhouse_operator_extended import ClickHouseOperatorExtended
ModuleNotFoundError: No module named 'lib'
[2025-08-23T19:11:33.395+0000] {processor.py:927} WARNING - No viable dags retrieved from /opt/airflow/dags/bank_transactions.py
[2025-08-23T19:11:33.414+0000] {processor.py:208} INFO - Processing /opt/airflow/dags/bank_transactions.py took 0.496 seconds
[2025-08-23T19:12:03.603+0000] {processor.py:186} INFO - Started process (PID=154) to work on /opt/airflow/dags/bank_transactions.py
[2025-08-23T19:12:03.612+0000] {processor.py:914} INFO - Processing file /opt/airflow/dags/bank_transactions.py for tasks to queue
[2025-08-23T19:12:03.615+0000] {logging_mixin.py:190} INFO - [2025-08-23T19:12:03.615+0000] {dagbag.py:588} INFO - Filling up the DagBag from /opt/airflow/dags/bank_transactions.py
[2025-08-23T19:12:04.106+0000] {logging_mixin.py:190} INFO - [2025-08-23T19:12:04.104+0000] {dagbag.py:387} ERROR - Failed to import: /opt/airflow/dags/bank_transactions.py
Traceback (most recent call last):
  File "/home/airflow/.local/lib/python3.12/site-packages/airflow/models/dagbag.py", line 383, in parse
    loader.exec_module(new_module)
  File "<frozen importlib._bootstrap_external>", line 995, in exec_module
  File "<frozen importlib._bootstrap>", line 488, in _call_with_frames_removed
  File "/opt/airflow/dags/bank_transactions.py", line 14, in <module>
    from lib.clickhouse_operator_extended import ClickHouseOperatorExtended
ModuleNotFoundError: No module named 'lib'
[2025-08-23T19:12:04.106+0000] {processor.py:927} WARNING - No viable dags retrieved from /opt/airflow/dags/bank_transactions.py
[2025-08-23T19:12:04.127+0000] {processor.py:208} INFO - Processing /opt/airflow/dags/bank_transactions.py took 0.531 seconds
[2025-08-23T19:12:34.877+0000] {processor.py:186} INFO - Started process (PID=167) to work on /opt/airflow/dags/bank_transactions.py
[2025-08-23T19:12:34.879+0000] {processor.py:914} INFO - Processing file /opt/airflow/dags/bank_transactions.py for tasks to queue
[2025-08-23T19:12:34.882+0000] {logging_mixin.py:190} INFO - [2025-08-23T19:12:34.881+0000] {dagbag.py:588} INFO - Filling up the DagBag from /opt/airflow/dags/bank_transactions.py
[2025-08-23T19:12:35.356+0000] {logging_mixin.py:190} INFO - [2025-08-23T19:12:35.355+0000] {dagbag.py:387} ERROR - Failed to import: /opt/airflow/dags/bank_transactions.py
Traceback (most recent call last):
  File "/home/airflow/.local/lib/python3.12/site-packages/airflow/models/dagbag.py", line 383, in parse
    loader.exec_module(new_module)
  File "<frozen importlib._bootstrap_external>", line 995, in exec_module
  File "<frozen importlib._bootstrap>", line 488, in _call_with_frames_removed
  File "/opt/airflow/dags/bank_transactions.py", line 14, in <module>
    from lib.clickhouse_operator_extended import ClickHouseOperatorExtended
ModuleNotFoundError: No module named 'lib'
[2025-08-23T19:12:35.357+0000] {processor.py:927} WARNING - No viable dags retrieved from /opt/airflow/dags/bank_transactions.py
[2025-08-23T19:12:35.377+0000] {processor.py:208} INFO - Processing /opt/airflow/dags/bank_transactions.py took 0.507 seconds
[2025-08-23T19:13:06.133+0000] {processor.py:186} INFO - Started process (PID=180) to work on /opt/airflow/dags/bank_transactions.py
[2025-08-23T19:13:06.134+0000] {processor.py:914} INFO - Processing file /opt/airflow/dags/bank_transactions.py for tasks to queue
[2025-08-23T19:13:06.138+0000] {logging_mixin.py:190} INFO - [2025-08-23T19:13:06.137+0000] {dagbag.py:588} INFO - Filling up the DagBag from /opt/airflow/dags/bank_transactions.py
[2025-08-23T19:13:06.625+0000] {logging_mixin.py:190} INFO - [2025-08-23T19:13:06.623+0000] {dagbag.py:387} ERROR - Failed to import: /opt/airflow/dags/bank_transactions.py
Traceback (most recent call last):
  File "/home/airflow/.local/lib/python3.12/site-packages/airflow/models/dagbag.py", line 383, in parse
    loader.exec_module(new_module)
  File "<frozen importlib._bootstrap_external>", line 995, in exec_module
  File "<frozen importlib._bootstrap>", line 488, in _call_with_frames_removed
  File "/opt/airflow/dags/bank_transactions.py", line 14, in <module>
    from lib.clickhouse_operator_extended import ClickHouseOperatorExtended
ModuleNotFoundError: No module named 'lib'
[2025-08-23T19:13:06.625+0000] {processor.py:927} WARNING - No viable dags retrieved from /opt/airflow/dags/bank_transactions.py
[2025-08-23T19:13:06.645+0000] {processor.py:208} INFO - Processing /opt/airflow/dags/bank_transactions.py took 0.520 seconds
[2025-08-23T19:13:36.847+0000] {processor.py:186} INFO - Started process (PID=193) to work on /opt/airflow/dags/bank_transactions.py
[2025-08-23T19:13:36.849+0000] {processor.py:914} INFO - Processing file /opt/airflow/dags/bank_transactions.py for tasks to queue
[2025-08-23T19:13:36.852+0000] {logging_mixin.py:190} INFO - [2025-08-23T19:13:36.851+0000] {dagbag.py:588} INFO - Filling up the DagBag from /opt/airflow/dags/bank_transactions.py
[2025-08-23T19:13:37.331+0000] {logging_mixin.py:190} INFO - [2025-08-23T19:13:37.330+0000] {dagbag.py:387} ERROR - Failed to import: /opt/airflow/dags/bank_transactions.py
Traceback (most recent call last):
  File "/home/airflow/.local/lib/python3.12/site-packages/airflow/models/dagbag.py", line 383, in parse
    loader.exec_module(new_module)
  File "<frozen importlib._bootstrap_external>", line 995, in exec_module
  File "<frozen importlib._bootstrap>", line 488, in _call_with_frames_removed
  File "/opt/airflow/dags/bank_transactions.py", line 14, in <module>
    from lib.clickhouse_operator_extended import ClickHouseOperatorExtended
ModuleNotFoundError: No module named 'lib'
[2025-08-23T19:13:37.332+0000] {processor.py:927} WARNING - No viable dags retrieved from /opt/airflow/dags/bank_transactions.py
[2025-08-23T19:13:37.355+0000] {processor.py:208} INFO - Processing /opt/airflow/dags/bank_transactions.py took 0.515 seconds
[2025-08-23T19:14:07.582+0000] {processor.py:186} INFO - Started process (PID=206) to work on /opt/airflow/dags/bank_transactions.py
[2025-08-23T19:14:07.583+0000] {processor.py:914} INFO - Processing file /opt/airflow/dags/bank_transactions.py for tasks to queue
[2025-08-23T19:14:07.586+0000] {logging_mixin.py:190} INFO - [2025-08-23T19:14:07.585+0000] {dagbag.py:588} INFO - Filling up the DagBag from /opt/airflow/dags/bank_transactions.py
[2025-08-23T19:14:08.053+0000] {logging_mixin.py:190} INFO - [2025-08-23T19:14:08.052+0000] {dagbag.py:387} ERROR - Failed to import: /opt/airflow/dags/bank_transactions.py
Traceback (most recent call last):
  File "/home/airflow/.local/lib/python3.12/site-packages/airflow/models/dagbag.py", line 383, in parse
    loader.exec_module(new_module)
  File "<frozen importlib._bootstrap_external>", line 995, in exec_module
  File "<frozen importlib._bootstrap>", line 488, in _call_with_frames_removed
  File "/opt/airflow/dags/bank_transactions.py", line 14, in <module>
    from lib.clickhouse_operator_extended import ClickHouseOperatorExtended
ModuleNotFoundError: No module named 'lib'
[2025-08-23T19:14:08.054+0000] {processor.py:927} WARNING - No viable dags retrieved from /opt/airflow/dags/bank_transactions.py
[2025-08-23T19:14:08.073+0000] {processor.py:208} INFO - Processing /opt/airflow/dags/bank_transactions.py took 0.499 seconds
[2025-08-23T19:14:38.830+0000] {processor.py:186} INFO - Started process (PID=219) to work on /opt/airflow/dags/bank_transactions.py
[2025-08-23T19:14:38.875+0000] {processor.py:914} INFO - Processing file /opt/airflow/dags/bank_transactions.py for tasks to queue
[2025-08-23T19:14:38.879+0000] {logging_mixin.py:190} INFO - [2025-08-23T19:14:38.879+0000] {dagbag.py:588} INFO - Filling up the DagBag from /opt/airflow/dags/bank_transactions.py
[2025-08-23T19:14:39.350+0000] {logging_mixin.py:190} INFO - [2025-08-23T19:14:39.348+0000] {dagbag.py:387} ERROR - Failed to import: /opt/airflow/dags/bank_transactions.py
Traceback (most recent call last):
  File "/home/airflow/.local/lib/python3.12/site-packages/airflow/models/dagbag.py", line 383, in parse
    loader.exec_module(new_module)
  File "<frozen importlib._bootstrap_external>", line 995, in exec_module
  File "<frozen importlib._bootstrap>", line 488, in _call_with_frames_removed
  File "/opt/airflow/dags/bank_transactions.py", line 14, in <module>
    from lib.clickhouse_operator_extended import ClickHouseOperatorExtended
ModuleNotFoundError: No module named 'lib'
[2025-08-23T19:14:39.350+0000] {processor.py:927} WARNING - No viable dags retrieved from /opt/airflow/dags/bank_transactions.py
[2025-08-23T19:14:39.374+0000] {processor.py:208} INFO - Processing /opt/airflow/dags/bank_transactions.py took 0.551 seconds
[2025-08-23T19:15:09.572+0000] {processor.py:186} INFO - Started process (PID=232) to work on /opt/airflow/dags/bank_transactions.py
[2025-08-23T19:15:09.573+0000] {processor.py:914} INFO - Processing file /opt/airflow/dags/bank_transactions.py for tasks to queue
[2025-08-23T19:15:09.576+0000] {logging_mixin.py:190} INFO - [2025-08-23T19:15:09.575+0000] {dagbag.py:588} INFO - Filling up the DagBag from /opt/airflow/dags/bank_transactions.py
[2025-08-23T19:15:10.040+0000] {logging_mixin.py:190} INFO - [2025-08-23T19:15:10.038+0000] {dagbag.py:387} ERROR - Failed to import: /opt/airflow/dags/bank_transactions.py
Traceback (most recent call last):
  File "/home/airflow/.local/lib/python3.12/site-packages/airflow/models/dagbag.py", line 383, in parse
    loader.exec_module(new_module)
  File "<frozen importlib._bootstrap_external>", line 995, in exec_module
  File "<frozen importlib._bootstrap>", line 488, in _call_with_frames_removed
  File "/opt/airflow/dags/bank_transactions.py", line 14, in <module>
    from lib.clickhouse_operator_extended import ClickHouseOperatorExtended
ModuleNotFoundError: No module named 'lib'
[2025-08-23T19:15:10.040+0000] {processor.py:927} WARNING - No viable dags retrieved from /opt/airflow/dags/bank_transactions.py
[2025-08-23T19:15:10.059+0000] {processor.py:208} INFO - Processing /opt/airflow/dags/bank_transactions.py took 0.494 seconds
[2025-08-23T19:15:40.824+0000] {processor.py:186} INFO - Started process (PID=245) to work on /opt/airflow/dags/bank_transactions.py
[2025-08-23T19:15:40.825+0000] {processor.py:914} INFO - Processing file /opt/airflow/dags/bank_transactions.py for tasks to queue
[2025-08-23T19:15:40.828+0000] {logging_mixin.py:190} INFO - [2025-08-23T19:15:40.828+0000] {dagbag.py:588} INFO - Filling up the DagBag from /opt/airflow/dags/bank_transactions.py
[2025-08-23T19:15:41.307+0000] {logging_mixin.py:190} INFO - [2025-08-23T19:15:41.306+0000] {dagbag.py:387} ERROR - Failed to import: /opt/airflow/dags/bank_transactions.py
Traceback (most recent call last):
  File "/home/airflow/.local/lib/python3.12/site-packages/airflow/models/dagbag.py", line 383, in parse
    loader.exec_module(new_module)
  File "<frozen importlib._bootstrap_external>", line 995, in exec_module
  File "<frozen importlib._bootstrap>", line 488, in _call_with_frames_removed
  File "/opt/airflow/dags/bank_transactions.py", line 14, in <module>
    from lib.clickhouse_operator_extended import ClickHouseOperatorExtended
ModuleNotFoundError: No module named 'lib'
[2025-08-23T19:15:41.308+0000] {processor.py:927} WARNING - No viable dags retrieved from /opt/airflow/dags/bank_transactions.py
[2025-08-23T19:15:41.330+0000] {processor.py:208} INFO - Processing /opt/airflow/dags/bank_transactions.py took 0.513 seconds
[2025-08-23T19:16:11.519+0000] {processor.py:186} INFO - Started process (PID=258) to work on /opt/airflow/dags/bank_transactions.py
[2025-08-23T19:16:11.520+0000] {processor.py:914} INFO - Processing file /opt/airflow/dags/bank_transactions.py for tasks to queue
[2025-08-23T19:16:11.523+0000] {logging_mixin.py:190} INFO - [2025-08-23T19:16:11.522+0000] {dagbag.py:588} INFO - Filling up the DagBag from /opt/airflow/dags/bank_transactions.py
[2025-08-23T19:16:11.986+0000] {logging_mixin.py:190} INFO - [2025-08-23T19:16:11.985+0000] {dagbag.py:387} ERROR - Failed to import: /opt/airflow/dags/bank_transactions.py
Traceback (most recent call last):
  File "/home/airflow/.local/lib/python3.12/site-packages/airflow/models/dagbag.py", line 383, in parse
    loader.exec_module(new_module)
  File "<frozen importlib._bootstrap_external>", line 995, in exec_module
  File "<frozen importlib._bootstrap>", line 488, in _call_with_frames_removed
  File "/opt/airflow/dags/bank_transactions.py", line 14, in <module>
    from lib.clickhouse_operator_extended import ClickHouseOperatorExtended
ModuleNotFoundError: No module named 'lib'
[2025-08-23T19:16:11.987+0000] {processor.py:927} WARNING - No viable dags retrieved from /opt/airflow/dags/bank_transactions.py
[2025-08-23T19:16:12.007+0000] {processor.py:208} INFO - Processing /opt/airflow/dags/bank_transactions.py took 0.495 seconds
[2025-08-23T19:16:42.751+0000] {processor.py:186} INFO - Started process (PID=271) to work on /opt/airflow/dags/bank_transactions.py
[2025-08-23T19:16:42.755+0000] {processor.py:914} INFO - Processing file /opt/airflow/dags/bank_transactions.py for tasks to queue
[2025-08-23T19:16:42.758+0000] {logging_mixin.py:190} INFO - [2025-08-23T19:16:42.757+0000] {dagbag.py:588} INFO - Filling up the DagBag from /opt/airflow/dags/bank_transactions.py
[2025-08-23T19:16:43.229+0000] {logging_mixin.py:190} INFO - [2025-08-23T19:16:43.228+0000] {dagbag.py:387} ERROR - Failed to import: /opt/airflow/dags/bank_transactions.py
Traceback (most recent call last):
  File "/home/airflow/.local/lib/python3.12/site-packages/airflow/models/dagbag.py", line 383, in parse
    loader.exec_module(new_module)
  File "<frozen importlib._bootstrap_external>", line 995, in exec_module
  File "<frozen importlib._bootstrap>", line 488, in _call_with_frames_removed
  File "/opt/airflow/dags/bank_transactions.py", line 14, in <module>
    from lib.clickhouse_operator_extended import ClickHouseOperatorExtended
ModuleNotFoundError: No module named 'lib'
[2025-08-23T19:16:43.230+0000] {processor.py:927} WARNING - No viable dags retrieved from /opt/airflow/dags/bank_transactions.py
[2025-08-23T19:16:43.250+0000] {processor.py:208} INFO - Processing /opt/airflow/dags/bank_transactions.py took 0.506 seconds
[2025-08-23T19:17:13.436+0000] {processor.py:186} INFO - Started process (PID=284) to work on /opt/airflow/dags/bank_transactions.py
[2025-08-23T19:17:13.437+0000] {processor.py:914} INFO - Processing file /opt/airflow/dags/bank_transactions.py for tasks to queue
[2025-08-23T19:17:13.440+0000] {logging_mixin.py:190} INFO - [2025-08-23T19:17:13.440+0000] {dagbag.py:588} INFO - Filling up the DagBag from /opt/airflow/dags/bank_transactions.py
[2025-08-23T19:17:13.906+0000] {logging_mixin.py:190} INFO - [2025-08-23T19:17:13.904+0000] {dagbag.py:387} ERROR - Failed to import: /opt/airflow/dags/bank_transactions.py
Traceback (most recent call last):
  File "/home/airflow/.local/lib/python3.12/site-packages/airflow/models/dagbag.py", line 383, in parse
    loader.exec_module(new_module)
  File "<frozen importlib._bootstrap_external>", line 995, in exec_module
  File "<frozen importlib._bootstrap>", line 488, in _call_with_frames_removed
  File "/opt/airflow/dags/bank_transactions.py", line 14, in <module>
    from lib.clickhouse_operator_extended import ClickHouseOperatorExtended
ModuleNotFoundError: No module named 'lib'
[2025-08-23T19:17:13.906+0000] {processor.py:927} WARNING - No viable dags retrieved from /opt/airflow/dags/bank_transactions.py
[2025-08-23T19:17:13.926+0000] {processor.py:208} INFO - Processing /opt/airflow/dags/bank_transactions.py took 0.497 seconds
[2025-08-23T19:17:44.116+0000] {processor.py:186} INFO - Started process (PID=297) to work on /opt/airflow/dags/bank_transactions.py
[2025-08-23T19:17:44.118+0000] {processor.py:914} INFO - Processing file /opt/airflow/dags/bank_transactions.py for tasks to queue
[2025-08-23T19:17:44.121+0000] {logging_mixin.py:190} INFO - [2025-08-23T19:17:44.120+0000] {dagbag.py:588} INFO - Filling up the DagBag from /opt/airflow/dags/bank_transactions.py
[2025-08-23T19:17:44.595+0000] {logging_mixin.py:190} INFO - [2025-08-23T19:17:44.594+0000] {dagbag.py:387} ERROR - Failed to import: /opt/airflow/dags/bank_transactions.py
Traceback (most recent call last):
  File "/home/airflow/.local/lib/python3.12/site-packages/airflow/models/dagbag.py", line 383, in parse
    loader.exec_module(new_module)
  File "<frozen importlib._bootstrap_external>", line 995, in exec_module
  File "<frozen importlib._bootstrap>", line 488, in _call_with_frames_removed
  File "/opt/airflow/dags/bank_transactions.py", line 14, in <module>
    from lib.clickhouse_operator_extended import ClickHouseOperatorExtended
ModuleNotFoundError: No module named 'lib'
[2025-08-23T19:17:44.596+0000] {processor.py:927} WARNING - No viable dags retrieved from /opt/airflow/dags/bank_transactions.py
[2025-08-23T19:17:44.615+0000] {processor.py:208} INFO - Processing /opt/airflow/dags/bank_transactions.py took 0.506 seconds
