[2025-08-23T19:08:25.980+0000] {processor.py:186} INFO - Started process (PID=62) to work on /opt/airflow/dags/spark_example.py
[2025-08-23T19:08:25.981+0000] {processor.py:914} INFO - Processing file /opt/airflow/dags/spark_example.py for tasks to queue
[2025-08-23T19:08:25.984+0000] {logging_mixin.py:190} INFO - [2025-08-23T19:08:25.983+0000] {dagbag.py:588} INFO - Filling up the DagBag from /opt/airflow/dags/spark_example.py
[2025-08-23T19:08:26.775+0000] {processor.py:925} INFO - DAG(s) 'spark_example' retrieved from /opt/airflow/dags/spark_example.py
[2025-08-23T19:08:26.811+0000] {logging_mixin.py:190} INFO - [2025-08-23T19:08:26.810+0000] {dag.py:3239} INFO - Sync 1 DAGs
[2025-08-23T19:08:26.838+0000] {logging_mixin.py:190} INFO - [2025-08-23T19:08:26.837+0000] {dag.py:4180} INFO - Setting next_dagrun for spark_example to None, run_after=None
[2025-08-23T19:08:26.863+0000] {processor.py:208} INFO - Processing /opt/airflow/dags/spark_example.py took 0.891 seconds
[2025-08-23T19:08:57.725+0000] {processor.py:186} INFO - Started process (PID=75) to work on /opt/airflow/dags/spark_example.py
[2025-08-23T19:08:57.726+0000] {processor.py:914} INFO - Processing file /opt/airflow/dags/spark_example.py for tasks to queue
[2025-08-23T19:08:57.730+0000] {logging_mixin.py:190} INFO - [2025-08-23T19:08:57.729+0000] {dagbag.py:588} INFO - Filling up the DagBag from /opt/airflow/dags/spark_example.py
[2025-08-23T19:08:58.684+0000] {processor.py:925} INFO - DAG(s) 'spark_example' retrieved from /opt/airflow/dags/spark_example.py
[2025-08-23T19:08:58.722+0000] {logging_mixin.py:190} INFO - [2025-08-23T19:08:58.721+0000] {dag.py:3239} INFO - Sync 1 DAGs
[2025-08-23T19:08:58.745+0000] {logging_mixin.py:190} INFO - [2025-08-23T19:08:58.745+0000] {dag.py:4180} INFO - Setting next_dagrun for spark_example to None, run_after=None
[2025-08-23T19:08:58.771+0000] {processor.py:208} INFO - Processing /opt/airflow/dags/spark_example.py took 1.055 seconds
[2025-08-23T19:09:28.958+0000] {processor.py:186} INFO - Started process (PID=87) to work on /opt/airflow/dags/spark_example.py
[2025-08-23T19:09:28.977+0000] {processor.py:914} INFO - Processing file /opt/airflow/dags/spark_example.py for tasks to queue
[2025-08-23T19:09:28.981+0000] {logging_mixin.py:190} INFO - [2025-08-23T19:09:28.980+0000] {dagbag.py:588} INFO - Filling up the DagBag from /opt/airflow/dags/spark_example.py
[2025-08-23T19:09:29.733+0000] {processor.py:925} INFO - DAG(s) 'spark_example' retrieved from /opt/airflow/dags/spark_example.py
[2025-08-23T19:09:29.760+0000] {logging_mixin.py:190} INFO - [2025-08-23T19:09:29.759+0000] {dag.py:3239} INFO - Sync 1 DAGs
[2025-08-23T19:09:29.778+0000] {logging_mixin.py:190} INFO - [2025-08-23T19:09:29.778+0000] {dag.py:4180} INFO - Setting next_dagrun for spark_example to None, run_after=None
[2025-08-23T19:09:29.798+0000] {processor.py:208} INFO - Processing /opt/airflow/dags/spark_example.py took 0.847 seconds
[2025-08-23T19:10:00.694+0000] {processor.py:186} INFO - Started process (PID=106) to work on /opt/airflow/dags/spark_example.py
[2025-08-23T19:10:00.695+0000] {processor.py:914} INFO - Processing file /opt/airflow/dags/spark_example.py for tasks to queue
[2025-08-23T19:10:00.698+0000] {logging_mixin.py:190} INFO - [2025-08-23T19:10:00.697+0000] {dagbag.py:588} INFO - Filling up the DagBag from /opt/airflow/dags/spark_example.py
[2025-08-23T19:10:01.346+0000] {processor.py:925} INFO - DAG(s) 'spark_example' retrieved from /opt/airflow/dags/spark_example.py
[2025-08-23T19:10:01.367+0000] {logging_mixin.py:190} INFO - [2025-08-23T19:10:01.366+0000] {dag.py:3239} INFO - Sync 1 DAGs
[2025-08-23T19:10:01.380+0000] {logging_mixin.py:190} INFO - [2025-08-23T19:10:01.380+0000] {dag.py:4180} INFO - Setting next_dagrun for spark_example to None, run_after=None
[2025-08-23T19:10:01.397+0000] {processor.py:208} INFO - Processing /opt/airflow/dags/spark_example.py took 0.710 seconds
[2025-08-23T19:10:31.619+0000] {processor.py:186} INFO - Started process (PID=119) to work on /opt/airflow/dags/spark_example.py
[2025-08-23T19:10:31.621+0000] {processor.py:914} INFO - Processing file /opt/airflow/dags/spark_example.py for tasks to queue
[2025-08-23T19:10:31.624+0000] {logging_mixin.py:190} INFO - [2025-08-23T19:10:31.623+0000] {dagbag.py:588} INFO - Filling up the DagBag from /opt/airflow/dags/spark_example.py
[2025-08-23T19:10:32.276+0000] {processor.py:925} INFO - DAG(s) 'spark_example' retrieved from /opt/airflow/dags/spark_example.py
[2025-08-23T19:10:32.297+0000] {logging_mixin.py:190} INFO - [2025-08-23T19:10:32.296+0000] {dag.py:3239} INFO - Sync 1 DAGs
[2025-08-23T19:10:32.309+0000] {logging_mixin.py:190} INFO - [2025-08-23T19:10:32.309+0000] {dag.py:4180} INFO - Setting next_dagrun for spark_example to None, run_after=None
[2025-08-23T19:10:32.326+0000] {processor.py:208} INFO - Processing /opt/airflow/dags/spark_example.py took 0.714 seconds
[2025-08-23T19:11:03.208+0000] {processor.py:186} INFO - Started process (PID=132) to work on /opt/airflow/dags/spark_example.py
[2025-08-23T19:11:03.214+0000] {processor.py:914} INFO - Processing file /opt/airflow/dags/spark_example.py for tasks to queue
[2025-08-23T19:11:03.217+0000] {logging_mixin.py:190} INFO - [2025-08-23T19:11:03.217+0000] {dagbag.py:588} INFO - Filling up the DagBag from /opt/airflow/dags/spark_example.py
[2025-08-23T19:11:03.697+0000] {processor.py:925} INFO - DAG(s) 'spark_example' retrieved from /opt/airflow/dags/spark_example.py
[2025-08-23T19:11:03.721+0000] {logging_mixin.py:190} INFO - [2025-08-23T19:11:03.720+0000] {dag.py:3239} INFO - Sync 1 DAGs
[2025-08-23T19:11:03.736+0000] {logging_mixin.py:190} INFO - [2025-08-23T19:11:03.736+0000] {dag.py:4180} INFO - Setting next_dagrun for spark_example to None, run_after=None
[2025-08-23T19:11:03.754+0000] {processor.py:208} INFO - Processing /opt/airflow/dags/spark_example.py took 0.554 seconds
[2025-08-23T19:11:33.972+0000] {processor.py:186} INFO - Started process (PID=145) to work on /opt/airflow/dags/spark_example.py
[2025-08-23T19:11:33.973+0000] {processor.py:914} INFO - Processing file /opt/airflow/dags/spark_example.py for tasks to queue
[2025-08-23T19:11:33.976+0000] {logging_mixin.py:190} INFO - [2025-08-23T19:11:33.975+0000] {dagbag.py:588} INFO - Filling up the DagBag from /opt/airflow/dags/spark_example.py
[2025-08-23T19:11:34.446+0000] {processor.py:925} INFO - DAG(s) 'spark_example' retrieved from /opt/airflow/dags/spark_example.py
[2025-08-23T19:11:34.472+0000] {logging_mixin.py:190} INFO - [2025-08-23T19:11:34.471+0000] {dag.py:3239} INFO - Sync 1 DAGs
[2025-08-23T19:11:34.489+0000] {logging_mixin.py:190} INFO - [2025-08-23T19:11:34.488+0000] {dag.py:4180} INFO - Setting next_dagrun for spark_example to None, run_after=None
[2025-08-23T19:11:34.508+0000] {processor.py:208} INFO - Processing /opt/airflow/dags/spark_example.py took 0.543 seconds
