[2025-08-25T18:43:16.483+0000] {processor.py:186} INFO - Started process (PID=62) to work on /opt/airflow/dags/spark_example.py
[2025-08-25T18:43:16.484+0000] {processor.py:914} INFO - Processing file /opt/airflow/dags/spark_example.py for tasks to queue
[2025-08-25T18:43:16.486+0000] {logging_mixin.py:190} INFO - [2025-08-25T18:43:16.486+0000] {dagbag.py:588} INFO - Filling up the DagBag from /opt/airflow/dags/spark_example.py
[2025-08-25T18:43:17.274+0000] {processor.py:925} INFO - DAG(s) 'spark_example' retrieved from /opt/airflow/dags/spark_example.py
[2025-08-25T18:43:17.306+0000] {logging_mixin.py:190} INFO - [2025-08-25T18:43:17.305+0000] {dag.py:3239} INFO - Sync 1 DAGs
[2025-08-25T18:43:17.327+0000] {logging_mixin.py:190} INFO - [2025-08-25T18:43:17.327+0000] {dag.py:4180} INFO - Setting next_dagrun for spark_example to None, run_after=None
[2025-08-25T18:43:17.350+0000] {processor.py:208} INFO - Processing /opt/airflow/dags/spark_example.py took 0.874 seconds
[2025-08-25T18:43:47.873+0000] {processor.py:186} INFO - Started process (PID=75) to work on /opt/airflow/dags/spark_example.py
[2025-08-25T18:43:47.874+0000] {processor.py:914} INFO - Processing file /opt/airflow/dags/spark_example.py for tasks to queue
[2025-08-25T18:43:47.876+0000] {logging_mixin.py:190} INFO - [2025-08-25T18:43:47.876+0000] {dagbag.py:588} INFO - Filling up the DagBag from /opt/airflow/dags/spark_example.py
[2025-08-25T18:43:48.509+0000] {processor.py:925} INFO - DAG(s) 'spark_example' retrieved from /opt/airflow/dags/spark_example.py
[2025-08-25T18:43:48.531+0000] {logging_mixin.py:190} INFO - [2025-08-25T18:43:48.530+0000] {dag.py:3239} INFO - Sync 1 DAGs
[2025-08-25T18:43:48.544+0000] {logging_mixin.py:190} INFO - [2025-08-25T18:43:48.544+0000] {dag.py:4180} INFO - Setting next_dagrun for spark_example to None, run_after=None
[2025-08-25T18:43:48.560+0000] {processor.py:208} INFO - Processing /opt/airflow/dags/spark_example.py took 0.693 seconds
[2025-08-25T18:44:19.094+0000] {processor.py:186} INFO - Started process (PID=88) to work on /opt/airflow/dags/spark_example.py
[2025-08-25T18:44:19.095+0000] {processor.py:914} INFO - Processing file /opt/airflow/dags/spark_example.py for tasks to queue
[2025-08-25T18:44:19.098+0000] {logging_mixin.py:190} INFO - [2025-08-25T18:44:19.098+0000] {dagbag.py:588} INFO - Filling up the DagBag from /opt/airflow/dags/spark_example.py
[2025-08-25T18:44:19.783+0000] {processor.py:925} INFO - DAG(s) 'spark_example' retrieved from /opt/airflow/dags/spark_example.py
[2025-08-25T18:44:19.810+0000] {logging_mixin.py:190} INFO - [2025-08-25T18:44:19.809+0000] {dag.py:3239} INFO - Sync 1 DAGs
[2025-08-25T18:44:19.829+0000] {logging_mixin.py:190} INFO - [2025-08-25T18:44:19.829+0000] {dag.py:4180} INFO - Setting next_dagrun for spark_example to None, run_after=None
[2025-08-25T18:44:19.850+0000] {processor.py:208} INFO - Processing /opt/airflow/dags/spark_example.py took 0.763 seconds
[2025-08-25T18:44:50.714+0000] {processor.py:186} INFO - Started process (PID=107) to work on /opt/airflow/dags/spark_example.py
[2025-08-25T18:44:50.714+0000] {processor.py:914} INFO - Processing file /opt/airflow/dags/spark_example.py for tasks to queue
[2025-08-25T18:44:50.717+0000] {logging_mixin.py:190} INFO - [2025-08-25T18:44:50.717+0000] {dagbag.py:588} INFO - Filling up the DagBag from /opt/airflow/dags/spark_example.py
[2025-08-25T18:44:51.356+0000] {processor.py:925} INFO - DAG(s) 'spark_example' retrieved from /opt/airflow/dags/spark_example.py
[2025-08-25T18:44:51.376+0000] {logging_mixin.py:190} INFO - [2025-08-25T18:44:51.376+0000] {dag.py:3239} INFO - Sync 1 DAGs
[2025-08-25T18:44:51.389+0000] {logging_mixin.py:190} INFO - [2025-08-25T18:44:51.388+0000] {dag.py:4180} INFO - Setting next_dagrun for spark_example to None, run_after=None
[2025-08-25T18:44:51.404+0000] {processor.py:208} INFO - Processing /opt/airflow/dags/spark_example.py took 0.697 seconds
[2025-08-25T18:45:21.926+0000] {processor.py:186} INFO - Started process (PID=120) to work on /opt/airflow/dags/spark_example.py
[2025-08-25T18:45:21.927+0000] {processor.py:914} INFO - Processing file /opt/airflow/dags/spark_example.py for tasks to queue
[2025-08-25T18:45:21.930+0000] {logging_mixin.py:190} INFO - [2025-08-25T18:45:21.930+0000] {dagbag.py:588} INFO - Filling up the DagBag from /opt/airflow/dags/spark_example.py
[2025-08-25T18:45:22.583+0000] {processor.py:925} INFO - DAG(s) 'spark_example' retrieved from /opt/airflow/dags/spark_example.py
[2025-08-25T18:45:22.604+0000] {logging_mixin.py:190} INFO - [2025-08-25T18:45:22.603+0000] {dag.py:3239} INFO - Sync 1 DAGs
[2025-08-25T18:45:22.617+0000] {logging_mixin.py:190} INFO - [2025-08-25T18:45:22.617+0000] {dag.py:4180} INFO - Setting next_dagrun for spark_example to None, run_after=None
[2025-08-25T18:45:22.636+0000] {processor.py:208} INFO - Processing /opt/airflow/dags/spark_example.py took 0.716 seconds
[2025-08-25T18:45:53.136+0000] {processor.py:186} INFO - Started process (PID=133) to work on /opt/airflow/dags/spark_example.py
[2025-08-25T18:45:53.142+0000] {processor.py:914} INFO - Processing file /opt/airflow/dags/spark_example.py for tasks to queue
[2025-08-25T18:45:53.145+0000] {logging_mixin.py:190} INFO - [2025-08-25T18:45:53.145+0000] {dagbag.py:588} INFO - Filling up the DagBag from /opt/airflow/dags/spark_example.py
[2025-08-25T18:45:53.640+0000] {processor.py:925} INFO - DAG(s) 'spark_example' retrieved from /opt/airflow/dags/spark_example.py
[2025-08-25T18:45:53.666+0000] {logging_mixin.py:190} INFO - [2025-08-25T18:45:53.666+0000] {dag.py:3239} INFO - Sync 1 DAGs
[2025-08-25T18:45:53.684+0000] {logging_mixin.py:190} INFO - [2025-08-25T18:45:53.683+0000] {dag.py:4180} INFO - Setting next_dagrun for spark_example to None, run_after=None
[2025-08-25T18:45:53.702+0000] {processor.py:208} INFO - Processing /opt/airflow/dags/spark_example.py took 0.573 seconds
[2025-08-25T18:46:24.401+0000] {processor.py:186} INFO - Started process (PID=146) to work on /opt/airflow/dags/spark_example.py
[2025-08-25T18:46:24.404+0000] {processor.py:914} INFO - Processing file /opt/airflow/dags/spark_example.py for tasks to queue
[2025-08-25T18:46:24.407+0000] {logging_mixin.py:190} INFO - [2025-08-25T18:46:24.407+0000] {dagbag.py:588} INFO - Filling up the DagBag from /opt/airflow/dags/spark_example.py
[2025-08-25T18:46:24.899+0000] {processor.py:925} INFO - DAG(s) 'spark_example' retrieved from /opt/airflow/dags/spark_example.py
[2025-08-25T18:46:24.925+0000] {logging_mixin.py:190} INFO - [2025-08-25T18:46:24.925+0000] {dag.py:3239} INFO - Sync 1 DAGs
[2025-08-25T18:46:24.940+0000] {logging_mixin.py:190} INFO - [2025-08-25T18:46:24.940+0000] {dag.py:4180} INFO - Setting next_dagrun for spark_example to None, run_after=None
[2025-08-25T18:46:24.957+0000] {processor.py:208} INFO - Processing /opt/airflow/dags/spark_example.py took 0.563 seconds
