[2025-08-28T19:54:38.081+0000] {processor.py:186} INFO - Started process (PID=66) to work on /opt/airflow/dags/spark_example.py
[2025-08-28T19:54:38.082+0000] {processor.py:914} INFO - Processing file /opt/airflow/dags/spark_example.py for tasks to queue
[2025-08-28T19:54:38.086+0000] {logging_mixin.py:190} INFO - [2025-08-28T19:54:38.085+0000] {dagbag.py:588} INFO - Filling up the DagBag from /opt/airflow/dags/spark_example.py
[2025-08-28T19:54:38.900+0000] {processor.py:925} INFO - DAG(s) 'spark_example' retrieved from /opt/airflow/dags/spark_example.py
[2025-08-28T19:54:38.941+0000] {logging_mixin.py:190} INFO - [2025-08-28T19:54:38.941+0000] {dag.py:3239} INFO - Sync 1 DAGs
[2025-08-28T19:54:38.969+0000] {logging_mixin.py:190} INFO - [2025-08-28T19:54:38.969+0000] {dag.py:4180} INFO - Setting next_dagrun for spark_example to None, run_after=None
[2025-08-28T19:54:39.000+0000] {processor.py:208} INFO - Processing /opt/airflow/dags/spark_example.py took 0.926 seconds
[2025-08-28T19:55:09.150+0000] {processor.py:186} INFO - Started process (PID=79) to work on /opt/airflow/dags/spark_example.py
[2025-08-28T19:55:09.155+0000] {processor.py:914} INFO - Processing file /opt/airflow/dags/spark_example.py for tasks to queue
[2025-08-28T19:55:09.158+0000] {logging_mixin.py:190} INFO - [2025-08-28T19:55:09.158+0000] {dagbag.py:588} INFO - Filling up the DagBag from /opt/airflow/dags/spark_example.py
[2025-08-28T19:55:09.787+0000] {processor.py:925} INFO - DAG(s) 'spark_example' retrieved from /opt/airflow/dags/spark_example.py
[2025-08-28T19:55:09.808+0000] {logging_mixin.py:190} INFO - [2025-08-28T19:55:09.807+0000] {dag.py:3239} INFO - Sync 1 DAGs
[2025-08-28T19:55:09.820+0000] {logging_mixin.py:190} INFO - [2025-08-28T19:55:09.819+0000] {dag.py:4180} INFO - Setting next_dagrun for spark_example to None, run_after=None
[2025-08-28T19:55:09.843+0000] {processor.py:208} INFO - Processing /opt/airflow/dags/spark_example.py took 0.699 seconds
[2025-08-28T19:55:40.326+0000] {processor.py:186} INFO - Started process (PID=92) to work on /opt/airflow/dags/spark_example.py
[2025-08-28T19:55:40.328+0000] {processor.py:914} INFO - Processing file /opt/airflow/dags/spark_example.py for tasks to queue
[2025-08-28T19:55:40.330+0000] {logging_mixin.py:190} INFO - [2025-08-28T19:55:40.329+0000] {dagbag.py:588} INFO - Filling up the DagBag from /opt/airflow/dags/spark_example.py
[2025-08-28T19:55:40.986+0000] {processor.py:925} INFO - DAG(s) 'spark_example' retrieved from /opt/airflow/dags/spark_example.py
[2025-08-28T19:55:41.010+0000] {logging_mixin.py:190} INFO - [2025-08-28T19:55:41.009+0000] {dag.py:3239} INFO - Sync 1 DAGs
[2025-08-28T19:55:41.023+0000] {logging_mixin.py:190} INFO - [2025-08-28T19:55:41.023+0000] {dag.py:4180} INFO - Setting next_dagrun for spark_example to None, run_after=None
[2025-08-28T19:55:41.049+0000] {processor.py:208} INFO - Processing /opt/airflow/dags/spark_example.py took 0.730 seconds
[2025-08-28T19:56:12.019+0000] {processor.py:186} INFO - Started process (PID=105) to work on /opt/airflow/dags/spark_example.py
[2025-08-28T19:56:12.020+0000] {processor.py:914} INFO - Processing file /opt/airflow/dags/spark_example.py for tasks to queue
[2025-08-28T19:56:12.022+0000] {logging_mixin.py:190} INFO - [2025-08-28T19:56:12.022+0000] {dagbag.py:588} INFO - Filling up the DagBag from /opt/airflow/dags/spark_example.py
[2025-08-28T19:56:12.721+0000] {processor.py:925} INFO - DAG(s) 'spark_example' retrieved from /opt/airflow/dags/spark_example.py
[2025-08-28T19:56:12.748+0000] {logging_mixin.py:190} INFO - [2025-08-28T19:56:12.747+0000] {dag.py:3239} INFO - Sync 1 DAGs
[2025-08-28T19:56:12.763+0000] {logging_mixin.py:190} INFO - [2025-08-28T19:56:12.762+0000] {dag.py:4180} INFO - Setting next_dagrun for spark_example to None, run_after=None
[2025-08-28T19:56:12.785+0000] {processor.py:208} INFO - Processing /opt/airflow/dags/spark_example.py took 0.772 seconds
[2025-08-28T19:56:43.656+0000] {processor.py:186} INFO - Started process (PID=118) to work on /opt/airflow/dags/spark_example.py
[2025-08-28T19:56:43.658+0000] {processor.py:914} INFO - Processing file /opt/airflow/dags/spark_example.py for tasks to queue
[2025-08-28T19:56:43.661+0000] {logging_mixin.py:190} INFO - [2025-08-28T19:56:43.660+0000] {dagbag.py:588} INFO - Filling up the DagBag from /opt/airflow/dags/spark_example.py
[2025-08-28T19:56:44.291+0000] {processor.py:925} INFO - DAG(s) 'spark_example' retrieved from /opt/airflow/dags/spark_example.py
[2025-08-28T19:56:44.314+0000] {logging_mixin.py:190} INFO - [2025-08-28T19:56:44.313+0000] {dag.py:3239} INFO - Sync 1 DAGs
[2025-08-28T19:56:44.328+0000] {logging_mixin.py:190} INFO - [2025-08-28T19:56:44.327+0000] {dag.py:4180} INFO - Setting next_dagrun for spark_example to None, run_after=None
[2025-08-28T19:56:44.349+0000] {processor.py:208} INFO - Processing /opt/airflow/dags/spark_example.py took 0.700 seconds
[2025-08-28T19:57:14.425+0000] {processor.py:186} INFO - Started process (PID=131) to work on /opt/airflow/dags/spark_example.py
[2025-08-28T19:57:14.425+0000] {processor.py:914} INFO - Processing file /opt/airflow/dags/spark_example.py for tasks to queue
[2025-08-28T19:57:14.428+0000] {logging_mixin.py:190} INFO - [2025-08-28T19:57:14.427+0000] {dagbag.py:588} INFO - Filling up the DagBag from /opt/airflow/dags/spark_example.py
[2025-08-28T19:57:14.869+0000] {processor.py:925} INFO - DAG(s) 'spark_example' retrieved from /opt/airflow/dags/spark_example.py
[2025-08-28T19:57:14.890+0000] {logging_mixin.py:190} INFO - [2025-08-28T19:57:14.890+0000] {dag.py:3239} INFO - Sync 1 DAGs
[2025-08-28T19:57:14.907+0000] {logging_mixin.py:190} INFO - [2025-08-28T19:57:14.907+0000] {dag.py:4180} INFO - Setting next_dagrun for spark_example to None, run_after=None
[2025-08-28T19:57:14.925+0000] {processor.py:208} INFO - Processing /opt/airflow/dags/spark_example.py took 0.507 seconds
[2025-08-28T19:57:45.609+0000] {processor.py:186} INFO - Started process (PID=144) to work on /opt/airflow/dags/spark_example.py
[2025-08-28T19:57:45.613+0000] {processor.py:914} INFO - Processing file /opt/airflow/dags/spark_example.py for tasks to queue
[2025-08-28T19:57:45.615+0000] {logging_mixin.py:190} INFO - [2025-08-28T19:57:45.615+0000] {dagbag.py:588} INFO - Filling up the DagBag from /opt/airflow/dags/spark_example.py
[2025-08-28T19:57:46.040+0000] {processor.py:925} INFO - DAG(s) 'spark_example' retrieved from /opt/airflow/dags/spark_example.py
[2025-08-28T19:57:46.067+0000] {logging_mixin.py:190} INFO - [2025-08-28T19:57:46.067+0000] {dag.py:3239} INFO - Sync 1 DAGs
[2025-08-28T19:57:46.082+0000] {logging_mixin.py:190} INFO - [2025-08-28T19:57:46.082+0000] {dag.py:4180} INFO - Setting next_dagrun for spark_example to None, run_after=None
[2025-08-28T19:57:46.102+0000] {processor.py:208} INFO - Processing /opt/airflow/dags/spark_example.py took 0.500 seconds
[2025-08-28T19:58:16.835+0000] {processor.py:186} INFO - Started process (PID=158) to work on /opt/airflow/dags/spark_example.py
[2025-08-28T19:58:16.835+0000] {processor.py:914} INFO - Processing file /opt/airflow/dags/spark_example.py for tasks to queue
[2025-08-28T19:58:16.838+0000] {logging_mixin.py:190} INFO - [2025-08-28T19:58:16.837+0000] {dagbag.py:588} INFO - Filling up the DagBag from /opt/airflow/dags/spark_example.py
[2025-08-28T19:58:17.310+0000] {processor.py:925} INFO - DAG(s) 'spark_example' retrieved from /opt/airflow/dags/spark_example.py
[2025-08-28T19:58:17.339+0000] {logging_mixin.py:190} INFO - [2025-08-28T19:58:17.339+0000] {dag.py:3239} INFO - Sync 1 DAGs
[2025-08-28T19:58:17.355+0000] {logging_mixin.py:190} INFO - [2025-08-28T19:58:17.354+0000] {dag.py:4180} INFO - Setting next_dagrun for spark_example to None, run_after=None
[2025-08-28T19:58:17.377+0000] {processor.py:208} INFO - Processing /opt/airflow/dags/spark_example.py took 0.549 seconds
[2025-08-28T19:58:48.024+0000] {processor.py:186} INFO - Started process (PID=171) to work on /opt/airflow/dags/spark_example.py
[2025-08-28T19:58:48.026+0000] {processor.py:914} INFO - Processing file /opt/airflow/dags/spark_example.py for tasks to queue
[2025-08-28T19:58:48.028+0000] {logging_mixin.py:190} INFO - [2025-08-28T19:58:48.028+0000] {dagbag.py:588} INFO - Filling up the DagBag from /opt/airflow/dags/spark_example.py
[2025-08-28T19:58:48.565+0000] {processor.py:925} INFO - DAG(s) 'spark_example' retrieved from /opt/airflow/dags/spark_example.py
[2025-08-28T19:58:48.597+0000] {logging_mixin.py:190} INFO - [2025-08-28T19:58:48.597+0000] {dag.py:3239} INFO - Sync 1 DAGs
[2025-08-28T19:58:48.617+0000] {logging_mixin.py:190} INFO - [2025-08-28T19:58:48.617+0000] {dag.py:4180} INFO - Setting next_dagrun for spark_example to None, run_after=None
[2025-08-28T19:58:48.649+0000] {processor.py:208} INFO - Processing /opt/airflow/dags/spark_example.py took 0.632 seconds
[2025-08-28T19:59:19.283+0000] {processor.py:186} INFO - Started process (PID=184) to work on /opt/airflow/dags/spark_example.py
[2025-08-28T19:59:19.284+0000] {processor.py:914} INFO - Processing file /opt/airflow/dags/spark_example.py for tasks to queue
[2025-08-28T19:59:19.288+0000] {logging_mixin.py:190} INFO - [2025-08-28T19:59:19.287+0000] {dagbag.py:588} INFO - Filling up the DagBag from /opt/airflow/dags/spark_example.py
[2025-08-28T19:59:19.780+0000] {processor.py:925} INFO - DAG(s) 'spark_example' retrieved from /opt/airflow/dags/spark_example.py
[2025-08-28T19:59:19.805+0000] {logging_mixin.py:190} INFO - [2025-08-28T19:59:19.804+0000] {dag.py:3239} INFO - Sync 1 DAGs
[2025-08-28T19:59:19.819+0000] {logging_mixin.py:190} INFO - [2025-08-28T19:59:19.819+0000] {dag.py:4180} INFO - Setting next_dagrun for spark_example to None, run_after=None
[2025-08-28T19:59:19.840+0000] {processor.py:208} INFO - Processing /opt/airflow/dags/spark_example.py took 0.564 seconds
[2025-08-28T19:59:50.457+0000] {processor.py:186} INFO - Started process (PID=197) to work on /opt/airflow/dags/spark_example.py
[2025-08-28T19:59:50.459+0000] {processor.py:914} INFO - Processing file /opt/airflow/dags/spark_example.py for tasks to queue
[2025-08-28T19:59:50.461+0000] {logging_mixin.py:190} INFO - [2025-08-28T19:59:50.461+0000] {dagbag.py:588} INFO - Filling up the DagBag from /opt/airflow/dags/spark_example.py
[2025-08-28T19:59:50.924+0000] {processor.py:925} INFO - DAG(s) 'spark_example' retrieved from /opt/airflow/dags/spark_example.py
[2025-08-28T19:59:50.949+0000] {logging_mixin.py:190} INFO - [2025-08-28T19:59:50.948+0000] {dag.py:3239} INFO - Sync 1 DAGs
[2025-08-28T19:59:50.965+0000] {logging_mixin.py:190} INFO - [2025-08-28T19:59:50.965+0000] {dag.py:4180} INFO - Setting next_dagrun for spark_example to None, run_after=None
[2025-08-28T19:59:50.989+0000] {processor.py:208} INFO - Processing /opt/airflow/dags/spark_example.py took 0.538 seconds
[2025-08-28T20:00:21.692+0000] {processor.py:186} INFO - Started process (PID=210) to work on /opt/airflow/dags/spark_example.py
[2025-08-28T20:00:21.693+0000] {processor.py:914} INFO - Processing file /opt/airflow/dags/spark_example.py for tasks to queue
[2025-08-28T20:00:21.696+0000] {logging_mixin.py:190} INFO - [2025-08-28T20:00:21.696+0000] {dagbag.py:588} INFO - Filling up the DagBag from /opt/airflow/dags/spark_example.py
[2025-08-28T20:00:22.145+0000] {processor.py:925} INFO - DAG(s) 'spark_example' retrieved from /opt/airflow/dags/spark_example.py
[2025-08-28T20:00:22.174+0000] {logging_mixin.py:190} INFO - [2025-08-28T20:00:22.173+0000] {dag.py:3239} INFO - Sync 1 DAGs
[2025-08-28T20:00:22.188+0000] {logging_mixin.py:190} INFO - [2025-08-28T20:00:22.188+0000] {dag.py:4180} INFO - Setting next_dagrun for spark_example to None, run_after=None
[2025-08-28T20:00:22.208+0000] {processor.py:208} INFO - Processing /opt/airflow/dags/spark_example.py took 0.523 seconds
[2025-08-28T20:00:52.941+0000] {processor.py:186} INFO - Started process (PID=223) to work on /opt/airflow/dags/spark_example.py
[2025-08-28T20:00:52.943+0000] {processor.py:914} INFO - Processing file /opt/airflow/dags/spark_example.py for tasks to queue
[2025-08-28T20:00:52.945+0000] {logging_mixin.py:190} INFO - [2025-08-28T20:00:52.945+0000] {dagbag.py:588} INFO - Filling up the DagBag from /opt/airflow/dags/spark_example.py
[2025-08-28T20:00:53.406+0000] {processor.py:925} INFO - DAG(s) 'spark_example' retrieved from /opt/airflow/dags/spark_example.py
[2025-08-28T20:00:53.431+0000] {logging_mixin.py:190} INFO - [2025-08-28T20:00:53.430+0000] {dag.py:3239} INFO - Sync 1 DAGs
[2025-08-28T20:00:53.446+0000] {logging_mixin.py:190} INFO - [2025-08-28T20:00:53.446+0000] {dag.py:4180} INFO - Setting next_dagrun for spark_example to None, run_after=None
[2025-08-28T20:00:53.470+0000] {processor.py:208} INFO - Processing /opt/airflow/dags/spark_example.py took 0.536 seconds
[2025-08-28T20:01:24.107+0000] {processor.py:186} INFO - Started process (PID=236) to work on /opt/airflow/dags/spark_example.py
[2025-08-28T20:01:24.108+0000] {processor.py:914} INFO - Processing file /opt/airflow/dags/spark_example.py for tasks to queue
[2025-08-28T20:01:24.110+0000] {logging_mixin.py:190} INFO - [2025-08-28T20:01:24.110+0000] {dagbag.py:588} INFO - Filling up the DagBag from /opt/airflow/dags/spark_example.py
[2025-08-28T20:01:24.582+0000] {processor.py:925} INFO - DAG(s) 'spark_example' retrieved from /opt/airflow/dags/spark_example.py
[2025-08-28T20:01:24.609+0000] {logging_mixin.py:190} INFO - [2025-08-28T20:01:24.608+0000] {dag.py:3239} INFO - Sync 1 DAGs
[2025-08-28T20:01:24.623+0000] {logging_mixin.py:190} INFO - [2025-08-28T20:01:24.623+0000] {dag.py:4180} INFO - Setting next_dagrun for spark_example to None, run_after=None
[2025-08-28T20:01:24.642+0000] {processor.py:208} INFO - Processing /opt/airflow/dags/spark_example.py took 0.543 seconds
[2025-08-28T20:01:55.351+0000] {processor.py:186} INFO - Started process (PID=249) to work on /opt/airflow/dags/spark_example.py
[2025-08-28T20:01:55.353+0000] {processor.py:914} INFO - Processing file /opt/airflow/dags/spark_example.py for tasks to queue
[2025-08-28T20:01:55.355+0000] {logging_mixin.py:190} INFO - [2025-08-28T20:01:55.355+0000] {dagbag.py:588} INFO - Filling up the DagBag from /opt/airflow/dags/spark_example.py
[2025-08-28T20:01:55.808+0000] {processor.py:925} INFO - DAG(s) 'spark_example' retrieved from /opt/airflow/dags/spark_example.py
[2025-08-28T20:01:55.833+0000] {logging_mixin.py:190} INFO - [2025-08-28T20:01:55.833+0000] {dag.py:3239} INFO - Sync 1 DAGs
[2025-08-28T20:01:55.847+0000] {logging_mixin.py:190} INFO - [2025-08-28T20:01:55.847+0000] {dag.py:4180} INFO - Setting next_dagrun for spark_example to None, run_after=None
[2025-08-28T20:01:55.867+0000] {processor.py:208} INFO - Processing /opt/airflow/dags/spark_example.py took 0.522 seconds
[2025-08-28T20:02:26.665+0000] {processor.py:186} INFO - Started process (PID=262) to work on /opt/airflow/dags/spark_example.py
[2025-08-28T20:02:26.666+0000] {processor.py:914} INFO - Processing file /opt/airflow/dags/spark_example.py for tasks to queue
[2025-08-28T20:02:26.670+0000] {logging_mixin.py:190} INFO - [2025-08-28T20:02:26.669+0000] {dagbag.py:588} INFO - Filling up the DagBag from /opt/airflow/dags/spark_example.py
[2025-08-28T20:02:27.243+0000] {processor.py:925} INFO - DAG(s) 'spark_example' retrieved from /opt/airflow/dags/spark_example.py
[2025-08-28T20:02:27.273+0000] {logging_mixin.py:190} INFO - [2025-08-28T20:02:27.272+0000] {dag.py:3239} INFO - Sync 1 DAGs
[2025-08-28T20:02:27.288+0000] {logging_mixin.py:190} INFO - [2025-08-28T20:02:27.288+0000] {dag.py:4180} INFO - Setting next_dagrun for spark_example to None, run_after=None
[2025-08-28T20:02:27.312+0000] {processor.py:208} INFO - Processing /opt/airflow/dags/spark_example.py took 0.657 seconds
[2025-08-28T20:02:57.768+0000] {processor.py:186} INFO - Started process (PID=275) to work on /opt/airflow/dags/spark_example.py
[2025-08-28T20:02:57.770+0000] {processor.py:914} INFO - Processing file /opt/airflow/dags/spark_example.py for tasks to queue
[2025-08-28T20:02:57.772+0000] {logging_mixin.py:190} INFO - [2025-08-28T20:02:57.772+0000] {dagbag.py:588} INFO - Filling up the DagBag from /opt/airflow/dags/spark_example.py
[2025-08-28T20:02:58.206+0000] {processor.py:925} INFO - DAG(s) 'spark_example' retrieved from /opt/airflow/dags/spark_example.py
[2025-08-28T20:02:58.234+0000] {logging_mixin.py:190} INFO - [2025-08-28T20:02:58.234+0000] {dag.py:3239} INFO - Sync 1 DAGs
[2025-08-28T20:02:58.250+0000] {logging_mixin.py:190} INFO - [2025-08-28T20:02:58.249+0000] {dag.py:4180} INFO - Setting next_dagrun for spark_example to None, run_after=None
[2025-08-28T20:02:58.267+0000] {processor.py:208} INFO - Processing /opt/airflow/dags/spark_example.py took 0.506 seconds
[2025-08-28T20:03:28.949+0000] {processor.py:186} INFO - Started process (PID=288) to work on /opt/airflow/dags/spark_example.py
[2025-08-28T20:03:28.950+0000] {processor.py:914} INFO - Processing file /opt/airflow/dags/spark_example.py for tasks to queue
[2025-08-28T20:03:28.952+0000] {logging_mixin.py:190} INFO - [2025-08-28T20:03:28.952+0000] {dagbag.py:588} INFO - Filling up the DagBag from /opt/airflow/dags/spark_example.py
[2025-08-28T20:03:29.405+0000] {processor.py:925} INFO - DAG(s) 'spark_example' retrieved from /opt/airflow/dags/spark_example.py
[2025-08-28T20:03:29.427+0000] {logging_mixin.py:190} INFO - [2025-08-28T20:03:29.426+0000] {dag.py:3239} INFO - Sync 1 DAGs
[2025-08-28T20:03:29.440+0000] {logging_mixin.py:190} INFO - [2025-08-28T20:03:29.440+0000] {dag.py:4180} INFO - Setting next_dagrun for spark_example to None, run_after=None
[2025-08-28T20:03:29.460+0000] {processor.py:208} INFO - Processing /opt/airflow/dags/spark_example.py took 0.518 seconds
[2025-08-28T20:04:00.171+0000] {processor.py:186} INFO - Started process (PID=301) to work on /opt/airflow/dags/spark_example.py
[2025-08-28T20:04:00.173+0000] {processor.py:914} INFO - Processing file /opt/airflow/dags/spark_example.py for tasks to queue
[2025-08-28T20:04:00.175+0000] {logging_mixin.py:190} INFO - [2025-08-28T20:04:00.175+0000] {dagbag.py:588} INFO - Filling up the DagBag from /opt/airflow/dags/spark_example.py
[2025-08-28T20:04:00.663+0000] {processor.py:925} INFO - DAG(s) 'spark_example' retrieved from /opt/airflow/dags/spark_example.py
[2025-08-28T20:04:00.690+0000] {logging_mixin.py:190} INFO - [2025-08-28T20:04:00.689+0000] {dag.py:3239} INFO - Sync 1 DAGs
[2025-08-28T20:04:00.705+0000] {logging_mixin.py:190} INFO - [2025-08-28T20:04:00.705+0000] {dag.py:4180} INFO - Setting next_dagrun for spark_example to None, run_after=None
[2025-08-28T20:04:00.725+0000] {processor.py:208} INFO - Processing /opt/airflow/dags/spark_example.py took 0.563 seconds
[2025-08-28T20:04:31.477+0000] {processor.py:186} INFO - Started process (PID=314) to work on /opt/airflow/dags/spark_example.py
[2025-08-28T20:04:31.478+0000] {processor.py:914} INFO - Processing file /opt/airflow/dags/spark_example.py for tasks to queue
[2025-08-28T20:04:31.481+0000] {logging_mixin.py:190} INFO - [2025-08-28T20:04:31.481+0000] {dagbag.py:588} INFO - Filling up the DagBag from /opt/airflow/dags/spark_example.py
[2025-08-28T20:04:31.981+0000] {processor.py:925} INFO - DAG(s) 'spark_example' retrieved from /opt/airflow/dags/spark_example.py
[2025-08-28T20:04:32.008+0000] {logging_mixin.py:190} INFO - [2025-08-28T20:04:32.007+0000] {dag.py:3239} INFO - Sync 1 DAGs
[2025-08-28T20:04:32.024+0000] {logging_mixin.py:190} INFO - [2025-08-28T20:04:32.024+0000] {dag.py:4180} INFO - Setting next_dagrun for spark_example to None, run_after=None
[2025-08-28T20:04:32.044+0000] {processor.py:208} INFO - Processing /opt/airflow/dags/spark_example.py took 0.574 seconds
[2025-08-28T20:05:02.734+0000] {processor.py:186} INFO - Started process (PID=327) to work on /opt/airflow/dags/spark_example.py
[2025-08-28T20:05:02.736+0000] {processor.py:914} INFO - Processing file /opt/airflow/dags/spark_example.py for tasks to queue
[2025-08-28T20:05:02.739+0000] {logging_mixin.py:190} INFO - [2025-08-28T20:05:02.739+0000] {dagbag.py:588} INFO - Filling up the DagBag from /opt/airflow/dags/spark_example.py
[2025-08-28T20:05:03.266+0000] {processor.py:925} INFO - DAG(s) 'spark_example' retrieved from /opt/airflow/dags/spark_example.py
[2025-08-28T20:05:03.293+0000] {logging_mixin.py:190} INFO - [2025-08-28T20:05:03.293+0000] {dag.py:3239} INFO - Sync 1 DAGs
[2025-08-28T20:05:03.313+0000] {logging_mixin.py:190} INFO - [2025-08-28T20:05:03.313+0000] {dag.py:4180} INFO - Setting next_dagrun for spark_example to None, run_after=None
[2025-08-28T20:05:03.341+0000] {processor.py:208} INFO - Processing /opt/airflow/dags/spark_example.py took 0.616 seconds
[2025-08-28T20:05:34.128+0000] {processor.py:186} INFO - Started process (PID=340) to work on /opt/airflow/dags/spark_example.py
[2025-08-28T20:05:34.130+0000] {processor.py:914} INFO - Processing file /opt/airflow/dags/spark_example.py for tasks to queue
[2025-08-28T20:05:34.133+0000] {logging_mixin.py:190} INFO - [2025-08-28T20:05:34.132+0000] {dagbag.py:588} INFO - Filling up the DagBag from /opt/airflow/dags/spark_example.py
[2025-08-28T20:05:34.602+0000] {processor.py:925} INFO - DAG(s) 'spark_example' retrieved from /opt/airflow/dags/spark_example.py
[2025-08-28T20:05:34.630+0000] {logging_mixin.py:190} INFO - [2025-08-28T20:05:34.629+0000] {dag.py:3239} INFO - Sync 1 DAGs
[2025-08-28T20:05:34.646+0000] {logging_mixin.py:190} INFO - [2025-08-28T20:05:34.646+0000] {dag.py:4180} INFO - Setting next_dagrun for spark_example to None, run_after=None
[2025-08-28T20:05:34.670+0000] {processor.py:208} INFO - Processing /opt/airflow/dags/spark_example.py took 0.550 seconds
