[2025-04-05T19:43:02.551+0000] {processor.py:186} INFO - Started process (PID=67) to work on /opt/airflow/dags/bank_transactions.py
[2025-04-05T19:43:02.553+0000] {processor.py:914} INFO - Processing file /opt/airflow/dags/bank_transactions.py for tasks to queue
[2025-04-05T19:43:02.563+0000] {logging_mixin.py:190} INFO - [2025-04-05T19:43:02.562+0000] {dagbag.py:588} INFO - Filling up the DagBag from /opt/airflow/dags/bank_transactions.py
[2025-04-05T19:43:04.434+0000] {processor.py:925} INFO - DAG(s) 'pyspark_test_work' retrieved from /opt/airflow/dags/bank_transactions.py
[2025-04-05T19:43:04.474+0000] {logging_mixin.py:190} INFO - [2025-04-05T19:43:04.473+0000] {dag.py:3239} INFO - Sync 1 DAGs
[2025-04-05T19:43:04.495+0000] {logging_mixin.py:190} INFO - [2025-04-05T19:43:04.495+0000] {dag.py:4180} INFO - Setting next_dagrun for pyspark_test_work to None, run_after=None
[2025-04-05T19:43:04.520+0000] {processor.py:208} INFO - Processing /opt/airflow/dags/bank_transactions.py took 1.982 seconds
[2025-04-05T19:43:34.746+0000] {processor.py:186} INFO - Started process (PID=80) to work on /opt/airflow/dags/bank_transactions.py
[2025-04-05T19:43:34.747+0000] {processor.py:914} INFO - Processing file /opt/airflow/dags/bank_transactions.py for tasks to queue
[2025-04-05T19:43:34.753+0000] {logging_mixin.py:190} INFO - [2025-04-05T19:43:34.753+0000] {dagbag.py:588} INFO - Filling up the DagBag from /opt/airflow/dags/bank_transactions.py
[2025-04-05T19:43:35.763+0000] {processor.py:925} INFO - DAG(s) 'pyspark_test_work' retrieved from /opt/airflow/dags/bank_transactions.py
[2025-04-05T19:43:35.792+0000] {logging_mixin.py:190} INFO - [2025-04-05T19:43:35.791+0000] {dag.py:3239} INFO - Sync 1 DAGs
[2025-04-05T19:43:35.812+0000] {logging_mixin.py:190} INFO - [2025-04-05T19:43:35.812+0000] {dag.py:4180} INFO - Setting next_dagrun for pyspark_test_work to None, run_after=None
[2025-04-05T19:43:35.831+0000] {processor.py:208} INFO - Processing /opt/airflow/dags/bank_transactions.py took 1.091 seconds
[2025-04-05T19:44:06.476+0000] {processor.py:186} INFO - Started process (PID=93) to work on /opt/airflow/dags/bank_transactions.py
[2025-04-05T19:44:06.478+0000] {processor.py:914} INFO - Processing file /opt/airflow/dags/bank_transactions.py for tasks to queue
[2025-04-05T19:44:06.480+0000] {logging_mixin.py:190} INFO - [2025-04-05T19:44:06.480+0000] {dagbag.py:588} INFO - Filling up the DagBag from /opt/airflow/dags/bank_transactions.py
[2025-04-05T19:44:07.398+0000] {processor.py:925} INFO - DAG(s) 'pyspark_test_work' retrieved from /opt/airflow/dags/bank_transactions.py
[2025-04-05T19:44:07.420+0000] {logging_mixin.py:190} INFO - [2025-04-05T19:44:07.419+0000] {dag.py:3239} INFO - Sync 1 DAGs
[2025-04-05T19:44:07.435+0000] {logging_mixin.py:190} INFO - [2025-04-05T19:44:07.435+0000] {dag.py:4180} INFO - Setting next_dagrun for pyspark_test_work to None, run_after=None
[2025-04-05T19:44:07.452+0000] {processor.py:208} INFO - Processing /opt/airflow/dags/bank_transactions.py took 0.982 seconds
[2025-04-05T19:44:37.805+0000] {processor.py:186} INFO - Started process (PID=106) to work on /opt/airflow/dags/bank_transactions.py
[2025-04-05T19:44:37.807+0000] {processor.py:914} INFO - Processing file /opt/airflow/dags/bank_transactions.py for tasks to queue
[2025-04-05T19:44:37.810+0000] {logging_mixin.py:190} INFO - [2025-04-05T19:44:37.810+0000] {dagbag.py:588} INFO - Filling up the DagBag from /opt/airflow/dags/bank_transactions.py
[2025-04-05T19:44:39.038+0000] {processor.py:925} INFO - DAG(s) 'pyspark_test_work' retrieved from /opt/airflow/dags/bank_transactions.py
[2025-04-05T19:44:39.064+0000] {logging_mixin.py:190} INFO - [2025-04-05T19:44:39.063+0000] {dag.py:3239} INFO - Sync 1 DAGs
[2025-04-05T19:44:39.077+0000] {logging_mixin.py:190} INFO - [2025-04-05T19:44:39.077+0000] {dag.py:4180} INFO - Setting next_dagrun for pyspark_test_work to None, run_after=None
[2025-04-05T19:44:39.094+0000] {processor.py:208} INFO - Processing /opt/airflow/dags/bank_transactions.py took 1.298 seconds
[2025-04-05T19:45:09.441+0000] {processor.py:186} INFO - Started process (PID=119) to work on /opt/airflow/dags/bank_transactions.py
[2025-04-05T19:45:09.443+0000] {processor.py:914} INFO - Processing file /opt/airflow/dags/bank_transactions.py for tasks to queue
[2025-04-05T19:45:09.446+0000] {logging_mixin.py:190} INFO - [2025-04-05T19:45:09.445+0000] {dagbag.py:588} INFO - Filling up the DagBag from /opt/airflow/dags/bank_transactions.py
[2025-04-05T19:45:10.647+0000] {processor.py:925} INFO - DAG(s) 'pyspark_test_work' retrieved from /opt/airflow/dags/bank_transactions.py
[2025-04-05T19:45:10.677+0000] {logging_mixin.py:190} INFO - [2025-04-05T19:45:10.676+0000] {dag.py:3239} INFO - Sync 1 DAGs
[2025-04-05T19:45:10.697+0000] {logging_mixin.py:190} INFO - [2025-04-05T19:45:10.697+0000] {dag.py:4180} INFO - Setting next_dagrun for pyspark_test_work to None, run_after=None
[2025-04-05T19:45:10.719+0000] {processor.py:208} INFO - Processing /opt/airflow/dags/bank_transactions.py took 1.286 seconds
[2025-04-05T19:45:41.104+0000] {processor.py:186} INFO - Started process (PID=132) to work on /opt/airflow/dags/bank_transactions.py
[2025-04-05T19:45:41.105+0000] {processor.py:914} INFO - Processing file /opt/airflow/dags/bank_transactions.py for tasks to queue
[2025-04-05T19:45:41.108+0000] {logging_mixin.py:190} INFO - [2025-04-05T19:45:41.107+0000] {dagbag.py:588} INFO - Filling up the DagBag from /opt/airflow/dags/bank_transactions.py
[2025-04-05T19:45:42.032+0000] {processor.py:925} INFO - DAG(s) 'pyspark_test_work' retrieved from /opt/airflow/dags/bank_transactions.py
[2025-04-05T19:45:42.053+0000] {logging_mixin.py:190} INFO - [2025-04-05T19:45:42.053+0000] {dag.py:3239} INFO - Sync 1 DAGs
[2025-04-05T19:45:42.067+0000] {logging_mixin.py:190} INFO - [2025-04-05T19:45:42.066+0000] {dag.py:4180} INFO - Setting next_dagrun for pyspark_test_work to None, run_after=None
[2025-04-05T19:45:42.084+0000] {processor.py:208} INFO - Processing /opt/airflow/dags/bank_transactions.py took 0.987 seconds
[2025-04-05T19:46:12.409+0000] {processor.py:186} INFO - Started process (PID=145) to work on /opt/airflow/dags/bank_transactions.py
[2025-04-05T19:46:12.411+0000] {processor.py:914} INFO - Processing file /opt/airflow/dags/bank_transactions.py for tasks to queue
[2025-04-05T19:46:12.602+0000] {logging_mixin.py:190} INFO - [2025-04-05T19:46:12.413+0000] {dagbag.py:588} INFO - Filling up the DagBag from /opt/airflow/dags/bank_transactions.py
[2025-04-05T19:46:13.752+0000] {processor.py:925} INFO - DAG(s) 'pyspark_test_work' retrieved from /opt/airflow/dags/bank_transactions.py
[2025-04-05T19:46:13.784+0000] {logging_mixin.py:190} INFO - [2025-04-05T19:46:13.783+0000] {dag.py:3239} INFO - Sync 1 DAGs
[2025-04-05T19:46:13.991+0000] {logging_mixin.py:190} INFO - [2025-04-05T19:46:13.991+0000] {dag.py:4180} INFO - Setting next_dagrun for pyspark_test_work to None, run_after=None
[2025-04-05T19:46:14.011+0000] {processor.py:208} INFO - Processing /opt/airflow/dags/bank_transactions.py took 1.608 seconds
[2025-04-05T19:46:44.789+0000] {processor.py:186} INFO - Started process (PID=158) to work on /opt/airflow/dags/bank_transactions.py
[2025-04-05T19:46:44.790+0000] {processor.py:914} INFO - Processing file /opt/airflow/dags/bank_transactions.py for tasks to queue
[2025-04-05T19:46:44.794+0000] {logging_mixin.py:190} INFO - [2025-04-05T19:46:44.793+0000] {dagbag.py:588} INFO - Filling up the DagBag from /opt/airflow/dags/bank_transactions.py
[2025-04-05T19:46:46.066+0000] {processor.py:925} INFO - DAG(s) 'pyspark_test_work' retrieved from /opt/airflow/dags/bank_transactions.py
[2025-04-05T19:46:46.438+0000] {logging_mixin.py:190} INFO - [2025-04-05T19:46:46.437+0000] {dag.py:3239} INFO - Sync 1 DAGs
[2025-04-05T19:46:46.459+0000] {logging_mixin.py:190} INFO - [2025-04-05T19:46:46.459+0000] {dag.py:4180} INFO - Setting next_dagrun for pyspark_test_work to None, run_after=None
[2025-04-05T19:46:46.503+0000] {processor.py:208} INFO - Processing /opt/airflow/dags/bank_transactions.py took 1.728 seconds
[2025-04-05T19:47:17.250+0000] {processor.py:186} INFO - Started process (PID=171) to work on /opt/airflow/dags/bank_transactions.py
[2025-04-05T19:47:17.255+0000] {processor.py:914} INFO - Processing file /opt/airflow/dags/bank_transactions.py for tasks to queue
[2025-04-05T19:47:17.259+0000] {logging_mixin.py:190} INFO - [2025-04-05T19:47:17.258+0000] {dagbag.py:588} INFO - Filling up the DagBag from /opt/airflow/dags/bank_transactions.py
[2025-04-05T19:47:18.463+0000] {processor.py:925} INFO - DAG(s) 'pyspark_test_work' retrieved from /opt/airflow/dags/bank_transactions.py
[2025-04-05T19:47:18.711+0000] {logging_mixin.py:190} INFO - [2025-04-05T19:47:18.710+0000] {dag.py:3239} INFO - Sync 1 DAGs
[2025-04-05T19:47:18.730+0000] {logging_mixin.py:190} INFO - [2025-04-05T19:47:18.729+0000] {dag.py:4180} INFO - Setting next_dagrun for pyspark_test_work to None, run_after=None
[2025-04-05T19:47:18.750+0000] {processor.py:208} INFO - Processing /opt/airflow/dags/bank_transactions.py took 1.511 seconds
[2025-04-05T19:47:48.820+0000] {processor.py:186} INFO - Started process (PID=184) to work on /opt/airflow/dags/bank_transactions.py
[2025-04-05T19:47:48.821+0000] {processor.py:914} INFO - Processing file /opt/airflow/dags/bank_transactions.py for tasks to queue
[2025-04-05T19:47:48.824+0000] {logging_mixin.py:190} INFO - [2025-04-05T19:47:48.823+0000] {dagbag.py:588} INFO - Filling up the DagBag from /opt/airflow/dags/bank_transactions.py
[2025-04-05T19:47:49.782+0000] {processor.py:925} INFO - DAG(s) 'pyspark_test_work' retrieved from /opt/airflow/dags/bank_transactions.py
[2025-04-05T19:47:49.805+0000] {logging_mixin.py:190} INFO - [2025-04-05T19:47:49.805+0000] {dag.py:3239} INFO - Sync 1 DAGs
[2025-04-05T19:47:49.823+0000] {logging_mixin.py:190} INFO - [2025-04-05T19:47:49.823+0000] {dag.py:4180} INFO - Setting next_dagrun for pyspark_test_work to None, run_after=None
[2025-04-05T19:47:49.840+0000] {processor.py:208} INFO - Processing /opt/airflow/dags/bank_transactions.py took 1.028 seconds
[2025-04-05T19:48:19.920+0000] {processor.py:186} INFO - Started process (PID=196) to work on /opt/airflow/dags/bank_transactions.py
[2025-04-05T19:48:19.964+0000] {processor.py:914} INFO - Processing file /opt/airflow/dags/bank_transactions.py for tasks to queue
[2025-04-05T19:48:19.968+0000] {logging_mixin.py:190} INFO - [2025-04-05T19:48:19.968+0000] {dagbag.py:588} INFO - Filling up the DagBag from /opt/airflow/dags/bank_transactions.py
[2025-04-05T19:48:20.737+0000] {processor.py:925} INFO - DAG(s) 'pyspark_test_work' retrieved from /opt/airflow/dags/bank_transactions.py
[2025-04-05T19:48:20.769+0000] {logging_mixin.py:190} INFO - [2025-04-05T19:48:20.768+0000] {dag.py:3239} INFO - Sync 1 DAGs
[2025-04-05T19:48:20.788+0000] {logging_mixin.py:190} INFO - [2025-04-05T19:48:20.788+0000] {dag.py:4180} INFO - Setting next_dagrun for pyspark_test_work to None, run_after=None
[2025-04-05T19:48:21.010+0000] {processor.py:208} INFO - Processing /opt/airflow/dags/bank_transactions.py took 1.097 seconds
[2025-04-05T19:48:51.512+0000] {processor.py:186} INFO - Started process (PID=210) to work on /opt/airflow/dags/bank_transactions.py
[2025-04-05T19:48:51.513+0000] {processor.py:914} INFO - Processing file /opt/airflow/dags/bank_transactions.py for tasks to queue
[2025-04-05T19:48:51.516+0000] {logging_mixin.py:190} INFO - [2025-04-05T19:48:51.516+0000] {dagbag.py:588} INFO - Filling up the DagBag from /opt/airflow/dags/bank_transactions.py
[2025-04-05T19:48:52.270+0000] {processor.py:925} INFO - DAG(s) 'pyspark_test_work' retrieved from /opt/airflow/dags/bank_transactions.py
[2025-04-05T19:48:52.298+0000] {logging_mixin.py:190} INFO - [2025-04-05T19:48:52.297+0000] {dag.py:3239} INFO - Sync 1 DAGs
[2025-04-05T19:48:52.513+0000] {logging_mixin.py:190} INFO - [2025-04-05T19:48:52.513+0000] {dag.py:4180} INFO - Setting next_dagrun for pyspark_test_work to None, run_after=None
[2025-04-05T19:48:52.532+0000] {processor.py:208} INFO - Processing /opt/airflow/dags/bank_transactions.py took 1.029 seconds
[2025-04-05T19:49:22.682+0000] {processor.py:186} INFO - Started process (PID=223) to work on /opt/airflow/dags/bank_transactions.py
[2025-04-05T19:49:22.712+0000] {processor.py:914} INFO - Processing file /opt/airflow/dags/bank_transactions.py for tasks to queue
[2025-04-05T19:49:22.715+0000] {logging_mixin.py:190} INFO - [2025-04-05T19:49:22.715+0000] {dagbag.py:588} INFO - Filling up the DagBag from /opt/airflow/dags/bank_transactions.py
[2025-04-05T19:49:23.530+0000] {processor.py:925} INFO - DAG(s) 'pyspark_test_work' retrieved from /opt/airflow/dags/bank_transactions.py
[2025-04-05T19:49:23.806+0000] {logging_mixin.py:190} INFO - [2025-04-05T19:49:23.805+0000] {dag.py:3239} INFO - Sync 1 DAGs
[2025-04-05T19:49:23.820+0000] {logging_mixin.py:190} INFO - [2025-04-05T19:49:23.820+0000] {dag.py:4180} INFO - Setting next_dagrun for pyspark_test_work to None, run_after=None
[2025-04-05T19:49:23.838+0000] {processor.py:208} INFO - Processing /opt/airflow/dags/bank_transactions.py took 1.163 seconds
[2025-04-05T19:49:54.036+0000] {processor.py:186} INFO - Started process (PID=236) to work on /opt/airflow/dags/bank_transactions.py
[2025-04-05T19:49:54.037+0000] {processor.py:914} INFO - Processing file /opt/airflow/dags/bank_transactions.py for tasks to queue
[2025-04-05T19:49:54.040+0000] {logging_mixin.py:190} INFO - [2025-04-05T19:49:54.039+0000] {dagbag.py:588} INFO - Filling up the DagBag from /opt/airflow/dags/bank_transactions.py
[2025-04-05T19:49:54.834+0000] {processor.py:925} INFO - DAG(s) 'pyspark_test_work' retrieved from /opt/airflow/dags/bank_transactions.py
[2025-04-05T19:49:55.066+0000] {logging_mixin.py:190} INFO - [2025-04-05T19:49:55.065+0000] {dag.py:3239} INFO - Sync 1 DAGs
[2025-04-05T19:49:55.086+0000] {logging_mixin.py:190} INFO - [2025-04-05T19:49:55.085+0000] {dag.py:4180} INFO - Setting next_dagrun for pyspark_test_work to None, run_after=None
[2025-04-05T19:49:55.104+0000] {processor.py:208} INFO - Processing /opt/airflow/dags/bank_transactions.py took 1.077 seconds
[2025-04-05T19:50:25.302+0000] {processor.py:186} INFO - Started process (PID=249) to work on /opt/airflow/dags/bank_transactions.py
[2025-04-05T19:50:25.303+0000] {processor.py:914} INFO - Processing file /opt/airflow/dags/bank_transactions.py for tasks to queue
[2025-04-05T19:50:25.305+0000] {logging_mixin.py:190} INFO - [2025-04-05T19:50:25.305+0000] {dagbag.py:588} INFO - Filling up the DagBag from /opt/airflow/dags/bank_transactions.py
[2025-04-05T19:50:26.268+0000] {processor.py:925} INFO - DAG(s) 'pyspark_test_work' retrieved from /opt/airflow/dags/bank_transactions.py
[2025-04-05T19:50:26.294+0000] {logging_mixin.py:190} INFO - [2025-04-05T19:50:26.293+0000] {dag.py:3239} INFO - Sync 1 DAGs
[2025-04-05T19:50:26.314+0000] {logging_mixin.py:190} INFO - [2025-04-05T19:50:26.313+0000] {dag.py:4180} INFO - Setting next_dagrun for pyspark_test_work to None, run_after=None
[2025-04-05T19:50:26.334+0000] {processor.py:208} INFO - Processing /opt/airflow/dags/bank_transactions.py took 1.040 seconds
[2025-04-05T19:50:56.526+0000] {processor.py:186} INFO - Started process (PID=262) to work on /opt/airflow/dags/bank_transactions.py
[2025-04-05T19:50:56.527+0000] {processor.py:914} INFO - Processing file /opt/airflow/dags/bank_transactions.py for tasks to queue
[2025-04-05T19:50:56.530+0000] {logging_mixin.py:190} INFO - [2025-04-05T19:50:56.529+0000] {dagbag.py:588} INFO - Filling up the DagBag from /opt/airflow/dags/bank_transactions.py
[2025-04-05T19:50:57.301+0000] {processor.py:925} INFO - DAG(s) 'pyspark_test_work' retrieved from /opt/airflow/dags/bank_transactions.py
[2025-04-05T19:50:57.331+0000] {logging_mixin.py:190} INFO - [2025-04-05T19:50:57.330+0000] {dag.py:3239} INFO - Sync 1 DAGs
[2025-04-05T19:50:57.355+0000] {logging_mixin.py:190} INFO - [2025-04-05T19:50:57.355+0000] {dag.py:4180} INFO - Setting next_dagrun for pyspark_test_work to None, run_after=None
[2025-04-05T19:50:57.578+0000] {processor.py:208} INFO - Processing /opt/airflow/dags/bank_transactions.py took 1.060 seconds
[2025-04-05T19:51:27.692+0000] {processor.py:186} INFO - Started process (PID=275) to work on /opt/airflow/dags/bank_transactions.py
[2025-04-05T19:51:27.693+0000] {processor.py:914} INFO - Processing file /opt/airflow/dags/bank_transactions.py for tasks to queue
[2025-04-05T19:51:27.696+0000] {logging_mixin.py:190} INFO - [2025-04-05T19:51:27.695+0000] {dagbag.py:588} INFO - Filling up the DagBag from /opt/airflow/dags/bank_transactions.py
[2025-04-05T19:51:28.453+0000] {processor.py:925} INFO - DAG(s) 'pyspark_test_work' retrieved from /opt/airflow/dags/bank_transactions.py
[2025-04-05T19:51:28.486+0000] {logging_mixin.py:190} INFO - [2025-04-05T19:51:28.485+0000] {dag.py:3239} INFO - Sync 1 DAGs
[2025-04-05T19:51:28.716+0000] {logging_mixin.py:190} INFO - [2025-04-05T19:51:28.715+0000] {dag.py:4180} INFO - Setting next_dagrun for pyspark_test_work to None, run_after=None
[2025-04-05T19:51:28.735+0000] {processor.py:208} INFO - Processing /opt/airflow/dags/bank_transactions.py took 1.050 seconds
[2025-04-05T19:51:58.905+0000] {processor.py:186} INFO - Started process (PID=288) to work on /opt/airflow/dags/bank_transactions.py
[2025-04-05T19:51:58.907+0000] {processor.py:914} INFO - Processing file /opt/airflow/dags/bank_transactions.py for tasks to queue
[2025-04-05T19:51:58.910+0000] {logging_mixin.py:190} INFO - [2025-04-05T19:51:58.909+0000] {dagbag.py:588} INFO - Filling up the DagBag from /opt/airflow/dags/bank_transactions.py
[2025-04-05T19:51:59.666+0000] {processor.py:925} INFO - DAG(s) 'pyspark_test_work' retrieved from /opt/airflow/dags/bank_transactions.py
[2025-04-05T19:51:59.938+0000] {logging_mixin.py:190} INFO - [2025-04-05T19:51:59.937+0000] {dag.py:3239} INFO - Sync 1 DAGs
[2025-04-05T19:51:59.952+0000] {logging_mixin.py:190} INFO - [2025-04-05T19:51:59.952+0000] {dag.py:4180} INFO - Setting next_dagrun for pyspark_test_work to None, run_after=None
[2025-04-05T19:51:59.971+0000] {processor.py:208} INFO - Processing /opt/airflow/dags/bank_transactions.py took 1.075 seconds
[2025-04-05T19:52:30.174+0000] {processor.py:186} INFO - Started process (PID=301) to work on /opt/airflow/dags/bank_transactions.py
[2025-04-05T19:52:30.176+0000] {processor.py:914} INFO - Processing file /opt/airflow/dags/bank_transactions.py for tasks to queue
[2025-04-05T19:52:30.180+0000] {logging_mixin.py:190} INFO - [2025-04-05T19:52:30.179+0000] {dagbag.py:588} INFO - Filling up the DagBag from /opt/airflow/dags/bank_transactions.py
[2025-04-05T19:52:31.413+0000] {processor.py:925} INFO - DAG(s) 'pyspark_test_work' retrieved from /opt/airflow/dags/bank_transactions.py
[2025-04-05T19:52:31.753+0000] {logging_mixin.py:190} INFO - [2025-04-05T19:52:31.752+0000] {dag.py:3239} INFO - Sync 1 DAGs
[2025-04-05T19:52:31.769+0000] {logging_mixin.py:190} INFO - [2025-04-05T19:52:31.769+0000] {dag.py:4180} INFO - Setting next_dagrun for pyspark_test_work to None, run_after=None
[2025-04-05T19:52:31.796+0000] {processor.py:208} INFO - Processing /opt/airflow/dags/bank_transactions.py took 1.631 seconds
[2025-04-05T19:53:01.872+0000] {processor.py:186} INFO - Started process (PID=320) to work on /opt/airflow/dags/bank_transactions.py
[2025-04-05T19:53:01.874+0000] {processor.py:914} INFO - Processing file /opt/airflow/dags/bank_transactions.py for tasks to queue
[2025-04-05T19:53:01.877+0000] {logging_mixin.py:190} INFO - [2025-04-05T19:53:01.876+0000] {dagbag.py:588} INFO - Filling up the DagBag from /opt/airflow/dags/bank_transactions.py
[2025-04-05T19:53:02.868+0000] {processor.py:925} INFO - DAG(s) 'pyspark_test_work' retrieved from /opt/airflow/dags/bank_transactions.py
[2025-04-05T19:53:02.894+0000] {logging_mixin.py:190} INFO - [2025-04-05T19:53:02.894+0000] {dag.py:3239} INFO - Sync 1 DAGs
[2025-04-05T19:53:02.907+0000] {logging_mixin.py:190} INFO - [2025-04-05T19:53:02.907+0000] {dag.py:4180} INFO - Setting next_dagrun for pyspark_test_work to None, run_after=None
[2025-04-05T19:53:02.925+0000] {processor.py:208} INFO - Processing /opt/airflow/dags/bank_transactions.py took 1.062 seconds
[2025-04-05T19:53:33.103+0000] {processor.py:186} INFO - Started process (PID=333) to work on /opt/airflow/dags/bank_transactions.py
[2025-04-05T19:53:33.104+0000] {processor.py:914} INFO - Processing file /opt/airflow/dags/bank_transactions.py for tasks to queue
[2025-04-05T19:53:33.108+0000] {logging_mixin.py:190} INFO - [2025-04-05T19:53:33.107+0000] {dagbag.py:588} INFO - Filling up the DagBag from /opt/airflow/dags/bank_transactions.py
[2025-04-05T19:53:34.402+0000] {processor.py:925} INFO - DAG(s) 'pyspark_test_work' retrieved from /opt/airflow/dags/bank_transactions.py
[2025-04-05T19:53:34.437+0000] {logging_mixin.py:190} INFO - [2025-04-05T19:53:34.436+0000] {dag.py:3239} INFO - Sync 1 DAGs
[2025-04-05T19:53:34.713+0000] {logging_mixin.py:190} INFO - [2025-04-05T19:53:34.712+0000] {dag.py:4180} INFO - Setting next_dagrun for pyspark_test_work to None, run_after=None
[2025-04-05T19:53:34.738+0000] {processor.py:208} INFO - Processing /opt/airflow/dags/bank_transactions.py took 1.646 seconds
[2025-04-05T19:54:04.836+0000] {processor.py:186} INFO - Started process (PID=346) to work on /opt/airflow/dags/bank_transactions.py
[2025-04-05T19:54:04.839+0000] {processor.py:914} INFO - Processing file /opt/airflow/dags/bank_transactions.py for tasks to queue
[2025-04-05T19:54:04.842+0000] {logging_mixin.py:190} INFO - [2025-04-05T19:54:04.842+0000] {dagbag.py:588} INFO - Filling up the DagBag from /opt/airflow/dags/bank_transactions.py
[2025-04-05T19:54:05.615+0000] {processor.py:925} INFO - DAG(s) 'pyspark_test_work' retrieved from /opt/airflow/dags/bank_transactions.py
[2025-04-05T19:54:05.642+0000] {logging_mixin.py:190} INFO - [2025-04-05T19:54:05.641+0000] {dag.py:3239} INFO - Sync 1 DAGs
[2025-04-05T19:54:05.854+0000] {logging_mixin.py:190} INFO - [2025-04-05T19:54:05.854+0000] {dag.py:4180} INFO - Setting next_dagrun for pyspark_test_work to None, run_after=None
[2025-04-05T19:54:05.871+0000] {processor.py:208} INFO - Processing /opt/airflow/dags/bank_transactions.py took 1.043 seconds
[2025-04-05T19:54:36.215+0000] {processor.py:186} INFO - Started process (PID=359) to work on /opt/airflow/dags/bank_transactions.py
[2025-04-05T19:54:36.216+0000] {processor.py:914} INFO - Processing file /opt/airflow/dags/bank_transactions.py for tasks to queue
[2025-04-05T19:54:36.220+0000] {logging_mixin.py:190} INFO - [2025-04-05T19:54:36.219+0000] {dagbag.py:588} INFO - Filling up the DagBag from /opt/airflow/dags/bank_transactions.py
[2025-04-05T19:54:36.963+0000] {processor.py:925} INFO - DAG(s) 'pyspark_test_work' retrieved from /opt/airflow/dags/bank_transactions.py
[2025-04-05T19:54:37.183+0000] {logging_mixin.py:190} INFO - [2025-04-05T19:54:37.182+0000] {dag.py:3239} INFO - Sync 1 DAGs
[2025-04-05T19:54:37.196+0000] {logging_mixin.py:190} INFO - [2025-04-05T19:54:37.196+0000] {dag.py:4180} INFO - Setting next_dagrun for pyspark_test_work to None, run_after=None
[2025-04-05T19:54:37.214+0000] {processor.py:208} INFO - Processing /opt/airflow/dags/bank_transactions.py took 1.007 seconds
[2025-04-05T19:55:07.594+0000] {processor.py:186} INFO - Started process (PID=372) to work on /opt/airflow/dags/bank_transactions.py
[2025-04-05T19:55:07.596+0000] {processor.py:914} INFO - Processing file /opt/airflow/dags/bank_transactions.py for tasks to queue
[2025-04-05T19:55:07.599+0000] {logging_mixin.py:190} INFO - [2025-04-05T19:55:07.598+0000] {dagbag.py:588} INFO - Filling up the DagBag from /opt/airflow/dags/bank_transactions.py
[2025-04-05T19:55:08.401+0000] {processor.py:925} INFO - DAG(s) 'pyspark_test_work' retrieved from /opt/airflow/dags/bank_transactions.py
[2025-04-05T19:55:08.654+0000] {logging_mixin.py:190} INFO - [2025-04-05T19:55:08.653+0000] {dag.py:3239} INFO - Sync 1 DAGs
[2025-04-05T19:55:08.667+0000] {logging_mixin.py:190} INFO - [2025-04-05T19:55:08.667+0000] {dag.py:4180} INFO - Setting next_dagrun for pyspark_test_work to None, run_after=None
[2025-04-05T19:55:08.683+0000] {processor.py:208} INFO - Processing /opt/airflow/dags/bank_transactions.py took 1.097 seconds
[2025-04-05T19:55:39.184+0000] {processor.py:186} INFO - Started process (PID=387) to work on /opt/airflow/dags/bank_transactions.py
[2025-04-05T19:55:39.186+0000] {processor.py:914} INFO - Processing file /opt/airflow/dags/bank_transactions.py for tasks to queue
[2025-04-05T19:55:39.189+0000] {logging_mixin.py:190} INFO - [2025-04-05T19:55:39.189+0000] {dagbag.py:588} INFO - Filling up the DagBag from /opt/airflow/dags/bank_transactions.py
[2025-04-05T19:55:40.149+0000] {processor.py:925} INFO - DAG(s) 'pyspark_test_work' retrieved from /opt/airflow/dags/bank_transactions.py
[2025-04-05T19:55:40.173+0000] {logging_mixin.py:190} INFO - [2025-04-05T19:55:40.172+0000] {dag.py:3239} INFO - Sync 1 DAGs
[2025-04-05T19:55:40.187+0000] {logging_mixin.py:190} INFO - [2025-04-05T19:55:40.187+0000] {dag.py:4180} INFO - Setting next_dagrun for pyspark_test_work to None, run_after=None
[2025-04-05T19:55:40.209+0000] {processor.py:208} INFO - Processing /opt/airflow/dags/bank_transactions.py took 1.032 seconds
[2025-04-05T19:56:10.398+0000] {processor.py:186} INFO - Started process (PID=399) to work on /opt/airflow/dags/bank_transactions.py
[2025-04-05T19:56:10.399+0000] {processor.py:914} INFO - Processing file /opt/airflow/dags/bank_transactions.py for tasks to queue
[2025-04-05T19:56:10.402+0000] {logging_mixin.py:190} INFO - [2025-04-05T19:56:10.402+0000] {dagbag.py:588} INFO - Filling up the DagBag from /opt/airflow/dags/bank_transactions.py
[2025-04-05T19:56:11.361+0000] {processor.py:925} INFO - DAG(s) 'pyspark_test_work' retrieved from /opt/airflow/dags/bank_transactions.py
[2025-04-05T19:56:11.383+0000] {logging_mixin.py:190} INFO - [2025-04-05T19:56:11.383+0000] {dag.py:3239} INFO - Sync 1 DAGs
[2025-04-05T19:56:11.397+0000] {logging_mixin.py:190} INFO - [2025-04-05T19:56:11.396+0000] {dag.py:4180} INFO - Setting next_dagrun for pyspark_test_work to None, run_after=None
[2025-04-05T19:56:11.416+0000] {processor.py:208} INFO - Processing /opt/airflow/dags/bank_transactions.py took 1.025 seconds
[2025-04-05T19:56:41.611+0000] {processor.py:186} INFO - Started process (PID=412) to work on /opt/airflow/dags/bank_transactions.py
[2025-04-05T19:56:41.614+0000] {processor.py:914} INFO - Processing file /opt/airflow/dags/bank_transactions.py for tasks to queue
[2025-04-05T19:56:41.617+0000] {logging_mixin.py:190} INFO - [2025-04-05T19:56:41.617+0000] {dagbag.py:588} INFO - Filling up the DagBag from /opt/airflow/dags/bank_transactions.py
[2025-04-05T19:56:42.392+0000] {processor.py:925} INFO - DAG(s) 'pyspark_test_work' retrieved from /opt/airflow/dags/bank_transactions.py
[2025-04-05T19:56:42.421+0000] {logging_mixin.py:190} INFO - [2025-04-05T19:56:42.420+0000] {dag.py:3239} INFO - Sync 1 DAGs
[2025-04-05T19:56:42.635+0000] {logging_mixin.py:190} INFO - [2025-04-05T19:56:42.635+0000] {dag.py:4180} INFO - Setting next_dagrun for pyspark_test_work to None, run_after=None
[2025-04-05T19:56:42.652+0000] {processor.py:208} INFO - Processing /opt/airflow/dags/bank_transactions.py took 1.048 seconds
[2025-04-05T19:57:12.782+0000] {processor.py:186} INFO - Started process (PID=425) to work on /opt/airflow/dags/bank_transactions.py
[2025-04-05T19:57:12.783+0000] {processor.py:914} INFO - Processing file /opt/airflow/dags/bank_transactions.py for tasks to queue
[2025-04-05T19:57:12.786+0000] {logging_mixin.py:190} INFO - [2025-04-05T19:57:12.785+0000] {dagbag.py:588} INFO - Filling up the DagBag from /opt/airflow/dags/bank_transactions.py
[2025-04-05T19:57:13.528+0000] {processor.py:925} INFO - DAG(s) 'pyspark_test_work' retrieved from /opt/airflow/dags/bank_transactions.py
[2025-04-05T19:57:13.561+0000] {logging_mixin.py:190} INFO - [2025-04-05T19:57:13.560+0000] {dag.py:3239} INFO - Sync 1 DAGs
[2025-04-05T19:57:13.771+0000] {logging_mixin.py:190} INFO - [2025-04-05T19:57:13.771+0000] {dag.py:4180} INFO - Setting next_dagrun for pyspark_test_work to None, run_after=None
[2025-04-05T19:57:13.790+0000] {processor.py:208} INFO - Processing /opt/airflow/dags/bank_transactions.py took 1.015 seconds
[2025-04-05T19:57:43.958+0000] {processor.py:186} INFO - Started process (PID=438) to work on /opt/airflow/dags/bank_transactions.py
[2025-04-05T19:57:43.959+0000] {processor.py:914} INFO - Processing file /opt/airflow/dags/bank_transactions.py for tasks to queue
[2025-04-05T19:57:43.962+0000] {logging_mixin.py:190} INFO - [2025-04-05T19:57:43.962+0000] {dagbag.py:588} INFO - Filling up the DagBag from /opt/airflow/dags/bank_transactions.py
[2025-04-05T19:57:44.725+0000] {processor.py:925} INFO - DAG(s) 'pyspark_test_work' retrieved from /opt/airflow/dags/bank_transactions.py
[2025-04-05T19:57:44.980+0000] {logging_mixin.py:190} INFO - [2025-04-05T19:57:44.979+0000] {dag.py:3239} INFO - Sync 1 DAGs
[2025-04-05T19:57:44.994+0000] {logging_mixin.py:190} INFO - [2025-04-05T19:57:44.993+0000] {dag.py:4180} INFO - Setting next_dagrun for pyspark_test_work to None, run_after=None
[2025-04-05T19:57:45.015+0000] {processor.py:208} INFO - Processing /opt/airflow/dags/bank_transactions.py took 1.065 seconds
[2025-04-05T19:58:15.198+0000] {processor.py:186} INFO - Started process (PID=451) to work on /opt/airflow/dags/bank_transactions.py
[2025-04-05T19:58:15.199+0000] {processor.py:914} INFO - Processing file /opt/airflow/dags/bank_transactions.py for tasks to queue
[2025-04-05T19:58:15.202+0000] {logging_mixin.py:190} INFO - [2025-04-05T19:58:15.202+0000] {dagbag.py:588} INFO - Filling up the DagBag from /opt/airflow/dags/bank_transactions.py
[2025-04-05T19:58:16.151+0000] {processor.py:925} INFO - DAG(s) 'pyspark_test_work' retrieved from /opt/airflow/dags/bank_transactions.py
[2025-04-05T19:58:16.177+0000] {logging_mixin.py:190} INFO - [2025-04-05T19:58:16.176+0000] {dag.py:3239} INFO - Sync 1 DAGs
[2025-04-05T19:58:16.197+0000] {logging_mixin.py:190} INFO - [2025-04-05T19:58:16.196+0000] {dag.py:4180} INFO - Setting next_dagrun for pyspark_test_work to None, run_after=None
[2025-04-05T19:58:16.216+0000] {processor.py:208} INFO - Processing /opt/airflow/dags/bank_transactions.py took 1.026 seconds
[2025-04-05T19:58:46.402+0000] {processor.py:186} INFO - Started process (PID=463) to work on /opt/airflow/dags/bank_transactions.py
[2025-04-05T19:58:46.404+0000] {processor.py:914} INFO - Processing file /opt/airflow/dags/bank_transactions.py for tasks to queue
[2025-04-05T19:58:46.408+0000] {logging_mixin.py:190} INFO - [2025-04-05T19:58:46.407+0000] {dagbag.py:588} INFO - Filling up the DagBag from /opt/airflow/dags/bank_transactions.py
[2025-04-05T19:58:47.373+0000] {processor.py:925} INFO - DAG(s) 'pyspark_test_work' retrieved from /opt/airflow/dags/bank_transactions.py
[2025-04-05T19:58:47.399+0000] {logging_mixin.py:190} INFO - [2025-04-05T19:58:47.398+0000] {dag.py:3239} INFO - Sync 1 DAGs
[2025-04-05T19:58:47.415+0000] {logging_mixin.py:190} INFO - [2025-04-05T19:58:47.414+0000] {dag.py:4180} INFO - Setting next_dagrun for pyspark_test_work to None, run_after=None
[2025-04-05T19:58:47.437+0000] {processor.py:208} INFO - Processing /opt/airflow/dags/bank_transactions.py took 1.045 seconds
[2025-04-05T19:59:17.619+0000] {processor.py:186} INFO - Started process (PID=476) to work on /opt/airflow/dags/bank_transactions.py
[2025-04-05T19:59:17.620+0000] {processor.py:914} INFO - Processing file /opt/airflow/dags/bank_transactions.py for tasks to queue
[2025-04-05T19:59:17.623+0000] {logging_mixin.py:190} INFO - [2025-04-05T19:59:17.623+0000] {dagbag.py:588} INFO - Filling up the DagBag from /opt/airflow/dags/bank_transactions.py
[2025-04-05T19:59:18.375+0000] {processor.py:925} INFO - DAG(s) 'pyspark_test_work' retrieved from /opt/airflow/dags/bank_transactions.py
[2025-04-05T19:59:18.401+0000] {logging_mixin.py:190} INFO - [2025-04-05T19:59:18.401+0000] {dag.py:3239} INFO - Sync 1 DAGs
[2025-04-05T19:59:18.629+0000] {logging_mixin.py:190} INFO - [2025-04-05T19:59:18.628+0000] {dag.py:4180} INFO - Setting next_dagrun for pyspark_test_work to None, run_after=None
[2025-04-05T19:59:18.645+0000] {processor.py:208} INFO - Processing /opt/airflow/dags/bank_transactions.py took 1.033 seconds
[2025-04-05T19:59:48.814+0000] {processor.py:186} INFO - Started process (PID=489) to work on /opt/airflow/dags/bank_transactions.py
[2025-04-05T19:59:48.815+0000] {processor.py:914} INFO - Processing file /opt/airflow/dags/bank_transactions.py for tasks to queue
[2025-04-05T19:59:48.819+0000] {logging_mixin.py:190} INFO - [2025-04-05T19:59:48.818+0000] {dagbag.py:588} INFO - Filling up the DagBag from /opt/airflow/dags/bank_transactions.py
[2025-04-05T19:59:49.646+0000] {processor.py:925} INFO - DAG(s) 'pyspark_test_work' retrieved from /opt/airflow/dags/bank_transactions.py
[2025-04-05T19:59:49.888+0000] {logging_mixin.py:190} INFO - [2025-04-05T19:59:49.887+0000] {dag.py:3239} INFO - Sync 1 DAGs
[2025-04-05T19:59:49.903+0000] {logging_mixin.py:190} INFO - [2025-04-05T19:59:49.903+0000] {dag.py:4180} INFO - Setting next_dagrun for pyspark_test_work to None, run_after=None
[2025-04-05T19:59:49.928+0000] {processor.py:208} INFO - Processing /opt/airflow/dags/bank_transactions.py took 1.122 seconds
[2025-04-05T20:00:20.110+0000] {processor.py:186} INFO - Started process (PID=502) to work on /opt/airflow/dags/bank_transactions.py
[2025-04-05T20:00:20.111+0000] {processor.py:914} INFO - Processing file /opt/airflow/dags/bank_transactions.py for tasks to queue
[2025-04-05T20:00:20.114+0000] {logging_mixin.py:190} INFO - [2025-04-05T20:00:20.114+0000] {dagbag.py:588} INFO - Filling up the DagBag from /opt/airflow/dags/bank_transactions.py
[2025-04-05T20:00:21.058+0000] {processor.py:925} INFO - DAG(s) 'pyspark_test_work' retrieved from /opt/airflow/dags/bank_transactions.py
[2025-04-05T20:00:21.085+0000] {logging_mixin.py:190} INFO - [2025-04-05T20:00:21.084+0000] {dag.py:3239} INFO - Sync 1 DAGs
[2025-04-05T20:00:21.104+0000] {logging_mixin.py:190} INFO - [2025-04-05T20:00:21.104+0000] {dag.py:4180} INFO - Setting next_dagrun for pyspark_test_work to None, run_after=None
[2025-04-05T20:00:21.125+0000] {processor.py:208} INFO - Processing /opt/airflow/dags/bank_transactions.py took 1.023 seconds
[2025-04-05T20:00:51.299+0000] {processor.py:186} INFO - Started process (PID=515) to work on /opt/airflow/dags/bank_transactions.py
[2025-04-05T20:00:51.301+0000] {processor.py:914} INFO - Processing file /opt/airflow/dags/bank_transactions.py for tasks to queue
[2025-04-05T20:00:51.304+0000] {logging_mixin.py:190} INFO - [2025-04-05T20:00:51.304+0000] {dagbag.py:588} INFO - Filling up the DagBag from /opt/airflow/dags/bank_transactions.py
[2025-04-05T20:00:52.279+0000] {processor.py:925} INFO - DAG(s) 'pyspark_test_work' retrieved from /opt/airflow/dags/bank_transactions.py
[2025-04-05T20:00:52.309+0000] {logging_mixin.py:190} INFO - [2025-04-05T20:00:52.308+0000] {dag.py:3239} INFO - Sync 1 DAGs
[2025-04-05T20:00:52.329+0000] {logging_mixin.py:190} INFO - [2025-04-05T20:00:52.328+0000] {dag.py:4180} INFO - Setting next_dagrun for pyspark_test_work to None, run_after=None
[2025-04-05T20:00:52.350+0000] {processor.py:208} INFO - Processing /opt/airflow/dags/bank_transactions.py took 1.059 seconds
[2025-04-05T20:01:22.528+0000] {processor.py:186} INFO - Started process (PID=528) to work on /opt/airflow/dags/bank_transactions.py
[2025-04-05T20:01:22.530+0000] {processor.py:914} INFO - Processing file /opt/airflow/dags/bank_transactions.py for tasks to queue
[2025-04-05T20:01:22.533+0000] {logging_mixin.py:190} INFO - [2025-04-05T20:01:22.533+0000] {dagbag.py:588} INFO - Filling up the DagBag from /opt/airflow/dags/bank_transactions.py
[2025-04-05T20:01:23.281+0000] {processor.py:925} INFO - DAG(s) 'pyspark_test_work' retrieved from /opt/airflow/dags/bank_transactions.py
[2025-04-05T20:01:23.309+0000] {logging_mixin.py:190} INFO - [2025-04-05T20:01:23.309+0000] {dag.py:3239} INFO - Sync 1 DAGs
[2025-04-05T20:01:23.524+0000] {logging_mixin.py:190} INFO - [2025-04-05T20:01:23.523+0000] {dag.py:4180} INFO - Setting next_dagrun for pyspark_test_work to None, run_after=None
[2025-04-05T20:01:23.544+0000] {processor.py:208} INFO - Processing /opt/airflow/dags/bank_transactions.py took 1.023 seconds
[2025-04-05T20:01:53.689+0000] {processor.py:186} INFO - Started process (PID=541) to work on /opt/airflow/dags/bank_transactions.py
[2025-04-05T20:01:53.691+0000] {processor.py:914} INFO - Processing file /opt/airflow/dags/bank_transactions.py for tasks to queue
[2025-04-05T20:01:53.695+0000] {logging_mixin.py:190} INFO - [2025-04-05T20:01:53.694+0000] {dagbag.py:588} INFO - Filling up the DagBag from /opt/airflow/dags/bank_transactions.py
[2025-04-05T20:01:54.868+0000] {processor.py:925} INFO - DAG(s) 'pyspark_test_work' retrieved from /opt/airflow/dags/bank_transactions.py
[2025-04-05T20:01:54.902+0000] {logging_mixin.py:190} INFO - [2025-04-05T20:01:54.901+0000] {dag.py:3239} INFO - Sync 1 DAGs
[2025-04-05T20:01:55.180+0000] {logging_mixin.py:190} INFO - [2025-04-05T20:01:55.179+0000] {dag.py:4180} INFO - Setting next_dagrun for pyspark_test_work to None, run_after=None
[2025-04-05T20:01:55.203+0000] {processor.py:208} INFO - Processing /opt/airflow/dags/bank_transactions.py took 1.523 seconds
[2025-04-05T20:02:25.811+0000] {processor.py:186} INFO - Started process (PID=556) to work on /opt/airflow/dags/bank_transactions.py
[2025-04-05T20:02:25.812+0000] {processor.py:914} INFO - Processing file /opt/airflow/dags/bank_transactions.py for tasks to queue
[2025-04-05T20:02:25.815+0000] {logging_mixin.py:190} INFO - [2025-04-05T20:02:25.815+0000] {dagbag.py:588} INFO - Filling up the DagBag from /opt/airflow/dags/bank_transactions.py
[2025-04-05T20:02:26.912+0000] {processor.py:925} INFO - DAG(s) 'pyspark_test_work' retrieved from /opt/airflow/dags/bank_transactions.py
[2025-04-05T20:02:27.207+0000] {logging_mixin.py:190} INFO - [2025-04-05T20:02:27.207+0000] {dag.py:3239} INFO - Sync 1 DAGs
[2025-04-05T20:02:27.228+0000] {logging_mixin.py:190} INFO - [2025-04-05T20:02:27.227+0000] {dag.py:4180} INFO - Setting next_dagrun for pyspark_test_work to None, run_after=None
[2025-04-05T20:02:27.251+0000] {processor.py:208} INFO - Processing /opt/airflow/dags/bank_transactions.py took 1.448 seconds
[2025-04-05T20:02:57.439+0000] {processor.py:186} INFO - Started process (PID=569) to work on /opt/airflow/dags/bank_transactions.py
[2025-04-05T20:02:57.440+0000] {processor.py:914} INFO - Processing file /opt/airflow/dags/bank_transactions.py for tasks to queue
[2025-04-05T20:02:57.443+0000] {logging_mixin.py:190} INFO - [2025-04-05T20:02:57.443+0000] {dagbag.py:588} INFO - Filling up the DagBag from /opt/airflow/dags/bank_transactions.py
[2025-04-05T20:02:58.403+0000] {processor.py:925} INFO - DAG(s) 'pyspark_test_work' retrieved from /opt/airflow/dags/bank_transactions.py
[2025-04-05T20:02:58.424+0000] {logging_mixin.py:190} INFO - [2025-04-05T20:02:58.424+0000] {dag.py:3239} INFO - Sync 1 DAGs
[2025-04-05T20:02:58.437+0000] {logging_mixin.py:190} INFO - [2025-04-05T20:02:58.437+0000] {dag.py:4180} INFO - Setting next_dagrun for pyspark_test_work to None, run_after=None
[2025-04-05T20:02:58.452+0000] {processor.py:208} INFO - Processing /opt/airflow/dags/bank_transactions.py took 1.021 seconds
[2025-04-05T20:03:28.663+0000] {processor.py:186} INFO - Started process (PID=582) to work on /opt/airflow/dags/bank_transactions.py
[2025-04-05T20:03:28.664+0000] {processor.py:914} INFO - Processing file /opt/airflow/dags/bank_transactions.py for tasks to queue
[2025-04-05T20:03:28.667+0000] {logging_mixin.py:190} INFO - [2025-04-05T20:03:28.666+0000] {dagbag.py:588} INFO - Filling up the DagBag from /opt/airflow/dags/bank_transactions.py
[2025-04-05T20:03:29.957+0000] {processor.py:925} INFO - DAG(s) 'pyspark_test_work' retrieved from /opt/airflow/dags/bank_transactions.py
[2025-04-05T20:03:29.986+0000] {logging_mixin.py:190} INFO - [2025-04-05T20:03:29.985+0000] {dag.py:3239} INFO - Sync 1 DAGs
[2025-04-05T20:03:30.005+0000] {logging_mixin.py:190} INFO - [2025-04-05T20:03:30.005+0000] {dag.py:4180} INFO - Setting next_dagrun for pyspark_test_work to None, run_after=None
[2025-04-05T20:03:30.023+0000] {processor.py:208} INFO - Processing /opt/airflow/dags/bank_transactions.py took 1.368 seconds
[2025-04-05T20:04:00.213+0000] {processor.py:186} INFO - Started process (PID=594) to work on /opt/airflow/dags/bank_transactions.py
[2025-04-05T20:04:00.215+0000] {processor.py:914} INFO - Processing file /opt/airflow/dags/bank_transactions.py for tasks to queue
[2025-04-05T20:04:00.217+0000] {logging_mixin.py:190} INFO - [2025-04-05T20:04:00.217+0000] {dagbag.py:588} INFO - Filling up the DagBag from /opt/airflow/dags/bank_transactions.py
[2025-04-05T20:04:01.633+0000] {processor.py:925} INFO - DAG(s) 'pyspark_test_work' retrieved from /opt/airflow/dags/bank_transactions.py
[2025-04-05T20:04:01.663+0000] {logging_mixin.py:190} INFO - [2025-04-05T20:04:01.662+0000] {dag.py:3239} INFO - Sync 1 DAGs
[2025-04-05T20:04:01.686+0000] {logging_mixin.py:190} INFO - [2025-04-05T20:04:01.685+0000] {dag.py:4180} INFO - Setting next_dagrun for pyspark_test_work to None, run_after=None
[2025-04-05T20:04:01.710+0000] {processor.py:208} INFO - Processing /opt/airflow/dags/bank_transactions.py took 1.504 seconds
