[2025-04-05T19:43:04.571+0000] {processor.py:186} INFO - Started process (PID=71) to work on /opt/airflow/dags/spark_example.py
[2025-04-05T19:43:04.572+0000] {processor.py:914} INFO - Processing file /opt/airflow/dags/spark_example.py for tasks to queue
[2025-04-05T19:43:04.574+0000] {logging_mixin.py:190} INFO - [2025-04-05T19:43:04.574+0000] {dagbag.py:588} INFO - Filling up the DagBag from /opt/airflow/dags/spark_example.py
[2025-04-05T19:43:05.512+0000] {processor.py:925} INFO - DAG(s) 'spark_example' retrieved from /opt/airflow/dags/spark_example.py
[2025-04-05T19:43:05.539+0000] {logging_mixin.py:190} INFO - [2025-04-05T19:43:05.538+0000] {dag.py:3239} INFO - Sync 1 DAGs
[2025-04-05T19:43:05.552+0000] {logging_mixin.py:190} INFO - [2025-04-05T19:43:05.551+0000] {dag.py:4180} INFO - Setting next_dagrun for spark_example to None, run_after=None
[2025-04-05T19:43:05.570+0000] {processor.py:208} INFO - Processing /opt/airflow/dags/spark_example.py took 1.008 seconds
[2025-04-05T19:43:35.871+0000] {processor.py:186} INFO - Started process (PID=85) to work on /opt/airflow/dags/spark_example.py
[2025-04-05T19:43:35.872+0000] {processor.py:914} INFO - Processing file /opt/airflow/dags/spark_example.py for tasks to queue
[2025-04-05T19:43:35.875+0000] {logging_mixin.py:190} INFO - [2025-04-05T19:43:35.875+0000] {dagbag.py:588} INFO - Filling up the DagBag from /opt/airflow/dags/spark_example.py
[2025-04-05T19:43:36.632+0000] {processor.py:925} INFO - DAG(s) 'spark_example' retrieved from /opt/airflow/dags/spark_example.py
[2025-04-05T19:43:36.653+0000] {logging_mixin.py:190} INFO - [2025-04-05T19:43:36.652+0000] {dag.py:3239} INFO - Sync 1 DAGs
[2025-04-05T19:43:36.666+0000] {logging_mixin.py:190} INFO - [2025-04-05T19:43:36.665+0000] {dag.py:4180} INFO - Setting next_dagrun for spark_example to None, run_after=None
[2025-04-05T19:43:36.682+0000] {processor.py:208} INFO - Processing /opt/airflow/dags/spark_example.py took 0.818 seconds
[2025-04-05T19:44:07.853+0000] {processor.py:186} INFO - Started process (PID=98) to work on /opt/airflow/dags/spark_example.py
[2025-04-05T19:44:07.856+0000] {processor.py:914} INFO - Processing file /opt/airflow/dags/spark_example.py for tasks to queue
[2025-04-05T19:44:07.859+0000] {logging_mixin.py:190} INFO - [2025-04-05T19:44:07.858+0000] {dagbag.py:588} INFO - Filling up the DagBag from /opt/airflow/dags/spark_example.py
[2025-04-05T19:44:08.581+0000] {processor.py:925} INFO - DAG(s) 'spark_example' retrieved from /opt/airflow/dags/spark_example.py
[2025-04-05T19:44:08.601+0000] {logging_mixin.py:190} INFO - [2025-04-05T19:44:08.600+0000] {dag.py:3239} INFO - Sync 1 DAGs
[2025-04-05T19:44:08.614+0000] {logging_mixin.py:190} INFO - [2025-04-05T19:44:08.613+0000] {dag.py:4180} INFO - Setting next_dagrun for spark_example to None, run_after=None
[2025-04-05T19:44:08.630+0000] {processor.py:208} INFO - Processing /opt/airflow/dags/spark_example.py took 0.784 seconds
[2025-04-05T19:44:39.414+0000] {processor.py:186} INFO - Started process (PID=111) to work on /opt/airflow/dags/spark_example.py
[2025-04-05T19:44:39.415+0000] {processor.py:914} INFO - Processing file /opt/airflow/dags/spark_example.py for tasks to queue
[2025-04-05T19:44:39.419+0000] {logging_mixin.py:190} INFO - [2025-04-05T19:44:39.418+0000] {dagbag.py:588} INFO - Filling up the DagBag from /opt/airflow/dags/spark_example.py
[2025-04-05T19:44:40.216+0000] {processor.py:925} INFO - DAG(s) 'spark_example' retrieved from /opt/airflow/dags/spark_example.py
[2025-04-05T19:44:40.237+0000] {logging_mixin.py:190} INFO - [2025-04-05T19:44:40.237+0000] {dag.py:3239} INFO - Sync 1 DAGs
[2025-04-05T19:44:40.252+0000] {logging_mixin.py:190} INFO - [2025-04-05T19:44:40.252+0000] {dag.py:4180} INFO - Setting next_dagrun for spark_example to None, run_after=None
[2025-04-05T19:44:40.269+0000] {processor.py:208} INFO - Processing /opt/airflow/dags/spark_example.py took 0.864 seconds
[2025-04-05T19:45:10.966+0000] {processor.py:186} INFO - Started process (PID=124) to work on /opt/airflow/dags/spark_example.py
[2025-04-05T19:45:10.968+0000] {processor.py:914} INFO - Processing file /opt/airflow/dags/spark_example.py for tasks to queue
[2025-04-05T19:45:10.971+0000] {logging_mixin.py:190} INFO - [2025-04-05T19:45:10.971+0000] {dagbag.py:588} INFO - Filling up the DagBag from /opt/airflow/dags/spark_example.py
[2025-04-05T19:45:12.053+0000] {processor.py:925} INFO - DAG(s) 'spark_example' retrieved from /opt/airflow/dags/spark_example.py
[2025-04-05T19:45:12.084+0000] {logging_mixin.py:190} INFO - [2025-04-05T19:45:12.083+0000] {dag.py:3239} INFO - Sync 1 DAGs
[2025-04-05T19:45:12.291+0000] {logging_mixin.py:190} INFO - [2025-04-05T19:45:12.291+0000] {dag.py:4180} INFO - Setting next_dagrun for spark_example to None, run_after=None
[2025-04-05T19:45:12.316+0000] {processor.py:208} INFO - Processing /opt/airflow/dags/spark_example.py took 1.359 seconds
[2025-04-05T19:45:42.709+0000] {processor.py:186} INFO - Started process (PID=137) to work on /opt/airflow/dags/spark_example.py
[2025-04-05T19:45:42.710+0000] {processor.py:914} INFO - Processing file /opt/airflow/dags/spark_example.py for tasks to queue
[2025-04-05T19:45:42.712+0000] {logging_mixin.py:190} INFO - [2025-04-05T19:45:42.712+0000] {dagbag.py:588} INFO - Filling up the DagBag from /opt/airflow/dags/spark_example.py
[2025-04-05T19:45:43.447+0000] {processor.py:925} INFO - DAG(s) 'spark_example' retrieved from /opt/airflow/dags/spark_example.py
[2025-04-05T19:45:43.473+0000] {logging_mixin.py:190} INFO - [2025-04-05T19:45:43.472+0000] {dag.py:3239} INFO - Sync 1 DAGs
[2025-04-05T19:45:43.486+0000] {logging_mixin.py:190} INFO - [2025-04-05T19:45:43.486+0000] {dag.py:4180} INFO - Setting next_dagrun for spark_example to None, run_after=None
[2025-04-05T19:45:43.507+0000] {processor.py:208} INFO - Processing /opt/airflow/dags/spark_example.py took 0.806 seconds
[2025-04-05T19:46:14.046+0000] {processor.py:186} INFO - Started process (PID=149) to work on /opt/airflow/dags/spark_example.py
[2025-04-05T19:46:14.048+0000] {processor.py:914} INFO - Processing file /opt/airflow/dags/spark_example.py for tasks to queue
[2025-04-05T19:46:14.051+0000] {logging_mixin.py:190} INFO - [2025-04-05T19:46:14.051+0000] {dagbag.py:588} INFO - Filling up the DagBag from /opt/airflow/dags/spark_example.py
[2025-04-05T19:46:14.684+0000] {processor.py:925} INFO - DAG(s) 'spark_example' retrieved from /opt/airflow/dags/spark_example.py
[2025-04-05T19:46:14.709+0000] {logging_mixin.py:190} INFO - [2025-04-05T19:46:14.708+0000] {dag.py:3239} INFO - Sync 1 DAGs
[2025-04-05T19:46:14.724+0000] {logging_mixin.py:190} INFO - [2025-04-05T19:46:14.724+0000] {dag.py:4180} INFO - Setting next_dagrun for spark_example to None, run_after=None
[2025-04-05T19:46:14.745+0000] {processor.py:208} INFO - Processing /opt/airflow/dags/spark_example.py took 0.706 seconds
[2025-04-05T19:46:46.968+0000] {processor.py:186} INFO - Started process (PID=163) to work on /opt/airflow/dags/spark_example.py
[2025-04-05T19:46:46.979+0000] {processor.py:914} INFO - Processing file /opt/airflow/dags/spark_example.py for tasks to queue
[2025-04-05T19:46:46.983+0000] {logging_mixin.py:190} INFO - [2025-04-05T19:46:46.982+0000] {dagbag.py:588} INFO - Filling up the DagBag from /opt/airflow/dags/spark_example.py
[2025-04-05T19:46:47.889+0000] {processor.py:925} INFO - DAG(s) 'spark_example' retrieved from /opt/airflow/dags/spark_example.py
[2025-04-05T19:46:47.924+0000] {logging_mixin.py:190} INFO - [2025-04-05T19:46:47.924+0000] {dag.py:3239} INFO - Sync 1 DAGs
[2025-04-05T19:46:47.954+0000] {logging_mixin.py:190} INFO - [2025-04-05T19:46:47.954+0000] {dag.py:4180} INFO - Setting next_dagrun for spark_example to None, run_after=None
[2025-04-05T19:46:48.231+0000] {processor.py:208} INFO - Processing /opt/airflow/dags/spark_example.py took 1.285 seconds
[2025-04-05T19:47:18.786+0000] {processor.py:186} INFO - Started process (PID=176) to work on /opt/airflow/dags/spark_example.py
[2025-04-05T19:47:18.787+0000] {processor.py:914} INFO - Processing file /opt/airflow/dags/spark_example.py for tasks to queue
[2025-04-05T19:47:18.790+0000] {logging_mixin.py:190} INFO - [2025-04-05T19:47:18.790+0000] {dagbag.py:588} INFO - Filling up the DagBag from /opt/airflow/dags/spark_example.py
[2025-04-05T19:47:19.393+0000] {processor.py:925} INFO - DAG(s) 'spark_example' retrieved from /opt/airflow/dags/spark_example.py
[2025-04-05T19:47:19.419+0000] {logging_mixin.py:190} INFO - [2025-04-05T19:47:19.419+0000] {dag.py:3239} INFO - Sync 1 DAGs
[2025-04-05T19:47:19.630+0000] {logging_mixin.py:190} INFO - [2025-04-05T19:47:19.629+0000] {dag.py:4180} INFO - Setting next_dagrun for spark_example to None, run_after=None
[2025-04-05T19:47:19.649+0000] {processor.py:208} INFO - Processing /opt/airflow/dags/spark_example.py took 0.870 seconds
[2025-04-05T19:47:49.900+0000] {processor.py:186} INFO - Started process (PID=189) to work on /opt/airflow/dags/spark_example.py
[2025-04-05T19:47:49.912+0000] {processor.py:914} INFO - Processing file /opt/airflow/dags/spark_example.py for tasks to queue
[2025-04-05T19:47:49.916+0000] {logging_mixin.py:190} INFO - [2025-04-05T19:47:49.915+0000] {dagbag.py:588} INFO - Filling up the DagBag from /opt/airflow/dags/spark_example.py
[2025-04-05T19:47:50.494+0000] {processor.py:925} INFO - DAG(s) 'spark_example' retrieved from /opt/airflow/dags/spark_example.py
[2025-04-05T19:47:50.712+0000] {logging_mixin.py:190} INFO - [2025-04-05T19:47:50.711+0000] {dag.py:3239} INFO - Sync 1 DAGs
[2025-04-05T19:47:50.725+0000] {logging_mixin.py:190} INFO - [2025-04-05T19:47:50.725+0000] {dag.py:4180} INFO - Setting next_dagrun for spark_example to None, run_after=None
[2025-04-05T19:47:50.743+0000] {processor.py:208} INFO - Processing /opt/airflow/dags/spark_example.py took 0.850 seconds
[2025-04-05T19:48:21.064+0000] {processor.py:186} INFO - Started process (PID=201) to work on /opt/airflow/dags/spark_example.py
[2025-04-05T19:48:21.065+0000] {processor.py:914} INFO - Processing file /opt/airflow/dags/spark_example.py for tasks to queue
[2025-04-05T19:48:21.068+0000] {logging_mixin.py:190} INFO - [2025-04-05T19:48:21.068+0000] {dagbag.py:588} INFO - Filling up the DagBag from /opt/airflow/dags/spark_example.py
[2025-04-05T19:48:21.666+0000] {processor.py:925} INFO - DAG(s) 'spark_example' retrieved from /opt/airflow/dags/spark_example.py
[2025-04-05T19:48:21.690+0000] {logging_mixin.py:190} INFO - [2025-04-05T19:48:21.689+0000] {dag.py:3239} INFO - Sync 1 DAGs
[2025-04-05T19:48:21.705+0000] {logging_mixin.py:190} INFO - [2025-04-05T19:48:21.705+0000] {dag.py:4180} INFO - Setting next_dagrun for spark_example to None, run_after=None
[2025-04-05T19:48:21.722+0000] {processor.py:208} INFO - Processing /opt/airflow/dags/spark_example.py took 0.666 seconds
[2025-04-05T19:48:52.859+0000] {processor.py:186} INFO - Started process (PID=215) to work on /opt/airflow/dags/spark_example.py
[2025-04-05T19:48:52.861+0000] {processor.py:914} INFO - Processing file /opt/airflow/dags/spark_example.py for tasks to queue
[2025-04-05T19:48:52.864+0000] {logging_mixin.py:190} INFO - [2025-04-05T19:48:52.864+0000] {dagbag.py:588} INFO - Filling up the DagBag from /opt/airflow/dags/spark_example.py
[2025-04-05T19:48:53.444+0000] {processor.py:925} INFO - DAG(s) 'spark_example' retrieved from /opt/airflow/dags/spark_example.py
[2025-04-05T19:48:53.470+0000] {logging_mixin.py:190} INFO - [2025-04-05T19:48:53.470+0000] {dag.py:3239} INFO - Sync 1 DAGs
[2025-04-05T19:48:53.489+0000] {logging_mixin.py:190} INFO - [2025-04-05T19:48:53.489+0000] {dag.py:4180} INFO - Setting next_dagrun for spark_example to None, run_after=None
[2025-04-05T19:48:53.507+0000] {processor.py:208} INFO - Processing /opt/airflow/dags/spark_example.py took 0.656 seconds
[2025-04-05T19:49:24.175+0000] {processor.py:186} INFO - Started process (PID=228) to work on /opt/airflow/dags/spark_example.py
[2025-04-05T19:49:24.176+0000] {processor.py:914} INFO - Processing file /opt/airflow/dags/spark_example.py for tasks to queue
[2025-04-05T19:49:24.178+0000] {logging_mixin.py:190} INFO - [2025-04-05T19:49:24.178+0000] {dagbag.py:588} INFO - Filling up the DagBag from /opt/airflow/dags/spark_example.py
[2025-04-05T19:49:24.779+0000] {processor.py:925} INFO - DAG(s) 'spark_example' retrieved from /opt/airflow/dags/spark_example.py
[2025-04-05T19:49:24.808+0000] {logging_mixin.py:190} INFO - [2025-04-05T19:49:24.807+0000] {dag.py:3239} INFO - Sync 1 DAGs
[2025-04-05T19:49:24.827+0000] {logging_mixin.py:190} INFO - [2025-04-05T19:49:24.826+0000] {dag.py:4180} INFO - Setting next_dagrun for spark_example to None, run_after=None
[2025-04-05T19:49:25.054+0000] {processor.py:208} INFO - Processing /opt/airflow/dags/spark_example.py took 0.887 seconds
[2025-04-05T19:49:55.442+0000] {processor.py:186} INFO - Started process (PID=241) to work on /opt/airflow/dags/spark_example.py
[2025-04-05T19:49:55.443+0000] {processor.py:914} INFO - Processing file /opt/airflow/dags/spark_example.py for tasks to queue
[2025-04-05T19:49:55.446+0000] {logging_mixin.py:190} INFO - [2025-04-05T19:49:55.446+0000] {dagbag.py:588} INFO - Filling up the DagBag from /opt/airflow/dags/spark_example.py
[2025-04-05T19:49:56.040+0000] {processor.py:925} INFO - DAG(s) 'spark_example' retrieved from /opt/airflow/dags/spark_example.py
[2025-04-05T19:49:56.067+0000] {logging_mixin.py:190} INFO - [2025-04-05T19:49:56.066+0000] {dag.py:3239} INFO - Sync 1 DAGs
[2025-04-05T19:49:56.288+0000] {logging_mixin.py:190} INFO - [2025-04-05T19:49:56.288+0000] {dag.py:4180} INFO - Setting next_dagrun for spark_example to None, run_after=None
[2025-04-05T19:49:56.307+0000] {processor.py:208} INFO - Processing /opt/airflow/dags/spark_example.py took 0.874 seconds
[2025-04-05T19:50:26.661+0000] {processor.py:186} INFO - Started process (PID=254) to work on /opt/airflow/dags/spark_example.py
[2025-04-05T19:50:26.663+0000] {processor.py:914} INFO - Processing file /opt/airflow/dags/spark_example.py for tasks to queue
[2025-04-05T19:50:26.666+0000] {logging_mixin.py:190} INFO - [2025-04-05T19:50:26.665+0000] {dagbag.py:588} INFO - Filling up the DagBag from /opt/airflow/dags/spark_example.py
[2025-04-05T19:50:27.250+0000] {processor.py:925} INFO - DAG(s) 'spark_example' retrieved from /opt/airflow/dags/spark_example.py
[2025-04-05T19:50:27.471+0000] {logging_mixin.py:190} INFO - [2025-04-05T19:50:27.471+0000] {dag.py:3239} INFO - Sync 1 DAGs
[2025-04-05T19:50:27.484+0000] {logging_mixin.py:190} INFO - [2025-04-05T19:50:27.484+0000] {dag.py:4180} INFO - Setting next_dagrun for spark_example to None, run_after=None
[2025-04-05T19:50:27.501+0000] {processor.py:208} INFO - Processing /opt/airflow/dags/spark_example.py took 0.848 seconds
[2025-04-05T19:50:57.616+0000] {processor.py:186} INFO - Started process (PID=266) to work on /opt/airflow/dags/spark_example.py
[2025-04-05T19:50:57.617+0000] {processor.py:914} INFO - Processing file /opt/airflow/dags/spark_example.py for tasks to queue
[2025-04-05T19:50:57.620+0000] {logging_mixin.py:190} INFO - [2025-04-05T19:50:57.620+0000] {dagbag.py:588} INFO - Filling up the DagBag from /opt/airflow/dags/spark_example.py
[2025-04-05T19:50:58.192+0000] {processor.py:925} INFO - DAG(s) 'spark_example' retrieved from /opt/airflow/dags/spark_example.py
[2025-04-05T19:50:58.217+0000] {logging_mixin.py:190} INFO - [2025-04-05T19:50:58.216+0000] {dag.py:3239} INFO - Sync 1 DAGs
[2025-04-05T19:50:58.232+0000] {logging_mixin.py:190} INFO - [2025-04-05T19:50:58.232+0000] {dag.py:4180} INFO - Setting next_dagrun for spark_example to None, run_after=None
[2025-04-05T19:50:58.250+0000] {processor.py:208} INFO - Processing /opt/airflow/dags/spark_example.py took 0.642 seconds
[2025-04-05T19:51:28.776+0000] {processor.py:186} INFO - Started process (PID=279) to work on /opt/airflow/dags/spark_example.py
[2025-04-05T19:51:28.778+0000] {processor.py:914} INFO - Processing file /opt/airflow/dags/spark_example.py for tasks to queue
[2025-04-05T19:51:28.781+0000] {logging_mixin.py:190} INFO - [2025-04-05T19:51:28.780+0000] {dagbag.py:588} INFO - Filling up the DagBag from /opt/airflow/dags/spark_example.py
[2025-04-05T19:51:29.364+0000] {processor.py:925} INFO - DAG(s) 'spark_example' retrieved from /opt/airflow/dags/spark_example.py
[2025-04-05T19:51:29.391+0000] {logging_mixin.py:190} INFO - [2025-04-05T19:51:29.390+0000] {dag.py:3239} INFO - Sync 1 DAGs
[2025-04-05T19:51:29.406+0000] {logging_mixin.py:190} INFO - [2025-04-05T19:51:29.406+0000] {dag.py:4180} INFO - Setting next_dagrun for spark_example to None, run_after=None
[2025-04-05T19:51:29.426+0000] {processor.py:208} INFO - Processing /opt/airflow/dags/spark_example.py took 0.658 seconds
[2025-04-05T19:52:00.008+0000] {processor.py:186} INFO - Started process (PID=292) to work on /opt/airflow/dags/spark_example.py
[2025-04-05T19:52:00.009+0000] {processor.py:914} INFO - Processing file /opt/airflow/dags/spark_example.py for tasks to queue
[2025-04-05T19:52:00.012+0000] {logging_mixin.py:190} INFO - [2025-04-05T19:52:00.011+0000] {dagbag.py:588} INFO - Filling up the DagBag from /opt/airflow/dags/spark_example.py
[2025-04-05T19:52:00.585+0000] {processor.py:925} INFO - DAG(s) 'spark_example' retrieved from /opt/airflow/dags/spark_example.py
[2025-04-05T19:52:00.611+0000] {logging_mixin.py:190} INFO - [2025-04-05T19:52:00.610+0000] {dag.py:3239} INFO - Sync 1 DAGs
[2025-04-05T19:52:00.627+0000] {logging_mixin.py:190} INFO - [2025-04-05T19:52:00.626+0000] {dag.py:4180} INFO - Setting next_dagrun for spark_example to None, run_after=None
[2025-04-05T19:52:00.841+0000] {processor.py:208} INFO - Processing /opt/airflow/dags/spark_example.py took 0.841 seconds
[2025-04-05T19:52:31.782+0000] {processor.py:186} INFO - Started process (PID=310) to work on /opt/airflow/dags/spark_example.py
[2025-04-05T19:52:31.784+0000] {processor.py:914} INFO - Processing file /opt/airflow/dags/spark_example.py for tasks to queue
[2025-04-05T19:52:31.788+0000] {logging_mixin.py:190} INFO - [2025-04-05T19:52:31.787+0000] {dagbag.py:588} INFO - Filling up the DagBag from /opt/airflow/dags/spark_example.py
[2025-04-05T19:52:32.435+0000] {processor.py:925} INFO - DAG(s) 'spark_example' retrieved from /opt/airflow/dags/spark_example.py
[2025-04-05T19:52:32.461+0000] {logging_mixin.py:190} INFO - [2025-04-05T19:52:32.461+0000] {dag.py:3239} INFO - Sync 1 DAGs
[2025-04-05T19:52:32.687+0000] {logging_mixin.py:190} INFO - [2025-04-05T19:52:32.687+0000] {dag.py:4180} INFO - Setting next_dagrun for spark_example to None, run_after=None
[2025-04-05T19:52:32.706+0000] {processor.py:208} INFO - Processing /opt/airflow/dags/spark_example.py took 0.935 seconds
[2025-04-05T19:53:03.075+0000] {processor.py:186} INFO - Started process (PID=325) to work on /opt/airflow/dags/spark_example.py
[2025-04-05T19:53:03.076+0000] {processor.py:914} INFO - Processing file /opt/airflow/dags/spark_example.py for tasks to queue
[2025-04-05T19:53:03.078+0000] {logging_mixin.py:190} INFO - [2025-04-05T19:53:03.078+0000] {dagbag.py:588} INFO - Filling up the DagBag from /opt/airflow/dags/spark_example.py
[2025-04-05T19:53:03.677+0000] {processor.py:925} INFO - DAG(s) 'spark_example' retrieved from /opt/airflow/dags/spark_example.py
[2025-04-05T19:53:03.894+0000] {logging_mixin.py:190} INFO - [2025-04-05T19:53:03.893+0000] {dag.py:3239} INFO - Sync 1 DAGs
[2025-04-05T19:53:03.906+0000] {logging_mixin.py:190} INFO - [2025-04-05T19:53:03.906+0000] {dag.py:4180} INFO - Setting next_dagrun for spark_example to None, run_after=None
[2025-04-05T19:53:03.922+0000] {processor.py:208} INFO - Processing /opt/airflow/dags/spark_example.py took 0.855 seconds
[2025-04-05T19:53:34.789+0000] {processor.py:186} INFO - Started process (PID=338) to work on /opt/airflow/dags/spark_example.py
[2025-04-05T19:53:34.792+0000] {processor.py:914} INFO - Processing file /opt/airflow/dags/spark_example.py for tasks to queue
[2025-04-05T19:53:34.796+0000] {logging_mixin.py:190} INFO - [2025-04-05T19:53:34.795+0000] {dagbag.py:588} INFO - Filling up the DagBag from /opt/airflow/dags/spark_example.py
[2025-04-05T19:53:35.602+0000] {processor.py:925} INFO - DAG(s) 'spark_example' retrieved from /opt/airflow/dags/spark_example.py
[2025-04-05T19:53:35.628+0000] {logging_mixin.py:190} INFO - [2025-04-05T19:53:35.628+0000] {dag.py:3239} INFO - Sync 1 DAGs
[2025-04-05T19:53:35.645+0000] {logging_mixin.py:190} INFO - [2025-04-05T19:53:35.645+0000] {dag.py:4180} INFO - Setting next_dagrun for spark_example to None, run_after=None
[2025-04-05T19:53:35.666+0000] {processor.py:208} INFO - Processing /opt/airflow/dags/spark_example.py took 0.888 seconds
[2025-04-05T19:54:06.265+0000] {processor.py:186} INFO - Started process (PID=351) to work on /opt/airflow/dags/spark_example.py
[2025-04-05T19:54:06.268+0000] {processor.py:914} INFO - Processing file /opt/airflow/dags/spark_example.py for tasks to queue
[2025-04-05T19:54:06.272+0000] {logging_mixin.py:190} INFO - [2025-04-05T19:54:06.272+0000] {dagbag.py:588} INFO - Filling up the DagBag from /opt/airflow/dags/spark_example.py
[2025-04-05T19:54:06.953+0000] {processor.py:925} INFO - DAG(s) 'spark_example' retrieved from /opt/airflow/dags/spark_example.py
[2025-04-05T19:54:06.987+0000] {logging_mixin.py:190} INFO - [2025-04-05T19:54:06.986+0000] {dag.py:3239} INFO - Sync 1 DAGs
[2025-04-05T19:54:07.010+0000] {logging_mixin.py:190} INFO - [2025-04-05T19:54:07.010+0000] {dag.py:4180} INFO - Setting next_dagrun for spark_example to None, run_after=None
[2025-04-05T19:54:07.037+0000] {processor.py:208} INFO - Processing /opt/airflow/dags/spark_example.py took 0.782 seconds
[2025-04-05T19:54:37.573+0000] {processor.py:186} INFO - Started process (PID=364) to work on /opt/airflow/dags/spark_example.py
[2025-04-05T19:54:37.575+0000] {processor.py:914} INFO - Processing file /opt/airflow/dags/spark_example.py for tasks to queue
[2025-04-05T19:54:37.578+0000] {logging_mixin.py:190} INFO - [2025-04-05T19:54:37.577+0000] {dagbag.py:588} INFO - Filling up the DagBag from /opt/airflow/dags/spark_example.py
[2025-04-05T19:54:38.158+0000] {processor.py:925} INFO - DAG(s) 'spark_example' retrieved from /opt/airflow/dags/spark_example.py
[2025-04-05T19:54:38.184+0000] {logging_mixin.py:190} INFO - [2025-04-05T19:54:38.184+0000] {dag.py:3239} INFO - Sync 1 DAGs
[2025-04-05T19:54:38.207+0000] {logging_mixin.py:190} INFO - [2025-04-05T19:54:38.207+0000] {dag.py:4180} INFO - Setting next_dagrun for spark_example to None, run_after=None
[2025-04-05T19:54:38.416+0000] {processor.py:208} INFO - Processing /opt/airflow/dags/spark_example.py took 0.851 seconds
[2025-04-05T19:55:08.729+0000] {processor.py:186} INFO - Started process (PID=377) to work on /opt/airflow/dags/spark_example.py
[2025-04-05T19:55:08.729+0000] {processor.py:914} INFO - Processing file /opt/airflow/dags/spark_example.py for tasks to queue
[2025-04-05T19:55:08.733+0000] {logging_mixin.py:190} INFO - [2025-04-05T19:55:08.732+0000] {dagbag.py:588} INFO - Filling up the DagBag from /opt/airflow/dags/spark_example.py
[2025-04-05T19:55:09.320+0000] {processor.py:925} INFO - DAG(s) 'spark_example' retrieved from /opt/airflow/dags/spark_example.py
[2025-04-05T19:55:09.345+0000] {logging_mixin.py:190} INFO - [2025-04-05T19:55:09.344+0000] {dag.py:3239} INFO - Sync 1 DAGs
[2025-04-05T19:55:09.553+0000] {logging_mixin.py:190} INFO - [2025-04-05T19:55:09.552+0000] {dag.py:4180} INFO - Setting next_dagrun for spark_example to None, run_after=None
[2025-04-05T19:55:09.570+0000] {processor.py:208} INFO - Processing /opt/airflow/dags/spark_example.py took 0.850 seconds
[2025-04-05T19:55:40.249+0000] {processor.py:186} INFO - Started process (PID=391) to work on /opt/airflow/dags/spark_example.py
[2025-04-05T19:55:40.251+0000] {processor.py:914} INFO - Processing file /opt/airflow/dags/spark_example.py for tasks to queue
[2025-04-05T19:55:40.254+0000] {logging_mixin.py:190} INFO - [2025-04-05T19:55:40.253+0000] {dagbag.py:588} INFO - Filling up the DagBag from /opt/airflow/dags/spark_example.py
[2025-04-05T19:55:40.838+0000] {processor.py:925} INFO - DAG(s) 'spark_example' retrieved from /opt/airflow/dags/spark_example.py
[2025-04-05T19:55:41.060+0000] {logging_mixin.py:190} INFO - [2025-04-05T19:55:41.059+0000] {dag.py:3239} INFO - Sync 1 DAGs
[2025-04-05T19:55:41.073+0000] {logging_mixin.py:190} INFO - [2025-04-05T19:55:41.073+0000] {dag.py:4180} INFO - Setting next_dagrun for spark_example to None, run_after=None
[2025-04-05T19:55:41.089+0000] {processor.py:208} INFO - Processing /opt/airflow/dags/spark_example.py took 0.848 seconds
[2025-04-05T19:56:11.456+0000] {processor.py:186} INFO - Started process (PID=403) to work on /opt/airflow/dags/spark_example.py
[2025-04-05T19:56:11.457+0000] {processor.py:914} INFO - Processing file /opt/airflow/dags/spark_example.py for tasks to queue
[2025-04-05T19:56:11.459+0000] {logging_mixin.py:190} INFO - [2025-04-05T19:56:11.459+0000] {dagbag.py:588} INFO - Filling up the DagBag from /opt/airflow/dags/spark_example.py
[2025-04-05T19:56:12.036+0000] {processor.py:925} INFO - DAG(s) 'spark_example' retrieved from /opt/airflow/dags/spark_example.py
[2025-04-05T19:56:12.061+0000] {logging_mixin.py:190} INFO - [2025-04-05T19:56:12.060+0000] {dag.py:3239} INFO - Sync 1 DAGs
[2025-04-05T19:56:12.076+0000] {logging_mixin.py:190} INFO - [2025-04-05T19:56:12.076+0000] {dag.py:4180} INFO - Setting next_dagrun for spark_example to None, run_after=None
[2025-04-05T19:56:12.094+0000] {processor.py:208} INFO - Processing /opt/airflow/dags/spark_example.py took 0.646 seconds
[2025-04-05T19:56:42.688+0000] {processor.py:186} INFO - Started process (PID=416) to work on /opt/airflow/dags/spark_example.py
[2025-04-05T19:56:42.690+0000] {processor.py:914} INFO - Processing file /opt/airflow/dags/spark_example.py for tasks to queue
[2025-04-05T19:56:42.692+0000] {logging_mixin.py:190} INFO - [2025-04-05T19:56:42.692+0000] {dagbag.py:588} INFO - Filling up the DagBag from /opt/airflow/dags/spark_example.py
[2025-04-05T19:56:43.257+0000] {processor.py:925} INFO - DAG(s) 'spark_example' retrieved from /opt/airflow/dags/spark_example.py
[2025-04-05T19:56:43.283+0000] {logging_mixin.py:190} INFO - [2025-04-05T19:56:43.282+0000] {dag.py:3239} INFO - Sync 1 DAGs
[2025-04-05T19:56:43.299+0000] {logging_mixin.py:190} INFO - [2025-04-05T19:56:43.298+0000] {dag.py:4180} INFO - Setting next_dagrun for spark_example to None, run_after=None
[2025-04-05T19:56:43.319+0000] {processor.py:208} INFO - Processing /opt/airflow/dags/spark_example.py took 0.638 seconds
[2025-04-05T19:57:13.824+0000] {processor.py:186} INFO - Started process (PID=429) to work on /opt/airflow/dags/spark_example.py
[2025-04-05T19:57:13.825+0000] {processor.py:914} INFO - Processing file /opt/airflow/dags/spark_example.py for tasks to queue
[2025-04-05T19:57:13.828+0000] {logging_mixin.py:190} INFO - [2025-04-05T19:57:13.828+0000] {dagbag.py:588} INFO - Filling up the DagBag from /opt/airflow/dags/spark_example.py
[2025-04-05T19:57:14.393+0000] {processor.py:925} INFO - DAG(s) 'spark_example' retrieved from /opt/airflow/dags/spark_example.py
[2025-04-05T19:57:14.419+0000] {logging_mixin.py:190} INFO - [2025-04-05T19:57:14.419+0000] {dag.py:3239} INFO - Sync 1 DAGs
[2025-04-05T19:57:14.436+0000] {logging_mixin.py:190} INFO - [2025-04-05T19:57:14.436+0000] {dag.py:4180} INFO - Setting next_dagrun for spark_example to None, run_after=None
[2025-04-05T19:57:14.651+0000] {processor.py:208} INFO - Processing /opt/airflow/dags/spark_example.py took 0.834 seconds
[2025-04-05T19:57:45.052+0000] {processor.py:186} INFO - Started process (PID=442) to work on /opt/airflow/dags/spark_example.py
[2025-04-05T19:57:45.054+0000] {processor.py:914} INFO - Processing file /opt/airflow/dags/spark_example.py for tasks to queue
[2025-04-05T19:57:45.057+0000] {logging_mixin.py:190} INFO - [2025-04-05T19:57:45.056+0000] {dagbag.py:588} INFO - Filling up the DagBag from /opt/airflow/dags/spark_example.py
[2025-04-05T19:57:45.636+0000] {processor.py:925} INFO - DAG(s) 'spark_example' retrieved from /opt/airflow/dags/spark_example.py
[2025-04-05T19:57:45.662+0000] {logging_mixin.py:190} INFO - [2025-04-05T19:57:45.662+0000] {dag.py:3239} INFO - Sync 1 DAGs
[2025-04-05T19:57:45.871+0000] {logging_mixin.py:190} INFO - [2025-04-05T19:57:45.871+0000] {dag.py:4180} INFO - Setting next_dagrun for spark_example to None, run_after=None
[2025-04-05T19:57:45.887+0000] {processor.py:208} INFO - Processing /opt/airflow/dags/spark_example.py took 0.843 seconds
[2025-04-05T19:58:16.258+0000] {processor.py:186} INFO - Started process (PID=455) to work on /opt/airflow/dags/spark_example.py
[2025-04-05T19:58:16.258+0000] {processor.py:914} INFO - Processing file /opt/airflow/dags/spark_example.py for tasks to queue
[2025-04-05T19:58:16.261+0000] {logging_mixin.py:190} INFO - [2025-04-05T19:58:16.261+0000] {dagbag.py:588} INFO - Filling up the DagBag from /opt/airflow/dags/spark_example.py
[2025-04-05T19:58:16.826+0000] {processor.py:925} INFO - DAG(s) 'spark_example' retrieved from /opt/airflow/dags/spark_example.py
[2025-04-05T19:58:17.041+0000] {logging_mixin.py:190} INFO - [2025-04-05T19:58:17.040+0000] {dag.py:3239} INFO - Sync 1 DAGs
[2025-04-05T19:58:17.054+0000] {logging_mixin.py:190} INFO - [2025-04-05T19:58:17.054+0000] {dag.py:4180} INFO - Setting next_dagrun for spark_example to None, run_after=None
[2025-04-05T19:58:17.069+0000] {processor.py:208} INFO - Processing /opt/airflow/dags/spark_example.py took 0.819 seconds
[2025-04-05T19:58:47.475+0000] {processor.py:186} INFO - Started process (PID=467) to work on /opt/airflow/dags/spark_example.py
[2025-04-05T19:58:47.476+0000] {processor.py:914} INFO - Processing file /opt/airflow/dags/spark_example.py for tasks to queue
[2025-04-05T19:58:47.478+0000] {logging_mixin.py:190} INFO - [2025-04-05T19:58:47.478+0000] {dagbag.py:588} INFO - Filling up the DagBag from /opt/airflow/dags/spark_example.py
[2025-04-05T19:58:48.052+0000] {processor.py:925} INFO - DAG(s) 'spark_example' retrieved from /opt/airflow/dags/spark_example.py
[2025-04-05T19:58:48.079+0000] {logging_mixin.py:190} INFO - [2025-04-05T19:58:48.078+0000] {dag.py:3239} INFO - Sync 1 DAGs
[2025-04-05T19:58:48.094+0000] {logging_mixin.py:190} INFO - [2025-04-05T19:58:48.094+0000] {dag.py:4180} INFO - Setting next_dagrun for spark_example to None, run_after=None
[2025-04-05T19:58:48.113+0000] {processor.py:208} INFO - Processing /opt/airflow/dags/spark_example.py took 0.645 seconds
[2025-04-05T19:59:18.680+0000] {processor.py:186} INFO - Started process (PID=480) to work on /opt/airflow/dags/spark_example.py
[2025-04-05T19:59:18.681+0000] {processor.py:914} INFO - Processing file /opt/airflow/dags/spark_example.py for tasks to queue
[2025-04-05T19:59:18.684+0000] {logging_mixin.py:190} INFO - [2025-04-05T19:59:18.684+0000] {dagbag.py:588} INFO - Filling up the DagBag from /opt/airflow/dags/spark_example.py
[2025-04-05T19:59:19.251+0000] {processor.py:925} INFO - DAG(s) 'spark_example' retrieved from /opt/airflow/dags/spark_example.py
[2025-04-05T19:59:19.278+0000] {logging_mixin.py:190} INFO - [2025-04-05T19:59:19.277+0000] {dag.py:3239} INFO - Sync 1 DAGs
[2025-04-05T19:59:19.294+0000] {logging_mixin.py:190} INFO - [2025-04-05T19:59:19.293+0000] {dag.py:4180} INFO - Setting next_dagrun for spark_example to None, run_after=None
[2025-04-05T19:59:19.525+0000] {processor.py:208} INFO - Processing /opt/airflow/dags/spark_example.py took 0.853 seconds
[2025-04-05T19:59:49.970+0000] {processor.py:186} INFO - Started process (PID=493) to work on /opt/airflow/dags/spark_example.py
[2025-04-05T19:59:49.972+0000] {processor.py:914} INFO - Processing file /opt/airflow/dags/spark_example.py for tasks to queue
[2025-04-05T19:59:49.974+0000] {logging_mixin.py:190} INFO - [2025-04-05T19:59:49.974+0000] {dagbag.py:588} INFO - Filling up the DagBag from /opt/airflow/dags/spark_example.py
[2025-04-05T19:59:50.583+0000] {processor.py:925} INFO - DAG(s) 'spark_example' retrieved from /opt/airflow/dags/spark_example.py
[2025-04-05T19:59:50.610+0000] {logging_mixin.py:190} INFO - [2025-04-05T19:59:50.609+0000] {dag.py:3239} INFO - Sync 1 DAGs
[2025-04-05T19:59:50.628+0000] {logging_mixin.py:190} INFO - [2025-04-05T19:59:50.628+0000] {dag.py:4180} INFO - Setting next_dagrun for spark_example to None, run_after=None
[2025-04-05T19:59:50.856+0000] {processor.py:208} INFO - Processing /opt/airflow/dags/spark_example.py took 0.896 seconds
[2025-04-05T20:00:21.166+0000] {processor.py:186} INFO - Started process (PID=506) to work on /opt/airflow/dags/spark_example.py
[2025-04-05T20:00:21.167+0000] {processor.py:914} INFO - Processing file /opt/airflow/dags/spark_example.py for tasks to queue
[2025-04-05T20:00:21.170+0000] {logging_mixin.py:190} INFO - [2025-04-05T20:00:21.170+0000] {dagbag.py:588} INFO - Filling up the DagBag from /opt/airflow/dags/spark_example.py
[2025-04-05T20:00:21.746+0000] {processor.py:925} INFO - DAG(s) 'spark_example' retrieved from /opt/airflow/dags/spark_example.py
[2025-04-05T20:00:21.774+0000] {logging_mixin.py:190} INFO - [2025-04-05T20:00:21.774+0000] {dag.py:3239} INFO - Sync 1 DAGs
[2025-04-05T20:00:21.989+0000] {logging_mixin.py:190} INFO - [2025-04-05T20:00:21.988+0000] {dag.py:4180} INFO - Setting next_dagrun for spark_example to None, run_after=None
[2025-04-05T20:00:22.005+0000] {processor.py:208} INFO - Processing /opt/airflow/dags/spark_example.py took 0.847 seconds
[2025-04-05T20:00:52.390+0000] {processor.py:186} INFO - Started process (PID=519) to work on /opt/airflow/dags/spark_example.py
[2025-04-05T20:00:52.393+0000] {processor.py:914} INFO - Processing file /opt/airflow/dags/spark_example.py for tasks to queue
[2025-04-05T20:00:52.396+0000] {logging_mixin.py:190} INFO - [2025-04-05T20:00:52.395+0000] {dagbag.py:588} INFO - Filling up the DagBag from /opt/airflow/dags/spark_example.py
[2025-04-05T20:00:52.970+0000] {processor.py:925} INFO - DAG(s) 'spark_example' retrieved from /opt/airflow/dags/spark_example.py
[2025-04-05T20:00:53.189+0000] {logging_mixin.py:190} INFO - [2025-04-05T20:00:53.188+0000] {dag.py:3239} INFO - Sync 1 DAGs
[2025-04-05T20:00:53.202+0000] {logging_mixin.py:190} INFO - [2025-04-05T20:00:53.201+0000] {dag.py:4180} INFO - Setting next_dagrun for spark_example to None, run_after=None
[2025-04-05T20:00:53.217+0000] {processor.py:208} INFO - Processing /opt/airflow/dags/spark_example.py took 0.835 seconds
[2025-04-05T20:01:23.581+0000] {processor.py:186} INFO - Started process (PID=532) to work on /opt/airflow/dags/spark_example.py
[2025-04-05T20:01:23.583+0000] {processor.py:914} INFO - Processing file /opt/airflow/dags/spark_example.py for tasks to queue
[2025-04-05T20:01:23.586+0000] {logging_mixin.py:190} INFO - [2025-04-05T20:01:23.585+0000] {dagbag.py:588} INFO - Filling up the DagBag from /opt/airflow/dags/spark_example.py
[2025-04-05T20:01:24.167+0000] {processor.py:925} INFO - DAG(s) 'spark_example' retrieved from /opt/airflow/dags/spark_example.py
[2025-04-05T20:01:24.193+0000] {logging_mixin.py:190} INFO - [2025-04-05T20:01:24.193+0000] {dag.py:3239} INFO - Sync 1 DAGs
[2025-04-05T20:01:24.209+0000] {logging_mixin.py:190} INFO - [2025-04-05T20:01:24.209+0000] {dag.py:4180} INFO - Setting next_dagrun for spark_example to None, run_after=None
[2025-04-05T20:01:24.227+0000] {processor.py:208} INFO - Processing /opt/airflow/dags/spark_example.py took 0.654 seconds
[2025-04-05T20:01:54.893+0000] {processor.py:186} INFO - Started process (PID=545) to work on /opt/airflow/dags/spark_example.py
[2025-04-05T20:01:54.895+0000] {processor.py:914} INFO - Processing file /opt/airflow/dags/spark_example.py for tasks to queue
[2025-04-05T20:01:54.897+0000] {logging_mixin.py:190} INFO - [2025-04-05T20:01:54.897+0000] {dagbag.py:588} INFO - Filling up the DagBag from /opt/airflow/dags/spark_example.py
[2025-04-05T20:01:55.569+0000] {processor.py:925} INFO - DAG(s) 'spark_example' retrieved from /opt/airflow/dags/spark_example.py
[2025-04-05T20:01:55.595+0000] {logging_mixin.py:190} INFO - [2025-04-05T20:01:55.594+0000] {dag.py:3239} INFO - Sync 1 DAGs
[2025-04-05T20:01:55.612+0000] {logging_mixin.py:190} INFO - [2025-04-05T20:01:55.611+0000] {dag.py:4180} INFO - Setting next_dagrun for spark_example to None, run_after=None
[2025-04-05T20:01:55.634+0000] {processor.py:208} INFO - Processing /opt/airflow/dags/spark_example.py took 0.749 seconds
[2025-04-05T20:02:26.141+0000] {processor.py:186} INFO - Started process (PID=558) to work on /opt/airflow/dags/spark_example.py
[2025-04-05T20:02:26.143+0000] {processor.py:914} INFO - Processing file /opt/airflow/dags/spark_example.py for tasks to queue
[2025-04-05T20:02:26.146+0000] {logging_mixin.py:190} INFO - [2025-04-05T20:02:26.145+0000] {dagbag.py:588} INFO - Filling up the DagBag from /opt/airflow/dags/spark_example.py
[2025-04-05T20:02:26.728+0000] {processor.py:925} INFO - DAG(s) 'spark_example' retrieved from /opt/airflow/dags/spark_example.py
[2025-04-05T20:02:26.754+0000] {logging_mixin.py:190} INFO - [2025-04-05T20:02:26.753+0000] {dag.py:3239} INFO - Sync 1 DAGs
[2025-04-05T20:02:26.968+0000] {logging_mixin.py:190} INFO - [2025-04-05T20:02:26.968+0000] {dag.py:4180} INFO - Setting next_dagrun for spark_example to None, run_after=None
[2025-04-05T20:02:26.997+0000] {processor.py:208} INFO - Processing /opt/airflow/dags/spark_example.py took 0.864 seconds
[2025-04-05T20:02:57.471+0000] {processor.py:186} INFO - Started process (PID=570) to work on /opt/airflow/dags/spark_example.py
[2025-04-05T20:02:57.473+0000] {processor.py:914} INFO - Processing file /opt/airflow/dags/spark_example.py for tasks to queue
[2025-04-05T20:02:57.476+0000] {logging_mixin.py:190} INFO - [2025-04-05T20:02:57.475+0000] {dagbag.py:588} INFO - Filling up the DagBag from /opt/airflow/dags/spark_example.py
[2025-04-05T20:02:58.038+0000] {processor.py:925} INFO - DAG(s) 'spark_example' retrieved from /opt/airflow/dags/spark_example.py
[2025-04-05T20:02:58.071+0000] {logging_mixin.py:190} INFO - [2025-04-05T20:02:58.070+0000] {dag.py:3239} INFO - Sync 1 DAGs
[2025-04-05T20:02:58.284+0000] {logging_mixin.py:190} INFO - [2025-04-05T20:02:58.283+0000] {dag.py:4180} INFO - Setting next_dagrun for spark_example to None, run_after=None
[2025-04-05T20:02:58.300+0000] {processor.py:208} INFO - Processing /opt/airflow/dags/spark_example.py took 0.836 seconds
[2025-04-05T20:03:28.760+0000] {processor.py:186} INFO - Started process (PID=583) to work on /opt/airflow/dags/spark_example.py
[2025-04-05T20:03:28.761+0000] {processor.py:914} INFO - Processing file /opt/airflow/dags/spark_example.py for tasks to queue
[2025-04-05T20:03:28.765+0000] {logging_mixin.py:190} INFO - [2025-04-05T20:03:28.764+0000] {dagbag.py:588} INFO - Filling up the DagBag from /opt/airflow/dags/spark_example.py
[2025-04-05T20:03:29.366+0000] {processor.py:925} INFO - DAG(s) 'spark_example' retrieved from /opt/airflow/dags/spark_example.py
[2025-04-05T20:03:29.589+0000] {logging_mixin.py:190} INFO - [2025-04-05T20:03:29.588+0000] {dag.py:3239} INFO - Sync 1 DAGs
[2025-04-05T20:03:29.602+0000] {logging_mixin.py:190} INFO - [2025-04-05T20:03:29.602+0000] {dag.py:4180} INFO - Setting next_dagrun for spark_example to None, run_after=None
[2025-04-05T20:03:29.620+0000] {processor.py:208} INFO - Processing /opt/airflow/dags/spark_example.py took 0.869 seconds
[2025-04-05T20:04:00.321+0000] {processor.py:186} INFO - Started process (PID=595) to work on /opt/airflow/dags/spark_example.py
[2025-04-05T20:04:00.323+0000] {processor.py:914} INFO - Processing file /opt/airflow/dags/spark_example.py for tasks to queue
[2025-04-05T20:04:00.327+0000] {logging_mixin.py:190} INFO - [2025-04-05T20:04:00.326+0000] {dagbag.py:588} INFO - Filling up the DagBag from /opt/airflow/dags/spark_example.py
[2025-04-05T20:04:01.330+0000] {processor.py:925} INFO - DAG(s) 'spark_example' retrieved from /opt/airflow/dags/spark_example.py
[2025-04-05T20:04:01.362+0000] {logging_mixin.py:190} INFO - [2025-04-05T20:04:01.361+0000] {dag.py:3239} INFO - Sync 1 DAGs
[2025-04-05T20:04:01.383+0000] {logging_mixin.py:190} INFO - [2025-04-05T20:04:01.383+0000] {dag.py:4180} INFO - Setting next_dagrun for spark_example to None, run_after=None
[2025-04-05T20:04:01.407+0000] {processor.py:208} INFO - Processing /opt/airflow/dags/spark_example.py took 1.097 seconds
