[2025-09-04T19:34:42.608+0000] {local_task_job_runner.py:123} INFO - ::group::Pre task execution logs
[2025-09-04T19:34:42.624+0000] {taskinstance.py:2613} INFO - Dependencies all met for dep_context=non-requeueable deps ti=<TaskInstance: spark_example.spark_submit_job manual__2025-09-04T19:34:40.770582+00:00 [queued]>
[2025-09-04T19:34:42.632+0000] {taskinstance.py:2613} INFO - Dependencies all met for dep_context=requeueable deps ti=<TaskInstance: spark_example.spark_submit_job manual__2025-09-04T19:34:40.770582+00:00 [queued]>
[2025-09-04T19:34:42.632+0000] {taskinstance.py:2866} INFO - Starting attempt 1 of 1
[2025-09-04T19:34:42.645+0000] {taskinstance.py:2889} INFO - Executing <Task(SparkSubmitOperator): spark_submit_job> on 2025-09-04 19:34:40.770582+00:00
[2025-09-04T19:34:42.652+0000] {warnings.py:112} WARNING - /home/***/.local/lib/python3.12/site-packages/***/task/task_runner/standard_task_runner.py:70: DeprecationWarning: This process (pid=970) is multi-threaded, use of fork() may lead to deadlocks in the child.
  pid = os.fork()

[2025-09-04T19:34:42.654+0000] {standard_task_runner.py:72} INFO - Started process 972 to run task
[2025-09-04T19:34:42.655+0000] {standard_task_runner.py:104} INFO - Running: ['***', 'tasks', 'run', 'spark_example', 'spark_submit_job', 'manual__2025-09-04T19:34:40.770582+00:00', '--job-id', '140', '--raw', '--subdir', 'DAGS_FOLDER/spark_example.py', '--cfg-path', '/tmp/tmpwjykblyl']
[2025-09-04T19:34:42.657+0000] {standard_task_runner.py:105} INFO - Job 140: Subtask spark_submit_job
[2025-09-04T19:34:42.711+0000] {task_command.py:467} INFO - Running <TaskInstance: spark_example.spark_submit_job manual__2025-09-04T19:34:40.770582+00:00 [running]> on host 1d7a6825dc2f
[2025-09-04T19:34:42.788+0000] {taskinstance.py:3132} INFO - Exporting env vars: AIRFLOW_CTX_DAG_OWNER='Smalch' AIRFLOW_CTX_DAG_ID='spark_example' AIRFLOW_CTX_TASK_ID='spark_submit_job' AIRFLOW_CTX_EXECUTION_DATE='2025-09-04T19:34:40.770582+00:00' AIRFLOW_CTX_TRY_NUMBER='1' AIRFLOW_CTX_DAG_RUN_ID='manual__2025-09-04T19:34:40.770582+00:00'
[2025-09-04T19:34:42.789+0000] {taskinstance.py:731} INFO - ::endgroup::
[2025-09-04T19:34:42.799+0000] {base.py:84} INFO - Retrieving connection 'spark'
[2025-09-04T19:34:42.800+0000] {spark_submit.py:327} ERROR - Failed to decode base64 keytab: Incorrect padding
[2025-09-04T19:34:42.801+0000] {spark_submit.py:304} INFO - Could not load connection string spark, defaulting to spark://spark-master:7077
[2025-09-04T19:34:42.802+0000] {spark_submit.py:473} INFO - Spark-Submit cmd: spark-submit --master spark://spark-master:7077 --num-executors 1 --total-executor-cores 1 --executor-cores 1 --executor-memory 50g --driver-memory 50g --name arrow-spark --verbose --deploy-mode client dags/spark_app/spark_1.py
[2025-09-04T19:34:43.118+0000] {spark_submit.py:634} INFO - WARNING: Using incubator modules: jdk.incubator.vector
[2025-09-04T19:34:44.349+0000] {spark_submit.py:634} INFO - Parsed arguments:
[2025-09-04T19:34:44.349+0000] {spark_submit.py:634} INFO - master                  spark://spark-master:7077
[2025-09-04T19:34:44.351+0000] {spark_submit.py:634} INFO - remote                  null
[2025-09-04T19:34:44.351+0000] {spark_submit.py:634} INFO - deployMode              client
[2025-09-04T19:34:44.352+0000] {spark_submit.py:634} INFO - executorMemory          50g
[2025-09-04T19:34:44.352+0000] {spark_submit.py:634} INFO - executorCores           1
[2025-09-04T19:34:44.352+0000] {spark_submit.py:634} INFO - totalExecutorCores      1
[2025-09-04T19:34:44.353+0000] {spark_submit.py:634} INFO - propertiesFile          null
[2025-09-04T19:34:44.353+0000] {spark_submit.py:634} INFO - driverMemory            50g
[2025-09-04T19:34:44.353+0000] {spark_submit.py:634} INFO - driverCores             null
[2025-09-04T19:34:44.354+0000] {spark_submit.py:634} INFO - driverExtraClassPath    null
[2025-09-04T19:34:44.354+0000] {spark_submit.py:634} INFO - driverExtraLibraryPath  null
[2025-09-04T19:34:44.355+0000] {spark_submit.py:634} INFO - driverExtraJavaOptions  null
[2025-09-04T19:34:44.355+0000] {spark_submit.py:634} INFO - supervise               false
[2025-09-04T19:34:44.355+0000] {spark_submit.py:634} INFO - queue                   null
[2025-09-04T19:34:44.356+0000] {spark_submit.py:634} INFO - numExecutors            1
[2025-09-04T19:34:44.356+0000] {spark_submit.py:634} INFO - files                   null
[2025-09-04T19:34:44.356+0000] {spark_submit.py:634} INFO - pyFiles                 null
[2025-09-04T19:34:44.357+0000] {spark_submit.py:634} INFO - archives                null
[2025-09-04T19:34:44.357+0000] {spark_submit.py:634} INFO - mainClass               null
[2025-09-04T19:34:44.357+0000] {spark_submit.py:634} INFO - primaryResource         file:/opt/***/dags/spark_app/spark_1.py
[2025-09-04T19:34:44.358+0000] {spark_submit.py:634} INFO - name                    arrow-spark
[2025-09-04T19:34:44.358+0000] {spark_submit.py:634} INFO - childArgs               []
[2025-09-04T19:34:44.358+0000] {spark_submit.py:634} INFO - jars                    null
[2025-09-04T19:34:44.359+0000] {spark_submit.py:634} INFO - packages                null
[2025-09-04T19:34:44.359+0000] {spark_submit.py:634} INFO - packagesExclusions      null
[2025-09-04T19:34:44.359+0000] {spark_submit.py:634} INFO - repositories            null
[2025-09-04T19:34:44.360+0000] {spark_submit.py:634} INFO - verbose                 true
[2025-09-04T19:34:44.360+0000] {spark_submit.py:634} INFO - 
[2025-09-04T19:34:44.360+0000] {spark_submit.py:634} INFO - Spark properties used, including those specified through
[2025-09-04T19:34:44.361+0000] {spark_submit.py:634} INFO - --conf and those from the properties file null:
[2025-09-04T19:34:44.361+0000] {spark_submit.py:634} INFO - (spark.driver.memory,50g)
[2025-09-04T19:34:44.361+0000] {spark_submit.py:634} INFO - 
[2025-09-04T19:34:44.362+0000] {spark_submit.py:634} INFO - 
[2025-09-04T19:34:44.572+0000] {spark_submit.py:634} INFO - Main class:
[2025-09-04T19:34:44.572+0000] {spark_submit.py:634} INFO - org.apache.spark.deploy.PythonRunner
[2025-09-04T19:34:44.573+0000] {spark_submit.py:634} INFO - Arguments:
[2025-09-04T19:34:44.573+0000] {spark_submit.py:634} INFO - file:/opt/***/dags/spark_app/spark_1.py
[2025-09-04T19:34:44.574+0000] {spark_submit.py:634} INFO - null
[2025-09-04T19:34:44.574+0000] {spark_submit.py:634} INFO - Spark config:
[2025-09-04T19:34:44.574+0000] {spark_submit.py:634} INFO - (spark.app.name,arrow-spark)
[2025-09-04T19:34:44.575+0000] {spark_submit.py:634} INFO - (spark.app.submitTime,1757014484540)
[2025-09-04T19:34:44.575+0000] {spark_submit.py:634} INFO - (spark.cores.max,1)
[2025-09-04T19:34:44.575+0000] {spark_submit.py:634} INFO - (spark.driver.memory,50g)
[2025-09-04T19:34:44.575+0000] {spark_submit.py:634} INFO - (spark.executor.cores,1)
[2025-09-04T19:34:44.576+0000] {spark_submit.py:634} INFO - (spark.executor.memory,50g)
[2025-09-04T19:34:44.576+0000] {spark_submit.py:634} INFO - (spark.master,spark://spark-master:7077)
[2025-09-04T19:34:44.576+0000] {spark_submit.py:634} INFO - (spark.submit.deployMode,client)
[2025-09-04T19:34:44.576+0000] {spark_submit.py:634} INFO - (spark.submit.pyFiles,)
[2025-09-04T19:34:44.577+0000] {spark_submit.py:634} INFO - Classpath elements:
[2025-09-04T19:34:44.577+0000] {spark_submit.py:634} INFO - 
[2025-09-04T19:34:44.577+0000] {spark_submit.py:634} INFO - 
[2025-09-04T19:34:44.577+0000] {spark_submit.py:634} INFO - 
[2025-09-04T19:34:46.506+0000] {spark_submit.py:634} INFO - Using Spark's default log4j profile: org/apache/spark/log4j2-defaults.properties
[2025-09-04T19:34:46.517+0000] {spark_submit.py:634} INFO - 25/09/04 19:34:46 INFO SparkContext: Running Spark version 4.0.0
[2025-09-04T19:34:46.522+0000] {spark_submit.py:634} INFO - 25/09/04 19:34:46 INFO SparkContext: OS info Linux, 5.10.0-35-cloud-amd64, amd64
[2025-09-04T19:34:46.523+0000] {spark_submit.py:634} INFO - 25/09/04 19:34:46 INFO SparkContext: Java version 17.0.15
[2025-09-04T19:34:46.604+0000] {spark_submit.py:634} INFO - 25/09/04 19:34:46 WARN NativeCodeLoader: Unable to load native-hadoop library for your platform... using builtin-java classes where applicable
[2025-09-04T19:34:46.650+0000] {spark_submit.py:634} INFO - 25/09/04 19:34:46 INFO ResourceUtils: ==============================================================
[2025-09-04T19:34:46.651+0000] {spark_submit.py:634} INFO - 25/09/04 19:34:46 INFO ResourceUtils: No custom resources configured for spark.driver.
[2025-09-04T19:34:46.651+0000] {spark_submit.py:634} INFO - 25/09/04 19:34:46 INFO ResourceUtils: ==============================================================
[2025-09-04T19:34:46.651+0000] {spark_submit.py:634} INFO - 25/09/04 19:34:46 INFO SparkContext: Submitted application: ExampleJob111
[2025-09-04T19:34:46.675+0000] {spark_submit.py:634} INFO - 25/09/04 19:34:46 INFO ResourceProfile: Default ResourceProfile created, executor resources: Map(cores -> name: cores, amount: 1, script: , vendor: , memory -> name: memory, amount: 51200, script: , vendor: , offHeap -> name: offHeap, amount: 0, script: , vendor: ), task resources: Map(cpus -> name: cpus, amount: 1.0)
[2025-09-04T19:34:46.681+0000] {spark_submit.py:634} INFO - 25/09/04 19:34:46 INFO ResourceProfile: Limiting resource is cpus at 1 tasks per executor
[2025-09-04T19:34:46.683+0000] {spark_submit.py:634} INFO - 25/09/04 19:34:46 INFO ResourceProfileManager: Added ResourceProfile id: 0
[2025-09-04T19:34:46.731+0000] {spark_submit.py:634} INFO - 25/09/04 19:34:46 INFO SecurityManager: Changing view acls to: default
[2025-09-04T19:34:46.732+0000] {spark_submit.py:634} INFO - 25/09/04 19:34:46 INFO SecurityManager: Changing modify acls to: default
[2025-09-04T19:34:46.732+0000] {spark_submit.py:634} INFO - 25/09/04 19:34:46 INFO SecurityManager: Changing view acls groups to: default
[2025-09-04T19:34:46.733+0000] {spark_submit.py:634} INFO - 25/09/04 19:34:46 INFO SecurityManager: Changing modify acls groups to: default
[2025-09-04T19:34:46.735+0000] {spark_submit.py:634} INFO - 25/09/04 19:34:46 INFO SecurityManager: SecurityManager: authentication disabled; ui acls disabled; users with view permissions: default groups with view permissions: EMPTY; users with modify permissions: default; groups with modify permissions: EMPTY; RPC SSL disabled
[2025-09-04T19:34:46.980+0000] {spark_submit.py:634} INFO - 25/09/04 19:34:46 INFO Utils: Successfully started service 'sparkDriver' on port 34915.
[2025-09-04T19:34:47.014+0000] {spark_submit.py:634} INFO - 25/09/04 19:34:47 INFO SparkEnv: Registering MapOutputTracker
[2025-09-04T19:34:47.030+0000] {spark_submit.py:634} INFO - 25/09/04 19:34:47 INFO SparkEnv: Registering BlockManagerMaster
[2025-09-04T19:34:47.050+0000] {spark_submit.py:634} INFO - 25/09/04 19:34:47 INFO BlockManagerMasterEndpoint: Using org.apache.spark.storage.DefaultTopologyMapper for getting topology information
[2025-09-04T19:34:47.051+0000] {spark_submit.py:634} INFO - 25/09/04 19:34:47 INFO BlockManagerMasterEndpoint: BlockManagerMasterEndpoint up
[2025-09-04T19:34:47.055+0000] {spark_submit.py:634} INFO - 25/09/04 19:34:47 INFO SparkEnv: Registering BlockManagerMasterHeartbeat
[2025-09-04T19:34:47.081+0000] {spark_submit.py:634} INFO - 25/09/04 19:34:47 INFO DiskBlockManager: Created local directory at /tmp/blockmgr-a5ec8d5f-37c9-46f2-a180-8decd953a027
[2025-09-04T19:34:47.106+0000] {spark_submit.py:634} INFO - 25/09/04 19:34:47 INFO SparkEnv: Registering OutputCommitCoordinator
[2025-09-04T19:34:47.224+0000] {spark_submit.py:634} INFO - 25/09/04 19:34:47 INFO JettyUtils: Start Jetty 0.0.0.0:4040 for SparkUI
[2025-09-04T19:34:47.324+0000] {spark_submit.py:634} INFO - 25/09/04 19:34:47 INFO Utils: Successfully started service 'SparkUI' on port 4040.
[2025-09-04T19:34:47.373+0000] {spark_submit.py:634} INFO - 25/09/04 19:34:47 INFO SecurityManager: Changing view acls to: default
[2025-09-04T19:34:47.374+0000] {spark_submit.py:634} INFO - 25/09/04 19:34:47 INFO SecurityManager: Changing modify acls to: default
[2025-09-04T19:34:47.374+0000] {spark_submit.py:634} INFO - 25/09/04 19:34:47 INFO SecurityManager: Changing view acls groups to: default
[2025-09-04T19:34:47.375+0000] {spark_submit.py:634} INFO - 25/09/04 19:34:47 INFO SecurityManager: Changing modify acls groups to: default
[2025-09-04T19:34:47.375+0000] {spark_submit.py:634} INFO - 25/09/04 19:34:47 INFO SecurityManager: SecurityManager: authentication disabled; ui acls disabled; users with view permissions: default groups with view permissions: EMPTY; users with modify permissions: default; groups with modify permissions: EMPTY; RPC SSL disabled
[2025-09-04T19:34:47.508+0000] {spark_submit.py:634} INFO - 25/09/04 19:34:47 INFO StandaloneAppClient$ClientEndpoint: Connecting to master spark://spark-master:7077...
[2025-09-04T19:34:47.551+0000] {spark_submit.py:634} INFO - 25/09/04 19:34:47 INFO TransportClientFactory: Successfully created connection to spark-master/172.18.0.2:7077 after 23 ms (0 ms spent in bootstraps)
[2025-09-04T19:34:47.579+0000] {spark_submit.py:634} INFO - 25/09/04 19:34:47 WARN StandaloneAppClient$ClientEndpoint: Failed to connect to master spark-master:7077
[2025-09-04T19:34:47.580+0000] {spark_submit.py:634} INFO - org.apache.spark.SparkException: Exception thrown in awaitResult:
[2025-09-04T19:34:47.580+0000] {spark_submit.py:634} INFO - at org.apache.spark.util.SparkThreadUtils$.awaitResult(SparkThreadUtils.scala:53)
[2025-09-04T19:34:47.580+0000] {spark_submit.py:634} INFO - at org.apache.spark.util.ThreadUtils$.awaitResult(ThreadUtils.scala:342)
[2025-09-04T19:34:47.581+0000] {spark_submit.py:634} INFO - at org.apache.spark.rpc.RpcTimeout.awaitResult(RpcTimeout.scala:75)
[2025-09-04T19:34:47.581+0000] {spark_submit.py:634} INFO - at org.apache.spark.rpc.RpcEnv.setupEndpointRefByURI(RpcEnv.scala:102)
[2025-09-04T19:34:47.581+0000] {spark_submit.py:634} INFO - at org.apache.spark.rpc.RpcEnv.setupEndpointRef(RpcEnv.scala:110)
[2025-09-04T19:34:47.581+0000] {spark_submit.py:634} INFO - at org.apache.spark.deploy.client.StandaloneAppClient$ClientEndpoint$$anon$1.run(StandaloneAppClient.scala:110)
[2025-09-04T19:34:47.582+0000] {spark_submit.py:634} INFO - at java.base/java.util.concurrent.Executors$RunnableAdapter.call(Executors.java:539)
[2025-09-04T19:34:47.582+0000] {spark_submit.py:634} INFO - at java.base/java.util.concurrent.FutureTask.run(FutureTask.java:264)
[2025-09-04T19:34:47.582+0000] {spark_submit.py:634} INFO - at java.base/java.util.concurrent.ThreadPoolExecutor.runWorker(ThreadPoolExecutor.java:1136)
[2025-09-04T19:34:47.582+0000] {spark_submit.py:634} INFO - at java.base/java.util.concurrent.ThreadPoolExecutor$Worker.run(ThreadPoolExecutor.java:635)
[2025-09-04T19:34:47.583+0000] {spark_submit.py:634} INFO - at java.base/java.lang.Thread.run(Thread.java:840)
[2025-09-04T19:34:47.583+0000] {spark_submit.py:634} INFO - Caused by: java.lang.RuntimeException: java.io.InvalidClassException: org.apache.spark.rpc.netty.RpcEndpointVerifier$CheckExistence; local class incompatible: stream classdesc serialVersionUID = 5378738997755484868, local class serialVersionUID = 7789290765573734431
[2025-09-04T19:34:47.583+0000] {spark_submit.py:634} INFO - at java.base/java.io.ObjectStreamClass.initNonProxy(ObjectStreamClass.java:597)
[2025-09-04T19:34:47.584+0000] {spark_submit.py:634} INFO - at java.base/java.io.ObjectInputStream.readNonProxyDesc(ObjectInputStream.java:2051)
[2025-09-04T19:34:47.584+0000] {spark_submit.py:634} INFO - at java.base/java.io.ObjectInputStream.readClassDesc(ObjectInputStream.java:1898)
[2025-09-04T19:34:47.584+0000] {spark_submit.py:634} INFO - at java.base/java.io.ObjectInputStream.readOrdinaryObject(ObjectInputStream.java:2224)
[2025-09-04T19:34:47.584+0000] {spark_submit.py:634} INFO - at java.base/java.io.ObjectInputStream.readObject0(ObjectInputStream.java:1733)
[2025-09-04T19:34:47.585+0000] {spark_submit.py:634} INFO - at java.base/java.io.ObjectInputStream.readObject(ObjectInputStream.java:509)
[2025-09-04T19:34:47.585+0000] {spark_submit.py:634} INFO - at java.base/java.io.ObjectInputStream.readObject(ObjectInputStream.java:467)
[2025-09-04T19:34:47.585+0000] {spark_submit.py:634} INFO - at org.apache.spark.serializer.JavaDeserializationStream.readObject(JavaSerializer.scala:87)
[2025-09-04T19:34:47.586+0000] {spark_submit.py:634} INFO - at org.apache.spark.serializer.JavaSerializerInstance.deserialize(JavaSerializer.scala:123)
[2025-09-04T19:34:47.586+0000] {spark_submit.py:634} INFO - at org.apache.spark.rpc.netty.NettyRpcEnv.$anonfun$deserialize$2(NettyRpcEnv.scala:299)
[2025-09-04T19:34:47.586+0000] {spark_submit.py:634} INFO - at scala.util.DynamicVariable.withValue(DynamicVariable.scala:62)
[2025-09-04T19:34:47.587+0000] {spark_submit.py:634} INFO - at org.apache.spark.rpc.netty.NettyRpcEnv.deserialize(NettyRpcEnv.scala:352)
[2025-09-04T19:34:47.587+0000] {spark_submit.py:634} INFO - at org.apache.spark.rpc.netty.NettyRpcEnv.$anonfun$deserialize$1(NettyRpcEnv.scala:298)
[2025-09-04T19:34:47.587+0000] {spark_submit.py:634} INFO - at scala.util.DynamicVariable.withValue(DynamicVariable.scala:62)
[2025-09-04T19:34:47.587+0000] {spark_submit.py:634} INFO - at org.apache.spark.rpc.netty.NettyRpcEnv.deserialize(NettyRpcEnv.scala:298)
[2025-09-04T19:34:47.588+0000] {spark_submit.py:634} INFO - at org.apache.spark.rpc.netty.RequestMessage$.apply(NettyRpcEnv.scala:646)
[2025-09-04T19:34:47.588+0000] {spark_submit.py:634} INFO - at org.apache.spark.rpc.netty.NettyRpcHandler.internalReceive(NettyRpcEnv.scala:697)
[2025-09-04T19:34:47.588+0000] {spark_submit.py:634} INFO - at org.apache.spark.rpc.netty.NettyRpcHandler.receive(NettyRpcEnv.scala:682)
[2025-09-04T19:34:47.588+0000] {spark_submit.py:634} INFO - at org.apache.spark.network.server.TransportRequestHandler.processRpcRequest(TransportRequestHandler.java:163)
[2025-09-04T19:34:47.589+0000] {spark_submit.py:634} INFO - at org.apache.spark.network.server.TransportRequestHandler.handle(TransportRequestHandler.java:109)
[2025-09-04T19:34:47.589+0000] {spark_submit.py:634} INFO - at org.apache.spark.network.server.TransportChannelHandler.channelRead0(TransportChannelHandler.java:140)
[2025-09-04T19:34:47.589+0000] {spark_submit.py:634} INFO - at org.apache.spark.network.server.TransportChannelHandler.channelRead0(TransportChannelHandler.java:53)
[2025-09-04T19:34:47.589+0000] {spark_submit.py:634} INFO - at io.netty.channel.SimpleChannelInboundHandler.channelRead(SimpleChannelInboundHandler.java:99)
[2025-09-04T19:34:47.590+0000] {spark_submit.py:634} INFO - at io.netty.channel.AbstractChannelHandlerContext.invokeChannelRead(AbstractChannelHandlerContext.java:444)
[2025-09-04T19:34:47.590+0000] {spark_submit.py:634} INFO - at io.netty.channel.AbstractChannelHandlerContext.invokeChannelRead(AbstractChannelHandlerContext.java:420)
[2025-09-04T19:34:47.590+0000] {spark_submit.py:634} INFO - at io.netty.channel.AbstractChannelHandlerContext.fireChannelRead(AbstractChannelHandlerContext.java:412)
[2025-09-04T19:34:47.591+0000] {spark_submit.py:634} INFO - at io.netty.handler.timeout.IdleStateHandler.channelRead(IdleStateHandler.java:286)
[2025-09-04T19:34:47.591+0000] {spark_submit.py:634} INFO - at io.netty.channel.AbstractChannelHandlerContext.invokeChannelRead(AbstractChannelHandlerContext.java:442)
[2025-09-04T19:34:47.591+0000] {spark_submit.py:634} INFO - at io.netty.channel.AbstractChannelHandlerContext.invokeChannelRead(AbstractChannelHandlerContext.java:420)
[2025-09-04T19:34:47.591+0000] {spark_submit.py:634} INFO - at io.netty.channel.AbstractChannelHandlerContext.fireChannelRead(AbstractChannelHandlerContext.java:412)
[2025-09-04T19:34:47.592+0000] {spark_submit.py:634} INFO - at io.netty.handler.codec.MessageToMessageDecoder.channelRead(MessageToMessageDecoder.java:103)
[2025-09-04T19:34:47.592+0000] {spark_submit.py:634} INFO - at io.netty.channel.AbstractChannelHandlerContext.invokeChannelRead(AbstractChannelHandlerContext.java:444)
[2025-09-04T19:34:47.592+0000] {spark_submit.py:634} INFO - at io.netty.channel.AbstractChannelHandlerContext.invokeChannelRead(AbstractChannelHandlerContext.java:420)
[2025-09-04T19:34:47.592+0000] {spark_submit.py:634} INFO - at io.netty.channel.AbstractChannelHandlerContext.fireChannelRead(AbstractChannelHandlerContext.java:412)
[2025-09-04T19:34:47.593+0000] {spark_submit.py:634} INFO - at org.apache.spark.network.util.TransportFrameDecoder.channelRead(TransportFrameDecoder.java:102)
[2025-09-04T19:34:47.593+0000] {spark_submit.py:634} INFO - at io.netty.channel.AbstractChannelHandlerContext.invokeChannelRead(AbstractChannelHandlerContext.java:444)
[2025-09-04T19:34:47.593+0000] {spark_submit.py:634} INFO - at io.netty.channel.AbstractChannelHandlerContext.invokeChannelRead(AbstractChannelHandlerContext.java:420)
[2025-09-04T19:34:47.594+0000] {spark_submit.py:634} INFO - at io.netty.channel.AbstractChannelHandlerContext.fireChannelRead(AbstractChannelHandlerContext.java:412)
[2025-09-04T19:34:47.594+0000] {spark_submit.py:634} INFO - at io.netty.channel.DefaultChannelPipeline$HeadContext.channelRead(DefaultChannelPipeline.java:1410)
[2025-09-04T19:34:47.594+0000] {spark_submit.py:634} INFO - at io.netty.channel.AbstractChannelHandlerContext.invokeChannelRead(AbstractChannelHandlerContext.java:440)
[2025-09-04T19:34:47.594+0000] {spark_submit.py:634} INFO - at io.netty.channel.AbstractChannelHandlerContext.invokeChannelRead(AbstractChannelHandlerContext.java:420)
[2025-09-04T19:34:47.595+0000] {spark_submit.py:634} INFO - at io.netty.channel.DefaultChannelPipeline.fireChannelRead(DefaultChannelPipeline.java:919)
[2025-09-04T19:34:47.595+0000] {spark_submit.py:634} INFO - at io.netty.channel.nio.AbstractNioByteChannel$NioByteUnsafe.read(AbstractNioByteChannel.java:166)
[2025-09-04T19:34:47.595+0000] {spark_submit.py:634} INFO - at io.netty.channel.nio.NioEventLoop.processSelectedKey(NioEventLoop.java:788)
[2025-09-04T19:34:47.595+0000] {spark_submit.py:634} INFO - at io.netty.channel.nio.NioEventLoop.processSelectedKeysOptimized(NioEventLoop.java:724)
[2025-09-04T19:34:47.596+0000] {spark_submit.py:634} INFO - at io.netty.channel.nio.NioEventLoop.processSelectedKeys(NioEventLoop.java:650)
[2025-09-04T19:34:47.596+0000] {spark_submit.py:634} INFO - at io.netty.channel.nio.NioEventLoop.run(NioEventLoop.java:562)
[2025-09-04T19:34:47.596+0000] {spark_submit.py:634} INFO - at io.netty.util.concurrent.SingleThreadEventExecutor$4.run(SingleThreadEventExecutor.java:997)
[2025-09-04T19:34:47.596+0000] {spark_submit.py:634} INFO - at io.netty.util.internal.ThreadExecutorMap$2.run(ThreadExecutorMap.java:74)
[2025-09-04T19:34:47.597+0000] {spark_submit.py:634} INFO - at io.netty.util.concurrent.FastThreadLocalRunnable.run(FastThreadLocalRunnable.java:30)
[2025-09-04T19:34:47.597+0000] {spark_submit.py:634} INFO - at java.base/java.lang.Thread.run(Thread.java:840)
[2025-09-04T19:34:47.597+0000] {spark_submit.py:634} INFO - 
[2025-09-04T19:34:47.598+0000] {spark_submit.py:634} INFO - at org.apache.spark.network.client.TransportResponseHandler.handle(TransportResponseHandler.java:217)
[2025-09-04T19:34:47.598+0000] {spark_submit.py:634} INFO - at org.apache.spark.network.server.TransportChannelHandler.channelRead0(TransportChannelHandler.java:145)
[2025-09-04T19:34:47.598+0000] {spark_submit.py:634} INFO - at org.apache.spark.network.server.TransportChannelHandler.channelRead0(TransportChannelHandler.java:55)
[2025-09-04T19:34:47.598+0000] {spark_submit.py:634} INFO - at io.netty.channel.SimpleChannelInboundHandler.channelRead(SimpleChannelInboundHandler.java:99)
[2025-09-04T19:34:47.599+0000] {spark_submit.py:634} INFO - at io.netty.channel.AbstractChannelHandlerContext.invokeChannelRead(AbstractChannelHandlerContext.java:444)
[2025-09-04T19:34:47.599+0000] {spark_submit.py:634} INFO - at io.netty.channel.AbstractChannelHandlerContext.invokeChannelRead(AbstractChannelHandlerContext.java:420)
[2025-09-04T19:34:47.599+0000] {spark_submit.py:634} INFO - at io.netty.channel.AbstractChannelHandlerContext.fireChannelRead(AbstractChannelHandlerContext.java:412)
[2025-09-04T19:34:47.599+0000] {spark_submit.py:634} INFO - at io.netty.handler.timeout.IdleStateHandler.channelRead(IdleStateHandler.java:289)
[2025-09-04T19:34:47.600+0000] {spark_submit.py:634} INFO - at io.netty.channel.AbstractChannelHandlerContext.invokeChannelRead(AbstractChannelHandlerContext.java:442)
[2025-09-04T19:34:47.600+0000] {spark_submit.py:634} INFO - at io.netty.channel.AbstractChannelHandlerContext.invokeChannelRead(AbstractChannelHandlerContext.java:420)
[2025-09-04T19:34:47.600+0000] {spark_submit.py:634} INFO - at io.netty.channel.AbstractChannelHandlerContext.fireChannelRead(AbstractChannelHandlerContext.java:412)
[2025-09-04T19:34:47.600+0000] {spark_submit.py:634} INFO - at io.netty.handler.codec.MessageToMessageDecoder.channelRead(MessageToMessageDecoder.java:107)
[2025-09-04T19:34:47.601+0000] {spark_submit.py:634} INFO - at io.netty.channel.AbstractChannelHandlerContext.invokeChannelRead(AbstractChannelHandlerContext.java:444)
[2025-09-04T19:34:47.601+0000] {spark_submit.py:634} INFO - at io.netty.channel.AbstractChannelHandlerContext.invokeChannelRead(AbstractChannelHandlerContext.java:420)
[2025-09-04T19:34:47.601+0000] {spark_submit.py:634} INFO - at io.netty.channel.AbstractChannelHandlerContext.fireChannelRead(AbstractChannelHandlerContext.java:412)
[2025-09-04T19:34:47.602+0000] {spark_submit.py:634} INFO - at org.apache.spark.network.util.TransportFrameDecoder.channelRead(TransportFrameDecoder.java:102)
[2025-09-04T19:34:47.602+0000] {spark_submit.py:634} INFO - at io.netty.channel.AbstractChannelHandlerContext.invokeChannelRead(AbstractChannelHandlerContext.java:444)
[2025-09-04T19:34:47.602+0000] {spark_submit.py:634} INFO - at io.netty.channel.AbstractChannelHandlerContext.invokeChannelRead(AbstractChannelHandlerContext.java:420)
[2025-09-04T19:34:47.602+0000] {spark_submit.py:634} INFO - at io.netty.channel.AbstractChannelHandlerContext.fireChannelRead(AbstractChannelHandlerContext.java:412)
[2025-09-04T19:34:47.603+0000] {spark_submit.py:634} INFO - at io.netty.channel.DefaultChannelPipeline$HeadContext.channelRead(DefaultChannelPipeline.java:1357)
[2025-09-04T19:34:47.603+0000] {spark_submit.py:634} INFO - at io.netty.channel.AbstractChannelHandlerContext.invokeChannelRead(AbstractChannelHandlerContext.java:440)
[2025-09-04T19:34:47.603+0000] {spark_submit.py:634} INFO - at io.netty.channel.AbstractChannelHandlerContext.invokeChannelRead(AbstractChannelHandlerContext.java:420)
[2025-09-04T19:34:47.604+0000] {spark_submit.py:634} INFO - at io.netty.channel.DefaultChannelPipeline.fireChannelRead(DefaultChannelPipeline.java:868)
[2025-09-04T19:34:47.604+0000] {spark_submit.py:634} INFO - at io.netty.channel.nio.AbstractNioByteChannel$NioByteUnsafe.read(AbstractNioByteChannel.java:166)
[2025-09-04T19:34:47.604+0000] {spark_submit.py:634} INFO - at io.netty.channel.nio.NioEventLoop.processSelectedKey(NioEventLoop.java:796)
[2025-09-04T19:34:47.604+0000] {spark_submit.py:634} INFO - at io.netty.channel.nio.NioEventLoop.processSelectedKeysOptimized(NioEventLoop.java:732)
[2025-09-04T19:34:47.605+0000] {spark_submit.py:634} INFO - at io.netty.channel.nio.NioEventLoop.processSelectedKeys(NioEventLoop.java:658)
[2025-09-04T19:34:47.605+0000] {spark_submit.py:634} INFO - at io.netty.channel.nio.NioEventLoop.run(NioEventLoop.java:562)
[2025-09-04T19:34:47.605+0000] {spark_submit.py:634} INFO - at io.netty.util.concurrent.SingleThreadEventExecutor$4.run(SingleThreadEventExecutor.java:998)
[2025-09-04T19:34:47.605+0000] {spark_submit.py:634} INFO - at io.netty.util.internal.ThreadExecutorMap$2.run(ThreadExecutorMap.java:74)
[2025-09-04T19:34:47.606+0000] {spark_submit.py:634} INFO - at io.netty.util.concurrent.FastThreadLocalRunnable.run(FastThreadLocalRunnable.java:30)
[2025-09-04T19:34:47.606+0000] {spark_submit.py:634} INFO - ... 1 more
[2025-09-04T19:35:07.509+0000] {spark_submit.py:634} INFO - 25/09/04 19:35:07 INFO StandaloneAppClient$ClientEndpoint: Connecting to master spark://spark-master:7077...
[2025-09-04T19:35:07.514+0000] {spark_submit.py:634} INFO - 25/09/04 19:35:07 WARN StandaloneAppClient$ClientEndpoint: Failed to connect to master spark-master:7077
[2025-09-04T19:35:07.515+0000] {spark_submit.py:634} INFO - org.apache.spark.SparkException: Exception thrown in awaitResult:
[2025-09-04T19:35:07.516+0000] {spark_submit.py:634} INFO - at org.apache.spark.util.SparkThreadUtils$.awaitResult(SparkThreadUtils.scala:53)
[2025-09-04T19:35:07.516+0000] {spark_submit.py:634} INFO - at org.apache.spark.util.ThreadUtils$.awaitResult(ThreadUtils.scala:342)
[2025-09-04T19:35:07.516+0000] {spark_submit.py:634} INFO - at org.apache.spark.rpc.RpcTimeout.awaitResult(RpcTimeout.scala:75)
[2025-09-04T19:35:07.517+0000] {spark_submit.py:634} INFO - at org.apache.spark.rpc.RpcEnv.setupEndpointRefByURI(RpcEnv.scala:102)
[2025-09-04T19:35:07.517+0000] {spark_submit.py:634} INFO - at org.apache.spark.rpc.RpcEnv.setupEndpointRef(RpcEnv.scala:110)
[2025-09-04T19:35:07.517+0000] {spark_submit.py:634} INFO - at org.apache.spark.deploy.client.StandaloneAppClient$ClientEndpoint$$anon$1.run(StandaloneAppClient.scala:110)
[2025-09-04T19:35:07.518+0000] {spark_submit.py:634} INFO - at java.base/java.util.concurrent.Executors$RunnableAdapter.call(Executors.java:539)
[2025-09-04T19:35:07.518+0000] {spark_submit.py:634} INFO - at java.base/java.util.concurrent.FutureTask.run(FutureTask.java:264)
[2025-09-04T19:35:07.518+0000] {spark_submit.py:634} INFO - at java.base/java.util.concurrent.ThreadPoolExecutor.runWorker(ThreadPoolExecutor.java:1136)
[2025-09-04T19:35:07.519+0000] {spark_submit.py:634} INFO - at java.base/java.util.concurrent.ThreadPoolExecutor$Worker.run(ThreadPoolExecutor.java:635)
[2025-09-04T19:35:07.519+0000] {spark_submit.py:634} INFO - at java.base/java.lang.Thread.run(Thread.java:840)
[2025-09-04T19:35:07.519+0000] {spark_submit.py:634} INFO - Caused by: java.lang.RuntimeException: java.io.InvalidClassException: org.apache.spark.rpc.netty.RpcEndpointVerifier$CheckExistence; local class incompatible: stream classdesc serialVersionUID = 5378738997755484868, local class serialVersionUID = 7789290765573734431
[2025-09-04T19:35:07.519+0000] {spark_submit.py:634} INFO - at java.base/java.io.ObjectStreamClass.initNonProxy(ObjectStreamClass.java:597)
[2025-09-04T19:35:07.520+0000] {spark_submit.py:634} INFO - at java.base/java.io.ObjectInputStream.readNonProxyDesc(ObjectInputStream.java:2051)
[2025-09-04T19:35:07.520+0000] {spark_submit.py:634} INFO - at java.base/java.io.ObjectInputStream.readClassDesc(ObjectInputStream.java:1898)
[2025-09-04T19:35:07.520+0000] {spark_submit.py:634} INFO - at java.base/java.io.ObjectInputStream.readOrdinaryObject(ObjectInputStream.java:2224)
[2025-09-04T19:35:07.521+0000] {spark_submit.py:634} INFO - at java.base/java.io.ObjectInputStream.readObject0(ObjectInputStream.java:1733)
[2025-09-04T19:35:07.521+0000] {spark_submit.py:634} INFO - at java.base/java.io.ObjectInputStream.readObject(ObjectInputStream.java:509)
[2025-09-04T19:35:07.521+0000] {spark_submit.py:634} INFO - at java.base/java.io.ObjectInputStream.readObject(ObjectInputStream.java:467)
[2025-09-04T19:35:07.521+0000] {spark_submit.py:634} INFO - at org.apache.spark.serializer.JavaDeserializationStream.readObject(JavaSerializer.scala:87)
[2025-09-04T19:35:07.522+0000] {spark_submit.py:634} INFO - at org.apache.spark.serializer.JavaSerializerInstance.deserialize(JavaSerializer.scala:123)
[2025-09-04T19:35:07.522+0000] {spark_submit.py:634} INFO - at org.apache.spark.rpc.netty.NettyRpcEnv.$anonfun$deserialize$2(NettyRpcEnv.scala:299)
[2025-09-04T19:35:07.522+0000] {spark_submit.py:634} INFO - at scala.util.DynamicVariable.withValue(DynamicVariable.scala:62)
[2025-09-04T19:35:07.522+0000] {spark_submit.py:634} INFO - at org.apache.spark.rpc.netty.NettyRpcEnv.deserialize(NettyRpcEnv.scala:352)
[2025-09-04T19:35:07.523+0000] {spark_submit.py:634} INFO - at org.apache.spark.rpc.netty.NettyRpcEnv.$anonfun$deserialize$1(NettyRpcEnv.scala:298)
[2025-09-04T19:35:07.523+0000] {spark_submit.py:634} INFO - at scala.util.DynamicVariable.withValue(DynamicVariable.scala:62)
[2025-09-04T19:35:07.523+0000] {spark_submit.py:634} INFO - at org.apache.spark.rpc.netty.NettyRpcEnv.deserialize(NettyRpcEnv.scala:298)
[2025-09-04T19:35:07.523+0000] {spark_submit.py:634} INFO - at org.apache.spark.rpc.netty.RequestMessage$.apply(NettyRpcEnv.scala:646)
[2025-09-04T19:35:07.524+0000] {spark_submit.py:634} INFO - at org.apache.spark.rpc.netty.NettyRpcHandler.internalReceive(NettyRpcEnv.scala:697)
[2025-09-04T19:35:07.524+0000] {spark_submit.py:634} INFO - at org.apache.spark.rpc.netty.NettyRpcHandler.receive(NettyRpcEnv.scala:682)
[2025-09-04T19:35:07.524+0000] {spark_submit.py:634} INFO - at org.apache.spark.network.server.TransportRequestHandler.processRpcRequest(TransportRequestHandler.java:163)
[2025-09-04T19:35:07.525+0000] {spark_submit.py:634} INFO - at org.apache.spark.network.server.TransportRequestHandler.handle(TransportRequestHandler.java:109)
[2025-09-04T19:35:07.525+0000] {spark_submit.py:634} INFO - at org.apache.spark.network.server.TransportChannelHandler.channelRead0(TransportChannelHandler.java:140)
[2025-09-04T19:35:07.525+0000] {spark_submit.py:634} INFO - at org.apache.spark.network.server.TransportChannelHandler.channelRead0(TransportChannelHandler.java:53)
[2025-09-04T19:35:07.525+0000] {spark_submit.py:634} INFO - at io.netty.channel.SimpleChannelInboundHandler.channelRead(SimpleChannelInboundHandler.java:99)
[2025-09-04T19:35:07.525+0000] {spark_submit.py:634} INFO - at io.netty.channel.AbstractChannelHandlerContext.invokeChannelRead(AbstractChannelHandlerContext.java:444)
[2025-09-04T19:35:07.526+0000] {spark_submit.py:634} INFO - at io.netty.channel.AbstractChannelHandlerContext.invokeChannelRead(AbstractChannelHandlerContext.java:420)
[2025-09-04T19:35:07.526+0000] {spark_submit.py:634} INFO - at io.netty.channel.AbstractChannelHandlerContext.fireChannelRead(AbstractChannelHandlerContext.java:412)
[2025-09-04T19:35:07.526+0000] {spark_submit.py:634} INFO - at io.netty.handler.timeout.IdleStateHandler.channelRead(IdleStateHandler.java:286)
[2025-09-04T19:35:07.526+0000] {spark_submit.py:634} INFO - at io.netty.channel.AbstractChannelHandlerContext.invokeChannelRead(AbstractChannelHandlerContext.java:442)
[2025-09-04T19:35:07.526+0000] {spark_submit.py:634} INFO - at io.netty.channel.AbstractChannelHandlerContext.invokeChannelRead(AbstractChannelHandlerContext.java:420)
[2025-09-04T19:35:07.527+0000] {spark_submit.py:634} INFO - at io.netty.channel.AbstractChannelHandlerContext.fireChannelRead(AbstractChannelHandlerContext.java:412)
[2025-09-04T19:35:07.527+0000] {spark_submit.py:634} INFO - at io.netty.handler.codec.MessageToMessageDecoder.channelRead(MessageToMessageDecoder.java:103)
[2025-09-04T19:35:07.527+0000] {spark_submit.py:634} INFO - at io.netty.channel.AbstractChannelHandlerContext.invokeChannelRead(AbstractChannelHandlerContext.java:444)
[2025-09-04T19:35:07.527+0000] {spark_submit.py:634} INFO - at io.netty.channel.AbstractChannelHandlerContext.invokeChannelRead(AbstractChannelHandlerContext.java:420)
[2025-09-04T19:35:07.528+0000] {spark_submit.py:634} INFO - at io.netty.channel.AbstractChannelHandlerContext.fireChannelRead(AbstractChannelHandlerContext.java:412)
[2025-09-04T19:35:07.528+0000] {spark_submit.py:634} INFO - at org.apache.spark.network.util.TransportFrameDecoder.channelRead(TransportFrameDecoder.java:102)
[2025-09-04T19:35:07.528+0000] {spark_submit.py:634} INFO - at io.netty.channel.AbstractChannelHandlerContext.invokeChannelRead(AbstractChannelHandlerContext.java:444)
[2025-09-04T19:35:07.528+0000] {spark_submit.py:634} INFO - at io.netty.channel.AbstractChannelHandlerContext.invokeChannelRead(AbstractChannelHandlerContext.java:420)
[2025-09-04T19:35:07.529+0000] {spark_submit.py:634} INFO - at io.netty.channel.AbstractChannelHandlerContext.fireChannelRead(AbstractChannelHandlerContext.java:412)
[2025-09-04T19:35:07.529+0000] {spark_submit.py:634} INFO - at io.netty.channel.DefaultChannelPipeline$HeadContext.channelRead(DefaultChannelPipeline.java:1410)
[2025-09-04T19:35:07.529+0000] {spark_submit.py:634} INFO - at io.netty.channel.AbstractChannelHandlerContext.invokeChannelRead(AbstractChannelHandlerContext.java:440)
[2025-09-04T19:35:07.529+0000] {spark_submit.py:634} INFO - at io.netty.channel.AbstractChannelHandlerContext.invokeChannelRead(AbstractChannelHandlerContext.java:420)
[2025-09-04T19:35:07.530+0000] {spark_submit.py:634} INFO - at io.netty.channel.DefaultChannelPipeline.fireChannelRead(DefaultChannelPipeline.java:919)
[2025-09-04T19:35:07.530+0000] {spark_submit.py:634} INFO - at io.netty.channel.nio.AbstractNioByteChannel$NioByteUnsafe.read(AbstractNioByteChannel.java:166)
[2025-09-04T19:35:07.530+0000] {spark_submit.py:634} INFO - at io.netty.channel.nio.NioEventLoop.processSelectedKey(NioEventLoop.java:788)
[2025-09-04T19:35:07.531+0000] {spark_submit.py:634} INFO - at io.netty.channel.nio.NioEventLoop.processSelectedKeysOptimized(NioEventLoop.java:724)
[2025-09-04T19:35:07.531+0000] {spark_submit.py:634} INFO - at io.netty.channel.nio.NioEventLoop.processSelectedKeys(NioEventLoop.java:650)
[2025-09-04T19:35:07.531+0000] {spark_submit.py:634} INFO - at io.netty.channel.nio.NioEventLoop.run(NioEventLoop.java:562)
[2025-09-04T19:35:07.531+0000] {spark_submit.py:634} INFO - at io.netty.util.concurrent.SingleThreadEventExecutor$4.run(SingleThreadEventExecutor.java:997)
[2025-09-04T19:35:07.532+0000] {spark_submit.py:634} INFO - at io.netty.util.internal.ThreadExecutorMap$2.run(ThreadExecutorMap.java:74)
[2025-09-04T19:35:07.532+0000] {spark_submit.py:634} INFO - at io.netty.util.concurrent.FastThreadLocalRunnable.run(FastThreadLocalRunnable.java:30)
[2025-09-04T19:35:07.532+0000] {spark_submit.py:634} INFO - at java.base/java.lang.Thread.run(Thread.java:840)
[2025-09-04T19:35:07.533+0000] {spark_submit.py:634} INFO - 
[2025-09-04T19:35:07.533+0000] {spark_submit.py:634} INFO - at org.apache.spark.network.client.TransportResponseHandler.handle(TransportResponseHandler.java:217)
[2025-09-04T19:35:07.533+0000] {spark_submit.py:634} INFO - at org.apache.spark.network.server.TransportChannelHandler.channelRead0(TransportChannelHandler.java:145)
[2025-09-04T19:35:07.533+0000] {spark_submit.py:634} INFO - at org.apache.spark.network.server.TransportChannelHandler.channelRead0(TransportChannelHandler.java:55)
[2025-09-04T19:35:07.534+0000] {spark_submit.py:634} INFO - at io.netty.channel.SimpleChannelInboundHandler.channelRead(SimpleChannelInboundHandler.java:99)
[2025-09-04T19:35:07.534+0000] {spark_submit.py:634} INFO - at io.netty.channel.AbstractChannelHandlerContext.invokeChannelRead(AbstractChannelHandlerContext.java:444)
[2025-09-04T19:35:07.534+0000] {spark_submit.py:634} INFO - at io.netty.channel.AbstractChannelHandlerContext.invokeChannelRead(AbstractChannelHandlerContext.java:420)
[2025-09-04T19:35:07.535+0000] {spark_submit.py:634} INFO - at io.netty.channel.AbstractChannelHandlerContext.fireChannelRead(AbstractChannelHandlerContext.java:412)
[2025-09-04T19:35:07.535+0000] {spark_submit.py:634} INFO - at io.netty.handler.timeout.IdleStateHandler.channelRead(IdleStateHandler.java:289)
[2025-09-04T19:35:07.535+0000] {spark_submit.py:634} INFO - at io.netty.channel.AbstractChannelHandlerContext.invokeChannelRead(AbstractChannelHandlerContext.java:442)
[2025-09-04T19:35:07.535+0000] {spark_submit.py:634} INFO - at io.netty.channel.AbstractChannelHandlerContext.invokeChannelRead(AbstractChannelHandlerContext.java:420)
[2025-09-04T19:35:07.536+0000] {spark_submit.py:634} INFO - at io.netty.channel.AbstractChannelHandlerContext.fireChannelRead(AbstractChannelHandlerContext.java:412)
[2025-09-04T19:35:07.536+0000] {spark_submit.py:634} INFO - at io.netty.handler.codec.MessageToMessageDecoder.channelRead(MessageToMessageDecoder.java:107)
[2025-09-04T19:35:07.536+0000] {spark_submit.py:634} INFO - at io.netty.channel.AbstractChannelHandlerContext.invokeChannelRead(AbstractChannelHandlerContext.java:444)
[2025-09-04T19:35:07.536+0000] {spark_submit.py:634} INFO - at io.netty.channel.AbstractChannelHandlerContext.invokeChannelRead(AbstractChannelHandlerContext.java:420)
[2025-09-04T19:35:07.537+0000] {spark_submit.py:634} INFO - at io.netty.channel.AbstractChannelHandlerContext.fireChannelRead(AbstractChannelHandlerContext.java:412)
[2025-09-04T19:35:07.537+0000] {spark_submit.py:634} INFO - at org.apache.spark.network.util.TransportFrameDecoder.channelRead(TransportFrameDecoder.java:102)
[2025-09-04T19:35:07.537+0000] {spark_submit.py:634} INFO - at io.netty.channel.AbstractChannelHandlerContext.invokeChannelRead(AbstractChannelHandlerContext.java:444)
[2025-09-04T19:35:07.537+0000] {spark_submit.py:634} INFO - at io.netty.channel.AbstractChannelHandlerContext.invokeChannelRead(AbstractChannelHandlerContext.java:420)
[2025-09-04T19:35:07.537+0000] {spark_submit.py:634} INFO - at io.netty.channel.AbstractChannelHandlerContext.fireChannelRead(AbstractChannelHandlerContext.java:412)
[2025-09-04T19:35:07.538+0000] {spark_submit.py:634} INFO - at io.netty.channel.DefaultChannelPipeline$HeadContext.channelRead(DefaultChannelPipeline.java:1357)
[2025-09-04T19:35:07.538+0000] {spark_submit.py:634} INFO - at io.netty.channel.AbstractChannelHandlerContext.invokeChannelRead(AbstractChannelHandlerContext.java:440)
[2025-09-04T19:35:07.538+0000] {spark_submit.py:634} INFO - at io.netty.channel.AbstractChannelHandlerContext.invokeChannelRead(AbstractChannelHandlerContext.java:420)
[2025-09-04T19:35:07.538+0000] {spark_submit.py:634} INFO - at io.netty.channel.DefaultChannelPipeline.fireChannelRead(DefaultChannelPipeline.java:868)
[2025-09-04T19:35:07.538+0000] {spark_submit.py:634} INFO - at io.netty.channel.nio.AbstractNioByteChannel$NioByteUnsafe.read(AbstractNioByteChannel.java:166)
[2025-09-04T19:35:07.539+0000] {spark_submit.py:634} INFO - at io.netty.channel.nio.NioEventLoop.processSelectedKey(NioEventLoop.java:796)
[2025-09-04T19:35:07.539+0000] {spark_submit.py:634} INFO - at io.netty.channel.nio.NioEventLoop.processSelectedKeysOptimized(NioEventLoop.java:732)
[2025-09-04T19:35:07.539+0000] {spark_submit.py:634} INFO - at io.netty.channel.nio.NioEventLoop.processSelectedKeys(NioEventLoop.java:658)
[2025-09-04T19:35:07.539+0000] {spark_submit.py:634} INFO - at io.netty.channel.nio.NioEventLoop.run(NioEventLoop.java:562)
[2025-09-04T19:35:07.539+0000] {spark_submit.py:634} INFO - at io.netty.util.concurrent.SingleThreadEventExecutor$4.run(SingleThreadEventExecutor.java:998)
[2025-09-04T19:35:07.540+0000] {spark_submit.py:634} INFO - at io.netty.util.internal.ThreadExecutorMap$2.run(ThreadExecutorMap.java:74)
[2025-09-04T19:35:07.540+0000] {spark_submit.py:634} INFO - at io.netty.util.concurrent.FastThreadLocalRunnable.run(FastThreadLocalRunnable.java:30)
[2025-09-04T19:35:07.540+0000] {spark_submit.py:634} INFO - ... 1 more
[2025-09-04T19:35:27.509+0000] {spark_submit.py:634} INFO - 25/09/04 19:35:27 INFO StandaloneAppClient$ClientEndpoint: Connecting to master spark://spark-master:7077...
[2025-09-04T19:35:27.514+0000] {spark_submit.py:634} INFO - 25/09/04 19:35:27 WARN StandaloneAppClient$ClientEndpoint: Failed to connect to master spark-master:7077
[2025-09-04T19:35:27.515+0000] {spark_submit.py:634} INFO - org.apache.spark.SparkException: Exception thrown in awaitResult:
[2025-09-04T19:35:27.515+0000] {spark_submit.py:634} INFO - at org.apache.spark.util.SparkThreadUtils$.awaitResult(SparkThreadUtils.scala:53)
[2025-09-04T19:35:27.516+0000] {spark_submit.py:634} INFO - at org.apache.spark.util.ThreadUtils$.awaitResult(ThreadUtils.scala:342)
[2025-09-04T19:35:27.516+0000] {spark_submit.py:634} INFO - at org.apache.spark.rpc.RpcTimeout.awaitResult(RpcTimeout.scala:75)
[2025-09-04T19:35:27.516+0000] {spark_submit.py:634} INFO - at org.apache.spark.rpc.RpcEnv.setupEndpointRefByURI(RpcEnv.scala:102)
[2025-09-04T19:35:27.516+0000] {spark_submit.py:634} INFO - at org.apache.spark.rpc.RpcEnv.setupEndpointRef(RpcEnv.scala:110)
[2025-09-04T19:35:27.517+0000] {spark_submit.py:634} INFO - at org.apache.spark.deploy.client.StandaloneAppClient$ClientEndpoint$$anon$1.run(StandaloneAppClient.scala:110)
[2025-09-04T19:35:27.517+0000] {spark_submit.py:634} INFO - at java.base/java.util.concurrent.Executors$RunnableAdapter.call(Executors.java:539)
[2025-09-04T19:35:27.517+0000] {spark_submit.py:634} INFO - at java.base/java.util.concurrent.FutureTask.run(FutureTask.java:264)
[2025-09-04T19:35:27.517+0000] {spark_submit.py:634} INFO - at java.base/java.util.concurrent.ThreadPoolExecutor.runWorker(ThreadPoolExecutor.java:1136)
[2025-09-04T19:35:27.518+0000] {spark_submit.py:634} INFO - at java.base/java.util.concurrent.ThreadPoolExecutor$Worker.run(ThreadPoolExecutor.java:635)
[2025-09-04T19:35:27.518+0000] {spark_submit.py:634} INFO - at java.base/java.lang.Thread.run(Thread.java:840)
[2025-09-04T19:35:27.518+0000] {spark_submit.py:634} INFO - Caused by: java.lang.RuntimeException: java.io.InvalidClassException: org.apache.spark.rpc.netty.RpcEndpointVerifier$CheckExistence; local class incompatible: stream classdesc serialVersionUID = 5378738997755484868, local class serialVersionUID = 7789290765573734431
[2025-09-04T19:35:27.518+0000] {spark_submit.py:634} INFO - at java.base/java.io.ObjectStreamClass.initNonProxy(ObjectStreamClass.java:597)
[2025-09-04T19:35:27.519+0000] {spark_submit.py:634} INFO - at java.base/java.io.ObjectInputStream.readNonProxyDesc(ObjectInputStream.java:2051)
[2025-09-04T19:35:27.519+0000] {spark_submit.py:634} INFO - at java.base/java.io.ObjectInputStream.readClassDesc(ObjectInputStream.java:1898)
[2025-09-04T19:35:27.519+0000] {spark_submit.py:634} INFO - at java.base/java.io.ObjectInputStream.readOrdinaryObject(ObjectInputStream.java:2224)
[2025-09-04T19:35:27.519+0000] {spark_submit.py:634} INFO - at java.base/java.io.ObjectInputStream.readObject0(ObjectInputStream.java:1733)
[2025-09-04T19:35:27.520+0000] {spark_submit.py:634} INFO - at java.base/java.io.ObjectInputStream.readObject(ObjectInputStream.java:509)
[2025-09-04T19:35:27.520+0000] {spark_submit.py:634} INFO - at java.base/java.io.ObjectInputStream.readObject(ObjectInputStream.java:467)
[2025-09-04T19:35:27.520+0000] {spark_submit.py:634} INFO - at org.apache.spark.serializer.JavaDeserializationStream.readObject(JavaSerializer.scala:87)
[2025-09-04T19:35:27.520+0000] {spark_submit.py:634} INFO - at org.apache.spark.serializer.JavaSerializerInstance.deserialize(JavaSerializer.scala:123)
[2025-09-04T19:35:27.520+0000] {spark_submit.py:634} INFO - at org.apache.spark.rpc.netty.NettyRpcEnv.$anonfun$deserialize$2(NettyRpcEnv.scala:299)
[2025-09-04T19:35:27.521+0000] {spark_submit.py:634} INFO - at scala.util.DynamicVariable.withValue(DynamicVariable.scala:62)
[2025-09-04T19:35:27.521+0000] {spark_submit.py:634} INFO - at org.apache.spark.rpc.netty.NettyRpcEnv.deserialize(NettyRpcEnv.scala:352)
[2025-09-04T19:35:27.521+0000] {spark_submit.py:634} INFO - at org.apache.spark.rpc.netty.NettyRpcEnv.$anonfun$deserialize$1(NettyRpcEnv.scala:298)
[2025-09-04T19:35:27.521+0000] {spark_submit.py:634} INFO - at scala.util.DynamicVariable.withValue(DynamicVariable.scala:62)
[2025-09-04T19:35:27.522+0000] {spark_submit.py:634} INFO - at org.apache.spark.rpc.netty.NettyRpcEnv.deserialize(NettyRpcEnv.scala:298)
[2025-09-04T19:35:27.522+0000] {spark_submit.py:634} INFO - at org.apache.spark.rpc.netty.RequestMessage$.apply(NettyRpcEnv.scala:646)
[2025-09-04T19:35:27.522+0000] {spark_submit.py:634} INFO - at org.apache.spark.rpc.netty.NettyRpcHandler.internalReceive(NettyRpcEnv.scala:697)
[2025-09-04T19:35:27.522+0000] {spark_submit.py:634} INFO - at org.apache.spark.rpc.netty.NettyRpcHandler.receive(NettyRpcEnv.scala:682)
[2025-09-04T19:35:27.523+0000] {spark_submit.py:634} INFO - at org.apache.spark.network.server.TransportRequestHandler.processRpcRequest(TransportRequestHandler.java:163)
[2025-09-04T19:35:27.523+0000] {spark_submit.py:634} INFO - at org.apache.spark.network.server.TransportRequestHandler.handle(TransportRequestHandler.java:109)
[2025-09-04T19:35:27.523+0000] {spark_submit.py:634} INFO - at org.apache.spark.network.server.TransportChannelHandler.channelRead0(TransportChannelHandler.java:140)
[2025-09-04T19:35:27.523+0000] {spark_submit.py:634} INFO - at org.apache.spark.network.server.TransportChannelHandler.channelRead0(TransportChannelHandler.java:53)
[2025-09-04T19:35:27.524+0000] {spark_submit.py:634} INFO - at io.netty.channel.SimpleChannelInboundHandler.channelRead(SimpleChannelInboundHandler.java:99)
[2025-09-04T19:35:27.524+0000] {spark_submit.py:634} INFO - at io.netty.channel.AbstractChannelHandlerContext.invokeChannelRead(AbstractChannelHandlerContext.java:444)
[2025-09-04T19:35:27.524+0000] {spark_submit.py:634} INFO - at io.netty.channel.AbstractChannelHandlerContext.invokeChannelRead(AbstractChannelHandlerContext.java:420)
[2025-09-04T19:35:27.524+0000] {spark_submit.py:634} INFO - at io.netty.channel.AbstractChannelHandlerContext.fireChannelRead(AbstractChannelHandlerContext.java:412)
[2025-09-04T19:35:27.525+0000] {spark_submit.py:634} INFO - at io.netty.handler.timeout.IdleStateHandler.channelRead(IdleStateHandler.java:286)
[2025-09-04T19:35:27.525+0000] {spark_submit.py:634} INFO - at io.netty.channel.AbstractChannelHandlerContext.invokeChannelRead(AbstractChannelHandlerContext.java:442)
[2025-09-04T19:35:27.525+0000] {spark_submit.py:634} INFO - at io.netty.channel.AbstractChannelHandlerContext.invokeChannelRead(AbstractChannelHandlerContext.java:420)
[2025-09-04T19:35:27.526+0000] {spark_submit.py:634} INFO - at io.netty.channel.AbstractChannelHandlerContext.fireChannelRead(AbstractChannelHandlerContext.java:412)
[2025-09-04T19:35:27.526+0000] {spark_submit.py:634} INFO - at io.netty.handler.codec.MessageToMessageDecoder.channelRead(MessageToMessageDecoder.java:103)
[2025-09-04T19:35:27.526+0000] {spark_submit.py:634} INFO - at io.netty.channel.AbstractChannelHandlerContext.invokeChannelRead(AbstractChannelHandlerContext.java:444)
[2025-09-04T19:35:27.526+0000] {spark_submit.py:634} INFO - at io.netty.channel.AbstractChannelHandlerContext.invokeChannelRead(AbstractChannelHandlerContext.java:420)
[2025-09-04T19:35:27.527+0000] {spark_submit.py:634} INFO - at io.netty.channel.AbstractChannelHandlerContext.fireChannelRead(AbstractChannelHandlerContext.java:412)
[2025-09-04T19:35:27.527+0000] {spark_submit.py:634} INFO - at org.apache.spark.network.util.TransportFrameDecoder.channelRead(TransportFrameDecoder.java:102)
[2025-09-04T19:35:27.527+0000] {spark_submit.py:634} INFO - at io.netty.channel.AbstractChannelHandlerContext.invokeChannelRead(AbstractChannelHandlerContext.java:444)
[2025-09-04T19:35:27.527+0000] {spark_submit.py:634} INFO - at io.netty.channel.AbstractChannelHandlerContext.invokeChannelRead(AbstractChannelHandlerContext.java:420)
[2025-09-04T19:35:27.528+0000] {spark_submit.py:634} INFO - at io.netty.channel.AbstractChannelHandlerContext.fireChannelRead(AbstractChannelHandlerContext.java:412)
[2025-09-04T19:35:27.528+0000] {spark_submit.py:634} INFO - at io.netty.channel.DefaultChannelPipeline$HeadContext.channelRead(DefaultChannelPipeline.java:1410)
[2025-09-04T19:35:27.528+0000] {spark_submit.py:634} INFO - at io.netty.channel.AbstractChannelHandlerContext.invokeChannelRead(AbstractChannelHandlerContext.java:440)
[2025-09-04T19:35:27.528+0000] {spark_submit.py:634} INFO - at io.netty.channel.AbstractChannelHandlerContext.invokeChannelRead(AbstractChannelHandlerContext.java:420)
[2025-09-04T19:35:27.529+0000] {spark_submit.py:634} INFO - at io.netty.channel.DefaultChannelPipeline.fireChannelRead(DefaultChannelPipeline.java:919)
[2025-09-04T19:35:27.529+0000] {spark_submit.py:634} INFO - at io.netty.channel.nio.AbstractNioByteChannel$NioByteUnsafe.read(AbstractNioByteChannel.java:166)
[2025-09-04T19:35:27.529+0000] {spark_submit.py:634} INFO - at io.netty.channel.nio.NioEventLoop.processSelectedKey(NioEventLoop.java:788)
[2025-09-04T19:35:27.529+0000] {spark_submit.py:634} INFO - at io.netty.channel.nio.NioEventLoop.processSelectedKeysOptimized(NioEventLoop.java:724)
[2025-09-04T19:35:27.530+0000] {spark_submit.py:634} INFO - at io.netty.channel.nio.NioEventLoop.processSelectedKeys(NioEventLoop.java:650)
[2025-09-04T19:35:27.530+0000] {spark_submit.py:634} INFO - at io.netty.channel.nio.NioEventLoop.run(NioEventLoop.java:562)
[2025-09-04T19:35:27.530+0000] {spark_submit.py:634} INFO - at io.netty.util.concurrent.SingleThreadEventExecutor$4.run(SingleThreadEventExecutor.java:997)
[2025-09-04T19:35:27.531+0000] {spark_submit.py:634} INFO - at io.netty.util.internal.ThreadExecutorMap$2.run(ThreadExecutorMap.java:74)
[2025-09-04T19:35:27.531+0000] {spark_submit.py:634} INFO - at io.netty.util.concurrent.FastThreadLocalRunnable.run(FastThreadLocalRunnable.java:30)
[2025-09-04T19:35:27.531+0000] {spark_submit.py:634} INFO - at java.base/java.lang.Thread.run(Thread.java:840)
[2025-09-04T19:35:27.531+0000] {spark_submit.py:634} INFO - 
[2025-09-04T19:35:27.532+0000] {spark_submit.py:634} INFO - at org.apache.spark.network.client.TransportResponseHandler.handle(TransportResponseHandler.java:217)
[2025-09-04T19:35:27.532+0000] {spark_submit.py:634} INFO - at org.apache.spark.network.server.TransportChannelHandler.channelRead0(TransportChannelHandler.java:145)
[2025-09-04T19:35:27.532+0000] {spark_submit.py:634} INFO - at org.apache.spark.network.server.TransportChannelHandler.channelRead0(TransportChannelHandler.java:55)
[2025-09-04T19:35:27.532+0000] {spark_submit.py:634} INFO - at io.netty.channel.SimpleChannelInboundHandler.channelRead(SimpleChannelInboundHandler.java:99)
[2025-09-04T19:35:27.533+0000] {spark_submit.py:634} INFO - at io.netty.channel.AbstractChannelHandlerContext.invokeChannelRead(AbstractChannelHandlerContext.java:444)
[2025-09-04T19:35:27.533+0000] {spark_submit.py:634} INFO - at io.netty.channel.AbstractChannelHandlerContext.invokeChannelRead(AbstractChannelHandlerContext.java:420)
[2025-09-04T19:35:27.533+0000] {spark_submit.py:634} INFO - at io.netty.channel.AbstractChannelHandlerContext.fireChannelRead(AbstractChannelHandlerContext.java:412)
[2025-09-04T19:35:27.533+0000] {spark_submit.py:634} INFO - at io.netty.handler.timeout.IdleStateHandler.channelRead(IdleStateHandler.java:289)
[2025-09-04T19:35:27.534+0000] {spark_submit.py:634} INFO - at io.netty.channel.AbstractChannelHandlerContext.invokeChannelRead(AbstractChannelHandlerContext.java:442)
[2025-09-04T19:35:27.534+0000] {spark_submit.py:634} INFO - at io.netty.channel.AbstractChannelHandlerContext.invokeChannelRead(AbstractChannelHandlerContext.java:420)
[2025-09-04T19:35:27.534+0000] {spark_submit.py:634} INFO - at io.netty.channel.AbstractChannelHandlerContext.fireChannelRead(AbstractChannelHandlerContext.java:412)
[2025-09-04T19:35:27.534+0000] {spark_submit.py:634} INFO - at io.netty.handler.codec.MessageToMessageDecoder.channelRead(MessageToMessageDecoder.java:107)
[2025-09-04T19:35:27.534+0000] {spark_submit.py:634} INFO - at io.netty.channel.AbstractChannelHandlerContext.invokeChannelRead(AbstractChannelHandlerContext.java:444)
[2025-09-04T19:35:27.534+0000] {spark_submit.py:634} INFO - at io.netty.channel.AbstractChannelHandlerContext.invokeChannelRead(AbstractChannelHandlerContext.java:420)
[2025-09-04T19:35:27.535+0000] {spark_submit.py:634} INFO - at io.netty.channel.AbstractChannelHandlerContext.fireChannelRead(AbstractChannelHandlerContext.java:412)
[2025-09-04T19:35:27.535+0000] {spark_submit.py:634} INFO - at org.apache.spark.network.util.TransportFrameDecoder.channelRead(TransportFrameDecoder.java:102)
[2025-09-04T19:35:27.535+0000] {spark_submit.py:634} INFO - at io.netty.channel.AbstractChannelHandlerContext.invokeChannelRead(AbstractChannelHandlerContext.java:444)
[2025-09-04T19:35:27.535+0000] {spark_submit.py:634} INFO - at io.netty.channel.AbstractChannelHandlerContext.invokeChannelRead(AbstractChannelHandlerContext.java:420)
[2025-09-04T19:35:27.535+0000] {spark_submit.py:634} INFO - at io.netty.channel.AbstractChannelHandlerContext.fireChannelRead(AbstractChannelHandlerContext.java:412)
[2025-09-04T19:35:27.536+0000] {spark_submit.py:634} INFO - at io.netty.channel.DefaultChannelPipeline$HeadContext.channelRead(DefaultChannelPipeline.java:1357)
[2025-09-04T19:35:27.536+0000] {spark_submit.py:634} INFO - at io.netty.channel.AbstractChannelHandlerContext.invokeChannelRead(AbstractChannelHandlerContext.java:440)
[2025-09-04T19:35:27.536+0000] {spark_submit.py:634} INFO - at io.netty.channel.AbstractChannelHandlerContext.invokeChannelRead(AbstractChannelHandlerContext.java:420)
[2025-09-04T19:35:27.536+0000] {spark_submit.py:634} INFO - at io.netty.channel.DefaultChannelPipeline.fireChannelRead(DefaultChannelPipeline.java:868)
[2025-09-04T19:35:27.536+0000] {spark_submit.py:634} INFO - at io.netty.channel.nio.AbstractNioByteChannel$NioByteUnsafe.read(AbstractNioByteChannel.java:166)
[2025-09-04T19:35:27.537+0000] {spark_submit.py:634} INFO - at io.netty.channel.nio.NioEventLoop.processSelectedKey(NioEventLoop.java:796)
[2025-09-04T19:35:27.537+0000] {spark_submit.py:634} INFO - at io.netty.channel.nio.NioEventLoop.processSelectedKeysOptimized(NioEventLoop.java:732)
[2025-09-04T19:35:27.537+0000] {spark_submit.py:634} INFO - at io.netty.channel.nio.NioEventLoop.processSelectedKeys(NioEventLoop.java:658)
[2025-09-04T19:35:27.537+0000] {spark_submit.py:634} INFO - at io.netty.channel.nio.NioEventLoop.run(NioEventLoop.java:562)
[2025-09-04T19:35:27.537+0000] {spark_submit.py:634} INFO - at io.netty.util.concurrent.SingleThreadEventExecutor$4.run(SingleThreadEventExecutor.java:998)
[2025-09-04T19:35:27.538+0000] {spark_submit.py:634} INFO - at io.netty.util.internal.ThreadExecutorMap$2.run(ThreadExecutorMap.java:74)
[2025-09-04T19:35:27.538+0000] {spark_submit.py:634} INFO - at io.netty.util.concurrent.FastThreadLocalRunnable.run(FastThreadLocalRunnable.java:30)
[2025-09-04T19:35:27.538+0000] {spark_submit.py:634} INFO - ... 1 more
[2025-09-04T19:35:47.510+0000] {spark_submit.py:634} INFO - 25/09/04 19:35:47 WARN StandaloneSchedulerBackend: Application ID is not initialized yet.
[2025-09-04T19:35:47.511+0000] {spark_submit.py:634} INFO - 25/09/04 19:35:47 ERROR StandaloneSchedulerBackend: Application has been killed. Reason: All masters are unresponsive! Giving up.
[2025-09-04T19:35:47.520+0000] {spark_submit.py:634} INFO - 25/09/04 19:35:47 INFO Utils: Successfully started service 'org.apache.spark.network.netty.NettyBlockTransferService' on port 43189.
[2025-09-04T19:35:47.521+0000] {spark_submit.py:634} INFO - 25/09/04 19:35:47 INFO NettyBlockTransferService: Server created on 1d7a6825dc2f:43189
[2025-09-04T19:35:47.523+0000] {spark_submit.py:634} INFO - 25/09/04 19:35:47 INFO BlockManager: Using org.apache.spark.storage.RandomBlockReplicationPolicy for block replication policy
[2025-09-04T19:35:47.539+0000] {spark_submit.py:634} INFO - 25/09/04 19:35:47 INFO BlockManagerMaster: Registering BlockManager BlockManagerId(driver, 1d7a6825dc2f, 43189, None)
[2025-09-04T19:35:47.545+0000] {spark_submit.py:634} INFO - 25/09/04 19:35:47 INFO BlockManagerMasterEndpoint: Registering block manager 1d7a6825dc2f:43189 with 29.8 GiB RAM, BlockManagerId(driver, 1d7a6825dc2f, 43189, None)
[2025-09-04T19:35:47.548+0000] {spark_submit.py:634} INFO - 25/09/04 19:35:47 INFO BlockManagerMaster: Registered BlockManager BlockManagerId(driver, 1d7a6825dc2f, 43189, None)
[2025-09-04T19:35:47.549+0000] {spark_submit.py:634} INFO - 25/09/04 19:35:47 INFO BlockManager: Initialized BlockManager: BlockManagerId(driver, 1d7a6825dc2f, 43189, None)
[2025-09-04T19:35:47.649+0000] {spark_submit.py:634} INFO - 25/09/04 19:35:47 INFO StandaloneSchedulerBackend: SchedulerBackend is ready for scheduling beginning after reached minRegisteredResourcesRatio: 0.0
[2025-09-04T19:35:47.933+0000] {spark_submit.py:634} INFO - 25/09/04 19:35:47 INFO SparkContext: SparkContext is stopping with exitCode 0 from run at <unknown>:0.
[2025-09-04T19:35:47.944+0000] {spark_submit.py:634} INFO - 25/09/04 19:35:47 INFO SparkUI: Stopped Spark web UI at http://1d7a6825dc2f:4040
[2025-09-04T19:35:47.948+0000] {spark_submit.py:634} INFO - 25/09/04 19:35:47 INFO StandaloneSchedulerBackend: Shutting down all executors
[2025-09-04T19:35:47.951+0000] {spark_submit.py:634} INFO - 25/09/04 19:35:47 INFO StandaloneSchedulerBackend$StandaloneDriverEndpoint: Asking each executor to shut down
[2025-09-04T19:35:47.957+0000] {spark_submit.py:634} INFO - 25/09/04 19:35:47 WARN StandaloneAppClient$ClientEndpoint: Drop UnregisterApplication(null) because has not yet connected to master
[2025-09-04T19:35:47.965+0000] {spark_submit.py:634} INFO - 25/09/04 19:35:47 INFO MapOutputTrackerMasterEndpoint: MapOutputTrackerMasterEndpoint stopped!
[2025-09-04T19:35:47.990+0000] {spark_submit.py:634} INFO - 25/09/04 19:35:47 INFO MemoryStore: MemoryStore started with capacity 29.8 GiB
[2025-09-04T19:35:47.991+0000] {spark_submit.py:634} INFO - 25/09/04 19:35:47 INFO MemoryStore: MemoryStore cleared
[2025-09-04T19:35:47.992+0000] {spark_submit.py:634} INFO - 25/09/04 19:35:47 INFO BlockManager: BlockManager stopped
[2025-09-04T19:35:48.004+0000] {spark_submit.py:634} INFO - 25/09/04 19:35:48 INFO BlockManagerMaster: BlockManagerMaster stopped
[2025-09-04T19:35:48.006+0000] {spark_submit.py:634} INFO - 25/09/04 19:35:48 INFO OutputCommitCoordinator$OutputCommitCoordinatorEndpoint: OutputCommitCoordinator stopped!
[2025-09-04T19:35:48.028+0000] {spark_submit.py:634} INFO - 25/09/04 19:35:48 INFO SparkContext: Successfully stopped SparkContext
[2025-09-04T19:35:49.470+0000] {spark_submit.py:634} INFO - Traceback (most recent call last):
[2025-09-04T19:35:49.470+0000] {spark_submit.py:634} INFO - File "/opt/***/dags/spark_app/spark_1.py", line 25, in <module>
[2025-09-04T19:35:49.471+0000] {spark_submit.py:634} INFO - run()
[2025-09-04T19:35:49.471+0000] {spark_submit.py:634} INFO - File "/opt/***/dags/spark_app/spark_1.py", line 4, in run
[2025-09-04T19:35:49.472+0000] {spark_submit.py:634} INFO - spark = SparkSession.builder.appName("ExampleJob111").getOrCreate()
[2025-09-04T19:35:49.472+0000] {spark_submit.py:634} INFO - ^^^^^^^^^^^^^^^^^^^^^^^^^^^^^^^^^^^^^^^^^^^^^^^^^^^^^^^^^^^
[2025-09-04T19:35:49.472+0000] {spark_submit.py:634} INFO - File "/home/***/.local/lib/python3.12/site-packages/pyspark/python/lib/pyspark.zip/pyspark/sql/session.py", line 559, in getOrCreate
[2025-09-04T19:35:49.473+0000] {spark_submit.py:634} INFO - File "/home/***/.local/lib/python3.12/site-packages/pyspark/python/lib/pyspark.zip/pyspark/sql/session.py", line 641, in __init__
[2025-09-04T19:35:49.473+0000] {spark_submit.py:634} INFO - File "/home/***/.local/lib/python3.12/site-packages/pyspark/python/lib/py4j-0.10.9.9-src.zip/py4j/java_gateway.py", line 1627, in __call__
[2025-09-04T19:35:49.473+0000] {spark_submit.py:634} INFO - File "/home/***/.local/lib/python3.12/site-packages/pyspark/python/lib/py4j-0.10.9.9-src.zip/py4j/protocol.py", line 327, in get_return_value
[2025-09-04T19:35:49.474+0000] {spark_submit.py:634} INFO - py4j.protocol.Py4JJavaError: An error occurred while calling None.org.apache.spark.sql.classic.SparkSession.
[2025-09-04T19:35:49.474+0000] {spark_submit.py:634} INFO - : java.lang.IllegalStateException: Cannot call methods on a stopped SparkContext.
[2025-09-04T19:35:49.474+0000] {spark_submit.py:634} INFO - This stopped SparkContext was created at:
[2025-09-04T19:35:49.475+0000] {spark_submit.py:634} INFO - 
[2025-09-04T19:35:49.475+0000] {spark_submit.py:634} INFO - org.apache.spark.api.java.JavaSparkContext.<init>(JavaSparkContext.scala:59)
[2025-09-04T19:35:49.475+0000] {spark_submit.py:634} INFO - java.base/jdk.internal.reflect.NativeConstructorAccessorImpl.newInstance0(Native Method)
[2025-09-04T19:35:49.476+0000] {spark_submit.py:634} INFO - java.base/jdk.internal.reflect.NativeConstructorAccessorImpl.newInstance(NativeConstructorAccessorImpl.java:77)
[2025-09-04T19:35:49.476+0000] {spark_submit.py:634} INFO - java.base/jdk.internal.reflect.DelegatingConstructorAccessorImpl.newInstance(DelegatingConstructorAccessorImpl.java:45)
[2025-09-04T19:35:49.476+0000] {spark_submit.py:634} INFO - java.base/java.lang.reflect.Constructor.newInstanceWithCaller(Constructor.java:500)
[2025-09-04T19:35:49.477+0000] {spark_submit.py:634} INFO - java.base/java.lang.reflect.Constructor.newInstance(Constructor.java:481)
[2025-09-04T19:35:49.477+0000] {spark_submit.py:634} INFO - py4j.reflection.MethodInvoker.invoke(MethodInvoker.java:247)
[2025-09-04T19:35:49.477+0000] {spark_submit.py:634} INFO - py4j.reflection.ReflectionEngine.invoke(ReflectionEngine.java:374)
[2025-09-04T19:35:49.478+0000] {spark_submit.py:634} INFO - py4j.Gateway.invoke(Gateway.java:238)
[2025-09-04T19:35:49.478+0000] {spark_submit.py:634} INFO - py4j.commands.ConstructorCommand.invokeConstructor(ConstructorCommand.java:80)
[2025-09-04T19:35:49.478+0000] {spark_submit.py:634} INFO - py4j.commands.ConstructorCommand.execute(ConstructorCommand.java:69)
[2025-09-04T19:35:49.479+0000] {spark_submit.py:634} INFO - py4j.ClientServerConnection.waitForCommands(ClientServerConnection.java:184)
[2025-09-04T19:35:49.479+0000] {spark_submit.py:634} INFO - py4j.ClientServerConnection.run(ClientServerConnection.java:108)
[2025-09-04T19:35:49.479+0000] {spark_submit.py:634} INFO - java.base/java.lang.Thread.run(Thread.java:840)
[2025-09-04T19:35:49.480+0000] {spark_submit.py:634} INFO - 
[2025-09-04T19:35:49.480+0000] {spark_submit.py:634} INFO - And it was stopped at:
[2025-09-04T19:35:49.480+0000] {spark_submit.py:634} INFO - 
[2025-09-04T19:35:49.481+0000] {spark_submit.py:634} INFO - org.apache.spark.SparkContext$$anon$3.run(SparkContext.scala:2284)
[2025-09-04T19:35:49.481+0000] {spark_submit.py:634} INFO - 
[2025-09-04T19:35:49.481+0000] {spark_submit.py:634} INFO - The currently active SparkContext was created at:
[2025-09-04T19:35:49.482+0000] {spark_submit.py:634} INFO - 
[2025-09-04T19:35:49.482+0000] {spark_submit.py:634} INFO - (No active SparkContext.)
[2025-09-04T19:35:49.482+0000] {spark_submit.py:634} INFO - 
[2025-09-04T19:35:49.483+0000] {spark_submit.py:634} INFO - at org.apache.spark.SparkContext.assertNotStopped(SparkContext.scala:128)
[2025-09-04T19:35:49.483+0000] {spark_submit.py:634} INFO - at org.apache.spark.sql.classic.SparkSession.<init>(SparkSession.scala:124)
[2025-09-04T19:35:49.483+0000] {spark_submit.py:634} INFO - at org.apache.spark.sql.classic.SparkSession.<init>(SparkSession.scala:117)
[2025-09-04T19:35:49.484+0000] {spark_submit.py:634} INFO - at java.base/jdk.internal.reflect.NativeConstructorAccessorImpl.newInstance0(Native Method)
[2025-09-04T19:35:49.484+0000] {spark_submit.py:634} INFO - at java.base/jdk.internal.reflect.NativeConstructorAccessorImpl.newInstance(NativeConstructorAccessorImpl.java:77)
[2025-09-04T19:35:49.484+0000] {spark_submit.py:634} INFO - at java.base/jdk.internal.reflect.DelegatingConstructorAccessorImpl.newInstance(DelegatingConstructorAccessorImpl.java:45)
[2025-09-04T19:35:49.484+0000] {spark_submit.py:634} INFO - at java.base/java.lang.reflect.Constructor.newInstanceWithCaller(Constructor.java:500)
[2025-09-04T19:35:49.485+0000] {spark_submit.py:634} INFO - at java.base/java.lang.reflect.Constructor.newInstance(Constructor.java:481)
[2025-09-04T19:35:49.485+0000] {spark_submit.py:634} INFO - at py4j.reflection.MethodInvoker.invoke(MethodInvoker.java:247)
[2025-09-04T19:35:49.485+0000] {spark_submit.py:634} INFO - at py4j.reflection.ReflectionEngine.invoke(ReflectionEngine.java:374)
[2025-09-04T19:35:49.486+0000] {spark_submit.py:634} INFO - at py4j.Gateway.invoke(Gateway.java:238)
[2025-09-04T19:35:49.486+0000] {spark_submit.py:634} INFO - at py4j.commands.ConstructorCommand.invokeConstructor(ConstructorCommand.java:80)
[2025-09-04T19:35:49.486+0000] {spark_submit.py:634} INFO - at py4j.commands.ConstructorCommand.execute(ConstructorCommand.java:69)
[2025-09-04T19:35:49.487+0000] {spark_submit.py:634} INFO - at py4j.ClientServerConnection.waitForCommands(ClientServerConnection.java:184)
[2025-09-04T19:35:49.487+0000] {spark_submit.py:634} INFO - at py4j.ClientServerConnection.run(ClientServerConnection.java:108)
[2025-09-04T19:35:49.487+0000] {spark_submit.py:634} INFO - at java.base/java.lang.Thread.run(Thread.java:840)
[2025-09-04T19:35:49.488+0000] {spark_submit.py:634} INFO - 
[2025-09-04T19:35:49.655+0000] {spark_submit.py:634} INFO - 25/09/04 19:35:49 INFO ShutdownHookManager: Shutdown hook called
[2025-09-04T19:35:49.656+0000] {spark_submit.py:634} INFO - 25/09/04 19:35:49 INFO ShutdownHookManager: Deleting directory /tmp/spark-ecaa1d71-d921-4cf6-946f-868aaf7c5dd8
[2025-09-04T19:35:49.660+0000] {spark_submit.py:634} INFO - 25/09/04 19:35:49 INFO ShutdownHookManager: Deleting directory /tmp/spark-ecaa1d71-d921-4cf6-946f-868aaf7c5dd8/pyspark-f71d2748-965c-4587-af8e-d05a7d6b2ea9
[2025-09-04T19:35:49.664+0000] {spark_submit.py:634} INFO - 25/09/04 19:35:49 INFO ShutdownHookManager: Deleting directory /tmp/spark-9054ebf0-32a6-4313-9db2-5fb83f07dae5
[2025-09-04T19:35:49.702+0000] {taskinstance.py:3311} ERROR - Task failed with exception
Traceback (most recent call last):
  File "/home/airflow/.local/lib/python3.12/site-packages/airflow/models/taskinstance.py", line 767, in _execute_task
    result = _execute_callable(context=context, **execute_callable_kwargs)
             ^^^^^^^^^^^^^^^^^^^^^^^^^^^^^^^^^^^^^^^^^^^^^^^^^^^^^^^^^^^^^
  File "/home/airflow/.local/lib/python3.12/site-packages/airflow/models/taskinstance.py", line 733, in _execute_callable
    return ExecutionCallableRunner(
           ^^^^^^^^^^^^^^^^^^^^^^^^
  File "/home/airflow/.local/lib/python3.12/site-packages/airflow/utils/operator_helpers.py", line 252, in run
    return self.func(*args, **kwargs)
           ^^^^^^^^^^^^^^^^^^^^^^^^^^
  File "/home/airflow/.local/lib/python3.12/site-packages/airflow/models/baseoperator.py", line 417, in wrapper
    return func(self, *args, **kwargs)
           ^^^^^^^^^^^^^^^^^^^^^^^^^^^
  File "/home/airflow/.local/lib/python3.12/site-packages/airflow/providers/apache/spark/operators/spark_submit.py", line 176, in execute
    self._hook.submit(self.application)
  File "/home/airflow/.local/lib/python3.12/site-packages/airflow/providers/apache/spark/hooks/spark_submit.py", line 560, in submit
    raise AirflowException(
airflow.exceptions.AirflowException: Cannot execute: spark-submit --master spark://spark-master:7077 --num-executors 1 --total-executor-cores 1 --executor-cores 1 --executor-memory 50g --driver-memory 50g --name arrow-spark --verbose --deploy-mode client dags/spark_app/spark_1.py. Error code is: 1.
[2025-09-04T19:35:49.707+0000] {taskinstance.py:1225} INFO - Marking task as FAILED. dag_id=spark_example, task_id=spark_submit_job, run_id=manual__2025-09-04T19:34:40.770582+00:00, execution_date=20250904T193440, start_date=20250904T193442, end_date=20250904T193549
[2025-09-04T19:35:49.720+0000] {taskinstance.py:340} INFO - ::group::Post task execution logs
[2025-09-04T19:35:49.720+0000] {standard_task_runner.py:124} ERROR - Failed to execute job 140 for task spark_submit_job (Cannot execute: spark-submit --master spark://spark-master:7077 --num-executors 1 --total-executor-cores 1 --executor-cores 1 --executor-memory 50g --driver-memory 50g --name arrow-spark --verbose --deploy-mode client dags/spark_app/spark_1.py. Error code is: 1.; 972)
Traceback (most recent call last):
  File "/home/airflow/.local/lib/python3.12/site-packages/airflow/task/task_runner/standard_task_runner.py", line 117, in _start_by_fork
    ret = args.func(args, dag=self.dag)
          ^^^^^^^^^^^^^^^^^^^^^^^^^^^^^
  File "/home/airflow/.local/lib/python3.12/site-packages/airflow/cli/cli_config.py", line 49, in command
    return func(*args, **kwargs)
           ^^^^^^^^^^^^^^^^^^^^^
  File "/home/airflow/.local/lib/python3.12/site-packages/airflow/utils/cli.py", line 116, in wrapper
    return f(*args, **kwargs)
           ^^^^^^^^^^^^^^^^^^
  File "/home/airflow/.local/lib/python3.12/site-packages/airflow/cli/commands/task_command.py", line 483, in task_run
    task_return_code = _run_task_by_selected_method(args, _dag, ti)
                       ^^^^^^^^^^^^^^^^^^^^^^^^^^^^^^^^^^^^^^^^^^^^
  File "/home/airflow/.local/lib/python3.12/site-packages/airflow/cli/commands/task_command.py", line 256, in _run_task_by_selected_method
    return _run_raw_task(args, ti)
           ^^^^^^^^^^^^^^^^^^^^^^^
  File "/home/airflow/.local/lib/python3.12/site-packages/airflow/cli/commands/task_command.py", line 341, in _run_raw_task
    return ti._run_raw_task(
           ^^^^^^^^^^^^^^^^^
  File "/home/airflow/.local/lib/python3.12/site-packages/airflow/utils/session.py", line 97, in wrapper
    return func(*args, session=session, **kwargs)
           ^^^^^^^^^^^^^^^^^^^^^^^^^^^^^^^^^^^^^^
  File "/home/airflow/.local/lib/python3.12/site-packages/airflow/models/taskinstance.py", line 3005, in _run_raw_task
    return _run_raw_task(
           ^^^^^^^^^^^^^^
  File "/home/airflow/.local/lib/python3.12/site-packages/airflow/models/taskinstance.py", line 273, in _run_raw_task
    TaskInstance._execute_task_with_callbacks(
  File "/home/airflow/.local/lib/python3.12/site-packages/airflow/models/taskinstance.py", line 3159, in _execute_task_with_callbacks
    result = self._execute_task(context, task_orig)
             ^^^^^^^^^^^^^^^^^^^^^^^^^^^^^^^^^^^^^^
  File "/home/airflow/.local/lib/python3.12/site-packages/airflow/models/taskinstance.py", line 3183, in _execute_task
    return _execute_task(self, context, task_orig)
           ^^^^^^^^^^^^^^^^^^^^^^^^^^^^^^^^^^^^^^^
  File "/home/airflow/.local/lib/python3.12/site-packages/airflow/models/taskinstance.py", line 767, in _execute_task
    result = _execute_callable(context=context, **execute_callable_kwargs)
             ^^^^^^^^^^^^^^^^^^^^^^^^^^^^^^^^^^^^^^^^^^^^^^^^^^^^^^^^^^^^^
  File "/home/airflow/.local/lib/python3.12/site-packages/airflow/models/taskinstance.py", line 733, in _execute_callable
    return ExecutionCallableRunner(
           ^^^^^^^^^^^^^^^^^^^^^^^^
  File "/home/airflow/.local/lib/python3.12/site-packages/airflow/utils/operator_helpers.py", line 252, in run
    return self.func(*args, **kwargs)
           ^^^^^^^^^^^^^^^^^^^^^^^^^^
  File "/home/airflow/.local/lib/python3.12/site-packages/airflow/models/baseoperator.py", line 417, in wrapper
    return func(self, *args, **kwargs)
           ^^^^^^^^^^^^^^^^^^^^^^^^^^^
  File "/home/airflow/.local/lib/python3.12/site-packages/airflow/providers/apache/spark/operators/spark_submit.py", line 176, in execute
    self._hook.submit(self.application)
  File "/home/airflow/.local/lib/python3.12/site-packages/airflow/providers/apache/spark/hooks/spark_submit.py", line 560, in submit
    raise AirflowException(
airflow.exceptions.AirflowException: Cannot execute: spark-submit --master spark://spark-master:7077 --num-executors 1 --total-executor-cores 1 --executor-cores 1 --executor-memory 50g --driver-memory 50g --name arrow-spark --verbose --deploy-mode client dags/spark_app/spark_1.py. Error code is: 1.
[2025-09-04T19:35:49.734+0000] {local_task_job_runner.py:266} INFO - Task exited with return code 1
[2025-09-04T19:35:49.749+0000] {taskinstance.py:3895} INFO - 0 downstream tasks scheduled from follow-on schedule check
[2025-09-04T19:35:49.751+0000] {local_task_job_runner.py:245} INFO - ::endgroup::
