[2025-01-16T21:34:29.372+0000] {local_task_job_runner.py:123} INFO - ::group::Pre task execution logs
[2025-01-16T21:34:29.390+0000] {taskinstance.py:2613} INFO - Dependencies all met for dep_context=non-requeueable deps ti=<TaskInstance: spark_example.spark_submit_job manual__2025-01-16T21:34:28.111102+00:00 [queued]>
[2025-01-16T21:34:29.399+0000] {taskinstance.py:2613} INFO - Dependencies all met for dep_context=requeueable deps ti=<TaskInstance: spark_example.spark_submit_job manual__2025-01-16T21:34:28.111102+00:00 [queued]>
[2025-01-16T21:34:29.399+0000] {taskinstance.py:2866} INFO - Starting attempt 1 of 1
[2025-01-16T21:34:29.412+0000] {taskinstance.py:2889} INFO - Executing <Task(SparkSubmitOperator): spark_submit_job> on 2025-01-16 21:34:28.111102+00:00
[2025-01-16T21:34:29.419+0000] {warnings.py:112} WARNING - /home/***/.local/lib/python3.12/site-packages/***/task/task_runner/standard_task_runner.py:70: DeprecationWarning: This process (pid=69) is multi-threaded, use of fork() may lead to deadlocks in the child.
  pid = os.fork()

[2025-01-16T21:34:29.420+0000] {standard_task_runner.py:72} INFO - Started process 70 to run task
[2025-01-16T21:34:29.421+0000] {standard_task_runner.py:104} INFO - Running: ['***', 'tasks', 'run', 'spark_example', 'spark_submit_job', 'manual__2025-01-16T21:34:28.111102+00:00', '--job-id', '86', '--raw', '--subdir', 'DAGS_FOLDER/spark_clickhouse_test.py', '--cfg-path', '/tmp/tmpf_u2y7n3']
[2025-01-16T21:34:29.422+0000] {standard_task_runner.py:105} INFO - Job 86: Subtask spark_submit_job
[2025-01-16T21:34:29.463+0000] {task_command.py:467} INFO - Running <TaskInstance: spark_example.spark_submit_job manual__2025-01-16T21:34:28.111102+00:00 [running]> on host 0af6ec46e653
[2025-01-16T21:34:29.539+0000] {taskinstance.py:3132} INFO - Exporting env vars: AIRFLOW_CTX_DAG_OWNER='Smalch' AIRFLOW_CTX_DAG_ID='spark_example' AIRFLOW_CTX_TASK_ID='spark_submit_job' AIRFLOW_CTX_EXECUTION_DATE='2025-01-16T21:34:28.111102+00:00' AIRFLOW_CTX_TRY_NUMBER='1' AIRFLOW_CTX_DAG_RUN_ID='manual__2025-01-16T21:34:28.111102+00:00'
[2025-01-16T21:34:29.540+0000] {taskinstance.py:731} INFO - ::endgroup::
[2025-01-16T21:34:29.550+0000] {base.py:84} INFO - Retrieving connection 'spark'
[2025-01-16T21:34:29.551+0000] {spark_submit.py:473} INFO - Spark-Submit cmd: spark-submit --master spark://spark-master:7077 --executor-memory 25g --driver-memory 25g --name arrow-spark --verbose --deploy-mode client dags/spark_app/spark_1.py
[2025-01-16T21:34:30.836+0000] {spark_submit.py:634} INFO - Using properties file: null
[2025-01-16T21:34:30.949+0000] {spark_submit.py:634} INFO - Parsed arguments:
[2025-01-16T21:34:30.950+0000] {spark_submit.py:634} INFO - master                  spark://spark-master:7077
[2025-01-16T21:34:30.950+0000] {spark_submit.py:634} INFO - remote                  null
[2025-01-16T21:34:30.951+0000] {spark_submit.py:634} INFO - deployMode              client
[2025-01-16T21:34:30.951+0000] {spark_submit.py:634} INFO - executorMemory          25g
[2025-01-16T21:34:30.951+0000] {spark_submit.py:634} INFO - executorCores           null
[2025-01-16T21:34:30.951+0000] {spark_submit.py:634} INFO - totalExecutorCores      null
[2025-01-16T21:34:30.952+0000] {spark_submit.py:634} INFO - propertiesFile          null
[2025-01-16T21:34:30.952+0000] {spark_submit.py:634} INFO - driverMemory            25g
[2025-01-16T21:34:30.952+0000] {spark_submit.py:634} INFO - driverCores             null
[2025-01-16T21:34:30.952+0000] {spark_submit.py:634} INFO - driverExtraClassPath    null
[2025-01-16T21:34:30.952+0000] {spark_submit.py:634} INFO - driverExtraLibraryPath  null
[2025-01-16T21:34:30.953+0000] {spark_submit.py:634} INFO - driverExtraJavaOptions  null
[2025-01-16T21:34:30.953+0000] {spark_submit.py:634} INFO - supervise               false
[2025-01-16T21:34:30.953+0000] {spark_submit.py:634} INFO - queue                   null
[2025-01-16T21:34:30.953+0000] {spark_submit.py:634} INFO - numExecutors            null
[2025-01-16T21:34:30.953+0000] {spark_submit.py:634} INFO - files                   null
[2025-01-16T21:34:30.954+0000] {spark_submit.py:634} INFO - pyFiles                 null
[2025-01-16T21:34:30.954+0000] {spark_submit.py:634} INFO - archives                null
[2025-01-16T21:34:30.954+0000] {spark_submit.py:634} INFO - mainClass               null
[2025-01-16T21:34:30.954+0000] {spark_submit.py:634} INFO - primaryResource         file:/opt/***/dags/spark_app/spark_1.py
[2025-01-16T21:34:30.955+0000] {spark_submit.py:634} INFO - name                    arrow-spark
[2025-01-16T21:34:30.955+0000] {spark_submit.py:634} INFO - childArgs               []
[2025-01-16T21:34:30.955+0000] {spark_submit.py:634} INFO - jars                    null
[2025-01-16T21:34:30.955+0000] {spark_submit.py:634} INFO - packages                null
[2025-01-16T21:34:30.955+0000] {spark_submit.py:634} INFO - packagesExclusions      null
[2025-01-16T21:34:30.956+0000] {spark_submit.py:634} INFO - repositories            null
[2025-01-16T21:34:30.956+0000] {spark_submit.py:634} INFO - verbose                 true
[2025-01-16T21:34:30.956+0000] {spark_submit.py:634} INFO - 
[2025-01-16T21:34:30.956+0000] {spark_submit.py:634} INFO - Spark properties used, including those specified through
[2025-01-16T21:34:30.956+0000] {spark_submit.py:634} INFO - --conf and those from the properties file null:
[2025-01-16T21:34:30.957+0000] {spark_submit.py:634} INFO - (spark.driver.memory,25g)
[2025-01-16T21:34:30.957+0000] {spark_submit.py:634} INFO - 
[2025-01-16T21:34:30.957+0000] {spark_submit.py:634} INFO - 
[2025-01-16T21:34:31.210+0000] {spark_submit.py:634} INFO - Main class:
[2025-01-16T21:34:31.211+0000] {spark_submit.py:634} INFO - org.apache.spark.deploy.PythonRunner
[2025-01-16T21:34:31.211+0000] {spark_submit.py:634} INFO - Arguments:
[2025-01-16T21:34:31.211+0000] {spark_submit.py:634} INFO - file:/opt/***/dags/spark_app/spark_1.py
[2025-01-16T21:34:31.211+0000] {spark_submit.py:634} INFO - null
[2025-01-16T21:34:31.214+0000] {spark_submit.py:634} INFO - Spark config:
[2025-01-16T21:34:31.214+0000] {spark_submit.py:634} INFO - (spark.app.name,arrow-spark)
[2025-01-16T21:34:31.215+0000] {spark_submit.py:634} INFO - (spark.app.submitTime,1737063271191)
[2025-01-16T21:34:31.215+0000] {spark_submit.py:634} INFO - (spark.driver.memory,25g)
[2025-01-16T21:34:31.215+0000] {spark_submit.py:634} INFO - (spark.executor.memory,25g)
[2025-01-16T21:34:31.215+0000] {spark_submit.py:634} INFO - (spark.master,spark://spark-master:7077)
[2025-01-16T21:34:31.216+0000] {spark_submit.py:634} INFO - (spark.submit.deployMode,client)
[2025-01-16T21:34:31.216+0000] {spark_submit.py:634} INFO - (spark.submit.pyFiles,)
[2025-01-16T21:34:31.216+0000] {spark_submit.py:634} INFO - Classpath elements:
[2025-01-16T21:34:31.216+0000] {spark_submit.py:634} INFO - 
[2025-01-16T21:34:31.216+0000] {spark_submit.py:634} INFO - 
[2025-01-16T21:34:31.217+0000] {spark_submit.py:634} INFO - 
[2025-01-16T21:34:32.484+0000] {spark_submit.py:634} INFO - 25/01/16 21:34:32 INFO SparkContext: Running Spark version 3.5.4
[2025-01-16T21:34:32.486+0000] {spark_submit.py:634} INFO - 25/01/16 21:34:32 INFO SparkContext: OS info Linux, 5.10.0-33-cloud-amd64, amd64
[2025-01-16T21:34:32.487+0000] {spark_submit.py:634} INFO - 25/01/16 21:34:32 INFO SparkContext: Java version 17.0.13
[2025-01-16T21:34:32.543+0000] {spark_submit.py:634} INFO - 25/01/16 21:34:32 WARN NativeCodeLoader: Unable to load native-hadoop library for your platform... using builtin-java classes where applicable
[2025-01-16T21:34:32.637+0000] {spark_submit.py:634} INFO - 25/01/16 21:34:32 INFO ResourceUtils: ==============================================================
[2025-01-16T21:34:32.637+0000] {spark_submit.py:634} INFO - 25/01/16 21:34:32 INFO ResourceUtils: No custom resources configured for spark.driver.
[2025-01-16T21:34:32.638+0000] {spark_submit.py:634} INFO - 25/01/16 21:34:32 INFO ResourceUtils: ==============================================================
[2025-01-16T21:34:32.638+0000] {spark_submit.py:634} INFO - 25/01/16 21:34:32 INFO SparkContext: Submitted application: ExampleJob111
[2025-01-16T21:34:32.661+0000] {spark_submit.py:634} INFO - 25/01/16 21:34:32 INFO ResourceProfile: Default ResourceProfile created, executor resources: Map(memory -> name: memory, amount: 25600, script: , vendor: , offHeap -> name: offHeap, amount: 0, script: , vendor: ), task resources: Map(cpus -> name: cpus, amount: 1.0)
[2025-01-16T21:34:32.669+0000] {spark_submit.py:634} INFO - 25/01/16 21:34:32 INFO ResourceProfile: Limiting resource is cpu
[2025-01-16T21:34:32.670+0000] {spark_submit.py:634} INFO - 25/01/16 21:34:32 INFO ResourceProfileManager: Added ResourceProfile id: 0
[2025-01-16T21:34:32.716+0000] {spark_submit.py:634} INFO - 25/01/16 21:34:32 INFO SecurityManager: Changing view acls to: default
[2025-01-16T21:34:32.717+0000] {spark_submit.py:634} INFO - 25/01/16 21:34:32 INFO SecurityManager: Changing modify acls to: default
[2025-01-16T21:34:32.717+0000] {spark_submit.py:634} INFO - 25/01/16 21:34:32 INFO SecurityManager: Changing view acls groups to:
[2025-01-16T21:34:32.718+0000] {spark_submit.py:634} INFO - 25/01/16 21:34:32 INFO SecurityManager: Changing modify acls groups to:
[2025-01-16T21:34:32.718+0000] {spark_submit.py:634} INFO - 25/01/16 21:34:32 INFO SecurityManager: SecurityManager: authentication disabled; ui acls disabled; users with view permissions: default; groups with view permissions: EMPTY; users with modify permissions: default; groups with modify permissions: EMPTY
[2025-01-16T21:34:32.955+0000] {spark_submit.py:634} INFO - 25/01/16 21:34:32 INFO Utils: Successfully started service 'sparkDriver' on port 45871.
[2025-01-16T21:34:32.991+0000] {spark_submit.py:634} INFO - 25/01/16 21:34:32 INFO SparkEnv: Registering MapOutputTracker
[2025-01-16T21:34:33.034+0000] {spark_submit.py:634} INFO - 25/01/16 21:34:33 INFO SparkEnv: Registering BlockManagerMaster
[2025-01-16T21:34:33.059+0000] {spark_submit.py:634} INFO - 25/01/16 21:34:33 INFO BlockManagerMasterEndpoint: Using org.apache.spark.storage.DefaultTopologyMapper for getting topology information
[2025-01-16T21:34:33.062+0000] {spark_submit.py:634} INFO - 25/01/16 21:34:33 INFO BlockManagerMasterEndpoint: BlockManagerMasterEndpoint up
[2025-01-16T21:34:33.072+0000] {spark_submit.py:634} INFO - 25/01/16 21:34:33 INFO SparkEnv: Registering BlockManagerMasterHeartbeat
[2025-01-16T21:34:33.089+0000] {spark_submit.py:634} INFO - 25/01/16 21:34:33 INFO DiskBlockManager: Created local directory at /tmp/blockmgr-859474bd-3e98-4335-8926-2e7018241ebf
[2025-01-16T21:34:33.110+0000] {spark_submit.py:634} INFO - 25/01/16 21:34:33 INFO MemoryStore: MemoryStore started with capacity 14.8 GiB
[2025-01-16T21:34:33.132+0000] {spark_submit.py:634} INFO - 25/01/16 21:34:33 INFO SparkEnv: Registering OutputCommitCoordinator
[2025-01-16T21:34:33.287+0000] {spark_submit.py:634} INFO - 25/01/16 21:34:33 INFO JettyUtils: Start Jetty 0.0.0.0:4040 for SparkUI
[2025-01-16T21:34:33.346+0000] {spark_submit.py:634} INFO - 25/01/16 21:34:33 INFO Utils: Successfully started service 'SparkUI' on port 4040.
[2025-01-16T21:34:33.547+0000] {spark_submit.py:634} INFO - 25/01/16 21:34:33 INFO StandaloneAppClient$ClientEndpoint: Connecting to master spark://spark-master:7077...
[2025-01-16T21:34:33.598+0000] {spark_submit.py:634} INFO - 25/01/16 21:34:33 INFO TransportClientFactory: Successfully created connection to spark-master/172.18.0.4:7077 after 28 ms (0 ms spent in bootstraps)
[2025-01-16T21:34:33.768+0000] {spark_submit.py:634} INFO - 25/01/16 21:34:33 INFO StandaloneSchedulerBackend: Connected to Spark cluster with app ID app-20250116213433-0000
[2025-01-16T21:34:33.786+0000] {spark_submit.py:634} INFO - 25/01/16 21:34:33 INFO Utils: Successfully started service 'org.apache.spark.network.netty.NettyBlockTransferService' on port 33983.
[2025-01-16T21:34:33.790+0000] {spark_submit.py:634} INFO - 25/01/16 21:34:33 INFO NettyBlockTransferService: Server created on 0af6ec46e653:33983
[2025-01-16T21:34:33.796+0000] {spark_submit.py:634} INFO - 25/01/16 21:34:33 INFO BlockManager: Using org.apache.spark.storage.RandomBlockReplicationPolicy for block replication policy
[2025-01-16T21:34:33.810+0000] {spark_submit.py:634} INFO - 25/01/16 21:34:33 INFO BlockManagerMaster: Registering BlockManager BlockManagerId(driver, 0af6ec46e653, 33983, None)
[2025-01-16T21:34:33.811+0000] {spark_submit.py:634} INFO - 25/01/16 21:34:33 INFO BlockManagerMasterEndpoint: Registering block manager 0af6ec46e653:33983 with 14.8 GiB RAM, BlockManagerId(driver, 0af6ec46e653, 33983, None)
[2025-01-16T21:34:33.818+0000] {spark_submit.py:634} INFO - 25/01/16 21:34:33 INFO StandaloneAppClient$ClientEndpoint: Executor added: app-20250116213433-0000/0 on worker-20250116213210-172.18.0.5-34397 (172.18.0.5:34397) with 4 core(s)
[2025-01-16T21:34:33.819+0000] {spark_submit.py:634} INFO - 25/01/16 21:34:33 INFO BlockManagerMaster: Registered BlockManager BlockManagerId(driver, 0af6ec46e653, 33983, None)
[2025-01-16T21:34:33.819+0000] {spark_submit.py:634} INFO - 25/01/16 21:34:33 INFO StandaloneSchedulerBackend: Granted executor ID app-20250116213433-0000/0 on hostPort 172.18.0.5:34397 with 4 core(s), 25.0 GiB RAM
[2025-01-16T21:34:33.836+0000] {spark_submit.py:634} INFO - 25/01/16 21:34:33 INFO BlockManager: Initialized BlockManager: BlockManagerId(driver, 0af6ec46e653, 33983, None)
[2025-01-16T21:34:34.139+0000] {spark_submit.py:634} INFO - 25/01/16 21:34:34 INFO StandaloneAppClient$ClientEndpoint: Executor updated: app-20250116213433-0000/0 is now RUNNING
[2025-01-16T21:34:34.241+0000] {spark_submit.py:634} INFO - 25/01/16 21:34:34 INFO StandaloneSchedulerBackend: SchedulerBackend is ready for scheduling beginning after reached minRegisteredResourcesRatio: 0.0
[2025-01-16T21:34:35.172+0000] {spark_submit.py:634} INFO - 25/01/16 21:34:35 INFO SharedState: Setting hive.metastore.warehouse.dir ('null') to the value of spark.sql.warehouse.dir.
[2025-01-16T21:34:35.183+0000] {spark_submit.py:634} INFO - 25/01/16 21:34:35 INFO SharedState: Warehouse path is 'file:/opt/***/spark-warehouse'.
[2025-01-16T21:34:39.102+0000] {spark_submit.py:634} INFO - 25/01/16 21:34:39 INFO StandaloneSchedulerBackend$StandaloneDriverEndpoint: Registered executor NettyRpcEndpointRef(spark-client://Executor) (172.18.0.5:36246) with ID 0,  ResourceProfileId 0
[2025-01-16T21:34:39.308+0000] {spark_submit.py:634} INFO - 25/01/16 21:34:39 INFO BlockManagerMasterEndpoint: Registering block manager 172.18.0.5:46105 with 14.8 GiB RAM, BlockManagerId(0, 172.18.0.5, 46105, None)
[2025-01-16T21:34:39.902+0000] {spark_submit.py:634} INFO - 25/01/16 21:34:39 INFO ParquetUtils: Using default output committer for Parquet: org.apache.parquet.hadoop.ParquetOutputCommitter
[2025-01-16T21:34:39.931+0000] {spark_submit.py:634} INFO - 25/01/16 21:34:39 INFO FileOutputCommitter: File Output Committer Algorithm version is 1
[2025-01-16T21:34:39.931+0000] {spark_submit.py:634} INFO - 25/01/16 21:34:39 INFO FileOutputCommitter: FileOutputCommitter skip cleanup _temporary folders under output directory:false, ignore cleanup failures: false
[2025-01-16T21:34:39.934+0000] {spark_submit.py:634} INFO - 25/01/16 21:34:39 INFO SQLHadoopMapReduceCommitProtocol: Using user defined output committer class org.apache.parquet.hadoop.ParquetOutputCommitter
[2025-01-16T21:34:39.935+0000] {spark_submit.py:634} INFO - 25/01/16 21:34:39 INFO FileOutputCommitter: File Output Committer Algorithm version is 1
[2025-01-16T21:34:39.935+0000] {spark_submit.py:634} INFO - 25/01/16 21:34:39 INFO FileOutputCommitter: FileOutputCommitter skip cleanup _temporary folders under output directory:false, ignore cleanup failures: false
[2025-01-16T21:34:39.937+0000] {spark_submit.py:634} INFO - 25/01/16 21:34:39 INFO SQLHadoopMapReduceCommitProtocol: Using output committer class org.apache.parquet.hadoop.ParquetOutputCommitter
[2025-01-16T21:34:40.346+0000] {spark_submit.py:634} INFO - 25/01/16 21:34:40 INFO CodeGenerator: Code generated in 314.191688 ms
[2025-01-16T21:34:40.383+0000] {spark_submit.py:634} INFO - 25/01/16 21:34:40 INFO SparkContext: Starting job: parquet at NativeMethodAccessorImpl.java:0
[2025-01-16T21:34:40.400+0000] {spark_submit.py:634} INFO - 25/01/16 21:34:40 INFO DAGScheduler: Got job 0 (parquet at NativeMethodAccessorImpl.java:0) with 2 output partitions
[2025-01-16T21:34:40.400+0000] {spark_submit.py:634} INFO - 25/01/16 21:34:40 INFO DAGScheduler: Final stage: ResultStage 0 (parquet at NativeMethodAccessorImpl.java:0)
[2025-01-16T21:34:40.401+0000] {spark_submit.py:634} INFO - 25/01/16 21:34:40 INFO DAGScheduler: Parents of final stage: List()
[2025-01-16T21:34:40.402+0000] {spark_submit.py:634} INFO - 25/01/16 21:34:40 INFO DAGScheduler: Missing parents: List()
[2025-01-16T21:34:40.425+0000] {spark_submit.py:634} INFO - 25/01/16 21:34:40 INFO DAGScheduler: Submitting ResultStage 0 (MapPartitionsRDD[6] at parquet at NativeMethodAccessorImpl.java:0), which has no missing parents
[2025-01-16T21:34:40.649+0000] {spark_submit.py:634} INFO - 25/01/16 21:34:40 INFO MemoryStore: Block broadcast_0 stored as values in memory (estimated size 213.8 KiB, free 14.8 GiB)
[2025-01-16T21:34:40.714+0000] {spark_submit.py:634} INFO - 25/01/16 21:34:40 INFO MemoryStore: Block broadcast_0_piece0 stored as bytes in memory (estimated size 77.6 KiB, free 14.8 GiB)
[2025-01-16T21:34:40.717+0000] {spark_submit.py:634} INFO - 25/01/16 21:34:40 INFO BlockManagerInfo: Added broadcast_0_piece0 in memory on 0af6ec46e653:33983 (size: 77.6 KiB, free: 14.8 GiB)
[2025-01-16T21:34:40.726+0000] {spark_submit.py:634} INFO - 25/01/16 21:34:40 INFO SparkContext: Created broadcast 0 from broadcast at DAGScheduler.scala:1585
[2025-01-16T21:34:40.764+0000] {spark_submit.py:634} INFO - 25/01/16 21:34:40 INFO DAGScheduler: Submitting 2 missing tasks from ResultStage 0 (MapPartitionsRDD[6] at parquet at NativeMethodAccessorImpl.java:0) (first 15 tasks are for partitions Vector(0, 1))
[2025-01-16T21:34:40.765+0000] {spark_submit.py:634} INFO - 25/01/16 21:34:40 INFO TaskSchedulerImpl: Adding task set 0.0 with 2 tasks resource profile 0
[2025-01-16T21:34:40.829+0000] {spark_submit.py:634} INFO - 25/01/16 21:34:40 INFO TaskSetManager: Starting task 0.0 in stage 0.0 (TID 0) (172.18.0.5, executor 0, partition 0, PROCESS_LOCAL, 9020 bytes)
[2025-01-16T21:34:40.866+0000] {spark_submit.py:634} INFO - 25/01/16 21:34:40 INFO TaskSetManager: Starting task 1.0 in stage 0.0 (TID 1) (172.18.0.5, executor 0, partition 1, PROCESS_LOCAL, 9057 bytes)
[2025-01-16T21:34:41.462+0000] {spark_submit.py:634} INFO - 25/01/16 21:34:41 INFO BlockManagerInfo: Added broadcast_0_piece0 in memory on 172.18.0.5:46105 (size: 77.6 KiB, free: 14.8 GiB)
[2025-01-16T21:34:44.782+0000] {spark_submit.py:634} INFO - 25/01/16 21:34:44 INFO TaskSetManager: Finished task 0.0 in stage 0.0 (TID 0) in 3993 ms on 172.18.0.5 (executor 0) (1/2)
[2025-01-16T21:34:44.785+0000] {spark_submit.py:634} INFO - 25/01/16 21:34:44 INFO TaskSetManager: Finished task 1.0 in stage 0.0 (TID 1) in 3920 ms on 172.18.0.5 (executor 0) (2/2)
[2025-01-16T21:34:44.786+0000] {spark_submit.py:634} INFO - 25/01/16 21:34:44 INFO TaskSchedulerImpl: Removed TaskSet 0.0, whose tasks have all completed, from pool
[2025-01-16T21:34:44.792+0000] {spark_submit.py:634} INFO - 25/01/16 21:34:44 INFO PythonAccumulatorV2: Connected to AccumulatorServer at host: 127.0.0.1 port: 36477
[2025-01-16T21:34:44.800+0000] {spark_submit.py:634} INFO - 25/01/16 21:34:44 INFO DAGScheduler: ResultStage 0 (parquet at NativeMethodAccessorImpl.java:0) finished in 4.345 s
[2025-01-16T21:34:44.804+0000] {spark_submit.py:634} INFO - 25/01/16 21:34:44 INFO DAGScheduler: Job 0 is finished. Cancelling potential speculative or zombie tasks for this job
[2025-01-16T21:34:44.805+0000] {spark_submit.py:634} INFO - 25/01/16 21:34:44 INFO TaskSchedulerImpl: Killing all running tasks in stage 0: Stage finished
[2025-01-16T21:34:44.807+0000] {spark_submit.py:634} INFO - 25/01/16 21:34:44 INFO DAGScheduler: Job 0 finished: parquet at NativeMethodAccessorImpl.java:0, took 4.423645 s
[2025-01-16T21:34:44.810+0000] {spark_submit.py:634} INFO - 25/01/16 21:34:44 INFO FileFormatWriter: Start to commit write Job 91e0bf34-e0ea-43f0-8aa0-4dd2bb5a2a1e.
[2025-01-16T21:34:44.850+0000] {spark_submit.py:634} INFO - 25/01/16 21:34:44 INFO FileFormatWriter: Write Job 91e0bf34-e0ea-43f0-8aa0-4dd2bb5a2a1e committed. Elapsed time: 38 ms.
[2025-01-16T21:34:44.854+0000] {spark_submit.py:634} INFO - 25/01/16 21:34:44 INFO FileFormatWriter: Finished processing stats for write job 91e0bf34-e0ea-43f0-8aa0-4dd2bb5a2a1e.
[2025-01-16T21:34:44.859+0000] {spark_submit.py:634} INFO - ['.ssh', 'config', 'med', '.cache', '.conda', '.docker', 'test', '.local', 'logs', '.profile', '***-webserver.pid', '.bash_logout', '.bash_history', '***', 'dags', '.bashrc', 'webserver_config.py', '.dotnet', '.ipython', '.wget-hsts', '.config', '***.cfg', '.vscode-server', 'plugins']
[2025-01-16T21:34:45.075+0000] {spark_submit.py:634} INFO - Traceback (most recent call last):
[2025-01-16T21:34:45.076+0000] {spark_submit.py:634} INFO - File "/opt/***/dags/spark_app/spark_1.py", line 25, in <module>
[2025-01-16T21:34:45.076+0000] {spark_submit.py:634} INFO - run()
[2025-01-16T21:34:45.076+0000] {spark_submit.py:634} INFO - File "/opt/***/dags/spark_app/spark_1.py", line 10, in run
[2025-01-16T21:34:45.077+0000] {spark_submit.py:634} INFO - df = spark.read.csv(f"{root}/test/df_test.csv", header=True, inferSchema=True)
[2025-01-16T21:34:45.077+0000] {spark_submit.py:634} INFO - ^^^^^^^^^^^^^^^^^^^^^^^^^^^^^^^^^^^^^^^^^^^^^^^^^^^^^^^^^^^^^^^^^^^^^^^^^
[2025-01-16T21:34:45.077+0000] {spark_submit.py:634} INFO - File "/home/***/.local/lib/python3.12/site-packages/pyspark/python/lib/pyspark.zip/pyspark/sql/readwriter.py", line 740, in csv
[2025-01-16T21:34:45.078+0000] {spark_submit.py:634} INFO - File "/home/***/.local/lib/python3.12/site-packages/pyspark/python/lib/py4j-0.10.9.7-src.zip/py4j/java_gateway.py", line 1322, in __call__
[2025-01-16T21:34:45.079+0000] {spark_submit.py:634} INFO - File "/home/***/.local/lib/python3.12/site-packages/pyspark/python/lib/pyspark.zip/pyspark/errors/exceptions/captured.py", line 185, in deco
[2025-01-16T21:34:45.088+0000] {spark_submit.py:634} INFO - pyspark.errors.exceptions.captured.AnalysisException: [PATH_NOT_FOUND] Path does not exist: file:/opt/***/test/df_test.csv.
[2025-01-16T21:34:45.241+0000] {spark_submit.py:634} INFO - 25/01/16 21:34:45 INFO SparkContext: Invoking stop() from shutdown hook
[2025-01-16T21:34:45.241+0000] {spark_submit.py:634} INFO - 25/01/16 21:34:45 INFO SparkContext: SparkContext is stopping with exitCode 0.
[2025-01-16T21:34:45.255+0000] {spark_submit.py:634} INFO - 25/01/16 21:34:45 INFO SparkUI: Stopped Spark web UI at http://0af6ec46e653:4040
[2025-01-16T21:34:45.259+0000] {spark_submit.py:634} INFO - 25/01/16 21:34:45 INFO StandaloneSchedulerBackend: Shutting down all executors
[2025-01-16T21:34:45.259+0000] {spark_submit.py:634} INFO - 25/01/16 21:34:45 INFO StandaloneSchedulerBackend$StandaloneDriverEndpoint: Asking each executor to shut down
[2025-01-16T21:34:45.284+0000] {spark_submit.py:634} INFO - 25/01/16 21:34:45 INFO MapOutputTrackerMasterEndpoint: MapOutputTrackerMasterEndpoint stopped!
[2025-01-16T21:34:45.313+0000] {spark_submit.py:634} INFO - 25/01/16 21:34:45 INFO MemoryStore: MemoryStore cleared
[2025-01-16T21:34:45.314+0000] {spark_submit.py:634} INFO - 25/01/16 21:34:45 INFO BlockManager: BlockManager stopped
[2025-01-16T21:34:45.324+0000] {spark_submit.py:634} INFO - 25/01/16 21:34:45 INFO BlockManagerMaster: BlockManagerMaster stopped
[2025-01-16T21:34:45.325+0000] {spark_submit.py:634} INFO - 25/01/16 21:34:45 INFO OutputCommitCoordinator$OutputCommitCoordinatorEndpoint: OutputCommitCoordinator stopped!
[2025-01-16T21:34:45.353+0000] {spark_submit.py:634} INFO - 25/01/16 21:34:45 INFO SparkContext: Successfully stopped SparkContext
[2025-01-16T21:34:45.353+0000] {spark_submit.py:634} INFO - 25/01/16 21:34:45 INFO ShutdownHookManager: Shutdown hook called
[2025-01-16T21:34:45.353+0000] {spark_submit.py:634} INFO - 25/01/16 21:34:45 INFO ShutdownHookManager: Deleting directory /tmp/spark-7487d7b4-3e80-4177-9f6e-427427896c3a
[2025-01-16T21:34:45.363+0000] {spark_submit.py:634} INFO - 25/01/16 21:34:45 INFO ShutdownHookManager: Deleting directory /tmp/spark-31daf7ed-ac19-4eae-bab7-dd2b00a9584c
[2025-01-16T21:34:45.370+0000] {spark_submit.py:634} INFO - 25/01/16 21:34:45 INFO ShutdownHookManager: Deleting directory /tmp/spark-31daf7ed-ac19-4eae-bab7-dd2b00a9584c/pyspark-5bc1633c-69cd-4918-9d1f-872dc23c4bf5
[2025-01-16T21:34:45.422+0000] {taskinstance.py:3311} ERROR - Task failed with exception
Traceback (most recent call last):
  File "/home/airflow/.local/lib/python3.12/site-packages/airflow/models/taskinstance.py", line 767, in _execute_task
    result = _execute_callable(context=context, **execute_callable_kwargs)
             ^^^^^^^^^^^^^^^^^^^^^^^^^^^^^^^^^^^^^^^^^^^^^^^^^^^^^^^^^^^^^
  File "/home/airflow/.local/lib/python3.12/site-packages/airflow/models/taskinstance.py", line 733, in _execute_callable
    return ExecutionCallableRunner(
           ^^^^^^^^^^^^^^^^^^^^^^^^
  File "/home/airflow/.local/lib/python3.12/site-packages/airflow/utils/operator_helpers.py", line 252, in run
    return self.func(*args, **kwargs)
           ^^^^^^^^^^^^^^^^^^^^^^^^^^
  File "/home/airflow/.local/lib/python3.12/site-packages/airflow/models/baseoperator.py", line 417, in wrapper
    return func(self, *args, **kwargs)
           ^^^^^^^^^^^^^^^^^^^^^^^^^^^
  File "/home/airflow/.local/lib/python3.12/site-packages/airflow/providers/apache/spark/operators/spark_submit.py", line 176, in execute
    self._hook.submit(self.application)
  File "/home/airflow/.local/lib/python3.12/site-packages/airflow/providers/apache/spark/hooks/spark_submit.py", line 560, in submit
    raise AirflowException(
airflow.exceptions.AirflowException: Cannot execute: spark-submit --master spark://spark-master:7077 --executor-memory 25g --driver-memory 25g --name arrow-spark --verbose --deploy-mode client dags/spark_app/spark_1.py. Error code is: 1.
[2025-01-16T21:34:45.427+0000] {taskinstance.py:1225} INFO - Marking task as FAILED. dag_id=spark_example, task_id=spark_submit_job, run_id=manual__2025-01-16T21:34:28.111102+00:00, execution_date=20250116T213428, start_date=20250116T213429, end_date=20250116T213445
[2025-01-16T21:34:45.444+0000] {taskinstance.py:340} INFO - ::group::Post task execution logs
[2025-01-16T21:34:45.444+0000] {standard_task_runner.py:124} ERROR - Failed to execute job 86 for task spark_submit_job (Cannot execute: spark-submit --master spark://spark-master:7077 --executor-memory 25g --driver-memory 25g --name arrow-spark --verbose --deploy-mode client dags/spark_app/spark_1.py. Error code is: 1.; 70)
Traceback (most recent call last):
  File "/home/airflow/.local/lib/python3.12/site-packages/airflow/task/task_runner/standard_task_runner.py", line 117, in _start_by_fork
    ret = args.func(args, dag=self.dag)
          ^^^^^^^^^^^^^^^^^^^^^^^^^^^^^
  File "/home/airflow/.local/lib/python3.12/site-packages/airflow/cli/cli_config.py", line 49, in command
    return func(*args, **kwargs)
           ^^^^^^^^^^^^^^^^^^^^^
  File "/home/airflow/.local/lib/python3.12/site-packages/airflow/utils/cli.py", line 116, in wrapper
    return f(*args, **kwargs)
           ^^^^^^^^^^^^^^^^^^
  File "/home/airflow/.local/lib/python3.12/site-packages/airflow/cli/commands/task_command.py", line 483, in task_run
    task_return_code = _run_task_by_selected_method(args, _dag, ti)
                       ^^^^^^^^^^^^^^^^^^^^^^^^^^^^^^^^^^^^^^^^^^^^
  File "/home/airflow/.local/lib/python3.12/site-packages/airflow/cli/commands/task_command.py", line 256, in _run_task_by_selected_method
    return _run_raw_task(args, ti)
           ^^^^^^^^^^^^^^^^^^^^^^^
  File "/home/airflow/.local/lib/python3.12/site-packages/airflow/cli/commands/task_command.py", line 341, in _run_raw_task
    return ti._run_raw_task(
           ^^^^^^^^^^^^^^^^^
  File "/home/airflow/.local/lib/python3.12/site-packages/airflow/utils/session.py", line 97, in wrapper
    return func(*args, session=session, **kwargs)
           ^^^^^^^^^^^^^^^^^^^^^^^^^^^^^^^^^^^^^^
  File "/home/airflow/.local/lib/python3.12/site-packages/airflow/models/taskinstance.py", line 3005, in _run_raw_task
    return _run_raw_task(
           ^^^^^^^^^^^^^^
  File "/home/airflow/.local/lib/python3.12/site-packages/airflow/models/taskinstance.py", line 273, in _run_raw_task
    TaskInstance._execute_task_with_callbacks(
  File "/home/airflow/.local/lib/python3.12/site-packages/airflow/models/taskinstance.py", line 3159, in _execute_task_with_callbacks
    result = self._execute_task(context, task_orig)
             ^^^^^^^^^^^^^^^^^^^^^^^^^^^^^^^^^^^^^^
  File "/home/airflow/.local/lib/python3.12/site-packages/airflow/models/taskinstance.py", line 3183, in _execute_task
    return _execute_task(self, context, task_orig)
           ^^^^^^^^^^^^^^^^^^^^^^^^^^^^^^^^^^^^^^^
  File "/home/airflow/.local/lib/python3.12/site-packages/airflow/models/taskinstance.py", line 767, in _execute_task
    result = _execute_callable(context=context, **execute_callable_kwargs)
             ^^^^^^^^^^^^^^^^^^^^^^^^^^^^^^^^^^^^^^^^^^^^^^^^^^^^^^^^^^^^^
  File "/home/airflow/.local/lib/python3.12/site-packages/airflow/models/taskinstance.py", line 733, in _execute_callable
    return ExecutionCallableRunner(
           ^^^^^^^^^^^^^^^^^^^^^^^^
  File "/home/airflow/.local/lib/python3.12/site-packages/airflow/utils/operator_helpers.py", line 252, in run
    return self.func(*args, **kwargs)
           ^^^^^^^^^^^^^^^^^^^^^^^^^^
  File "/home/airflow/.local/lib/python3.12/site-packages/airflow/models/baseoperator.py", line 417, in wrapper
    return func(self, *args, **kwargs)
           ^^^^^^^^^^^^^^^^^^^^^^^^^^^
  File "/home/airflow/.local/lib/python3.12/site-packages/airflow/providers/apache/spark/operators/spark_submit.py", line 176, in execute
    self._hook.submit(self.application)
  File "/home/airflow/.local/lib/python3.12/site-packages/airflow/providers/apache/spark/hooks/spark_submit.py", line 560, in submit
    raise AirflowException(
airflow.exceptions.AirflowException: Cannot execute: spark-submit --master spark://spark-master:7077 --executor-memory 25g --driver-memory 25g --name arrow-spark --verbose --deploy-mode client dags/spark_app/spark_1.py. Error code is: 1.
[2025-01-16T21:34:45.456+0000] {local_task_job_runner.py:266} INFO - Task exited with return code 1
[2025-01-16T21:34:45.472+0000] {taskinstance.py:3895} INFO - 0 downstream tasks scheduled from follow-on schedule check
[2025-01-16T21:34:45.473+0000] {local_task_job_runner.py:245} INFO - ::endgroup::
